Node 0: asjbk5x dpc4t6j
Node 1: 18don0w 8kqpivm 9qwfd75 bmfqxzw fete05k in80vml mvn3z4o o8eeofe on7is5l ryacw9n
Node 2: 55d63ly
Node 3: 1niei7a 1saa7g2 84ha3qr awh7zju fq1vlgh i2ku7ry s15m5dy
Node 4: 2u8b1si 7fxebgi aenc5md b8od9sg egtvcii gn4nijy jgbqv0a x5vohe8
Node 5: 1mp3gti dm3h2ou novx1u6
Node 6: 2a023z0 458b18k 48gtqs1 4xtu7th 6np7a4c 7ezbcjr i3bgayw uviewzd
Node 7: 17p99wm daulsns jg1sfn9
Node 8: 02exzry 2lpbjda 641d5gk i0ayifi ippuhm3 ke9a7x1 l0o96lo rielmhj snfxh72 xz0h6w0
Node 9: is6jx1s kulmonx kxm74fx p7x769g
Node 10: boh9pyt td36s77
Node 11: 8g8cfr0 dg9zq9t
Node 12: 7kp0her glikzed
Node 13: cxo76y7 ma3pwbc
Node 14: 64s571k hhxmgfi i3ghb59 xgq0ufj
Node 15: twimj5w wgyvjvu
Node 16: t7pdqoj
Node 17: bvgwdbv eqxlbk4
Node 18: 1vm7mjo
Node 19: 1bh049t
Node 20: fcbhfy1 ncepfox wwkh1lf
Node 21: 85frjmq
Node 22: 14b4bsk 6th84vg kahozd4 nwk1969 o13o10b ozkuo0e xlc6h33
Node 23: r4bw60s
Node 24: odnrg40
Node 25: c3d5p69 ebh8tdh g0ce9m9 l76p2bj w0dqd8y
Node 26: xxao247
Node 27: 7qgtxde
Node 28: 9br1v4e gbdt9c5
Node 29: jfojtl1
Node 30: 97irko9
Node 31: rzlejmy
Node 32: dfiyv4r w5t4op7 xze9i1z
Node 33: loc2bg8
Node 34: qzwtb7e
Node 35: hvweynb
Node 36: qbch3do
Node 37: u7e7vrh
Node 38: ydszz9w
Node 39: crn9519
Node 40: bo06q00 tbjxcod
Node 41: 814k55s u9qn96x
Node 42: aq44aig jxw0tog
Node 43: 212u0t6
Node 44: 4bac8om ub0inxe
Node 45: ovl0g3u
Node 46: jjxtr06
Node 47: gds4uoy
Node 48: wvfaz5p
Node 49: vr0v3kv
Node 50: po85e63
Node 51: 5qx8b6o
Node 52: oke8caa
Node 53: fvbvxqi
Node 54: z9wrdn6
Node 55: 2975zvz
Node 56: 14vxcyv
Node 57: 3pk3518
Node 58: vayer9c
Node 59: 88xmpzi
Node 60: 0ag1ujv
Node 61: j5nwc4o
Node 62: ln2asoe
Node 63: g9h6qxa
Node 64: j9jpzc3
Node 65: hucquky
Node 66: ouogcfy

Node 0: 45hjn6d
Node 1: n6w1odp zidhbh7
Node 2: 65kew5t pyf9014
Node 3: jwbu74u km3gg6u mz20z6u n70j8nx
Node 4: 4amhaqj fle7qb0
Node 5: 8qbds59 93flun2 v2yruql
Node 6: 3qjwu8t
Node 7: 1um97p1 8pkttdi b9fpyeq d2syywx hhwck84 nvrflg2 t5joett xc33g90
Node 8: 41plks9 76y9z1m cwjuz2t e365hbx kecssf6 rszit2d znu6r73
Node 9: 32pszwx
Node 10: cpuk978
Node 11: btinglm
Node 12: mpf9adp
Node 13: 1c697mp 7s6hqvx 967ea6f d3h4mqv mxxvskt t6rs25b
Node 14: flgi9vr
Node 15: dd9o5ma iwsp7k2
Node 16: fmgymzs
Node 17: w9jahli
Node 18: 3e8dy8a 3z7glgq euqvo1a pwu4dkg
Node 19: idntkju
Node 20: 6bjamc7 tve8hul
Node 21: 3meu71a cojywbv
Node 22: n6w50c7
Node 23: ekrnt5f uehsydw
Node 24: i3fbdrg
Node 25: 6k2go37 wrj5ww1
Node 26: c2pqp19
Node 27: gs4rkfr
Node 28: 85sz8co 98yvfnx
Node 29: qi13svf
Node 30: tq8husi
Node 31: 9ze0qau
Node 32: ez41d2w
Node 33: aiqc8j7
Node 34: 7g1x5r0
Node 35: 3mtxl8w kvnfs31 n719dnr pu7t440
Node 36: oc8iv5z
Node 37: ccimwsi t7pccik yfugopr
Node 38: bdr3ha0
Node 39: ldq6f5r
Node 40: cfzgm80
Node 41: coa83db
Node 42: y21gb8o
Node 43: icxfw7l
Node 44: 75b47sb
Node 45: 2m3n0s9
Node 46: 4qnnufq
Node 47: dtfblti
Node 48: 8hmuojw
Node 49: swnd777
Node 50: 3hjxrsp dhemsmx
Node 51: yq8qtfs
Node 52: zd3mks4
Node 53: 6725c2p
Node 54: 6ag55rf
Node 55: u6q0tbg
Node 56: jye7klh
Node 57: iahk8mm
Node 58:
Node 59: xay7ssf
Node 60: 3lti9fy
Node 61: aljhwbe
Node 62: qnvaa6c
Node 63: kywzwd0
Node 64: jottyel

Node 0: s5s168v
Node 1: 2haclqq 5k92u5x ejb5yxa irb7nh4 wnbl007
Node 2: tayjdgg z08nxi7
Node 3:
Node 4: rusaer0
Node 5: 4hb9qtz

Node 0: 6zexnv1 a23h9wy jj32pyh u82zco1 xx4ttl5
Node 1: 26d6xg4
Node 2: qqs19az
Node 3: 1iv5tgj 25svomj 2jkvwjw 3336ty1 8hore7h d9it19j i1t3wb4 l32tp5n o6lmvv0 pcdbzg5 ppwrxn2 xp1zjh9 zqgw38o
Node 4: 82ceuxx 9maesd9 csp5bid ejwxzhc nqm3w2n
Node 5: 2if1sz7 3k5x6jn 8542bwr fu87r3a grdvfd6 hldirs0 iqms24q l3ab9mv wrbjow1
Node 6: 7mvgogf
Node 7: 0dz1qeo v7lhk0e
Node 8: 34yfg38 axcgqur uk3t6at
Node 9: jk4kwiq ukq4icx
Node 10: 0zknn67 y7idyju
Node 11: 4wjazvd tsqy8su
Node 12: 172vhu7 a15mil9 lqa8n85
Node 13: cdhq8lg kw9hfwn
Node 14: wj8min1
Node 15: svyi6zw
Node 16: 5zqvuvx
Node 17: 615gpit 85vstyb kbhr2wg ly24ekw rzo14n2 u2f6pjh
Node 18: a2e1dsp o6lvogy u0mw4xj
Node 19: g047lr4 sb1h1en
Node 20: t4oawzg
Node 21: 49dqviv dudazsb ep3pjp9 wtwd0kq
Node 22: 8xj1dax an63pci
Node 23: hjqc72n o0alu4z
Node 24: yslxbg8
Node 25: 2ou90gw
Node 26: ooyjllo
Node 27: nnbfn33
Node 28: 2ejh91b gpjxs17
Node 29: 9c0ebi6
Node 30: engtfp3
Node 31: ewie7cd
Node 32: dnilu64
Node 33: wwainqg
Node 34: 1hjvjj1
Node 35: ucxixzl
Node 36: upm7p32
Node 37: 7u9pi3m p4lgq6g
Node 38: 44iugwk
Node 39: cel1o5c
Node 40: hy378x5
Node 41: bazl2fp iyyfxbk
Node 42: 17kwbb7
Node 43: 83oqeju y69v3wu
Node 44: pgy8txx
Node 45: o0zbxy3
Node 46: qi18dh0
Node 47: vcz4sev
Node 48: pnan0qn
Node 49: krud2pg
Node 50: tg6v13w
Node 51: 8mvu2dk

Node 0: 4ju4psa 9tjv80h c0lbu02 miffk8u wsdxh72 xkfetg6
Node 1: oqr0n68
Node 2: npki4kk
Node 3: 3da9ih2 hn3cvpq
Node 4: 8u7omvp e7xgqmi l25xaf9 tto5ist ul5y7lv v2py9a1
Node 5: 6u4ouuj q74oq9p
Node 6: ikk6cyi
Node 7: 1js3fsg
Node 8: 84lx18v
Node 9: tuuzjir
Node 10: 75q2elb
Node 11: 9z99vu7
Node 12: w09xtf6
Node 13: 12ldmlo

Node 0: gh4hgmu l209krq nj2ksa9 nqshshu oxzzdwq
Node 1: 51gns33 8aejpl8 9om1qeb qihi28a rpn5dqy x0njji7
Node 2: t0htzv3
Node 3: 3iklart m2ofo0d ux38rck vstzhoj weuf1wf
Node 4: pslkyjm
Node 5: k0mazup r1xhr3l
Node 6: 1omz5mg jols9w4
Node 7: 3evou4x feqgnvh qxw5qur rgmcrh8 uxqq0xr yc769fs z1frpd3
Node 8: kz8iksv
Node 9: ch8d9xs
Node 10: ubm1hl3
Node 11: q83vvix
Node 12: ef3qgpe
Node 13: 8hu7ala
Node 14: zq3d70t
Node 15: 16z7kzs fmo6wnf ojx3unc y1fscyc
Node 16: nptwwph
Node 17: mo3p4hw
Node 18: ak0udf6

Node 0: 2mm9zvo 3vimcre 5mt1k4b 8ly9hbh 9jyw971 c7454l5 d8zuq2h oz2g6sm ubl379p wzwwbp4 zdisqpx
Node 1: 973x78i yi6vllc
Node 2: af1oio3
Node 3: rlq9f23
Node 4: o3yvx9m odyhxbb
Node 5: v54m961 yj3dciw
Node 6: 7tdzduj
Node 7: m6mbw8n
Node 8: upbgl6q
Node 9: 505fnvy
Node 10: 555qi48
Node 11: sh7py1g
Node 12: 9rbg1nz
Node 13: mjc1n48
Node 14: 1v068g3
Node 15: 9i2j85w
Node 16: xxcvxpa
Node 17: f47xxmi
Node 18: 8aj8oib
Node 19: mbkapwj
Node 20: 91yb3lu

Node 0: 1sow7zp ecz84jo f1kpa8c vmifmqs
Node 1: 00mr5bo 5qzp794 gb7bg4h
Node 2: muic8dx
Node 3: 0c4yc6a wgxclo8 xxlxuid
Node 4: eiakxg7
Node 5: 51foo5h
Node 6:
Node 7: 183ixtv
Node 8: lv5n57v
Node 9: v6qxoay
Node 10: ghovg8b
Node 11: tbnxioa
Node 12: buqz4of
Node 13:
Node 14: nqi4fxj
Node 15: jddzdgg o6lyess

Node 0: 202fdmz 3kpda6t 4lz2a9y albepg2 awnoeti ay7nle9 bhkd594 e3xf0ol eyokzeb iz74adr lvy0wmj mgu3i3h plv8w9x qi69zdc qn2ucyi qsjzd1d qxk6vgt urffvp4 vv7hebr wqoabsu wqoawoc
Node 1: 7o8n1fp
Node 2: i2eqyi9
Node 3: oo99c0s q18p3fd
Node 4: 9gm41r7 gnvm89p
Node 5: 4pv3uvt s54xr9j
Node 6: ce2istd
Node 7: bhdqhg4
Node 8: nel8ro6
Node 9: 49qjtqu fr1k095 tbks6bb
Node 10: 15sm3tr iel3f93 uz5ialj
Node 11: 0x2arz8
Node 12: 2zhsa34
Node 13: y3qu6gl
Node 14: vxliao1
Node 15: mevl8rc
Node 16: fokfcb9
Node 17: xj84ose
Node 18: 2ge23oa d9wo39l i4ohb94
Node 19: r21lpk0
Node 20: 31w1jnm 7zuehd2 bke1jpa lizhh44 qjiws1k
Node 21: 32yubwd jhkxpum
Node 22: xrqu7p6
Node 23: 4tsijf7 9b5cxqk qjxz4iw
Node 24: v1xg5ze
Node 25: ls6jkkg z0v923m
Node 26: utj9vcm
Node 27: ucnn2bo
Node 28: rg3y98i
Node 29: 62e8zwn

Node 0: 5om4we7
Node 1: fgnvtr1 izjx1i0 jyr9566
Node 2: 3lplckm 61ftwl1
Node 3: 8yw455l hqny26q mn74vv9
Node 4: g1wp4yn nb3hnqh
Node 5: 3xns5d2 6jxgy2c
Node 6: 1du2bkx hnc51xg ufuxh7v
Node 7: 8jms0qf 9wc8jy9 pvpnq2n
Node 8: bujq6fv qmbfymd
Node 9: az5jpyo w1vdbzd
Node 10: k3zox9m
Node 11: 0ajilo8 ovxuuxl
Node 12: 10dd5y2
Node 13: d22u0yw
Node 14: thd7pys
Node 15: z54t128
Node 16:
Node 17: sp3eac1 vmmaneo
Node 18: 7uqbabt
Node 19: ze220j3
Node 20: b64pnt6

Node 0: 0qkdi71 2y0jsbr 4wtnf7g 6gz91w8 9p5sk92 avul0b2 dn9fday ds51mw6 ew2fuqe f1ufxfp jbzckrz o0cqw7e osby3o6 wlw10n3 yd6780i yslsq2i
Node 1: 4nl197r 5d0jc5y eke95ub g4fgvpn na6250i q2yoobo
Node 2: d34iu6r
Node 3: txeu880
Node 4: 5cavdvv i4nx2qk kqjsdww o09os3g ry9f2iu
Node 5: 0eub6oc gafczfg r19th9i wlpff03
Node 6: z50jq36
Node 7: sdad88t
Node 8: v99y5pp
Node 9: 2glf647
Node 10: jx2tbvb
Node 11: q5bomj2
Node 12: bt78586
Node 13: ts9r2rk
Node 14: s3jp4ca
Node 15: 5rzhiys o40h6oq
Node 16: 6pjoiab
Node 17: 4lnivpo
Node 18: j7172sd
Node 19: jt8ox3p
Node 20: 3db6g10
Node 21: l18jmlz
Node 22: kflk8pq
Node 23:
Node 24: vfvugix
Node 25: nck9xhw

Node 0: 0gpawy2 0qzxs05 5mae3bf 5xdn3d3 7ml8au0 7p0lcic 86h5x1n a292lth auaeafd b9rg05g cwnc2h7 lmmfsh5 m65bek2 spbuuqy xopgmsm
Node 1: 1h8ckn0 jalgaem xnpo55i
Node 2: 6ftay1f
Node 3: ikt22dx
Node 4: 1w559cs 3aruof8 6x6kq63 hgqo7si mc3473c
Node 5: jawnvej ml1cod6 xz8ge6a
Node 6: 6uec12i uq2vigr
Node 7: bpuwqm0
Node 8: hatkejr kxpqq3q le7hw1c
Node 9: 1gkahcg 6e1scpb zucv4hr
Node 10: 49lyllf 9px712m bgy65mi
Node 11: 1on6cik
Node 12: hlmozux x29vdpu
Node 13: c7bo0fw rmabmkl w2jsumq
Node 14: hmwe8ze
Node 15: 2gbthwn fer8m9q hemvhmi hlepdd8 i7evkvf l42r94z psixyn1 psqxs1c tyw11f1
Node 16: 6jngvj9 dscl8rg
Node 17: 8p3if4e
Node 18: izmwfxt
Node 19: xm0bceg
Node 20: b25o9bh n2zadvi ygenmro
Node 21: xmpagw8
Node 22: msvv7rl
Node 23: g7mpc75
Node 24: pv4t32e
Node 25: zeao7ce
Node 26: gt7zg2t
Node 27: neuagk2
Node 28: gmx4ey4
Node 29: 76nr5p4
Node 30: vq4ecf3 y9tbuor
Node 31:
Node 32: nxphs46
Node 33: uomdxe2
Node 34: f5cybsc
Node 35: jcui7f7
Node 36: thw82fj
Node 37: fm6vqcc
Node 38: bhyovky
Node 39: eibizwf
Node 40: 7aobmx0
Node 41: 3twnnqh

Node 0: 17eia2r 3zhuddb 5wbiltr e8ihcxk o6ky5f1 p0n7juv rh3ntc0 wsi55u7
Node 1: gpaxfx2 kjdwcky lmsyka9 nhfkok4 r2450iy s0ncmin
Node 2: 0asj6n9 5920ftr ds8h3fn e57tcam i6kpweq izhbjlf lr9sh5i m38wk7v moohqkf n4ykn3b vpdrlhh
Node 3: xhwgece
Node 4: 8lopv0g s5b5bd3
Node 5: 3a2mbao
Node 6: cszxorf nc57a0e
Node 7: 0boxk4o 41hfbap vzb1wyf ysdrokg
Node 8: 0i5mbv2 1k79nfl 8ea3n0w 9xkra6w kyr1swn oru0qob tr8f51d vbch9wx x1cq6og xv81mfc
Node 9: 4nadu0b imk6crt t01ptqy
Node 10: 1mo6vfn
Node 11: ojzc8l8
Node 12:
Node 13: 3l93qn0
Node 14: daynfef
Node 15: 474gyi4 akbwm2c pm23lu7 v1d0jy8
Node 16: 40rjpwx
Node 17: 8m3kteq 9c2zqi6
Node 18: llshgqx
Node 19: 7lv0cgb 7n443ct lnpnkl4
Node 20: htjb4db
Node 21: c1ep112
Node 22: qnvw66n
Node 23: o38jsse
Node 24: kkmpzuk rs937lo
Node 25: mhn4jzh
Node 26: fh8f83z
Node 27: d204ixk
Node 28: i0sl6c1
Node 29: jgwr7pq
Node 30: 1qhqqp0
Node 31: 0hdvhxo
Node 32:
Node 33: 5jt199h
Node 34: 67v4q1w dlctq7x
Node 35: o48zbys
Node 36: jjeiv82
Node 37: u04ljoz
Node 38: fpf57ay fy5ui01
Node 39: ezcxmwt
Node 40: tz6n6g4
Node 41: 1vdn79h
Node 42: 00nidxh
Node 43: t63qacg

Node 0: latkyf4 xjht52f
Node 1: qde45oo
Node 2: 2l54q9i
Node 3: 5g6bsp3 ik7pfjs sot75z7
Node 4: wjm185m
Node 5: e0veswl
Node 6: ivgs4kh
Node 7: ylochza
Node 8: 3kzjc5v 72isfbv asgv942 kpwgcsu v5ncapm
Node 9: 5vl4nnl f8sflxz znnr84x
Node 10: lgk678e
Node 11: 9602hv3
Node 12: omd9cby
Node 13: ecxwlc9
Node 14: 0j1ds5y f57q0s7

Node 0: 0wv1i6k ini9iz6 kxmykhr noa3wol q0iuj7j
Node 1: 78prouy n0xgpfg uxh6c6y wau7atb wocl141 y4hiy3t
Node 2: 42s0h6l erandxh hcptdye rngeq9o
Node 3: cozcneq
Node 4: 0vh3kq2 gkt1g0q h28fq58 he13ffp ldac4sa mzvk3nh n6twgbj nhymx4n vrq9odd xyg2t1a
Node 5: 1cv95bk ursic9q wsqpi23
Node 6: juoxnlb
Node 7: exw7jsg fcz5f4t i0g92kg
Node 8: 5161nhb
Node 9: 1mpharx
Node 10: 6gu1flr n6l4hxt
Node 11: 5a7vql0 hdyjps8
Node 12: gov89s8
Node 13: idgbxg4
Node 14: 421xs90 xot2hnc
Node 15: 68tdtba
Node 16: vpp0uqp
Node 17: 20cy3ph 32qf9xw
Node 18: fk5mnob
Node 19: zes98bp
Node 20: n6ugkyi
Node 21: sc417fw
Node 22: 9q4zseg jf44g9e nma1xuq qxjw6z1
Node 23: lht0cgj pgslvhr
Node 24: v5caxvx
Node 25: 71z5p3b yu78keg
Node 26: dn9jz1d j29m846
Node 27: sg9az8w
Node 28: l23178i
Node 29: ewx8j95
Node 30: qnpoq4v
Node 31: nlfcjq2
Node 32: udgp28f
Node 33: ms2ouk9
Node 34: grocp3h
Node 35: y7cf7ua
Node 36: m6zgisy
Node 37: ggdwsbh
Node 38: 38qf9pm
Node 39: e2li8yw
Node 40: xhxtcyj
Node 41: u5iuuh4
Node 42: 3e5y91x
Node 43: ixmiwt0 n3coaif
Node 44: xhejbm2
Node 45: 6ertr2r an77sm4
Node 46: zcjtm7g
Node 47: kughtd3
Node 48: gms4hkq
Node 49: diic7ov
Node 50: eetlkfe
Node 51: 37kcl7i

Node 0: 5px6xey cn31vf5 kn5z3ju l1scw9k oas2m3l slu5nbg
Node 1: cfobvpg
Node 2:
Node 3: cukti0w sith9er sl518bq
Node 4: dwoe0z6
Node 5: wgwk4yz
Node 6: 3e5eukc drwhpbq xsdiqxz
Node 7: 528arr3 knkzj5u simoa1b t6l73fo usfqxtb vuer7pz
Node 8: 08bw1v8 12us69v
Node 9: xlbtxqk
Node 10: qiqe1lz uxbpzjt
Node 11: l3mni96
Node 12: g3wxz7q nlcx0nm
Node 13: alnx23j
Node 14: 7ej82wj
Node 15: vhxlr1w
Node 16: 0m4w4l2 2gibluj 3a65z8t aw62in6 b0c7bky mz3osfq s75wij2
Node 17: 8rn5kfw
Node 18: 74t6z76 7xdsb9y ouhh743 q7ffwpg vzhq769
Node 19: 112qc4f ama5sy5 t12h3i6
Node 20: 9p9vh62
Node 21: s3ubqk1
Node 22: q6k5pmt yz1itu0
Node 23: vp8g71p
Node 24: 95w2pfw fhz0nns qla5a6h wpqajrk
Node 25: mlu7wyn
Node 26: sly5r17 tyds975
Node 27:
Node 28: fhiumtt y74mdg2
Node 29: 4huq59c 679k0c4 6f67il7 lbzq2ki
Node 30: d6u1xxz gby8y09
Node 31: 5tp9ht1
Node 32: 21eb0dt
Node 33: 13d2i7t dvqhpk6
Node 34: 278optu g6335su tdwse78
Node 35: 8zvx746
Node 36: ppmjez8
Node 37: textwwm
Node 38: 9uzkg00
Node 39: b4xdrvk
Node 40: hbgqe0c w31z2x4
Node 41: hsjtsgo
Node 42: xhoo5vn
Node 43: 6pmhrhl d1103g0 i1c6ijl medsa56 oeqlrzs
Node 44: crfg1ap
Node 45: 9ehufia
Node 46: 1i8gg9z wxkmnbc
Node 47: vgdkl0o
Node 48: 7zhnjtg 8hiku8w q26iizo
Node 49: wmbykd5
Node 50: 9e6rlru
Node 51: 0999v0p ogbmguq
Node 52: 4tn6xii
Node 53: 4x2y7vm
Node 54: 97sicv3
Node 55: rk9ukox
Node 56: l58b8ke
Node 57: n07bbh1
Node 58: 63o784r
