Node 0: lv3vtv6 uqay80i
Node 1: 0mz1bs6 fbc2j4n g5oaquy hvlx8ac
Node 2: 2i523rc
Node 3: 2ibgzw3 34fz6hi 34tg29z crnyct5 f3ly29p hvil2q1 nir32ku s710jdq sa7ae1z
Node 4: 3npd2jv
Node 5: 0ug1p13
Node 6: tfioqyo
Node 7: 1brfgf2
Node 8: iecngsk
Node 9: xa57dtu

Node 0: 6a2bemw 8txgip8 azon7bv wimv88x ymi51q8
Node 1: dd89mqg tg3nvpv
Node 2: 9vtdjoj nykyxch
Node 3: pc6fvw6 x1k1073 xzarhzz y85pla6
Node 4: 00hql72 3fwwoap rkomj58
Node 5: 7ydj7lw 8lfaf07
Node 6: mdcpj2s n57lsaa p3cbfkc tey41wa
Node 7: jezh846
Node 8: 72lo3kn r63rfuy
Node 9: 4yny46p 5ydfgly 7j5okr3 mpt711n tv15dsj va73h7k
Node 10: rngm7at
Node 11: 4hvbtf4
Node 12: 22f4sq9 2gw08jm yyfrpbl
Node 13: 2lnn1n9 pzm17lw t9r3iy3
Node 14: g9bbrug
Node 15: 9i43yji b2a11zp bprr4z1 hljcvf5 tygkvdv
Node 16: 1u6sehy
Node 17: w5n1dct
Node 18: tt0p59b zj268uw
Node 19: zhqk75r
Node 20: wzov0g5
Node 21: 0j9bzut
Node 22: 6xzxgrh
Node 23: 6ft3b5m e8oec7e mfpnmcq
Node 24: 2fdqre5
Node 25: j8zk2pl tz888fq ucr54nx x56b3sf
Node 26: gpd23ub
Node 27: ygezokv
Node 28: 0qxbmv5 bn9ljti cxejr9r ea30d4s
Node 29: 7rfn5kg
Node 30: jndzxaz rx7677b
Node 31: 68etjvl
Node 32: af7qbm3
Node 33: t70242h
Node 34: 047698l 249m1iu
Node 35: q266tgd
Node 36: q7qq0qg zxtb38a
Node 37: 19hfsld jqa33so
Node 38: 4ip9z89
Node 39: 6avoxjk
Node 40: knob3lo
Node 41: hdobli2
Node 42: v4g3npy
Node 43: 232ftmg lx8m18r
Node 44: 12jx2gi uyhxk2t
Node 45: hc4eyz9
Node 46: vufdtou
Node 47: nlyxmvh
Node 48: hssp9d3 sb6cod1
Node 49: 7map2ks
Node 50: jj5z56j
Node 51: 940l0gd
Node 52: ybu5y6n
Node 53: piolwyr
Node 54: l2533ed
Node 55: sl22as9
Node 56: cjoikgw
Node 57: c7lua0p

Node 0: qtvx0tf
Node 1: pgwg6n7 qqspqtz yjvmhow
Node 2: 120lm7c 93j9219 cdkn19g oljuhal t1e5ky7
Node 3: pf88ud6
Node 4: 19osv33 3gcg0wu f2x8l4v j9j2tq6 lbotnq6 mu0z4vq n9udrgl omby349 u62nlo4
Node 5: 0iuh1ag 2l41f3r ic0qiwt xsjz92u zz2ebrz
Node 6: 46nivdy
Node 7: 3lf2bk9 enmzldq jcekvng kyhfai8 lyw96s5 my2krqg pjrcas6 qt1wq9o
Node 8: 2r14rb7 7yui9xs 9jzj814 fxiuip0 iz16nbr pxtnqku ypr3ynf
Node 9: lyd0wnp qp1w8co v4kd486
Node 10: dn2nk9i
Node 11: 3kc5uhc r8zf0z3
Node 12: whscus1
Node 13: uviel7z
Node 14:
Node 15: wmpqc7g
Node 16: sj3ydnu
Node 17: dkf8srs
Node 18: 0vrgigx
Node 19: 1hm7cd7
Node 20: m99v1mm
Node 21: no9dc7n
Node 22: d1wbpdg
Node 23: yig9pj7
Node 24: xc604u1
Node 25: 0d4tima
Node 26: ndutqzt
Node 27: tdgg6mx
Node 28: nrpctbx

Node 0: jj45hqx n53hhj9
Node 1: 1x1gmkj a59bmqo bwr2sc6 eg0kdu0 fprzoza tiiow7f w7k9jkr
Node 2: 1ydapyp 46ayxus mju0kz7 nmaxh7l rckulim s0awmvw vydropp
Node 3: aux13m0 g3mlpao
Node 4: 6r6q2xk 8835yay 9dtfba6 px8jevi q88n5kc x2wx19p
Node 5: hay4wuw
Node 6: 9tm4jgx
Node 7: 9p7z84j ksn927l oriu70x pmlf88f pqawcxz
Node 8: 5m7qlup
Node 9: 6gm1p4g aj9hnq1 lxvt1wg nln6gug rjmo0zc uispfk2 w24c3qi x3hb5pc ytlea3p
Node 10: 0m4fqd4 2d3q0um jfm4f4x kkkh97r lmuuw9u m7cjyti
Node 11: 6w7atfn 9x57dsh bjwsybj tmg6sa0 zbjphse
Node 12: 90clnmw
Node 13: cqoftd4
Node 14: 296uvaa o1dmoh2
Node 15: 9alyhvh
Node 16: h3mi6kn
Node 17: h7opjrg
Node 18: qj6f8mc
Node 19: cukkvpv
Node 20: vyhj66n
Node 21: tk0ditb
Node 22: q2vby0h
Node 23: tcx9cg0
Node 24: clru5xu
Node 25: 0ad5jxr
Node 26: 7f8bg6z op8p6e2
Node 27: ndci7q9 qedc7qp uipuo1b v7nz36t
Node 28: 3x7owf6 766lr1k wg3t6tx
Node 29: ilzr4xy
Node 30: 2d2v73d bylih16 uh7tkuu
Node 31: cqn6hah y3rorhr
Node 32: allv6rk eeyq736
Node 33: x0yj2ua
Node 34: c2peotb
Node 35: 82bil9n yjectwr
Node 36: vxj8yjw
Node 37: 71pjf0w
Node 38: 39afrjq
Node 39: xrs03pj
Node 40: vpehrm5
Node 41: 72uswxz
Node 42: q1ntmmu
Node 43: hatcjmd
Node 44: tzel9s0
Node 45: dggulya
Node 46: zokb8ei
Node 47: m7o3uvy
Node 48: 5zxn7m4

Node 0: 0v52hop 5cz3q8f 8p1e8n0
Node 1: 5rmixmz 6suf1xz 6zm1m90 g9itaha qdpzhss ucbjb6h
Node 2: 23xshue 6tdsbuo kbqfetl vgdwujy
Node 3: 5u91641 7ur6d9l 86ony37 gdwpo0k inft5kg j3ub4vh lw642kt r83r93o s4gm7z7 tjtrqws uy8ot2m yqqeqz0
Node 4: vnk3tck
Node 5: 7plyfr3 8nkn2i3 ejo4myx i0zyb6t t7nbs6o
Node 6: 0picd3c f8rnnyo im8skqv
Node 7: ab2i3jw ajkucrd gnlysmt hd9q4lt jjnpczq pvux3j5 rdmpwt0 udpucey x3sfnfd
Node 8: 9goamjm sneshhs
Node 9: 43hykhp 7tlu1cy svi367q
Node 10: cavplsr k4ox67j
Node 11: 5s400c7
Node 12: trj663d xa91ji8
Node 13: dm15ged
Node 14: lsjzt2a zmgpu5x
Node 15: c3sch17
Node 16: ncv1sw0
Node 17: 20vpmc0 p1i5zhs
Node 18: 23f29dk
Node 19: 70hk841 9ks1rts cwx97a9
Node 20: l9llhg5 rppbpvx
Node 21: 3jxjf6v chl9pqd ncmsyo0
Node 22: 670x8sw 9so5tvo
Node 23: qzghs3y
Node 24: hhj88dm upmj2fa
Node 25: 7txql4k g36pkbi
Node 26: 4sxomb7
Node 27: 03lwhnx
Node 28: c14ugwg
Node 29: q4f30ir u7u8azm
Node 30: r93qius
Node 31: qrcsyed
Node 32: hq1v7ck ia8x1g0
Node 33: c4ouxvo
Node 34: 1kocwkv
Node 35: bpsf359
Node 36: kkjtkts
Node 37: 2gzo52c
Node 38: n9pg5w5
Node 39: f9r09v9
Node 40:
Node 41: r830lxd
Node 42: javcny6
Node 43: 4wzk9yd

Node 0: 2ypzsvn 3ysdxie 5xq5o12 72gj56e 7bn0603 7c62crt 8gpeo1f 8ktpptp ccl6j4e cf4fh44 d0zyvj0 d9n7dgu fhfp7yl g6f3x35 hp7axg1 j5eirfo myrnk9k nkkp8db q78msze wtc7wnp x2f29d3 yuzrn1s z9vlnfd zrtvshw zvv2q3l
Node 1: govphok rg8s1q1
Node 2: 2px2fji fgt3jd9
Node 3: p8ctvqu
Node 4: 13v630a 3bkb928 tgjrp9n xj33bgp
Node 5: k2i6mv9
Node 6: abfr3i4 huqan9y
Node 7: tekm9lk
Node 8: jro9vx8 lalmq8f
Node 9: bm015mp klmuy6q s8l6afr v3d5iks
Node 10: 7apg6my g6e28w0 icujk5a itgpr1c oxgz3v1 u004690
Node 11: j5rfxg0
Node 12: p9s4qpx
Node 13: 3chjgfl c3u6gia zwkzqm4
Node 14: eok5kvo
Node 15: 0sz0q6k 1xc3g6u
Node 16: s67fuap
Node 17: 940vvfh
Node 18: l208wpm
Node 19: 8gngoxj fdwz1g3
Node 20: qv7douu
Node 21: d9bf9kt
Node 22: xa293b4
Node 23: 89bwm4y
Node 24: zfqryzp
Node 25: kf6atmp
Node 26: iuki7s1
Node 27: 85y2332
Node 28: h3hcqid
Node 29: fi6ab3z
Node 30: yrh1l6s
Node 31: 8tf6bp8
Node 32: w3iswmu
Node 33: c23f1mb
Node 34: 3nsjp1p
Node 35: 246v452 dz39kte
Node 36: ogrujsg
Node 37: itx1g2q
Node 38: nyjwseg
Node 39: 7gbweul
Node 40: 40wgxmr
Node 41: 0my0cdf de9d2em
Node 42: vdeldyo
Node 43: tshkyle
Node 44: h0lk840

Node 0:
Node 1: 5s25w7z 6l7y18e 9b1g32n mnqvuzp nfrlw60 sgzvc7j
Node 2:

Node 0: 40i6nna euejj6q l0w7ckd
Node 1: 2696r87 81amm4r i4uel53
Node 2: 0a7qz1f
Node 3: gmt8uvh
Node 4: ox04s6y
Node 5: 1c0hokj amrgt54 dudycm3 g95ucyk h9qeil8 ozfvctz
Node 6: 5k99cv4 9uhbgsv bdp9gfd
Node 7: 4jbjvxm 7xq0t1w cjnrvx7 fht67jo h9yaj3h plm4vvw ssapaq3 x4v2wfv yr1phfg
Node 8: 1mxzryc lsblr2r scp7u2v tokm2h5
Node 9: bmmo94h
Node 10: rigl2zj s47x5ne zxh5w8m
Node 11: 3mr5ox3 4nw84ns 551tkqk 7ktx5lx 8i0hvud blt9hvh cfn623n ci6od4m dl8lwj0 dyx8crc f2oyfnq fvahd6m jjou9sn k3jpv0f kagymus m0d74t0 on0euf3 rev4frr
Node 12: 3mq68wh vrohob0
Node 13: 6r9zdve
Node 14: ps40353
Node 15: 679zfzx dwd7hgt k9g48go teqlrku
Node 16: eet8i5j hn9unl6 vp63cms
Node 17: 0xlotas e9nzyfk iv61711 lr34xsz
Node 18: 3rdzsvi i4171jb t2ppqux uevafq5
Node 19: 8mw0yd6
Node 20: c41fefl
Node 21: b410mnj
Node 22: s1d2ru4
Node 23: 4sy6kxr r5gsa33 ut2gmzb
Node 24: 15czzbq
Node 25: 9hajfvi xoxru7f
Node 26: uw22c1s
Node 27: xdwajta
Node 28: cccceon
Node 29: wr8zgwu
Node 30: r13b3c4
Node 31: zjoyy0b
Node 32: 3g6sz5o
Node 33: fn5whlm qa0ijur
Node 34: fl643xt
Node 35: qfdpibi
Node 36: 1e1vmhd rlrgflr
Node 37: 23v1cuz
Node 38: fmvmfrv
Node 39: jygi0mu
Node 40: 0e54njx onx8l02
Node 41: flgttrs
Node 42: 4dhbt6x
Node 43: 4lb1l5y
Node 44: en1ns98
Node 45: fupo9bt
Node 46: 081s1ec yxxblgc
Node 47: zdo8rme
Node 48: l3r8me8
Node 49: f2ycd6b
Node 50: 2u8ll7l led9w7h
Node 51: q85898w
Node 52: 19x1rcu
Node 53: vfav08o

Node 0: 5onl15b 6radulq fwu5adt ixag05l j4lsh69 klis1ju sez8e87 sjpan5m
Node 1: eptm7oc evh2mdx uejvf7u zpbf2bi
Node 2: 1qcpfr5 acm2wsb at8zfr7 bj5jku8 evnoazr fv0a6mm h8nlkq9 j4ymgws mztoxz5 n8jd2ov o4h2jbd ossy025 s1jm09s xsv34mn
Node 3: gwrx45d
Node 4: 5jx8wff o27te80 qywpphp u4307a7
Node 5: 859fdfr
Node 6: 3zpts3x wsg3o6n zsvvuqw
Node 7: oggke9x
Node 8: elgy0xv hn9j5kq
Node 9: 3qulgh0 4o4f0m6 kpmnk5o qczkdsx
Node 10: 21zw5ta f6jcw2d h8hhyah y9axgnd
Node 11: 8d5imrf thpwlut wslr5nb
Node 12: 4lx50j1 cnumyrz gaekal1 jvkad3o rqmds4h x0bn17f
Node 13: t6wanqy
Node 14: cl817qr
Node 15: pw6sbfa
Node 16: m9m5l16
Node 17: 33gv9nd kvu26lc
Node 18: jjpc6b2
Node 19: h1k2jbo
Node 20: 0myjv2w
Node 21: yj1hyur
Node 22: 5emcdle 5sxiy6m
Node 23: 3cmwvvd
Node 24: it0wf5k
Node 25: r8pmxr9
Node 26: gu1yyd8
Node 27: 1nn2znb 7kih0qs shs610b
Node 28: t53iiqn
Node 29: mys1d77
Node 30: jw594ng oencrf3 wone0ww wvjcips
Node 31: a85j5j5
Node 32: 1n9umyu v8s62ij
Node 33: hyvv2ru my9jfoz
Node 34:
Node 35: r0q1n98
Node 36: f9gsocm
Node 37: huacoe4
Node 38: n0u01ib
Node 39: caviaxo
Node 40: 69ttf1h
Node 41: 63ujphx
Node 42: ek9p97s
Node 43: mz6l80f
Node 44: ke0rtwf
Node 45: trxf21h
Node 46:
Node 47: 1ss0kpb
Node 48: rurqrmy usepch6 z9e73s9
Node 49: 44rtlav
Node 50: 07pi9zs
Node 51: br9to1t

Node 0: 2j1znef 7j9r7yq 7ysi6a6 cpr5uo9 dcvqm6s e5myvsx l1zs62m qopdu5o vc1xmw8 vpktpde
Node 1: fud5ctn
Node 2: 7ssdups
Node 3: hfvpmzb nlbxt52
Node 4: 0zb1i06 dhffavs em9m3zf ost8f2q r33euav tlmxmkp
Node 5: cgz5ndx euydi41 iur3a03 o7ex6hm y0u2hh8
Node 6: gavrfrr
Node 7: 9d8ruig
Node 8: emje29n hicfq0u nzg03w1 tot9xoq
Node 9: dun3ja2 o1b7cas rg18fny
Node 10: 8j65ssr sls7w0q
Node 11: iciyqac qe9y1zl
Node 12: alzwgpk gn8wcsp hha5rfo ptxmwcn
Node 13: 9yesi1q kx2n0tb py5mhab
Node 14: 8h9sfdk 9lmlbfk dcgpy2t kaby5nu tu1xiu3 v4jrga0 y8u045g
Node 15: 0tygm9v 3c4hmqz 46jykty e5hieoz
Node 16: 7qv3z2k axi0nzg qdvv9g2
Node 17: 2j9fnk4
Node 18: idamrqy
Node 19: bz9rmby
Node 20: fdjtuc0
Node 21: dlfjbr5
Node 22: 4pht79r
Node 23: hn9wsyr
Node 24: 0f3p4fc nrhp9op
Node 25: d0iq6sd
Node 26: fc45lgm fkzggc1
Node 27: zv01ihn
Node 28: c0dat5y hqiaaev
Node 29: nx7ia7k
Node 30: qzy2egu
Node 31: s7mlmge
Node 32: je88uet
Node 33: oy5cvdz
Node 34: 05f1esj
Node 35: ka3m61d

Node 0: 486wjmt 4a7g0cn 4gn5dhq cpznntz dzj2ueb m04dhpn mwc6bz0 qjrx33i wp8sakq y5s802y z20w24a
Node 1: 9onffay
Node 2: a3g9sp5 hhvwd4n j6oabqv
Node 3: ev72ucp f159lsc jz284ut q9j0a86
Node 4: jdir5v2
Node 5: qgiuduk uspunre
Node 6: 84l4i9z byh4q4b
Node 7: 7qa711t cm3a9uk lw7jxd5
Node 8: w4ht8pz
Node 9: 6aw8kyk o20b6j5 q04rlt6 vcpxb05
Node 10: 6euex3t ng2cw8z
Node 11: 3qjhaap 45uscb1 a9e0x8z lgugst1
Node 12: 88lzzwy
Node 13: 3xbod9i b4ctsnf c9ul4r0 d9z3vp2 fgiwm37 lidybc1 rylrae9
Node 14: 64za0ql ppril5y ym7sz74
Node 15: k60ptw7
Node 16: 3gr5af0
Node 17: enufqaq limxy6k u8499m6
Node 18: khue1ek
Node 19: 9xok9eo
Node 20: 2gjdmic
Node 21: t0digfg t5ao0a5
Node 22: 81jlxry
Node 23: j01efrf
Node 24: 78fm2v1 wijkvqh
Node 25: 8jc0kdr
Node 26: x551ecy
Node 27: hpnmkdk
Node 28: svyxn0n
Node 29: xqbaern
Node 30: 2f2xqtg bdhqwo0 u6iqbpm
Node 31: sed7125
Node 32: 70mcwqt aw2zix9
Node 33: okt1rme
Node 34: 06aecpo
Node 35: e5z1x4q vtwahir
Node 36: acld2ye hlbpbyy poxwss3
Node 37: eydnm75
Node 38: ejhk18u
Node 39: 4i5fgvs
Node 40: 8x7adra
Node 41: h3i21kv y7pltv4
Node 42: j6dj5vx wr0em5q
Node 43: 7bgwzbj karvbet
Node 44: 5wiv809 yml3dz3
Node 45: 786uqef g47bil8
Node 46: byso4g5
Node 47: gkmfqj6
Node 48: 9kzten5
Node 49: qf11v6l
Node 50: a06dm84 ec0ive0
Node 51: ll4mril
Node 52: 50kise0
Node 53: dxid6cm
Node 54: lf4fhse
Node 55: karvypt
Node 56: ae2iz82
Node 57: qbqkc2d
Node 58: yk93wlc
Node 59: 60t65tu

Node 0:
Node 1: 62b4pdc ppknr2v rjfm2xs wmalnzv
Node 2: e9nf598 ubx5z38
Node 3: 0ka2b9y 3o79g1s 5b7mpmf
Node 4: 29fub80 48rsmfx qmw15go uat8i9m
Node 5: k3trl9k
Node 6: a9ndd3v blsue45 cygd3iy isr5a4k
Node 7:
Node 8: 6a54gk9 e88ym0e htdinwx n6dybmg nfupu1z uted1f6 wfm79y1
Node 9: 9kkqvh9
Node 10: g9nxm85
Node 11: lfd7fzr vyozovy
Node 12: 16brqu3 4dvdt5b 70bbcg8 azb3lm7 k3qsb9v rvqy1qe syuyx4d
Node 13: z3lq08j
Node 14: 393zisj
Node 15: 6e4d8vq z3a0prh
Node 16: hqzg4ae j7dfgmj k7twz27
Node 17: 24r07mi
Node 18: kbf5v85
Node 19: b46wgcf
Node 20: afcbxo1 duk4d1l
Node 21: 25guy8p e6l816f g8tk90s n8ojzkp we50e96
Node 22: ohadw78
Node 23: 9w0e2xz esjklk0
Node 24: f1v5kn8 fcffyom
Node 25: 1kau74r

Node 0: vu2299t
Node 1: pd7h5ki
Node 2: g1lc1t1 los468h pw1h290 q2on93x rour5c7 y9817tn
Node 3: 0qjobx8 6bt2xps lqm9sub u6443w6 xs46rdy
Node 4: 3ziqe9l b5bsmts gap7n7k
Node 5: tk4pjee
Node 6: bnyo02t soxcti4
Node 7: x8pcbod
Node 8: 0tj6ikk 0ugrvo0 n38yjjn xap94iv
Node 9: vavyoim
Node 10: a9kemvo lywgq81 skto5cw u7aiccu yfxzsp9
Node 11: 3cf0aga
Node 12: 78eowzz
Node 13: vrql10e
Node 14: v1temwo
Node 15: 8221izj
Node 16: o31hbyt
Node 17: rydh8tc
Node 18: 3g33sji
Node 19:
Node 20:

Node 0: 5u45tpd 6kr8r0t dbnrvis j2cirwh rxy1ivy
Node 1: 0y0fkg6 lshekv3 quxz582 sex4p7v uk7kqq2
Node 2: 2j6sy0x
Node 3:
Node 4: 9eoaso7 9tjg54d
Node 5: f59ivza
Node 6: a9vgsos
Node 7: 4jo89fd

Node 0: 7em6lo2 i9dyrfa
Node 1: 45282jd
Node 2: mzdu6de w682mw5
Node 3: b1x1fe6 fy0e2v1 l0qmf53 pd9sqw9 prrygw0 qg43lbj yz4r7br zjbd727
Node 4: 8cac6nt l8onv2d
Node 5: aeh457s
Node 6: jdrag79 s83mxrl
Node 7: 3e6svkn q6ij1s1 rb8ttyl
Node 8: vkc8bam
Node 9: 2pedjfn 6k7nvn8 c7ozuaw pp2z7w9 v3s5bfb vfkwqi8
Node 10: 6w8ek6i
Node 11: 2ib0c1u 7kxx2me aezy0nk mehrgs0 mwtpeb8
Node 12: d94m3g8
Node 13: i1kr8su
Node 14: te2r58e
Node 15: qai1x07 vndedms
Node 16: b1qw1bh
Node 17: f697nl9 p7qdp1l
Node 18: q4mkikf
Node 19: oo074av
Node 20: twbth5b
Node 21: j033nmz
Node 22: 6qj5rqh
Node 23: ckwdn8e
Node 24: hodvs9c
Node 25: hpc4orj
Node 26: r389na6

Node 0: 14ppv8p 3ei9fxx bm7maqz cbl1zf0 ctbwce6 dku1f04 g8a66y9 i1soxuw ij5a3e6 qi0gpwy tjabe7e v3og0a0 wecek4n wgwrm8y zogeo0l
Node 1: oyj25eh
Node 2: jx4rhq9 ndb8hz9
Node 3: 0641iiq 10d5910 2f7c9jt 3p4fvjl axqh5c2 bhioyto fqeynwm gq4nmi8 nngkkdr qb2cy85 qbpvx6y qzlk57j sohsq66 t7qmi9o v0ujp9l zm2hxs0
Node 4: gdgp9il
Node 5: 6sm745v w6cf3of
Node 6: 0gcirq6 kmxqsrs oyjyn7m qt7kuiq yxp69si
Node 7: oeeol1x
Node 8: 3h0pcav
Node 9: nozf5xh q7clos2
Node 10: jz4f5fm
Node 11: n38q1p9
Node 12: t729mu6
Node 13: eohcap9
Node 14: 7f9fdfe hus9zxj
Node 15: vslvfww
Node 16: uwdktoa
Node 17: j4ofnxa
Node 18: 423b817
Node 19: j7vs44z pgb74ho
Node 20: zh6gh80
Node 21: 7qh86xj
Node 22: r9lzecw
Node 23: n4cy46y
Node 24: xdavh36
Node 25: dhmzixw
Node 26: itgtnc9
Node 27: dcxtvl1 hqfalrp sjc01ga
Node 28: 892utm8
Node 29: j4vt78w
Node 30: ieabgcj w4d9x61
Node 31: kezf6ke rp846qv
Node 32: 73j809y
Node 33: 6pnpzn7 gq83wzz
Node 34: oa3roto

Node 0: js3ty00
Node 1: 05rpmic 0ddfyl2 1eofmno aw6wux7 jz53sq7 q3facvo qbtl5lu rmoshxj uwptl3m y36ir1l
Node 2: 2wket5e 3eyck76 46f4qod akmrv9h b2v4fze edg9wdj
Node 3: q0gfbx3 st3t8wp
Node 4: 5tzxdcq mlk2y7k qdwbq7c
Node 5: 0f7mvwn 7szn1gr 7uhqe3h edlc10u mbujhos
Node 6: 0pp7xz8 0yiynz6 a8zl4rg ibqfl1u
Node 7: 0x0zdmw j9xmy2v nmii4we
Node 8: 10ci6id 69rdpu9 9i4zvb3 fk6pcht h7zzuyx p0puoq3 q0as8vd qfb13c6
Node 9: b7r4f0e dcsfja5 k84yur2 ki613qu yd1j7h6 zfud40i
Node 10: trelx50
Node 11: 2zwvfp5 kdg0plv kuvny0i lnuo9q2
Node 12: cvddubj gbkxx55 mml39km wmfo7my x2uqvyg
Node 13: lazfm8c ljqoszi xbeq31m
Node 14: 2ww2uwo g4jsxq8 nd146r5
Node 15: d3ldona
Node 16: rnsccl4
Node 17: 2kz2215
Node 18: 0ncje6h 570mrxm
Node 19: 1nczhn3 cyqq36u
Node 20:
Node 21: 7fjy5rr l1rjmix
Node 22: lghw28c m2xia3g
Node 23: heavbdj
Node 24: 6paxrcw
Node 25: 2aqqcn0 51uw8ne
Node 26: 25knz7f
Node 27: dmlr8x8
Node 28: nyvt5xf
Node 29: 35sjvml
Node 30: ja31f1m ts3qdn3
Node 31: g7asz59 udhthry ukqm3fb wxg754j
Node 32: dyojfw2
Node 33: 8hdssgb
Node 34: upzp4fn
Node 35: rmci3e8
Node 36: l5zwbbe yunud5r
Node 37: iljtdjp
Node 38: duwr7d7
Node 39: 5oqlrl1 m1g8qzt
Node 40: r71nqu4
Node 41: 9nlhh4j
Node 42: dzeiyrp h1i1c06 hssce00
Node 43: a2xfuap
Node 44: 08nsytt
Node 45: 9kbp83q
Node 46: o3xx93f
Node 47: rzjz0au
Node 48: 6ge4cfo
Node 49: w33acoi
Node 50: lshrahj
Node 51: 9wycg9p
Node 52: amrx4g0
Node 53: cbkxmkm
Node 54: mfta93q
Node 55: 6a8ye0y
Node 56: xpwmf7n
Node 57: sso1bpy
Node 58: wwk8pyt
Node 59: 88gd5wn
Node 60: 9st7by0

Node 0: 7tr6mln cmle12e fpb84la g7sus5u ilo1z7s jzzkhqf le0wwa7 nrernsh wrorl0l zpmzsue
Node 1: 19qm55y 1bpsn9p 26mibeb 5g9ex4w jipucp9 kum26iz omyr6xw qykmcaw sbppyla zbcwrv4
Node 2: 4yfu0hk upfxu7t
Node 3: 0l5vwjp 4b4snpz blo9nv0 e4x29ft gfoggx8 hs5hae8 zq6x3az
Node 4: fzpbccz
Node 5: wpwr06z
Node 6: 5bes6ir qc6enin
Node 7: n6qg0nn
Node 8: 0s4ejnw 1jjzozv 2p0vooo dc2q6kr rf5yufl s4znh12 ta91pug zc5n6mh
Node 9: 4plnvfv
Node 10: 8odulwo
Node 11: khag9ic
Node 12: ib7blix
Node 13: f0elysu
Node 14: idftptp v35pzei
Node 15: mqeweto
Node 16: f3u1e7x
Node 17: 3pa5jqx m6fhz4s
Node 18: 5rmvz1x
Node 19: y7zehun
Node 20:
Node 21: hpz77jw
Node 22: c74toe5
Node 23: tb4xr6j
Node 24: nm0ew26
Node 25: xlwsv1o
Node 26: jiswz74
Node 27: 5zy2xnt

Node 0: 0cmpw2h 1ru9t3s 9ww8lhu bckkmlt crk2ld2 fc0pizu kvjjt89 l214rqr mjcr1ay mupntwn obth4um oopk5wm pwzw7sk vfm4urh
Node 1: 5ah7m2o 6fttiuf g1156uo k2m3is9 l2i2yu5
Node 2: qo0rl8z
Node 3: mx99392
Node 4: m46aery
Node 5: aqc651a
Node 6: uuzj9t0 vf9hkkl
Node 7: 8hub5hz

Node 0: 41pdp3c afu46tt
Node 1: 4eqcen6
Node 2: fr4b4oi hxytwkb
Node 3: 1nf9lzk
Node 4: 1alhnzy

Node 0: l45iz2q lvr8awt
Node 1: 5x7prsg
Node 2: 4dtlgld a9p3j0v b4ecc74 e1zlz0d et4bqaa fwggwer hyk9dpi mdzm06t n8tn2gw qua8a5t ro65fkm syfc9sh wd3mxuk x9jl41h zhgjly5
Node 3: 3p2lf7s 994k51z alzmh7i je9qzod si0zu9u ymarccv
Node 4: bivzcnv hc20pnz
Node 5: f0u1h27
Node 6: kguc325
Node 7: tajg6m2
Node 8: zsb89vo
Node 9: qwwfyl4 s1ifcji
Node 10: fqazewg mkr1iir yd5shws
Node 11: iff1nxk o3wh4kc qhjjx0s
Node 12: 5lijpjy waat2uz
Node 13: l0ntm3u
Node 14: uhd8fs6
Node 15: 0czx9tq 37zgix1 747uhiv fphivf2 p1wdep3
Node 16: tjjn1v2
Node 17: 0qohoey
Node 18: 42stsnt
Node 19: bji29dm vzlxq9n
Node 20: qx4umdk
Node 21: eqe6qmw
Node 22: a21msgp
Node 23: xct5vv0
Node 24: wjg8gu7
Node 25: hewps37 ylwzxd0
Node 26: op9eujd
Node 27: boam1ha
Node 28: xlp63i0
Node 29: 2djoasr 2xv3xch kty134y tcx6qdb
Node 30: 2jle3gx
Node 31: 37p46wt
Node 32: dz3vaaj
Node 33: kdgjve7
Node 34: o21qk6i
Node 35: 276vzxa
Node 36: op40nov
Node 37: q5gbb17
Node 38: i8q9kfc
Node 39: u84drbg

Node 0: 3lqs8aa 9mwjqas rsvco6p rxg2q5s t7lc4zi yw4yljg
Node 1: 9ibrkpq
Node 2: 7tt8592 9wv0cas pqrea1q t7xhlqm v2h9ucp
Node 3: 7ygkhuh 98i52ft bgf6015 f56914c g7cwxx0 gydzm9l ntmozfs or9bmd5 rndvkpw vyqrstv
Node 4: ao2z5n6
Node 5: 0m1381s eqsq66e la8yxjw w9eotmw
Node 6: 2surqb8 bq4yskm hetqmpl qnszh1p v0pn4zr
Node 7: fom7pwa
Node 8: mziw6g9 xu5m13b
Node 9: u4ryp8r
Node 10: ia6980i
Node 11: 03h35dh
Node 12: k20u4rv kneizk3
Node 13: e53e5qj
Node 14: 4zt79n5 qqtff3s
Node 15: fo62gak
Node 16: j5ewpr2
Node 17: ruj1qpm
Node 18: vj0mk8r ws2p16i
Node 19: 543ms03 ey9y79f z8346c0
Node 20: 1canse6 3qqk0qo 7agf8nn 96cfv3a h2y8ybl mffibd1 ypbp1kx
Node 21: 27ymls0 kcp0box mfqpq8w mgwsusj sp30c6n spssec4
Node 22: ctlbkp2
Node 23: b6ysguc y51ovc2
Node 24: f4hk9pe
Node 25: 88mexec piuhggg
Node 26: m2a3q0y
Node 27: cw1hzos
Node 28: 6wkijsu k7lxmwr
Node 29: fynpdnw tokbfff
Node 30: 6wwg2de d45htb0 ofdqjbs s9p89vx
Node 31: g6kbx5h
Node 32: onie9ta
Node 33: 91qqdzm fd0xuzt tztdvmc
Node 34: tpkhha0
Node 35: 1d6e5ko e88x62n iy4t4i5 jjkxwq2
Node 36: ulut1f9
Node 37: b72zmox o6db8a8
Node 38: 8rj9xaq ihtwlfx js63d0z sijodxx
Node 39: 7dhjr08 t3cx1f3
Node 40: na5dn2l
Node 41: bw0gm0y
Node 42: yb35d1a
Node 43: 733axp0 7nkughl
Node 44: bdf94e8
Node 45: x9woocx
Node 46: r0i4975
Node 47: 33kfry2
Node 48: 2cxwdfn
Node 49: 2lluqk3
Node 50: wozrvut
Node 51: 2rhpv1t
Node 52: i28r0ir
Node 53: x1u4dpg
Node 54: 0y514hi
Node 55: 3rehp09
Node 56: imteq74
Node 57: rw0ptcf
Node 58: whpasuh
Node 59: wnx23x2
Node 60: m8xpvhp
Node 61: xsipw64
Node 62: tg3h9k8
Node 63: qnzs1jm
Node 64:
Node 65: oup16ul
Node 66: f64wzp1

Node 0: lsuqpst
Node 1: dltqgkn og53ohf
Node 2: ezjx38a
Node 3: t9gmraj
Node 4: 2jny9ek 77o25ke jsfesmi o1bq2t5
Node 5: sv8xb7c
Node 6: ftz3p5h o9pr3fm
Node 7: g0cskt6
Node 8: 1gnrtkv
Node 9: bw4i7mp nsio6bs oghuq6k okksut8 rz6uum6 vg5nzqj vh8biju
Node 10: gld7tg2
Node 11: xpdkib6 ye1r4hi
Node 12: 3hwir57 gy9k3uf
Node 13: cez4hpl pvqvlbo w7x2taa
Node 14: 2sow97h
Node 15: 0gjkmna x59bnga yd5qnbx
Node 16: s9arjow
Node 17: gyame3o
Node 18: fgx50bt
Node 19: qxx494p
Node 20: 1sz9fgw
Node 21: irj777m ky22e4c rlhhenn zfqdqzm
Node 22: 8dy5wyo g4se2cr i12ld1u ijbqwup
Node 23: v4ljz81
Node 24: djuwudv
Node 25: hwx5yvo
Node 26: q8xd84i
Node 27: lkvqa4a
Node 28: nx7zead
Node 29: nzq7a6u
Node 30: fflrxzp
Node 31: d608zrx
Node 32: 814v38e
Node 33: dvkiryr
Node 34: ag4vsqn
Node 35: sc2sym8
Node 36: l1js72r
Node 37: x520h05

Node 0: jolzocn
Node 1: 0j247vl
Node 2: 1mh4j4e 58nwmzz 606cy1u 9p4m9qa
Node 3: 7bqlwi9 hb3db1v
Node 4: lagve0l
Node 5: 004f0bz 4iqip8g 6ufqxhl 7gbjimg 8g54gg8 drl9crq j3itkyp jy8vqh9 p0ran1o z21ew46
Node 6: xu3erk8
Node 7: shncvuj
Node 8: i9vkesd
Node 9: 6qyviu3 rfuoihk wd0hus1
Node 10: uuzz3c1
Node 11: hhy4b53 wnrzkue
Node 12: n9h0qvq
Node 13: 2wbkxjs
Node 14: q1n1r7n
Node 15: rmg6lot vd13j5d
Node 16: 0x4dek0 45ziut6
Node 17: ubmdr50
Node 18: 49lqfzp yl20yei
Node 19: 4x8qpqz
Node 20: 99hdko1
Node 21: fop54rw
Node 22: fxq4g8c
Node 23: zn0h91m
Node 24: qtb24bd
Node 25: b6es3s2
Node 26: xzjecfa
Node 27: uou7xek

Node 0: isitusd n1q0gvt
Node 1: 05pjsmq a3th8m5 cs3j4hr d5jdiom dnxx880 o81ubij t34otgs v0ju6d1 wz6u2jj
Node 2: 5xv7g7y fyw786c t34qe13
Node 3: 2gv7s7e fgiq2zi nim2psx plebh7e
Node 4: jx07zpk
Node 5: i217qsm
Node 6: 6etnppw
Node 7: w1jztsy
Node 8: e8hshob
Node 9: 08kn04c txznied
Node 10: dl4bel8
Node 11: q1pxed6
Node 12: d69fwoc hhmugl6
Node 13: 1lho3zr 1til7bn qxfx1m7 xe27hr0
Node 14: 0suvx4w
Node 15: b0l2536 fkf5ko8 n4usorp rb2vmif wf3pg6d
Node 16: 6q5bluq
Node 17: 5s1a2g9 v765zje
Node 18: r9fy6e4
Node 19: 2y5pr0v
Node 20: rfqe2bl
Node 21: 47y23zd 8vtepnm 9xf7b5e
Node 22: 5ty8mcq
Node 23: 0wb1w14 2jnnw0n 610kp9b dwnj8nw fd1cb2g qa45bdn wq07xto z74xg03 z8sr84q
Node 24: v1pu7e5
Node 25: 9tznpj0 bdflnmb
Node 26: qvb3z6i
Node 27: y68849d
Node 28: 1m5wonb
Node 29: 07gr93h qitxyuf
Node 30: 1uwz9ku
Node 31: 21tcht7
Node 32: 86y5wsp
Node 33: bkzo1lu
Node 34: ym04kfv
Node 35: qg69n6i
Node 36: e68k9if su4za2c
Node 37: 8emy4f1
Node 38: 46qcoas

Node 0: 0j5eere 666tft7 6eltmql hdl8899 ml5sss3 t6he3zc
Node 1: dur9wgd xvjcp52
Node 2: 2i5uf6n yfq4gwh
Node 3: i3m86lf reja1ut
Node 4: yhibxbd
Node 5: 7z7alar fwmzv6a kd1brut
Node 6: qibjozn

Node 0: 6kat9f6 jm91g4m
Node 1: 3zt42ii
Node 2: mi60uz8 pxtvny0
Node 3: 1z3kpk1 nt2lbo2
Node 4: 3lqppdg
Node 5: 1s9vor2 5fbmsfo e521bsm espp4y6
Node 6: neobio9
Node 7: jqwid8n p3ckn71
Node 8: w661htz
Node 9: 0q32fy2 pfc8mjk
Node 10: ch2e2re
Node 11: znsjqui
Node 12: jj9hudm
Node 13: u4oh0cq
Node 14: 2shf51m f5x4y5i
Node 15: cx9dncg frtgdu6 s7hr86y t35olk3
Node 16: jfr307u m374tsz mi9wy9e w1wsjt3
Node 17: ty2h9lm vdu7hy4
Node 18: dx2rjgh
Node 19: eb0sun4
Node 20: 6wh2wer
Node 21: yzohdbl

Node 0: 9nihs0o 9oa5jbq rcfv284
Node 1: gwagcf1
Node 2: 4nkvcsy 4yqxxey
Node 3: 5uee37o c1sr11s
Node 4: wa42fwt
Node 5: 6hthfwd
Node 6: 72uv8md eibagpp phme2t9 r0zm6o7
Node 7: 0l22hjl 7x69nw7 iplxbbk
Node 8: n909v95 r4konp9
Node 9: 75efq79 i4ak7ym tricjfm
Node 10: br4flul hz7b1hr xqaqmxu
Node 11: ode3uov r4iaror twppxdf
Node 12: 0a1zeyp 0oenlq0 bx7hggv fycpzjo jgeo7ds qnts9nu w23dxfh
Node 13: 9g11i7f baookia t6urtal wxd5nsu
Node 14: 7jjtnnl
Node 15:
Node 16:
Node 17: gslxx1j
Node 18: e3um330
Node 19: vaj94d1

Node 0: hvkafaj y2itbbe ypbd07f
Node 1: 4x2zay9 7skv81w e98ic43 erizedo vsr0ci3
Node 2: gyuguud
Node 3: 7nnefj1
Node 4: 612fubd 67tem6p 9ei6kwk fj4tsyw j665tdb oiwaqcd qtkmwpv rwe6c8e wmvt7rl
Node 5: 02bug3l
Node 6: lwrmfzm
Node 7: mn1yb7a
Node 8: 86345rt
Node 9: q6p3p39
Node 10: 3vek55v
Node 11: bt7qcr6
Node 12: 7es80yx anhz4kr
Node 13: jjx7soi
Node 14: 88b0fs1 jsy6k71 xwfz5fy
Node 15: k7f7zjl
Node 16: ysxuax1
Node 17: m74jfv9
Node 18: qzj25gg
Node 19: kwedz4m
Node 20: 9felxre
Node 21: mu2sp1x
Node 22: uq0ndj5
Node 23: oauvz3d
Node 24: 1mhqek5
Node 25: addwqan
Node 26: euc9cqj

Node 0: i7ru6kw ma16ufm xd5fl9d z82jo3c
Node 1:
Node 2: hg3gafy
Node 3: 6rji9gw
Node 4: xks8xak
Node 5: gpd8l05
Node 6: fzyrxzf
Node 7: 9eggvar amssw03 v711t9d
Node 8: crdeil8 rfkexns ytrw1cl zozpxh7
Node 9: wggfpsy
Node 10: bfuci28 onycu95
Node 11: 6tul2m8
Node 12: 2sav5un 77ofr17 fo51ujh ihrvfba l5oz0vx sgbko0c
Node 13: 8b8s1th
Node 14: axiyfsk
Node 15:
Node 16: ngvbzmg
Node 17: 1uaaedg
Node 18: nmzxhsl
Node 19: w8pjjj8
Node 20: dyhzmwv ogzgsn5
Node 21: vcsp8qc
Node 22: ol03q1d
Node 23: kkcwsq8 pemlpfb
Node 24: 6ckph11 9xd1e9h
Node 25: 3iedcng
Node 26: xh6mxby
Node 27: 709hj5x
Node 28: qyjic0u

Node 0: 2muhxoo 3t8cxpl 6xszpjq 6z6ecwh c2gfsp4 jhfqf81 jr6rpsa miiv2d8 myg7oft oz39n9j p2vcnhv t08jf2g ukbenh1 umuf3k8 veifk8b whumc0t wyefyfm xy5mdd5 xzl95jc yyzvmja zs0rrag
Node 1: f4wux5y
Node 2: dkyia65
Node 3: mdh3ian xqhhllb
Node 4: a5ureqz
Node 5: 50ks1y7 7olqvu2
Node 6: 08t0ysg 3u3k9dx okj4a4k sri3owh u4lq8w7 ueq5kmj
Node 7: 6e6m3v0 7ypnhft zo6ortl
Node 8: ih93h3y krrp877 lh77lgh ro4iee7
Node 9: a471jev
Node 10: hq1hpz8
Node 11: aqqvlp9 uwjbykl
Node 12: fyefmf2
Node 13: r4pp4u8 trft8va
Node 14: 1odsb4h kqdkwl3
Node 15: 90qxn6v eq7z4ea mwm0fc8
Node 16: jgdsw2v
Node 17: higwe61
Node 18: kz35w72
Node 19: oak8iuh
Node 20: ewdb28l gr9yvfb
Node 21: 515gfis a8qsekw
Node 22: 4xqbnnl a0e3n27 fbxtoag lanfawk yij7uqi
Node 23: mo5pghw
Node 24: 8leiwld f7yl038 ftfn1wa
Node 25: 32vx8kl
Node 26: 9wxrsoa
Node 27: wjdtrzp
Node 28: qz31tdn

Node 0: s4th9xn
Node 1: 7gxsn0j
Node 2: ash8mez jb5hiha lj4mtf6
Node 3: 32ow44r 5ztqdn2 60b5yts gf0xuj9 wnnnza6 y7wghu7
Node 4: 0m1089z 97lu032 a99xfo1 mxn80rl n3y8stf
Node 5: rr7rlbm
Node 6: 0d34hzr fc0sym5 whm77yc
Node 7: ixe9cc9 m3n9g2z rp5u81k w8cdk4p zty8fns
Node 8: jdzdjng
Node 9: 5v8eadn a5gpr0l c3jbuex giwdpni huogs6o m5lq0ub pr5l8sk twiw4b7 z5ou23j
Node 10: 7yb8c0l 8582a70 aknad9z fej6dox vbbr4lt
Node 11: 8yrzcat 93zb3uz yoaoh0q
Node 12: 5zo7xy2 bd5qsv1 paw7724
Node 13: ddutlh5
Node 14: 2l1qmbu
Node 15: texhx9c
Node 16: 19617x1
Node 17: 90wfcpf q1fbtz5 tr2fdr6
Node 18: dtv83ry
Node 19: 45xf21m aojw1kq gwk6xks mgu1kqv v0tgluj vlhixpk z3ibice
Node 20: 7dp3p0q goyqb71 jjmeu3c
Node 21: gmw0bra
Node 22: xv6h25z
Node 23: 06duokj
Node 24: 9ztjbv5
Node 25: gyeylzl
Node 26: sv3kzi3
Node 27: 33ouufb
Node 28: te7qhie
Node 29: 17185d2 dy5n1y7
Node 30: cazjhy2
Node 31: 60ej1ez afx7u9n
Node 32: p7fq1it
Node 33: 911hep7 o77sh4h
Node 34: u1q902p
Node 35: p4klq41
Node 36: fstd81z
Node 37: k1m9ggn
Node 38: lpovu0b
Node 39: e49ke8f
Node 40: u6jaebu
Node 41: 6ei1w1r
Node 42: 8gbao1p
Node 43: r3eh6d4
Node 44: a0l4ylo
Node 45: 91mzcoj
Node 46: u71kna1
Node 47: j27i44w
Node 48: 8aakwc1
Node 49: 9fmkqrs
Node 50: 58pzbtf eskzmp4
Node 51: w277odg
Node 52: d60e1ji

Node 0: 3fm5nuu 8oyatug 8p8lpbc xudpmur
Node 1: ssmwklz
Node 2: 59w7pox
Node 3: nricfec
Node 4: krcurgi

Node 0: 6ddkq87
Node 1: fgdhhd0 lgscjnj
Node 2: 0ch3cff jr3ddnt kz6320p uhmhhz1
Node 3: 0yghjq0 1y4t73l fo21g9g kmb6qow kn3an80 kyhjkij risacyc vn7l2kq wg4e5e0
Node 4: 2wm8k4s dson7c4 nshfwy3 nvks237 s5013fn ys97wls
Node 5: lonr3rj
Node 6: 463hkex iy5xvlw ro56w60
Node 7: 83n43fs 8a3ettk svk3bfq xittzk3
Node 8: ed4n21j
Node 9: faujw60
Node 10: 6wesvfn 6zind2f fftyksm
Node 11: jla7pqp w0c2jfj
Node 12: 6gffc7l
Node 13: zlwz3ub
Node 14: 2pievjr
Node 15: hds670b
Node 16: a6jbtrf
Node 17: 358gudg
Node 18: d4xjivs dgowf8y oy3p613 u31r81e
Node 19: rktvvhf
Node 20: cffp5eb pqex8av
Node 21: 1oyfd27 2bkjilh
Node 22: dpl9x4e v9aajdj
Node 23: 0jffyyl
Node 24: 1mid4h5 74c1n00
Node 25: 1z3mavd 5sa2fsq
Node 26: k811fo3 tx4rb7k
Node 27: 8qnrngg 8y1d84j j27jjfz ry6hnly
Node 28: 66qv3rs yeru45q
Node 29: 3lw3zp2 6raztqq g7z6vrf t9bf1u3
Node 30: wvpo4bt
Node 31: w4enva3
Node 32: ruyqpkf
Node 33: 6cp4ttl
Node 34: yyb872a
Node 35: s6i79pr
Node 36: 97bt6lm
Node 37: 1m87roc
Node 38: n31ijvo rf93z5h
Node 39: 83uyocc alpfrwc
Node 40: ppzwh61
Node 41: dlsxlhz
Node 42: ernbfie
Node 43: cs7jcxy m3nh6y8
Node 44: 1whkg3l
Node 45: uxhgehu
Node 46: 8aeggpt 8f44n8x
Node 47: 2c0877g
Node 48: kzbdsb7
Node 49: b3xoe56 mgrs0i8
Node 50: 926lm40
Node 51:
Node 52: zgx9bed
Node 53: 45r6d92 ozn72yj
Node 54: 2a2v3io
Node 55: 51hjuq3
Node 56: yu40r84
Node 57: i9g51cu
Node 58: a878tcy
Node 59: yuv73u4
Node 60: lo2euvz
Node 61: hkdk4bp
Node 62: 42lr6eu
Node 63: mmx97te
Node 64: 0hgebo7
Node 65: z17efay
