Node 0: l8hb08f
Node 1: 1vvfe8y
Node 2: a5ugdws
Node 3: fewn7h8
Node 4: en12wyh

Node 0: 0jepyd3 3t8davf 4ml80th dc8qrnp fy54pqd j9ozgkp k9mgowb pe5giws txm4u92 uky765l
Node 1: d5fr6qm huosndf
Node 2: nf2vbn4 smhqtok wpz947f
Node 3: 0f46i9w
Node 4: ip8vxzu
Node 5: 1yxcsci 2jtpcqv 2n4w3qt 76cc56n cbvbl7d p0numrj x9wkmtq zcnbb57
Node 6: 823n3i6
Node 7: fjgilgu upfml88
Node 8: mk68zlz
Node 9: 2b66n8f 4sebkch ge9w92x hm4cjn2 iuqd084 l02qjqg l9ck0cm n1is8rr nc9rbx9 z3qkfc6
Node 10: 0l468ma 5lpa0cf
Node 11: 9cgpssc d7sjwg4 h7mw6cp
Node 12: as3y2sz avg3kqr m13buf8
Node 13: jqnsj8h njo41u6 p4hn8h6 pytkywf qlnocn2 s0fas22 tw8rrzq
Node 14: cfcm16i
Node 15: 8ig5pae tj5fz6v yo6v542
Node 16: 6240cmq
Node 17: 2uwskqc
Node 18: uiip3iy
Node 19: k1zfg0v kbongxf wjyp197
Node 20: 28wkwjr y6c94lc
Node 21: g8319ey
Node 22: voz01i8
Node 23: 57ok1g4
Node 24: 91izheb flwyuzk ncjf3y7 slmbvlj zq2om93
Node 25: obngo6q
Node 26: 1twp63p
Node 27: 32x9a0t
Node 28: scnnqfz
Node 29: jb9rfk1
Node 30: z5cbywv
Node 31: z7psyhi
Node 32: ku3k5qq
Node 33: h2bo93m
Node 34: 6shmu4p ng8uit2 x15mbt5
Node 35: 0niu0sw 6pya04j
Node 36: 8rc99r9
Node 37: vbqkoyd
Node 38: 3qt6mg4 jq51q2e nqf7jyg oi2um8n
Node 39: i4uh23a
Node 40: b72kot0 qgd6qot z6eap9h
Node 41: ziqj8is
Node 42: 6hgeny9 ocov58t
Node 43: kuaccgx
Node 44: f2vo0bb
Node 45: ogfkpw3
Node 46: 8wynvx9
Node 47: 7bdq91u vvws8ki
Node 48: jaaq0pd
Node 49: dcsvhqi
Node 50: eu691as
Node 51: 52kcslo outwyd6

Node 0: u3rz7nz
Node 1: 0w5j3qz
Node 2: o9g5z9j
Node 3: 4hptmff

Node 0: qinjyv3 tbj8eo4
Node 1: 17ivezx
Node 2: 0dukdnx 9godc9p lsj7rn0 pom0hsw qrw7yxv thnnrty uytcnx0 vqyvk7b
Node 3: o4p6526

Node 0: 2sjwmlc 4g610ee b6vjo9n qu60f6k
Node 1: 1i2he0n 4xq3i1s 84w2w90 8wfbygd hrwcrvh krrnx58 mvecguu oqe6u19 pcedkuj xylus4v
Node 2: cx5bnn8 srl35ng
Node 3: 7jefksq
Node 4: qvcmzxq
Node 5: t13tsat
Node 6: 8r6h1b7 ighayw9
Node 7: 39syc89 49y1vhh kf4so63 qp2i8gl
Node 8: 6l5rdpk
Node 9: u3i7g2m
Node 10:
Node 11: 9o50lql jifakeo ngy6buy
Node 12: usek3hb
Node 13: xa4olwx zjja1bv
Node 14: 0x5moz8 w4ewsov
Node 15: lxsdxqr
Node 16: 6h8ecs2
Node 17: qr3lc77
Node 18: 1vtlnl9
Node 19: 233rzaa yh5b7kb
Node 20: 89bk30n
Node 21: us24wtc

Node 0: 0l00q8p 494nhxe l50ynbd lpnjx9c mkxftyw
Node 1: rrtw7id
Node 2: 66whrfo u5ae8wc
Node 3: h3gpte3

Node 0: 12eon7y 4bclvdi 6ds6jtj 71vo8o9 fx0ymzz gr0v384 k5vt8fm mtlvshr n5o26ar sh3rvn5 sufs84b vit9h5l vrakn3a wp2otuv
Node 1: 75ssofq 7n7tf9i fde0s6b i19a9y8 j8urlr9 jabnr3i kk54k5s ljcmvvn r01w6ac xmawspz
Node 2: 3l0282y
Node 3: 1pz0a7v jejwidt so8fw90
Node 4: ftp4216
Node 5: 03mjpac
Node 6: hjodd8k
Node 7: 3s6y5jw 3sj17qf goguepo jd1bx0z l6uxzn7 so83cni
Node 8: z70rx8v
Node 9: 6cvzfna
Node 10: ckgxbm3 cwo8qer q8s00sl ybazb7d
Node 11: 5xydbgw b9ejgnf es9rl25 qsni97b rh3wzx1 zytuah2
Node 12: pajp2tl
Node 13: 93hiivy mdey54u
Node 14: 1ybmwf7
Node 15: lw8hc7z
Node 16: 3tnlyzi 985olcx
Node 17: ttmz8jl ug9efn9
Node 18: 3mwyrfe 681mxgb
Node 19: avcqaan fsonuj4 p4mx0oq
Node 20: amoednr wwqgy17
Node 21: c9lz91j
Node 22: xpkedol
Node 23: 9nuv9ts
Node 24: omcm476
Node 25: 935x548 afzcw5n okams96
Node 26: b9uq5ww
Node 27: 2b1clxr
Node 28: 9no0f42
Node 29: 207noii
Node 30: 67ju7g7
Node 31: u1f6vd9
Node 32: zm8nwep
Node 33: 24izitm
Node 34: k90rhpi
Node 35: pz30yk4
Node 36: 37ioqwi
Node 37: 6uy4e0h m02szeo
Node 38: v2c8z38
Node 39: 814pmax

Node 0: 8692ne2
Node 1: 98y8y0s
Node 2: 40bel8m f96r4i0
Node 3: h2o81pe
Node 4: 28bzbde
Node 5: 0lpz292 1m4y878 5b3lg09 b2ctb8p dg0rn5s jf7t9hj qma5xye
Node 6: fr6lih5
Node 7: 2he9org
Node 8: 5njflwu
Node 9: 0i0j561 mwgdptj ngpa45a
Node 10: 6jorqjs
Node 11: 5b3wd4h 5lpcc9c
Node 12: 6xqspq5 i8fhycv
Node 13: en3tv57
Node 14: 0u75xzl
Node 15: 451sc8r
Node 16: 5gn0ud4

Node 0: 4dzaqm1 65h2rz0 bw6amcp frm4nno qu2il08 vpwaq0x zy7q194
Node 1: dhkjh34 h43vff0 n3kdr4b rtr5nqz sjmursf
Node 2: fvartus
Node 3: yqw1loe z39zlog
Node 4: lxzllag
Node 5: xxujsar
Node 6: sk5uiwg
Node 7: tkpwvhv
Node 8: 3vlwae7 3wmuzwq 5qvgqzc pghe0de qxh3viw scza4ec y9fuco2
Node 9: ztvwi7h
Node 10: 33hp9hl uqwv77q
Node 11: zyf636z
Node 12:
Node 13: 53zv5on om7gg8l
Node 14: 8a4vokw
Node 15: 71765u1 v40td6h
Node 16: 2fcc6qk
Node 17: k1khsi2
Node 18: upgeppm
Node 19: x4megi7
Node 20: zzgtfus
Node 21: udwfd01
Node 22: gf8jisq
Node 23: zfgknmd
Node 24: org4zhu

Node 0: p5n8v1i phit134 usz9d9c
Node 1: gdvyv0d iwj0avn
Node 2: mirq9dg
Node 3: kqcoot0
Node 4: 9oug3qs nwf7in5 y3c0dao
Node 5: 0qeal25
Node 6: 7f3cjcx
Node 7: wgjwqek
Node 8: 705fys6
Node 9: xcqa1ys
Node 10: zmjesl5
Node 11: ni6h59g

Node 0: 2g8cwa2 bbwz5zn bww49b0 hr6dhfg mb6wlw8 pdtnf32 qufdc8u r28u6vs vodvfk6
Node 1: 5p7vja3 e58c596 em6q3iu i11ugkb qm6suhb wtx3nkt yxua5ye
Node 2: 3xoapmb ld0f87z lyy3tff
Node 3: o40j6hk
Node 4: 40d5pz9 d17dq40 gvd4zo7 qazo7ci
Node 5: 70in1ol 9qdiwzr mnq4y93 sykpyhp z8sw8hz zgunn41
Node 6: lrvh31f
Node 7: ec0swpx zuqyhfk
Node 8: 3o7g89k dlp9r8h h34h6kj xcwelrm
Node 9: xs65gqk
Node 10: 3ko03wd sj5sw7d
Node 11: oshnih6
Node 12: 1a2aksk r7qo5pn
Node 13: 0x94ezp 7ln6hu2 gl8tlcy wdkf226
Node 14: 2sorv3m e8ru2f7 fp773jm q734ga0
Node 15: 0e0kqeo gfjc7vp
Node 16: zecwgzf
Node 17: 214ml7i eosa5v4
Node 18: hitfpqr
Node 19: 2781s5k 3j1mlo4
Node 20: itx5llq qc3iu2f rx2wybq tlpyabl
Node 21: dwvzspe
Node 22: amg7ykh b31ttvn
Node 23: 1yqjk6r 4uotv75 dstwrwr
Node 24: 00h2wav k6zras8
Node 25: x1obl0a
Node 26: hiszhjq rs9artj
Node 27: rawwvi9
Node 28: ec6982l
Node 29: 3yk12hp
Node 30: 3t48ozm
Node 31: 4npo40x b0w76e6
Node 32: 23we188
Node 33: 9264jj0
Node 34: kkz0h7p vck31pw
Node 35: 44toa8k
Node 36: 84zfoi0
Node 37:
Node 38: op2xt93
Node 39: xj4ytzm
Node 40: k1qg9ua
Node 41: 2lsn36y cpuzee0
Node 42: a493055
Node 43: qmf91tx
Node 44: czebi48 pz6fd3i
Node 45: r797e3a
Node 46: lheydt2
Node 47: uy9e552
Node 48: z4kev56
Node 49: u8m0mzf
Node 50: 4dppro2 v1y2d40
Node 51: 85ulg2j
Node 52: yhgc7fv
Node 53: w3bhqey
Node 54: 71ue5ui

Node 0: ejgn2n7
Node 1: 1t08pzx 1vkowt3 7vosdgd aeduns9 b7x3zvt eojyzwt epe2eo4 evvile4 ifgt2un nolwhrr y46r88e
Node 2: c5ra5bi
Node 3: mutxof9
Node 4:
Node 5: zafcma2
Node 6:
Node 7: vhyhd9a
Node 8: 2fg5ifj

Node 0: 0bfompr fev9wum qjuc8ab zdwkw37
Node 1: 2yra8g8 4qip8kq 4tzzf3g 53eupkr 6153k87 6fftof8 a85pbgr daq0s06 do7f9la gwhks1v k9b5s3t n8zhhqe q1xuyye qnev7qg ra9au4g v6ax8we zrkpoak
Node 2: fvomtsf
Node 3: csx5yks ehjlpl7 q710bzi qav88ny szxg4xm wnmvlk4
Node 4: 3wgjwao 7j5fss9 8kqqjr9 ax1aus1 dxi9p6y ep0fel7 flw4vev nt9rc1b piu2fmr u5uriq6 ubsh7hw xfk24ab
Node 5: nxjvfpx
Node 6: ga8ocg0
Node 7: t3u5wjm
Node 8: 7mz94fi yfsutnw
Node 9:
Node 10: c33vtzd iwekvnx qcv84nz
Node 11: ajl5tl3
Node 12: vc04wnp
Node 13: v7z7atk
Node 14: 96w1tie
Node 15: ph6iqlp qzuic99
Node 16: ld4l51h
Node 17: wmon46b
Node 18: 4l5aa5a
Node 19: 7l2m9c2 yo3733g
Node 20: kj8k9ig
Node 21: e30ixta
Node 22: vgd26ap
Node 23: nvtxu6k
Node 24: 8a8w3kt
Node 25: bzuhca5
Node 26: gamks0v
Node 27: k3htuh2 ktm4k9n
Node 28: kv3d79x

Node 0: 9lhw9h9 fadd4tn n8dp77q
Node 1: 1eb9660 8a12gtj hd7vffo l92qr5d pjz2otz qbytoxw r6ubb83 t2o0vy0
Node 2: 8jqf4xr fgn8cnq ks36rd9 lcjo9px odo3z66 osnfxem ryv8gym tslwn5i
Node 3: 1jo0cap
Node 4: lsijgur p8fr3qm ty5h4rj
Node 5: 3j1gd1x 4wl9oc4 yfya5ez
Node 6: 3iuu6os k68kem7
Node 7: ekuznny
Node 8: 1ctm1w7
Node 9: 5ndtzn1 9a7wt8a d89sttq ucq93uq
Node 10: g6ara2j
Node 11: mtc3643
Node 12: 91re3rs qwehlg3
Node 13: sbhvvb1
Node 14: 89cakh7 bwosj19 el4zgfm ok3fsuh y1g4k6k
Node 15: qqmdu4p
Node 16: snk9vdx
Node 17: 111bwar 982wl5j 9jtih9g qgg676y sidw5lp
Node 18: tn4ulfk
Node 19: na1qhg3
Node 20: 969r0f6 cnupc6u qa7isni rugju6v
Node 21: hsgvie2
Node 22: 15rshk3
Node 23: rkc1fw1
Node 24: j86jf6h
Node 25: d6zwhso
Node 26: fytc3ae
Node 27: w832jrg
Node 28: kfpixai
Node 29: 7lrq5r9 iln9o6z mq6verd vixia29
Node 30: 6ov400x
Node 31: k75fmmj q83tbzq
Node 32: p3ayw5q
Node 33: azlh4ve
Node 34: v0d5q9s
Node 35: g4rvuev vz79blj
Node 36: vaz671l
Node 37: 6zpawr8

Node 0: andqkpp gx9dmj6 m1bh3sw mre8ku0 nar3d88 r5rv7a4 tm40z6s
Node 1: 0gh55e2 0jr8ve9 ke2yoy7
Node 2: 7lflmvq am97kis an4fk8r b8vjah1 bk7yswz dlorm4k hcacsjt nyp5ia4 oh4eoq8 sdb037r wv7lm6q
Node 3: 0rq765b c11gvfs ibyogj5 u6larbx v5uhy5s yhoo7sq
Node 4: 30ruqdt
Node 5: 10tj5by dshue25 e0w64ol px84dzk v4wkzwu ycdz3ai yju7dvc
Node 6: 2e6gnlf
Node 7: g2mnjc1
Node 8: 62z0xtg
Node 9: kqdkwkn qvkofpi
Node 10: w3o39oz
Node 11: f8ql2p1
Node 12: fsifnpe
Node 13: uio5lze
Node 14: s8qlayd
Node 15: qjkpwv7
Node 16: 8iathw4 9rwwzug fr6ylbl
Node 17: 1kw81bn 7onis3t
Node 18: gn6kalo
Node 19: p11vrgo
Node 20: b0el83s
Node 21: iobo109 jcfqqj2 r708vc9
Node 22: pf9nujj
Node 23: ag10t44 j2738vg
Node 24: erv83wy n75bptg
Node 25: v2q9r68
Node 26: 7sb8cbe

Node 0: 8atqvv4
Node 1: wrprup3
Node 2: dydt5rm jne5dko t3tj8cd wt2yz18
Node 3: hdtcuhz orjpnos
Node 4: 4it5o48 69uy8d5 c7krpzj cw7rtiv grndkn3 ibawhdg kvsv4ys m61kaix mt43vg1 rkm56ha ts7j3vy xgh0lxd
Node 5: 15wo9yq znpriek
Node 6: e8jhrug omar48j qqm3bdq shtyjow
Node 7: f3au5zg yyc0wak
Node 8: cyy2ogx iklr60j x3uwrxn
Node 9: pnoip7k
Node 10: w4mk0zv
Node 11: 6qr6jxh
Node 12: vd2ho6a
Node 13: ooocp1s
Node 14: 7gy4guo qhczx6a
Node 15: t0hfct5
Node 16: dd2wt7v
Node 17: 87za0ad
Node 18: 98n05dr fvta7g3 musiaf2
Node 19: btib1t1
Node 20: xjbest9
Node 21: e7rns6m ytuk9s7
Node 22: zkga2ez
Node 23: xrdu6vv
Node 24: 35ia5wa
Node 25: asa74nh
Node 26: kixnvq6
Node 27: e3bfvy5
Node 28: 5m6ew3b
Node 29: u0q01th
Node 30: 8lkdrah
Node 31: n8gnzka

Node 0: 4e500gp 9zj16ax g0jkoe4 pnrkb1u v1uxomy wlos2yh wr1n92d
Node 1: 14kvc34 31s9tsf ghvwxz4 ma5pzb5 n2m0jud rp9reb8 vvdclha
Node 2: 3ds7rj8
Node 3: 2xxx1rl 3kf31h6 3n76jgp 5uty1yq 64u45ef 85irl05 a0bw1gx askz9ot db85rkd gbzv97z gwsplke klbfzjs lk9uc9o lu0sjw7 p0yx6ja qefui91 shazzq4 wnjw68s x0oaz8n
Node 4: e09dc3u va6jkkg
Node 5: 3ssxoia l612x71
Node 6: 2utpv7o 6g25gto ala68a6 by2l3dh
Node 7: 8cjypug itni9qf
Node 8: v3ja4ge
Node 9: qy2t2zx
Node 10: zauc5vw
Node 11: 2p4j3be b5fdlau
Node 12: gjhdcha x2b5f52
Node 13: 9byom30 9h4aveg ijrv2tk kno3don
Node 14: 1a096w6
Node 15: h3mhfyk tcppnmu
Node 16: w8l1jw9
Node 17: 1uyjdbz j5k541l scjbdaq
Node 18: rl2j60w
Node 19: 5qmgfkc
Node 20: f0aerm8 g4ytz5v g55as58
Node 21: x8albyt
Node 22: aaczrxh
Node 23: 6137sxu
Node 24: wkyxigx
Node 25: dsd8re0
Node 26: c6w7na0
Node 27: chjf6j8
Node 28: 01n8zos
Node 29: 29i8cpx ni2e0cg
Node 30: 04cmdjp
Node 31: 2td8xnv
Node 32: 7jjopil
Node 33: v74p6va zn2nm17
Node 34: dswja2e
Node 35: ml8a2l6
Node 36: l0qpa8r
Node 37: j2r86iz
Node 38: dg9sa83
Node 39: vi7e4pq
Node 40: dsx321y
Node 41: q4782k9
Node 42: am5wytl
Node 43: 4zzgyic
Node 44: qajm5fq

Node 0: 3ku7wro 5arvlll 6sg44a4 ec9yjar g5oro63 h2crgcg i3p81xb mitk4gv ofr3yc3 tj966gl v7p5t30 va10xy4 w6u2gj5
Node 1: 7ixvgov
Node 2: eo15tpb
Node 3: 018tnso 0ej196w 2d2a0f1 3cmr1zd 3vcz98j 4zrdtri 55t642v 67erdv5 9e6c3qr 9v9pvv9 e4p6ov8 fqc74ly h5si22w mdiv7na vzzplyl xl4w98a
Node 4: a8gxpsp
Node 5: 6j9bwz4
Node 6: brlczt6
Node 7: a6tans2
Node 8: xb1yf4j
Node 9: uf1h9gi
Node 10: 3jmcjks 6yajohy 9529q2q f8xrdjh g7lqrrn jticq2g jvr56y2 l6sg1st ro4l2a8 umjf0jh yt1t7q1
Node 11: 8j80ap4 rhh75lk
Node 12: xy5e5v9
Node 13: 7x82j83 oat219p
Node 14: okefqwe
Node 15: 8u4waae h1x1rrq hv9vqlr xkct42c
Node 16: 43vv1z1 buspzwj dm8qo4f
Node 17: efktmea en462dc
Node 18: 37glqd4 7bn2rmo
Node 19: p7pbay3
Node 20: ewxnitd
Node 21: 94894gz
Node 22: etzn33e
Node 23: bdus4nx
Node 24: smyqg4v
Node 25: p1j28hr
Node 26: 9ijnxej
Node 27: 3d5zi7s 65zkdg7 b2esi4o h2y99qk
Node 28: x6c91bw
Node 29: ax6tj7v
Node 30: ez5989p
Node 31: 2mdjhis
Node 32: ec8ay2o
Node 33: q9sg9oz
Node 34: jfh2nvd ra95401
Node 35: 03xwl5i y728rhb
Node 36: 0ncdthk
Node 37: hyzynci
Node 38: ssl9zw1
Node 39: qvdgpad
Node 40: 1npcra3 erfidjs
Node 41: 3lnpdmb
Node 42: uaj12d8
Node 43: 7ag69cp xk9tlsc
Node 44: ygqrsbm
Node 45: 6nup9pw
Node 46: uh7toj3
Node 47: k5mn5jx opb7pav
Node 48: n51r37k
Node 49: uioy811
Node 50: rp43omp
Node 51: xeaq1nd
Node 52: dwegnlr
Node 53: k0xy811
Node 54: 424uuza
Node 55: kzgp0hm
Node 56: du86pk9

Node 0: 4t6j7sk 5xlnavg lys7yah mzal1xv ohiho5n wcqp5s5
Node 1: 6dhfohg 77dqesg 8yuyket bgmx5l0 o5ny6md uvabqip wq4vvxd
Node 2: 3wh67d9 7evgorv gx4jeuz oszvbh0
Node 3: cyv3esx eohthdq etyocew pbzjboq
Node 4: 7a9pg9s pp6atms
Node 5: beovsz6 nh1asf0 obnid7y ryj3lee wjuc16c
Node 6: d7qdq0u k6xbwxv
Node 7: 58i8xlz 7rh7fbl ri5uj2v
Node 8: vb3b2ht
Node 9: 86rdpmx z8jc4ik
Node 10: rsne4mm
Node 11: 444agok sxwy5op
Node 12: 5h1u0xy 9le8rfv bly5mbg ruy4gzt
Node 13: qoeka3z
Node 14: 3xlp0rl
Node 15: 7uinw5d qqhyfmv
Node 16: 48ghiyt
Node 17:
Node 18: 287pqxi
Node 19: c9e722g
Node 20: 2tfq9kx 3bluaem nz8fxv2 st4m975 xazvh47
Node 21: lfk6h6x
Node 22: 1bnaqzz kkzew7a
Node 23: fqylp5d
Node 24: 4ui5qxs
Node 25: c0vr9is
Node 26: su3cxss
Node 27: 89c1d6z
Node 28: hzvrps5
Node 29: gqu9dm9
Node 30: dog3t5z rhn1edc
Node 31: 7l311pf 99jj4x1
Node 32: wpxmlhz
Node 33: dg1i7ov
Node 34: ukjor9p
Node 35: q4mxl6x
Node 36: izshxfa
Node 37: 8e6m6nn ps8jtis xcgz2p6
Node 38: nyy70w2
Node 39: iwejkpv octbiup
Node 40: 9jc8z0b
Node 41: y6sbdi2
Node 42: fp1qal9
Node 43: w0d4dza

Node 0: 94fwdta cmodyt8 d0cslc9 elzhbg1 gk3bgex jhfvyd6 mw65g7g oib23jz oylupp9 u2d64ed xqqiyos
Node 1: 0urpht3 78gio2m 7wvyw7o 83m5kwq a6hpoxy c1ge62k cj1e5io ffyl6z8 k47yot2 xqsdbgi
Node 2: g3hyxre ol1nrlv
Node 3: rm4n1sz
Node 4: fiazuq9
Node 5: b0hu5vw cqwwpmc u39hoj3 vfkupkl vhbkbh3
Node 6: afzwq7w mnook3i mxesjjc o1oj4s7 olhgnko
Node 7: 0t1gtvb
Node 8: hv49and jkbf6sr mkymeo2 o2i5d85 z0iwuin
Node 9:
Node 10: 9qa29wo
Node 11: 2jbq6tf wqav02a
Node 12: ya7remw
Node 13: 0wig3s5 w0a4k67
Node 14: blqe2fh
Node 15: lfyi4z8
Node 16: y79lusj
Node 17: 57kkqt8 d34ovnc stwykkd
Node 18: 6kk70sa gegecyo hpkjfe8 oq2lmnk u8idjj5 v327bjm y8bzful
Node 19: ue659ba
Node 20: k1t72yj
Node 21: fcn9fh5 lrj8fiq
Node 22: mvaogzi x402yky
Node 23: 68nod5t
Node 24: 4um74jj qzpccm5
Node 25: 1wj7frw a5k29ho
Node 26: 6dcj9z2
Node 27: 3eoz3tp mncvd98 qntcz3n
Node 28: 9nc2vjv bzm3rg4 n8rhtpi y8kskoa
Node 29: e6pidfn motv2uw
Node 30: m1xftty
Node 31: 0cbns9a
Node 32: movhivo
Node 33: al9kg9s
Node 34: xnpdk1u
Node 35: eg8l1hv
Node 36: s1e3e6i
Node 37: iyw5bpa
Node 38: 26ms5iq 6ssdjua agy8sek
Node 39: djznwrm
Node 40: ko02i82
Node 41: 6ruppm9
Node 42: 1j8fanr
Node 43: 9islidw
Node 44: uthphqp
Node 45: tolruh8
Node 46: we58an9
Node 47: 30vwfma

Node 0: 2cewcqm 3as0f9m 8dyst2b 900abos a3yp2hx ay4zn3w k7dyq2d sfxpy2o stbmj8c yetssno yvvzdqt
Node 1: cjkazdy d9p0vrs ji6hj91
Node 2: 0gbj59k 1xd4796
Node 3: a8fivi1
Node 4: 07c8hfz fe578we sgcx7j8 tqn5ibl
Node 5: 35dohje
Node 6: 0ztg3zu s8zoo68 xcodnyh
Node 7: arbovtu
Node 8: 1c47vrv
Node 9: 0ezc2ax 99l94rn
Node 10: s3kqkxw
Node 11: vjaz0sc
Node 12: 9iwmgvq xh1k66t
Node 13: n6hjbm7
Node 14: g4uktnb nb9n0rt xsp8nzi
Node 15: 1dwpqo9
Node 16: 4s7b930 i2n5hlp tb23nya
Node 17: 5mmppkw v6k8v02
Node 18: p5qxdop
Node 19: x126k3k
Node 20: a8x3wnb coz43lp
Node 21: 13sbral
Node 22: jpfradg o7xwmah tmta7dm
Node 23: krv6i1f
Node 24: 338y0ow mgh0d6d
Node 25: h52w01g uo9fozj
Node 26: oo7xoc9
Node 27: 6y9miwj
Node 28: 01e7wrj
Node 29: 2ld10a4 2ozp53r gijgkyd i5jzs6y
Node 30: xsvk245
Node 31: 0qtkppf 61b79jb
Node 32: iqcut3f
Node 33: aoaoh7v
Node 34: 02acjl1 q6npswz
Node 35: 9190mmr
Node 36: hvabfjk
Node 37: dy6hza9
Node 38: 1bz02fj
Node 39: kywr53t
Node 40: 84eg60d
Node 41: jlg220x
Node 42: wu9whew
Node 43: 3c96d5l
Node 44: gw5s4a4 ji5qyp5 w7b3qzv
Node 45: yau45n9
Node 46: 4anq4ie
Node 47: ahfx0hj
Node 48: qp86jol
Node 49: jtbt5ny

Node 0: 0o9rhuz khjzskc prljbit
Node 1: 1esbxpn 68suzio 6xbh1ky i724vuk qfn83fm
Node 2: 55x9aut
Node 3:

Node 0: 115kzki 12pga96 3dqjv74 bmoeygr bq2y7jy chgwq5q d9sr0fn im4vpgk og11r1x scklz4n tyd98e4 v7rmhe3 vykbqbc wxls3oy ypysn3o
Node 1: bqflhbz oi9wgb5 yc985a9
Node 2: al6pe4b
Node 3: x7enjd2
Node 4: 7hbcu72 all7190 loghczn tvtiic9
Node 5: rt0rwdm
Node 6: 3myihf4
Node 7: 2125z8q 224r9r2
Node 8: bhqy75r
Node 9: g2ozm3n jbun8b4
Node 10: m8xz3bl vodidj8
Node 11: 0oppspa
Node 12: 6zhk9eh dbeqf78 fm4j7lq yzvmt9m
Node 13: fqnrvmx
Node 14: 19dxxmv 674r0g9
Node 15: 7bew65f
Node 16: wo4gw07
Node 17: gvcwf0l nmdzr2q pi2et0f
Node 18: cn8ouva
Node 19: 856ss3c c4hz1kd thmzo5u
Node 20: 0kpb9zz pv6ontb wgjzd01
Node 21: n2vgogr
Node 22: ko1u86z
Node 23: 3xvherr
Node 24: byyp271
Node 25: sbxk0xe
Node 26: omn47mx
Node 27: s2hht7c
Node 28: 562jbsz
Node 29: 646sqef
Node 30: lmmg2bu
Node 31: i9xxyq2
Node 32: 50qxm2c
Node 33: ccv71y2
Node 34: wh62uwp

Node 0: fzglvxk wr3snmo
Node 1: 1akw1ne 3c7boxo 5rl9ftr qe64w18 qjblj03 yr2puuq
Node 2: cquctkj qgwnrni
Node 3: alljj7u wjh2eo0
Node 4: 278319w gveydff
Node 5: j21cn9u
Node 6: 2u046v8 30gcl4j 3ss2pnf 9olqa3t gidkxdm m6bv2ll rkxhnc8
Node 7: uqfnwfc
Node 8: 8fm50bk zhn79hs
Node 9: nlh9dzx
Node 10: cg2woqp hsm7820
Node 11:
Node 12: ng1v48v
Node 13: a7764wa
Node 14: f82onpm
Node 15: w9rmqo4
Node 16: sd5iy9c so7hrie
Node 17: af5x9j1
Node 18: opailbi
Node 19: 8nnn6dl
Node 20: rloa6uj

Node 0: 8soih9o
Node 1: ky48z1n q6l2knz
Node 2:
Node 3: 0obk9ie noo29y0 o3pgcqr xpokuos
Node 4: b97km8o
Node 5: x1ik3e4
Node 6: fm9ngnv syel607
Node 7: qnc8yeu

Node 0: oqan9ky xbwur6s
Node 1: meqrx3l
Node 2: c9gh3rx

Node 0: 8u0suxx cm8o74g zmc7sh1
Node 1: 8v1mh72 ef86wdt
Node 2:
Node 3: cvvdhkg fhdocfo
Node 4: b36igyk hvcjh1a mq75q50 pgzgabf ybm6j0a
Node 5: 0gqjczj 1gglix1 44z27o5 8kbqng5 jtb4wh9 mu9bwxg s26mw2o vlopj31
Node 6: 5m6c6ee 79mvdsd 7bbdrtk 8ai1jgj c8c3ez9 dl0w536 e5ppx2q i953pjz jh5t7r3 omjbwkt vrbuyf7 wvdkkpv
Node 7: 3qp92a0 c0mp294 ioprkkz
Node 8: 0v6p6zb 4gm49ly av9l292 yh4wymd
Node 9: 4nimqi3
Node 10: iq5cebn
Node 11: z64jr9j
Node 12: sf1ckj0
Node 13: af2bpjp gady7cc jb7197o nmorjjo
Node 14: 6qsr75f uywq68p
Node 15: 4qtk5lj
Node 16: plx8rnu zx5o04d
Node 17: 9ivdx3g
Node 18: 5l3jsmj d41et5b vkr7qsw
Node 19: 8k31y4m
Node 20: mu6oic4
Node 21: 5p62qqf
Node 22: ni1cu15
Node 23: q0gek3s
Node 24: 5e68o9j ncz0nqv w1m5uxd zdiiey4
Node 25: 4l5mb65 k3gkled qmpz4on sgsbirl
Node 26: t9hm6n8
Node 27: 94vdvum dp1eqkr
Node 28: j1x9wcr
Node 29: zvblgmr
Node 30: otv0m56
Node 31: x6youbj
Node 32: 5kyiyha
Node 33: rljgeur
Node 34: 4s5omy0 fre94hh
Node 35: 6ok88wt
Node 36: 6j01q3a
Node 37: 345pykj
Node 38: x76v5qg
Node 39: 4orzhe7 ipea1dx vejdlfy xf4hwyx
Node 40: ft9ndmh
Node 41: nrcpjv4
Node 42: jrdggj2 y6o2wvl
Node 43: 30hjchr 4b9vqra kjwy16r
Node 44: arhtr2w
Node 45: sgbx20o
Node 46: v9zdxzh
Node 47: w8qsl9p
Node 48: rnz2by0
Node 49: 9qpqr0l
Node 50: t2uaywz
Node 51: 9cclzg6
Node 52: c2k2a9y
Node 53: 6363tux 74sjah7 7hd2tuy zdpd5ce
Node 54: jv7m28f
Node 55: 4a0xpxd f2v9xos sm2y8no
Node 56: tewmv7y
Node 57: jjgpums
Node 58: ce2p1xi
Node 59: c3z1dkz
Node 60: 0bk1imt
Node 61: ujyemwa
Node 62: oenljg7
Node 63: qxe4uxr

Node 0: 02y7752 32lltd8 4p9k402 4y9qqb5 6cva4em 6gvv8tm 7hdnccb 7p9xodm 8aaxo3l 9mavi90 af0ifcw atv9qh1 bds6vrg ec3tq48 etd9m56 euf26rz i5q773s is8dgqt luspec6 m4os6yb p3vo3pm pv75wlm u6vq17s wrldca0 wxid45h x5sa4rb y2xitn0 zdal5nx
Node 1: ghnozxp
Node 2: 7m0x3x2 9wmkrsl
Node 3: eucg50v
Node 4: 8nt1bpr vdvs4ou
Node 5: 34x3nhj j6r9rmz
Node 6: 1q8761w gz4kkqh v1mcvvi
Node 7: b9gbbyk ciyb2uk kr5ddah
Node 8: oddt5k6
Node 9: 0myp87p 94vyz94
Node 10: en2mdxe
Node 11: k0srsqn qh2mpjl t4csgxj
Node 12: 0pdbe3w
Node 13: 2ui0dw2 5v08hyt 8tqbi0p c8q3ttk i9edpls q4zn9nk
Node 14: 3314199 61qj8af jmh1qss lm4db62 ywny1aj
Node 15: bzxyrm3 h7953co s34toss
Node 16: 7xronla
Node 17: cduzix4
Node 18: 1vjn8y7
Node 19: 6v54y31
Node 20: 38rn0r1 sf7lyg3
Node 21: puboouk
Node 22: oqahfi9
Node 23: jl8qzrd
Node 24: 4iu28kg u2je7iu
Node 25: vzhnyp0
Node 26: qyl1ap0
Node 27: u614ekv
Node 28: 1yh6t2p tetr52j
Node 29: 7nttnz1 x9peqed
Node 30: 7d7fd4e
Node 31: tf8izd8
Node 32: jcfobt4
Node 33: z0j5t0g
Node 34: d6r3y2s
Node 35: oeaxza7
Node 36: 90odl86
Node 37: a2d0fjj
Node 38: 8une7ru
Node 39: 62smkfd
Node 40: 1cbgvq1
Node 41: 0johshx
Node 42: o1vqigb
Node 43: xabr6fg
Node 44: 6216f4b

Node 0: 0kqldxl 178qgvn bb4c2ps cuemt84
Node 1: 7mk0ub0 gpuni28 n4dcykm priupi9
Node 2: 62padv6 cl19beu cxvlqqh
Node 3: mysukpy rtc8wob
Node 4: qs0au4p
Node 5: 53axwk6 92g9c49 aqy2ze4 bohomrh v0dzt5z
Node 6: ozlniot ylnd70z
Node 7: 2k2xs4x khlncoi s97dhfz
Node 8: 3a32q3a 9x2umg1 a4afufq e3ff9tk i80ebnv qoagdve wbkuxbz
Node 9: 68idj7e bqizl2s j0dgpl7 py9qbb4
Node 10: cihp9t4
Node 11: 6l3an34 epslox5 fl5m7e4 prbmi1a w6lerk9 w92anz2
Node 12: 8dita3o
Node 13: s4gvhe2
Node 14: 9vsppw3
Node 15: c330i24 rpf75ro sv0dajl
Node 16: 0ra9vw4 atq1fg3
Node 17: btgr42o secj7d0
Node 18: 70cw11k ab50bl8 c6skd1b xvfbye8
Node 19: 2ir1alw
Node 20: 05tk0yv
Node 21: hcd23al qt55j1y
Node 22: ku8ha2v qd1gp82
Node 23: 0kgunw6 84vogbg ezntuer f6wdxuc hvn2nru m8b41im o3tfde0
Node 24: p2aqzuw p3gohhk
Node 25: 7yaiy7a j2ipubv
Node 26: ua3f9n3
Node 27: 52rjkj8
Node 28: jn3zbb0
Node 29: mqymxef
Node 30: o4pbfuy
Node 31: xhpowvl
Node 32: yyvncf3
Node 33: 41yy7hr
Node 34: pb3p7cq
Node 35: iw77j0p yr0rye7
Node 36: cx5ttlc idcu16s vz2yu7d
Node 37: d25ps30
Node 38: dixg0h2
Node 39: 23yb8pe
Node 40: 9dtcvjm v7vlcxd
Node 41: qum6x8b
Node 42: ond2tpi
Node 43: 53pfw6g bk7h13s
Node 44: y3e89jd
Node 45: lgewvry
Node 46: cwe34em jb56hgc
Node 47: s9r8rbq
Node 48: 531k3cd
Node 49: r9b6iet
Node 50: 2k1pqw4
Node 51: gsyn98h
Node 52: soz5szt

Node 0: hnopku1 war6zwf
Node 1: 6c6v4oz i3svi4v iaxu01i kl4cs4t o62b29o o7jrmra ta5fddy
Node 2: fooqpu0 ns9ije6
Node 3: ofavc6n
Node 4: 6yn9hdq h5j0yvt
Node 5: lv9g4uz
Node 6: ugg3z1m
Node 7: 3vwyb6e 9ha3jb7 u89nmts
Node 8:
Node 9: 6vjzxnm
Node 10: 4ylvw82
Node 11: p9rg6i0
Node 12: 346gmy5

Node 0: 235b5ke 9s54hv6 auc82kx l7ovhmw ulbiceb
Node 1: 4ire65j 59xi69a 5h9m7oi 632nckt 8uobdan cxklwxz dhqn90w dw49sb2 e7o37zs g8tg94d ik8yf93 ksio6fm sklyl45
Node 2: cjqnwys u10kb8k
Node 3: 11v9j60 2fnk0ip d72d4ls egscluv uj5ay2b
Node 4: 0vqchze
Node 5: 8dvb62d ahmdbml b4aqxe6 iy5a4qu saafj10
Node 6: ajhp4xr eo6jh1c
Node 7: 22megxu ekxaeod l4vdncw o213cvt wkq5xjd wxnj073 xuidd34
Node 8: 2mq4m5b 2ugsz7e mavs97n t6uwemd
Node 9: k6cyush
Node 10: ps4xnuf
Node 11: rw8z465
Node 12: db3ukh4
Node 13: 7b6cu1u 927vyv3 myht0iq
Node 14: u77trvs
Node 15: iqn84bw u69uzpg
Node 16: dau9njy zc07m2f
Node 17: 1qkkfgn
Node 18: bogz02j v5615b8 yqu0q07
Node 19: c2qkyc1
Node 20: 7qz50ba y8rimut
Node 21: m5t1ek5 p8pi9gx
Node 22: p30sek1
Node 23: top735s tv4v6n8 xjoiabx
Node 24: 227zvrf
Node 25: b7xw4tc
Node 26: anm2lux j5rz25i
Node 27: n0aj0q2 nkkcmlt
Node 28: 9t68r6s ykqpjrq
Node 29: 7i5mnkj
Node 30: oc6z9am
Node 31: 969n3z1
Node 32: qyjzcca
Node 33: 8901mtq
Node 34: 2mnbb3j tnygh7q
Node 35: 1ezbm00 5yp1apj cguy6aa m2e16sw
Node 36: r5olgux
Node 37: xalb8mz
Node 38: 4v3xphq
Node 39: oc1r1n5
Node 40: 73483n0
Node 41: 9vo51uj
Node 42: 5pvhtpx fedqnom mxbaalu
Node 43: 9k3j613
Node 44: 8xy54uf
Node 45: hrb1gso
Node 46: dfdguee lupzvno
Node 47: 6fjueai
Node 48: wn4d5ct
Node 49: lkpo2fr
Node 50: 12h9c46

Node 0: 4lc5a54 56xzvc9 9axuy8q ml41q7l qc8fabm xi0rewf
Node 1: 1p4r74k 1ptots9 obf23om qnzx79x qtghx75 xdd056h xn6gz5o
Node 2: n58psup
Node 3: 6fwwpl3 u5f2mrl zk2ljyj
Node 4: kk1670s
Node 5: 7ygagbd a5thuff aebakyh dtfyax3 h7lqb19 kso85tm kzvfmsx yjnd41a
Node 6: klkq7if xs6z3of
Node 7: 4ayjjv6 ru56tnb
Node 8: qt4a06t
Node 9: t70oauq
Node 10: 33l6cyd hpgkqe3 pbmhrgn
Node 11: fx9hbc6 tw5zag7
Node 12: bb1smod kmrmuid
Node 13: 894ufdw luqg8jc
Node 14: 3iysjfd guqhlzs rql6j6d
Node 15: jngryrd
Node 16: ciruuvw vvi7c22 x53c4jr
Node 17: 0t4e655 eds1ms1 gyrym2b
Node 18: mofa0sl nplegrc
Node 19: tq86jo8
Node 20: 2l6ph8j
Node 21: afn89w3
Node 22: j488ivv jo3oocs
Node 23: liffmfc xikhbhs
Node 24: f6370cm
Node 25: 55ijnzt xafa0qy
Node 26: b64zrj7 v4nmlrl
Node 27: oq7e0g9 s8ltbc0 wosskff
Node 28: ydpenjj
Node 29: 5vogcs8
Node 30: d2lsajc
Node 31: y5ke9op
Node 32: w04bifo
Node 33: wbp1t5m
Node 34: tiomars
Node 35: 6nsir5m
Node 36: 3qu5ag6
Node 37: 6lofeld
Node 38:
Node 39: v3k655q
Node 40: ybqfoqr
Node 41: 3zsjmgh
Node 42: iqaqvqi
Node 43: 8ayy3gk
Node 44: odq9c5x
Node 45: qxss50m
Node 46: 4viqhde
Node 47: p9dpw6d quuvyn3
Node 48: 7a73q3n
Node 49: 2779p73
Node 50: h6ql9cs

Node 0: 4e5qwt6 8h8frhq
Node 1: 6ma5gdd fxrfxcf q7rg6wg s11swf1
Node 2: 09m2a88
Node 3: sepfs7k
Node 4: mue2ckq
Node 5: lczvtq5
Node 6: lov4tfa
Node 7: q72c7h5
Node 8: brxqzzz
Node 9: io6owpr
Node 10: 440daxp abx2m7w
Node 11: 29us02x
Node 12: v1nclku
Node 13: vn31l1y
Node 14: fqchjo7
Node 15: 1wqbh4a

Node 0: 2v8gxan 5qm3pkp 65oz7j8 eepg8h6 os2zw62 tvokwou wyv654e zsxchxm
Node 1: o60xe03
Node 2: 0ds56n6 hmg39cp mhb72df
Node 3: v1hjuyu
Node 4: 087syw1 1odx31i 6eao5ga but14fj ene2weq f6rf2qw ja1n3br mebgax7 opc8nev vfl4ut1 wbuzaky yen6ug8
Node 5: 8icibah
Node 6: czy2et9 py3at0m xni922j
Node 7: dn15i2d
Node 8: 2h6m1ro 6wfs0sh 87mys6o m35qz4g tmfpilk
Node 9: 9sywmud avi23gu pn1dfj5
Node 10: 3u7cg2h dvbvf62 fiim7b6
Node 11: ojrq82f
Node 12: t5g25js
Node 13: htap1tj o3ocnhd qo0bqhj wi4nt30
Node 14: 82y2plf byeva1g
Node 15: d1md4jq
Node 16: 5f5qh6k e431smt vfispc8
Node 17: 4y1g8lr ksl52es qz4rcoz rihtmt4
Node 18: pq9btlf wvusxu2
Node 19: 0efuonl 5irr3uw l49ki99
Node 20: 4pac5uj
Node 21: 2mpsnn4
Node 22:
Node 23: 68i5z7f kyzed1g p4imr5k
Node 24: d8i37x3
Node 25: hilbpbo po4kxy1 tzuf23t
Node 26: fegx937 xrsmogn xxq7jds
Node 27: 1j90xre ceg6wv9
Node 28: aiek1es
Node 29: ei1jfci
Node 30: 3c1kc15 zyr65hi
Node 31: nq0vcmw
Node 32: c80df3s
Node 33: 0bu1vqv
Node 34: 3qyjnhs 5frc8le hlshsol
Node 35: aesugbi pz19vfh
Node 36: 7diilfk
Node 37: 95v4vy3 aokwjr5
Node 38: blk5w9b
Node 39: mwc4r8i
Node 40: xfpjdrz
Node 41: 09fli47
Node 42: 6tqmtk1
Node 43: 4rfmrjp 7ie6tzg
Node 44: y377umr
Node 45: m6o22oj
Node 46: merjurf
Node 47: y44dju7
Node 48: kfdlwme
Node 49: 6mliivj
Node 50: 05s0gm5 2j8aequ bedyebm
Node 51: 6aud22g
Node 52: uugq9zi
Node 53: oslw2kc
Node 54: eq03l7v

Node 0: 0dd541w 9o5t2s1 b9gkyqn bultg9s cy1qpd0 fjb1i5v hebqbmn j4slkpv omj5m4v tgffclm
Node 1: ecqhwug
Node 2: 2n3lt5g 4er5x80 5261q6u bz1h0mn d6mxyth h2twk69 hfeofcw r4qkj82 rka8vls wvqu3vr xetyrnz zykyj0c
Node 3: 6sk32fa g2t3lxz gm5vfuy ihaqrka
Node 4: 0fmj7cc
Node 5: 50f37et
Node 6: vh47l1h
Node 7: 5xdupgk uczs905
Node 8: qg0xe5g
Node 9: hit2eg3 mbjo8tl
Node 10: aid0b1n ji626fc
Node 11: dhwzzx0 k7nnbph qhi2gae wkrda0g
Node 12: 8jqszun
Node 13: s4zx0xy
Node 14: 70t7w5m q81ewjc tww2bnj
Node 15: 47uf0z0 eehglqd iqt5erq
Node 16: dby3tcu kha2k8q tzjz2kt
Node 17: w108nx3
Node 18: y9s1oew
Node 19: e4acb6j q75fihl
Node 20: zjbmtpu
Node 21: i34o6ws jmbdtsb
Node 22: kfykbuy
Node 23: qhtoyu5
Node 24: 23p65lh
Node 25: 3k7xcis llnn4jg
Node 26: zismndm
Node 27: f5cdhby
Node 28: lvlfmgr
Node 29: svwb7vj
Node 30: gfvbio7 ktadtuo ytd989r
Node 31: io5mrsf
Node 32: 5q3gtqy
Node 33: l5jcjui
Node 34: dsq6crq
Node 35: d9scsdr
Node 36: 40ekuhu
Node 37: kgp4rew
Node 38: w6bisqs
Node 39: giifdev t20lcee
Node 40: pqu8y43
Node 41: rar08a4
Node 42: 4wud61z
Node 43: eg9h230
Node 44: vt5nspy
Node 45: 1sd4kir
Node 46: 90qt9iq
Node 47: msztsll
Node 48: ax27nuu
Node 49: v9w4tc7

Node 0: t10u7ji
Node 1: 2c59hw8 guuqvrc vk9a4xb wvva3cy
Node 2: dlmv59c
Node 3: 8mwba6b 91gbbcm jrn0inm kdn4cwq qgnzmxj
Node 4: 3dw9kk1 k390wwo l4lphsh te10dk0 wyyq5zy x2a39nk
Node 5: ubx7qv7
Node 6: laxy4u7
Node 7: 51nlge8 78j2ko8 fy0mz8t soouq66 zycds1g
Node 8: n1ra2ii og9vmk0 qhzd9fq
Node 9: 2gf8ypk
Node 10: pm3fxmg
Node 11: nloi8ta rjyf3fc ugypsh1 v39unaz
Node 12: of42a7f
Node 13: 138cqhq
Node 14: bs90cj0
Node 15: 4kp6ndt vr79ug4
Node 16: bvvik7k
Node 17: u2cu5j9
Node 18: om3g2bo
Node 19: cri732u dlamujd k0sbrz5 kfkfw8w tyyunr8
Node 20: bxe5xyd m06ucoi v4zw1gl
Node 21: zztq2y9
Node 22: 8n3zi2f mql8mwk
Node 23: hwq4g5p v109bmu
Node 24: fa8rff1
Node 25: 3w2wk2q 8obo13w gqlhs29 y38obwc z3nqw52 zcp6h0k
Node 26: cngfypt
Node 27: lmxyze1
Node 28: wn2s8bg
Node 29: szqlcs3
Node 30: 0ei6hd2 gzmhf6p
Node 31: ls0n3oj ukx8a9c
Node 32: xzook1m
Node 33: xkrp8ba
Node 34: 7tkq46y gk25vdq
Node 35: x4nrard
Node 36: xo42l3h
Node 37:
Node 38: at8nts2
Node 39: e017mao e3lr5we
Node 40:
Node 41: 1gsry5k
Node 42: 7gxfcf4 9p5t2uk
Node 43: as9t6oa zbii7vl
Node 44: 8v2jjbv
Node 45: cdbv4fm
Node 46: f0u8mta lbfw3hr
Node 47: ufl37ek
Node 48: nvhj4q0
Node 49: od340jb

Node 0: 00kg5rq 0bszsb1 dhtggqn hcqqsc2 hd3lgp7 pe1krlk rg62l60 yybjksn zytlo5n
Node 1: o5uoff6
Node 2: 16zveuk 1pxvrr6 211s68e cwxc4gm n1nefkn qw94fy7 stl74o5
Node 3: g1mw4h5
Node 4: ae3tkv3 b0348nm bl82qgr uzvnzv1
Node 5: 2ppihmo 7fsouh9 91uk7oe py55wkb
Node 6: ih2294k
Node 7: 0e10uqq 4kvmsqf
Node 8: n8qx5ee
Node 9: z3fnjhg
Node 10: 8184clq 9jdle70 c2rw56o hxqn91y
Node 11: ani6mmy hluvyum lgucurd ll2tfu1 uuudin3
Node 12: 37akzce lubly8j rr6331j
Node 13: 39zhrq1 3gwmzd1 plzn4y3 xwtfioz
Node 14: imexq4w
Node 15: 2rq6knc 4wyhz49 fiv2bkb v5v54d4
Node 16: jvun06o keasti3 ucnlwmw
Node 17: q1gfh0a u2fhoku
Node 18: ajvbae8 c1lox04 z1eidp8
Node 19: j8i5mnm
Node 20: 5c3jtmo
Node 21: ne12usk
Node 22: 5pd9aw7 bx5a5io q3eun95 usfpl3t
Node 23: 4nx7zpm
Node 24: 2r1l7be h3hbfz4
Node 25: 4st9qt0
Node 26: n1ehaus
Node 27: hnyvcuj
Node 28: l5zmgrg msyls1k pvy1tm6 s2szq45
Node 29: gcsn402
Node 30: 285isyl
Node 31: t4b3vgo
Node 32:
Node 33: kcxxjl9
Node 34: apxiub3 pwq9mzx
Node 35: yjeks69
Node 36: 9hv16uv f6mr9bc
Node 37: ggx1fjw ihjogth
Node 38: nqqwcx0
Node 39: wcvz5if
Node 40: cm7xhow
Node 41: xax7www
Node 42: cttzwc4 ybrk7gu
Node 43: ywhbcjh
Node 44: c0s6f0r nactja0
Node 45: ljj9l8r
Node 46: 6eag15f bppxloh to2ah7x
Node 47: 43efccc
Node 48: w9rn2fh
Node 49: wrd1j90
Node 50: m1ewife
Node 51: ut4hu2h
Node 52: fqn0wfh
Node 53: ltdquxd
Node 54: zw6j4k6

Node 0: 1ix6axf 2jb4st6 863d30w ayzpnve bxrq49d g3dem4m ijbpaez lv37zeo pu4hdx0 s4mn4cl utg0sn7
Node 1: cf70cn0 ep62sus
Node 2: svx24wn
Node 3: bof3rd6 lhkh304 taokke6 wbv2bmm
Node 4: uvuovyv
Node 5: w3ijg8d
Node 6: 3dgnxgb i5scc34
Node 7: 1yvytw7 eh7sn7p ovei1om v82oa9k
Node 8: 2u46q8m
Node 9: i7pozth yl3ceje
Node 10: s1rxren t8m44n3
Node 11: lu3vzmr
Node 12: 8ad9drz d9l9c6i p97vz21
Node 13: kj47kx1 ya9195n
Node 14: f7vw2pj
Node 15: gm2ma7u
Node 16: qtgowws
Node 17: 33i6020
Node 18: 9vb8x5m hjwbe0r j03hchl
Node 19: 9e3ggts
Node 20: 20plcdz
Node 21: 82a7i56
Node 22: 840rv59 cw1dq8u tq0lg51 zt6tjaj
Node 23: cn23795
Node 24: 0z2evzq iqinv3s
Node 25: bs3zmrj xzelw2u
Node 26: cmpilaz
Node 27: txt5lk1
Node 28: tdvmjcd
Node 29: 0am4h0z 4wee4iy
Node 30: jm3mqcr
Node 31: fpupzr3
Node 32: ffbm1kg
Node 33: f9ed31w
Node 34: 66u0vne nslp54j
Node 35: 0ruavh9
Node 36: blad605
Node 37: cyttm1x dzy4n89
Node 38: 4w2fr6k
Node 39: z0m7alm
Node 40: 1ym1j1k k9dhqbt
Node 41: 63upst7
Node 42: w4svi40
Node 43: z6jph96
Node 44: bsx48bn
Node 45: iqo2zro
Node 46: z52r12g
Node 47: hds2m1n
Node 48: 41pmsj5
Node 49: 6jdq36t
Node 50: ifflclc
Node 51: 46q00jz rg1odqj
Node 52: kqbr6zt
Node 53: p1szpvb

Node 0: 82ax3wp
Node 1: 3xd0vsb 7pxi9ym htek5hb q39g5au
Node 2: 0n5juvl kibillx
Node 3: 1xsodt5
Node 4: 7ydoghn 8uzcdrz h8v4mgn
Node 5: fjsvknx
Node 6: p6elepq vsj2vcl
Node 7: 09whzao
Node 8: vvba17e
Node 9: kc2b5mf

Node 0: 2qpuind 78nczhl 80cc60y ejpij8b fseg8sl tk0ulp9
Node 1: 1bvqjaq glqcoo4
Node 2: a7lr22c ayjh5rk d5nqd62 kfpvdw5 mzbwio5 nmzw3iy uv05h3g vpbsc11 yd2vwj2 ynw0i4w
Node 3: 16m2w5s
Node 4: 0ii2uq4 iw5mm7a lfm78qk
Node 5: 1s5hnjg
Node 6: 1w6keuf 3di7muu 5a676op bv1rzh8 fv94ojl knf1yht knno9vp n5ct8sk t0ys6p9 uyvfte0
Node 7: 4s1i9kd
Node 8: rzopvnr
Node 9: ki3x252
Node 10: 4tbul3t
Node 11: aoukii7
Node 12: eryfwhd ftya0hp vzfi4ya
Node 13: gp7vrk6 q64nqr4 qwfjxro t5bnhgw vttwbe9
Node 14: scoezs1
Node 15: q1ncpim
Node 16: 2llpyto
Node 17: 5kg67ih odm5zvo
Node 18: gvlryl4
Node 19: 9um5qrp r4gqnmn
Node 20: 7xdos1a adbjokw
Node 21: wxfu7vq
Node 22: bbg7d2c
Node 23: 5qiulo7 gndoxxb s5cxyiz
Node 24: s8o5t3e
Node 25: pc5ozvq
Node 26: nklky9n
Node 27: rbf35ox
Node 28: 11n9ci7 kwhu9sb o9qcngg
Node 29: qdy8rph
Node 30: npehyj6 sorpftd
Node 31: 1lc8m10
Node 32: q63507u
Node 33: 97a9xkg
Node 34: jk182ua nfm6yww
Node 35: fevacqz
Node 36: xcfa8kc
Node 37: 393u7qg 5pcfl6w vmoict4 w2pf5vy
Node 38: 6uqq474 ohq9fiv
Node 39: ubfgq07
Node 40: 3ld4j30
Node 41: 204a8ly
Node 42: bs451i0 lycybis
Node 43: 5fns2vg
Node 44:
Node 45: 1uqcigl
Node 46: he1zwly
Node 47: ymigeq1

Node 0: bp4lvn4 jels1he xb435ug
Node 1: nze4php
Node 2: 3mjcckz n53cjmm
Node 3: 0sam3ej 5v1ysbc n0q01ra
Node 4: hhytacp hjmphxk mgin0fb uo6v4cg x7ccily xqywkqh ya140kh
Node 5: kkxi0xf sdxdk83 yds7ptg zccuizo
Node 6: x6ibo7h
Node 7: 31mf53h
Node 8: n0u31zs
Node 9: cw7i5e8
Node 10: 5444ecf f4enmv2 y4qaoky
Node 11: 3ir2g8h
Node 12: 99gzf18 as5zrus sy9xsbe
Node 13: 456wl7h 76wl417 ze6fkqc
Node 14: mfyqubt
Node 15: ry19674
Node 16: a4zit8i lw0y5xu rbfto72 s109h39 xyb2ojv
Node 17: 8o4b6fd
Node 18: 510lipy
Node 19: 4nrsqur
Node 20: kdc4gqv
Node 21: 9c6tnpp
Node 22: gcduo6o ph56hts roiasz3
Node 23: crvqrkv
Node 24: 2ckoy7b
Node 25: 80dv3nx 8yvilis gi1mjjm mswda0y
Node 26: g0wgx0a
Node 27: 8ey9ejk k7784t0
Node 28: edvno9q k1xnzpg
Node 29: 28m5w3k jidwtsb
Node 30: 4t7c3br 9yglkdt ij176gw nj1tgn0 x4dspb3
Node 31: lbj2258
Node 32: brk1dse
Node 33: njv7c9b
Node 34: cmlno7k
Node 35: 2qwsa7x r3kh3mk vyrtvnd
Node 36: 2zobgkb ow6jm10
Node 37: ipl50j7
Node 38: 66yl1wq
Node 39: 07l5yc0 7twdi7g resri2b
Node 40: lh041e4
Node 41: 2zuhn60
Node 42: 42ya1mt ay746pd bqm78lm
Node 43: ytcbiay
Node 44: f7qq3xa
Node 45: kcowjtx
Node 46: 2jzd16r
Node 47: vdik0pi
Node 48: jcn8qvq s0ju783 yu6brpe
Node 49: i6xiuld
Node 50: od1iuao
Node 51: cvh458a us754vs
Node 52: r2z9wd3
Node 53: 7vi89kh
Node 54: 4lizg78 z94n36f
Node 55: 8aow33j
Node 56: rth0wt2
Node 57: 0af2hr6

Node 0: 7tguip6 iua6gyk
Node 1: gzugy6h
Node 2: 7y6ikyj rh1rxqi wa7h68x
Node 3: cg84mq8 pqtb73v
Node 4: 7qjaizc t3jvzzy
Node 5: 49bjx78 4vvgnwe asc3xbk cmylple dc8h7i5 igwi3is
Node 6: 6hmw0rc p6ywlwz ql9g1kt tlw0e1s
Node 7: 4ts0lby
Node 8: 87875m9 y273vyg
Node 9: z0snjwx
Node 10: fejz5d8 gm5t3f5
Node 11: 31u0dqs 8zmpxwv can941a fpf8cme vwyeb0j
Node 12: q0cauf1
Node 13: t5a7zf7
Node 14: oa2juyl
Node 15: qqshbzn
Node 16: rkn14ho
Node 17: se20uvh
Node 18: 2ux9ih0
Node 19: h88gdeh i1tw213
Node 20: cp4rgr4
Node 21: bw6z1bx
Node 22: lsozjb7
Node 23: 5gtqcie ed9el8u hc0vh5n
Node 24: qo1ak21 zlgg3j7
Node 25: la0ec9b
Node 26: gq3ibcp
Node 27: blowy4e iccaobj
Node 28: rj08adt
Node 29: bp7cfaw om06j4b
Node 30: 6jgocg0
Node 31: wtcgh10 yavqmod
Node 32: 58o9agk p6uybwm ziq46br
Node 33: wgqbt8u
Node 34: ujb6izf
Node 35: 8j40552
Node 36: 2ovkj8c
Node 37: 9h2hvnw
Node 38: 2ykwhja
Node 39: svr9j64 y1d7wa1
Node 40: b86iaee
Node 41: 5nzqck8
Node 42: zgcp5qw
Node 43: ny6dwuq u6n5rsj
Node 44: hxzix9o
Node 45: hrifnxn
Node 46: owy9eos
Node 47: lg79a4o
Node 48: e4komel w53clr7
Node 49: 2o9ceh8
Node 50: ychruil
Node 51: 9h9zu5v eisg04h
Node 52: vs5e056
Node 53: 5nyuc97
Node 54: h695f00
Node 55: 832unbq
Node 56: 16uotus
Node 57: 0tx6gem
Node 58: xg6d6pt
Node 59: nxl4tmm
Node 60: s7arl03
Node 61: kj5hzs2
Node 62: d80dqcu

Node 0: 0p5a4c9 3ys2e9c 6ixmgeo 774bo45 7cbmgca 8pfhnny aouu36r dbmimtf eud09mc kbst2cw lrrkcpo rl0qkf2 s4czh8i
Node 1: 65y07rk
Node 2: gb73miv
Node 3: gt2vr0r ujt2bw4
Node 4: s9lyhm5
Node 5: bjnkun3

Node 0: 8k0d5tt fdav6ey h19mb6g kty6fvx pi13tq5 y4ctlsg
Node 1: 0pofcs5 8nia5p0 8uv0q0x l3tepl8 lbiscg2 u2m5dah
Node 2: d9ies7a
Node 3: np9xtmr
Node 4: jzdhekc
Node 5: 83mriyg m50un32 w2jvu13
Node 6: 0jxer3p 1cvigzk 3fnzclm 5gdoj5c 8znmbcg jlzl6ek o9rw2yc tbowc6d
Node 7: 18bhiv1 58ugzh7 cojnfq6
Node 8: 7oxgd3x n1upy8j
Node 9: q9pg9j7
Node 10: 1p4kttu fcu9be7 isj4tol n8v94v3 rxdljdp
Node 11: v9thxv3
Node 12: oyddkg7
Node 13: j58mrhy psv4h5d uno0ayf vqyaxgz
Node 14: 3sj6kli
Node 15: 6e4fk3z 856cipx ldwhfic
Node 16: azzou2t
Node 17: cpjzzei
Node 18: edt1xi6 ju3kz2i km3t9s1 n4jn3f2 uau6uio yobow8t
Node 19: 5l7j7zx cui6gn1 gvbgzcs
Node 20: um5fhxn
Node 21: apodf06
Node 22: nuuptlb
Node 23: pdyr7y3
Node 24: duw5j09
Node 25: 8dnruuu xemi8oa
Node 26: zkmh9yl
Node 27: ipphjgi
Node 28: 45ajrlu
Node 29: 2fraeev
Node 30: dwljihj
Node 31: m21mptd
Node 32: ernffbn
Node 33: em8blhy
Node 34: pqzvo8d
Node 35: a8pxpnx
Node 36: 4z7lwi7
Node 37: py3cxgo
Node 38: efrsp4q
Node 39: 8h5gf7v

Node 0: 9ax00ty age186u bn380kd czvqtr7 hng1vry ir0n35o itxi3rs lq29ckp lzfj6xi tonez0d u0rtjq7 zypu1sw
Node 1: 2gbavv3 501fa4e 9nasa7y erpzgmu i7m74ie
Node 2: gr1etkn s6pm5j1 u7fr69z
Node 3: izfzyao
Node 4: 1wfvdgq 6bp2q89 iq874he r63cufq
Node 5: nbil3ph
Node 6: k21177e
Node 7: 14mhxvn mvwofkh
Node 8: 1st8jz4 a9rcyh9 gmoher4 tnn29nc
Node 9: 6uxb3ec cp6g461 i5pcbrg
Node 10: 4t8nkhd d17gl30 qbju6l5 uq7i7vh zzgdf2l
Node 11: 1jvbhwc ovp10hl ty4iacm
Node 12: w4f8w90 wbd4djn
Node 13: gv6o98x
Node 14: ubv382g
Node 15: i82cg62
Node 16: gwiok6a zdfi810
Node 17: nag9p34 vzak82l
Node 18: 9ecx0b0 u9lsxti
Node 19: soeubnn
Node 20: cm6yecp
Node 21: f502dgl
Node 22: mjtgbjn
Node 23: fg5vhjm mlxqeol n6ovksj
Node 24: wavwh0f
Node 25: dcthj2g pxo3o68
Node 26: wxegwxt
Node 27: 80n0ei6 myaj6cj ob3xwe5
Node 28: hljtyu6
Node 29: ld1c0x6
Node 30: 4f3ze1b
Node 31: h3rizu3 hef9to4
Node 32: sry8am6
Node 33: 0yi85l5 51uwxup ll4629z mxtohcw syu5fge zrd6gms
Node 34: q85irbn
Node 35: wfdakzo
Node 36: wl66el8
Node 37: g0f91lc gx1t0n6 os17szj sx3p9pz
Node 38: l5x7c8b wq0466z
Node 39: y2fdx3y
Node 40: sse828q
Node 41: 9ici7f0
Node 42: b8arolo
Node 43: n1e46so
Node 44: hbsvp0g
Node 45: n56u39u
Node 46: 7gkxjpy
Node 47: zjclk1h
Node 48: 5oxm8uf
Node 49: u4cxfus
Node 50: sr0vafq
Node 51: b7u6387 gn1zy49
Node 52: 80n4wuy iv5dy9e z4zqs5k
Node 53: 84qyuir
Node 54: yb2t2zb
Node 55: ox9hn21
Node 56: knhzt89
Node 57: gfo2h6e v2b6oz0
Node 58: 88rf0yv
Node 59: 6ggqz40
Node 60: irqay58
Node 61: 4fm4xa7 z13vb9e
Node 62: b7p8kbb
Node 63: 1o22fuz

Node 0: zzcgh81
Node 1: 5q9kfmh
Node 2: 6irirun brrhf39 ktzf442 mz5zv8k o1tlu3i o74uems ou3c4ej pft5f3o rlcgmg6 wno0gbi
Node 3: e4nsc75 j4qohg0
Node 4: rki1ihu
Node 5: xurloq9
Node 6: ew7m1fy ikyqu5m lndbw8u
Node 7: 125kns4 mdl421t
Node 8: e2001lo f4e6f78
Node 9: p56uzfm
Node 10: x1xta5w
Node 11: dhv3xmz mqz4r3j oqyuh1t
Node 12: dh0zbd1
Node 13: 5riyaea
Node 14: r1vokeh
Node 15: cmcd8xd h2gaec1
Node 16: 9tjtcph af1v76e
Node 17: 0zlb87g 150fuil
Node 18: g6je3m3
Node 19: grgvyaf mjek49f
Node 20: ouhpeds
Node 21: 7b02se1
Node 22: 9fnf3x1 c96kj6f f3jbnwm
Node 23: zw8xj7p
Node 24: ueukkph
Node 25: 4m13cye
Node 26: v48ahl6

Node 0: fl8aqbe mz8ac4o qmzz896
Node 1: g9zjep8 k5k80rb vsjvf00
Node 2: mt4nn4u
Node 3: 5yi43tu
Node 4: 4ysalce
Node 5:

Node 0: 5zvqz4u 665sag3 8ib4i5r ccugdzf f2hi15f ffzt8dd j05qzxq msap5sq qdq3v2b upcusn6 vgjabln vxtrnxb ym5x8bn
Node 1: 1ymcfjr 6h0l6bm d3idemc rs19662
Node 2: vcao2j9
Node 3: 04q43pr
Node 4: uhjse3o
Node 5: 01frkpc idzcaz5 np6j0fe
Node 6: 2na6veb p5229zo q4p1o4i syn8cbc
Node 7: ibjp48y
Node 8: 2g7aa8v
Node 9: 2aknk6a
Node 10: 40x73ns
Node 11: mfnyjvd yec3otn
Node 12: pxr1xvs
Node 13: mru4tef
Node 14: qr0ksp0
Node 15: 0f6texz 9gnlezh mvogji7 u7jrio4 zz6u638
Node 16: rrt6eje
Node 17: 0iyel71
Node 18: n1sp3qe
Node 19: 6i7cuog
Node 20: 1tphepj cvcsx7a
Node 21: 40j5why 52u8olf x1v90js
Node 22: yyin68m
Node 23: 756i953
Node 24: o4f5yll
Node 25: f1kkvrw
Node 26: ibi0prm
Node 27: y3p3ut8
Node 28: 0jpg856
Node 29: i04leig
Node 30: ragjlg2
Node 31: kjjgd3d
Node 32: 96wxt00
Node 33: u1cvyoi
Node 34: rgve41c
Node 35: oplbf3a
Node 36: krr2uxd
