Node 0: 1d2e4rh 7naaxbj ccwt68g em004g5 ewsaok6 v5br3qx zlchbub
Node 1: 6i7xfrs 6ubfb95 7uk4gxg ba4w2hn bax3mz8 l496tut t62rjjg tou99je xnieai7 ybjtsay
Node 2: eqoelvn
Node 3: le77np3
Node 4: 2ge5tf4 rszak3k t12g5w4 z7xy261
Node 5: c0fa334
Node 6: z7hq32n
Node 7: 5hr2ovs
Node 8: 1nqc2td 1zg0grm 5uvxqpk bk6bb31 tbzk6wi xwue744
Node 9: 7al1udj n9c4ym4 x7r0vwx
Node 10: 6vpjkg6 6y0m3e0 79uk5wi itsw9vd mwi2qx5 ol76bcn
Node 11: ckw2ldw
Node 12: wq49je6
Node 13: ejd9r2i w1n4ob8 xvds754
Node 14: 38rcplf
Node 15: umoss7t
Node 16: 16ipe69 rtc0d5o
Node 17: 2p3owdb izd44px soznpkf
Node 18: b35udsm
Node 19: heua2ky
Node 20: fp5xnr8 lggmyik x9prdkp
Node 21: 25j0i4y
Node 22: 7kigh01
Node 23: 94y5b8c fpm7yin
Node 24: zmuydiu
Node 25: 3ctlib1 pz3xsab
Node 26: hn2gfal
Node 27: 4k7cyvh
Node 28: vcl9k9k
Node 29: 3s22fu9 bhex1qp cjj9xau h88khfn
Node 30: 8zavk1b
Node 31: j5jkykf
Node 32: du55rf8
Node 33: 1m9sgzv
Node 34: r09khcy
Node 35: krdc66o
Node 36: dctjwru
Node 37: hn9119y
Node 38: ebu7vdv klm3hmj
Node 39: eggtlg8
Node 40: v8jnyqb
Node 41: spryy66
Node 42: 6dh9e1v
Node 43: tjl62cp
Node 44: rwc3act

Node 0: guvnzdk
Node 1: 00mm0b4 8ytcgs4 eqdwdqv n7x5xdh u5io725 yzr6ce5 z89tigs
Node 2: h16bzvz
Node 3: 17vlm92 ajtxfta mtl1qi8
Node 4: 22zjz33 edserf6 qyzbqwm
Node 5: sms0gi2
Node 6: 0jjipa0
Node 7: af91q3h
Node 8: 7vloexl l0dm3m8 nlwtbs1 rofd5qz ypg7cc5
Node 9: 709za8z
Node 10: lm86ulu
Node 11: igok66e
Node 12: 12xzrv6
Node 13: 5nq29lp
Node 14: hhlyiff
Node 15: aruiegq ntleu4d
Node 16: fbjume8 l4yho67 tlojmst
Node 17: c8kcokr ocuuldm
Node 18: hpkdl9o
Node 19: wvhyzrg
Node 20: daw55w9
Node 21: 1e5hmy8 zxq2axs
Node 22: umc1vq5
Node 23: gffc2q8 wlcis2i
Node 24: 36okmz0 va5y83o
Node 25: e1evn1r
Node 26: d8zb8kg
Node 27: nwg6yac
Node 28: 2iw351k
Node 29: w21z2zv
Node 30: kr9yl6g
Node 31: hx0jilu
Node 32: w3iywzb
Node 33: 6pyfuk3 o577566
Node 34: rfwpi0l
Node 35: ut92fb1
Node 36: mr68vex

Node 0: 291m9d0 4uo3hjp 7o6qmfm lmfln2h ol956fm
Node 1: 6e7226e rmna8fy zbf4sp0
Node 2: 3t8ce6k urkndzk x84tu3w xxea5sk
Node 3: 1m0sj3y ukxvr0t
Node 4: uo2l5jd
Node 5: 7ebna97 d4zglxt fmnibew kxizapb lai1tpa qh6arod
Node 6: 06703p9 0kp1nlj 3ok90tw 4dm393i 89tri5j 9lhdftb 9qw4vug 9td4hsr 9uuimo0 cjn86g1 dkkpyt2 eageeep for2toh n5eh1l5 oamvyvv qrovbes sdv5urv tjwqiqo zqzu66g
Node 7: 4y2fuoj ka0anif
Node 8: lma5gfx
Node 9: tqy5qt6
Node 10: g6p2qjm qxtqte3
Node 11: fio992g t8e988d
Node 12: 0g5vc1a
Node 13: 4c4m16c
Node 14: az3qz90
Node 15: z7pnnwj
Node 16: 3n7eoa7 siapnp6
Node 17: o7lwg98
Node 18: c7mdo50
Node 19: skzcmen
Node 20: 4j233ei marprp8
Node 21: btjzvoc
Node 22: tj8zetp
Node 23: ju3jq2t nffh9h9 vhx5po7
Node 24: 40xuu5w
Node 25: gelze6u
Node 26: 1vsuore 3e5emit
Node 27: ukzcjag
Node 28: 7jij7v1 fw0tu9f g2kqt3g r1wmf19
Node 29: i2xd88y
Node 30: 92qbvz6
Node 31: hife3lw
Node 32: huednus
Node 33: ek22tvx
Node 34: a8q7mh5
Node 35: 1rcrwc2 luzblis vwkfbbk
Node 36: a71hffh xgl4rz4
Node 37: 0stibrq
Node 38: d2bm9hf
Node 39: l0ryw2t lu6r83g lye5mhb
Node 40: 54fyba0 jn96789
Node 41: ndw6k67
Node 42: g7ziayc
Node 43: xmd6vci
Node 44: urhqs42
Node 45: 44xb2hp
Node 46: jblosfe srktovo
Node 47: p8eixp3
Node 48: ywhdvne
Node 49: 4l2098l
Node 50: 929pfgr
Node 51: 5p62utx mrot5t1
Node 52: rl9qvam
Node 53: emg24e0 wlfibwr
Node 54: elnu2li
Node 55: 38edfds rrqy9fm
Node 56: nbtkst0
Node 57: yp0ye86
Node 58: 98ie4pl
Node 59: q743b2y
Node 60: milvj5b
Node 61: n5v78il
Node 62: ddnjw05
Node 63: x7460zw
Node 64: lkobfk4 t8jmeos
Node 65: zhd9c51
Node 66: iik6bs6
Node 67: yixqmf4
Node 68: kd982q0
Node 69: dxa9m4m
Node 70: 5458srx
Node 71: n43lv8i

Node 0: 67y801c
Node 1: 8yj7n3m 9th6f51 c74vxpm d80n3sf djwgma3 j6ssscw l6jlthu nd6r240 o5mrgy6 q7p5yr2 r3l5vjp teg5vd4 y0fvl0p zedpmkb
Node 2: nou8qjg w1fi8hm yp12wxy yvqvinw
Node 3: 2lr71ia 37iht65 6d4xxra matn7kh skmz111 tt09g4e
Node 4: 8m1ybqx bgiyhoy
Node 5: 9oidiu9
Node 6: 7em1365 eqzvxku g556fgd htr58gq o7kcq5y p2v50jt
Node 7: pkqo7el
Node 8: vuxdjtj
Node 9: 5b5zz5k bxtaxbv cvod58y p1qj7un
Node 10: 9k1f6oa cw9lsjt penw2xd
Node 11: mmkry03 yvv1kz8
Node 12: 00h567l ahah6tb zys2nts
Node 13: 0ljs2lh nzlof6l
Node 14: y3kfkmh
Node 15: xsspr1c
Node 16: 9q1u42m yx0ypoe
Node 17: pz04b88
Node 18: 0ogdmn3 2op796b hqv2h22
Node 19: zyhre0k
Node 20: sw5m0u3
Node 21: gtstd63
Node 22: 3d9zkn8 d09qziu g2y3b21 l6t4xcz
Node 23: b0motro
Node 24: 4t71vxg wo0yq4z
Node 25: ssf681y uxljdj9
Node 26: zs09cvi
Node 27: 4j6wd3q
Node 28: n83559i
Node 29: m09fxbn
Node 30: kd7rklp
Node 31: ci8yswi
Node 32: sdqn1lx
Node 33: 7px9lt8
Node 34: 68y61n9
Node 35: 3qlqc4n
Node 36: xf82ghi
Node 37: 1z1cvnr
Node 38: ucceba4
Node 39: 5bekxu9
Node 40: q73hnwz
Node 41: anf5fi2
Node 42: ywii9de
Node 43: 22m4i6p bozclry
Node 44: h4hoerl
Node 45: bokyaex
Node 46: 5d0xnl7
Node 47: omd50f0
Node 48: ds2e2c8
Node 49: ykjd3al
Node 50: pljwsl6
Node 51: w9y37dg
Node 52: iyodnnd

Node 0: 02c86s5 11wlm36 1pxks7p 250gqvk 91ksjeg oq207o0 q3xayg5 qse7jfg
Node 1: 19t8g9x wvtw9zj
Node 2: wep0j4f
Node 3: a6shp7i c8wjuc6 z8gtepc
Node 4: 75p5mnp as3sq1o lugticp qhb2i1r rl5mrr8 wo4awrc
Node 5: drj2t3m iwb7yq7
Node 6: 27d8iap
Node 7: itwaqqo
Node 8: 4f84qg1 dj0udga p0k2ufm svtxft4
Node 9: ea2b14y wy65s3l
Node 10: pehltsc
Node 11: r88mgd1
Node 12: psm4zoj
Node 13: d9e8ybc
Node 14: opfekta
Node 15: 1imcpk2
Node 16: vo8pjmx
Node 17: gynb5cz
Node 18: hiyof7t
Node 19: b9rxu2r
Node 20: lbz3i72 rsaabr5
Node 21: x8zmej4
Node 22: uzl29ed
Node 23: 7043980
Node 24: md6onr0
Node 25: cfcldgy

Node 0: 1jy8wtt 7gh3yt8 blgr7q7 h7ikfx7 nw884ew rznnxtd tj7vysy
Node 1: 0lc61v6 4na45fb 6h2uuoh en3y21k gehz82i of953dt ra7lnoj sd5iepo sfiq9zc tuyky82 vkbm5fo zhx3xvd
Node 2: 4x96n41 d4c4bf8 hjw8kab o5kh8lx tvudjwi
Node 3: skb1xio
Node 4: zeasy0z
Node 5: p980aqs
Node 6: 1e20h59
Node 7: dplxs51 nf3t3q9 szecril vbo9q7d xlhqsjq xudd6b9 xuveqoq
Node 8: pgfpo22
Node 9: btpcf92
Node 10: 4frlv14 4iii9zv tw0leum
Node 11:
Node 12: qh1da7y z2gkbdc
Node 13: afzymb6 toqvv0m
Node 14: kmuvqei xbnfhrl zt3696b
Node 15: 9oxtd1u bsud3k4
Node 16: kr8shk5
Node 17: dfsb08f z4swee1
Node 18: oy09ckm
Node 19: hkztb5q
Node 20: paarnys xlx6k5q
Node 21: sqh3gvs
Node 22: akbrdk6
Node 23: f5dvsu9 nio54f4 nsa0vfm
Node 24: gbdvlu8
Node 25: 3g7wa6c
Node 26: abuqw8s
Node 27: 42m8nbq e3h8i0s
Node 28: d7qgeu6
Node 29: vlrlbdh
Node 30: vsggne1
Node 31: rs0n439
Node 32: aim4tvu hm3d030
Node 33: 9t9vewk
Node 34:
Node 35: bskk9ri
Node 36: 8uw9gmv
Node 37: e7l7b8b

Node 0: 0c0p08p 1y5os07 2rzh0oe 6afkluu 8o8p5sb 90tw02u atkhplu eb6v5y9 ev4aunh finpvxa g4klped h05z42k nrz98gs nwuuksn q1q2v15 rtg3he2 s316yqj sdqu1fd xd1ucim
Node 1: q19cxjo
Node 2: 6oon9m7 7qteklm 91rffty nkus28v rlft8v9 ruopqus uxdk59w yebzq9i yhmkrfg
Node 3: akkui8n t62holj
Node 4: 9bdaejp imqkayg jb9mv0i
Node 5: 9hlmiik km2m4o4
Node 6: 319s72r a2yxg1c mvbbw02 zqf6bsa
Node 7: 14xyjna 3kcc7nj 784uyay fwyohkz i0xloej tv7xxcd
Node 8: 1dmgta4
Node 9: 3ydc2lx p12yrfq
Node 10: j6xei9u xnnyqbb
Node 11: 44euuoe c4wdh2s c539psr
Node 12: fb7efpd wyg9wrx
Node 13: 02n0u0q 2m43wq1
Node 14: gaf9g0k xjc281a
Node 15: sqtofm2
Node 16: 4f1cf43
Node 17: hiuhbn4
Node 18: llnhp84
Node 19: 4qexpax d5cngw1
Node 20: bcpjsft
Node 21: l5uoh1r
Node 22: rly7r4g
Node 23: 9rrvsa4
Node 24: 4wcrflv
Node 25: 6lkghz2
Node 26: bcyg224 gsp7l8s
Node 27: 57o771l yotosnk
Node 28: hc2hral
Node 29: 1vejcfx
Node 30: oehj0h7
Node 31: hm34jkj
Node 32: 2xs1k4c
Node 33: wxmmx7g
Node 34: ihe0ie6
Node 35: 3spf6xe
Node 36: gvfjxqx
Node 37: eh1ah49 gcwaj26
Node 38: 1w2wjzv
Node 39: ljrc1sj pmhgvod
Node 40: fmhvwo9 fxnbwhy
Node 41: vji9hbn
Node 42: exv3aoq
Node 43: 65p2sx4
Node 44: 5ckt02g
Node 45: d1edgdr
Node 46: z1wginv
Node 47: 30p50ve cttwj66
Node 48: 359auxh
Node 49: 7ev9c66
Node 50: 6jfrst7
Node 51: ema35ue i299l60
Node 52: fk5hjzo
Node 53: 8z3giw1
Node 54: jos4xty
Node 55: 60j1dt1

Node 0: 8xupq58
Node 1: 201vk34 n3txcde pl3uryg q9kdv8g uxtfa8a v6oiw5p x1r7quk xwmwcqm
Node 2: 9v03jf6 d71o6vs xiacpuj
Node 3: kxs4j8f rvkluzx
Node 4: 5kxzw2w xzs4ufc
Node 5: qoy7gsa
Node 6: baeqw5f
Node 7: 42b1bqd ilj6yrg ptk2ozi tocxhok vqgqvee
Node 8: gph916e m9fm4ah nnlnz1q oz1v982
Node 9: ykgweo8
Node 10: k6sw89z
Node 11: b8idbog w2f3rxp
Node 12: 1kdw4ul
Node 13: eeiqzh4 p364mwh t6m3yld
Node 14: ql5vwl9 zjzu33j
Node 15: a3tdyzi jpvr51l mdeuuyr wdzaaj2
Node 16: 7k19bzj eu1gyav
Node 17: 62r4kub
Node 18: g4nkzpj mxmntu9
Node 19: 04mbqi7 fn3qihf ssdv05l
Node 20: ud4bayr
Node 21: mwosze6 rcrv6oa
Node 22: ubemga6
Node 23: 6kmisa1 kosyhhc myvtxw4
Node 24: d8nilzs

Node 0: 4mm8dp6 7e0alz8 ok5kdl2 q4eoz0q q5i7rke wk728hn
Node 1: 6tzikeh
Node 2: 6wtgtji

Node 0: fnfw1dt jbeu6lp
Node 1: 65f4y7j 779ymr6 7h72jvg ivypp3x ptt66bn w0ivwub
Node 2: 6nwdo3r 9niv36r 9o6uq8h
Node 3: 8zvisgr g88w9n7
Node 4: v89s6ms
Node 5: 39ft4q7 wf7sfcz
Node 6: bf9c4tb id4sfr2
Node 7: dwhkm17
Node 8: 0cbtbpk 5ppq2x1
Node 9: 37ge5gl h7pqijn ld8fpdd u6ogm9k
Node 10: gls7wo1
Node 11: kc508jp
Node 12: lzt01me
Node 13: m4trpny
Node 14: 7a6ghl1 pyo2akh
Node 15: 4cark7b hro9brx
Node 16: olqlmmq tfqbmks
Node 17: a0jp6jx ls1fil4 vhpbx41
Node 18: byahdor
Node 19: hb54u7c tspamfg
Node 20: bihop19
Node 21: m2cse4h tnja1iy
Node 22: 0w8ihbg
Node 23: sfbwnmc
Node 24: 6yj5vqf
Node 25: srm2iee
Node 26: aa2eexf n7ljd6b sfe40du
Node 27: 52ymuod
Node 28: har8t90

Node 0: 2zq6nhy ar6zga0 d1dm5oc n2x40kc nm4d2ha r8wzj5b s1n7ro9 v8awp4o
Node 1: 12ntv59 icbrldq optghm8
Node 2: eiy98nw
Node 3: c42n62p
Node 4: kmtxbxj wjk0wl2
Node 5: yvgw65a
Node 6: y76eszv
Node 7: gyo9b8f
Node 8: dq6pcxk
Node 9: 2c8jf6u

Node 0: 0ah6ezc 0lbd9x4 10vdn20 1i8nl0d 31vpycw 38axahv 3a7qa8t 4d7d6sd 5u1hc3z 6fl1j75 cefpmar dnthbom ffhnpzn fnhlusx hgn12y7 jpjz3ff jta32f6 jy0zpdt mrgxux7 n2ewbim nl7ljie o7ldeow ogn99qt u4o07ke
Node 1: hrb9i67 tupe9c4
Node 2: 5s653cq
Node 3: gvh3lqs mdy2mm8 zisz34r
Node 4: qis6trq
Node 5:
Node 6: h5y9871
Node 7: 4yd4wrj d4fsms7 jnoml8o qc2iz8a
Node 8: sww5812
Node 9: cu7eedq gpn08n7
Node 10: 3vk3eng
Node 11: y8pmi2s
Node 12: o4199zy
Node 13: ggq2dvp t8usj1r
Node 14: fp6n35s mrpgyvs xvq1y80
Node 15: 6jc8sr7
Node 16: bpytxmd qn7vwee
Node 17: cvtb8j0
Node 18: bzryeu7
Node 19: ggs0la2 uctmi3j
Node 20: 84ljeei r29av4w
Node 21:
Node 22: laytdjr

Node 0: 2hv8u6s 509b6z5 7768vyr fuvd3g6 hqvhq5p i65w1sd kze5o19 l240vtw p907e53 rv3ii6l ufokgg9 wjvpsun yv61lxd
Node 1: orhza6p r38v82c zmq8s3q
Node 2: nsg2dd5 p3cx1ue
Node 3: t4l35vc
Node 4: rafemhr
Node 5: cddasyz
Node 6: ti1w9qs xwbbx3o
Node 7: mhqo08g y38ghtd
Node 8: hromk8w o9avuim qkudg98 tgkdyeo tw9jl6l
Node 9: 73fq5f9
Node 10: cx0c7ik egzt01y m1bk3l0 y2qjbkp
Node 11: p8kalys
Node 12: k9xbix6
Node 13: bf2f2xx
Node 14: jni09b5
Node 15: uoyyljd
Node 16: pipinbs
Node 17: 2esmtx7
Node 18: ydnnvoh

Node 0: 490kvdy 6esa44t 9kg4wfq nwjgav1 wvcqa0g yey893x
Node 1: 48tf18r at1k9nh e30325o m995gmr xn9nor2
Node 2: mqunib7
Node 3: mto8lxs tru6fjp ys7x623
Node 4: 7846o42 ciyvxk3 tinoiaj
Node 5: 104er7s
Node 6: 1ee5z20
Node 7: si3x4y1
Node 8: 43gyw7x i34obvm pr7hy7d x7gc21z
Node 9: lmu0tp1
Node 10: mw6u5fm
Node 11: 2up5fdj
Node 12: 7zav1rs hxee2e4
Node 13: 60qtrm2 qgrlaxf s806vtb vqjtqgo zyvqh4b
Node 14: 2rpsjfp 8prcngx cg2cg67 hbgyscp ujup9ht
Node 15: g5tugnm to6ibf1
Node 16: gyglx2b
Node 17: pichpsw
Node 18: 11tkpcs 2l9851l 34giyab 6hjef71 bdqq2uw
Node 19: 21k7zit ui81av6
Node 20: okc2j4f
Node 21: uawcipz ziovgh4
Node 22: k6mtsh9 s6wuqmh x6x8xup
Node 23: y56b243
Node 24: e4ndfds
Node 25: zk5icfz

Node 0: 1w4f25y 8ijayff akoxjfb daj95jg jetws5z qrdhs8q
Node 1: 24lhxdi 3dg4zu7 7s7828v 9su3fi6 av04zao bhnm8gu egofr8e g7onxdt jkf54l8 lbabgvh m84p8d9 mth1ljo mvce97l nvwl41x okn29m2 oxnp1fn qh8wgmu u4ezv53
Node 2: 6blib38
Node 3: 7funi1q jfyh06f q5x02tg qwsvur8 w8t2h3m
Node 4: 10pb43h
Node 5: kpcvkg9
Node 6: hf3jlxz oooikg6 w0coa00
Node 7: 4142ptg 5o18ps9 bty2nzq eqfs98a ghd9lie q2r5veb s01vyd5 z820clu
Node 8: l7o8pp4
Node 9: 4w9iwrs da9xzhy fu0rqrq j2ma5nt lyszyox q6dh8mx
Node 10: 823el6p 8wmh1qt al7weci h323uqs hk13r4n smuetaw su02boi
Node 11: k1u59v3 snx88ac
Node 12: 7p43356
Node 13: agjtwpm nev8o1s
Node 14: 4ujmnvv 7ptungf krll6ua ls4qs7h m0cgyt0
Node 15: 3lp6l7h m67p2x7
Node 16: u505j84
Node 17: leg0oa3
Node 18: n8utyc7 radil81
Node 19: 1qfv4wo ibjyrdu
Node 20: gj5708u
Node 21: cru30ko
Node 22: ejrsb4l iuotb28
Node 23: dkp5m2u
Node 24: q6pk4j8
Node 25: 8cvlf8j cibvern mctzftn wxxqwj6 xqhqiov yaw2d2b
Node 26: tpgflxd
Node 27: hpf0wxg
Node 28: fwjn0ym
Node 29: op3psi5
Node 30: 4szmqkg q2qt15f qf5agus um7ulig
Node 31: 35jxzjl k5qng2c
Node 32: ripdfqj
Node 33: sp25shx wiholf6
Node 34: to5w3uv
Node 35: 1zz8q22
Node 36: 220fa9m nrsegh8
Node 37: h82pxxv
Node 38: faiy72u
Node 39: xfukbgl
Node 40: hf8d52y
Node 41: 623qk83
Node 42: 9vlxcqe

Node 0: 5t5crzj 88lm8kv a9oq8ug c1gxfjh d4p1n90 fn62h7x ge5dkok glsfpfh h5pnwou te21hpi
Node 1: 6v5kyvm acksg5r o48m3tp rnx2ast ujhz3le ux4pydx
Node 2: 3ssipcr byp2j1q
Node 3: jonrflk ppbijhy wfil4nl wtremn1 wx8us6g
Node 4: 36a1t69 a3kn59p e4349pt h7ftc2i kamn84b mxt8dui yr9we0s
Node 5: p7pdi3i
Node 6: 40w3pdi bgbnzjr
Node 7: v09wccc
Node 8: u2ii5iy
Node 9: 9a4idjo s4egs9d
Node 10: u3g7cyb
Node 11: na1gn1l zf6dfn9
Node 12: o7zpzki
Node 13: d6h73t3
Node 14: 9fktyhl a9t0dvp
Node 15: alvjpd1
Node 16: pym9oz9
Node 17: ed9c49s ri0ktvg
Node 18: k20mjbj
Node 19: 765vidv jc147qv
Node 20: 88o2lao a6i7y26
Node 21: peq18o7
Node 22: 4v7bz6q
Node 23: 8i6g4yz

Node 0: 5fx2w5d 8g22exq exeq84u x5xw1nq
Node 1: cz9bk89 u1todic
Node 2: 5iwta6b

Node 0: yxxga8w
Node 1: k09vy4e
Node 2: 142xq5x 4zitn37 58ocq8r q5ll1tv ttp43bd yetil2l z9dmwvz
Node 3: cbzu7ko evkxq9p fin4w1x loljvzb
Node 4: 0jy31p6 kfg0mjj
Node 5: hid016w unnaac9
Node 6: 0zkcrim 4ldwv6g fnduz7a hk37yws lsag9ss t4beebo tsnjncn uwdxoea v73gy30 x2n3sq8
Node 7: tiyfbn3
Node 8: u0ria10
Node 9: 2yprggq ge5d99j oty9bxy
Node 10: i5l59km
Node 11: jgpnjrp
Node 12: bexun24 fpvckl7
Node 13: 5tb9von 72es8b3 9sihzo4
Node 14: mhi759p
Node 15: 3qjb5hh

Node 0: amc5ajp gm18ajp qvkv9fu s2xuyzd
Node 1: 2h19gmp 3js4py8 7fv7k0q a9wyii5 lc3uxgh x55wikc xwx5pnw
Node 2: beuz7t0 xh4i02e
Node 3: 7ddtcq9
Node 4: 32zk8ed 4df69ds 4nrw09h aqz2cse h49xcwu s4w5lnf xyuv8jm
Node 5: mudpao8 tdpbe9q xwrkeeg
Node 6: 4i0o0xm it42bq3 vtccj0x
Node 7: 2aaz4al f5hv6yt i9lelmd uwdmuoc
Node 8: myrbe6n
Node 9: amc28oh
Node 10: ix4cxrw
Node 11: 0x6oznt lhde58p n2r4oh9
Node 12: q69ao8l u16ua57
Node 13: qpw78n1
Node 14: wgd7a33
Node 15: ngn59i9 wrqp2c7
Node 16: dhlb0bk
Node 17: sp21hfp
Node 18: ogd35ee
Node 19: gnr8tjz
Node 20: 3toe1ci
Node 21: bis64d8
Node 22: 9vn622d afo7em2
Node 23: i663blg
Node 24: uismkee
Node 25: h5hd79v
Node 26: phuz5bv
Node 27: qru3s40
Node 28: z5sa030
Node 29: lvchp7z
Node 30: d7ebog6
Node 31: doad7lo
Node 32: sz8l60h
Node 33: 8wjtlvr
Node 34: zj37pyw
Node 35: rdfixrr
Node 36: 9frm50j
Node 37: p0hro7u
Node 38: u89ukk5

Node 0: 1mxpv4j 42e0jbo
Node 1: 0litbs7 5rgxhci a3ojv7p famuvp4 jy1ugxm trm4p0c v7hpd6e
Node 2: mduadvp
Node 3: h82ps13
Node 4: h224drh
Node 5: fasy86k zpa444z
Node 6: jiursjc
Node 7: 2vfaxe1 2wh0w7y 6x5pz13 h2nebjt
Node 8: pys0e0o
Node 9: 4jdl31y 4lwkwu1 jqbat75
Node 10: 80wauj3 m537zyx tns2kaw zyjx6x8
Node 11: 2zvedp9 we2ko4a
Node 12: dbhpjus mo00ajk yng1wfv
Node 13: 77prsaj 8ep3a6q jru4bif t6hjbas wv6hgzh
Node 14: 5xnz339 68p0m0q 7gf0ogb grz1wql r37hagj wj20qq5 zxk6u3b
Node 15: puhenlk
Node 16: a2wba8b nrefp6z s9fadff
Node 17: 4mpt4zk
Node 18: dama26o
Node 19: h9hp3lf r46rrhz z9cp63i
Node 20: 2gdlgj3 5cai99j j53ohsl
Node 21: 00z6d3b 2ba4gii 7n8xh4l fr124cr j6lb5sb lelq6gt vw413sj
Node 22: c06q0io
Node 23: wmdcjzv
Node 24: 0jh2fai
Node 25: gn3wr3g lae6v9p me3x8fk
Node 26: fbql6oe
Node 27: 6u6y2yy
Node 28: bgi071z fg7g525
Node 29: ph20rkq
Node 30: nd8jd1o
Node 31: 94ntxlb a893g87 dteagap
Node 32: fdloamp
Node 33: ubp8qmq
Node 34: pkz4o98
Node 35: 0ipcxrr mycirw0
Node 36: 10o54va
Node 37: aq7uij1 zur9opn
Node 38: wf8vdgd
Node 39: zsxgrar
Node 40: kb4n8yy qr3yhyk
Node 41: gxleoto raklfx6
Node 42: h468rz6
Node 43: a24fbl1
Node 44: 2mutxoi
Node 45: ea4ysib
Node 46: ni41slx
Node 47: gw37rg1 ocbr8j9
Node 48: pyrrh55 wqhhc8s
Node 49: xm59bx9
Node 50: n1keeut
Node 51: ruos3vw
Node 52: tjngqyh
Node 53: k0j9z9v
Node 54: 7zasevn
Node 55: kamdvkr
Node 56: gxc3uma
Node 57: qyumpgg
Node 58: 21tun3t

Node 0: 65m7xyo
Node 1: v2c1uud
Node 2: aj6dsr0
Node 3: aaiqfck
Node 4: 0ufq14c
Node 5: s0ppe8u
Node 6: juci2z6 wpwn11l
Node 7: 8m4rgd1
Node 8: 0xpp41a n6ia7g5 t7l5fi4 tcc8qcs us7wygc
Node 9: a566pe4 bhwbmq4
Node 10: s5jkagj
Node 11: 018p9fy
Node 12: 0ii8jth
Node 13: 99nqehp
Node 14: x8ux5hf
Node 15: pycc1ap
Node 16: uk9ouuy
Node 17: 8qx1rug

Node 0: eats79n qszffh8
Node 1: lfxgq9n ql68mnn
Node 2: g23lt04 wcqv4jd
Node 3: yw2m2rf
Node 4: t6yxb2v
Node 5: c2njuqq

Node 0: 9jlgxce oab6esu piukl4s
Node 1: 1hwqhkr 24mgybe 2uchsvk 42126wo 48e6nd7 4ntiwaz hqgzjn4 i8c90o2 lhhm0kt nicn3f1 o9byudt o9ji03p pqf8dcu thcsa1o wjjh6id
Node 2: 68gxwd7 d1kmh2n dptlpci h2j6jar h8iiwa5 k0fjrgq safkuo1 sjoa9hm
Node 3: 4jcet8x atec8ib b60ej7q cplpu4w hwbs0m7 nf0wjt3 og6ltyw s7mdho7 uvcgato vewt6f2 vsmjqvs xrl27r9 yao3jat
Node 4: la12zyy qsirxn1
Node 5: ytpw74o
Node 6: fdl16wk
Node 7: ws02ygt
Node 8: 73pwcjp 9mtr5el lmh1jds
Node 9: 4ielyj4 789e20c pxyvtge
Node 10: fnysjwr wexvw01
Node 11: n2tfnmz nfc8hm3 y8rwdlp
Node 12: 001k0xb 40f6gwu 6e58wnj cemxwtf
Node 13: djkwbpi jgd4cla
Node 14: bboq5ny nkmldee
Node 15: ume22cc xgl2ur2
Node 16: 1rigzve 6h8cwj7 a4od6gs d8ybjoo gj4vdup igpwyj5 iquhm5g irf2ogt
Node 17: ilb6y2f
Node 18: x7ab8xj
Node 19: wff9o2t
Node 20: 5yh93u9 fwa8e8i gvcti2p qb2o8ba
Node 21: 7wo5q77 9wjdtqf n74j67t o0o7g83
Node 22: h7rebtq
Node 23: piwkrw6
Node 24: l2xdkza nfd3mua
Node 25: m8xe05p
Node 26: uaeudcl
Node 27: ufb44cp
Node 28: 7anevae
Node 29: yshhlbu
Node 30: amhgajt ur6yeaf wxs6c9c
Node 31: zdrm7bj
Node 32: 63gr178 eepyow7 pn428m8
Node 33: 3gkmdpq c69cl7x
Node 34: krn3pat nwanxfn
Node 35: kxefsxx
Node 36: 11ciwlk c4zlxvw x4y3ts6
Node 37: bv1rotx
Node 38: rg57zfl
Node 39: squtxv5
Node 40: dzl4m51
Node 41: bqjzof1 f87dho0
Node 42: 695ifqm
Node 43: 0zwj4ok
Node 44: 88uhsk7 th7q5m7
Node 45: wf7b45u
Node 46: 6ktpill
Node 47: ppowq8w
Node 48: rgpoaqm
Node 49: e7uvi3r
Node 50: s2xb6tu
Node 51: 82kw372
Node 52: 6hy04qr
Node 53: c89qy8s
Node 54: 9mzmkfg dcu2nuo
Node 55: 6j7j12k hnrjqal
Node 56: 8gh2aqq joz9ycc
Node 57: xkbkwyi
Node 58: lxqs50m

Node 0: crej2s1 n5ijwak
Node 1: 75x1dqy
Node 2: 0u6ci88 e05phte feqbepi gue4jyj n66bvxx t9clhzn xtitbrc
Node 3: bt33u9k
Node 4: 2vc43sc
Node 5: 5mtwi4d 8pvnmmg vosogsf
Node 6: jnbfczw
Node 7: tsfaku9
Node 8: 0uqlgsy
Node 9: 0kd6nhy jogkq0x m4vx5r4
Node 10: 0dgn7i3 b75u1l3
Node 11: wshobyx x5siv3i
Node 12: 5w20uu3
Node 13: 3inep7y acp2jwb
Node 14: 2lsgdyr 7axlwqg hkkubu1
Node 15: knjbyuu
Node 16: 3v3zmof i6mpp4s
Node 17: 4xi49bk
Node 18: oiu3oza qu6dehl
Node 19: jjsswn8 n9tryy9 vb7eg95
Node 20: f91b8sn
Node 21: xhd2skw
Node 22: 6ow296o kho1a5w y0gx8v6
Node 23: 8honwh0
Node 24: adq57hy h46i77t vkc7gku
Node 25: jsmcwgk
Node 26: eroyimq jee2yas
Node 27: mx34wv5
Node 28: 6211jni 7haisef igtddf6
Node 29: 6wds8sh gi21yy4 j0w5koz r3a10u0
Node 30: metlfjy s9opgzm t8mixle tdpeit5
Node 31: 714xzww a9607ko qahml6u
Node 32:
Node 33: 22d8xex ken65aw
Node 34: kibxene
Node 35: fvd8ymp
Node 36: b63qczt
Node 37: 0469gq0
Node 38: z1mhg2c
Node 39: t9qc8lq

Node 0: 7xuoiu2 axh526o e03ixuw i21prps pa866wo pshjrng tnwzru1 yeepst1
Node 1: 4snsa4j ixv4412 vpt800v y4o86xw
Node 2: 6ls85gf a242i8o amlcs6n b1jorcp drrjqcm gqmvwm8 i118w8j
Node 3: 1il7otm 28ajj14 ftvjks1 iw6030d
Node 4: 0yp523u 2hasex9 5yfkw1n 7dz9bfu ogx4eof t69n8cb tj0xqo2
Node 5: f8q1eau
Node 6: fyxavnq pcipe0t
Node 7: spr8gxl u5wgagm
Node 8: pioq4vj
Node 9: 3svv0ts dy0olvp dyg2ure
Node 10: in48ujw
Node 11: w4s4yi8
Node 12: ev53m08
Node 13: bb8vbhc jpgsmhn oocwq0q q5er5nx
Node 14: hkm3u1h
Node 15: nka7770
Node 16: phz4ova
Node 17: prew7r9
Node 18: 4nl6mpz nz311xh
Node 19: beyb4bj
Node 20: 19nomyy dfhiaz5 xmpinyk
Node 21: oew87bf
Node 22: lai9avz pcp71ow tnl5saz
Node 23: jslsj7h
Node 24: eow3ege
Node 25: 7g9ntao jwlcifb ml9f52t
Node 26: men0ry7
Node 27: srqu9ad x6w05bi
Node 28: 2vdobas
Node 29: j13ijr1 z2in8gq
Node 30: moasul3
Node 31: 28id8dc
Node 32: pwqo6s6
Node 33: p3r3r9i
Node 34: mlon10t
Node 35: 15j7mzw
Node 36: 7b2j7ll
Node 37: kmdsqyp
Node 38: 3hvrc66
Node 39: c2z97yy
Node 40: lw5oyfc my2b3eh n49w6hd
Node 41: ov2q4gw
Node 42: hzadgxc
Node 43: 3cijf2s
Node 44: chmaap0
Node 45: 9ya4np0
Node 46: g2rpu9s
Node 47: 1qj5zzq
Node 48: fl1y470 mirfq5u
Node 49: p79iqbi
Node 50: nf6rbnr
Node 51: 55nbaml
Node 52: 3uqrs6r
Node 53: nc1pvnj

Node 0: 1ndt0ad 4xtysbj a6qedif jpzdz8g lhd8d9w
Node 1: 70x8d7x
Node 2: 3u97wjh
Node 3: 3vr5wqq c7tp27d ue2azh3
Node 4: 347s2m8
Node 5: abcov26 sgofa8n
Node 6: 7f3tjh7
Node 7: elkf6vi
Node 8: juqidcf mcxkndu
Node 9: m6fvpeu
Node 10: yy5fm6j
Node 11: qslahwt
Node 12: 7gjvy1o udx3yov
Node 13: 6tc8bsr
Node 14: z8a84yf
Node 15: mx8qa9q

Node 0: ydcrd1i
Node 1: 3v159d9 5a0y0dk h1f6e65
Node 2: 4bxcm2d
Node 3: 2fzrj9h zpi13p3
Node 4: e49lhbc kgy1snn x2uqlt0
Node 5: 414kavt 4alyehp 6ndm2bf 78hp9nt 7ltfyf5 8fftqv5 8l4ezs3 90exnp4 bgwfz4i d6y558s g1skys4 i3e15j4 i4gazz3 i4ir6kk rpyicz6 soslfxh te8p4jl tgle5c6 w8ps4la
Node 6: kd3vcko
Node 7: 5soxanx bxtbn9b qtc9enb
Node 8: 9xdtpjv
Node 9: 9chvhqv
Node 10: 9i45oua vgb83x8
Node 11: n3qsh53
Node 12: q1akbcr
Node 13: 3bgefzq 5qas4ch ooy8yyt t8icfqm
Node 14: 3kz5rcc c7sonfy ch8pgo7 f5d4j9z jr7ukwd yn7k7wz
Node 15: zqs3foz
Node 16: dnawwq1 soppzey
Node 17: bo2biby
Node 18: b6xuj0r
Node 19: 30dzmek ko38eff qrgc39f
Node 20: hf5nxxd
Node 21: 7zk6ki6
Node 22: bqsq3sm d44yj9m s822pgs
Node 23: i3jksqv l39v90n
Node 24: f6t4ln7
Node 25: wjpp7ms yn7xv59
Node 26: np81a2p
Node 27: 045i649
Node 28: rqowoaw
Node 29: 03is3dn
Node 30: 5b53dag
Node 31: hwq9l8w
Node 32: c5vfc1i
Node 33: eo2a9st
Node 34: fgwxdi8
Node 35: oiwj0tb
Node 36: tjipcyg
Node 37: ozlfnc7

Node 0: a1oqhig fpw3afh gn2v9am jb4dmlf layxb1p swfq01s zlp8v6x
Node 1: dzgn09t
Node 2: on2ntso
Node 3: lv0anpf
Node 4: gpx6s8q
Node 5: 03no03g 1nji7iu 8327vnl lp0ww12 pckjikt
Node 6: 7xot3do 8mv03ub
Node 7: pkn704f
Node 8: iotte7o mj6gqvm r5hcpp7
Node 9: 3gknxne
Node 10: kn8cvtf txpxqmf
Node 11: bncclfb i3840pe
Node 12: 4xema85
Node 13: 1846qu2 pho8iu9 t08l0z1
Node 14: jpumbw1
Node 15: d7hx478
Node 16: 0kf9193 c7rhmc9 da4hl60 e8uprp4 hdst5in
Node 17: 2912zzf ay91s6c f77h2vy fgi1fc5
Node 18: 6apybot jd8i5xy yaja0wq
Node 19: 0347pgp nhbamdl
Node 20: o48eavb
Node 21: 82vpzuc
Node 22: 6y0r56v a3ti4dh
Node 23: vi0azlx
Node 24: 0nyo7g8 fkyejs7 hdbqlv9
Node 25: 2snce3n
Node 26: 6lar9v3
Node 27: 0zl4n0k lowx81f zjoabwx
Node 28: 5qmd8p6 osspciy
Node 29: tmu4b6k
Node 30: 21d6pvy 6evxjfw
Node 31: 28wrtdf f9ol21f
Node 32: ee1by5j
Node 33: 0e1uwgh 31f48xh 8mr1wtn ejhrz72
Node 34: n4zwmlm
Node 35: 4gxrtr0
Node 36: fvaq0n8
Node 37: 2qwhqhx 7ichfn7 i2xojt6 mv7pek5
Node 38: 1satu2a
Node 39: j0ymp2t
Node 40: m100e81
Node 41: brw9bpe
Node 42: kqmixq6
Node 43: 9imp70f
Node 44: xxtkmj9
Node 45: x9w6kio
Node 46: nsl7hwk
Node 47: owvj91c
Node 48: 6maou88
Node 49: beje1zj
Node 50: oh1az49
Node 51: ppw0065
Node 52: 9dveuim
Node 53: 1lkopaz
Node 54: 5ebdd7c buy0bjj usetjf5
Node 55: c5hcxj2
Node 56: 97e86xc
Node 57: no3fpv2
Node 58: 349g0cc
Node 59: bn1cma5
Node 60: oh2m9s2
Node 61: e321iut

Node 0: 3vjwkkf
Node 1: ty699up
Node 2: 5vrdmz5
Node 3: fmnukqm
Node 4: ww63yfc
Node 5: 1kb1u5e 6ixm7ow 8lzbcai f896o8o g6oagaz inbhz88 m14p0f9 ss50ulo stye6xc tpnqvz6 txw7q64 ur9cajw w39azsz wrazotn
Node 6: h3qhsyf
Node 7: 00aqccy 0t5dcg0 2jzuwow f78wp1p
Node 8: ouxofqn
Node 9: ldwe9ar
Node 10: eggs4my
Node 11: cmo9u6n
Node 12: fzc57d3
Node 13: 1zd3wip 3mqmg0n 43a3kf0 p9mv0h5
Node 14: wbydagf
Node 15: 16gned9 hhmmn3a s6y101n
Node 16: zfr24mm
Node 17: c14h64q
Node 18: o2anbaa
Node 19: 2gbso42
Node 20: 8moerxy
Node 21: oxotvo0 z3uit8j
Node 22: ga69for
Node 23: y8sycmh
Node 24: 7nohqwt 7zg1hqe
Node 25: bd3b5kd f5o4wvg
Node 26: 2lsybqo
Node 27: ptj00xc

Node 0: 4r04j4h 5ta2oj7 d6rzjm0
Node 1: j46m3cz
Node 2: bwhc23t
Node 3: i3es05y iqc41fn k0k6r88 l7002m5 t7hwyfr yer16wt
Node 4: u9ikd9n ud0le7y
Node 5: x46ncec
Node 6: 9cjhp7u
Node 7: ctv8wij
Node 8: 1s4uwo3
Node 9: 8liu467
Node 10: 7afw6gq nrmtpz1 s37ha7f tm0wl4g
Node 11: xl8vy3b
Node 12: qg65gyq
Node 13: bu18b8t u7bxpza
Node 14: n5hq0hy
Node 15: hu2e0yx
Node 16: 4f5ql2j f5t9cob sw4fevg t3lajym
Node 17: uiadw66
Node 18: dp471c0 jm4q3z8 ky6rf2u ohfwesk pefd4mw uid50x7 v1zirjg veomuxf
Node 19: 67vp7eh dnan4kg
Node 20: 7dcvb7z p7lv0he
Node 21: go6qvsq tbk5h07 vdm6iyq
Node 22: ao977vw f8838qq
Node 23: 2882j1o sznp7lr
Node 24: f74fqa3
Node 25: 1q3qdak fexz2zq z86eri8
Node 26: 919s26l
Node 27: ab29ybq h2kcffk
Node 28: v6x8ui7
Node 29: 0grf2oc
Node 30: 16iioo1 s7mxpym t6o0fo4
Node 31: dgbp11j
Node 32: yiuo1j9
Node 33: 2k9v0rs
Node 34: kr4750i
Node 35: 2gh5ixm 6f6gz1t 6mui7vx
Node 36: 3gdisdv hucie8o pw71q8h
Node 37: fyfe1oh jprck85 r1ptybf
Node 38: aififh2 gcegylb
Node 39: m0epv6y
Node 40: 6zue7u0 bv1fkgj o0oie87
Node 41: 02jcdjp 8pp9tse gslemp1 i8tko1h nel37ev s13yljs xtxkorc
Node 42: srslcld
Node 43: 0w2tbcg
Node 44: b8fkbyb gu3n1jh
Node 45: 4y2awqh
Node 46: wpu9pvk
Node 47: 39etptr
Node 48: 4y6p13d 6g2rlmj wy2jd37
Node 49: baxp27w p18bhfe
Node 50: bqnaq5u
Node 51: uuheldj
Node 52:
Node 53: dobe3a1
Node 54: kxqajpy
Node 55: 664ikj7
Node 56: lr5ghb7 m1na7sd pxedaeo y75ab6y
Node 57: 9ga56an
Node 58: 45tnmsh h5pqxxz jv9xy4b
Node 59: a1qge8w
Node 60: 6sowm9f
Node 61: bkgngl8

Node 0: 9sxuq82 cvy467v
Node 1: 2jhi24q 3bxjbxv 52y3n6q 7db9ko8 8xzqpvi a98mgff c0wgbo0 dfczxcy i2sryyd le1ba1k lpkltpt m75ky93 on4jqfs p6io1z2 rgycniu tk2oksb x3vygsw xevnkn8 y6xj28m
Node 2: hb4pomr ijarkpb kckxidm kd3cd7j qorh8fa tf9gehq tjvxc8d uu7g6kt
Node 3: 2agcqql khqno6d
Node 4: 9eit7l9 dkccwsk
Node 5: clp5do7 kl4lq0y
Node 6: s2zmgzn t175m5n
Node 7: n0ix880
Node 8: bdql22w lvo4sp9 mblx9xf
Node 9: tpuap3v
Node 10: k78laqk
Node 11: 34fhey4 4k3qthr f00qftl s6jnigv vmyuhdk
Node 12: capwiju hydwl8w lj8x77n tjn53ic
Node 13: ahwr3d1
Node 14: o88hvxu r08kg7u
Node 15: 1wprj7n cqyd7vk ct1dhlz gnvjett wq2j8q7 xclhxj4 zi5ir9y
Node 16: 7789mno
Node 17: 0u57boz
Node 18: 5nvqa7n aklnexh gpa4ixs
Node 19: 0v3d1xz g0gpvvp hqvtea0 m54acgg
Node 20: 3ea4wkw wennqyp
Node 21: 1apo46z 6rfcmpr
Node 22: rkt42yw
Node 23: n5vnv1k y6lvk6f
Node 24: 7o5mkru
Node 25: lov6j79
Node 26: 462ylkx 4c6lc40 yk4myq9
Node 27: qu7iqjr
Node 28: d3kfewn
Node 29: d47ckak
Node 30: 6fxcsqt
Node 31: gz4309u
Node 32: j8qsh5w ydxekjp
Node 33: tbenhrj
Node 34: n3olfuz vv6bgjz
Node 35: 4fulw9o
Node 36: 5l0pnhj n0a70xt
Node 37: 1kz4ixf
Node 38: eh7ixi7
Node 39: onwo615 ty0al8g
Node 40: 68258xf auh96l1 wnzbvi7
Node 41: d0t4e4i g8l1nas
Node 42: uylywop
Node 43: s43c0qy
Node 44: 7n0gdk9 qic621o
Node 45: 924r3g1
Node 46: 04bxm7p kx0uab8
Node 47: gisuclj
Node 48: 8fh00v7 zq4yl8y
Node 49: 7qqq7zt
Node 50: 4fswl60
Node 51: dxxogvy
Node 52: kwc20mz
Node 53: tmuzh9g
Node 54: 5aq7c04
Node 55: ky8rveb
Node 56: tfvp192
Node 57: 29r7b4e

Node 0: d3d7ynu
Node 1: 2mm24i9 b4omjra w86adir
Node 2: zflam6h
Node 3: lp70ycq
Node 4: 5teeuxf 8kpx2zp
Node 5: nj2g8hv nsiphtw tyvaijr
Node 6:
Node 7: qpoymre
Node 8: 6qlqrrp
Node 9: tew2x33
Node 10: q6w69h3 ygvulfp
Node 11: 6lhvwq1
Node 12: akgl45z
Node 13: 3t9acdb
Node 14: ek8sz65 ljonlyf uee3i7r
Node 15: cycvvxv
Node 16: i14xlr6
Node 17: 9a6v15o cb2kfyq jince0e
Node 18: 54g3cfy ykhan2u
Node 19: obzp54m
Node 20: cbt2u9q eaiq6oy
Node 21: 8jhupuc k7omaet
Node 22: 8dstnzl
Node 23: hkik3gh
Node 24: o4v80of
Node 25: 3ejq5bu k5801dv oug49fs
Node 26: 3ya1laz uu4632p
Node 27: 6w47dol
Node 28: hvr51jf zpe0zer
Node 29: 63hr4ez
Node 30: n9jmcuq
Node 31: 4rzizfo
Node 32: d63t30t
Node 33: 97drtl6 tusv3b9
Node 34: 0b9joon
Node 35: j4xptyj
Node 36: ub48u2o
Node 37: 19n5z2h
Node 38: dupc8o4

Node 0: 0quh0pk bivvpcx fyab6s3 qzy5rmb
Node 1: 440fyxm nxmz7b5 pj11xpq s3rhkio
Node 2: 3vbbzug
Node 3: mvl0apt pnygjih vive5nc
Node 4: 9neidhh g5oy183 i2pbt1i tir8hk4 vbhtbxz w45633b zun4wbb
Node 5: 29na6bw 8uywscg a2nemi4 km7uca4 krcfvv0 r53xzil
Node 6: njapsxt ppqcudy
Node 7: 0eyll6a 3i3hy9x 6qdop15 7mjvd2k fox6121 q5r88az rvakx6r x29st57
Node 8: xjvdg39 yr3kfzw
Node 9: 9m3o8m6
Node 10: 1o0c8l4 6gz2ddc gotybcn o3ir4ct o3nehhd uc56lcn wkuzqhk
Node 11: 3f6ltvj a0meu4w hq17m6e k489gfn osnpcrn sin9vbb trl09wb us9eg0v
Node 12: w2om4jx
Node 13: xufswfh
Node 14: aqpaje6
Node 15: e2r5ck3
Node 16: b662j5s
Node 17: enfe2ct wngc6cy
Node 18: el516bo
Node 19: 65j2eye
Node 20: uxikhcy
Node 21: 7lxzwo5
Node 22: z72hhcz
Node 23: 0nacufp 64klp63 k5n5mm9 kharkw1 kmpgaxd qs4avpo v5ku082
Node 24: 5fqu74i
Node 25: te3prul
Node 26: vrcofyx
Node 27: 1j3a39d 8btah8p hknlid4 jrej8dj xtqzflz
Node 28: zxpkjqd
Node 29: qaybgkx qzsxpib
Node 30: o46gh4o q9dd4vo
Node 31: 2h8b5a1
Node 32: ga6fsa8 l88n1eu r3gpzp9 uc9pvgp v8ln2d3 x0vlob2 xkc7t82
Node 33: ui3zoz9
Node 34: 7d0q8bp
Node 35: 98oo4hx se0s7d9
Node 36: bzdg4a7 d99rmt2 l9zv3nr
Node 37: 92qc9l5
Node 38: nk8zdxy
Node 39: pv3x5zn
Node 40: xpciwda
Node 41: h0dkgre
Node 42: 2t1gyaj ydw0kis
Node 43: 510ij3r
Node 44: e8gqif3
Node 45: cvc89t2
Node 46: 5uv87c1 wnk4aub
Node 47: cxt6n1l
Node 48: 8gp11ed
Node 49: gkd9yio
Node 50: mn1cu9c
Node 51: h2gtf1p
Node 52: f03uvbs taukntg
Node 53: ew89d24
Node 54: 7oxiv0n
Node 55: 3qtegg9 k9ovttf
Node 56: 3j79ng9 cb2ljij x7uf1zi
Node 57: wgeho52
Node 58: jhbl6nt
Node 59: y6yan85
Node 60: x75w102
Node 61: 9zptxcz v55d9io
Node 62: arc9r5b
Node 63: 408rhni 9f1pm1y f0l27k5
Node 64: l8alf9a
Node 65: ghmuiwi
Node 66: n3rv8ay
Node 67: 3bg6ku6
Node 68: 1nw8di7

Node 0: h7j4h50 rp13nuy
Node 1: 2qnqw4w d1igbkj dksvapc fp6o8vi h3mhqah n0yzq81 pkouxhu xr81o3h
Node 2: 0z7q29b 7d0etny j21mqeh mjgla7q vjusdgt
Node 3: 1pc3eio
Node 4: 3qdnchn quf2g8z
Node 5: oug0ied
Node 6: 1f4l8uy 9htweqw
Node 7: bf7kb1y c07k53v nd2zqur q84j54m wx59jdn
Node 8: 5s29o64 aunpk0s
Node 9: hwqk1w3 kffrecp
Node 10: 1uft9va yql36qo
Node 11: 17al0w8 57jfds1 8o6fdsq 9dcgd7y
Node 12: 2pdrfbf 3kim2he dzq1wap ehwmxth eu0qhh5 ez9q3mz hulj0ve kguev2r km9fh1c kv7s93r on2924t rj30bzu rw7iedd uo2002z xogzhqm
Node 13: bkb6ubq cwqzi37 zwg3d8k
Node 14: 33af9ex
Node 15: v2z4zmn
Node 16: pr25rtp s5agerz
Node 17: 7ow129q dfy1kzp hsd9xwq ph8g9sx vs38tkz w08g9p9 ze4gupp
Node 18: 82nyf32 bhguw6o rnm60jb x1yqph9
Node 19: hliipfu
Node 20: 3k82e66 jf2jbud
Node 21: 94t93f3
Node 22: slhrwnw uiy9qht
Node 23: fasdech
Node 24: dupo5my l1soiqh revalxf
Node 25: dsq8hh4
Node 26: jh2cbbb sr99o5m
Node 27: fc2nk0u kbqg4oq kf2gkl2
Node 28: 55ws04b
Node 29: i0epub7 kl4lkcz nzs8ga6 o8jid1k ypv7h6b
Node 30: d2y1s7c r28am8j
Node 31: actp68p
Node 32: w8wo856
Node 33: tj6nukk
Node 34: 8yjdfip
Node 35: ar3dpi8
Node 36: 9pf1mr3
Node 37: ywr58kq
Node 38: a5gxe0s iiomkw1 llkskt0
Node 39: 05i925o
Node 40: s1cdwp9
Node 41: d3zbo9p
Node 42: swgm9so
Node 43: xf27zi8
Node 44: q1m3f3v
Node 45: oi0t793
Node 46: kyrdlp4
Node 47: wyfqwsc
Node 48:
Node 49: 83s6qum
Node 50: 9faq6nx
Node 51: 2s6hd4f
Node 52: askipvj
Node 53: htzdtkf
Node 54: ltdbxza
Node 55: n164ysv
Node 56: 0oe4i5x
Node 57: mv8ioae
Node 58: d16758c
Node 59: 8j8cbs3

Node 0: kew7c2b zd7g7qm
Node 1: 7hen7xj 9075vwv rs28xdd vf1zlvg
Node 2: 5m76gi2 753htxz 98ipn7q kcrkxyg
Node 3: f4v378v
Node 4: ok5sjqg tvawt0t
Node 5: 4zgmvx3 x7n6rk6 xdgf6y1
Node 6: 5f1pw93
Node 7: 51o9njx fb9mtat
Node 8: 8g4vxql
Node 9: z44wkdq
Node 10: ev05dz4
