Node 0: 0kwqxk8 33yt7rt 63fs2ca e8c14jz n5qcl9c
Node 1: 72kynpb 7vo8eai
Node 2: g33x30w jyq7fr1 mc2jsud ns7v2p7 o2o9lgg urasmb1
Node 3: 47ei9u4 4id7vmq 81hcler mnefd3d z2u1q1u zyqwi8g
Node 4: 0x1jqi6 bng5ya4 cnhmza9 uphodlb w40ujxh yvr46ud
Node 5: 1tyqq7b iksg1hu v0t4n77 xl05r8r
Node 6: xocdpco
Node 7: 78ep6q4 jvgv3jd masqn7n
Node 8: so16eqa
Node 9: 3fmyo0p
Node 10: 1hkp8i9 ia3ng2w jbg0wsl
Node 11: e2yc2hj
Node 12: 0n4a08f
Node 13: cncml7d
Node 14: vxo6i9k
Node 15: 6so235e lexet5t yujfo60
Node 16: f061t1w
Node 17: 2hd0543 lw3amz7
Node 18: n1hj8s2
Node 19: ohy0iv9 r2vhdwe
Node 20: h8l2k12 l1o5k31
Node 21: br1dyfv y0w9k9w
Node 22: 3xrok92 cabdtev e36kiyy mba597v
Node 23: x7ajoec
Node 24: 1sp3byc
Node 25: j3my6u4
Node 26: c56wrx5 sdc39h1
Node 27: xcvq84k
Node 28: 4fowcc8 fm1qnvk
Node 29: uh9ta9i
Node 30: k0j7246
Node 31: nhledlw
Node 32: c05okzb
Node 33: 57j9z4f 7a0eb22
Node 34: jcd7cw3 sn128yc
Node 35: 20xlkp8
Node 36: 3t7tj9i
Node 37: j7c0qkk
Node 38: 3zxo81f w7fudj8
Node 39: 1ouk35r 4n98if8
Node 40: g9f7m2g
Node 41: wz2wsmm
Node 42: v5ufrem
Node 43: rocnun6
Node 44: 5ek2vct
Node 45: e894fiw
Node 46: unrbi75
Node 47: wth4xky
Node 48: a4vd8ws
Node 49: y7uxqu5

Node 0: 4qvqrgi 8iye3kj 99tpe20 g4gb5vg ghyglgc n3r4twi
Node 1: 0u5cpc3
Node 2: nq5l2rw
Node 3: mknh6la
Node 4: 0jomrp4 hyh4xsg jmic1mx
Node 5: xqzhmvl
Node 6: 0b3oksy 0owtp4g 2chake1 6jvxq46 88az3np cyxbho1 ebn4ezx fdw6nka kz1upc8 m9b0p47 pnl47nb q0zo9dn quhsr4e xzxbabo zesi30s
Node 7: ockhw41
Node 8: wuczgap
Node 9: v2t7d72
Node 10: vf2gjn2
Node 11: b2a2u1a
Node 12: rk3gntf
Node 13: 4hft2qr mukqz3d wtbo67g
Node 14: ng2qtpt
Node 15: l5u8r9h
Node 16: 1brz6bx
Node 17: 4sf1s6h 7q7y6y3
Node 18: rpd4mt7
Node 19: 1yawzxg mjbrth9 wfp65bh
Node 20: 6euq5uk
Node 21: ix30874
Node 22: 17gwpc7
Node 23: 0ryrmjb sblytc8
Node 24: kp0i6yg
Node 25: 7ttv0ch
Node 26: at497tl cfyl7gp
Node 27: xzvm8rl
Node 28: w60t0dh yuu6alt
Node 29: 4oby0ng
Node 30: 6gatk9q

Node 0: 6y28c0n 905maua ept9t2z igohava lq4k7u6 qcb56af wyf2y2j y3nay9m
Node 1: 22u7l25 c4a3cfi paomv8l
Node 2: 66i4iim 722urfz zhry710
Node 3: 7cdseqx rz1u32z szju35x ujc2osf xl9ca4f
Node 4: 058tp3x dmc76e2
Node 5: 3et1www 7ax20k6 zjwj6ds
Node 6: 2frj4wt 7hff384 bb3dri1 evt0bvt qutk1st u5irrce
Node 7: 2sqbju9 8rdqr2d zxxr622
Node 8:
Node 9: 8znfk7l os9ra9j s5o2err
Node 10: k457ct4
Node 11: 6jsse8h 9ih1gls ql6gt4j
Node 12: ewggiru krc8gb1 m36tdue
Node 13: usyh5t1
Node 14: 2932xw8 eglln3i iijs7un onoiijt yjpc77a
Node 15: ar58xga mmr2xdi
Node 16: fzj7v1w
Node 17: fnp772j q76siur
Node 18: 92nb1hn
Node 19: drhzixc
Node 20: j8yrpzp
Node 21: 14c1opu
Node 22: dchqgv9 xf1xyij
Node 23: 7xb0j8m lkk0ovg yga1d3s yqa2tv1
Node 24: gbmjewf
Node 25: u97mczd
Node 26: v4rx0t7
Node 27: 5560xva
Node 28: zbpqwgs
Node 29: mrpwwrb
Node 30: gsj157t tpy8t9h
Node 31: dfxoqf3
Node 32: ey48d21
Node 33: 5xoumgv
Node 34: 3pfe8w1
Node 35: 9x5v98s
Node 36: pzq1qzh vu943p2
Node 37: ekniug7
Node 38: 0bhl0io 2hhe5a5 h8k7rtl
Node 39: dsccbrs
Node 40: a2yuu2j
Node 41: 5jmd1bf
Node 42: ypqldtv
Node 43: 5nnqt55
Node 44: f0qbf26
Node 45: gpd7arz
Node 46: nb3edj6
Node 47: 8wnn8d8

Node 0: 0ct7fbo 0ubfbsl 83c8758 8wu55us 9vjmg8n b6soebu d7bbfij ii0vmih iivn1cy mxl49fz siy6cw9 x2si1ng
Node 1: qh0ltzt
Node 2: fsz0ywp
Node 3: kdn90oc
Node 4: o97w4zv
Node 5: nf1rnq6
Node 6: dit606v
Node 7: yxmst8n zwit0jq
Node 8: ngxceym
Node 9: oiuslwm
Node 10: w6gepv7
Node 11: aecibzp
Node 12: 5dw3gtz e6ggo2s ellxmwp kd4r71c m9iisq4
Node 13: b47zddu eidwq2b vx66vy9
Node 14: qtki3vj
Node 15: lwovkqz ttbb47t
Node 16: g53qt3g
Node 17: 2oskn65

Node 0: 1ernn42 1fozm89 c09us0a i1d0edo rda6fhl saawq21 uc8yb03
Node 1: 5477rgp
Node 2: cxgphh5 xtfc8tq
Node 3: wodm3aw
Node 4: 0ey6k90 0p1f7ch 3nre4k7 3tau2mr ib3kbnz iza9s41 l9xjefx ox9czw0
Node 5: afqcfu7
Node 6: 65s0aue udvgvgh vp1cg6t
Node 7: 9zo05tb l09dikw objwkks p78cc51 pu812zg x3eo4zm
Node 8: zptqaw4
Node 9: 5phbmxs b2t01b5 d4en37l dix0fgj fqqw5qm zo2l368
Node 10: 0d2pe2m 0wwzr4v 7tuy6dm bv3d617 bz8t96x cto79k1 h8akjqy ooqghey q5psub0 qsrmrfx t45vj0h w58pq5m x8givfh
Node 11: 4oujmvj 7i7qo66 7wo13x2 8s4xfdm 8u37o3w c5bl3ep f6ylek1 fof07gx h7t3iu2 h90251a jmabbss kdag7g0 l23n7vl ppsjlxx wtvthul zipcbyr
Node 12: rj3np0o
Node 13: v6a28re
Node 14: ah46cbl odl07tm tk5wq2y ub32pab
Node 15: t70moil
Node 16: 5s18z83 grdn3d4 hq4iuir k4nojch lmfzhue
Node 17: 13f2ou2 8s5zv5d l9ilyfi
Node 18:
Node 19: a5126em
Node 20: 1osaq79 2rjopy9 3a1em87
Node 21: xm8lslp
Node 22: eufpfin z1jj2sa
Node 23: 5p4o4v9
Node 24: rip2unu
Node 25: uohbuh5
Node 26: 7ubbyyv
Node 27: g476cr5
Node 28: 6zd5vcs
Node 29: 3j6hqjn
Node 30: numf7al
Node 31: b2shvwg msgp07z pbye0g9
Node 32: csg3gyj
Node 33: 7kyn3wm b15fbbw
Node 34: oipscme
Node 35: 2l2fqjx
Node 36: 4ja8v83
Node 37: deuetub
Node 38: m7aa2uy
Node 39: k4743k5
Node 40: t6t3qqv
Node 41: vm1z6zt
Node 42: uxaqrik
Node 43: 5rlrz7p
Node 44: s20nc5n
Node 45: 61qldr5
Node 46: o7i2gex
Node 47: dgbuwx6
Node 48: p5rho3n

Node 0: lm3gpnd
Node 1: ndl2q7v
Node 2: c2xf5tz
Node 3: crs35oq ih91s6f uc89axk
Node 4: 741veux 872uds5 gmosp4f ui590qt uqe2cfd
Node 5: gzoptam
Node 6: 0a7hru2 akftw9a
Node 7: lpxkrtb njxa2nt vizlxdz
Node 8: 37x0cu0 j1vncie jqo8shp v6v954x
Node 9: bk6o3gc
Node 10: 7najnmw 9dtv001 glnbkj1 n8l98bh thxtk97
Node 11: ei1ywea qnr1vj0
Node 12: 63a1zqy 7fi26ju ex9x8ll gh0esz2 ik20brv m9w47j5 t5m0gdg y3nn0z4
Node 13: 35uarxx jozhx0a ky1r5qi
Node 14: mut004q
Node 15: fhnmbye nagx9gg o8ahdf3 tpboaih
Node 16: qk7v6n2
Node 17: 6e6dxxm
Node 18: s1fxenx
Node 19: zcpvrr4
Node 20: 4djqups
Node 21: 0j4qhk6
Node 22: a75whz2 y2b8w9d yyo2scn zcx8e2f
Node 23: 1ksmdo6 fo23do4 m4ku8cx
Node 24: 7nnxy2k acxnha6 u6szvhx
Node 25: uuigz99
Node 26: 768sivt
Node 27: 3ut26ow
Node 28: kch2rao
Node 29: 5und212 9peewxh osnty7c urw9trt
Node 30: oj8ifzw rylk9bp
Node 31: qtjvdqn
Node 32: 2ehexy4 g170ygi l2kgvos s387b9r tx5rs1g
Node 33: 0n1bqog
Node 34: pwsigrv
Node 35: gfc8qim j8w8r9v
Node 36: 3y23scy
Node 37: qyam1qn
Node 38: bwdjyq6
Node 39: c0i2rdd
Node 40: i8nck8d
Node 41: h2lzbo5
Node 42: aaz92lc
Node 43: yxmjuz1
Node 44: ao23fq7
Node 45: nyihlid

Node 0: 05xhx6h 0jtfonm 2jc2znn 4akif3p 5w45o3s 706oyjd 7160crk 7ijil9u a4mbqu7 amj1vuw eybbhdv m6pvcqj pq6yhta s16ttej sfs9m67 tyygclh tzpnssp wneirgy yzltgom
Node 1: zmgu0s4
Node 2: sbtl5cb
Node 3: nh0k017
Node 4: yhowo11
Node 5: 8z7sn52 d7s7prq
Node 6: dmt05xc
Node 7: mukd1ka n2nq6dw sn06gc8
Node 8: 7hj1rkj bfbkizx
Node 9: z33ailf
Node 10: abaurnj pkqj0x0
Node 11: 9pa70w5
Node 12: v5w709l
Node 13: 73j2125
Node 14: 9hkzfsn cgbb9ag
Node 15: 7s8ee93 axfoudm
Node 16: 3rxo0ju 5z1iqn9 bq1tl81
Node 17:
Node 18: qg8lmqg
Node 19: 2kaaqq2
Node 20: c23j3xe
Node 21: 1ctgv6s wan3dpt
Node 22: uq2q2r2 v1botnb
Node 23: smbza14
Node 24: hwakt3o
Node 25: r5vltej
Node 26: iwj4j22
Node 27: iamxhsi
Node 28: 2lodv58
Node 29: ttshc6r
Node 30: aep66f4 nvi2r44
Node 31: yb9bj2i
Node 32: 3cqwd0z
Node 33: qhpisl2
Node 34: bvydh3s
Node 35: mp46i3l
Node 36: vtoa9ma
Node 37: yw4ufs2

Node 0: 0j7zhed cvbgvqa dffnkuq iqaw0m1 l3kdcvh o6bypoa rsqyi0t xu4cpc4
Node 1: ap1ejlq oklp6zx
Node 2: 15xo2al 6k2ygzh 9me1meu bmjqfje eprhn9v ex89dya qpxu812 tb7zxlg tnj0nfg uamex9t
Node 3: 50ogp7v
Node 4: 5vg6f7u 7q7j6h7 vrclwp9
Node 5: 781oskb 9hpsd02 sxvbj1g w87jteu
Node 6: jfq64wi
Node 7: gq22a53 mwylhjk
Node 8: g2qj3h7
Node 9: lntl8qw
Node 10: ed0ml8w wp11dz6
Node 11: skehp8s
Node 12: 5ruwqct zatu4ip
Node 13: cq4i0uc
Node 14: esqtdc0
Node 15: ow430bb
Node 16: yeu0c6j
Node 17: pdif7bl
Node 18: yc6eff2
Node 19: f4n6xz7
Node 20: 2l2e5ij
Node 21: gw7m1pr
Node 22: vsmhn15
Node 23: tg2epbp
Node 24: 9amhfyn
Node 25: 0wmy0su
Node 26: cj939gy
Node 27: c3vi05b
Node 28: ih3wasz taurdor
Node 29: zi43ezw

Node 0: 14xrqy0 9vmfglc asaiv0b hwbm82j o42vkvu t1ty1io ujx9zmh
Node 1: 62cnu36 kduo913 nkrauf4
Node 2: 5fvidoc 7ufya0q bwrk0m0 szf90zp xplz36j
Node 3: jet2vyy x8xer6g y1fmk3i
Node 4: 54rlch5 kbzhhay
Node 5: 14lnb34 1xew9zd 3xv106i 4wxzft9 9ag29h9 qbpx4zy
Node 6: 007ccp2 gcjv69r
Node 7: dd82cj1 zuajpi7
Node 8: 0b11g3m 8bop5zq a7alof7 x8x3sin
Node 9: k5dlmy6
Node 10: 2qkg9ce
Node 11: c7p1f1i wi3s5l3
Node 12: gfgiew2
Node 13: a0a18r5
Node 14: 8prqv0d
Node 15: t8tcc29
Node 16: br5bhao
Node 17: aua9vfx
Node 18: ly8zf5d
Node 19: 4kd2f5c
Node 20: 3zrd29a
Node 21: yicq0yk
Node 22: 3cm6ugs
Node 23: hjldszr
Node 24: rmns449
Node 25: 8ly4emv
Node 26: fqm95vd ss50p01 uqtx56e
Node 27: 6oh89t0
Node 28: pjub2rn
Node 29: zswtvwz
Node 30: zl4rg8n
Node 31: e61818h
Node 32: 5kasyzs rm2hv00
Node 33: 7k7b13w
Node 34: 30dshdr

Node 0: cvzbcjo
Node 1: 54dyyfq
Node 2: c9i77rq e5dniby td6910w
Node 3: fcvxl4t
Node 4: 8rpyveg

Node 0: a49yoqa jcwk3tb m66ym1q ov2b0x1
Node 1: 0ni2rnj 4r5pccp 85bddmz 8f51g6q cewe7v9 eceo7c2 evlf7b9 i595eeh jqokne4 kv765mw m5x5yl1 si9tatt vbkkxzy wf0mt36 z47slyt
Node 2: 8j8wc57 ckir99b hx4x2w6 ivbmt9c m49gikx snhs2pn
Node 3: 4drv44i 8lw1m4i bcxdxee csvs8iz vbq6e98
Node 4: riignmw
Node 5: 01agxox 8ijkm25 fgehkp6 hqs2gqy m2rrvcz u7oc9j6 y9mp5xx
Node 6: 46mqw7v 5f7se00 akipyar b9a1790 bk1udam puiswxn wpkdoi3 x9pnn2e
Node 7: 0rbmmjh 3q94orq lpvpc32 nexys6q
Node 8: 16b7hi1 2dttqhb 600seso 6w7jtfm bs5sh0w cuprvmb
Node 9: 7isskbt djvst0z mdmmpnu mf3u08m
Node 10: lrzeqsd
Node 11: 5i7h6ru 8mrdtel
Node 12: jhsbn21
Node 13: 3vcy9lj 8srm08y
Node 14: os9v9is th9vxwk
Node 15: maufx2q
Node 16: soevosw
Node 17: j99gqj9 n57r93g vhkrv35 xadg5sg
Node 18: 2cxca3h 6l1vgj5 7rut8ks sv8rykd zljvueg
Node 19: w04rtca xy9o7p2
Node 20: i5b0zq7 j2ha2lz
Node 21: jp6hxz5
Node 22: nywm2bx
Node 23: 3tzr2mb
Node 24: 70oz6uq
Node 25: 3a08la9
Node 26: 392l286 bi5fkpc n0erftr vfwff42
Node 27: pzorft0
Node 28: rwrds9n
Node 29: jd16s96
Node 30: kjv5kc0 y68wghx
Node 31: 22tte5x
Node 32: ulieem1
Node 33: jxly1ck sz1mb5l t9r74cy
Node 34: rjae32w
Node 35: l100zaz
Node 36: 6yc5sve
Node 37: dulwcvp
Node 38: 35x1bjp
Node 39: gqr760v
Node 40: gkwr4w4
Node 41: iprubxc
Node 42: ysg6fkj
Node 43: e3lj7is
Node 44: mn5896f
Node 45: 2t6efim
Node 46: fep5w36
Node 47: 1vfgner
Node 48: dbrwlqv
Node 49: tmu5yrs
Node 50: scrbz9v
Node 51: 2yhn9ms

Node 0: a2yg520 d5glr54 j9us17q
Node 1: r3gjjs7
Node 2: 14ye110 pe9ep22 tp9cpxx
Node 3: bqi5u0s
Node 4: wuxzftq
Node 5: ec92d30

Node 0: 9ubzc7k
Node 1: 1pvf14m
Node 2: 91bo874 dqsssj0
Node 3: 3tp4fwp anpx2a3 ghue0px qzbx5qi
Node 4: 63lj1eg am1xp5o hf0mljp kb7la92 pgdu1gf
Node 5: 36qne4c 3sb4efr k6w9xke xnel1cd
Node 6: gbjie2a
Node 7: ktb0w3a
Node 8: 5h9rx5d ja4c8jr oddmqf3 okst0dp q2omcut qdmerui ylai0l6 zz3xkvf
Node 9: 0inkoyz 2xmz3zc
Node 10: enqacgs
Node 11: ecqwr2w
Node 12: 09f7alc 5a09p1z 799vxwx a2bwham igh9urk si3hgno
Node 13: 9bxot7q wegm4ga
Node 14: 30gy9nq l9gxlms
Node 15: 4aap5jv dmwzmwo
Node 16: fo4d2gg
Node 17: 7tfok8r qjcgqv6
Node 18: twbqk63
Node 19: dx3sbtg maw0yau
Node 20: vrfy51p
Node 21: 9slnkpq udb2wn1
Node 22:
Node 23: k4cjoay
Node 24: wgggzqj
Node 25: ht6fqyg
Node 26: 1jj2ep6
Node 27: ylrxafs
Node 28: kcgvsgw usg5k74
Node 29: ls0d2m5
Node 30: mix6j8l
Node 31: rn9b2fw

Node 0: avdvr7o fuo2mz0
Node 1: 1t0jmy9 a40ayse d47lz06 jm3h4z1 sap0uic tbb33nk v3z6pt2
Node 2: 10vfmyx c81keam f2poqwj jrlf2g0 oxen62p
Node 3: q6t0ag7
Node 4: 80dfpil
Node 5: 2c9xy56 d47orcl lsl8x4e my0byh2
Node 6: 1ucn7j4 4qaocv8 7yg2zvi khwgdrm
Node 7: 3lqu9ki bihu1em
Node 8: 58z0a56 hs320y3
Node 9: 1lbvwts cl515ju d3zmqv5 ouuobhx s59b8ej snwckku tvx332g
Node 10: l7oll5g
Node 11: byv4jeo oixbyk2
Node 12: 5lg6pd0 n61d8q4
Node 13: 87nrvxd
Node 14: pjbad7y yw3uctb
Node 15: 4e0fsfy u8mbe7i vyucklj xsdbhcg
Node 16: ru9si5w
Node 17: 78i78n4 b9xpj1e
Node 18: ihch3xk mre8g6x
Node 19: gbu2n3v gxv88oo
Node 20: 0pqu20q 36x6e1d 47fj8l4 6mfodgm 93mams7 kjyyf9o pqz7xnl
Node 21: 1t56iu8 vksqjre
Node 22: ars3sqy oizxfuo
Node 23: yytmkao
Node 24: 08n6pfj 1el9eo0 2unmkto okz8pjk q3uymdp vlcohov
Node 25: suplkqy
Node 26: akvwnvu
Node 27: ed6jrfc hwbqxrx j0tazmx k8nli2c lukxmrc oagaqqn ra3kv8o
Node 28: s215m5g
Node 29: skywlq0
Node 30: 7h58id4 wzzojqc
Node 31: 9z6mxov
Node 32: egkwufu vznygkb
Node 33: dne7n46 epd4zpx
Node 34: 603j5kb
Node 35: 3xteoi8 6v0xeja
Node 36: bp91tom hhojjdx sz59mgh
Node 37: 0zeskpa ldl5u2q
Node 38: xvkuvw8
Node 39: d55d4qv
Node 40:
Node 41: qz2lnlq
Node 42: mh2qv6z
Node 43: f9h6wzf
Node 44: 4452ucf yy5ag9u
Node 45: ldf3838
Node 46: 0gonxtb
Node 47: jtme7y5 xjhev0t
Node 48: makcd9j
Node 49:
Node 50: jelry5b
Node 51: zpp95cc
Node 52: b0f4k2f
Node 53: 3u1ilo3
Node 54: kc57eei
Node 55: grl0r6g
Node 56: 5vc7zk5
Node 57: w7a0qm8
Node 58: 9myy2gc
Node 59: no58dq0
Node 60: e0tu9kh
Node 61: okofup5
Node 62: 5o7ikrc mtiyfq9
Node 63: xnwiazo
Node 64: b1zhdqb
Node 65: q48vl40
Node 66: 6g2rih4
Node 67: e52gpm2
Node 68: iovk5so
Node 69: dtwqt5b
Node 70:
Node 71: oqte3yv

Node 0: 01cy41g 3sk43ie g2ufwcq jkboi0o wxyz7jm
Node 1: 62h5x3n 7ctzufc fmqnz0h i8an0jf
Node 2: 442pjm6
Node 3: fh93eb0
Node 4: t2qubuc
Node 5: giow2mb
Node 6: 2gsssqr 85r1gox b7rlo9e cnj6dxt dcd10yh f1645rs xkzhgb9
Node 7: moz9xdk pzq9dij ximqut1
Node 8: 7vvpbms
Node 9: 19lbviq hg6fdzy
Node 10: obqn0h8
Node 11: lztb84y
Node 12: f210zkj qoe6fk3
Node 13: y8fm3ol
Node 14: ufgycxa z4fsrsh
Node 15: z9j3ft2
Node 16: 6iuy95n
Node 17: xhxxivb
Node 18: 1zf3b91
Node 19: 6fnvxch
Node 20: b3csl9m
Node 21: bks42ky es34tgr k8kmzzr
Node 22: 7e4c097 gd82wio ntzakcz
Node 23: xitrcd6
Node 24: 8okmxqn
Node 25: 7fzv9bo
Node 26: bqffncq
Node 27: d83gzd3
Node 28: oma3r93
Node 29: bcy1p7o
Node 30: 3p2y7n1

Node 0: bvi7zw1
Node 1: 4nauhhu ompd249
Node 2: fekcjcx
Node 3: bqoo2h7
Node 4: 88dxotm kvop5gg wn3fn93
Node 5: 0nbrwss vjslbcs
Node 6: ji3ltgf
Node 7: yzurph7
Node 8: 5k3uqur

Node 0: 0b5wtxj 46uucs5 5uk6jjx dmzn2tq gkelt1i nf3gohh rnv83ui ur38657 x7yzvzs y72iliv
Node 1: 0m29m83 2obegbx 39e7ig9 5cjv6ja 9z1j0go aatqcju b3tlpkw c5geiwz fvsoskq jtrrhwr p1wr904 ppm8tya urgtui4 vdbus7o
Node 2: r2i8lxl
Node 3: f5p0fxy fl9c7g9 qwmv5dh
Node 4: 45lpcob
Node 5: n0ajctu
Node 6: 54pv72z exvdezn w9yhomm
Node 7: 6bs9c65 iaoby80 ub4k99l
Node 8: 36kr1qo
Node 9: 0dc48qq
Node 10: gml0ij3
Node 11: gheb6t3
Node 12: 351ww9v sc42sjd
Node 13: z00zcmv
Node 14: 5wx8nto
Node 15: a22mb2r
Node 16: rhn36qk
Node 17: ex57uiz
Node 18: f5u7cdl
Node 19: bsii4la
Node 20: eg3keb1
Node 21: eluvstg
Node 22: tmk2atm
Node 23: r4bq2x6
Node 24: rec54ov
Node 25: 87n5hod

Node 0: 64x0p4w c9x9ey4 j9qcjtn
Node 1: mccbb6r sta6lww
Node 2: n0uan1s
Node 3: cdfcxxo
Node 4: idqiwf9 rjtfqav
Node 5: 2cskut6 hnmv3dc i1lhyld l3swupu pbbr5on
Node 6: i98pcrh w5uyd0x
Node 7: l9a35zj
Node 8: qn3p88p
Node 9: 3ebfrby fs7vv0b
Node 10: 7130ygc
Node 11: zq0rfk2
Node 12: 7yga8lk mib0v41 okosyyz rlt20wk
Node 13: 78by7fq 7xaz87h a27t30f b1j7nff d8r1iom gb4hykp j4zu4ip lfpimq9 onv0b0s pbohrdn r7sc5t0
Node 14: uj9toyz
Node 15: 7r9p4r3
Node 16: pbbikck
Node 17: lpwgd2e nxpieac w47r2k5
Node 18: zku2725
Node 19: jovjhg6
Node 20: 0bhnst0 re8xzqh wkx0o0e xgt3dql
Node 21: gpdp8oo
Node 22: 2v663up lag22xo
Node 23:
Node 24: ornzeri
Node 25: u4y5g84
Node 26:
Node 27: desumdf
Node 28: 5wsq98x
Node 29: 1dpe5bg
Node 30: yj5lnmf
Node 31: p76jn2a
Node 32: ag4m2wy
Node 33: b6oz88n

Node 0: 2ah0enc 5d24pez bh64jpt coy9jsa df3d0i6 fou7yvm fyu0x13 kp4f1l1 npsdqsu r95vt3g tuu8n5k xnwruk3 yrkfa6n
Node 1: lmnbo1a
Node 2: km7nisi
Node 3: 6pu6fpj 8bgeoj6 xkrn5sr
Node 4: 379673q 4zj2d17 8tmpu3o hnfqnww jgs0oan nma5xwc
Node 5: 5nb0epv
Node 6: gikrwzo mrcvmpi pdzw9wt qs2t16r t0vnpba tjih42i y9q6fh5
Node 7: 8ra18mf gqyi7su jalxl3f
Node 8: 2orhdor jf7z3tq m58kc7n
Node 9: lw1stol
Node 10: d4jnrd3 jgcbiyf
Node 11: jlzth29
Node 12: tapf2zv
Node 13: 2htrbns
Node 14: gl40jd7
Node 15: dk4avkx
Node 16: lhkcc1t

Node 0: 0hrlwxb 3mvubc2 etswwm6 hczp4h0 rrcofqc sy6t2ys we0z7k3
Node 1: 34udd38 3girgc1
Node 2: 05qf3hb 0s54u2q 3dfvndp ah0i1qy f147vf3 f52eznj gnm7i85
Node 3: e4x7e3n mik96e1
Node 4: 1xl424j e6qybop ohc2wxc
Node 5: 0p7o6ar
Node 6: 29c2hne 4b9mm83 lrq9c3j q8557g0 qbu9tyd qv16f4c ur4sj5a
Node 7: 01en9fy 0jr1vn1 g02hzq3 j3bmarh
Node 8: sdss1ng
Node 9: f6dji02
Node 10: fdobzc7
Node 11: a6vq8kn
Node 12: hs1d698
Node 13: 5o8gtpl 6afhvgh
Node 14: cre33vy
Node 15: h4l9zv7
Node 16: aikxn4n j9ib4oa
Node 17: 6fohab7 s8cfs9q xohq6o3
Node 18: k8f00zn
Node 19: 5vs96n4 t1etu5z
Node 20: wqdhfgo
Node 21: b7bridy
Node 22: jo1owv8 vezk7tu
Node 23: 77jbn7e 9sgywrh
Node 24: 9s9vwtw
Node 25: 9kuy254
Node 26: initf30
Node 27: e53we2g
Node 28: vspgutg
Node 29:
Node 30: ctomaub
Node 31: wmpmhc4
Node 32: 2ev0nno
Node 33: 5mjah72 ts43wb2
Node 34: vjd8h22
Node 35: xf5vhpc
Node 36: xspnuti
Node 37: hgsarc6 y13y5cu
Node 38: iff1w7a
Node 39: b7bsndj
Node 40: t480uf0
Node 41: cc8kxuh
Node 42: 3m785yv
Node 43: 03kpaj3
Node 44: p4qfqqo
Node 45: o2h9cbt
Node 46: 91w692e

Node 0: aq84yi1
Node 1: r3hgqum vqtjmwb we3g5xd zoej3zv
Node 2: dxcnji4 ek1a4hz rn73424 s4f5jbb y1x8bme
Node 3: 2zrhtxp 35qyiu8 ejy0zab ep4z6ab favn8pz izkorc9 m5vyv2o smtku4m ukfuyrl xjkwe2s
Node 4: niupfvg
Node 5: 08jwqwa c6xuhqt hbtzuoy vvsgclm
Node 6: vs4dpym
Node 7: 8bifepc h36z4ss o41lp5k rbbruwn tt8h0ra ty56atv
Node 8: dkr7x3k mf0u6f5 r4x1c73 ube64g7
Node 9: 97s1mxy my9v9hh p17iae8
Node 10: 8twbdyv vfeuczn
Node 11: etemjs6
Node 12: ux51kst
Node 13: 9xt7dvl
Node 14: hg6hh7d
Node 15: vcismn8
Node 16: yowcf6x
Node 17: 0wvpjzd 6ap7226 f5x4nia up2zycc
Node 18: 22to9oq 55t9jd9 8ghtkam o4x0zc2 yrp72b5
Node 19: ng7s8hm
Node 20: 6m3pxpq hfpdlr1 uq3u8gq
Node 21: 124tk1c 3qg6lk4 w5vxaub
Node 22: mywd0lx
Node 23: xhqd7hb
Node 24: 2npz67h pp0a9k5
Node 25: zefelxh
Node 26: 1rublrk
Node 27: 6wgs60w bl8c7nj gegrcy6 vl60izq wklrc0s
Node 28: 4my49wd l5li7ez
Node 29: tcnmdww
Node 30: dlvdu8h
Node 31: 1wc6jiz lvq7t4o
Node 32: itor8cu
Node 33: odch595 plzo573
Node 34: 2ueqcwg 3njrlny
Node 35: hmmczak
Node 36: um9cj8o
Node 37: v180jdn
Node 38: 88trosj
Node 39: lb8voxw
Node 40: fmc5oc2
Node 41: lcs20sq
Node 42: 08ttddo 77wb2sv
Node 43: yhaxf0p
Node 44: brc3rj2
Node 45: jw4y1y0 knhlgzj kz6vwq6 z8npprb
Node 46: m3yjf6t
Node 47: hbri7rs
Node 48: 62b3gml l1j7jtb
Node 49: lfhb9u5
Node 50: 0x7nkzp
Node 51: bpntbzg
Node 52: 0qnk1md
Node 53: 4m50fkj
Node 54: 65fp91l
Node 55: d64rwf5
Node 56: 9tc1nta
Node 57: bnyfxal
Node 58: 9gyx74n
Node 59: tg8zhmc
Node 60: 80bazfa
Node 61: sii53b5
Node 62: 5tjc7kj
Node 63: xn5rxeh
Node 64: 6p7s74m
Node 65: wm991rr
Node 66: twfempb
Node 67: m90hrd1

Node 0: 0fruzul s6pvxqf
Node 1: dz0fhb7 edkdyie eeqqu40 eo2kf9k j9bhta3 yyj5kb5
Node 2: 1pp3oni fb6md6n zwr5n9c
Node 3: irlokum
Node 4: 9ui5c5b vv0t0sa
Node 5: yzb51m7
Node 6: ib2l8bb
Node 7: hbv9xu4 nub6tbr x7p24z3
Node 8: gx8ixx4 tn14rpe
Node 9: ecw8qmu
Node 10: acxys9o f5gpr4b
Node 11: o5pgzln
Node 12: 395p1nw
Node 13: 59jj28w 8k0758f yqo8xj9
Node 14: adst6cp ozjij3r
Node 15: cu30lgf fuciw2y xi82z42 y0v60w8
Node 16: wehvnju
Node 17: x2yx28b zlhen8r
Node 18: bj16te1
Node 19: hx6ngm3
Node 20: n3sjzsf
Node 21: 25e55z0
Node 22: pq932ix
Node 23: smqounz
Node 24:
