Node 0: 6forkmu 6ogf4au dzf6oit pkh8ya6 u9imx8g wpyab9t
Node 1: 1tjjug5 b09r3ny gdkx7wt u10iqez u4rghhf xbsc17f xc20jwn y7y0me3
Node 2: 2jq8pxe uuzi4l0
Node 3: 0v558r4
Node 4: 2a6igo8 3cwlrr3
Node 5: 5pblwau b0kjwbh i0wqi5l lpxqpzd o685xj0 umj4p75
Node 6: 33n6d5f 4iyo34q
Node 7: 379hzr1 bun0d5j fixt2bx g5ccpyj tiiqm3a uocpdap xokh4wa xy4pq5a
Node 8: gr9ia68
Node 9: qaf3b11
Node 10: w5lah55
Node 11: hmirmir kl9x7lt ptm713p
Node 12: rpbhb54
Node 13: 3rnh7u7
Node 14: 51clcvc
Node 15: b3zzyrp
Node 16: 467ckn7 8002xlp jk335dq y5p7f6p
Node 17: t4mna7n
Node 18: fs4avhb
Node 19: 804u7jo
Node 20: bfyckm9 jnftuta
Node 21: jfkcsva tpoivse
Node 22: 420q6yf 5x7h4nw
Node 23: prh4lyo
Node 24: 2bi98ua 60kc1kz pckbf45
Node 25: c18sdvj
Node 26: 6lpv5qg g5vmhb8 v7j9zli
Node 27: 2r4dmtw 5e27j7h
Node 28: gqq1its qsnonga
Node 29: vrus5zx
Node 30: wxxx8dw
Node 31: 4juhpey uy3tkqz
Node 32: ihqtf1c
Node 33: rep3uzs u94lkty
Node 34: pgaworq
Node 35: v0zy37v
Node 36: hzxivn0
Node 37: 0qdy1i8 2o98g3i 6opi5yb ors2r67
Node 38: wpmmz58
Node 39: 11autzb
Node 40: zi0rks9
Node 41: popz8gi
Node 42: 2ejjrzs
Node 43: hxpqpqt
Node 44: rlh9ru0
Node 45: w1e3b15
Node 46: jy17bt3
Node 47: hu1jhjj
Node 48: w06k72t

Node 0: 3919106
Node 1: 0iq98fd 0od2a2b 1vztmly 27ujdmi 3hiozxw avrqzoc dihwerg nvbjkg0 o56csz3 q6qxye9 u02793e xahzx0d ybzdg9f
Node 2: d8m29qe f2zumxm np9intw ti06qyi
Node 3: diyhfic ksew1mm q0b3j0b xi60fsc y7w4k3u
Node 4: st2uisk v0hkipp
Node 5: 5cewbnt
Node 6: c8odc3p qcalk3z xtfpaka
Node 7: 4nemmmq
Node 8: 3dx60x5
Node 9: 7hmfdg4
Node 10: 34iebo5
Node 11: mhpzbdr
Node 12: oeoiprs
Node 13: joycpsg s0xfw5c
Node 14: 1btp5ny hf9pl87 zsh5xro
Node 15: 0ulmsb2 rmig339
Node 16: gu4vl7l
Node 17: vz6ttag
Node 18: z867sk7
Node 19: 9caqjoy
Node 20: lk07ht9
Node 21: aohgw78
Node 22: zb0yvlq
Node 23: mmcekxt
Node 24: icqh2rs
Node 25: 3lw2dka bli1c38
Node 26: 72gbi1h
Node 27: tyngpig

Node 0: 1kiqkux 4dn3rhp 4gevmbd hkuf93g
Node 1: 7ii6lk6 98ywzv6 iycz9yz rukjew2
Node 2: 2ny89mn d5tsrnh
Node 3: 1z2wri4 cykzd8v dh2kguo lq8241k mt9dkcs oejue1j rrr0jsu vp0ocw2 wbl9yqk xtk8j2x
Node 4: 9a70d2i av4byp8 bz63gxe bzcd5j0 d7opgt7 qeu9mc9 wzxhvob xmrj77g
Node 5: q0wqbw0 rhc5mrc
Node 6: qfsdvzu
Node 7: 9yud1c4
Node 8: 630dgm4
Node 9: gk02p4w
Node 10: q7glabq
Node 11: aakxkdg
Node 12: 32xmd8r 4z13j1d 58qekk6
Node 13: 2jg936r ym1qey4
Node 14: 1mvkds9
Node 15: ak9o8jl zm9ty4y
Node 16: gttcu7q wv1995s
Node 17: ofdr80k
Node 18: hylvk9i
Node 19: pk60j6l
Node 20: hhj6nkt
Node 21: 65jz9wx n2k09a4 teviq0l
Node 22: x3trv0s
Node 23: ei40olj
Node 24: 2m9bj9n jb6bvef xf1eel4 ymmkxpl
Node 25: b12fiij f3dh1qj s1g6s4l uh65jru
Node 26: a011fgd
Node 27: 6d2scnm
Node 28: nxj459l
Node 29: 1kvc6m1
Node 30: 3kz4hwz
Node 31: aucrz9c
Node 32: y4s7bv5
Node 33: 3p5brml

Node 0: 7hs2q3u aft58l0 aq8yrgv cbh7wq5 jzvbkqn k3bkc80 k7bnoaa ktj2xup o4w70k0 ubf490w x3mxi2o z4gr6vl
Node 1: z9cebmf
Node 2: 5a10kef 69wxcq9 f8lgwvy ic7haqs
Node 3: ksr1skz snmfz2l
Node 4: 8cmfxso iaa1bn0 ium69m1 syqotnz w6qj0uj
Node 5: notowkr ozexotg smwmhwk u2iwn9y
Node 6: nce310n q9zvgn5
Node 7: 0ahfhl4
Node 8: c0iz8tx omzaoa5 pkx8qr9 rof938s
Node 9: 35snfrm 4sxhq0j tfpuntc
Node 10: bdy3eft
Node 11: pdeea6o pjqbu7h
Node 12: bkix4vh
Node 13: tuohs71
Node 14: pwa1t90 qvt7p0f
Node 15: hddz7xj
Node 16: dq0lpj9
Node 17: rlrl3vc
Node 18: 93475ss rwjxrke rxssj1k
Node 19: 2th4pvx
Node 20: k3i1qcg rnyvc9g wcdxjm7 zow402l
Node 21: m1cy4jy
Node 22: ft2vubp kodlkbh
Node 23: sxbeb0l
Node 24: ae41heh dw39ypa m0h18uu q5fp6a9
Node 25: juwu4n2
Node 26: bsxcj40 gq5cly0
Node 27: jj3bmdq
Node 28: 8sste67
Node 29: sq7ma46
Node 30: 4gualwn
Node 31: 0h6x24u 4s5pzz4 lm1igja
Node 32: vuou14c
Node 33: p5xa4yj
Node 34: 2c2miqk
Node 35: natesmh
Node 36: cll2o8g
Node 37: x68pv2x
Node 38: e6klz7c nm3k1y6
Node 39: x3c6ru7
Node 40: bwyb0fh
Node 41: o6y4ha5
Node 42: 096hxca
Node 43: arkyufu
Node 44: xmu3e4b
Node 45: ulcs9zl zb5stq6
Node 46: gp7mdcu
Node 47: no94852
Node 48: v8vjs3w

Node 0: 896mnqc aqywris cthtahj ldth1i8 t0obibq xf11c50
Node 1: 6xrv7kb
Node 2: tyiygr4
Node 3: 1vsn8q3 ga3i3u9
Node 4: 0eieq8i 1q145f7 6ho7dqr dcgh6ic ekq1f82 lnoa49q s0kemy9
Node 5: 0tx7u20 2etihbm 3gmgkuq chz1gdx ci9560u d9oxh9c hluf2f7 tdfah1b vzwthbi
Node 6: 2b9cdex e45fppk g1butj8 g2jgvs3
Node 7:
Node 8: hsbo5ti
Node 9: 13ytiz1 o3qn02s
Node 10: b1puby1
Node 11: veeieie
Node 12: d0iygnh flux8lp
Node 13: b2w1kmt
Node 14: ddcxf4a smqhe9m xwuwywl
Node 15: 7k6c7st
Node 16: 3ou8z4d
Node 17: gjhp80a
Node 18: hhzu97l
Node 19: k2a9o1p sp3aqdz
Node 20:
Node 21: xpbh39b
Node 22: hmsl98c
Node 23: uthbz5u
Node 24:
Node 25: 8ywugrr pqmpmj6
Node 26: x114jtv
Node 27: i8wxwfr
Node 28: 9h76d9r
Node 29: v8f0o17

Node 0: 1zqsvr9 663ibjz 9nshy3k b9qbqf2 be7bv6v dhkt3ql es44gq5 gehz1y0 m344uar n1csibs o06jodj pwymgq6 rrsdzgw urs8uit va4qd4d wedoowz whllvun z1noqr0
Node 1: rz6x79q
Node 2: t09a1s8
Node 3: 1vxacyz 474sgc7 678943t 8k3gf4c ekfun2v eyeudf8 gfj88hp gykotbd khv86dl lixg2fk or8kb8d pwqsmwj sd1r5uh sdb2jh6 yy9y9lt
Node 4: 5loir5e aheqr10 gir9cwz m4j0e2p s52b865 yhc0c3v
Node 5: e7pnaln rx7pytg x0fmgzt yk2i08u
Node 6: 6zutkyi ayk7dwk
Node 7: c2nspzq
Node 8: id0osdp
Node 9: 2eltrtr 3p91rum
Node 10: h0aandk
Node 11: kwmd513 nu9mgw7 to4hc5l
Node 12: krhmn3j werql5a
Node 13: thwxv93 zus8upz
Node 14: btw7j1u
Node 15: rjz9glf
Node 16: 0xv1adu dec96uj eb49aa7 rl1lstc
Node 17: dlnpcq5
Node 18: eklgogz
Node 19: 9u2r4p7 i1cqv44 jzr3ik6 klhu9fm umv456j
Node 20: 1y6fmrb 6s5828d at94im6 unrktn4
Node 21: ff4ofpo s3gpkfw
Node 22: 7gbugd1
Node 23: 36rs0qk
Node 24: wcteg1d xgdt1w4
Node 25: woctff0
Node 26: rkrb7jn
Node 27: 0dcj24p
Node 28: vcyqpml
Node 29: rgxt4l0
Node 30: p5u0953
Node 31: 7jgxi45
Node 32: l5hmdp9
Node 33: vvoqbua
Node 34: 2816082
Node 35: qu5s0m6
Node 36: p5yjzo6
Node 37: lvnkemj
Node 38: e23d9o3
Node 39: ys81e9b
Node 40: 9x8tr2m
Node 41: 1e5l2vg mmjez5t
Node 42: o37tf6z
Node 43: sccbd0i
Node 44: i56pyaz
Node 45: nu76ktn
Node 46: vsg9zqb
Node 47: k5knf09
Node 48: 93b4q4y
Node 49: htz5xgp

Node 0: 8h8xgth dssgqrr z9vcw4n
Node 1: 8qmxg4a k6pwi58
Node 2: xjvkwzq
Node 3: 16dnn96
Node 4: 6174u6t 63igo3n mduhm6p
Node 5: hxlyyl7 jg2g6c7 m40mr07
Node 6: k54gf98 y78hh6o
Node 7: urpg3cs
Node 8: eagcngo
Node 9: h7gbq59
Node 10: 89a2wcu

Node 0: weuwhm5
Node 1: 0d3ofw5
Node 2: 4b2pxrz d8knifr dg6oqcy q9bwpn9 t2rar4v yeqrcat zi81mgw
Node 3: fngqr22 zw5zq2r
Node 4: b7821us bx1jauq
Node 5: mz3272g
Node 6: fuvdhu1
Node 7: x8zqs7s
Node 8: 0s8qurt l7s3o6v s98ctji
Node 9: 0ozqyba cx0lpxl
Node 10: whzg3aw
Node 11: 4cs747b 4qbrurz
Node 12: hmhz1ud
Node 13: 58428ai
Node 14: kaqfwur vrjjrh7
Node 15: u8c9nxi
Node 16: 129mf0g 5yyynqi 7vh832o azczfro pitnyf6 rxtawlz
Node 17: kprznet
Node 18: ktypy0h
Node 19: l487hdf
Node 20: hcmrwq3
Node 21: a0lt3cn
Node 22: rm9ube5
Node 23: uqwm1an
Node 24: i7atsw6 zylfbfg
Node 25: 2qyw20s gf5dff5
Node 26: lk94xmv
Node 27: 8jp1sed
Node 28: pkwwmeq
Node 29: m1i1exg

Node 0: 99nez2a e3s984h f4mubx2 ojyla5q urlfao9
Node 1: qdd5v18
Node 2: tccah4x
Node 3: 1k1oeys 2o4by3e oqiqaby wenl9lo
Node 4: 1bl1khb 5a8hdxd 7stqvzq aa4tmf7 fpcb2tp ikhsdp2 mq7kwp6 ny0725e r1pd2rr r3i7xih riswsqk tnckr8c w5itd8z wfnd0m9 y0phlh2 zuv2eb6
Node 5: ee7n0y9 fhw95el
Node 6: 5w82hcw
Node 7: dps3wyc
Node 8: 2mbjomz
Node 9: 12j8bpy 4shptcb v9bs5op
Node 10: 9k3rd19 ep4itvn
Node 11: itls6zo mjrhohk
Node 12: 3hjrxc1
Node 13: 4fi5cgg
Node 14: 2wtlymm fary74n kknj00i t7u1ezi
Node 15: 2wsgjna 382c1ax x54f57m
Node 16: zn74bmj
Node 17: p9ctebk
Node 18: 3idb5tp 7qvtp78 qg1vy5l
Node 19: 4jn2mjp w5fagc2
Node 20: 8lpt9lc s0m1o9z
Node 21: ihsrcgo n97zkgo
Node 22: 0rk2qxz gyp5yu2
Node 23: cie1yfs o8m8fqx
Node 24: tzjtogv
Node 25: i1itumf
Node 26: pum527n
Node 27: ij2423b
Node 28: seg8jjj
Node 29: 2u0apoz
Node 30: 93nmqdz
Node 31: s0odwcf
Node 32: 7z3w001 sc1oaj2
Node 33: 2kpr0sg us8ah7g
Node 34: j59tgdl
Node 35: beuxx7m
Node 36: 4wjbef8 euozoe1
Node 37: bct1b7s
Node 38: scq9it2
Node 39: ur46rzd
Node 40: k6l1nov
Node 41: w9i1r1a
Node 42: 9tk05zu tzceme2
Node 43: m3tonmz
Node 44: 4f4sdwi

Node 0: 0xjc5pc a6tprhm bn83wft djq91m9 mh92bh9 mi5mtld nv5skif sogk8uj stya9xo tktj5tr vd09row yiy5z71 yjvahzz
Node 1: 08lppim c9aiojs fbogq4o n2yjq8j u3byiug
Node 2: w6tw73j yxak9fb
Node 3: whfncmz
Node 4: r6eep4i s8rg2xc
Node 5: 87ios3w dwrfcpc
Node 6: 95xyhim
Node 7: 0zsbcod te3v1yp
Node 8: 8wkv7xh b661nbl mzw27lf sl098jo wzmrq0m
Node 9: lvhx3e5
Node 10: ae9nys4 t1skk5b
Node 11: rvinayb
Node 12: c9ovxqo vgy4sui
Node 13: hih4fgg
Node 14: 702gkoa
Node 15: 5saql1m a0hyctc ry1mdpl
Node 16: nmfwq92
Node 17: lko9ika v33q0sf
Node 18: 40ndqhl yn41pjj
Node 19: 1vpofpr
Node 20: f3iwndr
Node 21: pwu8sm2 u9sjzvt
Node 22: hbyvhod
Node 23: 4uinpq8

Node 0: fdevegm nwnnwc5
Node 1: 3d50vyh 4gplpha 4hbe5ro 72s33xf 76kas5n 7tbbjuc 9zwbz17 a6sr1dn a9j5u47 ac5p657 awrd9tg fvv01oc kxpdwt8 ui6iap3 vop8q3p zwcdxoc
Node 2: c1zokvf uydkdg8
Node 3: fy59emc qqldnci
Node 4: l7r1mj5 rvx7s8f zj7o8y8
Node 5: 015d5s9 9frrtt2 astwptl rc6jzii
Node 6: 4vo0q7k 5eporlx mpm3ftr obv50qf toky6mz
Node 7: 311jlyk
Node 8: wvuwk3m
Node 9: bz4882d
Node 10: 5rat20p 6okwtdi
Node 11: m61fkrn n5hi0yg
Node 12: 6zb0whl
Node 13: m8gerho
Node 14: h47iuj4
Node 15: wra9h3n
Node 16: ebhtvt8 gae0su2 vkl8ss0 zlg19w2
Node 17: te5bsjv
Node 18: q33twok
Node 19:
Node 20: 4eqdrx6
Node 21: hdacmun
Node 22: q3w2xu6
Node 23: v70kawp
Node 24: 6x0sxfd
Node 25: m1vpkuz
Node 26: 11zja1b 71j902p bcuys3p v3lupk2
Node 27: 543qtea 9uiwljk mp51y4f
Node 28: th0j6zc
Node 29: lbnxla0
Node 30: btnvqw7
Node 31: wijp24h
Node 32: 9w5oo9q
Node 33:
Node 34: zubm4ta
Node 35: cmg8mzd
Node 36: y59kbjm
Node 37: 0px1exk
Node 38: wig3s0b

Node 0: jpro41j xks1ww3
Node 1: 5mhfcg0 7y2ayx9 9w5re4e b6gvmto f51gysr lbzdrkb
Node 2: gr4ce1c qav75k5 xyuor5a
Node 3: cf8byfd
Node 4: nz4sq37 qfdcb6k
Node 5: 268e7gr 6tfl850 iufx2ed okirons u827xw1
Node 6: bb5bdur
Node 7: 692jxd8 9nksoj6 fo14q7r qt6tzq7 rak3fjw snuucmt tle8ogv
Node 8: 5drobqe
Node 9: c3wd9c6 n5tbl3m
Node 10: 96mafng e8doidl fysd7p2 kdja2m6
Node 11: 8848j48 fob0ccl
Node 12: 0tvo30p 4q10j72 zkhgk4x
Node 13: 3uoi7xu 55vn8hx
Node 14: lrvkqky lyw4i8h v9cec6l
Node 15: e8zpaad
Node 16: b5y19j4
Node 17: gicfj1z me0on58
Node 18: r19hsa0
Node 19:

Node 0: 7hv485j 9gqj5fr ajv0o4t auffbix de0h3pg efrqj16 ek71xox f4tj5qv g1ly23u gvv0j7q i7145mr ld1yao6 mnp20xe ovuchug q4j2ahp qc3rwvd qin097o u39nz8h w9eb6vr xdf0clu xhdx5qi xjaanif xlh737q yh6kig7 yk4r1fr
Node 1: 34yy0bm 6nyxbxw 6tow5f6 cu4bbfh jbs4gjd kbxrzl0 lo6fy1u n5gnaw3 nknk08n z597tgh
Node 2: 0q7md1u 14md3kr 3hlse4k 4dk40p6 6gs060s 9m51usf bptmh3r eeha8vy jxe1syk l9tfcsq mo5lmeu p3ck8ab qkt5at2 qla8n05 socpsql tkn37it uq539sz wgtv6z1 wz2s55n
Node 3: pk9z1t0
Node 4: 0r1tuvg brfswyq flcv83u mghns59 r360fpx ycb5rk2
Node 5: 62bs4bm bgg1qo2 eadla5b s6jkssb
Node 6: eg4acnt x2axoqr
Node 7: 6xt24sb gvqwlyn l447znp rvpkufe w719fto
Node 8: xj2ocwl
Node 9: rp41fyg xq8hfzh
Node 10: ju4z01s
Node 11: nz04lxq oeowesc
Node 12: 149t7sg lpqwyap
Node 13: 9tu2su3
Node 14: 9pa2x9k cqdbl7t ekxag2g gk7x9kf gzy7cku pubqahf
Node 15: fckmdi2 gl62vzx o30jmjy
Node 16: 32haevd yubrbis
Node 17: grkgzlr
Node 18: u7x0vgn yeaqq0s
Node 19: 78beb6q cns69mh
Node 20: gjh1ln8 rzih71f
Node 21: cdhtx4w xura653
Node 22: pcovjlg trjddet
Node 23: 1b1b2pz k7uux2i
Node 24: 9br3uh2 jxox43v
Node 25: 5mntuu5 dwa04z7 u5b5xkc u8jt8m2 uz0bri1
Node 26: 534au9p
Node 27: pk4go0g
Node 28: 62znjcc
Node 29: c6f7egm
Node 30: tdphd1x x5sdcuo
Node 31: 6zutebb
Node 32: ixeens4
Node 33: 5on3h1m
Node 34: pop708c yh7dmlh
Node 35: bhlsxnr
Node 36: 46g4i4g
Node 37: olcuong
Node 38: u3nx0m1
Node 39: gcjhwst o0r2dpf
Node 40: c6lcb8v
Node 41: akxud4p
Node 42: cuf4ee4 zkzm3xl
Node 43: kmmyov3 xa5bdit
Node 44: ltfpbuj
Node 45: y7gqu1a
Node 46: e3bk0rd
Node 47: y1bxqmc
Node 48: totszmw
Node 49: ye4ysmq
Node 50: 1c9bpzm
Node 51: 29en8qj
Node 52: awmtrgj
Node 53: hggq59s
Node 54: u14qbl4
Node 55: 8ge64af
Node 56: iodj3z1
Node 57: uc5hp2o
Node 58: 28wqwgz zg9kt0q
Node 59: m39kt98
Node 60: ay18w8e
Node 61: 5v28rv9
Node 62: 4850qwr
Node 63: tfe70nc
Node 64: up181x9
Node 65: fszqabe
Node 66: wugzdnj
Node 67: 8py82u9

Node 0: 1wuzy28 3ao19lf 4j2mnxw blquvt7 d0t5ixs pujuo1b w2qjhj7 xhae140
Node 1: ggmds7y
Node 2: 2u8tz02 pvrf7ct
Node 3: arcxp54 p8aodi9
Node 4: 5xv55jx 936dkbb rbd3fb5
Node 5: kqz37m2
Node 6: bvqvgjc dvnvfii kgaq1g3
Node 7: lnkw3y6
Node 8: 60hma8p dwpkvvj
Node 9: pkaz8i2

Node 0: 41m6att
Node 1: 0kt3enb 1r7vacp 7qdsf1b 9bj1mrh hrelstk nf0pyjo os4vmwm p2lgpiq y7kb7cf
Node 2: 1bsrjuk iz8i4kb s8o01s6
Node 3: 2uw9ma9 4fxx9pb 8tcerju aitdtba bwptrl8 g5icine hcb91z4 jrgq461 n0t7dzs pc2qn96 pgeq9hs po6imwf qvw2esq
Node 4: 778gqbd sll7vqv upkmc2m z2qsibw
Node 5: alneipg
Node 6: 7eb2nuk clovoiw h76q06p y35hvwl
Node 7: rf3o78h
Node 8: 0whq5ic xie20h8
Node 9: mat3a7v
Node 10: 4fmq7gm kpg6xtl ktgrmfz
Node 11: 9tsq031 rtu8jth z1o0uaz
Node 12: 96dgz3b xxldqyn
Node 13: qxx31s1
Node 14: xf1u1uw
Node 15: j8xcc8u ya71t86
Node 16: 5tboeqy drxjnsq rzkozc5
Node 17: ou6gu8g
Node 18: 7ecfhis j84tfwe
Node 19: ehke2n6
Node 20: 3cjruzy cqguw2j
Node 21: r2mhjz0
Node 22: 7vjoymq
Node 23: 09v4a1z iocuawn
Node 24: t96iqq9
Node 25: 4lwgeqo
Node 26: 478en65
Node 27: 0u6k20q
Node 28: 04hybg0 rh26vff
Node 29: ganaysa
Node 30: p3x7t8n tbo2yu1
Node 31: rakxk8n
Node 32: mflduss
Node 33: sizba1j
Node 34: av0kmv2
Node 35: dfryldu
Node 36: 08qj2t0
Node 37: zx3nn7s
Node 38:
