Node 0: vp3k78o y71l4ta
Node 1: gyc6qh8 i2uav26
Node 2: 00ob0o6 bu3joza
Node 3: oeacikr
Node 4: czfx7xq e5mpkvq
Node 5: sibw2rx
Node 6: 90hxa7o kj2bfqt
Node 7: cpcl5sq
Node 8: 0552g5q 4q5rfzk 5gnq51g 6vd6ke9 ilf4azy wdnan2b zv0asvr
Node 9: gwwmqs4
Node 10: 4vtufr1 iw64x4s
Node 11: 1eqsub1 6you5xj dm4ar07 dnvs5me e7bqr71 fgrnnk8 i1ouz0t jkvx0ov lysgeuc nrm533n o7wkg07 pm7xplc sxj6w4e utrbr7e
Node 12: f66xdwp
Node 13: p42ihz7
Node 14: v59aqbs
Node 15: da9q2kp foct1sx o5q0n94
Node 16: m3bcham
Node 17: adpytn1
Node 18: cm98dry gg0ckoi ttke879
Node 19: 35kj2z2
Node 20: bkwawsn p6eht3l
Node 21: ebokh77
Node 22: 4jcgd23
Node 23: rmau6ev xjg0yq7
Node 24: t0khaz7
Node 25: i6o22r2
Node 26: u0g3rjh
Node 27: vl0bc1b
Node 28: hslkfe4
Node 29: do3uzep
Node 30: fyy29nt
Node 31: zp648l5
Node 32: 7ucur0q jxej5z3
Node 33: lv4pygx

Node 0: 9a0ipkp
Node 1: 0maqa86 anneeb8 ma3snqz o6258gs p1cq1pv rf8kavp w765qqe yjavj8o
Node 2: 84ozo7r bta8dhm tueyvn1
Node 3: 8imbtbh esy7m5e
Node 4: 8ruk3iu
Node 5: mpj8odr
Node 6: 0b51eyu 1h72u74 hh0rh3m q6ng7x2 wfs71dy
Node 7: drz6s3k
Node 8: kg4chui
Node 9: 3e9ssxq 6hzoy8x 9hevbre gohabk6 uk8qyky
Node 10: occg1s5
Node 11: 3b9sx3n 6u0y1go 82nz7z4 asodvgv at45930 c5v9hs9 ttspv6a xnty3ca
Node 12: zf0zi01
Node 13: d80m2l9
Node 14: ztnz2nt
Node 15: 9w3gaw3
Node 16: pxj2rp3
Node 17: jlc5jao
Node 18: m2tr9lz
Node 19: f1ivxvp hs7husv
Node 20: i5pnxiq uvw12qv
Node 21: 602remy
Node 22: 81u3hdd qj3rjlz
Node 23: w26w2jz
Node 24: ztr1oz4
Node 25: ssze995
Node 26: 8b8ndot 91op75j
Node 27: huutvbc wbpgj2i
Node 28: q3n63a9
Node 29: f6d5izg
Node 30: 9a3tz5j
Node 31: a1luf4p
Node 32: 0752ye1 ctr6aij p9vid2c
Node 33: esx3cus yw3f23y
Node 34: b9bdhxi x0o35et
Node 35: ciuwgiz f6hsai9 soo2j56
Node 36: 7vvbrig
Node 37: x4rqluv
Node 38: folu515
Node 39: h1xlhq1 j1293iz
Node 40: r4h5i6p
Node 41: c80lztm u52srd5
Node 42: v4nf1r6
Node 43: qt6gcdt
Node 44: d4tabd2
Node 45: pc1yox6
Node 46: 33u83wa 9rx4gas mgou4ld
Node 47: basf63o
Node 48: 0e15ct8
Node 49: rxxz352

Node 0: mlqengo s5u6rqj zbl8rts
Node 1: 4hj9da0 ehbdjh8 l06fnd9
Node 2: cy5o9j3
Node 3: v42uvat
Node 4: 0eo47bi doh70ay jpzffhd jq0u5o0 trdn6bd zvd7myf
Node 5: 46c7f73 hu2x2vk spqc0mj
Node 6: m1u0i4j
Node 7: bhndzz3
Node 8: awzbr1k hdex2oa
Node 9: b6xzhzx
Node 10: bllwawa
Node 11: bpwybzp
Node 12: 7wa244r uxp4a7f x33e87r
Node 13: l7ctnp4 mamkjf2
Node 14: lhiookh
Node 15: 2ke176g
Node 16: jj2wwfm
Node 17: yo1abjf
Node 18: ptic0ru
Node 19: c5kjp2s hqto8nc
Node 20: 0cabrgn
Node 21: ouxd6v8

Node 0: 5eotlae 5ga5nyk c8vssbj hcnhjsa ipziboh iq9u799 nqosobr r9abgbt scw6mho z1k1isl
Node 1: e6m1wiy
Node 2: m6udqba o80707t
Node 3: 2085axg
Node 4: fp3pj4o khbvgmv
Node 5: 8qy7uo3
Node 6: bxibz9x f7uc75g
Node 7: kod4o4c
Node 8: 97cn8lg
Node 9: 1xjztnv 7xf2p47 zaeehq5
Node 10: 1vfpo09
Node 11: 9rvhgf7
Node 12: cdc3ndb kc6gom4
Node 13: 4ctgxya
Node 14: 7d9l4we old70wa
Node 15: c4k1s20
Node 16: 2vfndbv swiln1o v5we0ng
Node 17: ej5x982
Node 18: 8wlrscg qwdu538
Node 19: 26o77n4 amwkzfy
Node 20: 75xwuhz bwydpvj q22vle8
Node 21: gmh6mt5
Node 22: asguw4b n4e65x0 nic1w94
Node 23: qbhrnc1
Node 24: swwk903
Node 25: b3cox7s i4fe553 o33loek s4k1zqn wmp1791
Node 26: xs3cixv
Node 27: 11y2g86 k03q6da zm7um8s
Node 28: ccygdkm g6ckrt7 njksa3g wscpugh
Node 29: olybrfo
Node 30: 0blnptq
Node 31: fopv427 hbpzb9x ob16snp qyxcsyo
Node 32: 6wmrco6
Node 33: dlupzxc k1ngfv8 phbsfub vr33mxz
Node 34: a5wav0n
Node 35: 1gp0t7p
Node 36: 8n5bzlr q1tty8o
Node 37:
Node 38: seomg2f
Node 39: f1jr4eo
Node 40: okjdrw9
Node 41: 5vkb8vs
Node 42: crtyugc
Node 43: 56kwuep crf9z6r
Node 44: xyxsq5n
Node 45: vwcz40x
Node 46: lbxgce3
Node 47: n95qyo8
Node 48: vcaiiag
Node 49: 52vp1bh

Node 0: 1je18xr
Node 1: 9hhggqk kysbvbe m9zir1p sithgve u1zoixe utt8y9s v9zz4ug yjlroxw yl892hh
Node 2: kreonc0 nkvleis tus1hnl
Node 3: 0jao43g 95at4oz fnovtto fveg8ej hoo72d1
Node 4: ff6h44s
Node 5: 4dpfbyy 7kqwno6 a76nh4k xmx9uvm
Node 6: 5kxg4ov 815mugg g58zhwu
Node 7: b52lp1s jphgy9f
Node 8: 9ms59qj pr5lc3j
Node 9: dtfuoui
Node 10: 7eouigk aqhsl8x dct4bjn ntbm6c5 o4rkxxf qrlds72
Node 11: x12j0gf
Node 12: 6to13iy 8vfstef ngzp4qr yz3hisx
Node 13: i0jzlt6 meg7agn
Node 14: meqkgo7 wej0lmk
Node 15: fh13zzk
Node 16: 3maartq 499oeup axzfihy gnn1qy8 v6r3u76
Node 17: 3479tvp
Node 18: 6fl2wt1 dmybshw
Node 19: axefajx egf7y2d
Node 20: u5jrlyi
Node 21: i863r1p tm2hkv3 v8d2xng
Node 22: cdrsio6
Node 23: 029o8wk
Node 24: 7r7wf3o
Node 25: 4hjam5j
Node 26: df4qt0e
Node 27: 57a5pfy 7pmeng4 9xpj35d
Node 28: bbhypqx
Node 29: ksklu9f
Node 30: dukmovk te9dn5q
Node 31: wg11ohe
Node 32: jlqqyb5
Node 33: kyrdhm1 zn6z268
Node 34: 9jbhp8d
Node 35: rqcr542
Node 36: ei5rxdg
Node 37: dbbh02c n2vxmal
Node 38: dzov1q9
Node 39: 3xzh4x5
Node 40: uqh9w2g
Node 41: w4634k3
Node 42: o776qvr
Node 43: 8h6nwbx
Node 44: npyhukk sn517hu
Node 45: 5zo0aw4
Node 46: 7fed37z 8xib9do
Node 47: 6lkfl60
Node 48: indt8s6 qqou21t
Node 49: s9293c5
Node 50: wi5a2z8
Node 51: igvojya
Node 52: hymtw2n
Node 53: oo6b6xe
Node 54: gje7bbh
Node 55: qhot6yd
Node 56: y0m26qq
Node 57: m78rh29
Node 58: k37h44u
Node 59: 7rvvusy

Node 0: tmsgwv3
Node 1: 14be265 f5tyuq6 jzchu8a pv18acg qdjswfx vhowziy xiud2ur xmaousx xp2oczo yw67xaw
Node 2: 1uk7snk 2bv1gu3
Node 3: ebn9j4p
Node 4: 4l9nzjf 62yarqz nb3eucx x9d0j7l
Node 5: m2ltb5m
Node 6: 2rg4eyx
Node 7: vbskkvz
Node 8: 2n9wxqn
Node 9: at1nebo lu1mo2r t0x2tza yjrdlmw
Node 10: xy07v8h
Node 11: erdhi5q
Node 12: frtx8mj
Node 13: ec83i17
Node 14: xtw5eqe
Node 15: us9jbqn
Node 16: xo8jxm0
Node 17: lecguyw

Node 0: t23ksho
Node 1: 0eqvvxm 0p89ze1 1slats8 2z8kewj 3ojhr7i 4tfb0n6 ag8nwyx aoh7ef5 mj9ln0i pbw6es5 vggjvy0 vowzxms
Node 2: o17v1f3
Node 3: 58vhyei yhu1s2d
Node 4: u7wtmo7
Node 5: kkgra4h
Node 6: szky3fa wf3z7ad
Node 7: yvko2d5
Node 8: difnrmi
Node 9: i67c3i4
Node 10: 0z88upg k8qqe6g swbsgue
Node 11: 4ls068b bdfq93n e8n9z9p tn5ppyw wfkycjz
Node 12: 3cb5xma
Node 13: hcpu14e
Node 14: phoh3fi
Node 15:
Node 16: jwf61cw
Node 17: q2i7gyq
Node 18: p0njuza
Node 19: 5o7jm6g
Node 20: ww7yu3x
Node 21: 109ujsv
Node 22: lxoug11
Node 23:
Node 24: gvo92li
Node 25: pd44zg6
Node 26: 1mg6m4m

Node 0: 0e7a82h 39vffob kulf1pi
Node 1: rtu0eea wemm6ga
Node 2: 3ulypyr 6sppzge 7j7vmct 8wgbc3c 9xvl9ju e3i7u5f
Node 3: 0w2q380
Node 4: 15v7hb5 cjph0ub
Node 5: 4lumc1w 7alakwb 7fme6gs 822hggy 8fsm8o0 b9i4k3v bwv7com egkfs19 fh3bwgk hki9571 jwjafhb lhtz39e odbscc2 tep9jnz ybm4gte
Node 6: 3vbx01t ahwyp0q sj74tkf
Node 7: bbwmgu5 f4v1br3 h42hfsi
Node 8: 91ufwh2 9jhclyt dzyvy47 e2nj55m e9azdue f1qmxz2 f6lj4q4 nmyj3p8 y7m0gcb ybxt9qz
Node 9: b615rfa
Node 10: 35gp4mg
Node 11: qqgi0wk
Node 12: 2tb84he 5uajg7o jdsp9l1 k47rcw0 nf34dp3 tgy7kni
Node 13: mosfei5 oh7vnsj
Node 14: vtjpv2t
Node 15: yep577x
Node 16: 2orbhjm eafs15w
Node 17: nvb5kbx
Node 18: 9swnqdn
Node 19: 5gc2siw toqlzk8
Node 20: fjtgdm1
Node 21: h2ph4x0
Node 22: n3mra92 psz3a66
Node 23: n2wxctm oou9te3 wxm7b3o
Node 24: yy1njc7
Node 25: t48sct6
Node 26: r1q0acj reks9g5
Node 27: jwldixl
Node 28: jg1i6u4
Node 29: k99b45e
Node 30: fueuf4y
Node 31: 0749pw0 wcd7gpl
Node 32: 1ni3g3p
Node 33: 39u1xug
Node 34: 1wl46rf
Node 35: 70z9e9i
Node 36: iolkqim
Node 37: 6idp2h3 auater9 vpcokob
Node 38: jyx6kwo
Node 39: 4sparwq q9q80nk
Node 40: cxx97o5 ooop3t5
Node 41: xb3mlgu
Node 42: 7fepi3r
Node 43: 7re26mv
Node 44: 9p15yly
Node 45: nxg58c7
Node 46: tbe1iya

Node 0: 2muuxi4 58hwp2r 5bx0ant 5sv7oy9 5udx5ao 6ds92o7 86bvu3f 97701o4 aseg2ec astsy3b ayyd7md fxjw3tm gme9czv hiavd29 ifv3y6g ilufnlj qz6t9a5 rt7sbpe s6vwso8 udnuuuz vmyqq9m xlyjcsf xnsljym
Node 1: 18bx4tc 83q9i3a 924wdxf t5mk45w vg7k6m9
Node 2: btor20c j75l2i5 ug1bwey yv0f16d
Node 3: 2s34bs5 kefwz64
Node 4: 8iuo2yo c34cevt cq5kqfz ik3wfhx
Node 5: kf8ivt3 pmujb52
Node 6: 4td24p6
Node 7: v0k9n2e
Node 8: yfp7bb8
Node 9: 2fr8hyr vkf3k2b
Node 10: khh0nk6
Node 11: pj51f6p
Node 12: 4jjjip2 e0rsmt5 zdz22z1
Node 13: hbxf3l7 iep9z5q vwhf7as
Node 14: 2k6ezy5
Node 15: qei63xx
Node 16: ey5rxeb
Node 17: eh8w0e4 so6mg9c
Node 18: 8brn1ko e3n3bqu pww8guw
Node 19: jo5p21g
Node 20: 9002ijo
Node 21: 2gdxnue z6t57ge
Node 22: brichav
Node 23: 1d4ryqt b7splgd
Node 24: e8rdwj1 quus3u2
Node 25: 5p559u7
Node 26: 65vun9w gln7ibj
Node 27: 5al0qku lff8zw2 n47vfob
Node 28: n86diob
Node 29: 4v3wxii
Node 30: 2ol3jqz
Node 31: d0ta5wo
Node 32: 4mwez2w x2zdpas
Node 33: 2zmip8m
Node 34: 6h0itlw
Node 35: m33fv87
Node 36: r611p7m
Node 37: yod7rpe
Node 38: awljedm
Node 39: 8q290ab
Node 40: xg7a0n9
Node 41: 56hgevp mpzwxjv
Node 42: aa7ya9p
Node 43: zdsix76
Node 44: 4x25522
Node 45: bc385jd
Node 46: 7hg79s5
Node 47:
Node 48: il79f6p
Node 49: slr37d0
Node 50: jc1kem2 yn1pvha
Node 51: hbx784p
Node 52: 5s7q7py u1gmtzg
Node 53: ob61cwk
Node 54: mtoowl7
Node 55: xtbq60z

Node 0: 1pu5z58 3fa8jm8 3y5ungy 5o8y4rg 64zn0wf 95a5g0d duwwkvl fb6q2jh o5x1wlf tbul79a
Node 1: 53w9ogr 87rbn60
Node 2: 1x077ne 2nt9ew3 49ebv8h 9955dl0
Node 3: 1wqmrpq 4mcidlp 9typbkr c0l3sbp frkalos i9ym95u ic1vnd2 kxug0uv m8m85fo mfn3um1 oxjzxqj oyeu9ty pjvkksb q5pnq4x qxqd7sm s0jzt54 w7wj9qw wzcnq67 y3bxqzt zoeetre
Node 4: dtwjbsp iq4pc4s
Node 5: 0w7sllr 482xyuc
Node 6: qe6s4ze
Node 7: 8o19yom 96pkhyo f0kvvkp l6h09f1 rcroi10
Node 8: nwo7qek
Node 9: uw402l0
Node 10: ua1rnqz
Node 11: 1ohl28m
Node 12: aqugqnd
Node 13: 4mv7jo8 9elipie uc1qdjm voquwhq
Node 14: 502f8c8
Node 15: 069hdqo b5w7xud c7ia9mi ef96uz4
Node 16: 5ko816v b6zc2rr cq7u3iw jzbqcfi stwdygy tcio8an
Node 17: xz89fwp
Node 18: zgr7nti
Node 19: xv3g9z7
Node 20: 3lj8jq6 73rdb10 s3yz1ry
Node 21: bp9b5l1 ek9dqkr
Node 22: 3wemmk6
Node 23: t6epeev
Node 24: ps8vn2y u2mfz9a
Node 25: 1yjx6qp 4q71clq
Node 26: 618el9k rjyfgqu v3mar5e
Node 27: ymu3ewp
Node 28: fpyewpy o2zp360
Node 29: 2g6lr5c jqh4gsx zr86tm7
Node 30: 8n1anh3
Node 31: fwc1ndp
Node 32: bcx6bed
Node 33: woxprpx
Node 34: 7hcs5f3
Node 35: m3mahm8
Node 36: fayydzw
Node 37: 3r0xkwf
Node 38: pc2x8vi
Node 39: 7midms1
Node 40: of95hac
Node 41: d748zm4
Node 42: srr2z1n
Node 43: dmopx7y
Node 44: c78i5pc
Node 45: 6tfhctf
Node 46: pow25ng

Node 0: 4qe07oy 5s34dl7 5tm1xvu 8oicc7x 9lzccof e222e6o f7bqd8b k27oyvi m5nads3 umnawzl x3vdums
Node 1: sis5jru
Node 2: bkl2gd2 tum110v
Node 3: gbuckdc nj26ig2 oc0e186
Node 4: iitxhvk lf7dnv2
Node 5: 0dn85tb c9n9i7u q8ir6xx tyb4yik
Node 6: a2xn0vi
Node 7: szztgd1
Node 8: rhza5o2
Node 9: 91g8avg
Node 10: 88nafga mudou9y
Node 11: fe65g5c
Node 12: 7732je7

Node 0: 78dfh0e iv3qrz6
Node 1: 7v14gtm 8lzyeez
Node 2: hwos4mj
Node 3: drmbsah yi5spu2
Node 4: 2d11ruv 3wggpgv o8gh787 ztkv530
Node 5: 4s8n7iw beyt3nq rbzg8g6
Node 6: 6yfnw5k
Node 7: fl8trzn
Node 8: zys9pl0
Node 9: 68snonk
Node 10: e9j4rrq t36wt36
Node 11: 354qgjv 3qhtf3a 70bgye3 8hegmrv 9sw4s7e e8c2xv9 ecc3r3a lcbg8bx mzcw0nx
Node 12: 51pnwly bgm6pu8 jexqzfo nabgylp u3hyd4g vzwlc7a
Node 13: t3o88i3
Node 14: u1bpxc7 zntusxe
Node 15: 3t5ldit a4glx1t jrqa78v kbuyagj qrf0o4a u3ksla8
Node 16: jfg7dyq t8gktgw
Node 17: 3g966k7
Node 18: nw3afz7
Node 19: qeuljqc
Node 20: gwvmxek
Node 21: s7o44by
Node 22: rigddii
Node 23: 3l3tx7i 50iz61e
Node 24: t1xessy uv17tw5
Node 25: 1t3cizi
Node 26: 3g4pr6d
Node 27: jrraw7l
Node 28: 836075v amomp3q
Node 29: ldyuouk
Node 30: 5bxuswd op45b41
Node 31: 6jb51v3
Node 32: db3bwy4
Node 33: npcx551 rq4f0pf
Node 34: fjx8dnz
Node 35: mmlxl02
Node 36: 1kji9up
Node 37: ziucz9t
Node 38: sk2ezt5 u1ivwpk
Node 39: l1gnu8h
Node 40: 07us02o
Node 41: bkkq8m5
Node 42: dvlm1dt
Node 43: d1xrr9g
Node 44: 28kze6v
Node 45: dx7k6z5

Node 0: jtyq32a lyhfn6h tr1xupt
Node 1: kyxtcnq
Node 2: 7tq8dgr
Node 3: 854ex7x vvsafkj
Node 4: 98ej2so
Node 5: co730yr rgkq6s3 y8psq5w
Node 6: v7mkf32
Node 7: ru21b00
Node 8: 77w57xs em8arag tyc17tu um8o6si
Node 9: 1m7hivn
Node 10: 0g8naud
Node 11: 0bdm677
Node 12: 4dqi8pz fblk9jt pgsut70 rkqvuav
Node 13: asiy4wo
Node 14: hqre4db nks5wg5 s49xgvt
Node 15: zd7brbl
Node 16: tp415ze
Node 17: ut4hlug
Node 18: o7b6t0l
Node 19: tt6ua3z
Node 20: tbzgv7u
Node 21: p6z9151
Node 22: ihuq37n
Node 23: ick3tga
Node 24: 0dwnfe6
Node 25: e1ys6em

Node 0: 5x936l9 6m0n48i 7udx510 d2pz14f kjcqmdt o3tzveh tvl463m
Node 1: 7ex69gk
Node 2: 8ey7a1s
Node 3: 3jacp6n c8gg9di igpgi4w l1vls2o mphabs3 ppaswxm s9zj2n5
Node 4: faqlps9 qmvh6y5 w7l3ilb
Node 5: 0jdfwp5 cxgey7j haiuu2u
Node 6: flvwq63
Node 7: 09p9t23 11wkm38 4m87vf1 54ucj46 60fsszg g9l0q8z h4kej77 lkydjyl lmhx8hq noihf81 pajhdzq rudxqdt uljuzpg vfbk02b yhbedsc
Node 8: 572octn
Node 9: 9hjnmn2 u4uuhqo
Node 10: 01fq3jy 1n57dgq
Node 11: c8u9um2 dxid01p phunykx
Node 12: 8v9omwd fx7dxfd sgnds1l vcsk7dv wpdi0qq
Node 13: gcthryk
Node 14: p630cd0
Node 15: 6c39sun
Node 16: sfyu1o0
Node 17: mmcnx8r
Node 18: eraqjf1
Node 19: qgyymsu
Node 20: vnhp8eb
Node 21: nyikiyj
Node 22: vtjuklm
Node 23: 5f779zi
Node 24: 2ib4j14
Node 25: 25t2joc
Node 26: 15aeygi
Node 27: z5ko7q5
Node 28: 0cjc95z
Node 29: trlz58q
Node 30: h5dgc2j
Node 31: 7j9podh
Node 32: ycqtesi zu10u75
Node 33: ib34mij q0eqj1n
Node 34: w26zf0q
Node 35: tnqe5q6
Node 36: e3cm4j1
Node 37: 3jop1d4
Node 38: jp9padp
Node 39: 1tzcahg q7lljh6
Node 40: 9sro8og
Node 41: 7va2r7t
Node 42: d82tvkb

Node 0: 1w6j07z 8a97n3m 93hyf57 c4kadui ftd3fum k4nmaua ltpgf0x p96ps2r qktis0d
Node 1: 07nbkds 0dawxi0 8bv13w1 8vi9pqv eargvkm ejpc887 lgdd2iz lr6ehhf w2aplpv zypmcco
Node 2: hix27g4 k4hhs2k w7x144n
Node 3: to9nnv5
Node 4: lryceeq
Node 5: an36epj
Node 6: 0rn9t7r
Node 7: yljvwb2
Node 8: kee2xh6
Node 9: rr3b805
Node 10: kju0k5v vz9mvf8
Node 11: awetcrt
Node 12: 08wo84j fgzljve lvlm56m tq1uz8m
Node 13: s2vxl62
Node 14: 0lqe5vz okqov8d
Node 15: 0t2hdll
Node 16: lp5vt9r
Node 17: vwi2fpm
Node 18: 53roi22
Node 19: wzp61d0
Node 20: x4pqkv2
Node 21: l20bd29
Node 22: kxktr7l
Node 23: 4qzf7om

Node 0: pknvbhx y50su0r
Node 1: z5py85y
Node 2: qhotgn7
Node 3: cnsu5kp u96unxz
Node 4: o19i7p1
Node 5: enebc0i
Node 6: p36mhzw q3emiwj tznedhi
Node 7: 65x5ff1
Node 8: 0dalp9w 3kcenew
Node 9: ri1g2eg
Node 10: 3o5rzkm bgt9jyx gqndzar gt5n2ff u8ocpry
Node 11: 3i5ffyq 4enzn7p 6h5o6s2 6uk0d1t 9n6ifyk h6u45oy j64bx6s oegw0jk u7n6v2g yiz4wcy
Node 12: o55r29h
Node 13: 4d1r078
Node 14: nghwqni qs8cqwb
Node 15: 63x0qjy
Node 16: fw8hg8e
Node 17: 8f5rv7l
Node 18: m9r0qy7
Node 19: 2r77wks qdytv6y u02gx1n
Node 20: asfhs3w
Node 21: ptorkda
Node 22: 3a0z8wf t0eq2hg
Node 23: bhxzxzb mg7icsz zadoavi
Node 24: hnsqoq2
Node 25: r6fjjx7
Node 26: 6prwrzt
Node 27: eozansd
Node 28: kybpij0
Node 29: og3n19o
Node 30: topjfz7

Node 0: vo4a6zr
Node 1: i6k3jm6 n2x00fe on2jjv9 t8w4odu t9p8vl6 wd51zx8
Node 2: zdbelk3
Node 3: kjj05mq
Node 4: ef6s0fx
Node 5: rzn8d9n ukyac7m usyqn2w
Node 6: l4gbp0y rx06zpi s9czpak zqvk8v2
Node 7:
Node 8: ajizwut
Node 9: 0ldev41 kgao27q o68776y z5itvx3
Node 10: tqt93a6

Node 0: 1x8l1bl 2c2s2jk 4anvuns 70g18up 7ngu3cm 9cx5i70 ako440m dgya3vz do2ku68 dybyxyd fcuerml h5kpoaa ll178fh rpjtt2j syihd4a syl8grt u9i1cuq v9kw6q5 wugy2jz y5dhbct
Node 1: dr995c9
Node 2: 1tkvn1a
Node 3: b53pg8f
Node 4: 05u44yt 1z15mya 6c63vta 9ojsi6j fquyydy sqmox2z u4jj2yw z6uvlbi
Node 5: pvi8nmb
Node 6: m9ycj5m
Node 7: 0zs4c8h 23gbed7 9oz5cg4 v2vflkj whz80em
Node 8: fuhqans
Node 9: ulwn20b vi6h2nh
Node 10: gyd48zm
Node 11: f9b2bhw vhx69pd
Node 12: 2ty1617 c2u2eky gmpz635 wkcfzd5
Node 13: 7thft29 8xji71m ey6vb4w
Node 14: klwjyt0 s10fcvg
Node 15: 8i2f435 gghgvw4 y1qq1ns
Node 16: i9rhytn
Node 17: egiuoiv
Node 18: n6brfy8 oyswff5 yrjitsj
Node 19: kytbyg9
Node 20: zldwwoq
Node 21: ps3drck
Node 22: nuirjh4
Node 23: 9gpcwwc
Node 24: 9u3ni5a gymzru0 l21g08j yox0clz
Node 25: dimdx1x
Node 26: 8e8ehwr
Node 27: 3lex6cq
Node 28: cvw0ji4
Node 29: bbawarq
Node 30: ijypx9n
Node 31: su6iwbh
Node 32: 44nojk7
Node 33: e3t79ep
Node 34: gklr8ka
Node 35: 0tlc16y
Node 36: 7c4n95n
Node 37: i4004bx
Node 38: bfz75ck n7atzk9
Node 39: d54hllr qyedlw4
Node 40: kw6bcfi
Node 41: ikr72f3
Node 42: 207938b dkw1eup
Node 43: jv3zc59
Node 44: hz9d2rr
Node 45: php9brf

Node 0: r7ofg97
Node 1: gg76kp3
Node 2: 4l92chi dwefz17 gqxwho2 w1s8gxq
Node 3: 4nx3t27 6n3wi4e zo8kv0q
Node 4: 1d6392x ni6h5li ysnej61
Node 5: r2dzcpo
Node 6: kfi1e4j sb9ov7g syuz8pv vbrsjfh
Node 7: pueat8s
Node 8: 1cadtmc
Node 9: lfvqgza

Node 0: 789t5kz 8t5xi8u 915i4lw a2jczoo bh05omg esf87w4 fzb95iy h889o9a n4kp2fh snj35r7 v11ztx8 ww7xn6m zal8874 zcsuhk2 zidfb8j
Node 1: c9eu9h6 un8jl00
Node 2: bwc2s4k gcn8z34 gz0bv9k k4i2yq6 k5dizqq kqz2mxl nf9fvk2 ngtfcc6 r8p2zeh
Node 3: oljoy5s uo8u647
Node 4: 9m9521f sl53leu torehtg
Node 5: 3gha210 6s65x2c 7uoid3e amxjtew c91ul23 mtyhwkf s40th8z toqycyd ym3xdzw
Node 6: ftn76zl txi5jcp yxd6dvw
Node 7: 3dmha7k 5nhtfza v8i5cj7
Node 8: o8bva1p
Node 9: 2n6v1f4
Node 10: 1cb3ao3 hztj87v scqglml
Node 11: 2p52q7y 3bnpeve ev89nz6 jigb8dg wnrsgur
Node 12: 8ntm0hv
Node 13: ar3jmhk kshbbrf
Node 14: gz8nkam ov8dtyo sllsoee
Node 15: plrr2yh
Node 16: 2o755wb jwdt7xk tjixftz y32s0n6 ztiw3h1
Node 17: m9ivmj8
Node 18: ln5m4zj mjswzqg
Node 19: 07exbtx 9ficjx0
Node 20: 2tyxd5d
Node 21: z7k3jl9
Node 22: ekgq3wj
Node 23: r18r4fb
Node 24: 1lmj2gr
Node 25: 9wup44x h1f8nb0 m7n28h2
Node 26: 4r3snls cwf64ei wmm6hsj
Node 27: 6817xx9
Node 28: zdtkwfx
Node 29: pkawla0
Node 30: p0sps7i
Node 31: 11963m7
Node 32: 8m8ngax
Node 33: vi55f7m
Node 34: 6hj9z40 m11eccp
Node 35: g0963jt
Node 36: niel95a
Node 37: wustkc7
Node 38: h9k99h6
Node 39: l6qf0e2

Node 0: z5owa07 zsf7oae
Node 1: 04xkfdw 1zy9yfb 9f94y6l 9t383ls 9vs7eax ac1zo6i b4dzyi6 e9sbjjf f6xbilw h2rus78 hrz9vmb ii060kd jbmd0i8 jw4hs1g lks92r1 mankvu4 mlzpkhc osg3izu owlavm7 pmf8hpd rrf6hxh t0rnj6y zqypsy8
Node 2: 9sr12j4 nwkxsa8
Node 3: 0f0btxn 66lkfm7 dwukwn9 vwnrhsc yt2u1hp
Node 4: y0wmi06
Node 5: j1wxyjb
Node 6: ppqqs10
Node 7: nuj8fkt vxhsliz
Node 8: c43w2tg q2aqeke y75zk7k
Node 9: vc59hx5
Node 10: yi9taxw
Node 11: gbzb521
Node 12: 37i14t4
Node 13: 92t1k1e zdc1qnx
Node 14: 965am4g
Node 15: y64bq31
Node 16: bqvz9x0
Node 17: pnfyue2
Node 18: kki2ced
Node 19: m79bcs2
Node 20: izr44bd ph4ekie r6gw2j3
Node 21: qjkepby
Node 22: usdugq8
Node 23: 85gtgz6

Node 0: 0o2zzl5 4thcyfv f2s8ikx hecjf27 jn2wskd ju3v4lt lzxt437 qn0jyd4 r35j2jj s7nrxal tepiwbh wjuqfyc xfl31ij xjwyjtw
Node 1: etoo8iv k6bwzev prxyspg rlvae62 sa56ef5 w77k7bf
Node 2: 87gc008 i0s1b4g
Node 3: lxjxqjg
Node 4: gunk5hf hng2lws n288e71 ryhjar3
Node 5: 6q0dk4h ms935ha
Node 6: 3fvu6p5 p96ec3o x9d17t3
Node 7: 99vmcdv r25ta48
Node 8: v2po0r6
Node 9: 82hdcfs eqszp02 f7lmbcy mpti2jb
Node 10: 3wq25ut 4dxyp3f 5pza5qk kqp3t4p yqd4bvq
Node 11: l1kytxe qprd6ou
Node 12: s6sy11u
Node 13: bzdszj4 lu5nfg3 owdo6cv
Node 14: 7tdrpu2
Node 15: v72xsb2
Node 16: ejr45em sp3tks5
Node 17: gr7fppb
Node 18: tfih3xo
Node 19: 07iju2b cppgj6i mrpscwu
Node 20: fpsmhuf
Node 21: i108sg7
Node 22: 357ytbz nbjxzan
Node 23: t1hfrw1
Node 24: 31tp5iv
Node 25: d856icy
Node 26: vy1hp5q
Node 27: rm1c9mm
Node 28: ao78qv4 gmap6qm
Node 29: 86xs7b8
Node 30: cbt7riy
Node 31: 1xwytjj
Node 32: frf74kw ua09l59 yfyv2wt
Node 33: 6bbe3g7
Node 34: t49o843
Node 35: 9ndtvmc
Node 36: w913l86
Node 37: io97bxr
Node 38: k8t7s62 s7k5prp
Node 39: ajx3tmu
Node 40: 2hpaqrm
Node 41: ci6njb4
Node 42: 98trtsh
Node 43: f9gw3t9
Node 44: kqi4enl
Node 45: ajoxgsg
Node 46: 500ljlv
Node 47: ycc0jvy
Node 48: qes5vkp
Node 49: 96le4dx
Node 50: 40exkwl ffe9h27
Node 51: pgymngf
Node 52: awppmge
Node 53: 40iwwmh xapsw6x
Node 54: fzxaw5j
Node 55:
Node 56: j4zzori
Node 57: qhshx4u
Node 58: zhgqtw1
Node 59: zc5e8hi
Node 60: x3dqv6y

Node 0: 0ryq023 6uphllo 82ty71l 9izanav ypquvpw
Node 1: t2oo392
Node 2: 39n0udr 3u3u5sm 407fbjx 6qtebo7 7b4rskz 8wgubad 8wshe25 9cy1y3p 9nywiyb hb1fonv nlseqda pvj0a1w q3ykzvn sxwu90g tyui35a xk6ygb0
Node 3: aoavyi5
Node 4: tcr345y
Node 5: 76pzw1e
Node 6: h6i7lyr
Node 7: 6ypnrxg bk58xqa
Node 8: o2jr0np sfjx22f
Node 9: 65fz8k2
Node 10: 89kk9di
Node 11: fa2lz4n mwc9kcn
Node 12: pip9hl5
Node 13: tog17j3
Node 14: yv8prxl
Node 15: 2yu0o5t
Node 16: n5gl1cm
Node 17: gsvkdjh
Node 18: lnqbakh uxheslr
Node 19: iqgh8vl
Node 20: uugh78o
Node 21: mag6flv
Node 22: nufdpl1
Node 23: fnrcftr
