Node 0: 38olj7c swvqqzi y0bzxgj
Node 1: 9pj3mj3 by8fcv6 s3xe971
Node 2: 3v4o9r8
Node 3: mnk0jaq

Node 0: i7ubtlh l85cocc vf51ayf z33rgw4
Node 1: 59qh4dw fk7ydfk gm9928k hs0pdjp ptxavm3 pv2gfnj qjh9w4x r5ou7vi tc6vadj tw8f256 ulm5uou vreml7k
Node 2: 2fuvlde lm6nn78
Node 3: asd6chb wsdtjk0
Node 4: wwoa2wc
Node 5: h4m5nop vdba10j
Node 6: e6erv0l tk6snkv
Node 7: 36fn9dm jdujj4d ln00ycb nn4n0kv qc2mem9
Node 8: 3tdu83a cd0tgz8 e4ojgxz g9bpl03 m7ieqro otp50ik wxd95ww
Node 9: 66wcw75 ekhoq0n em51q9m eucn8ob
Node 10: jdswlid ztoekua
Node 11: 060wovr 1vizeji
Node 12: 4jof2hf
Node 13: qu3k14h
Node 14: 8kthi3z crjbbyj gaejczp sqhvoyq u7d9eda y3zc56g
Node 15: 0pbcx59 bddu4t3
Node 16: 3509qv6 ixqq3vz oukgjk4 y4dawsy z0q893u
Node 17: bjelbbm fwe1bzn
Node 18: f4mzysd
Node 19: fzt9joe
Node 20: evsx9xq nd2y2k7
Node 21: roe73lk
Node 22: 1d6ip1t
Node 23: 8qwo9x6
Node 24: faltxk3 gamw229
Node 25: 1eif0e8
Node 26: qxjiapq
Node 27: xlzngzz
Node 28: ajn4kif
Node 29: 9bxoysf e45kgge iv8kfmg lfg0ejq r7anh99 w849iz0
Node 30: 518f14x
Node 31: 9p9yr9r
Node 32: oxwk1o9
Node 33: mt8htiw
Node 34: rcf6e6b
Node 35: 607c1yh

Node 0: huutz1j j5fmi60 uid94jt
Node 1: 9id0hcc a5d1dhn q171tg9 r4c3rkh y5veacm zefzia0
Node 2: o88zsum q2rbh3h
Node 3: aietmhj
Node 4: r6ktj4k
Node 5: ow3hzq4
Node 6: b6gxvqe
Node 7: 841zweb
Node 8: gvs4zj8
Node 9: 767klht

Node 0: 2s3msrj ewzdlqk rjl6gt3 w6ruhh5
Node 1: 1chtfw8 4q6gg1p 6fankwq 7vwfmhl blnq9jv culib3q g25retk i130dq7 md7et49 ntfvc4c ntvpevg uhywcxo xu28yoq yl3hqwi
Node 2: 9o4lbuo n4tvxti
Node 3: xsqm0zp zd2sat0
Node 4: cwergs4 qcxoy5s
Node 5: 34x4hch 4c9bofm 8shu4c2 g0twbw3
Node 6: kmwvw48
Node 7: q3nyjkr
Node 8: 4zb7sl3 ftvk2wd kjpign8 kvjekeb ukre57h
Node 9: fx6pkb7 oqql6os
Node 10: b5ig9iy jc0caqf nhwn2sa
Node 11: tysb7d4
Node 12: gqanv1e
Node 13: c2gr2m9
Node 14: d9u35eq
Node 15: gjgle08 ws8zjpg
Node 16: afci8bz
Node 17: w482iv9
Node 18: 0gdkvsf
Node 19: 3d87nqg
Node 20: 0nlk9ec s7w17b7
Node 21: y50smyk
Node 22: jam8i1f
Node 23: 7g65sip hr2luni
Node 24: hxve7dl
Node 25: r8kswq9
Node 26: freovsh
Node 27: 9mflyiy
Node 28: uegzpbv
Node 29: nhdrc2l
Node 30: wal80s1
Node 31: kh6hmwq
Node 32:
Node 33: zy7qxxw
Node 34: x3w8ayl
Node 35: q7y4nq1
Node 36: qxidlmg
Node 37: 9re35fc

Node 0: bl9jbqz
Node 1: 42f88pv 6zq8dtu bi9d6el c7k3w31 jfrd6zc o0f9owf rdiau0j yxzp65i
Node 2: yzcf26o
Node 3: ut1tboe
Node 4: p6lp9hk
Node 5: dj3cybt

Node 0: 38q3ppy
Node 1: 8s276oc brdojyb ssk947e
Node 2: 1n9nlpd 6ij9i70 g98y55s
Node 3: 4epv7c2
Node 4: wubx57q xg7q684
Node 5: 1sj05vf ewvn51k k3k2z4c lnvuytl
Node 6: q8cpnb6 va36adh
Node 7: 1awo1hf fb5mmg0
Node 8: ca4tr85 wf4tzo1
Node 9: t3hgsaz
Node 10: bn1a3fg h70jb0u
Node 11: ne3jcwa xxui8n0
Node 12: 96eswno
Node 13: bmqan47
Node 14: ibnm90c
Node 15: cbnx7c7
Node 16: mfc6osl
Node 17: sxvockt
Node 18: lhof57a
Node 19: qwz4obz
Node 20: tmwt45a

Node 0: ib9xblr mxsr5wl wvzc9zk
Node 1: 5k3tzk1 cw754tg
Node 2: fxc942y
Node 3: cfs0zkh
Node 4: 9y41vbl e9nv5da
Node 5: ot28ygu re9hdt5
Node 6: 4sgp952 kba2ncf
Node 7: ybomj6m
Node 8: fqmnhdl
Node 9: 748dvu2 dt6xfi3
Node 10: kojjxh5 rsca6t8
Node 11: 23soq9j v3sqt9j
Node 12: o1vjgh1 rtwnt92
Node 13: 7mmi4ou
Node 14: 3umghd4
Node 15: 7fajrej e5g92nj e7t7vhi fuhg4wq fw96ki8 ogdd81p syrfv6w
Node 16: 0dau1bs iar3tf0 zmv7zh6
Node 17: 3gpe8ln h54p3xu
Node 18: 2apegyx 49yl3rn 6c8to01 a0xta1r akisilp ew8p80b flrlibe fydrilz h3doavc o5jmbjw wg470ac
Node 19: b6e7tzy
Node 20: aogmf5n tci4ixp
Node 21: 29edhc8 495h3al 87x4pjm 89f50ga
Node 22: gsayx4b
Node 23: 7pdwyvh
Node 24: fma5ivx
Node 25: tjiznyk
Node 26: 33zufyy nbvzuo4
Node 27: 7kya1p7
Node 28: glpcola t22te27
Node 29: 74b88xm lc5hlf4 qot2a7e
Node 30: otifakf
Node 31: pt1b0qo
Node 32: qygmx9l
Node 33: 803bbjh
Node 34: bk96dh0
Node 35: 5okjomp
Node 36: cm4drmc iemwbk3 k2mf1mt rbnfugj wfeyods wk7p9qy
Node 37: 6hmt9i1 vx820wh
Node 38: 1s2vddq
Node 39: 0gqn4d1 n2f5yg8
Node 40: e5tugi2
Node 41: 27llbjp 4c0tuer iboqxre lxh814c
Node 42: kljmw7e
Node 43: 417hvob
Node 44: ky3jw2g
Node 45: hu0lt18
Node 46: smvqwvp
Node 47: 3gwu3f3
Node 48: go79544
Node 49: vzhx67o
Node 50: 1dnua7e ijnh53p
Node 51: 0agei01 ncqdy8n qulg4j3
Node 52: pyk6v43
Node 53: zku8bb1
Node 54: wpb8ux8
Node 55: fwnshqf
Node 56: 49oo589
Node 57: x2p50mc
Node 58: mwbjrup pfkf01v
Node 59: lmg2slq qrwdbhr z17u8gn
Node 60: ks3rivu
Node 61: o838kc2
Node 62: fqosu0p
Node 63: h1oujxh
Node 64: 6awlurq
Node 65: cq066hu

Node 0: hyjxyb4 j0nzgo9
Node 1: onejkpu
Node 2: 0igrxyd 12e73fc 2r7yu43 4tsd8a7 77ppti2 9e48vci a9cdf60 c9ng0he svryyc7 vznyppa
Node 3: gmkqobk sjloyq1
Node 4: vf7xmcm
Node 5: rqeo3vv
Node 6: 17wpvns 8nn5alw fmb6vce tcrqxfz xetm8w6
Node 7: 1ackgip 79kdb43 q0wv65j ste8o9d
Node 8: l1oarcm
Node 9: d9i4nrn
Node 10: ies0n9u
Node 11: dz822f9
Node 12: 2btf90l
Node 13: g1n67pl ms98riz
Node 14: dmwcoug
Node 15: eow1dg8 zytkxqc
Node 16: a3uzbwx
Node 17: eo1b6a7
Node 18: r9fcncm
Node 19: gnl9242
Node 20: g982wo0
Node 21: 80vf0ho ei8jlhk jfdxpas lsn6b3i vwxzdoy
Node 22: 0j9m584
Node 23: jrcx486
Node 24: akx5scy gi3b77v
Node 25: 242bvyi
Node 26: 20mzcql
Node 27: nqfecps
Node 28: qvk0noz
Node 29: vo8m8u9
Node 30: ij9mweh

Node 0: 4rxfzw3 q6n9grl
Node 1: 2at20ze dk25dgs pjmb5m1 rbw5w43 vqoqbop x8mywr6 y0u8xhr
Node 2: 03nxe2t 07xp3jh 4e0fpxr ewror8q g9aeo57 g9xxv46 jogzqvc r0g183j rusq6in s7qe9rn t4n89x1 x1s704w
Node 3: 79agnhi kr0thyw
Node 4: 6w46tni k5zpxms polutlm s8r7sfg xskimnj
Node 5: 5au8k9d
Node 6: bl8vw2x d6g8dm7 etos53q nwidrjw vkov0aa
Node 7: d2r20fz mdug34w xukyqxv
Node 8: n2mm4l3
Node 9: 81nw7pg cxrp4wa fujrdq1 hp744w4 toyoo9g zmyqcia
Node 10: mwfemcw
Node 11: 50i4ysw yqqqbre
Node 12: 0dmgiit jntqhvn x6u82ic
Node 13: euawbns h1zk3kb psparae
Node 14: m6fckgi
Node 15: xlftgzv
Node 16: 90oxb1a
Node 17: kn851um ragz746
Node 18: 0olmbov
Node 19: 6fmsey0
Node 20: 051nqih
Node 21: 6urdx31 8pv0ob2
Node 22: dgd8cds
Node 23: vs953ue
Node 24: 1epdq1m dleza3a
Node 25: 564465x h6z94ie ycx0lny
Node 26: id7egom
Node 27: 8r96jot
Node 28: 4kz3x25
Node 29: jrg4gmw
Node 30: 9kcp698
Node 31: 1w6zb01
Node 32: dp4yic9
Node 33: 82fipqt
Node 34: 50lqoy5
Node 35: uo3esre
Node 36: 3j3dgff

Node 0: vcd5d9s
Node 1: 0mnt07h 9cc4rsg cjtgzfb dbmcgdq fvabon6 hbbegys idzjl8q qpaftfw x2ywf5t yxhogr2
Node 2:
Node 3: bycgixu d8p6gqw woenbj0
Node 4: 6n9rwiq
Node 5: yh7agth
Node 6: twrgdal
Node 7: 3vsqz7z 4lds2bi
Node 8: 9bvj6ph rpd3ghf
Node 9: gd366l0
Node 10: 307vhud 97l3o9l ng6qs7d y6el9ex
Node 11: 4o5qbgb 50g2qz5
Node 12: 9aczvhr k8kxwmu lrw6yvl
Node 13: mta2t4s
Node 14: htd7yfo
Node 15: dn12nmf
Node 16: c1h6mvd ofussuu
Node 17: guvlsxs
Node 18: 79xotb2
Node 19: 8we1jou
Node 20: fpjhuss
Node 21: 9ga0mz2
Node 22: o0vcj19

Node 0: 9zxj3fd kyl2w4c qy0ving v1j0xpc x446zzo x7b1gt6
Node 1: 9s1m88k
Node 2: 77n8hb1 7eg9y6w 9v75akx bcvl46t e00r9ca frbu87b itig6ah llrauzw p3n380m t4wz6no x2ei4yx zntazzc
Node 3: opqb5u2
Node 4: 35xlsrv bd60mrj t554ygm
Node 5: k60f4v5
Node 6: 2k4do6q
Node 7: r0a4t91
Node 8: b0ik0ut
Node 9: 2soz8wq km1i9th vlm5el1 zaozccw
Node 10: a34gagb
Node 11: 97udnn8
Node 12: ndndxor st6quyk
Node 13: 51tfepq
Node 14: 5nh3mhe
Node 15: vberkih
Node 16:
Node 17:
