Node 0: 28qqjug 431gx8w 5ty3ov5 7uzzpq8 fi1dtff gn7k6ss hshw5h8
Node 1: b9y1aa8
Node 2: bkljowa
Node 3: k4dctbg u2rplmc
Node 4: fz8wg2x
Node 5: tm43vgf
Node 6: pxkq1j1 uf9g35y
Node 7: 4a2usx6 bqkpvuo k4gl1pv zt8wumd
Node 8: 3j9kuwd ygov5zk
Node 9: b0rhmdj jac45dh qoav28e rvynsa5 ux0b4d4 vvyhwur xbihonk yulcunq zygi8s0
Node 10: 9ymn8zk ibstkyi kdzratn z2vuir2
Node 11: 7khbnsj
Node 12: kcwxlfy p0sbs52
Node 13: bvfgtur
Node 14: 77vlils 8meapa8
Node 15: 0k0mwti h9nur0l
Node 16: 50v9j0f
Node 17: qnd1ufb
Node 18: n8b4zgp
Node 19: g6cc1aa
Node 20: 9f2jtzy
Node 21: 1a0djsa f1gdokq
Node 22: k9gn8o9
Node 23: mm8xkc8 s6gltg8
Node 24: xmusfpk
Node 25: 4baj08n
Node 26: j4ct9nw
Node 27: os5wjix
Node 28: 22jzzyh
Node 29: kdkuskd
Node 30: 0klg8v8
Node 31: s511hoe
Node 32: xl81alf
Node 33: hsfxxzi
Node 34: h6lmc9y
Node 35: 6zqanls
Node 36: klvavx8

Node 0: 1o1nhxj 3e228x0 633gogc 6sayubo bdv5vpk fgyrtdu khac1sw px1k7im sxe068m
Node 1: 1s9uzlu ryyc0g2
Node 2: 37vltiz 98es2s8 d750lqy jxj125v kdhkz9n wappdhi
Node 3: 1zv940n 52ne5vu 7ujqefw mycz4xg
Node 4: 7i1o823 aoowyud j991c7x kiqkkks l8e34nv rra9l14 yk4tpcs
Node 5: 5bbya6h 7n9yrly a2l3k99 geox17x keeder5 l0twa70 o360wy1 ob2v8bw yb6cki4
Node 6: 2apv8md 4gzpntr bt7qyy4 dd4kvc1 iokom3z iwp4pyb kfxq7ne
Node 7: cd88xcb
Node 8: sppechb x33ggzo
Node 9: jhkw0y1 k6a5r5g
Node 10: ckd7mcr dr52vv0 ii5r54y ka516ce uf3ijlz xkf2mfy
Node 11: gvkq0p2 wzwnfc9
Node 12: 2otd5d4
Node 13: 3ilsxzg e0lwu0k u5gs4x8
Node 14: 9wiq0wv frgdkho
Node 15: uyi84xq
Node 16: gvo0jry
Node 17: jux3842
Node 18: 9pbk8wa nn2kai0 zgbcrih
Node 19: 7jvvjlx
Node 20: x3qeuwc
Node 21: wggv8fy
Node 22: ssm97y3
Node 23: qf09jl4
Node 24: 8ex56xt
Node 25: balls1a jpfrgnk unocugu
Node 26: fa1z1fi wapopk5
Node 27: aylllw3
Node 28: hxfgsoh
Node 29: 989m7fu jirdto2 n6y6rx8 p1cifcx t2r2isr y5f53vb
Node 30: 7a4aldu 7kk90cb
Node 31: vcf0di4
Node 32: mw6y2gb
Node 33: a128zeh
Node 34: tv8mk4j
Node 35: c4j5ar7 i3dszpg
Node 36: sub2vzb
Node 37: xi4gg8f
Node 38: ocaggk3 uubn33k
Node 39: a6yb2i1
Node 40: 1ghy1fd
Node 41: 4qqj2t3
Node 42: kr3novg
Node 43: lxnlu4r
Node 44: 5x7yzrm
Node 45: 4u9npl8
Node 46: ic8mklo
Node 47: 4xs1vue
Node 48: sre2me9
Node 49: 367fvng

Node 0: 07re11f 16vv5pg 3attm7r b39qrm6 hy1j02v rrnpmdz
Node 1: ys97wmy
Node 2: exuncyu
Node 3: 0llitzr 3ezwp08 5x330ot ckhrmm6 dixmfhg ik6vq5d tofouvh
Node 4: 5er1pjl 8p776i9 aiwkwq3 bbhmh7j clvr38k jpumlwz vmh6sma
Node 5: 89ty6e2 mjy9x0z r4v19t3
Node 6: vf2dixh
Node 7: 0nxu3ee
Node 8: lcr4uu4
Node 9: 2gtkj7t hblh265
Node 10: gwjxazk o4ecjgo
Node 11: scbc1tv
Node 12: 1yk18ka jkmm0wk
Node 13: 3de9acd bx7hca9 ig7t7zc mnk0798 wnogty0
Node 14: 1piv3a4
Node 15: 9cqa0pw
Node 16: 3657bnd
Node 17: j1f0ujc
Node 18: 1508ysp cd4cith yxa6jtm
Node 19: 7wk4jx8
Node 20: 9tixs2t dex3zja ewdsxur how2trn yr4ab7l
Node 21: sp8vgr4
Node 22: kkmlo5r
Node 23: 0xrxjg1 5fd4ouo kq0zo4l
Node 24: cofs72g
Node 25: 2cb3t7d
Node 26: 84fapq8 cafxkee vdah9pj
Node 27: rc11qcd
Node 28: wtr1klx
Node 29: uo4n4dk
Node 30: 67tqvk4
Node 31: hhwgwxb
Node 32: g045yj2 j751h88
Node 33: t2er1vw
Node 34: 15ewndy pzjem4j
Node 35: imlpryn
Node 36: dd3o8gt
Node 37: 6boocnh fmwt1mq
Node 38: 4a6qxj7
Node 39: og4o04b
Node 40: 52tjsjy
Node 41: 5kbd530
Node 42: ptrt7ye

Node 0: 1l6q90g f0lursl n6r2twp qb8r8ux vallh1v
Node 1: 4yvho48
Node 2: ie8k984 nf9fack
Node 3:
Node 4: ge0prgl
Node 5: ibmmj9p
Node 6: e7jid7d

Node 0: 0gk9ua1 aonwv9r av0ao6u c8ofmgb lxd1llx ovi60g8 sawy5ex ud93a5r
Node 1: 17077pw 2fe9m7z 6rnca2w 7pxlhoz
Node 2: 2nd1ucs z7cvvjb
Node 3: 14x7ks2 rtpz77x wzsyrp8
Node 4: 9v08cs2 kvd4hnv lh3k0rh ucr9efv
Node 5: 1xkd3k2
Node 6: ugbm8lk
Node 7: 4bqut3a
Node 8: jz8cm1u
Node 9: sbyjtam
Node 10: fd9bm6n
Node 11: upy7141
Node 12: 6b0c63q lm4s10x
Node 13: 35m2v1f
Node 14: gco4a93
Node 15: ynhzc3z
Node 16: m1sm1jv
Node 17: ktxil8h

Node 0: 0p7cvq5 4odq3gi 6hfcbkv o1elu81 oqwkdw4 r0a8b6d
Node 1:

Node 0: 08c6yti 4539eak 4epbg7j 5kvo1qd 60n998q 6kr8lad 6li2hq2 btetyd0 bw5n2b5 cq6g9sf eugbfm0 h8yvfh1 ivnq9qv khxqejh nfbqcyh tm6t144 v6c2ifz vbh0bos
Node 1: arj8lxm xlhoe94 xp2nnsi z3m54wr
Node 2: 72wwj4h i59nbi1 pw8yj68
Node 3: f1e1n6f
Node 4: iekfxui rwtd5h2
Node 5: sel96fe
Node 6: 29cc3qn e9lvrhd icx3vnn k3xikvd w86k4j5
Node 7: bz3ud7q
Node 8: ul999j7
Node 9: 1ttpel5 aqwm533 gzetaw5 k66dpgv
Node 10: sq5pv1r
Node 11: 0kvoola
Node 12: n46m5xl
Node 13: g7sb8mv
Node 14: j2kcz5l
Node 15: vg5efde zogz922
Node 16: d014hgz
Node 17: nrkmr4a o0rrenq x8g5cws
Node 18: ex392ls
Node 19: bc76ypu
Node 20: 4vpkdkn ahttnb0 fd3u2dt
Node 21: 7rq5bfl
Node 22: hdwgz65
Node 23: erdaw3y
Node 24: hwteraj
Node 25: 3jwmn12
Node 26: 2fek7nl
Node 27: 6fov4wo
Node 28: 91fp353
Node 29: j0wz5w7
Node 30: u6uavks
Node 31: 4jc2avw
Node 32: 9kt0l5v
Node 33: 91vol2j
Node 34: obzydwl
Node 35: nooajzt
Node 36: jz496a3
Node 37: c0vsqvw

Node 0: igfhxx4
Node 1: ynyxp26
Node 2: 2iju6nu fc8jrry riymudp
Node 3: 4m3haoi 6107rxz 8oizuvo ad8jsky bnzdhhm gda6a7x yxhwaix
Node 4: il854xi
Node 5: db8c85o dfiitrv fk5q7pe vqrbtft xag4u5a
Node 6: lng7h4w ozwqjx4
Node 7: 9o5irlf
Node 8: j2jttl9 r05nww2
Node 9: bzqpvk1
Node 10: ggv4td8 w2ac4e5
Node 11: 74wtyfv z48gyts
Node 12: xtniqtm
Node 13: 39o106g i1gaucq jsr7s7a
Node 14: helxyhg
Node 15: 2jjp5jg 7r4eqxh
Node 16: 47m2hx2
Node 17: bmdjpe2 dvhpj44
Node 18: vm9sqkl
Node 19: u3btv4s
Node 20: 33hnlmt 46zijgh 4u4t6x2
Node 21: glttfo0 prhvu79
Node 22: njlmrl8
Node 23: zuxazkx
Node 24: 0tytblf
Node 25: pan5cbz
Node 26: mujytoa
Node 27: b6ltea6

Node 0: 3soav8l 4y0n4w6 mbl26os xhj0l06
Node 1: 36r7niz 5ugh7h7 9ysxx6e u2h64ma
Node 2: lktqncd ru9ypbd
Node 3: 4cegpv7 d04ktr9 k075ftk px7jsiq
Node 4: 12zpmsi 3xzu854 rxhxgrg
Node 5: 69aakf1
Node 6: uibavi3
Node 7: tx81x7q
Node 8: anysyet hl4vqxs
Node 9: rjujfre yeo8wh3
Node 10: 3kg6q8l yedv20x
Node 11: t0qhe24 zqkgef6
Node 12: aac4pby bjkbn3x vqvwtcl
Node 13: 5q636ji hlg6umj oblphks
Node 14: ji8byey
Node 15: 5rkqsij
Node 16: zvu6r0i
Node 17: svy0q0z
Node 18: s4isni6
Node 19: b7t2qer
Node 20: 7l3ai0t
Node 21: igndewi
Node 22: 0c4dt65
Node 23: m5f7397
Node 24: sxnrp2f
Node 25: 5xepmbg 7c91hti
Node 26: 5d7awvi muzrf9e
Node 27: mxelnnu

Node 0: 6nf0wuz a78bdz5 mmm5boh
Node 1: iksd0y7
Node 2: x5v7q65
Node 3: 0gw7eqt 4s3q66m d7gwkgw h8n80ev kt3qfd4 l5j7bz1 ppads27 qwvb15v vsb6qys wf3leqr wq71hqv
Node 4: 0kmnvqb 2gkqklu 7dcrb2n a4odskg abk1vjn ylvw1a1
Node 5: 2x2hjyp 3sg7c5m 3ui0i8i k91iz1r kwsyo6s leg7tav micf2j2 tsyowv6 xfls37d
Node 6: 1b3dj4k 2feeq9d 8ozdk8t duxncgp hauaojn np7pt6f sts9ran
Node 7: 8encfu1 hol4jkv i6oajzf rh4ea21 t90j02f uqjwtpd vus24nh zuzz120
Node 8: 0kum063 bti8gja ejt896f ft7bxfc t4xe1g9
Node 9: zlf6oq0
Node 10: bdmnily
Node 11: 6ef6no6 ra6vl8s wzq52hi
Node 12: 7epcz2x eh8h7u7
Node 13: fuzr65a g3y4edu
Node 14: gwrduiq jaco5gz
Node 15: ytas62s
Node 16: 7o92hvd
Node 17: 0a8va7k
Node 18: 006ecn6 5y8499i h440stv
Node 19: vf7v5kj
Node 20: 0hwbwlw
Node 21: 5n574vj
Node 22: q6zhpmd
Node 23: 8asrsfx 8e0rrwm kk3p1xz peg5i21
Node 24: qbqpgln
Node 25: ys7apzw
Node 26: jpxymwb
Node 27: nk2rndc
Node 28: qxk5es6
Node 29: x7tm6kr
Node 30: 0so8h36
Node 31: 5oit40n
Node 32: 3i72yrw
Node 33: asxz8br b0ccn0s vm3vj63
Node 34: fr9my4j wieboru
Node 35: p0ywvdh
Node 36: 87tgw8m
Node 37: 6twpcln vb1ztl9
Node 38: efqhwpt
Node 39: 61m33sq
Node 40: rn9u6pc
Node 41: w9s1gse
Node 42: kgttbnb xlpgfuf xvyizqe
Node 43: t7e1vmb
Node 44: wcg0jsw
Node 45: v0s917s
Node 46: qkxl8zc

Node 0: bfbhc3a om6pxij r4qymvr
Node 1: orkaz3f
Node 2: 5i18s7u 9mo3bie dizgnit hhloozf kxzomoc nzykrsd raaa5u4 x0n1ou4
Node 3: 1on42nv 4tlso7w 8dx56bs i7e1gbj vs1nujr
Node 4: 7cg3aye
Node 5: cwgiz7i ifo4zze kbtgph3 pgx5dxm
Node 6: xqteymt
Node 7: hj3pr7n kh8530p to58v6k
Node 8: 80mrhuw ctqj4f3 nsnuied q0apgwc vwof5tc
Node 9: 5w0pfm5 ou0r41w w1omgei
Node 10: 2hqgb9s
Node 11: evh983z qus7id0 v5u25tj
Node 12: 3dc3fqm 46qwvid 7spaj32 b1vn9lz bp6m2x9 gvuwyej
Node 13: 3rfzew3
Node 14: 4ctdtwq
Node 15: pzh9kfl z0alyrm
Node 16: 3736kh9
Node 17: ig6ixhy k2827kg
Node 18: bpoh1c8
Node 19: 3mcta7w
Node 20: 5tau2oh
Node 21: oasj0vx
Node 22: zdpt1on
Node 23: aspugzy
Node 24: incb3uo
Node 25: xwdy8xl
Node 26: e9w568o ur6jp5c
Node 27: rhuu3mw
Node 28: onihs4f
Node 29: gqe5e29
Node 30: hd2u9dg

Node 0: 583l69n 80yruzg a846yag f72407t jxk641s n0xqg5y r8uho6c y5m6vge zd7pd8j
Node 1: 1d78wy0 1djm0j5 g4r76dz gaz61h9 u0kfo8g
Node 2: dmhw042 eeefd30 pph3do9 y41ogxa ysme7el yti1pi7
Node 3: 0hvt0fn 0zt3lnv exmnm5i z6d6izw
Node 4: 9oug4vm
Node 5: dqsemgh
Node 6: 8dgyb7a tdqphjc
Node 7: 9hdbye1
Node 8: c13c5wy c95bp5l ff0etnp
Node 9: t4p3371
Node 10: 9b3wpgy
Node 11: a8d2uta bxxx185
Node 12: 2aden8d g81hv5f uvklq0q
Node 13: 3rymyu4 5g2txg4 qwm28at wvxxf68
Node 14: pxdesal
Node 15: ycl4m3l
Node 16: 22zgxdp
Node 17: k5se9zc
Node 18: 3a7u5ng
Node 19: emhwaz1 otyd6c8
Node 20: 10uflr5 gjmv1ti
Node 21: w8uobe9
Node 22: 2uicadj
Node 23: 0ktr154 z3ekbqr
Node 24: 1ltn487 gc65r22 hvbd6s3
Node 25: 5bxuha2
Node 26: vhmji56
Node 27: 17qxccl
Node 28:
Node 29: 9pe5h4b
Node 30: y7ots87
Node 31: h6zefor

Node 0: btmu6ds
Node 1: 2areudr 2jx7d2s
Node 2: 9tfe2hb ct0bppj
Node 3: 4hwpre9
Node 4: civegj6
Node 5: kmyfacw
Node 6: 5l0porf
Node 7: h9n8qpj

Node 0: s3vdk8r
Node 1: 41aley5 ccgtm2x j4xuwiy li82v43 lxjcvmm
Node 2: 1z25rbz 2w5s9fm 55r9ywe 99asr18 dg96b1f dgjwzdw eg2vroq fhvf1wp g5h8z0k h0rkf45 oxl04n4 oz6m8ej qa4r8ve qro59re rg83y0w rzfvgku smf5lq2 tjaq8hj x9curd1
Node 3: 751cwit
Node 4: vduzzqs
Node 5: cy4jkzd
Node 6: 0fsgpak lr8zhf8 th2ceiu
Node 7: 17ojr27 1x9bvco
Node 8: ub0kggp uim92xa
Node 9: 5kjgo6a
Node 10: zilxzdw
Node 11: 6le7ka5 hjrhmia x26dvin xqtsf9f
Node 12: pqthi8t
Node 13: 64bousl
Node 14: q57qqle
Node 15: 17ev8o3 3l3mwof gaygsit piwwrnh
Node 16: w71ydzq
Node 17: b4z332c
Node 18: dv0uwdv qt25ekw
Node 19: g9yjwd7 joayoek
Node 20: b4qlk5x
Node 21: giqa759 yomz0go
Node 22: t8n5bs8
Node 23: fhwkde8
Node 24: gp24821
Node 25: qkj48jj
Node 26: 2rulyz7
Node 27: 06qkfmm o9do28x
Node 28: gcaeiwo iigd0lp
Node 29: 8gmb2cd u11fdtm
Node 30: 7d4kteg mlz2ch3 t7wlaf7
Node 31: 3gbsbf6
Node 32: per57eu vhoy3jo
Node 33: acgw4e8
Node 34: tm3gws9 woevlva
Node 35: pkeo9fb
Node 36: y7evdt5
Node 37: plqh5uf
Node 38: rv07yf7 xzdiojy
Node 39: ahzgwas
Node 40: 1p2s8th
Node 41: 04stcag 8vq763l
Node 42: hrfvrik
Node 43: 8rh05r9
Node 44: x9hie6l
