Node 0: 7f59hj6 dka3etk k8f7d62 rqrzbm9 zaxp3e7
Node 1: 5y9f40k d8ok47y skvjlsi
Node 2: cfbqvzu gbyjxb0 kxmckx0 s2nzpqx vue52ea
Node 3: r0l155i
Node 4: c83j1lt
Node 5: 7zi3gh1
Node 6: 6nkuq1x
Node 7: bcnamxs
Node 8: we7b0xp
Node 9: kuq0mxf
Node 10: optvl2z
Node 11: yu1nbut
Node 12: xm2b0o8
Node 13: ckldoa7

Node 0: nyftv28 slrnezx
Node 1: 4pd91s5 a7zcce6 iyyhoft jdr2zsk my3yrrc tiukxhh wb1vz43 yk1111t zy6szt0
Node 2: 3fxpr5e casza9y d57k8a9 g9unekc o8mz0an rckn7ml
Node 3: oc6h2i3 qg1xjnk t2gjcji
Node 4: 95qn0wd eh4x2j0 zpftwz4
Node 5: 52p3z3b laouehg
Node 6: 0gejzev 514mayi
Node 7: 1xntg2r 42m9g2y 9n5d0ic a2qqzhd ljf702g nozi03c r8nrxgo spyxxdh u6fzkje vhowdyg
Node 8: 16lq92m epwhkbz sf1qo67
Node 9: byx0zoa tcd55mx
Node 10: am62bwa h8pnjnl zsbxlm6
Node 11: cr6su8g
Node 12: 4c3aavf eincpdg hqar9v7 piro8mp
Node 13: 1f3i4h3 8drv97b fph165f ko79tj5 pdqbltp rjwbz4o x7542r6
Node 14: i41e6lk kxq0u24 podi1mm
Node 15: 7dua0rj f4scwnk gpt89tn k7sozak
Node 16: ixl0wm1
Node 17: v9ru7xb
Node 18: r37282z
Node 19: 8qn0gzt jljmwee
Node 20: c5cc93q
Node 21: 510501d viuhacc
Node 22: 7w6apzy
Node 23: x4cjdfj
Node 24: vk651eg y3orblt
Node 25: 5prd1gy
Node 26: g0nj136
Node 27: imk2xfq
Node 28: g47kg0t
Node 29: pt5i5gl
Node 30: uzzwczz
Node 31: iybag6z zyub0zc
Node 32: 6193tu2
Node 33: ntujy2r
Node 34: x83cgv5
Node 35: v16vyhn
Node 36: 761mmdo
Node 37: tje9c77
Node 38: 8cala8e v9482jq
Node 39: niq8ksf
Node 40: cn4cgi5
Node 41: pctu0eq
Node 42: 5d25ryt
Node 43: lbdiuwn
Node 44: jbrkcb5
Node 45: gov967v
Node 46: 3v34gd5
Node 47: 4bcpr6z
Node 48: 7oz7uk0 8oyut11 oqvtp6b
Node 49: l51n38n
Node 50: g1yza02
Node 51: rb43wvi
Node 52: yo50q9g

Node 0: 482lotp p46r96p unx2ygd
Node 1: sxz6god
Node 2: 1vodovd uqutd81
Node 3: xmrry3q
Node 4: ti5udky
Node 5: 1y4ul45
Node 6: y2n78l5
Node 7: ld1touc
Node 8: xgiy49a yg45tvz
Node 9: 74uyszs
Node 10: 6prodwz

Node 0: 334m173 8rjszo2 ag86t20 az45mwq cy51izi dzc31uo g17s59a ia48l1b org69cj poqa0d4 r3rpnxc svyhcg8 ue2n5rm v58e1hf x1pbk3h
Node 1: z28jrgd
Node 2: i1dgwga
Node 3: 0ch5ssw 3q5zas2 8zam6ek emwdorg f5mpa9z ut82r0g xgpy02b
Node 4: 3aq7qgg
Node 5: c5pz65h
Node 6: 8zjtb6x btqnyiq c6ehtwm ifayiip j0wg083 qia8cnl
Node 7: hqkmh4r
Node 8: g09m63g
Node 9: 4927g3p av921ft lhju4xn mioagc6 yd516eo
Node 10: arm45nb f6icb6o pc9xlj9
Node 11: 748457q
Node 12: e9a3uw8
Node 13: 4kcr3kg
Node 14: jkfp9c8
Node 15: z7umfh4
Node 16: ctp1bke
Node 17: tx21reb
Node 18: fhit3tr
Node 19: zibu1xx
Node 20: w5254yv
Node 21: djhylab
Node 22: ev0j119
Node 23: ts4ia56
Node 24: ilviwyl
Node 25: ah5yfvt yk3pjcd
Node 26: qxoior9
Node 27: n9glq04
Node 28: 6vvyn5m bmz9smf
Node 29: 1ioy8ql
Node 30: vfa9ifi
Node 31: c7cjz8h
Node 32: 36a3wpo
Node 33: hr6eex0
Node 34: 2ravc45 bjzrxp2
Node 35: hiqyp7f
Node 36: 5rgm4he
Node 37: 79pul4l
Node 38: brx00z0
Node 39: g6fa95p

Node 0: l8edxax
Node 1: pj3moaq siy7ccn
Node 2: e4i3ln4 phtuth7
Node 3: 0sg7m98 6xf27ny bux7jix h3h914p qbjl0vl w32jjmi
Node 4: 1usj6rb 29tgmve 3ic2636 4633y2w 6jl3s5u 6jw24ax 7odiitp 9tlheq6 aowtdd1 fny9pun h8gxqfr isxssqm lrdrnlv nbrljtf pai0qsk rdiqyzq rnx5zwp uzy0qw3 x46qzk4 yo11qkh
Node 5: 8ee5jnp 9xyfkvi b6u44s6 t20cokg u21j1sb
Node 6: di22ngn ztv4jr2
Node 7: ss6rnzg
Node 8: 02qhke2
Node 9: 0pwf0ck b4xrgdj hc9sjha jfv20jr nr10n2z xzf9nr7
Node 10: dlfiadm rr8zp7j
Node 11: n5htvpt
Node 12: a2vvb15
Node 13: gf6xs39 h2ado9j q9su8mr
Node 14: age8154 hfn2px7 p4ddzix
Node 15: bnpzkfj
Node 16: 86a6vb3 etoxcxr
Node 17: qdo1kh4
Node 18: chuhx5m mhw5weg qb96g2b rw792oz yg52dld
Node 19: dqqe79k
Node 20: yrm7buj
Node 21: 7l7v96x tkc9ool
Node 22: oh7knkf r0ux5s8
Node 23: b6v4sfj
Node 24: fsv2qj7
Node 25: 125df5g
Node 26: 032xvdq 60kxxud
Node 27: td7umwu
Node 28: x9t30cu
Node 29: 04cm6bf
Node 30: hwmnt7w
Node 31: wegpizu
Node 32: 8yy1ht0 vjeu3s4
Node 33: 3iokfkt db1p9yz
Node 34: ilc6mxq
Node 35: rqwtjui
Node 36: 557fd58 e6ibk9c
Node 37: bbq1e5h llwq2a1
Node 38: ns9dpwb
Node 39: m9mkk7h
Node 40: 9hux4s2 yocbg6u
Node 41: 7eilxbh 843s2eh k9cy6zp
Node 42: 3x29jiv pysagml
Node 43: 7ljyk37
Node 44: n6uigcl yug9j6u
Node 45: ipbxeyt p9lqbgd
Node 46: oipccgn
Node 47: at8k78y
Node 48: egvzby1
Node 49: we8vhve
Node 50: dz7euii
Node 51: exhn7kr
Node 52: 239vmx8
Node 53: p8ac45s
Node 54: q4alpfh
Node 55: aper29n
Node 56: 2hqcp1f
Node 57: 10csu2g
Node 58: 1is076c ab9h7po
Node 59: oh8ezpl
Node 60: kd4razq
Node 61: t1jogqx
Node 62: 6xm6b5n
Node 63: prtyx5u
Node 64: f76qn3c ypmjy9w
Node 65: n4omnam

Node 0: kjb4gj0 uoyy5wa
Node 1: 76buehm 8s32qzj
Node 2: halx2dv
Node 3: txqw1xf ve6jv3t yhq827g
Node 4: ffwex5e

Node 0: zwcujp9
Node 1: 25cmd96 adbcdqt ng3p4om ok39auc p6nx7yy qh1taj4 xdrddx3 yzgtusl zpnsirq
Node 2: 6q9virs imbdty9
Node 3: vryircb
Node 4: no15the
Node 5: gatejo4
Node 6: dm02c3r m9yqvgg
Node 7: dttj2vz
Node 8: 7pxviyq cfzexq8 e06bsee
Node 9: 15twzq5 65o3lmj 6qbntbn dgh0zu4 himdegr i14703u uve7ezz
Node 10: ay18bib j0wbbna
Node 11: 6i7x592
Node 12: onja5yz
Node 13: i9waync nucx3kv yvvuujz
Node 14: a9bg5ue ls833i2 sb3xht9 x41p9yb
Node 15: lfws6pc w4y33x0 ycjixki
Node 16: skelauv
Node 17: syoc85q
Node 18: ukdpkfa
Node 19: 6d1z5o7
Node 20: g9mchyt
Node 21: enmjxlt
Node 22: 1qu6vg4 t6y6o0r
Node 23: mjlj8zw
Node 24: 8j0zrgm
Node 25: 1v7xwps
Node 26: s8l2qv8
Node 27: 1tlx7mh 8ftgvts
Node 28: 9tk0nh8
Node 29: if0okpl
Node 30: 5j7ofkp
Node 31: d07n6i7
Node 32: b7dj2kb
Node 33: botnxbv
Node 34: t4s7cvo
Node 35: vmxzkzh
Node 36: bby8hj0
Node 37: azgq7rc
Node 38: 1fwxjtk tipbq7o
Node 39: oj6c2a9
Node 40: 34zx1jl
Node 41: i3ydcne
Node 42: xvd9mdd

Node 0: y1bccvf
Node 1: qw4yfdk
Node 2: 0po3j7h 2vsgce8 8z0a862 9z3upki ccg3c02 ftsxtjh fwt3b8o k9fezu9 ma7lki0 y0mjo7t
Node 3: 0vct0pw 3oza4nx 4eus7aq 4fj9127 6dxk710 7v6le6v 9pq9p8z 9xn1uhc br7idh7 j0d8280 jgxa1b6 jwx07fi og42k2i sk0un4u u7qf9kc v8qn4rq vfnne84
Node 4: ztse3xl
Node 5: 4sxuntm
Node 6: d3326at i6a27gh ltccyhf
Node 7: 0aetsk7 z6sfjup
Node 8: q1zm977
Node 9: sblqidj
Node 10: srzca1i
Node 11: ca16lkl
Node 12: 55p9lxg
Node 13: fjhpwnl
Node 14: 44h1yq8 cppq359
Node 15: iaza392 ubp76l6 wpmcz66 zfopamd
Node 16: yzmty6f
Node 17: vspqi0g
Node 18: z6xoh7d
Node 19: wi5m15o
Node 20: 5czbu8t
Node 21: px1ci47
Node 22: 0vms0jk
Node 23: 6ygeo26 qjknraw
Node 24: yj75w8j
Node 25: 0d1v367
Node 26: cilq5wg
Node 27: 8qt9mzh mjnr0ri
Node 28: oypb7k7
Node 29: 2josdh2 ctvjgxf fjk1bt4 ocey6c8 r7gvvu6
Node 30: 34wekpx
Node 31: vq0xvdt
Node 32: c1ijrwb
Node 33: 2vaa1ra
Node 34: 7vpvqlj
Node 35: ae1jlx8
Node 36: beuib9t
Node 37: 4a8bw38 fuicm1y
Node 38: arl8y4u
Node 39: pk23uwh
Node 40: 2clakby
Node 41: 1ayfuh2
Node 42: hmxsj6y
Node 43: k4cvbue
Node 44: wu3iiz7
Node 45: yiymikm
Node 46: ab81oy2
Node 47: 9v7r57j
Node 48: 2d9umuh

Node 0: bs50385 q8bj3x2
Node 1: dgf9x8j
Node 2: 1rjylfx 3ibfz8z 7naeg86 rff14qx wirnz0i y6z3926
Node 3: 0fcstvl auzjc03 b7fftsj c6qqcza g0gzp9w k1aly3w nk2ozvq qt3ncvo xbhfmta zsd1nzi
Node 4: omhovvu
Node 5: tlssb7w
Node 6: ubqcu02
Node 7: kz5xgt3 l9yyvn4
Node 8: 04zbkht 0bd668y
Node 9: tzm5ieq
Node 10: 7aqcvy3
Node 11: dc1j8i6
Node 12: a87ey4y
Node 13: vhuryk3
Node 14: cdemsu6 qinpgk1 qj309hj sc8a7e9 ykibjif
Node 15: 21jud4z eh7af1m gr542o7 ocx2pys ongmybn wqxmm2a
Node 16: uyu9h3r
Node 17: 05qzgwr
Node 18: e4cw71a jnvy5h3
Node 19: gg0fiul
Node 20: 3af9az9 mmlnufe
Node 21: fue651d
Node 22: 3vkq145 nynfyzp
Node 23: kcpa205
Node 24: gnn641k
Node 25: 6yl9byt
Node 26: ru95kui
Node 27: 9o608cl
Node 28: 1y9w8nv
Node 29: keyitix zdlpkiq
Node 30: jw0iemq
Node 31: repke5y

Node 0: 3s254zo
Node 1: g5knaas
Node 2: 6xu68m1 vh3ik9r w67r9fl
Node 3: dsd2goe i1jlpzr rvgnbqf ss20iod
Node 4: 7w3fpt2 vf3my8z vslpok2
Node 5: gvz7k77 qarxzum
Node 6: awqpmll kd6jg7k ybpzg2v
Node 7: n0nehu7
Node 8: ruqsunq
Node 9: zke4nwd
Node 10: 3gf5avt 7kiyap0 augpj7g axr2zue busfbvk c7zl0zl jzgq0mc vjmqo4o
Node 11: iei5ae5
Node 12: np0q02x pz30n16
Node 13: td25c8h
Node 14: ilbbymt
Node 15: k92873i
Node 16: 5k84udc
Node 17: ewfrt0x
Node 18: tet2emv
Node 19: 87nsdga aq8uhvl eirj998 iy1wrwj j1owcki
Node 20: 8tkfk5k wwjag8v x8ehhuv
Node 21: bo2wc46
Node 22: oy6jyvb
Node 23: a40579h
Node 24: dpzi5sw
Node 25: gp69iay liacin8
Node 26: 52ktrbr fcxzhfa n6bdrjw
Node 27: 3wf4vol
Node 28: nn4lood umcz15a xlmicst
Node 29: pk4k496
Node 30: ktuwmaw
Node 31: 61tw4gy
Node 32: m1lvaqo wuh6pbf
Node 33: 32oipxw
Node 34: vshzfkc zoo5w5g
Node 35: 20cc91r 36h2t89
Node 36: m4bcc0w uya3pwn xvb1gen
Node 37: 6hipd62 anhm122

Node 0: 08oo6hb 3lvg5fz 93tbjx9 bp4swf5 cugphl7 jozfmyu juocauj rr0885i zhsa66a
Node 1: 30lftm3 3uo2k1e 929zft1 9easjxp du10vej
Node 2: kc99p8y lvxj17k
Node 3: 59802l9 6plo8dp fiw4txv uqlz4ow
Node 4: mjmvutl
Node 5: 9rfe97d
Node 6: 1p7cjbq 4on7asd 628k7ad fiqx866 kvuql8v mek8nfy qmoevao
Node 7: 2k82qjv
Node 8: 1x005gg e3ix2gi h7pvpde xlkd9vu
Node 9: d68n0zm l9j8c23 p5ajptk qpxugms wpao5pn yjefwbx
Node 10: 3rvitab 6hm5y4t a2gjdhs oplccgx
Node 11: dz0mjf3 eobs1w2 lchxsan nqj9eg2 qkt44n2 rf8ejal
Node 12: 0ogn2ps ghxrqsp z8w8b3p
Node 13: b2adent cisjroi f3277vw jbtfbdc puxh6uf wburhfa
Node 14: b7k2aka esazmmh
Node 15: kxpb2wn pwgxmc8
Node 16: h1vh1tq
Node 17: wxpby2e
Node 18: 5gs7kv5
Node 19: 3m05am9
Node 20: ykqtvs2
Node 21: 9elc72w aqenpck hnwn3nr omna1iz wk7cfz6 wo4939t
Node 22: zen303c
Node 23:
Node 24: uksh31q
Node 25: cct8dmf hfdcnu9
Node 26: 8qf5egf n6tam9x
Node 27: 3rqd418
Node 28: 6tozcwa bew4loi iw3j5sx o09ob3m vv49n43 vx82cdn wa5eq7e z29xh4f zfa8a6r
Node 29: 7e4jhlf
Node 30: 75gqmy6
Node 31: mzzl4ie
Node 32: bfyzzgk
Node 33: weyfcpz
Node 34: h92nd9x
Node 35: 3712t1h
Node 36: zyp5ovn
Node 37: am53mq6
Node 38: s4xqrfs
Node 39: 5gbc8km kcabqyi
Node 40: 1r3hm8h ably5pe c42caiz zgxmgtk
Node 41: hep1jz6
Node 42: 6fynelz baujqcw
Node 43: u19ryoy
Node 44: 7rpn6fx xflu33r
Node 45: 1m549tm
Node 46: 8qzmv92
Node 47: 17ca9t6
Node 48: et970f7
Node 49: 0ror863
Node 50: h9c3i3s
Node 51: 29r4nji
Node 52: k7wuk1o
Node 53: 6wkds8z
Node 54: aaao15a
Node 55: t5sd4u5
Node 56: 342t3mg 92po60m fzoyxq5 wf5u2p4
Node 57: r14yz9x
Node 58: 9uosggh
Node 59: mbu4dh5
Node 60:
Node 61: mmikpmt
Node 62: b7u8j5z
Node 63: 6zw2jad
Node 64: hfm027m
Node 65: hwng16h
Node 66: uu5d9rt

Node 0: 78g1yhs fg11n0e g3618u1 sio25p3
Node 1: 3gmkao3 486b5q8 7v5tw4y az8mjyd c7h0f8w dbtfipw ius4gjh qnz1thk sl50kkc
Node 2: 2f2ou9s jdg45br jxt00h5 ke6hp8g vwnz8o5 zw5dylc
Node 3: 049j79a wh4v4c2
Node 4: a8ayxtn
Node 5: ahov045 p80pxix
Node 6: c3cyedm
Node 7: ibw63oq
Node 8: axr4nmk s3v6q6h
Node 9: 3b75mj4
Node 10: ddt4hdc
Node 11: 144nbi5 g3ptd05
Node 12: 68xd4hu
Node 13: 66r8qrv
Node 14: jel2u4e xro8fn8
Node 15:
Node 16: 7bdwcev
Node 17: l1mzbh8

Node 0: 6ts26je nzxqir6 x89vh56
Node 1: 2vye9vb 4f73iab 7y1si01 8ndgi0u 9t3gova ovqvzky ty8blce ycajrt4
Node 2: 91c0fax cewea1p fiswr44 ta0dcni
Node 3: 1mktqxe
Node 4: 1hvjwmf 1q9mjcf brmzfq5 j57o2ek mu8c95v y1raq37
Node 5: 0nflgbe 5tf1xhi 61m3hcb ckbe4eh ckfdvs4 fpl3yxx gipgaro h781axj ju0z4xx y4jqc2a
Node 6: 0isis43 1o8kgl2 ifmgzyq
Node 7: 6736hkd
Node 8: 94o9li2 clcrev0 en1c43o
Node 9: gmbojrw
Node 10: g7deyiw
Node 11: 2w68qbt objse0e
Node 12: 58ln05p
Node 13: 75xgdaw gdrnhju grruhrf i2ael1f ijxno9u sxq49j5 y6yi6hv
Node 14: g46okeu
Node 15: l4soz1f t9x0zeb
Node 16: 7b1khmp ifrekz4
Node 17: fb5xo15
Node 18: 7hq44ik qkpdkke xskgnx1
Node 19: e29yh7g
Node 20: 49ois9i
Node 21: o5f2f3r
Node 22: 87z7pat 994h1mc 9ek75u9 d11xc0x
Node 23: vqetbwe
Node 24: ru605ws
Node 25: 0i4n86m
Node 26: mrljjgk
Node 27: qw5hpzi
Node 28: 0b7mjtb
Node 29: 4zqb4xm
Node 30: 338sn3q

Node 0: 69llrag
Node 1: ddy88v2 fd0u8zr je3zni1 vmmb8bo
Node 2: fh2q153 i2bg01w j8esg5t r6krydv zj9fpsg
Node 3: 5inuytx fmayqhq rrjzwmu
Node 4: 9wcpueu phb9cfe
Node 5: pkaid95
Node 6: dy69sef
Node 7: vuk54m7
Node 8: w8lz9kx
Node 9: ii01dsl opqmxs3
Node 10: cf7htmx hcovq8h
Node 11: 4pkvr33
Node 12: 5umma47 nyfpaph r9li3ni
Node 13: e6zcrt4
Node 14: 1x7vbki h6pszq7
Node 15: 04eua5c jjbtkko tiog00j
Node 16: 2bsnx9l
Node 17: yw158ya
Node 18: a9vqkko
Node 19: ebbneoy
Node 20: byb2nq2
Node 21: clo4i1h

Node 0: qolovjv ydk0ygw
Node 1: jem99oi o1g7uc2 unzp513
Node 2: 3sixuy8
Node 3: 0lnvqul xkt7wm3
Node 4: 2204av1
Node 5: j0ophm3
Node 6: 73rfhyl dkbhnz9 vwn76hw
Node 7: ardrc9u
Node 8: wkf7a91
Node 9: yyjerxd
Node 10: i2kh81j
Node 11: ozrn032
Node 12: 2frp4iq
Node 13: n8ufxll
Node 14: cw01ali jj9pn9i
Node 15: v28z2ey
Node 16: 2a98e4b c3uz07e kfgzj6s kkv1heb pqkau58 uxemqwu
Node 17: ktzsgez
Node 18: hn7bkrz
Node 19: cm4dsnu
Node 20: exrvavt
Node 21: tyfdfmu
Node 22: k5rk7dt
Node 23: 1yezuqx c5u4771
Node 24: xflppx3
Node 25: hryn623

Node 0: 3w31g9z 940mhiq col085n jx879w1 kbrkzi9 nfcuzxm wmv3tbm z4oy5y8
Node 1: 6bk589i 6nk9q9q mxh12zt
Node 2: o52jsgv
Node 3: 3g7o83j
Node 4: 7gez5yu
Node 5: adyfbia af41h8n
Node 6: dalw0n0
Node 7: 3exsfhc 4sp4e4u d7qeftm evht41l fjfdzka qwj2z6k rzvp7gx ur09wwf uwq8821 v8m4i9e xhvvomv xk4m4q9
Node 8: 6pto1qe o5ghl8l
Node 9: 2iakvja a732p26 m1ww3h2 obi7i2w vaou2uv
Node 10: obnfbqx wb11m20
Node 11: 2cj9w4b ctinwpj rqu56av
Node 12: mmlat8h o9chm1v oeevpc7
Node 13: vulba6u
Node 14: 3wb0gcj l8ntvx6
Node 15: igbgfo0
Node 16: j8wek6z oh91y8i
Node 17: sp9sspu
Node 18: swzayv0
Node 19: 65qjzyx bpoxenz
Node 20: 03u6r7g dq4scc3
Node 21: vc6jc7a
Node 22: aqtcv17
Node 23: fvhk0i0
Node 24: xszr8ln
Node 25: c43ujmw goh87fr
Node 26: xluhom5
Node 27: njx478e
Node 28: 6b52nb7 7y42edw j5u2q2n
Node 29: 2wvc153
Node 30: xl6y3ik
Node 31: no6ieb1
Node 32: zeyra59
Node 33: kkkd9k7 tt0kp7j uwgabv1
Node 34: yu57g7f
Node 35: nwx7ggv
Node 36: ig8kjmn
Node 37: 8qbqslf
Node 38: gx0pmho w70cdtv
Node 39: tr7njte
Node 40: nih06ir
Node 41: 22wx8qg
Node 42: lpssisu
Node 43: efuomff
Node 44: r5tvkw6
Node 45: aangxms
Node 46: nj0tsww wxmxkch
Node 47: w5m89ks
Node 48: clqqjav

Node 0: 9nnu8s4 ezovrqv j761zij lp39vri xegq0mx
Node 1: ii5uxng
Node 2: 0gsyux8 0scoqgg 1ehlx9a 1w8bn09 2ocdq3f 3j3slck 3uhotw0 4b2ipcm 5caycup 85t97jd 8jgqhc0 9p49qr6 b0rbbm7 b2rxigq cvolk3z ddan5gr ds6n5hg dxsd0aj gl8scxb h386jkd j8b8vom k7bda09 k8yu8u7 kheo5l5 mj9nto3 nnbylri oxvk90o paa4mgp pd0rqmd pghpbno qd9vwxr qoyc99b squqv2f uibn7kl utfqsdx wnvvsak
Node 3: 48s9uzw azdfs4c lvwmkjv t478w3s
Node 4: u33y0yo
Node 5: 20kg1j1
Node 6: d1ikayc
Node 7: 9fsj7vm mrccljy
Node 8: 1yl48yk rvopd10 wa9nsb6 yerqems
Node 9: r7sdqex
Node 10: 3pbqscp e8vldez iz7s7i6 me5kopc t80nidg tyqj5h3
Node 11: fcb5fx4
Node 12: d2ze3rd
Node 13: 2w24ph1
Node 14: 9lq2j68 i79dx57 swkunuo
Node 15: 52nqw2b cb8crug cik44dg
Node 16: ihxu9jm
Node 17: 8emxojk ngjxen7
Node 18: kot6w9o
Node 19: hhiqjyn
Node 20: hiaq8st q0szuw1 yb7nbw0
Node 21: efyid97 fipdjc5 mc3duc0
Node 22: 9i5cupb l4gmctv
Node 23: lg6uek4
Node 24: 9g5ahud bkhawix
Node 25: qe6f5x1
Node 26: z5rv963
Node 27: rusup1f
Node 28: xcfpwsv
Node 29: adlpwgw nyrvxw2
Node 30: 4m430yl fvboeip
Node 31: tajgzzx
Node 32: n3evlz9 z5mmubh
Node 33: yvphzco
Node 34: s28gw1x
Node 35: uvpu4bz
Node 36: zx0ihg9
Node 37: 8b4y2w1
Node 38: oobwtkg xm9xzak
Node 39: qmx4v9j
Node 40: aag3k0s ms3zsa9
Node 41: 8060zz2 apgx0ok
Node 42: 0b3owg1
Node 43: qmwna7h
Node 44: jr0bhka pjq64y7
Node 45: z83pgms

Node 0: hi5pjj1
Node 1: 54i5qz2 jk0yhjj vxzxb3u xfi1f5z
Node 2: 4i7e8pd 6kzr026 h234k0t lmhv87r z8m25x2 zq9kopg
Node 3: 3ct8rx1 dc5hj9c enkwax5 fwv53jx h0jkmwn h2ktjla hm0ph3z iihm3cl lve9fi3 wv4hiep
Node 4: 9xcm7qb r3xblzb z625xi4
Node 5: 5tkak4k w8ftth1 xhg0t76
Node 6: b5futyh
Node 7: az9aqvx
Node 8: 0294erf
Node 9: 7kvt5lw a93p338 ahlmewx s7hqu26 t5w2qui
Node 10: 802spp5 ig9puel skvao3a
Node 11: 5pljkhr idwyq5c
Node 12: 40mdhuq
Node 13: c9x5fby r1diwsu y6oktqo
Node 14: 29tmke8 tz1dplp
Node 15: malwzp3
Node 16: 48d7lds
Node 17: 7bmrapy 7zsqulc
Node 18: fq2g3jv
Node 19: 8zkfeeu 9yryxzx f70mdms
Node 20: g5fwxok mx09cle yni525r
Node 21: pkuh2we
Node 22: r524zzo
Node 23: suwq6zu
Node 24: jocghag
Node 25: 2vz7i32
Node 26: w998juc
Node 27: 11gj7bg kzqf9lf
Node 28: 6bt4y8u d3y18a3 r8t46hk tgqdwwf
Node 29: wz50o9b
Node 30: 5vukcc9
Node 31: y4most2
Node 32: it04bvh n1h69lx
Node 33: en4v751
Node 34: 14vqkfq nrwtxf7 svi92a9
Node 35: yfv9mr9
Node 36: aua8gl4
Node 37: iill9xu
Node 38: l3zwagt te5q4li
Node 39: ay9h8bf
Node 40: iypb05k
Node 41:

Node 0: gws3x76 jepb2ku s95wa16 sahqdyb v3sorsn
Node 1: 5glv7eh jh2llub szjxtvi wsct0io
Node 2: 9s4xg0g f8t7txg ff7hmax hulnqz9 thrbcus xq8e81f
Node 3: 3ivighx 6j0znft dpr8j2w kxp8s2t mc6gdjl oyydo4y v12d9vo x1yxor2
Node 4: 3lkeu3a 4c1nv8m 87r4asa c02qhrx csa5n91 e5p1zww v33zf90
Node 5: 2d09vog 7zexx76
Node 6: hvo8wuh vvinak4
Node 7: a3cqhdu yzp16vr
Node 8: c9iaxyz
Node 9: bsuwg11
Node 10: 7f53tvf 9onmbpk
Node 11: 9vipyma kjt405t
Node 12: wrzzhox
Node 13: b7ghrrh
Node 14: qp4hc6o
Node 15: g19xs85 jk1u6xt of37zsr
Node 16: 1odu1ri g03kuht
Node 17: 1zf8yjj l6ccm8a
Node 18: o1x9nwa
Node 19: tk5160g
Node 20: 3rcgasg bjywltf
Node 21: qovq0cp
Node 22: 8olafqj
Node 23: 2xekuc7
Node 24: y4kpoan
Node 25: fqfjuso

Node 0: 1ahyrdr 5uw0zvq 7kz3kld 9w4vjjt fr2v3xm g2m69mq ov95l03 wqi2xhx xna51bf
Node 1: tyeusa0
Node 2: m05djoi
Node 3: 078xs2y 5m8rfln 5vbp8xq 6403hbw 8sr7ii9 9kcq4b2 b5hspzc bl4kp0l d98ajw1 dg5bxck fdh8q15 fer314v g0mbk24 hugomxp im4s4lc ir8jngj is1css5 thvseq3 uhf5vhb xlgeqow
Node 4: kbt08ap
Node 5: 77bra3g 99tn7mg
Node 6: b7gdcha bucedpf
Node 7: n6xn9xx u0q208p
Node 8: cpl7gof
Node 9: pwm84jo
Node 10: ts4687t
Node 11: bd9zpp7
Node 12: 8q49eq4 iv4lpzr uvfdnwj
Node 13: 41fc4og 9986uxl benzc6o bvvlont gb7g2vb ijfssph oxzm5o5
Node 14: 2m6yxor abkhsj3 iraocy6
Node 15: 88z6jet c07izdr e0p4tzb to11h5j wz1etsu
Node 16: 2p5q78k uisgjd6
Node 17: e8lc914 ia23zoq ifcee4a
Node 18: s3guxv6
Node 19: 3h1w70p h87yhx7 rfa1k8b ztf3fvh
Node 20: 4ot4eg7 8kgix2s
Node 21: ktn9trm lo8vkfx shskcdn
Node 22: slrg865
Node 23: 6f5imkb 6x8a4xv v6klh5c vy74iro
Node 24: 2voq85c 8jnadeh
Node 25: n84eufr
Node 26: av8s1ng pcl6svm
Node 27: 84j45xw
Node 28: 67swp6l b9d04fc
Node 29: jtp4uk7
Node 30: kvn7uej
Node 31: 9luvorp mwknvtd
Node 32: 2dr5k4n gfmhzq6 ipno9yx
Node 33: ib3jtsg
Node 34: 0dvbd0l drp01il kx064sq xmfvqzh
Node 35: tgoghc6
Node 36: dp8x5cn f86737k ohz090e
Node 37: hv5jsb8
Node 38: zwp8zpt
Node 39: 54hglgk
Node 40: fm3sg42
Node 41: hpj4nyw
Node 42: brz7cpm
Node 43: gtmsiq7
Node 44: 9mbfmzk
Node 45: 8p05by1
Node 46: zfhpzok
Node 47: ac3x9tk
Node 48: dka573k
Node 49: 23joq5s
Node 50: 7n7ivly kjrh62b
Node 51: 8gdrjgz
Node 52: 1k8vlj3 ftn8o1v
Node 53: fvs8bh6
Node 54: s10yjk6
Node 55: cs2cstd
Node 56: 5s4djrb
Node 57: 8633xij
Node 58: oux5prg
Node 59: 4qw190q sw7anl6
Node 60: 3h217vg
Node 61: 8kbl9ed

Node 0: yhjhdc9 zxljl71
Node 1: 2e016yy 3tksgss 3vkq7xm jpm3bm7 l7uosvm x5zpqu1 xs4oltc y7tpksq ystrp09
Node 2: pkkxwjv
Node 3: 5qtpnkm 6d2t3qg 7gtywxv
Node 4: 47f62l6
Node 5: 8r60gon
Node 6: 2dz6qn6 nwlxaob
Node 7: 1q4rrg7 3h4q7du aafc336 t32grmi
Node 8: 4ng03yu b8j6rgr bz9uqew x17zy9w
Node 9: 2qbrjvd
Node 10: 2ejj3s5 n86tgtt sd86vph
Node 11: wsvaos7
Node 12: e8eqtd2
Node 13: 33kl11i
Node 14: h7awqng
Node 15: psy9wdk
Node 16: ajztgcy
Node 17:
Node 18: lxt3f91
Node 19: nq0gtcp
Node 20: se8egwz
Node 21: mti8qxb
Node 22:

Node 0: 465ia79 ehyiyrt k0vsouq p0ua9dd z2xz9us
Node 1: f2knyss mypuoji q52sb3x qqfo3yn uu118fo xyou4se yd4lo0s
Node 2: bnilux6
Node 3: e08xfe3
Node 4: 8nj1861
Node 5: 2y086z6 70jieil igbyz7w n2wqz8x q8lfa2w slqqott wuxim53
Node 6: 49sx724 ij6w500 jn33lcg
Node 7: 1h89ufc 8q6ohon mcl4qnb
Node 8: tqaizi8
Node 9: m5zdxl1 skpvp7l t311q36
Node 10: spmd3v4
Node 11: syod1pa
Node 12: bm105c1 rc3dqss
Node 13: vmn2i9x
Node 14: xmtyagh
Node 15: 0utgoqp
Node 16: 6g5c2jb ksz3o8r
Node 17: b8ha6bi fpglyh5 yh3z147
Node 18: 24au3pd
Node 19: nulh78w o143ixi
Node 20: 8uqygyd
Node 21: 3a6ldiq
Node 22: a73uhap z5j2n1x
Node 23: xp9effs
Node 24: ij9u0qq tvl35a3
Node 25: 1b3sti5
Node 26: 0qieawl yhn1f45
Node 27: e0rlw6u
Node 28: 6v4o5e0
Node 29: m0tpuvj x1uh2wx
Node 30: axa01rt
Node 31: qdlqfps
Node 32: s1htetu
Node 33: tob1z98
Node 34: d3r8xzm
Node 35: z9fqlui
Node 36: dapksm9 ino35sf
Node 37: q9ln868
Node 38: 0hfynna
Node 39: 9dakmvn
Node 40: ti4rhy1
Node 41: 203dp4k

Node 0: 1iupkth 6wlx910 dngtw3e eavig83 eh1x9pe
Node 1: f6s7pyp te26ylj
Node 2: 88lijn4 v1ya12f
Node 3: ce83i31
Node 4: zycz2qa
Node 5: osj5ryp
Node 6: 5rjn8xx hpcue0y ttdyj93
Node 7: 9xk51u6 hqplfif itkdz1t
Node 8: 4lep5s9 9bzxnao d4z7u8b d6kpob1 doypita oyr25bv t9gas2x
Node 9: l7pxxny
Node 10: hsmbkyc
Node 11: gqlyzhw
Node 12: dnxajih
Node 13: vvxtuwp
Node 14: q9o2xow
Node 15: f1gc9yk

Node 0: 11woo0l ft9ziqk
Node 1: 1ldwkjl h3gskyk w45m3nf
Node 2: 10kv2rb dx6gdaa
Node 3: 0f24sj8 18hit10 3dztzp5 nd5vbfj qi5a5eo wz77rb9 xq70sof
Node 4: 6cfwmvs
Node 5: 4trqkvj cy3lr14 eqtlfi7 nrayrxe wrt1lbd
Node 6: 28wup47 47pbpim
Node 7: i6zqcp8 okpnjcg p29me0i s0bym67
Node 8: mg6lrtl
Node 9: qnjbayt yr5ggj1
Node 10: fkc6lkn i9ejvzw
Node 11: 11dcl4b eaqpmyl h7xb53p i786jgr js2ed5d o8denos oxa9a3r qbcxdex
Node 12: 4r4x0rp xjswtk8
Node 13: 215r8k6 2ij6wr1 axi5ldw xbkgvrf
Node 14: w7gh834
Node 15: b12qddp b6beym9 jwhh5bj
Node 16: m41xhc4 wphwd9r x846msh
Node 17: 42lhfgu 9fayr56 g2wsuoq paeimyn t6pc1g5 uyqjsiu wnntstc
Node 18: v81b9bf
Node 19: jqq6582 u1ph4o0 ush3h6e
Node 20: ozlb9bl
Node 21: 790vrtz xir7ktw
Node 22: wtvow25
Node 23: aeh4n0r
Node 24: 23lq3kl eo1jekn vvnd06m
Node 25: 0yxspmr 5g3x6d4
Node 26: f0u7z1q
Node 27: 1qdzyco
Node 28: xzunwga
Node 29: s6xbjga
Node 30: d8ubf05
Node 31: c2qyg2s
Node 32: 5kccdxr lp4exze nh2gm2x
Node 33: h5banuz
Node 34: dzzv5as
Node 35: vrevra0
Node 36: wpzqrpr
Node 37: j2ds4jn kt0nfro
Node 38: bi36efg
Node 39: 042bv2o s6jrsbz
Node 40: kqghw5c v5ze6zy
Node 41: 6nhz71l qri7db6 zi6xsmq
Node 42: 6maau1l aosyp0q gzrza69
Node 43: mpxqh57
Node 44: mujcus6
Node 45: c2bg0v0
Node 46: c1yhnvy
Node 47: c0txxlb pczuqkm
Node 48: 8fc3jrz
Node 49: rogl41m
Node 50: 4jqqxxk
Node 51: 2dur2rm
Node 52: g1ywf05
Node 53: sx1r2bt

Node 0: 523lst0 et5dyls
Node 1: xqs2xmz
Node 2: 0ak6jh2 0w0w3eg 6151a97 81cipy7 i4zap0l ikkjldc j1x6pom j5gvm02 jj1nsus r2n1d6m sm8hugu tu1l0hz wvwgabe xrg21z0
Node 3: 39802gs 5f54fd9 6676ft3 a0jlvbi az9e6eh jhp45r1 kri2i8x lpr919z un5xck5 y0dwuxm yg1ggfk yzlxi4i
Node 4: dpfutlq uhrs7wl
Node 5: 7oszv85 du6ohu6 hh70kgo swjhel0 uoh9pzu zi0b2e3
Node 6: cgrkgnn
Node 7: 9orb9g9 dcjn2hv
Node 8: o6girtv vg5lma5 xliu62b
Node 9: ff21ph3 sg8k2q3 w0f5j6q
Node 10: lwxgpm3
Node 11: srftpl1 y03kbe8
Node 12: 7czpeq0 iyed10w
Node 13: pwireo9 ub3g5ll
Node 14: jue81re p8ftpe7 rcdowuv
Node 15: m6ecbs3 piyyla2
Node 16: 2y528rx ewcto8v hp6fpg1
Node 17: 7949sn5 9ithbm1 o072h7m qwxl3te
Node 18: bjfph1e n6g72lr
Node 19: 132yy1a 3xxt7g3 u62qwfz
Node 20: 3ac75qk
Node 21: drjnc5g
Node 22: 2vi2vjq 9tdma5k s45r1ux
Node 23: 3xovxna g17261h t3cawyp
Node 24: cjgx96c
Node 25: 5uwcgl5
Node 26: hi3wkq7
Node 27: i8sjdky
Node 28: 77darfw su6b40a
Node 29: aefobg1 eshseu1
Node 30: v6o5kx7
Node 31: y81vih7
Node 32: 5ix6xq6
Node 33: xd4jx1m
Node 34: 29r2bvj
Node 35: gt9a3r6
Node 36: qcwtq8t
Node 37: gyr38yz
Node 38: nkt6im8
Node 39: 6yslveq
Node 40: s5bfy52
Node 41: n5cr100
Node 42: 60fyzyv
Node 43: pg310f4
Node 44: lcu2gtz
Node 45: 5w39r4z
Node 46: 06vx5i7
Node 47: e3b4zgx
Node 48: w88vxlv
Node 49: gzhq41y
Node 50: 63blu5e
Node 51: klt2r0d
Node 52: 7jucqkd
Node 53: e1jydez
Node 54: jsfuh2r
Node 55: fh06xau
Node 56: plu2g6g
Node 57: brwzu3l mfoo8im
Node 58: okcd41n
Node 59: jcf4a7e
Node 60: baiod12
Node 61: q30cviq

Node 0: 7yd8suj fuh4sk3 k8rrimg rus16nf
Node 1: 17uc4df 61zsnrm 9dujp9x caisyuo jxaetv6 lx1ana6
Node 2: 2lutvl0 4l6i1vs 7iwrdrv aoxilia be1yy5u ctysusg fdgnipa idxr4wt kf2l99x t2t5kr8 ug8ae59 wrf16pn
Node 3: b214nhm cxvmyxn dn6iygz xvtpmuw
Node 4: 83nkeze
Node 5: 12etkrg xz8hffa
Node 6: 41ekknu nteiw8j pykkgkl y6h7s8g
Node 7: 0o4i2ug r9cbkvb
Node 8: nw93qc2 rj2kizi
Node 9: e8107x2
Node 10: bm19ynh hl3hgqk k7vqsp9 siygtdh
Node 11: 0hbpa5z 7cj4rtp znbqvoa
Node 12: r21paoh
Node 13: vegwdae
Node 14: 7eoa9af hbj18om jxg9m6z rtf41ko y20aodr
Node 15: dq7q1w6 m2xrupg
Node 16: igcot5p
Node 17: jyr1lqw
Node 18: ag4nhmz my5yvac o59pcrz wbm69m8 yvycoly
Node 19: aha4f0p
Node 20: tglqodr
Node 21: 04opc8t
Node 22: 9zzazhy
Node 23: 5zjba43
Node 24: z6kd8ap
Node 25: udrdrgu
Node 26: 8fs2u62
Node 27: 704iw3w
Node 28: ebdcpiv
Node 29: qkavotp
Node 30: aw3sj9r
Node 31: vt4bkdu

Node 0: 48rsm7s 4f1lgot djbzn7b i0d37iw kq19td4 o5ctqqo o94vrbr wmkhn04 xax9r5u y97o0tx yp925ev yqj3yb7
Node 1: 20of0ru bhmicy1 di3sh0c pyi05rc ze4xhvm
Node 2: 8evan0j
Node 3: 0nwtu16 9u9wa67 z3wkoh1
Node 4: 1jfsukj
Node 5: k044vlp tuw3tqh
Node 6: 1pgq54o ggfqiju pss97o1 r2uahzd tukmh8x
Node 7: 8cxqeco
Node 8: vee4uen
Node 9: 72ecbz6 dw0sbx5 gb54k6c
Node 10: p31o50l
Node 11: 3rhf3r2 66ibdlj h7phudw
Node 12: u57bwi2
Node 13: 3emq0j4 9cf4yrw mvzinyn qimieaw z68b15r zv5k43q
Node 14: 36x002g
Node 15: b75115b ligufbw
Node 16: 80h07z5 xude753
Node 17: rif2g79 tsc6gi9
Node 18: gro14ng
Node 19: 9xgv2m8 ddcgbn0 o6t6vdr qom7i73
Node 20: rfk9crz
Node 21: 38gulyk
Node 22: a0dm2nw
Node 23: scmbcrq
Node 24: 8uood6x
Node 25: axibxmt
Node 26: g3m67d1 mlb0e0t
Node 27: eg5sjhm
Node 28: gt72ox8
Node 29: qlj39eu
Node 30: fp4bwq4
Node 31: m8zc6av
Node 32: 6vqugls e1y9me2
Node 33: 618qp1m d0cz9ks
Node 34: 1yazin4
Node 35: gb10q3o znusm4l
Node 36: iwyps0x
Node 37: i2z888u mmphvzu
Node 38: s0dy3zj
Node 39: c7qdl7m fsv0k4e
Node 40: 729l2zd erk6lg2 qsynw92
Node 41: ofagoir
Node 42: v3uh99j
Node 43: awb8uno
Node 44: 5g3opbi
Node 45: 6ieuy8j k2rvrmy
Node 46: mmnyx6i
Node 47: 2ax314t dprbl70 yqzrzi7
Node 48: flxu4an
Node 49: mcg6a97
Node 50: 94n9r44
Node 51: c9qriwq
Node 52: tjto956
Node 53: wd9gr6y
Node 54: 2opj44b
Node 55: nbscild yfj30nu
Node 56: lk2kdxf
Node 57: y64mwks
Node 58: v209p9a
Node 59: a13wu0a
Node 60: j3vjqro

Node 0: nvn16ko
Node 1: 7qw8mk2 iaeocdq mh09mcp ospfccc
Node 2: inday1p v4dam0d ypne5jc
Node 3: 1ejg7wv 938xzwp b57ttoi o2apjtn qk958ya vtqyfr7 x9v9zsk xeiv429
Node 4: 8mf6c91
Node 5: 4a36mb1
Node 6: aiu6nms
Node 7: bbpl1ua gp1lsb2 m25cawx y7vhvul
Node 8: xf4eedx
Node 9:
Node 10: 2na7xsk scbzjk3
Node 11: ic0msc4 in0vwp8
Node 12: oh49cvm rznd90y
Node 13:
Node 14: 3yk4gdg
Node 15: 7d1f1sx
Node 16: clvzjq9
Node 17:
Node 18: d116ei2
