Node 0: mrq68pm wvx4k01
Node 1: h57abav
Node 2: ebdlup3
Node 3: 1l6vfa3 2ndwz1p 3t6orhq 7yoaup1 9m3tq7o diosy6y jahrpmd ljmyaq9 lz6ccu6 pt59sr2 smk7w06 wvumh2l y3wvjd8
Node 4: jtgda72 x35bcxb
Node 5: 8auuzld jy81wi3 kbxvcd4 rxvklut
Node 6: e9ld8go om2i3lm p5luf0y pfmzt38 zs1pd7v
Node 7: fvrmnds m11rqi8
Node 8: 1tl143v qrhuqyr
Node 9: 8hqe552 lle6oci
Node 10: l06z922 nmork58 qtkeu9r
Node 11: 237bby9 3i5o87p 8kgmo09 sf49x8i tkeowkm
Node 12: 39acnwg fvz4acf nw9lrav wq80ugd
Node 13: b1dckjc n4xv54y
Node 14: wf47nt8
Node 15: ujl494i
Node 16: 3elbqpd lhgak77
Node 17: u98qp88
Node 18: 1cwdma1
Node 19: i7jmbqg rrprz3d
Node 20: d3g37ir gg64y4g
Node 21: zduqld1
Node 22: mdse8x4 t9reuvt
Node 23: 1wyh4ye vhuh8wk
Node 24: a7y8r90 g1ayycy
Node 25: fcw2vv8
Node 26: 7542gob bmo550l hxyj7nr
Node 27: 0mrei19
Node 28: 9h5pu1w czc4uk4
Node 29: dztejzf
Node 30: qfsxfe8
Node 31: dofcnqf ln51ljw
Node 32: vbi18vf
Node 33: jubrlpk
Node 34: 23tu2cj 6t8ixkk dzwdzxf
Node 35: e0nj7fq
Node 36: npzkwm0
Node 37: 4jji94p
Node 38: gutm7s8
Node 39: j10rsv6
Node 40: 66pycvg aj14e75 j0sw5nt kt7afyp p6d0n2i
Node 41: pw3jcw2
Node 42: s9o8c3z
Node 43: 7ysmmj8
Node 44: mn7k5i7
Node 45: dmjxz6d
Node 46: f9czlpq
Node 47: lmtylr0
Node 48: f2o2nxc m7yod0m
Node 49: sarcrj5
Node 50: ud49y57
Node 51: nps7i06
Node 52: uuudera
Node 53: ti3wuoh
Node 54: 12v70rd uzfcyf8
Node 55: vwbxgp5
Node 56: jbgu1u9
Node 57: xgkfeyu
Node 58: tfgjj65
Node 59: z3q1c4u
Node 60: 3njda5l
Node 61: um2387t
Node 62: vxiw4d2
Node 63: ppxjjoq
Node 64: sdm02l1
Node 65: 37jlij1
Node 66: v5wr1kx
Node 67: siq33ut
Node 68: sn50rbh

Node 0: 6mlo5l6 7zve9gl jdleprs
Node 1: 0feufew 49fuyc1 gdibshi iu0404v l3mpdsk pmkfv53 rkem3wc rv3zg44
Node 2: 4t7nhoy 68kfnso
Node 3: 3gkkc0n a6w17rh bvy1wqu c0sn4kh i4fqwdn
Node 4: i8ny2cd
Node 5: xbzi4f5
Node 6: jw5sn4j
Node 7: 4irvznd 9x3ct7j c6b0slc zzwae10
Node 8: cgtdz3b djkxcah o9b1wmr valbtaw
Node 9: 24hvs8i
Node 10: st5ay28
Node 11: b2qlz3r
Node 12: p22lzrp
Node 13: lpte5p5
Node 14: npvuogu vdz2a9w xgeem19 yp4iduo
Node 15: 4fxbfkd uj7pk93
Node 16: jll02zv
Node 17: ujk16ml
Node 18: 69rfofq
Node 19: ksh2occ
Node 20: ssfe6xi
Node 21: wm109dp
Node 22: c7f081w
Node 23: uux029s
Node 24: strti2s

Node 0: 0h1t0r9 0ueygdu 2i2jmst 2klousl dspvk7o ndejpvf
Node 1: 105k0ln 6ycpc5w c3yhj76 gpgk49m hyatos5 m7jo1jj o01xmnz s3t0irl sbj828q
Node 2: elhd858 wuuiqnp
Node 3: sf3m3cj
Node 4: 5tl20gj zeaycdl
Node 5: 90ie4ed dap0752
Node 6: 6529yqi jc5awwn ypwo47m
Node 7: dv1v42x fns97m1 g98mxwr
Node 8: hdws53s xfm86m2
Node 9: ctohjeb
Node 10: lof27pk
Node 11: o0sudq1
Node 12: qf1p0vn
Node 13: 9cujuu8
Node 14: 5398t70
Node 15: 6ypz8wz

Node 0: 0ctlaot 0scjayg 61rq87x 6j6smpk cxuu9nz ft7ctkr ll6o99n
Node 1: 0mavvnh 5p9pjnq 6es0q23 7csxu05 dzcta1u ldfv8sy t7umivk
Node 2: 1lu2k4z dpk9d3o
Node 3: ew9n6v6
Node 4: 5wym1dj jvsrcrp kqrx3oo lojynyq njulg24 tk7fdu9
Node 5: hj6sacw
Node 6: 76xq766 io8hofw
Node 7: bclhcr2 sjaj3zj
Node 8: cvypo5k
Node 9: msm39s2 nndo10r
Node 10: 4a8t89y nttz5p1 pdxkn0j x9us8w8
Node 11: fzx6ao6
Node 12: 7xyeyb2
Node 13: ie45fo8
Node 14: 6jp155x ssqfrxf
Node 15: bj2t4x5
Node 16: j2hggjo uimy2jb
Node 17: fy89i6g
Node 18: o2hmbpk
Node 19: m5mibbo
Node 20: xhnbyau
Node 21: z9p68co

Node 0: 9qcgins a45kwaj amuocue ej842a8 ncu0djm rm965oa
Node 1: o433guh
Node 2: cntnz3m gfxkovr juaj6v2 qatx13x tit5t87
Node 3: qow2wtk
Node 4: xt4o0yf
Node 5: fasok7g
Node 6: 2it7t43 n2jrhj6 y978ngd
Node 7: wzq61rw
Node 8: ds0kerm
Node 9: pbejoad
Node 10: njhv1sm
Node 11: 38bekvn m4wps8p
Node 12: ksqh6b1
Node 13: 6cqpita
Node 14: uqxaryb
Node 15: evjyln8
Node 16: 7938rih
Node 17: 3xnhx3c eki4b5y gqaztit
Node 18: dgdkks0 nit0n63
Node 19: yi6xns7
Node 20: 48uke88 ljv4szz rck8ump
Node 21: hggufxg
Node 22: ve9yjmi
Node 23: cnutilg
Node 24: vegs8rj
Node 25: i9q1m4e
Node 26: odnujxs

Node 0: enrjmwc j2fuemn oyyk8i7 s75xvi3 zato3t6
Node 1: 2yim3kj ibhqsah ph9ita4
Node 2: 7o11fsf jtnkc3i mw3p6uz wwby6wj
Node 3: 9vqreju b5qs1ng
Node 4: i4w65bc
Node 5: t12su32
Node 6: 8tv82po chtdey6 fld3u12 t7r4njj tu9ewis y30xtku
Node 7: cu4gxzg llf8ac3 ra80n4f
Node 8: phmiptm
Node 9: jzysl33
Node 10: 2oa4yxy 321t8k7
Node 11: goaqoj5 jp674d9 lbv2on7 pvgtr3q um5tyas
Node 12: 27ah83a 5cf325n
Node 13: j8kopot
Node 14: divas2p
Node 15: 5i75hfw ej4hrud n1grf6u
Node 16: naw7wma
Node 17: 6uyzue9
Node 18: 8l7nhws cy34ddh oxgljiv tfkl659 x4rswrp
Node 19: 0qazd95 5d2586l 5yuncfj a80vhkk
Node 20: 0ukqb6t
Node 21: 3mec3wp
Node 22: u2g9px0
Node 23: 3ww4p3x 4544brh 8yxxjq3 ab3fo0f dueqzxj is0uswo p0srjkh sy3n5mo
Node 24: fljealj
Node 25: hdo5v4h r07nalj
Node 26: uyk3uyi xwmavhi
Node 27: vx72y4r x4wbt4n
Node 28: w4es3gm
Node 29: 2zlez37 v9qu13p
Node 30: 6hmk8hy gnb67u9
Node 31: wwqz8ob
Node 32: bxmo7he
Node 33: gvsfm1c ytah62t
Node 34: q2eroah u2hbmsr
Node 35: h3i2dm7
Node 36: xt9xpb7
Node 37: v64s0kb
Node 38: cx1vlsz k3u2axf
Node 39: b3k6sln
Node 40: 36vwvjv
Node 41: 0su44ng
Node 42: 2a39dxe
Node 43: ruzn7tj
Node 44: 17jdlu9 1v9d96d
Node 45: 6xw213q
Node 46: lu4v9qy
Node 47: fp7c8lq
Node 48: nrdzbv3
Node 49: rb85pjm
Node 50: 7daahsz

Node 0: bf8i8aa f1gxn8q gir1lqk m0km7wq ndfgsc0
Node 1: 2sdouwg 6ipsd0a
Node 2: 0uavwsg 2rt7oni 4x6njw5 dztcc1p nk7c0nf
Node 3: 512ngsd
Node 4: 3mtldli 99looja c9wo5n4 gxb0l3f
Node 5: nxg1acj
Node 6: 9w8pw9e
Node 7: 5flomro 7p0f24g
Node 8: 77ihdaw
Node 9: i312x8e
Node 10: 838ge60

Node 0: 19bo8in 1fp44vm 3qa75a3 6cvjgel 6kvjoup a0u3k5e a3xocs9 b3uv5az g1qsn3z ic4axsv jgd9kp9 l7x2tyb ntkx3cb o7wzlh8 tn542od u1fzkyj x7i73sz
Node 1: gkjp4we idahn1p
Node 2: 0b56ak6 h1xd619
Node 3: j9p4hrq
Node 4: 4m5srk4 eecqp4z s0t25m9
Node 5: k51asz3
Node 6: vk4m910 wjcmksr
Node 7: 77lv2sd ltupsr4
Node 8: 73fpd56
Node 9: 2ki7t26 87wc10c cagjn8r g0gce59 is2qnp7 uc2frpb
Node 10: 0slhsni 5nfvsin nzproqz qxsrg8m u3nkm98 zaeiyid
Node 11: jzadi0w yqwi7n7
Node 12: yo9qcf0
Node 13: j5e2q4l
Node 14: opewgjx u2lozxc
Node 15: hshti7n nu119km
Node 16: yhm6b3k
Node 17: 03wrdvj z7jxukp
Node 18: 5e64777 lv8pf7s ntwljup
Node 19: q9682bm
Node 20: yg6laqa
Node 21: 23df22l l909jwo v5qguq0 wy9522q
Node 22: pxh4ckj
Node 23: a7rad8q
Node 24: xgskxbj
Node 25: zqfb4d4
Node 26: 98rhcf8
Node 27: yfh7r5k
Node 28: 7mf79lk
Node 29: lzhljq8
Node 30: m52x82o vp5huwq
Node 31: dxoh7ye
Node 32: 9zpr1dz
Node 33: 5vngjev
Node 34: 5f6fgam
Node 35: oxs6xp7
Node 36: sgggt80
Node 37: rm1vb1k
Node 38: zy2b7aa
Node 39: pheai5w
Node 40: edkniel
Node 41: 5sji16c
Node 42: gtixy1f
Node 43: 3medu9v

Node 0: 6yvmhmh
Node 1: d6fv0yr rn4c4fh
Node 2: 67uxj94 oii2o3n ymxgzim
Node 3: 9rejmao dj9lyz4 hdi8mb2 imxywr0 izhuw0j ogz9vlp
Node 4: 25n2mvc q0ydt3s
Node 5: 0pq113c 2yinsk3 8vvabx4 ek55bta gcixn58 ptkxedy sw8fxa2 uqm54ww
Node 6: d87avlf
Node 7: 2mnzxjl fmhom3v rdt8v9w
Node 8: o4lglrv olq5o8y
Node 9: 3do9but 6a5tmbg
Node 10: 7t83pk4
Node 11: lxz2xb0
Node 12: 3rld2yl rrnplgo
Node 13: 9frw3el kqwwcmz ni0h3nn oxyevxp
Node 14: vwmrlwn
Node 15: imzsrkh kf87cwr sww0hw2
Node 16: 77h9to8 8qw5tc1
Node 17: k7ax43y
Node 18: 0wf3vb7 c03ddwh
Node 19: x2v8smi
Node 20: p5h7fpr
Node 21: oom1xy8 tw0ep9t
Node 22: wm62xay
Node 23: ap2j1vy wyibh2t
Node 24: m86is3i
Node 25: oarc3y1
Node 26: fiv3iav
Node 27: 2moads2
Node 28: s7s25ek
Node 29: de87oyr
Node 30: 8ilqo8p
Node 31: ndlx18c
Node 32: 9s4tmwa
Node 33: 0jegvvg r1x89yg
Node 34: 4rlpme8
Node 35: uz25tn2
Node 36: 83ci8k3
Node 37: tt44aw6
Node 38: wgkg3f8
Node 39: l6j6s7g
Node 40: b2y6zlo
Node 41: hp47sx5 xjxrloa
Node 42: lprt8ec
Node 43: 06j2a74
Node 44: ayejgo2
Node 45: pz6j54l qvb1hhk
Node 46: fqnrqwj vz6kmus
Node 47: c0deonp
Node 48: iml8ayf
Node 49: gkxnvmo
Node 50: j337euo
Node 51: mb9syyg rm4nbf3
Node 52: qpsamh7
Node 53: fzgji3j
Node 54: ddtv91p
Node 55: t0tg6w9
Node 56: 5u09n4l
Node 57: jcf4v6b
Node 58: 3u0uts3
Node 59: hw7lo4g

Node 0: 1q75q02 5hzy0dq 6do73z5 c14ubgd e31nxw0 ecxpq1q gpcvp5y ii5newg j0oiwuy k3zrr9p ks35fhr ksqt14x lpnjnjc pv8f0u9 qgb1p6q tfsfaua v1vjeng wqgxda8 yy1ftkf
Node 1: l2hz1t9
Node 2: cmrcx17
Node 3: s6v9t9o xbs81oa
Node 4: hgegead
Node 5: h28kxs6
Node 6: 6fb9iaa 9sngq4u a78v03y op4aofq
Node 7: c3p4rrn dvxyjej
Node 8: eb8kf0e t5ib866
Node 9: u0f9dpz
Node 10: bwwl7j9 cghfqfi ibr7oyc muqvlf6
Node 11: a9zd7t7 peuiikz
Node 12: 6vkxxit
Node 13: 84y4964
Node 14: powvq5t
Node 15: rwupnqa
Node 16: 716u3ev
Node 17: g0eh2eu
Node 18: utxhvuz
Node 19: 1y11mm6

Node 0: f2cw8g5 swehswp
Node 1: 1totnuo 6amw8nx hyiej5u m0740xr mke9uac udoeper zaf1vgw
Node 2: 1pfajur 2ly8wsa z3rbtjy
Node 3: 2pebnyk 39mcvwd 7jewbzw mbq8hkf v41bcic wimcmxe x82kura
Node 4: dj9urda
Node 5: sc4rhqk skrf09l
Node 6: 30n64zj
Node 7: n43com0
Node 8: w3g043c
Node 9: 1lw6ya8 slm55lq
Node 10: 0mf36nb 2nerpfc 8j2zta4 eeyhkph tftbtwf
Node 11: trapr71
Node 12: e40vhaq frln3ft
Node 13: 46z9is5
Node 14: 6y6susn so3fp8j
Node 15: hg5lzyt
Node 16: g4b6v7w vfq9wrj
Node 17: ey3y5dc
Node 18: vvxshnw
Node 19: jiniuwa
Node 20: qy9kdfm
Node 21: 24q81gq
Node 22: v76tq06
Node 23: elpddlz
Node 24: bn4xvf0
Node 25: uh77oxv
Node 26: rnrlhvx
Node 27: rt86680
Node 28: 0jokiws 2x6pd79 ii97sl7

Node 0: 1cys7zg 62jpyhm yx28pfl
Node 1: d52nfk8 qctqk01
Node 2: 0hdgjva 603vo4q acfucj7 ip465l3 wfqxa0o
Node 3: 4e5m3bf 8orzkzc zp8vauk zwotnvh
Node 4: 4r810hg 515jpi7 fksqqn2 rpbcla9 yq9ucnv
Node 5: ysb8udb
Node 6: 2hjos2r
Node 7: exsvz1p
Node 8: 09305z7 3bryyii aa7sjdi bmo3qrs fb2q55s j59l2rd utlg15k vwlsepx
Node 9: edzcpnc
Node 10: tq38vtu
Node 11: q056hl4
Node 12: pnygjqr
Node 13: 0dq4x3a 48kaip5 g5f9hrz jq3uz2w jss8zfp n0nb3mi r3df6fm x67ev54
Node 14: cpgk2ph v9pcswr
Node 15: 2cd9bxc 6360xf0 alt4q49 kitcfh1 lqy4dlz
Node 16: 2fwhczf 9vb9zky w78et51 yhr3i3c z7gkzed
Node 17: 6qv4ecf
Node 18: mgierri
Node 19: 8sxh2cz fv52m6i ozpb58o
Node 20: u3piamm
Node 21: 9opp7l7 fb2lvkt
Node 22: eow7mhv isflfqy
Node 23: im88rti
Node 24: xfpar4n
Node 25: fv3wrw6
Node 26: epx4jtb sr8xw3d w3ibfuv
Node 27: fqgflf8
Node 28: f7xmh7g
Node 29: nhx2jn4 wvg6z84
Node 30: cudicj9
Node 31: qoi8vga
Node 32: bf8m5yi
Node 33: 2atqv9e f943vl3
Node 34: dr1zvbk
Node 35: c605062 rpxc3ki
Node 36: poe60v7
Node 37: ynb2n2t
Node 38: qlgzu5v
Node 39: trov70z
Node 40: 6uy7omb
Node 41: n0ug4bt
Node 42: bukpjx7
Node 43: f461g1n
Node 44: mps8qb9
Node 45: ej6z03h
Node 46: wtglc7i
Node 47: 4rca8rn
Node 48: wicvhom

Node 0: 28vunt4 3856348 94m0vmp cwgt8ou dleurbm e71mbqn e8sy367 i2c657v orrey4t pwsguex xscnpog
Node 1: 8oik15c f21exwh hluvtt1 rswqs47 ymiy3r9
Node 2: 24p5hbb c72litx djnv9qu hd7fmz2
Node 3: c1qq6jo
Node 4: wptj1u2
Node 5: qdeq12b
Node 6: lwzl97p
Node 7: zypqjuw
Node 8: 5pypztw gvsb3y1 jedavnv v8zd3j2
Node 9: 1fm5mki 1zpzfzz 6lgylm3 cx6tvq4 fqcv22y hrblrct p76kvka psaedt2 uxxxpeg
Node 10: j217ux6
Node 11: s0cges8
Node 12: 7qmeoiz
Node 13: n7zld51 qjifsui
Node 14: 4gj2tn6
Node 15: d2jmzt8
Node 16: miks081 mv7vsaa
Node 17: h6i6ak6
Node 18: 0g8r5r6 bvk6qq5 cwoy3do m689606 p331oc7
Node 19: 27kv016
Node 20: 3brf2p1 pwtlu3t
Node 21: l9dca1i
Node 22: vhrsz54
Node 23: v7wiifr
Node 24: vx9hcfn
Node 25: zeegs0d
Node 26: vbbbx43
Node 27: y5vgefu
Node 28: 2lwzg8k
Node 29: ph7kvvv
Node 30: 8sp1ldu
Node 31: n0s7ouc x8zrgbt
Node 32: q7rmcpv
Node 33: fq0w5e5
Node 34: gtx8kl8
Node 35: mru4s6h

Node 0: 3t5pjjn f7g5ox5 ss34mah
Node 1: 0dn7w4b 8t3twed hls6anu sgu0tp6 ucj2ee8 xenglc7
Node 2: sv8qbq2
Node 3: 1sjqcya 1xou1tv g0cptf7 g830t7k mimwq40 puos7y8 r31ivwu y0ox3dp
Node 4: pe20u3k
Node 5: enqb9sm
Node 6: 3ogpvzw 6ezqgoe dxd6fxr krb479v my5kc7k qvvh9t0 w2jdssy wg2f93v
Node 7: 2312elh ujoohpz
Node 8: ub2gpsx
Node 9: vtf9ssr
Node 10: 4s8y9or
Node 11: amdcofm
Node 12: 8q0h2rx jrx390f
Node 13: 8h0shbl
Node 14: u985jik
Node 15: 2v302ww 9pkqbx5 ne6hwa3 yhciv9h
Node 16: tucmgz5
Node 17: 4en4s8o kla9tfm
Node 18: eesag4j m4nytue
Node 19: 9vjt2do d111kd2 m25lq31
Node 20: pk3au5b
Node 21: 3ian9db dmy5f4h o18iyzv t7v1a8h
Node 22: c1dcdsd
Node 23: ldkkqsi
Node 24: 9kxie3s
Node 25: ehvb2j9
Node 26: quxrn7i u4l8b84
Node 27: m2nudc9
Node 28: 8rk3zvu
Node 29: db2wni2 excgs21
Node 30: 5rq0o77 lxwdvvy xwdy3ra
Node 31: ff3st7u iujcu9z q7wohbj wh64vo1
Node 32: 60y83th
Node 33: c9bom6n
Node 34: 6ygbld3 bpx15gx
Node 35: swetmzw
Node 36: od1af4p yk950h9
Node 37: aejr0sf
Node 38: b3o5hop glalngy ngjxevy trar8kf
Node 39: fey6l1o
Node 40: v8fg8st
Node 41: om0onbx
Node 42: 9jdderj
Node 43: 9mpj7nb
Node 44: qeb1c9f
Node 45: qf1hn9z
Node 46: r3sf03p
Node 47: rf7p7yf
Node 48: snp5lz4
Node 49: d0cb0d5

Node 0: 0ick4uu 2ewdry5 3iyg0sc 7z2frrw 883h56w 9ovk9up brnxnua e36sy6a gcy8cmz kb5w8c0 kqug78p lioatkq lxjkxks muqmm0u nfz20pz r9ex78j tvzo7yu u7lye0r uqgv6h6 wpugpvo
Node 1: 53p59ee
Node 2: 24e3nah
Node 3: ql5hnnq twmfodr
Node 4: 1kbk0xo
Node 5: 6l3s1gf
Node 6: 5znf9p7 6mw48rw mibnnf4 u2y2hsn
Node 7: b1jndi3
Node 8: 6natgo3
Node 9: mxcm283 ooy47kc x8gvlei
Node 10: gc2349l gpq3vap
Node 11: gvshv04
Node 12: eynm9xj njzaoyx
Node 13: ndjel35 rmdppn4 z90hfo6
Node 14: 2kcyn3w 3wmufx8 aaxfcvm
Node 15: telhdn7
Node 16: 995mclt ir62xrb
Node 17: 1nkdakt iek84ir
Node 18: 6k9kdpg
Node 19: eagt7eb nxxi91w
Node 20: 9z64so0 n1vxh6f
Node 21: 00xoh6p rs7zsde
Node 22: 1kr2wh1
Node 23: 5pzenbd
Node 24: x7reshn
Node 25: 28lrl0x
Node 26: s283s2v
Node 27: 4q6hy7s
Node 28: 7bqfigd
Node 29: 65j0y6g

Node 0: ge53x55
Node 1: e909s66 ypkoq6f
Node 2: d69zw0e
Node 3: evl1sgx w3t4swg
Node 4: 3elykjj ruwiiep wa9dsjt
Node 5: 4vr8ysx k6e0nxl m2c1go9 n3fkbet qfnl3so s991yq1 ttjhfsz xgcd9ta
Node 6: 3m36fzx 9dzz36p
Node 7: o5mcfzl
Node 8: j06me29 kmw6u1j
Node 9: 642n7rk
Node 10: afk00k6 zu56wps
Node 11: 1m3lput 5vv3xsy
Node 12: bscn0zq gcl10dz uuel2sy
Node 13: 4exhu5b anycqhh dh5walg
Node 14: 2uy2q90 b627bkc
Node 15: xqb9aoc
Node 16: e8j8msn tzd8hiq
Node 17: 04vpmnk 2k6vde5
Node 18: manaaaa p8lszqd
Node 19: 30wnkpe 8sscm66 fss5csp hn3e070
Node 20: dnlm9yr dqtsz6l i46wxqv j1qu39p
Node 21: xw9949b
Node 22: tv5g0ts
Node 23: lhmn8e6 lz0iw7w vntkfq0 zrpqal7
Node 24: klyy2ch
Node 25: 0pbod0r m57betv
Node 26: frgelec qxcippw
Node 27: 66683hx infaytv
Node 28: pu6gx2b
Node 29: 3402lmh t9bhoxi
Node 30: fqcn4dl tsjh03l
Node 31: mil7v3q ojettt5
Node 32: 2j18un2
Node 33: m0x7g9y mgs9li9
Node 34: rm5r3x6
Node 35:
Node 36: 2kxnmyw
Node 37: 41zrcjr
Node 38: 8pw2xtc
Node 39: kkrmcn9 quea4my
Node 40: 1oxry8n
Node 41: 4wksu7v
Node 42: 0xi1ath
Node 43: yby84pe
Node 44: ax5lkkl e1p5zo4
Node 45: swynbz1
Node 46: 5evd23l qrfhyj1
Node 47: r81wmzk
Node 48: ru0412k
Node 49: h1zt8dz
Node 50: s5vok37
Node 51: i9fbn6b

Node 0: 7ygfjln rq1aakq
Node 1: 38kan3j nd42zzi
Node 2: 290gt6j fs6lgya
Node 3: 5o5kg97 gojtckn gz50e3s ovaw3q1 zz92zwx

Node 0: bilw3j2 f0gwbnn
Node 1: 15ftiy2 2o3p5w3 7y36rwk dmsz5sr fjn0dzl rsxjs7b sx06jb1 u6a9ise vitrks9
Node 2: 14pkck6 r9ttevg sx826tu
Node 3: 4xxn6l7 6hc4kdf 9a3tncp cwmpil6 cyduhn4 eypy111 f15hgnz
Node 4: xcd3wmq
Node 5: abb10yp dh4vvur
Node 6: dsc47ih vlvcf01 vzxcwzw
Node 7: e2h3h8c
Node 8: h0d85vf jt7hkxo oeyv9x5
Node 9: nwy5f7s
Node 10: 3oywvhq
Node 11: xmew5c4
Node 12: ncl2xb6
Node 13: affjnv5
Node 14: qwzfu3w
Node 15: yt3oqfg
Node 16: s3aenlw
Node 17: gwe13d8
Node 18: 61epz33

Node 0: apnl7nx dhrcj2e
Node 1: 47x6s9p 4etyavx 84s6vgf e44muqw e6qvyzx iw0hyrl liohfug mj4wssc qpxb2yg qvrzosr teqqt54
Node 2: a2l2eaf
Node 3: 1nfgo1q 5fxz0br 5nz6jm0 as807pe ch5xx0g cwrdasa nls5vdc qeu2oi5 sgq0dll xbyq5t0 xrkdl3i
Node 4: 1pafi9c 6bb6aki 9nnwi59 ssaplrb
Node 5: 6xta457 avqxply b32jiu1 f7lt4el mhn4tzc
Node 6: cdjjydr g32gkan gns9aag ozpzf7x rkm05ld z1eson2
Node 7: pavfinr
Node 8: g74qvfz mxb2ln9 zn40vrw
Node 9: fiztzfn irutgeg
Node 10: toyv6dh
Node 11: ahqpxsd k8wy4lo
Node 12: p26xkjs t4a5yf6 xm959yo
Node 13: jmvzy9x vgc8eie
Node 14: 5bg19yf j71y2h6
Node 15: f281dqc
Node 16: 8cpzwep
Node 17: dfe2xdx
Node 18: aspcpds
Node 19: fvl2ndy vmolthx
Node 20: y7t1xl6
Node 21: pxuuyym
Node 22: clo4w9g
Node 23: fl73qkm rbenjs4
Node 24: qmdfb9g
Node 25: 3e6d0ga 44yp6kt 9iu2gyx
Node 26: a38nuwu
Node 27: 1lsapdr
Node 28: ycg7c9k
Node 29:
Node 30: jwy7da7
Node 31:
Node 32: oq48i4u
Node 33: qnuhjlc
Node 34: h0byxoo
Node 35: mkcagen
Node 36: enc66h0
Node 37: n68ujsj
Node 38: kkob16l
Node 39: 7joue0b

Node 0: hh4tg5p
Node 1: 4ew4cxi 4ririli 7npjvb9 mk4mgx2 uf2yd66 z0nvo4g
Node 2: bj3edx4 ec3xppi
Node 3: xm98nu6 z53zq6g
Node 4: 038zlro 1w7idti 9nmaysm 9sppvfn e55mewu fge521a g7immxl h4wumxc hlqnsfu l5esm7r sn5g32v ssc3ouw vw6sn2n
Node 5: 06bhmw4 6pc6vio dbqaz2x lb5dge5 t4syyba tm4bdzj tqy3e3h vw6znqu wy7tg8s zrgxi54
Node 6: r3kp2xg
Node 7: 2lv7meb 6hr9st9 9rnq4xt o755e7f sgde94x yu8874j z1eeil5
Node 8: tbrzs0w u8biwb9
Node 9: pne78b9
Node 10: h03x22h
Node 11: jmia2si
Node 12: 19t2yrj 4drcsc8 fo3k8g4 t01karu
Node 13: ob71lav
Node 14: dy4sz82 hb6mjtd
Node 15: 9g8vzzp
Node 16: qh06ck9 yqfxzwq
Node 17: 5mef5tr
Node 18: mdyudjz
Node 19: nn7m6s2
Node 20: 4gx0mxm
Node 21: 8n3va4y
Node 22: meo8ion
Node 23: wmqfenh
Node 24: bdlx32g
Node 25: 96xas4k
Node 26: lutc9r9
Node 27: tbcrayd
Node 28: z1mqsx2
Node 29: gy53udh
