Node 0: 2oq4d4w aogg5xz j0t3148 nhodfvp skxegmz yjwcctd
Node 1: 8fk44ty ze1rp05
Node 2: dlqal0x kpg6d64 oqnp9q4 tct0s0o v9esi9i yxs1ks5
Node 3: tfhake2
Node 4: c808h1r
Node 5: l5akw70 r8yh6w3 x0qzuzs
Node 6: 8pc84vv s1yeip6
Node 7: bco40jj keqjgg8 wsn0qyt ygmlnt6
Node 8: l5a4jwx
Node 9: n5ztf6b
Node 10:
Node 11: ayuzs8s rdimjw2
Node 12: yo3ii0c
Node 13: 5j6gdg6
Node 14: mk3a9e0 uj4w664
Node 15: qpem31j
Node 16: 1dskxga 2uaqax3 64u0j83 wj10g4q
Node 17: ifqsctf
Node 18: 9ci2igg rl1vk9i
Node 19: w034ygy

Node 0: 2z48tmy
Node 1: 43u803e 5id96yg 6ho917u 7mk9j14 acoe2pv fd1piap gn35py9 gom0uuj kisx0gg kol9fcl lgatr7m rvlkw1z symti2n v0cdbsk zu676fu
Node 2: at4shi7 cmgrw7c
Node 3: 1j8m9tu k0reyeg
Node 4: 6h2mj18 6sn46t3 byqtfq0 e4hqeol e7zd0o8 j74peqz pb4e8ub
Node 5: narlo4m wb173sh
Node 6: 14nuy7i pe05yf2 pj0tftx sgufxb1 zn01x2v
Node 7: 0az95o8 9t93dp5 pq1h00y
Node 8: 6odv22x
Node 9: blg8zl3
Node 10: 8ncqfdd
Node 11: 6q1p9fg fvi5nxx rx8qliu tj0tluz
Node 12: uosx9zr
Node 13: 7fft59h
Node 14: ue8jrk8 xeudey4
Node 15: z8wqj2j
Node 16: y3prlzr
Node 17: 63ik61t
Node 18: 3b314w3 oo03oip
Node 19: 6c0q4ko dwde1vx ei115j5 lzdtmx3
Node 20: 4j4lk60 80xxsn2 jijvuie rng0941 ufau1iy
Node 21: zi2gs5y
Node 22: ebq6suv
Node 23: 7b8n5qd
Node 24: 5ubp907 9jyluob dk31dfm uysmcsa
Node 25: 9noa9cb mg2pwiu
Node 26: jjtgqhb
Node 27: 0fxrn12
Node 28: gotqost
Node 29: 9lod9pr
Node 30: 34kpyej
Node 31: qyar54d
Node 32: 83vgopg
Node 33: htndiwq
Node 34: dxr8by6
Node 35: 8vfevyg
Node 36: dg68mi3 gl3wpw7
Node 37: 140zul0
Node 38: l41rors
Node 39: bt527uh sw7g832
Node 40:
Node 41: aodm01w
Node 42: ge8r5sa
Node 43: gbt48ll

Node 0: 2lkfyoa 54sgv8b 5xdt3cg nnu9qbt o0gs255 yk8iaag zvcf9c5
Node 1: zt3yee1
Node 2: 0fuoqjs 6rcbmif ctrhm3o g8e7rlw moe7igz nlulhcy okvlwkx qiddmvw u1y373k vjkxecd xk224ut
Node 3: o5w6uhb x0pkodn
Node 4: y86666l
Node 5: atqwr3e
Node 6: 0i2z9uz cu85plv
Node 7: jkwa8pb
Node 8: t9sn48r
Node 9: xawuahe
Node 10: 403qz59
Node 11: mesoh0d
Node 12: 6rkc49i
Node 13: kvxh34a lz6atrz n83wy39 niwkggy wygs88i
Node 14: y910pyj
Node 15: opkvacg
Node 16: f50zrah xbr8uqh
Node 17: 2jvbdkq
Node 18: eno6s6w
Node 19: tmoag8r
Node 20: 5o6hyru xslpjuo
Node 21: 19aqk1r 1ay1kw4 xdlf65j
Node 22: 8m7q396
Node 23: 4th6mx8 5m4tfkf
Node 24: 16sjeir 41hiu7w esmjjwu
Node 25: ixwfnjy
Node 26: s898tbk
Node 27: brvebtl xuxp469
Node 28: 2ioqi6z
Node 29: zlmuxit
Node 30: momkq4m
Node 31: 14ahqzh
Node 32: 9jlraql
Node 33: 6pwnljb
Node 34: iowdz3q

Node 0: qjvmhte ydmi5qh
Node 1: 9xh1upi hat50st
Node 2: 1ahvju9 5egrd4c azkmnc3 or1yyi0 xt7r9ht
Node 3: kysdni2
Node 4: 19ffrnu 30llrxt 5p5awej 65k0xo5 bo9ouau jg4v1ky k9w5ip1 kuxijit
Node 5: 5n5cdgg
Node 6: 516ynrp wwdl297
Node 7: jsjx3eu
Node 8: 65uf11e qv58r7u rr5o0un w5tvrvh
Node 9: 51x34u9 xw9wcqb
Node 10: 7cu7lxy stcova2
Node 11: 3ii2ban c5hyvvg
Node 12: coau2pl e4cnano h34go5i k8hxcq5
Node 13: q1zz0f8 u4lxx0n
Node 14: v3l5m1j
Node 15: 20df3jv mlpu4zd qthzxw2
Node 16: 2l3bpk7 v2go6z7
Node 17: bwa1nhx
Node 18: en6ny2n
Node 19: 5eihwhl
Node 20: 83m2tz2
Node 21: hd0ixlv
Node 22: 0s62ceo
Node 23: zylpqxx

Node 0: 53bbgcm b7xmayd diqye38 i25h16c jdruth7 kk4zohd kx8768c pjrtxnv slcs1np u0obrxq ydmji0v ygvqawe
Node 1: 5ub528u czf3pls kf17kjq ohwyg23 sru3lso zuchok9
Node 2: lkfgafd uikvdeh
Node 3: jkq85hw
Node 4: fgbd795
Node 5: 5qbkbs2 h5r21df
Node 6: 80zeukk vvklzor
Node 7: rjrddv7
Node 8: 3oydo0e vo8okyi zsp6own
Node 9: xtiwdzh
Node 10: cnutmeh dh11gba
Node 11: 6vxutv5
Node 12: iw0cb52 szpxfx9
Node 13: 3q2h57w bipu3hk w03547i
Node 14: k4alr73
Node 15: 3yvfoim
Node 16: eijfqaa hxorhuy
Node 17: yo9kybs
Node 18: n14ntst
Node 19: ub2erhx
Node 20: 7pprs89

Node 0: 0ovxeo6 1nel3vy 4o3b8ux 4ob20l8 f4tu8ej pzwp8nh r5vmojr rweq5xh
Node 1: qknz1cb s54tlbq tcrcstu
Node 2: oy40p7j wpwne67
Node 3: 7aulvah
Node 4: hxkxh3h nhr3lrt rwvjtbo
Node 5: 52midtq oe16o71 w9t21xu
Node 6: c8rapms kzqa29k vl3bo0r
Node 7: 31s2do0 i3ybb4s s7hktuq
Node 8: 6m9d4ob
Node 9: h72qf8w
Node 10: ct5wjp2
Node 11: ah0mgyn
Node 12: e8bot8p
Node 13: rjq0nou
Node 14: ho3kphw
Node 15: 8w2wvxc
Node 16: iugp8hk
Node 17: nf9xghy r3mz044
Node 18: 0otzcyw

Node 0: ap8wh90
Node 1: r2534zu u95dw5i
Node 2: q8so10s
Node 3: k61y6ux
Node 4: 4fbk13j ourchcg
Node 5: 7oliy59 btz91qf
Node 6: 72l24n6
Node 7: 3n0yqj8 4p1fs2k cec3mkm xzceaab
Node 8: 2levj05 5odijll 6z8ydrk 9pdiaxf hu7yha8 oz49cul ugg9w6b wvafaxv
Node 9: p7r4ail
Node 10: jktvqiz
Node 11: 3pqbah5
Node 12: 5lxu8ti
Node 13: 5vw6kwk b9pz6sx
Node 14: vfnd0q1
Node 15: me358ye
Node 16: lsg3mjy
Node 17: ccsueza
Node 18: umw458y
Node 19: wxjuonx
Node 20:
Node 21: l78fvzf
Node 22: ymzukbd

Node 0: e0ovyqy uk25ctj x9gxwye
Node 1: d9f6mk2 j8l94p3 khzvdl8 p3p461a sjp0rhh u0uzss1 x79zs2o
Node 2: 48hsq4y 5bn5r7n cnz8ksq
Node 3: b2jyj22 c1nwlb5 gykirx1 ig1dsgt jqvv7e6 ms9wlkk t6g5qqq
Node 4: uceyvo0
Node 5: 2dy32u5 w9yjtd0
Node 6: 4tohbp4
Node 7: stenoce ufrpnua wei4at5
Node 8: 9sswsfp ao0xeee
Node 9: q3gzxhp
Node 10: 1y51oe1 3wmkg1a 59c9wi5 vahhk5d
Node 11: w7bpnjb
Node 12: 0rckxtc
Node 13: 38qakpr d1hxka2 k822way o82act6 rew4dth
Node 14: azgnnih bsh6afh
Node 15: 7ttcboy 8ofis0r m3x4a58 qyemdjf ul3i9pj
Node 16: 7bvaa4x
Node 17: hx3cepd
Node 18: gh8bnxu
Node 19: fh8ttih
Node 20: 3fw68t0
Node 21: jori42k
Node 22: w0r46ht
Node 23: j9ib5c7 vr0pizf
Node 24: f22js6p hvplv6b
Node 25: 2bv3r2h ctufd2e
Node 26: r3sj384
Node 27: hgjrse4
Node 28: 34yo49b 8okfn47
Node 29: zvoxwzq
Node 30: 6hfilt2
Node 31: zhi4es2
Node 32: 4vslu8o
Node 33: 5uzhg8v
Node 34: agli2vw
Node 35: mpltbq2
Node 36: 3lmsb1s
Node 37: xop5273
Node 38: 4yfrn44
Node 39: evdwhzq
Node 40: kfm4179 meflcm1 z422cq0
Node 41: 4pkn7k3
Node 42: pyy07zs
Node 43: vibkt87
Node 44: 2vwmpvh
Node 45: cseq0l4
Node 46: qha7zah
Node 47: 1mwzep0
Node 48: lgcvpyd
Node 49: mdunmk1
Node 50: bxvdjeb
Node 51: 11eowdd
Node 52: uu74ni5
Node 53: 8naqd6n
Node 54: pyd9nsl

Node 0: 21jd9oi 3jutp5p b3pp24x
Node 1: jy7q2aa
Node 2: 1q23dcu urj46rq
Node 3: o5brw14 ovwrqgj t42qcde
Node 4: ch9yb47 o1oxuch tlp3p07
Node 5: 6afcywm
Node 6: mvu8s7t s6wp4zb
Node 7: ukehg1y
Node 8: 2tonjz6 5unk3e7 cb6763n dfgjuc0 emvdfvk fj1l82h pjth9yg qrtp94q v7l2nrs xm92hh3
Node 9: 4tm00a1
Node 10: 7uxtyxl gfixj4x pkrrzqw
Node 11: 1lhhi30
Node 12: 4bti1f7
Node 13: 2ybkehr
Node 14: lmnzwyt
Node 15: wzzkrwf
Node 16: 4au46r8
Node 17: 0p9x23k
Node 18: cue981o
Node 19: atentjj
Node 20: 06tg1kk
Node 21: xb6pg31
Node 22: i31rjwj
Node 23: kb92n7r
Node 24: xw57v68
Node 25: 5x9ti1a

Node 0: 66jymyh csyftvq
Node 1: njljdfx
Node 2: 88dzg2p ohhxvy5 subev66 vsa8xwq wo6jjzo wx55c82 yz9z0cv ztser5n
Node 3: d8s43ll gxwzdv2 l41mxqw zrvtyrr
Node 4: 1wiac2t uk36dkz
Node 5: ro4pmvu
Node 6: 485pd1l
Node 7: n5kvmuh uv4q42x
Node 8: anowv1j xjdx3tp
Node 9: pus6scp
Node 10: 1safw2j
Node 11: cgtryje
Node 12: 1wb0v8p jrn79o4
Node 13: cmjhk28
Node 14: 2oxfbvl et8x9er nmnxcb9 tamza8b
Node 15: ea1rrfn osd24qa wyu2r1p
Node 16: c5veqwi
Node 17: 8war6wv ad3rqk0 i5bah0c mdlzz3k
Node 18: gsphm8k
Node 19: bqbllja gfvqku4 mon8yfw
Node 20: tqlt6uz
Node 21: ea707z6 ftrb88g kc5hl7w pv1012n q9w2vru t3o8mg1 wu0bdre
Node 22: 8yps34h mz3rx72
Node 23: 033y5gk y2udbf9 z6dtq72
Node 24: pn8y3o3 qjbep86 qpti2vo wcacr7z
Node 25: cmafyly ld7x68p ww3f4us
Node 26: c5alyvw ykrjnna
Node 27: fcqk885 gfxaw1g l65rdxm qkscz8b
Node 28: ml8v4rj
Node 29: hxysxco
Node 30: 7y5o0rl
Node 31: 901eug9 s23izk1
Node 32: 5l5np0p
Node 33: lysx8oe
Node 34: 2rres75
Node 35: slx1qk1 wkvjvp3
Node 36: 2j58744
Node 37: 57tb6mo
Node 38: eqzhob5
Node 39: p7lf7nv
Node 40: 986povb
Node 41: xjgyu91
Node 42: 4do873w
Node 43: 27s9gea
Node 44: ml43gpt
Node 45: bsv1k8w
Node 46: j0utmcv to9n9ac
Node 47: hp86are
Node 48: 6u2q6bd
Node 49: jacx0rb zhl4aiy
Node 50: 4tfm5d4
Node 51: gky4ybe
Node 52: k4p7zq1

Node 0: vsfb9hr
Node 1: llg5gel
Node 2: 05k5zhw 4l3hody eb8ezjh qsprfip
Node 3: hvol2yj
Node 4: gj9mlpt orp9nbm
Node 5: eii5cvq k91kd0c
Node 6: 66zddi7 sdv695p zn4bivq
Node 7: bjc7kip doo4vvw hm3mue4
Node 8: 41502yw bj03g3l gwbfsgl h2nvpsf jy3uy1v wb4ixz1 y7n287h zcpvwg9 zmgnvs4
Node 9: 64dkbbq ect6ayh qgvweah uyhm54j vmhancx xip983b
Node 10: 3dsn9ic 7qy1kt0 witl8em
Node 11: 1sh9hkl
Node 12: brw62zh d9q0phs hho05tr n3wmapf trz9itd
Node 13: zdhe2u8
Node 14: 1xcps6g
Node 15: 7z88yx4
Node 16: tpeg9on
Node 17: af4msaz
Node 18: hzpm33h zidgadt
Node 19: pp9h2m3
Node 20: mfcxppa
Node 21: kr1bp0z
Node 22: 8bezkdi fipzeq5
Node 23: lgtb15n tq2vefl
Node 24: 7v8yxe2 kylb0if mtq9wwp npx7i0t
Node 25: o4ihvd9
Node 26: y5rvgum
Node 27: p190rp8
Node 28: 9m29elf
Node 29: a9rq5dh

Node 0: 42njqva 78hcyax boheboi dgvq1j9 gbmpz24 h485yjl j15acwc l1y7l5z msf9ir9 pvhtt72 v0w87zm
Node 1: stj44oq
Node 2: 6kfizn8 nq5gadb wugpefb
Node 3: 2j5gpy0 o6w8ocg q2qlwua
Node 4: 3cfmaco 46o9gc1
Node 5: 1fnoj4x qcwvdr6
Node 6:
Node 7: a1c2cmg
Node 8: vynpq77
Node 9: 5atp6lu
Node 10: 9hz5034
Node 11: zg1h13e
Node 12: s2vlin6
Node 13: ux15eah

Node 0: 24ghyw0
Node 1: 2o0tugd 505b12c 80sqbod mo21r9n pud5n44 q0yyb57 q4m6h7u s7msapa u17ciav
Node 2: a9d7tft idqjomx pwic6xe
Node 3: 2wzkti6 3vmrr29 y2fh556
Node 4: 8bcms1f 8m7x5e2 ageiuou dueb3ru gxys8u8 kdh1fmk nbtt5me q427ute swtms32 z7prix3
Node 5: 42bor3u
Node 6: hjgzsrm
Node 7: 07qcnho 32y9tai
Node 8: 0my93cc 61jc5vx jh6cy6n k0fh54f u1ibv1z w74e6zb
Node 9: yo0thbh
Node 10: 3tj35ct yb324ir yrw1n7v
Node 11: a3h92tl
Node 12: odt07bn
Node 13: 5k2btcf
Node 14: xd8qch3
Node 15: 5m67gy3 i733gtc np9fr43 ox37xnn
Node 16: 16bz963
Node 17: d4qysdt frfcpdz ljfq8pu o7rzij6 rblqqow
Node 18: 4jpliec iby77w5
Node 19: 2j1vf2d
Node 20: rimnwg2
Node 21: vybya4f
Node 22: 9yhg8xb
Node 23: llz9he3
Node 24: 8ag3i0l
Node 25: qfgfczm
Node 26: i2relwg
Node 27: 8y2g0sf cgn36kk q3gc8x8
Node 28:
Node 29: aenm8bu ebhnwwp ordpoce
Node 30: vyrkfop
Node 31: 8evyul2
Node 32: d4xguaq nvoaqbb
Node 33: y4s6377
Node 34: zj50y5o
Node 35: h2ehsbv
Node 36: c849kvt
Node 37: 0gr1fhg
Node 38: afr443u
Node 39: 5o37luf xugi4pj
Node 40: rdevg1m
Node 41: v93yt8y
Node 42: l01wlaz
Node 43: oer3kad
Node 44: jtr6nd1
Node 45: gyp5als
Node 46: i98gn6p
Node 47: dvm0597
Node 48: lt1cn3a
Node 49: wths75q
Node 50: cgjqvvi
Node 51: yocuu75
Node 52: o10kqft

Node 0: 493yvtu
Node 1: 9bgos6u
Node 2: potninm
Node 3: ab3jjog fc8qkq2 t0qnjqq uhl3lgw we4m6iy
Node 4: 7wa798t
Node 5: 35e47h1 vsnu9x5
Node 6: 1dk5qoz
Node 7: 37p17y1 psgo0od
Node 8: 5vid90h phglodu
Node 9: 1rcr51p 2cj458s 2fgugcv 8rje75i 9e082p2 f3p84k3 freevl2 hjffnuw ito5ub0 n3gzjtx ohchb7z q7nwmw0 qfcaa7d r4zzt76 sbqanv4
Node 10: mlhruob
Node 11: ko9a545
Node 12: j2x1hr8 phoi2g7 z0ze543
Node 13: ph0i3c6
Node 14: 9rr85jn bziokyz
Node 15: kvudoc2
Node 16: s4kyze5 wtieruq
Node 17: df6nzb5 gc03wpj wx43h2t
Node 18: db1c688
Node 19: rdwennu
Node 20: hgoxwbu
Node 21: qehd4ua
Node 22: 7j2nj32 h8j4ckv oddfnlp rqb9col scm8xnu
Node 23: uj2cf1v
Node 24: cyod6ol
Node 25: yuh1kep
Node 26: erz5a4w kln6z4e q027mn5 rji7f98
Node 27: 45gh54m bk7dwrs
Node 28: w1mwmq0
Node 29: cwazpe8 uhrvhpo
Node 30: dzrtycq
Node 31: 502d0c1
Node 32: 5n0qhb0
Node 33: m6t522x
Node 34: 5mip7oo
Node 35: 1rro0mv 6juco8b 7jrn2oq
Node 36: cx9d0wo
Node 37: la1iq0m
Node 38: 0f3sdoy
Node 39: kid0up2
Node 40: b7u188n
Node 41: auk8cwp ob4n3vq
Node 42: r6q4nsr
Node 43: 98g9cgj ztf0zp3
Node 44: iun2ygv iy6gkxf
Node 45: kf7fia8
Node 46: buwe7yd
Node 47: ga3p008
Node 48: ttzsbpl
Node 49: gmeqita
Node 50: xpzfe78
Node 51: dy4p14k
Node 52: 4a0b0qh
Node 53: skldlli
Node 54: gsik5vn
Node 55: k81cs1k rncqkik

Node 0: 0a2ozb3 0k6yx0y 136bgfr 5i1tzun 6bdmqik 7r0hh5w cwg2bm1 fma1c3m jx9xif1 km5nc3l nbosk7f r8n795x sgk6mnm sjrpmxf u57yzqj yt4ga1z
Node 1: 620l090
Node 2: cclepmo
Node 3: 87zgduw
Node 4: 1qen5l8
Node 5: 067zv98 5ttp8wf fsgz0l3 ic12c27 kujg0s1 lkbk8k2 u3uny0e wg8s4x6
Node 6: 0fs9ngi vs8oqd7
Node 7: bxxx05o x0b846j
Node 8: 8xphng5 wa8zfxi
Node 9: 2b1kzgt
Node 10: fvc5iqo mv94t46 nmf06l8
Node 11: 7li600w
Node 12: b05pwwh
Node 13: 4bk55gj jylo9pp jznzwvm lxs5flc
Node 14: wfjyxhb
Node 15: 3wuwzro
Node 16: polnchf
Node 17: n2wxdki
Node 18: 9nrekgj
Node 19: 18krtb5
Node 20: l9li5re
Node 21: ot3afpi
Node 22: dds2xq3
Node 23: 7odxqa5
Node 24: 1fm615x 5uffqny
Node 25: 6qn49ia rcil7jo
Node 26: pboi1eo
Node 27: abrvi1z
Node 28: zizxihv
Node 29: omc5esh ovic6t5
Node 30: hxh8fpo
Node 31: 3bel45u
Node 32: 77jl1ju
Node 33: ggox5gg

Node 0: 8jw2sto a953sno nd933os p3pt0sc ux79bkk
Node 1:
Node 2:
Node 3: igwxm6v

Node 0: 0kp5tsa 5x8uybs qnnh2zs
Node 1: 3mkr4sb af2nx3p b0gw48v szphx8m
Node 2: 5io28va c5hyntv k5y259o q28xoqv rinconm zhovpxw
Node 3: i47rs9k qgf3ht8 zz0t5ah
Node 4: 3o2ux6n cvp7nit
Node 5: 2yhjyup
Node 6: d4pyzfk
Node 7: 3yzh5ld eavkgfz ibx3rmc o3v6ht9 q0mcdq4 rfpd2xj
Node 8: bqcqsk4 gasztmo
Node 9: kbvqrpz
Node 10: o73rgka
Node 11: 01xprkx 8zopin2 9lnh0p1 ouv920q
Node 12: zulxqah
Node 13: gd6tpaq x4di5l3
Node 14: iwe3cvi
Node 15: 03q2fk5 5exkk4y
Node 16: snngfzx
Node 17: 4emvvpi 4sq1o80 adtiael b6i60a0 dazlt0t ddi7rff gnbdx1j p9uw19w
Node 18: 6qb4uhy hc9x5in s7afk4j
Node 19: f8vu53l tqq2ie3
Node 20: y9qi116
Node 21: cehcyzk holbfqw
Node 22: 609s7ti
Node 23: enfl99o
Node 24: ly6sino wio2x3q
Node 25: q6g4f3j
Node 26: nzcmng1
Node 27: llvr3i3
Node 28: cju0ubw wtnmolp
Node 29: fmq0ghf k328o3w p1ii49v
Node 30: pzl9kqz
Node 31: psjyaqm
Node 32: gtof31q ydvix76
Node 33: cpqhzjv
Node 34: onu5shf
Node 35: ts38xhh
Node 36: 3cwq2np 4zb15ke
Node 37: cqdj17w wok7lnc
Node 38: s6x0tk5
Node 39: 79en1rf
Node 40: iq0ik0a k13tmjm
Node 41: lr8jz28
Node 42: ux4kis8
Node 43: 84zb3ff
Node 44: q6lzov3
Node 45: yaaioeh
Node 46: cbat1ru e463uoy
Node 47: 0xvkqkn 9lyzjcv clx6156 mnysfad
Node 48: c7s9h3o
Node 49: ecaigt1
Node 50: tqeq9q0
Node 51: q1awgds
Node 52: 1ljassk e5bx112 id15udk
Node 53: 4y1rdti
Node 54: pyn6q14
Node 55: 2fkx43t
Node 56: qxdian5
Node 57: rl2nh5x sz18jak
Node 58: jw4avrw
Node 59: olv8zyx
Node 60: h7mdv0c
Node 61: mwbv9zr
Node 62: 06a4bx2
Node 63: a9x1ttl
Node 64: 04tzncv
Node 65: b3j76dp
Node 66: 3qno95a
Node 67: r6ljyvn
Node 68: stbqo13
Node 69: 8ctlhwu
Node 70: ou4oc7h

Node 0: 4wb4n7e agchgku akizrlb hmljb4b jkpilcj r9x8489 u82gkmu
Node 1: 6lr5b32 lgti3mv o6fx3df wy8p8lo
Node 2: 3c14y66 ed4evnr
Node 3: cyclzde
Node 4: 6yne1hg
Node 5: srr6o9i
