Node 0: 17333vm 43ttc0t 5d98svv 6bndwb3 8z2ukzf 9bynere 9jp91by d9ty0h0 ew2pxnc f4m4w1u g2pfsnk hza0eva q9je9j6
Node 1: 8wt0b66 ar1ym83
Node 2: 0n0aj2n 25ntx1d cg1o9jj hlkr2r5 ojvze3h oroiuh4 ovansu2
Node 3: 23gwlwg c1maow0
Node 4: ejdp516 xxhpipv
Node 5: ubpvaep
Node 6: 32wb3pg 8li67f7 e77ycf4 h9aamw9 qwusopb uetdjd6
Node 7: u1i5sw2
Node 8: 5yxhsvk 6kueozk
Node 9: e9ti4qw fdbrkl0 l2we1nq lb4krlf uekaus8 v9bk37j w4qaidf
Node 10: 0i2c8yq dkx3zoh
Node 11: 6ynhx3d af9hkjt gcvs18i regn9c1 xssu8ou
Node 12: 8ge29x9
Node 13: yioqfdr
Node 14: 9y9t17x mbzrrc3
Node 15:
Node 16: 1qkf0z7 4nx8f7s
Node 17: lm77pik
Node 18: 4d8p2ce
Node 19: 6k1y0ft
Node 20: 209yqf8 3q064d2 4pw0r4z
Node 21: v0yxzpk wjhw7lk
Node 22:
Node 23: ez83zfb
Node 24: 6nkd0my
Node 25: hrh6fmj t6lg8hu
Node 26: s3svcxf
Node 27: 1aw4k0x djl3xnb py6i0c6
Node 28: 21vhhxn qm2t721
Node 29: kb5pquq
Node 30: dstjiam
Node 31: fh5qgya
Node 32: ft8op52
Node 33:
Node 34: 145s9cn 9pzmmb7
Node 35: fbqxoiw u5i0887
Node 36: yu1i28x
Node 37: obxt9h6
Node 38: f12ia5j
Node 39: ps1v2yj
Node 40: v87uxvc
Node 41: 8dv65yo
Node 42: vche4cu
Node 43: 9ejlkd4
Node 44: 29zys52

Node 0: gez43xl
Node 1: 5h0a71h 7i00a3w hmn9z1s jznli1l kwoxs2d ky2anbn mo9i6ky nfbfb0e s20sd6x t99frck uharlmq ybl7xz1
Node 2: umtgd33 x8vj9cb
Node 3: 6j4fsqg
Node 4: 4rqwpeo emgr43h k1gozlv
Node 5: 0l33xvr 88zco1p hq9v0v4 l5xcwg0
Node 6: blepdd4
Node 7: mj5ri3t
Node 8: yanlpyx
Node 9: a5l1jm2 c8utled
Node 10: vs4psvy
Node 11: 0lz98q8 lsh555e
Node 12: jmzhlkx
Node 13: ia44iyw j0poxxo tlh8l32
Node 14: 9bh78jd swdosk0
Node 15: 8c3yp0i
Node 16: pl9vavp
Node 17: hyy63k6
Node 18: 16ihg0j
Node 19: rygne1w
Node 20: ijssrow
Node 21: coqaiku
Node 22: 103dcpm k1qg5cl
Node 23: ybev7ec
Node 24: offix0z
Node 25: ihsbjbw
Node 26: uk06by0
Node 27: t2im4je
Node 28: jlwk1ic
Node 29: 7z97915
Node 30: m8mlxov
Node 31: unh27by
Node 32: q4lvtys

Node 0: 8ivgs96
Node 1: lk147ds
Node 2: 0v4fg6v bk5jg1d bz8ebcb htavc7o
Node 3: h13gfc2 kpvlmhn
Node 4: 1nvfknx fabmqf9 iiepw6g nwkd43m o5o7bdb
Node 5: 6feoj99 up6lc4w
Node 6: avs1el2
Node 7: 9xmsnte
Node 8: vvu6rtl
Node 9: dyqh7s6
Node 10: u9v6n5p

Node 0: 4gjwd7b rlgckkv
Node 1: 9i6lh9r kvxq547 lvxdsxe nwjod1m rz622sm
Node 2: x0nsd2x
Node 3: bb4u5tc timzb4p
Node 4: 2381mn0 dbyk3kw m1ydaqn tgua7si
Node 5: a9t1r0y
Node 6: 625z9aa 7k6dfq3
Node 7: 3y2p90z
Node 8: fzoi3pz
Node 9: i6hq8gi
Node 10: k7xp9a7
Node 11: caovuff
Node 12: pl1rbw8
Node 13: bbq0xkm
Node 14: 9pwca8u
Node 15: az7h1xi c5881st
Node 16: 9o6irsi fcodo2x
Node 17: j0kjrfi
Node 18: 5z08z47
Node 19: 8jhb53y
Node 20: fyda20f

Node 0: 3xnmlwi 8poufsp p3hs1gg zbbwz3j
Node 1: tw0oi70
Node 2: 46tw0sz 6u914rc c4wmzsq c9kffg7 hr5nw72 i0uz1l2 oju5abj pyqb186 rzpq6ba uu7uwv4 vu70y47 w0d7ed9 zornsbn
Node 3: 1q4ip0o xfv7brd
Node 4: 3lsjjak
Node 5: 7z4asif bmaxo8r e7mnvuh fo70sg6
Node 6: e0l2kce io8t6hy nqmejj3 st3fgeo tgbjyzn udfylyf wx49snj
Node 7: xe9hhe6
Node 8: qunf5mr
Node 9: r5cnve9
Node 10: 2t4ul40 fjlvu1p
Node 11: gymsrpr
Node 12: 9ce9cv1 o1otob5
Node 13: r2zuh6a
Node 14: 9qrpg5x
Node 15: 2pvexoo 3gej984 bm9w9sc fknu43t
Node 16: yqpjzfi
Node 17: w4bc7ys
Node 18: a8cuc5g
Node 19: y58j4ii
Node 20: 4d2yiii 7na65og
Node 21: v4eczwp
Node 22: nmf9s47
Node 23: hnl7mnv iz3f0dh n2swqts pi45blh
Node 24: 9tfdvfl
Node 25: 0n37epi
Node 26: 3lhhfjm
Node 27: 4vk9s6g
Node 28: 8wn6gz5
Node 29: 5qojf2t tinm078
Node 30: g6fb35y
Node 31: 9ae5wvt io2mjiq
Node 32: 12dkceo
Node 33: c8syfh5
Node 34: sig60on
Node 35: bn8gymm
Node 36: 62tbkvj
Node 37: og9me26
Node 38: 6e60qxg npr6wmf y4fijan
Node 39: 3wq83ty
Node 40: 41rp4jh 807fybw dvmkvwb ex7gg37 ifc8t1h
Node 41: j7i411c
Node 42: wff1xm3
Node 43: r97xy88
Node 44: nfj5zae
Node 45: aw0sm6f
Node 46: hzio3q3
Node 47: otcr0y8
Node 48: 4urot1j
Node 49: ewaw8k1 k118gis
Node 50: l7lq9o4 q0b344g
Node 51: q1xshra
Node 52: ehcwacg
Node 53: zhh74bp
Node 54: 2icumsu jze8c6q
Node 55: u4kdiv0
Node 56: qu6vx0h
Node 57: 69sxaxu
Node 58: 5bxr4r2
Node 59: 4xpfmpi
Node 60: 8a04n5h
Node 61: av3y1tk
Node 62:
Node 63: 4ie8szu
Node 64: vklc2yo
Node 65: rs74bvy
Node 66: 19hotwb
Node 67: 40dfp70
Node 68: bjzx1ek
Node 69: 5p0t7tt
Node 70: 2yxb23q
Node 71: rpq1atg
Node 72: dmlpf3d
Node 73: baelwra

Node 0: z3pbzt2
Node 1: 50905qe rw6aexs
Node 2: cddbuws lnk5nvr lwnc6wc tmp0uty
Node 3: bhtqary gv2a5jw k2utjq4 mw0zv7z wlgsbty ysg2v07 zw17nuv
Node 4: 2ftfhzi kkv4808
Node 5: 1w7tx9e
Node 6: 3lt3nq3 us7n91z
Node 7: lk32wgx
Node 8: 7t28occ
Node 9: mxl98xw
Node 10: 5mmpkp8
Node 11: 4a3yfry upx6cpg wfmme1r y1tz9vn
Node 12: 95yp25d
Node 13: 0rvpq7l
Node 14: ep4vu94 et6k92p v2xghlu
Node 15: 3g6sf5r
Node 16: kg9trup
Node 17: k98apga
Node 18: hk7t2gp i4sme1o ju4n883 ol2u27u
Node 19: 7qj3u9i t17k8sn
Node 20: 9ekrps7 jfv0j7e ndbdid9 r62flti tbi0nxm
Node 21: u0ffypn
Node 22: crce0db
Node 23: 8g1997b brwmojb cztd4de gzv9cpx
Node 24: 322sro7
Node 25: qzmcxil wdu6jvl
Node 26: mgwh6w5
Node 27: fzqe8b4
Node 28: 9rjk699
Node 29: yg30ipz

Node 0:
Node 1: 4ebwhpx 6z6jpmq h91bfo5 wtc39a6
Node 2: 44kkxze cusiqif f25sewh fqdjono igdurdv r0zj0jd s6i7xf5 skjndif u551fi4
Node 3: 9bynosv ipvn11x v46v8yg
Node 4: zv6hdhf
Node 5: eqy4q0q ijuji1l oscgiup
Node 6: j55uftg
Node 7: 3212kqu 3874nco
Node 8:
Node 9: elyucn2 ue5oqay
Node 10: l5jakkw qikthe1 w8o5c0b
Node 11: 61i1hs4 l57li3y
Node 12: 5r48adg oqg746i zifsl35

Node 0: 1kvdt2x beompxy bs8jeqt ec865y0 nevaa5i ppik8p6 tl1r7ga yqy15jy
Node 1: 9ivgyft jbkk4h4 k4rf9t8 uiopbrs
Node 2: 0gypgqc 2tiljtz 3lm2f1h pboi1bw y42l89u z1bps6f
Node 3: b25v9wm tolfjsp
Node 4: gm48kqu z4d8n28
Node 5: 6io7an1 6thtsp3
Node 6: 5q0a3yl 9t4o7iw cr4t23p n41r30f
Node 7: 0xc2681 6m73jm3 fn4yvil
Node 8: g1k3lqe
Node 9: a2sfmz7 cnrnzom s9t7u19
Node 10: jqa7hon vjj2xi7
Node 11: 1au64uq 4deqei7 4z1zkl7 9hwcql8 vthoqy6
Node 12: 6d8tq44
Node 13: dr1lzd4
Node 14: ujx1u41
Node 15: mzr6ta5
Node 16: u3c7bho
Node 17: twvmm2i
Node 18: 5ggpnlt vhuhxdq xryfdik
Node 19: 72xem2q q5l2snv
Node 20: kkvkabd
Node 21: 0d1unt3 r6po8l1
Node 22: swk74ms
Node 23: j9yc9o3 xa6a49f
Node 24: p6fpf8g qparj52 uc6ntde
Node 25: 5bsy93i
Node 26: dw5t7lb yk76jcj
Node 27: rbkqnuf wgrlu9f
Node 28: tyvrbx2 xfiag2s xmga9ou
Node 29: ur7nt5r
Node 30: 6tlhz7m
Node 31: bsw2ksh
Node 32: 1mr25yc rxxo5je
Node 33: 9t7lltm bssgbmy
Node 34: syr9nfy
Node 35: 6zzo0v1
Node 36: j49tjth r2w5r6p
Node 37: wvjr27u
Node 38: zu7799l
Node 39: ef7mmwq ft67kqa
Node 40: f2t6lg1
Node 41: 52zlcyv dxm17w3 rbwmx31
Node 42: h8zxpue
Node 43: tmkh22b
Node 44: psprkqw
Node 45: s45wyrv
Node 46: ymjbt6d
Node 47: ptm99zz
Node 48: l9d1ptp nkvhwpo
Node 49: 8ki5mgm
Node 50:
Node 51: 8y1rc0b
Node 52: mx07kgf

Node 0: 661s4kt 830dlil ameask3
Node 1: mn40ixu
Node 2: 5ilp3cz a7zpdtp b6vero5 k5v5puu
Node 3: 0bbdn1q 2qt20kt 6snlqs3
Node 4: abyju5o dbhy85m x237a26 z465hk7
Node 5: 5tr47tr 7q3yr5s
Node 6: 2h637y2 8q93mx3 njt7kza uhec7cf
Node 7: h2m1jj8
Node 8: 8yiz5d0 k50su8z l7x9bdm
Node 9: jo5tzz1
Node 10: 1da0mvc artcqcz vdqumuj
Node 11: ccuy6n0 qys347q
Node 12: 591or9n dtk5hog
Node 13: 75sp2b9
Node 14: 3eqtuq4 zlzb8cx
Node 15: g1v5e74 o3s3qdx
Node 16: 05bzi37 4sp3jyw
Node 17: eh94yoj hb0buoy ybydxep
Node 18: 7a6sxfd a1k5n2m
Node 19: 29jyqh5
Node 20: 8p70fl7
Node 21: 03osrnu
Node 22: v0yq8jx
Node 23: v7u1oy1
Node 24: fv4dgqt

Node 0: 1g4rqin 5ri7exv 67vivy5 xbxsjmc
Node 1: 71mnr6i j2gs73o lkestgd tq3ep3h y3kzrhl
Node 2: s7z8i9n
Node 3: 0thufgc npftil0
Node 4: 9f37gws j7p1id2 z2pxpmx
Node 5: cepz5qf jhsigrs
Node 6: ffwylf4
Node 7: 60ilrvd

Node 0: ddg6n5u xowrvkj
Node 1: fgsknk9 gm3gkne
Node 2: elo08py
Node 3: 4pd2c92 f5kv0tr
Node 4: pezcb5g
Node 5: ddkjwxu hox5q21
Node 6: htldiwu irgle68 vuko027
Node 7: h6md5fk su1cxn2
Node 8: v86a9o6
Node 9: bov25b6 nwfj89c o64dvey y8197s0
Node 10: 6g6fpa3 sazt5uu
Node 11: i7vb2hf knp4njk
Node 12: ab61puv asozu53 dihpjvr
Node 13: ggo63hv
Node 14: s1od7bf znnow3v
Node 15: 0ctjvnw 0gesrzq 1bv07kl 1ghy3vi qxmc06n
Node 16: 3riqr53 68fx86s
Node 17: 3omp564
Node 18: htadkj5
Node 19: etbxei0
Node 20: vf2xgh6
Node 21: j36dkgi pkvvjqo
Node 22: h1p7947 qh0z5h2
Node 23: ieraxr9
Node 24: ijvr76p
Node 25: 10v4cby
Node 26: po4x4sb
Node 27: 6sl4w3m u16yu0d
Node 28: 27l9yv5 z5fiwsx
Node 29: wtz37og
Node 30: 00oobeh fflqqkr
Node 31: 0aczmv9
Node 32: 7luzvcv 9f9wb56 pj8dy2u z65ev7m
Node 33: b048tk9
Node 34: szennk7
Node 35: 03vyeef
Node 36: yg72kcn
Node 37: e2gprjd
Node 38: 03p6999
Node 39: 3q5gecv
Node 40: m9m5ces
Node 41: l2u8q9g
Node 42: jj7cpfb
Node 43: rtuom2g
Node 44: rovck99
Node 45: emw3ld0
Node 46: 1neg9je
Node 47: bugwyu9
Node 48: 3354bny kxrqw0i

Node 0: hr8u22d kt9he5c v1mm3ai z3zehzi
Node 1: ywirckq
Node 2: de0f6ze wtcsls7
Node 3: 1em2vcv 5unmgjm k1eeuw7
Node 4: 1shzttu ahprx0u kj5ncjp npv3dpr
Node 5: 857qa33 huo8uff x6u97l8 y410qzs
Node 6: 08ws24k eabb5fn mid3l78 q782pay rv9f6fh s19583f
Node 7: r9x6ap2
Node 8: trl7cga
Node 9: 2abyndr
Node 10: fgnvudz
Node 11: 2n4flh5 8lz1kcr hmxjiuk meep80d
Node 12: 7fjyo7b oudgd0y
Node 13: 5icpadw
Node 14: utv7pji
Node 15: hunvi2r kzl85px yxt4k9b
Node 16: flzfqd5
Node 17: nr17y6n
Node 18: a42612c
Node 19: vfscj24
Node 20: gal98xc wc8pub6
Node 21: 36voqrt g15zng5 zqqvez9 zuzuhd5
Node 22: 0pvw12o b9smhdo g0k8nhc x8z86cr xs1vref
Node 23: glxht0d
Node 24: 8c72k5o
Node 25: 1q8dejw kn9b11v
Node 26: 09i181r 54hfs9u cy9hdw1 g6lfr1y lr8mavi ve1bvuc
Node 27: 1cx1n7l zzdra9f
Node 28: 1fipb27 7b2s57s mzn8s9x
Node 29: 3kqt4ib m6idcvu
Node 30: 6proeia
Node 31: o9nr2lv vg05jjf
Node 32: k6dzdkz
Node 33: yo08mxu
Node 34: 06ziclz ep576jm ya76mlk
Node 35: 0epo86h jk8ocjm
Node 36: 181x6jy 3llz34m 5ejneh0
Node 37: gbs1lzf
Node 38: 0z83u9k 9ukxmtm ktvpef8
Node 39: 6at5ppf eea4f85
Node 40: u5jd2zy
Node 41: i3u8es3
Node 42: rgyuyd1
Node 43: n2zqjae
Node 44: 9eswmu2
Node 45: 1a0i03h
Node 46: 2u4m4kl
Node 47: 35h361h
Node 48: dbnvabh ilokrpt
Node 49: 9x8ib6v
Node 50: n8pkb5s
Node 51: 28sn0wj
Node 52: 9ii08ca
Node 53: slnx9k5
Node 54: 8te6rhw
Node 55: 83mrkv4
Node 56: uqoonnt
Node 57: xr478wg
Node 58: uskyrjz

Node 0: 5jpfy8o uffktks
Node 1: v4qeno2
Node 2: 7r66paq v59kri2
Node 3: qdekg9j vad81p4
Node 4: 4s2yrks
Node 5: vub4rld
Node 6: 6sj8cmy
Node 7: brglj11
Node 8: kzcd6hi vxwlopt
Node 9: d8wtjky tuh8b1a
Node 10: 8cvrme0
Node 11: w7l8h5h

Node 0: enutbeh
Node 1: 62bt0lf dri42et oqsp6cr wamb5t8 ya6x2qa
Node 2: m3pzhna
Node 3: 2kbkhdu 42rxd1r 5aq8oop 6ax65pf 7817kev f46g5au jai3574 jgwkzlh k4zynfm k6wvgk5 k8liqay o03j5e8 s0bd1fp t38y6oc yd0c14v
Node 4: 0b2bvia 3zpq1ry
Node 5: 4k89pf9 6c63380 6idl1zz 7mrun9n af2tlng fg1s18h jz9k8c3 k5eapiy pchz51j zcx5eua
Node 6: ceiytx4 h41uv7p wg4pxsw zveyoyn
Node 7: n3n8z1i s2vufpl
Node 8: 0i7dbqj 2evix2q 2qwike6 9zucx51 cgr8kio o0cqy1j o9kbf9j ren1wnz
Node 9: 7qv9l13
Node 10: oemdj8u
Node 11: 4r8oaz1 81uu4an awvmsay chg9bla esxkjr8 glitgl1 habp60j matx4o1
Node 12: h4di23c
Node 13: wd57q7e
Node 14: 2b74d79 6ldpivc koz76kr l3h6xdv
Node 15: 6mj1pi1 6rbamp1 g72klwg rjom81d
Node 16: 56q5525 uln4lcg
Node 17: gknzus6
Node 18: e2yb9xc
Node 19: xhzjp99
Node 20: 3q9nbfc kjsrt3c
Node 21: kwc4bcu
Node 22: 7hnmlph
Node 23: 0wjbaa5
Node 24: xn9bgr5
Node 25: 7msobfw
Node 26: l02n3ww
Node 27: 96fxos4
Node 28: xy11m42
Node 29: mx583iw
Node 30: 2b9nr48 dqllycj
Node 31: gsqm9hd
Node 32: cjrdalj
Node 33: 9aee5oc
Node 34: 3dwdxqw xiuiyiv
Node 35: pczbwzk
Node 36: en6ocve
Node 37: l410bqy
Node 38: fq28hhj qmzqnmg
Node 39: 1j8r4n5 ghi7ahu
Node 40: t15os03
Node 41: 2dw5uc4
Node 42: hgkel8f
Node 43: l06w8bm pyy5eis
Node 44: fak8jgc
Node 45: rcoc6jp
Node 46: 8skkx33
Node 47: b1ihscb njhgx3s
Node 48: 4qp37su
Node 49: ky5pv3o
Node 50: 5y16zvm
Node 51: vqihijm
Node 52: 79y4ldf
Node 53: k4e9r3r
Node 54: m8wqvhx
Node 55: sm0zpf9
Node 56: rqfs286

Node 0: rfvjlts
Node 1: jomjkau
Node 2: 5dm60v6 87lm627 azsu71u cn1z2o1 odd9lls ztr97pb
Node 3: l0cr1yi
Node 4: s2pdzxn
Node 5: wi3n2by
Node 6: mgfadh2 wsqx2p9
Node 7: k54nqn4
Node 8: 90irryx
Node 9: 0mwnbja 5daathh
Node 10: f24own8 wh91vfg
Node 11: ptd1txv
Node 12: ywe3ycl
Node 13: cm99pa1 khey6yy
Node 14: 5mbx0is
Node 15: 1yt7xjk
Node 16: w6jqi82
Node 17: f8if8px urfzlmz vqntz6w zbxhvsa
Node 18: a995eq5
Node 19: nmn2cjs nun8ldf
Node 20: cqx2m55
Node 21: kkbwn5e
Node 22: pqnz6zs
Node 23: gawhvk0
Node 24: pqjq89r veo30ud vxwy4f4
Node 25: j6rov82
Node 26: h35vkas x1841de
Node 27: o80ggdb
Node 28: lmyogbz uim3pf8
Node 29: er5849e
Node 30: d8rcp7e
Node 31: am1yh5d
Node 32: 7wnoqe6
Node 33: hxhpfvz
Node 34: rzdedy1

Node 0: 1godkn7 3saei25 4n6n9eh g2fvwa1 giadv53 o1yr1gu p68auks
Node 1: 7ig640k szmqnzn zer14u7
Node 2: c3gjqdl
Node 3: xp9mmw8
Node 4: ma2pyu0
Node 5: 3xof966
Node 6:
Node 7: yzsj98j

Node 0: 8e45p7l ayrvkfr bny8zem ft5arxj j11roih q3rrb1d qxi8ljp u4m8gxc um73wp3 vea27h4 zsvdy0k
Node 1: 0avdcud
Node 2: 0u9dpml myvfgxw
Node 3: 04h4eu3 wq280ix
Node 4: 0ge94so 11txoub c8itt5z j32yyv8
Node 5: 2fjmy58 2l77ewe rff49vg
Node 6: jmqhec8
Node 7: 4tkw9k5 kgsnh8o
Node 8: 7ghf939 a5if9yn daqzx32 ijol183 ju90i9h wwwreb9
Node 9: aejfrh3
Node 10: i02kjev
Node 11: ypkv2p0
Node 12: 22jbm3c 8z9gyhu skna7ed yrlxccn
Node 13: f6vhuzl
Node 14: 1jd7txm d5rx882 nknvvza p2dwio5
Node 15: oc9icna
Node 16: azr8pzb
Node 17: 42gf8lz htppj2n ioja4an m6mwgfq s5ptfyt vd6dbfg zzll5y8
Node 18: fgd1ryz hst8107 u505yul
Node 19: ze04jd1
Node 20: vecjmmu
Node 21: 1oznnho
Node 22: cecbi2j
Node 23: 6qfo955
Node 24: r74bjkc
Node 25: 89eonnd eymwcxe o313rxm
Node 26: 0pmu2je
Node 27: bz61s7e l440ddg qgyhe46
Node 28: 107jdsz 7eh6ejd ma2jo30
Node 29: 85x2hge
Node 30: lmvp01a
Node 31: czicfsv ojnwdhx xhata9j
Node 32: 1uunz7u
Node 33: oiiccqk
Node 34: u15gclt
Node 35: ux3ra10
Node 36: 3x4f33e blpsx3s
Node 37: 2lw0xam
Node 38: d4b3qf5
Node 39:
Node 40: 3r4j07o 4eepyj0
Node 41: l2noatg
Node 42: c3z568p
Node 43: tddx99b
Node 44: 09fszv5 d6vpupm
Node 45: l0lqpeh
Node 46: dyw7p36
Node 47: zvdu9s1
Node 48: 15jsll4 8qa2kwz dgdpim7
Node 49: 03xvv8f
Node 50: qnlzi4s
Node 51: rx5ks10
Node 52: j1q32ou
Node 53: ol264ty
Node 54: zst46ax
Node 55:
Node 56: cgpu5fw
Node 57: 8smljku mteryr2
Node 58: ktxgguz
Node 59: m6ljr7i
Node 60: ox30fsp

Node 0: 7t0jc0j ak7p4qt ixfimmk q11dak4 z2nm225
Node 1: 17k1eup 6ta216p
Node 2: 1extg0f 6wgkhjl 7blxvif 9j793b3 b6nrzik ggg39sg h3bnw9n mvqyjet qda4vsw ta4rfpz u5lq03b vqo66ts
Node 3: 00426yr 5yv8qeh 8oy9dfn diyimrl en54c0r gik1tkh kxgfur4 mcqn9jc
Node 4: v2xxa3q
Node 5: vzy0hvb
Node 6: 1895fmu 6wrtqyg 9di8368 9zjph1f b5nrtwo qxmk65e t5wl9xu t62lpdi xyrlzxn y5dfgx1 z1t0029
Node 7: a85pxyz dh0gof3 hbkzcqw k44b10m
Node 8: yajqrs6
Node 9: gm2k0y0
Node 10: g81nosh
Node 11: 180ky0q s1l5lyr
Node 12: j1zdigm kv404sf s28oogk
Node 13: tnnf5bb
Node 14: 81331go
Node 15: 2dd2fl5 r1tmgcv
Node 16: qrhwlx6
Node 17: x5htv92
Node 18: f0pyk3i iddzn3y
Node 19: gfbdb42
Node 20: ljuuv7r
Node 21: 43zquxi 4idx2qg
Node 22: 0awh1zh
Node 23: 10bw5qz 5v173e8
Node 24: t24brqb
Node 25: 324m9f8
Node 26: hjk7n66
Node 27: hsyvn67
Node 28: 108vaje
Node 29: v2hwec7
Node 30: dxukxqx jekmkqc
Node 31: tt7ixm4
Node 32: 1uawnl6 3psksrv md8elx9 pm88nmz unlapr2 ycy6lz1
Node 33: vy26m0a
Node 34: i9b2fi6
Node 35: iamauog
Node 36: w3ma5h5
Node 37: itl4r3j piyhyjd
Node 38: wv5ssaw
Node 39: h7x4iru jpzc27e wcahc0y x14eum1
Node 40: efanf6e
Node 41: f1z7wkq

Node 0: 76dh9vx ag2uc2c cx9bvzk e4x2aiv tra28z9 u1zpfui
Node 1: 1h4yi23 4qb7ngu 8e0b1yp dhrutlv ey8dret o3i7qr7
Node 2: 2lcbiam hj980k6
Node 3: iej7il1 r0emegj
Node 4: h2vi5xx
Node 5: 46wermx t8yd3ii
Node 6: b778r8u feo2r1f
Node 7: hvim51n ieexhxa
Node 8: obnchle
Node 9: 6g5h1z4 r9cjuju
Node 10: lngy7ii
Node 11: 4v9msas 82ulgxb vmp2r8c
Node 12: o7w0odw yty3q2b
Node 13: 7cp6cpz
Node 14: nfkvxic
Node 15: uc4pwse
Node 16: uuqio1n
Node 17: hbn3mft
Node 18: 7nvk5yz
Node 19: pb54wnv ul7y8o0
Node 20: gob9u8r
Node 21: bmrz9av
Node 22: vmyly37
Node 23: y70yb7n
Node 24: gznfh6b

Node 0: 7l16pd4 g9hy0i7 q4bgufa zbx8lct
Node 1: 04o8vv7 0vo8fy0 1qlsk9p 9asph4a bekdxkp ewypbf1 gil4leo hxymyf3 td2lfql x3ww137
Node 2: yp0f5am
Node 3: cmjg5zp
Node 4: 16zg4as
Node 5: v3oa00s
Node 6: un8otmz
Node 7: 0zoazmr cbogbiy
Node 8: 32rzxqb
Node 9: 2y7v6gk hw4jiy5
Node 10: rm08u3c xugaaqh
Node 11: 943f2ps
Node 12: hpfff71
Node 13: 0620403 5kwhlhg daz1di7 l34zpf9 xloim8e
Node 14: 92qrlig ij9lkqw vgsnt5t
Node 15: fs8fp7r
Node 16: ozxr4r0
Node 17: le6aa53
Node 18: zg2tjie
Node 19: 1k5nnx6
Node 20: 9ulsm15 aec8aui
Node 21: lbsxb21
Node 22: i8icdsz kaw4wro n6t7k9r
Node 23: 2m9cafg
Node 24: 8f9uydv

Node 0: 2i5hlhc 41aj8ao cixho3n n4xtz5s sb50jn0
Node 1: 15eftvj 1qofx7r 1rcaytr 7vkpghp hxsjem1 kp83nm2 nfcd8ue ul8iwv8 wabrpbs wyctpu3
Node 2: ax6pznc
Node 3: 9o23msb nlckuxx tp5f5eg u6j5agn
Node 4: gge8lwe pcupnec
Node 5: 2evkhy1 8cgqgra midmj5k
Node 6: 2dn01ev
Node 7: u0uaozt
Node 8: 1np2urp 3sm24tf eghlorc kbub6p0 scq3s1g tywolhn ub7m5nu xepr2nc xok4zwg ysg4455
Node 9: zkh82dm
Node 10: k01m2yu
Node 11: dfjqrrh pmeokp0
Node 12: c1ibrnr enh2k7j
Node 13: 1ub2cat 71mzpff bfc7ib2 jh5dk25 lsf89x7 o8rmibv
Node 14: 1t9eieh 4mf6xbd
Node 15: bzq1q9i
Node 16: 80g4vtl ath89ug btwuyix pbffoxn
Node 17: dskmhtq hlebxt3 l6e3x10 z28a6z8
Node 18: 9ly6dtr
Node 19: 4paobm7
Node 20: 67s5wnp
Node 21: rhgomnm
Node 22: hs7v4zv
Node 23: qalctpt
Node 24: 06knhzb jre7sm3 lflvji5
Node 25: 4wy4tpc o21yndd
Node 26: zwai69j
Node 27: iqbqk26 mxujlie
Node 28: ahqbno7
Node 29: bbb77tu
Node 30: dj3p2kd
Node 31: 3vsc1e9 7xypm0v
Node 32: w10qexs
Node 33: 685pv55 skxd2zk
Node 34: zf6wasl
Node 35: aqt07u3
Node 36: 7ugf3ed
Node 37: ktmbo4d
Node 38: j6juos7
Node 39: qn6hzmk
Node 40: dkmoqtl
Node 41: hv3kjtd
Node 42: pi94784
Node 43: w45lerc
Node 44: k38l36d
Node 45: 478e1bf 9nxitkr
Node 46: sq85tcn wckqwgi
Node 47: kcspeqr
Node 48: qpca3q6
Node 49: rax6ooe

Node 0: 5cfq32e giesgio ld495zp t2bscvt t3qgi9j
Node 1: im465t2 xn296rg
Node 2: 8mru0vl mmt6aei qk1d4vs
Node 3: e4f56ja gu1evve xv02duk
Node 4: 6gime31 7knz6wa gwz8jse
Node 5: 4m11jo0 cs8dq9r xeott9c
Node 6: irmztrj izei0r3 wh7d2bw
Node 7: ae71z53 ogii9g5 vkn1r2s
Node 8: 0fl1xns 2ceicea
Node 9: ncp6hav
Node 10: cf0htdm i7dev0e i7v3ucb
Node 11: y951pq3
Node 12: bhjyg0l
Node 13: adtkmxc
Node 14: 67g6wpe g079pvi vpkk3i7
Node 15: vr839at
Node 16: uu4ncdb
Node 17: xm0q0m7
Node 18: 1lz5nb0
Node 19: h0eyqsw
Node 20: yqcxy7k
Node 21: 4rh16x4
Node 22: q9tsv3x
Node 23: pqw239b

Node 0: 2facuy5 779otuq 7vze03w an0i3qp bfpajup iha6lhq l1ublf9 rmsqgjw xn04fmw zpksw0r
Node 1: crgtbps febgfrg
Node 2: 95tj0q8 kuo322x mxsxlbj ry2ccup zhgnyhg
Node 3: ob7x2tn xf800u6
Node 4: lw9rd4z
Node 5: kpa720m
Node 6: d37e5aq qglmlyb
Node 7: c4zor5e lvy0y9m oaoqqiw
Node 8: axdxord qswn075
Node 9: 6e9358j a7uy6o1 fsor7ln rl4xv93 w4en6ww wf3hkbf
Node 10: wgl8uti
Node 11:
Node 12: edcvomq
Node 13: f24gr2k
Node 14: fe8ttul
Node 15: 6arcqou
Node 16: dxfpl21
Node 17: 1n18itt 3eg2nfw g2mkoh0
Node 18: 1ukb924
Node 19: u9kdlj5
Node 20: fsf7vg6
Node 21:
Node 22: 4xmg8ne hkg9e0q
Node 23: taha86m

Node 0: 563rt6x 8or3a9p 8spa39x do632cw fqevfoh n8z53ii
Node 1: 0xjkry6 69knmgm 9eqkriy af4o866 h6q78v5 jbjfwjo jgxkitf jjhplm3 soxh9tn
Node 2: 7fp9a90 ii9leil
Node 3: uffcxgn
Node 4: 6z4fpj3 f1o10ti hbjqqfp kyhs1k3 qt1hi5g v8v2c9h
Node 5: hdi2j2l wdtn6iw xw26qqg
Node 6: 68ya0pm 8hgn2hb cy7tgxm ims5g09 quqrtd4 reazu9s
Node 7: 65yk751 9tlhqza
Node 8: 2iwtuox kmajimq
Node 9: 4rracpq
Node 10: xijzw5c
Node 11: 7ugpspi xxdk5ik
Node 12: rbnstwu
Node 13: nez13pp
Node 14: oljmp75 wqiah8g
Node 15: asku582
Node 16: 1qbgk24 nsec1le
Node 17: 5rjr98b
Node 18: 2gfjrxx 3acxgtb 6vfv1os cbl0jf5 p5nacb7
Node 19: 6x4au5z
Node 20: vr317hh
Node 21: 5pznj07 zy65nkx
Node 22: 1ctl9jz
Node 23: zsip8eu
Node 24: r0g9mqg
Node 25:
Node 26: io1lukt
Node 27: 5kub27u
Node 28: u88vio6
Node 29: o68uebk thsmrvw
Node 30: zsqer8t
Node 31: k4vw179
Node 32: 6yvq83v
Node 33: 0jcd4zw
Node 34: jq00gew
Node 35: dp47hpu
Node 36: rqv3m9s
Node 37: 0wo4rv8

Node 0: offhpyg ro86ile t54e46m ukwjbq7 zzqi8rz
Node 1: cevcmly fb8t3f6 kvhdbci
Node 2: e664hii ewyli7j pn0a7t5 u8wtadt
Node 3: 41974g9 8gpmt5w ee96o5i ek6f291 kqslqft kwz5fke n767zn6 uyhy9t8 zu10m20
Node 4: raa5rq1
Node 5: x4a14eg
Node 6: 1c58tau
Node 7: syzr2ke xm50b6c
Node 8: qrgug59
Node 9: 25g6pwi e95zyfo uc5vgph
Node 10: cdj5q70 ne54sdd
Node 11: qjpvnbx
Node 12: 2j56p11
Node 13: y3ehxby
Node 14: hs5a468 sos87ox v5pwxvw
Node 15: ubydf5d
Node 16: 1haqbzu
Node 17: 9w2tg15
Node 18: tp5xc2k
Node 19: jykb9ao wqmizx0
Node 20: 0yhajnh rn61s2o
Node 21: jze6uis
Node 22: p726ruv
Node 23: 9bq7edx
Node 24: mkv4d21 wpc6aeb
Node 25: 9nhxvmx xk32q3o
Node 26: 1hq7woc

Node 0: 0ysd11x 2rlwxbp 47ui1lq ardvgl3 auycqaq e0vgbdy mwvt7u8 pu39trm rotl6g2 tanwmvu
Node 1: 0dnovqz 9fo2hh8 c28hj7i lcmsudm nbpcyzg tn8ftp2 wf39qdo y0nttla
Node 2: 2o7nhgl krz7mag rjnguid
Node 3: 5ymgpnm
Node 4: ealuugz gl4d1vt
Node 5: 497tycs 5v1sjj1 c9who2d l00n5w0
Node 6: uysjgwo
Node 7: 73tvvll
Node 8: ttfxx8w
Node 9: 1jtsijn 368e6yp px17e8l t7f6csh
Node 10: i8j3wv3 jficd0b
Node 11: 0fis49l 65uviw2 dwrebqv svs3ma7
Node 12: 9zk9eo0
Node 13: 5qnieid 6g22wfr jvejll4 tg8a8ak
Node 14: pmse0wm
Node 15: 3kjx6jl en2swt4
Node 16: lz3nfca
Node 17: 7ngimxh a98q0q6
Node 18: dz80k96
Node 19: 9tqhmij gc42xqj twhafdh
Node 20: 3wojqi3 apwvccw
Node 21: 2bb4qt5
Node 22: owv51r0
Node 23: 4sn1bqg
Node 24: 8iuttve
Node 25: 1nravj7
Node 26: b7ivsyl lbpnac4 m9cakpq vnbqe03 wel5wry
Node 27: d0anasi yqfyqzz
Node 28: d2cwert
Node 29: j13w8o2 n8bdqu4 rqzuho6
Node 30: 0yi8yt8 hleukz5
Node 31: l99j65o mlueh0u
Node 32: btpxsft lpodwao
Node 33: 7fqvfqc w54lavw
Node 34: xpeh7cs
Node 35: j3mlujc m1n7vtw
Node 36: bffb440
Node 37: g5ceac6
Node 38: b040hnq
Node 39: zqfrgp3
Node 40: 9brl006
Node 41: cug99e0
Node 42: gorpj28
Node 43: 0u2keh5
Node 44: ei35drv
Node 45: kbefmh9
Node 46: 5gnkbgc l5mil49
Node 47: 22ksq23 qyj8wp3
Node 48: ut4n3cv
Node 49: m930og8
Node 50: 1hknhef
Node 51: xwqrr7h
Node 52: kkxs74w
Node 53: 7wiq7iv
Node 54: dns2jr9
Node 55: j6zld9f
Node 56: 646qiwt

Node 0: tr93izk
Node 1: 8gw55o9
Node 2: 2mx720k
Node 3: clxudbs cyvc4rb
Node 4: 28xbpme 63mrw69 f1c0ufn
Node 5: 4no38jm 5lgesxn kk7b0zp se393bv
Node 6: 3hhtwfu eb4vohm n5x2v6k rx2bocl
Node 7: 1gdv9pw 7owsn5g a7ntikz xiqsvqi
Node 8: 2ht94uw 3wi1f53 4jbi1hr 50hyscr aomjqbq b7y32lb dog65os f53gcnc hv1tn8u i46hhl6 jbf95bp lbdplv6 nq67ngw p3hnkmt vlu47fl x1j9syo zu56zym
Node 9: 1yuv7qh x3e5cbi
Node 10: 5xktexj tjz7p64
Node 11: fqplu4k rveg2ks
Node 12: zqb40h4
Node 13: go79i9z
Node 14: 344q5h9 qpo7x4z s0isox5 vykdcj8
Node 15: 8atow83 rwpy258 w78pdcc xkn5lhl
Node 16: qpd5un1
Node 17: 06naack zwsazvq
Node 18: qplcbky
Node 19: h5senti igmq9nz r09fdpe
Node 20: 2nhfdk0 cno2ngy tpnl20u wfunw3j wn70z61
Node 21: c3953aw
Node 22: b2kaany xngymco
Node 23: 99gxu4o
Node 24: 65kok57 e5ntfpx
Node 25: 3bb0yol 4ybhfgb 7hd0qbt 88cqmdz cqinrcx ggp8r72 kotq3fw w6mck60
Node 26: 638j0v2 gv1537e mrtf4xc qlpbwkh
Node 27: yva5io6
Node 28: 47h5jmj
Node 29: 5f7u9o6 v9mpcdp
Node 30: 87x77po
Node 31: 5j334h4 edv5b1z
Node 32: cz4vq5u ermum76 vmpoaag
Node 33: gfc3z7p
Node 34: 59kbi2u okqdmlc zl17lr6
Node 35: eqyulvk
Node 36: 29z489w rlzmmpl
Node 37: 3wkqfui
Node 38: wne9fya
Node 39: ml266vq
Node 40: fuqqfd2
Node 41: h5b9001 uolz048
Node 42: y665dh9
Node 43: mfczt32
Node 44: 3gf079n r1azlnt
Node 45: kvwtg5g
Node 46: 83zromv fachil9
Node 47: cxwgzfr
Node 48: ip7cmx7
Node 49: an61ldi

Node 0: hvmjqcl wxsa8zo
Node 1: d30kcdz
Node 2: k5w95w6 uajrvhs ugqjbz8
Node 3: dn2ljrs k8fx0ht oazccy0 ovoupln qq4drmz yk66f1d
Node 4: 7run5og
Node 5: 5zif9cl 9eckj5z jixbspd
Node 6: 66nunqk 78xn7r7 9j731ox duimgtv hhcylsy v2gneui
Node 7: wu7mp5t
Node 8: 6x3dvli
Node 9: 24oswtj mficrms ykzaqjz
Node 10: 1lkqt1q z9r6xyi zq54m0r
Node 11: h1hxnaf
Node 12: qmms8ze rdka1ol
Node 13: qewecn2
Node 14: 5s09txg
Node 15: joe5jl0
Node 16: 0ynehtp 0yw6a3o 216k3ur 6myt6i9 7yofbtg p68nd1u t55dgz5
Node 17: orfatqp
Node 18: 3dz7jpv
Node 19: 36ovvej wqnhjmd
Node 20: wx6z1xk
Node 21: bscqvk9
Node 22: jojsfqk
Node 23: zax7093
Node 24: c0e5a72 f28laf5 p300w5e
Node 25: 3v3u1rv
Node 26: 28wip2q ndcrurz wjcpnpi
Node 27: kog8qln
Node 28: nw7oi2u
Node 29: hrrzrn8 k5cklt6
Node 30: li5ia27
Node 31: rj9kgfe
Node 32: puh576n
Node 33: sg11qmy
Node 34: 3cf9ymd
Node 35: 3nldvzg uect45r
Node 36: vrqfxhu
Node 37: 96xu6ds
Node 38: 9mwru7m
Node 39: rfmuyx9
Node 40: wqhr0ro
Node 41: qwtr71r
Node 42: 6aa2ps5
Node 43: flliex4

Node 0: 10cl1cn 5yh2e8s asnwjuv dx90zw5 m984elq pypubqb u0jyr73
Node 1: 57gvgsh v4pxwqz
Node 2: erzfpy0
Node 3: 7pvty1j k10p0cf onb39io
Node 4: a8x95ox
Node 5: ub21xb4
Node 6: pvd729r
Node 7: daasxwl qgoquiw
Node 8: ju67l5r
Node 9: 1ybmgxb
Node 10: j0o9nuo
Node 11: wqo68iu
Node 12: fb06ee1
Node 13: i17ll1m
Node 14: o2uayuc
Node 15: iu01536
Node 16: y6lojqc
Node 17: wi8y0tk

Node 0: 2zldd8e 3c05mlc 41z9u7t 4fyevyv 5ww65hd 6e469up 73wrqz9 78kuolb 8yxk47n 9kdmc6b bijyggd mhv3yb5 mwlzo2f pefaqf9 pzttdlv t7cr60a xz1on5f y83c7yv ye77h97 zgk9t0a
Node 1: dg90j4r lpb6ng0
Node 2: 2b2svj3 b1hzkzv i1kirzb s2wo59r yo6vf7g
Node 3: idpvoi0 ybzjhrh
Node 4: 5lsdgbu 6z2qw69 7efvj4y p6gov6e rhbpg77 t68odzu uzf5aoj
Node 5: l2w4djm
Node 6: pvcykam
Node 7: aqfnjko
Node 8: 4cuglio yd59rv4
Node 9: mhshqrl
Node 10: z5ymaba
Node 11: v1gx8or vn6ea4c
Node 12: 2w4ti11 loux2or
Node 13: w8gefwg
Node 14: dv3wi81 gzm85nt j03l25v ukjoi7n y5c220h
Node 15: egodti5 h8mthk2 k23sf1t o0b7h6o
Node 16: 39yqze3
Node 17: iy1mlu2
Node 18: 940diq9 b8p7udf drp2d2q qzjxjxf rcv7di1 xkh468i
Node 19: a4e8u4p ta5ecy5
Node 20: i27pydo mz4gx9p w6e237k
Node 21: 9hs7ni8
Node 22: ino5zb0
Node 23: byij7f4 wmwuhxh
Node 24: 8ka7kgv
Node 25: 15tpfwg
Node 26: 5h8q5u5 hqdrdvh ntrtcvd yvz0gk0
Node 27: 1jgpd80 izhh86i
Node 28: qdhkw7l
Node 29: nwp411r
Node 30: c2xal23
Node 31: oecmwql
Node 32: 3q36zrc
Node 33: tgsu5vk
Node 34: wjfjs73
Node 35: vsfr1dl
Node 36: 7hbrjcq
Node 37: q02im1f
Node 38: 4lakqsb
Node 39: oa97ew8
Node 40: 3fxr3w1
Node 41: vfw5d2y
Node 42: b1talw7
Node 43: 9fw26lp
Node 44: zk5cdrt
Node 45: brbovuo
Node 46: jc3lahh

Node 0: 287tk8w 4hajknl 6b4lplu 9ofayeo a4ym64h dxxxuwx fqdfzp7 gahoypl l5jjzox lgrdb2n mbca2i9 vaeyy14
Node 1: 5m9vx1d 5tpysrj ozvrv4u r3jz0x6 urs876w
Node 2: dc7rlc8 eg4bwl4 k0j4l22 xyaghmk
Node 3: 51a2n8z 7zmdliq 8d6rpm3 caxm8hu exslcnx fyf4ide gff8vnv jy6ld9q mw47bx0 nucjcyj sdcksam w10kica zue12mk
Node 4: b70uwaj e774g10 fgc5ph1 xi0qefd
Node 5: 3g55pdq
Node 6: 4ijlo6p 8unld2n ggbe8c8 lrsyodf quqcsv0 xzogeoj y5x3aii
Node 7: 2s4ocs6 b9hlmgp jrwz8oq omoh836
Node 8: gnn44fi m9djec4 s27k6l4 usa66tw
Node 9: 5608kjc zb03mdg
Node 10: 3wtym8z
Node 11: 8b6v4x4
Node 12: hy970qg k8vtiw7
Node 13: g1bprey
Node 14: sflchfq
Node 15: 6iwwfgq cuj2jmr
Node 16: 008opzf
Node 17: l6n1ecz n9fcuxw oaqvvyp
Node 18: db7w7wn qhsjgcd qkvpkc7
Node 19: ht3gjcf uztjs8v
Node 20: coiiosk
Node 21: mo8waa4
Node 22: 1wpgtsq h0pkpfg
Node 23: si4edk9
Node 24: 2kvimnz 4u32wzr
Node 25: a3m6v5w
Node 26: 41w41vk iwluh2r
Node 27: 4rfcajw
Node 28: d2nu365 izirbb2 phnygv7 r9ixyfz uywh58o
Node 29: dbgzdeo dpj1adx
Node 30: 9ktqdaj
Node 31: qi05xbv
Node 32: v5i772u
Node 33: 02j6s2g
Node 34: rfua6wk
Node 35: lj9z0uf o7jydia
Node 36: ul83dhy
Node 37: 53xhdp9 ug9nx4f
Node 38: 9g9up9g
Node 39: p8q0xil
Node 40: i13ox5z t28lupx
Node 41: n8mnpxu
Node 42: ch3ur4h
Node 43:
Node 44: ni6rjkr
Node 45: wnch53g
Node 46: ml5b4q5
Node 47: io6ks9u
Node 48: zesbly5
Node 49: 2ncjg7m

Node 0: 0w6dn88 s3pu3rj vbz4ns9
Node 1: bier7rq gp3nluz
Node 2: 5c9j0qz 7nd638o a5bto01 ifu8v6j nlbgy84
Node 3: 0envarf 34y3p78 56pj7su crb7d9o eex9ul3 g1x5h4o kn0risa ml2ul9h p225kld q9wn46a qkmklc9 qtmy4aq tsm2ljw uy0t4cn v04fl10
Node 4: qt24xm9
Node 5: uu11877
Node 6: wkne702
Node 7: 5g1rya0 lxj04l8
Node 8: edfdt24 wm9z98y
Node 9: 2je2t0u 2whr4pm afaq9zb aioch7i bre8p76 e77ose2 jgod8ji mutjdh8 phpow9m qfos3xh qvxrbbz xfzeevq
Node 10: f96ng02
Node 11: y3nisf0
Node 12: 6839jwi
Node 13: aiyruqy
Node 14: 0lxzfji onanfko
Node 15: 8qnyvgp
Node 16: d2wt4g6 epcfwmq
Node 17: 6t4sqq0 71h263a mjuvgt7
Node 18: mk9f6nt
Node 19: gh2p740 kuura2c
Node 20: aqtuihe eprxmtz
Node 21: 7gtr7q0
Node 22: wjohkmq
Node 23: whle3gu
Node 24: tqe6ysa
Node 25: fp4gxr7
Node 26: fitjjjj
Node 27: ny3ukiv u38im9x
Node 28: l827e0a
Node 29: yfah6vq
Node 30: 4p942uc
Node 31: gac75js
Node 32: miorbrl
Node 33: cv28wcv
Node 34:

Node 0: 6euuk29 6si4ohq 9iqyuc2 ainomti cs5kqoi dxx88w4
Node 1: rvn6j49
Node 2: 4ycyurx
Node 3: 3ce0cmm 8a0vbpm qtiwn4q
Node 4: 95dlnaa zjfb7k0
Node 5: 91iqllc 9fflnwg
Node 6: 28etf5r
Node 7: nhc9m5z ttilh98 ut924pl
Node 8: 3hfm6xs 6m0fj7y
Node 9: mjshmo2
Node 10: 2wk1lmz fdhnv5i
Node 11: a2xocp3
Node 12: 3a2i6z1 81r5qub a1ljggc eibclyi r4jg8l3 uozahy1 ww5n8x5
Node 13:
Node 14: o84yte0
Node 15: r5xtzll
Node 16: a83a0fz pkd0mnn x25k1a0
Node 17: azr15qp
Node 18: kzan1so
Node 19: 0xtlslf
Node 20: efz1bii

Node 0: leodpwx
Node 1: ezpeo64 rowwfel u2mh9ob vz4o98m ziti9b9
Node 2: 0628bb2 3uc6mbb
Node 3: mz7dr0n
Node 4: obz6pon
Node 5: 3xe12a5 j11mc4m lzqabyg
Node 6:
Node 7:
Node 8: 6cb4qaf

Node 0: 1f264o0 ojokzvt
Node 1: 3uajhfr a9x4ztg ahq3udx lnvqnry p04ifq9 unq7j7i
Node 2: b5150ck kbnyr8u
Node 3: 5dswgbt h2zw2g9 w2ubm36
Node 4: 424n8kf cthj3eu xx85asf
Node 5: 1rn1xmw 7slqd7d eqok1mq h4sj3fg hd5p87k iz4wy77 jxieeze mh3pb2j p2c99qb s3mlkaa w0ptrv1 wx2w7w5 wx9hkxq
Node 6: 390utau grbrtnp n3s4jfk
Node 7: 7afxxkq e9mu6tn v7l40o8 xfr9ghb zeonxai
Node 8: hw384s8
Node 9: rjxxok8 wlzfsga z339t1o
Node 10: ne9datq
Node 11: wb1cpr1
Node 12: gu41vhk
Node 13: pw3k9wp
Node 14: wkesjjp
Node 15: sv1pk74
Node 16: cqp1d0s
Node 17: jps70am
Node 18: uz4q7lk
Node 19: 255x3hl c33qfkd
Node 20: 74tn10t wbvdg97
Node 21: 492qwwl
Node 22: a7w45wm ndfx49e rf1agz0 s0lsy36
Node 23: 50ypbeo kkozenx tode02a wlccny8 x72qv09
Node 24: op4glkg
Node 25: 0jpano6
Node 26: e2bqesm
Node 27: 9a661y4
Node 28: k5cykb7 kyy1pir
Node 29: 04svj0r
Node 30: 7soht64 uwwjmyb
Node 31: 06iftvl
Node 32: 3ifckb3 j2hj4zl
Node 33: k89wurm
Node 34: qxh5860
Node 35: mqdoq31
Node 36: 7ijam7u fiiyfg5 tpvz9m8 yxdfhdr
Node 37: 1pkpyss
Node 38: f3jpce8 p8ss9s3 tv6ne8i
Node 39: jfre3dd slkcs6e xycu7vr
Node 40: vcy91og
Node 41: 0c24kld
Node 42: 5ht8ovj
Node 43: e39o10n

Node 0: 2znjde1 pznzg8f u88fmny vwzke8i
Node 1: hqvttmi jj64toc u7lagxs
Node 2: 0ba2bae 2mbx2dn 3b2xnxj aeyvbxh bnegi6x bq0iw8p mjocw3d qgr8xce vebo29t
Node 3: 3jdatwk i0pw49w
Node 4: 2dy6rut ulhf7nt xige5vd
Node 5: o9969yi
Node 6: 3uhqkf0 vgv1nh6
Node 7: wy4ol1y
Node 8: v6th59b xid6s0k
Node 9: aqebb6z e86qjja ucf9hex
Node 10: mk75zau
Node 11: o0dq7xy
Node 12: 7577fsa
Node 13: qf3gfgs
Node 14: 96n9zkd
Node 15: n8dnseb
Node 16: uzo641c
Node 17: zd0me61
Node 18: 6v2e12j
Node 19: 59g5mno hj04tbs hpcfxbh
Node 20: 80p2hq1
Node 21: x4i1ntb
Node 22: in6k6tr
Node 23: boirsfx
Node 24: dzaumgu
Node 25: ua22bnb
Node 26: 4l8zdn0
Node 27: dpthsqr
Node 28: dof2vlr

Node 0: rc32z9q
Node 1: q8u3r9v
Node 2: v4o1i82
Node 3: qv5fk6q
Node 4: ofichpk qixate6
Node 5: 6zfw28t
Node 6: f3ahl13
Node 7: zd5zmvy
Node 8: a7pist6 c9htahl hz1ip5e jn1esk8 pfmg84z qx45ub5 vlc589n
Node 9: 61g7b4n 7h1dhcq j35x17u ke7gqou ls58b0y qqsuzf7 yfzbfd8
Node 10: io90xvz
Node 11: 22r5fy1 2gqy47t evfg6z6 f7t9l9i
Node 12: 6nfcpu7 jwd4my5 monc3eh
Node 13: mc7p82v
Node 14: fiaiaks qc9lg5g
Node 15: uefl7c6
Node 16: 4e3qbei 5nci2ai xd6ml2n
Node 17: 5wnx9xi fneeurv ktyn715
Node 18: znjloza
Node 19: bxq7b7i c9s4n22
Node 20: 7shd3ai w011k2o
Node 21: 0g0e8i4
Node 22: pdcrj50
Node 23: wuuiez0
Node 24: 5icty3b guqmnoo h1nqrjm jkip2uf y7nrmdz
Node 25: dy4ndy7 uy3m0xl
Node 26: 8mh6qea mopmxih qpd6xd7 tthdh2n wkda7wv
Node 27: fsaxcsl
Node 28: aqp76ca
Node 29: ffnyonc oznaqh0
Node 30: echi6cw v0kcnep y7j0to1
Node 31: v6lg0k8
Node 32: 5hte7jp fcdubou
Node 33: zx5ec0b
Node 34: 35wenvn 6iszz82 ih22rrx
Node 35: t7r23jj
Node 36: wi6qyf7
Node 37: 6q406ug
Node 38: m7t6d4n
Node 39: b5acygh i8s8cai oqwqun5
Node 40: ivtmah2
Node 41: 8yiyl6x
Node 42: ratv03n
Node 43: c409ex1
Node 44: 9ev2zfb odf50cn
Node 45: hf89llv
Node 46: 0igk9up
Node 47: 3sfa5t7
Node 48: p509npq
Node 49: 4e6b5wf
Node 50: yle2igw
Node 51: jhha9ln
Node 52: r8um561
Node 53: nw11v7l
Node 54: 9fusv35 f9nv342 gky7kqf
Node 55: 3odkj6e
Node 56: wrjpd1a
Node 57: 19xosz8
Node 58: 1eahane
Node 59: j7r2tbu
Node 60: 4od2a13
Node 61: auoqp0b
Node 62: 8z43y1y
Node 63: xktizjl
Node 64: 9gfijip
Node 65: ccba6q7

Node 0: 21ck3ur 6cbwqb1 atyjizu sg42tp6 vgfz0f1
Node 1: 2ygkb98 89cu7sb e55wva0 n8u0vos vrycgme vy1wbdw
Node 2: bwqb4jg jcbeur2 xcdel5v
Node 3: 94rxvz9 is2lwfs kul24u2
Node 4: ctsfbdf th93l1z z5pgt0p
Node 5: 9rpvo9z eu57hl1 o3e0042 okfgnpu ovwamhz rab8gi8
Node 6: 0uf2vk1 ymy788o
Node 7:
Node 8: 7cekq6l
Node 9: i0f9hf1
Node 10: qmfpuau
Node 11: 3me3kpv 88h2nkq moommy5
Node 12: hrtlw0a osdklyq
Node 13: eebmm36 ycepsu2
Node 14: eknlyce
Node 15: jeioqkg
Node 16: 3yhqogy
Node 17: ip652gc
Node 18: pbygw1b
Node 19: vx1r8kj
Node 20: vns3tr2
Node 21: 18p8rl6
Node 22: 05zhyk9
Node 23: oz6xngf
Node 24: 1yv1g48
Node 25: t6387y0
Node 26: ujobndc
Node 27: abbfyku
Node 28: 1xybkhm
Node 29: ksru8hs
Node 30: 7tzp8y0
Node 31: 0wwkzfe 1ju8yg3
Node 32: v4gcc6h
Node 33: uwm6kfo
Node 34: ruc66sl
Node 35: lc8n8h6

Node 0: 0sbxl6i 2hjzkee 7g1kgbm bju34lp i2ddfpf igbuc6c jjpol4a ju7ie89 m3zaf6q ps4gntc y66yxs7 yhctzg7
Node 1: 4urlfrb vcy8rwr
Node 2: etn676c p6b35z2 vv7ps1m
Node 3: idfwu0l ua97sk3
Node 4: aqz7ti6
Node 5: obbpbwe
Node 6: 6caljji
Node 7: iyqusw2
Node 8: 5um7bea gvld3xd
Node 9: 55m32wc fi5bt3g hy7juer
Node 10: 0omievz
Node 11: 1nrgc1b fp4yp2h hedn51j
Node 12: l6n1fe8
Node 13: 6ypkhzv
Node 14: c9msf87 hleshx5 oiqv713 pieuoa4 r0ec81m
Node 15: sn72miq
Node 16: 5cymcd8 uqh6vb2
Node 17: z8i2ryh
Node 18: bcuamuf
Node 19: 0kb6744 c8k9cxj
Node 20: wjn09gx
Node 21: 99jf4hg
Node 22: 2ib666j mamefes
Node 23: d13eo6d
Node 24: l1unxqb
Node 25: 7cmlilh
Node 26: 6uhqzjt 7690qs9 j3oahcr urntdb0 wt9b6sp
Node 27: e4juf87 whaqxug
Node 28: 2srpacn
Node 29: 0ka2lde
Node 30: 7slsrv6
Node 31: 000r5j7 55m51p9 c308rdx
Node 32: c9u1nqk
Node 33: m8ce1d8
Node 34: 2k7jruu

Node 0: nuz9su3 nv29bo1 ril04hk
Node 1: 6bomzhd cqef4pa hhcdpzl mt55x0q q8512i2 rseq5p3 y6gitm2 ysqw2n8 zeboruj
Node 2: witngx9
Node 3: aa6rb6j sf84dtj
Node 4: uv4fwsr
Node 5: 2kst6mc na31gvk
Node 6: bo3np6k
Node 7: k17491s
Node 8: r8wvxg1
Node 9: g5rec1x
Node 10: hgyalvi
Node 11: 9ttbqt8
Node 12: pcwxoi9

Node 0: a934zgg egypog8 func1cc ofiqwo9 pjdtc3t tw3wbi6 ydbw1zt
Node 1: 5wcl9vc 9xjorae nbt0z2n
Node 2: nkdpqkc
Node 3: hgkvnxh
Node 4: dkbhl2r
Node 5: adwkmfj kovl3l1
Node 6: t0cd7a2 uy7ufzv zyog33n
Node 7: lizbo6f
Node 8: v3b6707 xkd11fj
Node 9: pa904gs
Node 10: filx319
Node 11: gzhh8r4 qqrfjbn
Node 12: mugrfl2
Node 13: xcf3q5s
Node 14: dzlys0b
Node 15: dyh895l le9ajm6 q8hypj4 r8a50im z4zjwut
Node 16: 13m6dwk az68la6
Node 17: ng273mp
Node 18: 9z44mmk f13tcrf
Node 19: 4e6e2hq fxtokh9 uq5vnnp
Node 20: m51ccqw
Node 21: mthhf3s zaq2iya
Node 22: d91zvq5
Node 23: mtb2m6g qg6hfqt
Node 24: eb9b8lr kxcevmv
Node 25: fgua4li qxjx4si xyi3ndw
Node 26: jhftjg0
Node 27: yjxl0u5
Node 28: 1r15xky l6cye5b man8wmh
Node 29: abgnm2r
Node 30: 8pl7mr9
Node 31: aupsvpe
Node 32: y1qvk8p
Node 33: oxg5n7d
Node 34: ct0jk7t
Node 35: jyf753e zogaltn
Node 36: i6n2i7b
Node 37: niq5ndo
Node 38: rle9063
Node 39: lqndn6q
Node 40: af1r8tn
Node 41: 23i7753
Node 42: jta0uru

Node 0: 7ns0j78 9dhsbuv
Node 1: n3plx0e
Node 2: a1oeeoo lrdjp83 npci4ph
Node 3: dedsm0p upuzkmj
Node 4: k1tzgl1 ka2eplg
Node 5: dbc8gna
Node 6: 6q8exhb 9jbnzn2 w86j2vy wxyqkjg
Node 7: 8krl69z g2qp6yu
Node 8: 41dnr7z
Node 9: 34s51mm cd1nxxf hqvrx1d jc7e92t
Node 10: xeksbka
Node 11: r0midya
Node 12: hqstdo3
Node 13: dzn2o9s
Node 14: 400ca0i mquj8q2 ocaklfr r2gapz0 z788x2n
Node 15: 0vl7fkt lb61l8e nkxq5f3
Node 16: a8fpmbd
Node 17: txbvpg9
Node 18: b7cwc14
Node 19: cskm1rq sxpxlut
Node 20: ejs8waj
Node 21: 0mlwanh 3bsqecf o5dy7ba
Node 22: nqkd8vu
Node 23: 701qd5s 9dlnqd9
Node 24: sahqlpz
Node 25: se1ktr2 yqf3y3q
Node 26: 8f95zvw
Node 27: 9hbrinf
Node 28: c87c9i1 ffamnlv
Node 29: a7la0il
Node 30: b4n4u3q
Node 31: 938k6cm
Node 32: objtxx3

Node 0: 2y87oej c6bhy15 eh2h5za qo0u403 w7hgep7
Node 1: 69jssw8 gqzfnon nlri2o1 oisswgr vmj2qbz zgosker
Node 2: asre9di kereovu
Node 3: 0uyns4c 3pgqrkv 9pkhr9j depx8ms h55102p kyc6i7k lcdg6w0 mm2jwyg npi5tdb p5jt8zb sgy99r6 styupv7 tbvslx6 to5h2qk vzkv4j5
Node 4: rtstotn
Node 5: 2qvg45k kidxsn7 l6erpgn zwj154r
Node 6: izzfvqv pudv0un
Node 7: c91qj5u
Node 8: 0gxc98u lkmeiox u3537oq w52ut8d wix2pou
Node 9: iv5uauj
Node 10: 79tskwl d7sztgc kqwakg6 x54hg48
Node 11: ru4hgnk
Node 12: e4ehiy0
Node 13: 2uh6dai eihzndg
Node 14: 47fx63z
Node 15: 0y9qhaw 2zh045m
Node 16: n8dfal4
Node 17: svox3p4
Node 18: xwcihrz
Node 19: 8bqi0qp
Node 20: bpvwr6k
Node 21: zawzhrc
Node 22: 90zm34g bnc6cwm
Node 23: 5yl7hny dxwfqpd
Node 24: 17qb902 4fjysl8 xg30xoi
Node 25: 15p1uaq n252wfy
Node 26: 40wpnpi
Node 27: hfcgeza
Node 28: 605svh1 oj6n2ng vausly3
Node 29: 1uvcdc2 87v8xzt
Node 30: eaj6699 qa95k06 qxhrly7
Node 31: 0a60cyp
Node 32: 1hbtjt9
Node 33: 83ckcwt a48ymhc
Node 34: hn0uyqh
Node 35: vycelji
Node 36: a7env1a
Node 37: y63szyp
Node 38: bvvs0wg
Node 39: ioynpn9
Node 40: gpnpn2w
Node 41: w5ud85v
Node 42: 7tfolz1
Node 43: tl4hxrx
Node 44: 3sqjblu
Node 45: uj714eh
Node 46: ligwyv1
Node 47: h0rsdg8
Node 48: bnyq7nh ddsnyw3
Node 49: jfcxicy
Node 50: oldt9kv
Node 51: qm0kwv2
Node 52: gvsg9iy

Node 0: 1bxydms 2vbcrte 3mpbxsx 44pxkdq 4cdvcx3 9u9n51i c0wnkm4 dbk9xv2 evqklmx i0p46iq kkkh5ay mzmnbcp r5y12wm u4m8xpb
Node 1: 11lfj88
Node 2: ke2twdg miuxwwu
Node 3: 1229ox3 38xgmhz hsyq5nt k2idla4 q625sby ydpxm5l yj3exjc
Node 4: dxljw2y
Node 5: 2rxsh1r 43vxuwe 9vsxtvp k65lizb
Node 6: mai30qo r8acho4 re6h518 zfec7vx
Node 7: 1p4g1b3
Node 8: 7t8qqi5 8eupqwl oowqff4 zszef12
Node 9: smliyr2
Node 10: 30zogq7 8smm0e8 cubaogp hc8kfvy
Node 11: 50u8lw8 8ltthmm 92r6wwm bfu6xkx srwjkc2
Node 12: 0k5yt5j 0wpc6xt ak99nqi hha7swx nqx8ls7 yk2rikn
Node 13: 26ofc2d qwg1k4t
Node 14: l23liab
Node 15: 5q5e25r
Node 16: cm1g9ll l87qt6f
Node 17: 5ty3jfm
Node 18: k5ds043 sjoyvoi
Node 19: 2l2rzda
Node 20: 2tl6rqk g7s0ga1
Node 21: gn5tfov nzh6vqk p435bxl
Node 22: ywnpf9e
Node 23: 2mhuig3 a8u3q8a fvkg43k yiqeib9
Node 24: hzplyzf
Node 25: 6c9z8hp
Node 26: 3g1lgf5 92mdia1 qtle3ky yyb5q1x
Node 27: 3wbon7t
Node 28: 2b9kcfi 7xmmxa4
Node 29: rkrgzif
Node 30: hbdvxth vzwu4qe
Node 31: n2sma0p
Node 32: 2b62px5
Node 33: emgada9 og0h4fs
Node 34: afic86k
Node 35: 9p8hyno
Node 36: r0ao2b9
Node 37: us7tyc8
Node 38: m5a6hua
Node 39: 8dwmafp
Node 40: oa1bja9
Node 41: pcj2zzw
Node 42: aww6oq2
Node 43: h0cde7e
Node 44: 14kmqq5
Node 45: cnjwbpi
Node 46: zmbxquu
Node 47: 6l8ic11
Node 48: i2d3dij
Node 49: t6axbf7
Node 50: q71sq14
Node 51: coys8aj
Node 52: hpxnr1f
Node 53: 38kqpuc
Node 54: uk7jhdb
Node 55: 973tjmn
Node 56: pnkkbzo
Node 57: yiq2ww2
Node 58: pnpgil7
Node 59: vrlxib7
Node 60: l7wg1kr
Node 61: h60f3sq
Node 62: qt3l4id
Node 63: 1f77drn

Node 0: 1ehtxi9 8fdbp9x ap1mmhe jx6injb mqnkn4n o74nxd6
Node 1: n7u33kr qcceiue w34anro
Node 2: 751o0rd y8s1fym
Node 3: vlyniwa
Node 4: 18rtw1w def2y8a zhcwhhm
Node 5: 17wp5hi h71c93a vg9txro
Node 6: qinu62e
Node 7: ae8938h eyr7pzm p4dft7k xxy0308
Node 8: d8yjk9j
Node 9: 08rn06m dscl6m7 fwlt72e q8e2vg8
Node 10: ajc0i8g
Node 11: g6el1dm
Node 12: 9l5of9l
