Node 0: gqdumur nxc6ne7 u1fkxu3
Node 1: 1b7xxv4 1t6c04o axkdn6a cndrtth d8jaxhv ho7q3rc jojczj8 r4u3exo tumdj3i y7udst3
Node 2: 1oke21x
Node 3: 65wyawd
Node 4: 3qwnvo3 dd2cdw6 foioj0f rmbi2yc
Node 5: 1sleis3
Node 6: c2tzzer
Node 7: l9ariag
Node 8: nr9olus uwlr98z
Node 9: 0zmmspk lfl2soi uplrmb6
Node 10: 3rzewlv bsz59eb
Node 11: r0k9zzj
Node 12: sj9sn8w zyamuj1
Node 13: 5o66k6e
Node 14: r2c42h6
Node 15: 3ajbn04
Node 16: 07ypp3z 33pm39h
Node 17: nmr3pty pcbstip q3b7ely
Node 18: 8vi5qyv
Node 19: tfitx5b
Node 20: c3f9ouj
Node 21: ff1gf2i
Node 22: qq20z4b wiubuge
Node 23: gjm8zyo
Node 24: sdm15uh
Node 25: yn7v32x

Node 0: 22nrvbg 38x69y1 a6xhp8i cuc7sxl mxw382r mzvkcpe wfh3zls
Node 1: 1rbhnm7 5v9kyte fiw0139 si4fhg2 vlxv4qt
Node 2: hg999fo
Node 3: 1ec8mf3 2jk04fr gwvy45q
Node 4: blcte9y tq3ktse
Node 5: oh34xb9
Node 6: oy7gckc uhrs73l yfyfzsw
Node 7: 8qknlvz ritly4n t5mj7yq
Node 8: 3nc7j39 qgksy6g
Node 9: i8pokqz
Node 10: 3lecy78 l10jwyi nk8wanx
Node 11: 0s48n7w 3if3mu5 a0pi54p orjfh9o r5zlw9f t4cmr5w xhv4etd zxugxv6
Node 12: js0kqti m1x0eky mibaop3 wsks9k5
Node 13: bzyl0zv
Node 14: ddgflsf
Node 15: 4dfybk4 l2h8igh ll1a1ug vxxk71m xqgqgwz
Node 16: 091q9z6 h0vj07a ke5iynt vetlf4m vuh02sh wmnboiz zcow9my
Node 17: 14qk0td c2gfz50 ib5pctz
Node 18: ljkdw93 wvrn9dm
Node 19: kmhzyse
Node 20: utnvelw
Node 21: ipsk33d
Node 22: 3fz45xu
Node 23: 62iys7a wwp9jl5
Node 24: 27wzr1z szkdkeq
Node 25: slf14qe
Node 26: 41gosjd jlaw5h9
Node 27: c0inc7v
Node 28: xmtesmv
Node 29: gu2yalm lgtp9sa
Node 30: 1y0x6pr bcjdg81
Node 31: j9c943e
Node 32: b2kfu2b pelgtvs
Node 33:
Node 34: sn4kocz
Node 35: 7fe0vp8 ddztbjj
Node 36: htaie5q ljyashi lzqeix5 wkzf6tq
Node 37: xq8l1jj
Node 38: fwqclh1
Node 39: a0xa5qy
Node 40: lp1ldng
Node 41: qi11wyi
Node 42: tzz2vug

Node 0: 29bl2ju 2hh73j7 2tujk49 3k1klw1 4v8v9ff 95uwuiq d908wfd da270lg ek2md78 l5g99v9 lo6zvqd mrimwg5 q27yda1 qsfmjrn vbqgg0x vmai6lo
Node 1: tovozlm
Node 2: 0zaxhuz 3cnidff 4tt2yes lw44emo
Node 3: cxdktsc ktajrx4
Node 4: cfbgqto
Node 5: scadrrd
Node 6: bjl59wh
Node 7: tb8fdvk
Node 8: u74ft9k
Node 9: d43u965
Node 10: ke0qjkd
Node 11: nd0t284
Node 12: 2lqbl62 e6o4mak lhp4ooc
Node 13: 1ze10y7
Node 14: 5qolgrt xqmc7t6
Node 15: 6e3pnuj
Node 16: 8nfn54j
Node 17: lzcg535 zhxp3cm
Node 18: 57m8a8p
Node 19: xr81d0w
Node 20: nv6tmkh
Node 21: 1kulbpu
Node 22: aknrz71
Node 23: 3denuw9
Node 24: qgsytd0
Node 25: 1h7snu2
Node 26: 25ufu18
Node 27: jzec5gw

Node 0: 6v5i0sz 7h1y02h b4x0ejh fa5gvyc kgpa3pz l2c5u6f nzx2liy ppaqd92 tgy83dv wfvkffp
Node 1: 49atufu 93wkcos jv3yopf
Node 2: 4309rru o7zuyz9
Node 3: o9v2a07
Node 4: ukjikly
Node 5: 9kpn3ol
Node 6: lib5v8t
Node 7: rrbfpym
Node 8: 0a3vjgl
Node 9: bt0bao6 u98kloo yairmdn z4bjjlu
Node 10: s94ibtp
Node 11: zv0r0wc
Node 12: 296p9v2 droalmt
Node 13: bn72bah wj88hqw
Node 14: yt03j7s
Node 15: fuw3hwj
Node 16: 7yxttxg
Node 17: yp3wedj
Node 18: qos3rfn
Node 19: 3t8i5b2 c8v16nv oedzfzs u7ohvyg y3qlmk4
Node 20: vshmjds
Node 21: vmi9xyv
Node 22: 8e061e3
Node 23: n47ri1i
Node 24: hyf0ipp irxal91 u8hfd8v xycjd8y
Node 25: 8rqxfsv cqf2q5v verxpkm xfbnv23
Node 26: srolfvx
Node 27: md9lh9g
Node 28: z5hpgba
Node 29: xrw0r1p
Node 30: xw98eq4
Node 31: 2rrqwap
Node 32: pqr51bk
Node 33: g6rdp85
Node 34: wi5lvbj
Node 35: uwmhwuv
Node 36: sxbzbfp
Node 37: 3rwyjf9
Node 38: 50n34hw
Node 39: a5f1w98
Node 40: enej7li

Node 0: 0cirups 0tbb2nk eoe1sws f1q1i8m pzqw0ia q58e5io sb4bzl2
Node 1: 0dqe2bl
Node 2: e2vc0p8
Node 3: ui5lprl

Node 0: 6yhfr6c bi6wsyo qh84d6m s2cdiis scblc10 x13qvoo
Node 1: 3ts4fq4 b265zy0 e2m5cob
Node 2: tupx60f
Node 3: icijr4n njft2mn
Node 4: 882w7xi

Node 0: 5wbfjxw 9f6alr1 cdu6wlj fss67lr gsu38pw pqjhtbt vtj8iwx zo8skdw zqddchq
Node 1: kvh0isn l6p9p74 mqgzzdc
Node 2: y8capme
Node 3: 9gm45u2
Node 4: 3fdzbm1
Node 5: 8mcm8ra
Node 6: 3wppt35 468d74c 5zgr1gt 85iqws4 n0hydp4 pq528rk rntszv6 t71mnqs ufgsfu0
Node 7: ixamnvo
Node 8: tzp0j35 x8uozqe
Node 9: la5fx5w
Node 10: q1kg45m w1g7o51
Node 11: 5ohlti8
Node 12: 1n3zwf0
Node 13: 4oh6yxq 7qdzok2 o1ghhhd
Node 14: 5y7dqe2 mdksl0c
Node 15: 0je88d9
Node 16: 51irxl5
Node 17: z4yryde

Node 0: h8l136o l0e9and
Node 1: noz8fr2
Node 2: klpbrsg
Node 3: agh2g5e gn1i8tr twlk09y zugumw0
Node 4: 9rljbd4 cxa2plr mukbhn3 ni9s7f5 tkn3jcg uwpodwg
Node 5: 5omb8ya atvxeqz ay07260 hu6op3m i0y0p73 oda0s6i ozy3b2n s9fvbqo
Node 6: 8w9z3ni jdchekg pnzncmy
Node 7: keuppcq
Node 8: s0okpqg
Node 9: 5gh9mp4
Node 10: m0vop6d
Node 11: 946588e
Node 12: cc8qjqt
Node 13: hca0nbr

Node 0: s4q7sv5
Node 1: dvpdj9j
Node 2: kpga3wg kqu0l10 q5thmj5
Node 3: 4m9n0bh yga7391
Node 4: xrrtd1z
Node 5: 3lh5bcz 8md8q54
Node 6: zrfi4n4
Node 7: wbjbejk
Node 8: xwjr0yn
Node 9: k0llgzc
Node 10: fwjpgcr

Node 0: 5xd3moh d80yr5c sy9lbcs u98fmkx
Node 1: 3cjia95 5t38q3t fef471i fmkxy8w s8it3mr t4x51p9
Node 2: l3u2y4g sb4vcwx
Node 3:
Node 4: 3822pgv 5svo94w olkd7h8
Node 5: 9wrhrjs cp89bt8 tdwrlmc
Node 6: 17hvqn3 sydrtg8 xnpslli ynrlnlf
Node 7: dp41hrb
Node 8: o03h5th
Node 9: 41yzcv0
Node 10: utfkhgr
Node 11: efsjok6
Node 12: 3dakzmb bhz661t r0b06tg
Node 13: x87le8i
Node 14: ivssh7z
Node 15: 059qjke jt05xav
Node 16: ebqptwu
Node 17: ts3lm34
Node 18: uye2q6d
Node 19: 21iypmo equbo4u
Node 20: 7uk0ksd vzxeeov
Node 21: gg4q48d
Node 22: 37zpokt
Node 23: 4g7fz2u

Node 0: at18fi3
Node 1: auubmp7 cnqrhxu og5t99z p8nn32n sitguoy
Node 2: 3kwv73x un6xix0
Node 3: cn23qd9 xbicxck
Node 4: eqkb7zb ltotlwl sb6lebq u53eziz
Node 5: 5klqhxb c7uzuvz
Node 6: 7lzudmi
Node 7: yf04k3q
Node 8: iqrbqld
Node 9:
Node 10: 9qrhi6t hymsey1 q34t9mp qane34c z69d644
Node 11: 5qlfd87
Node 12: 1wnxj03 6yl84lu 9wf73ar xbzqqio
Node 13: ng23rvk
Node 14: 2y533u2 rst25mh vzqux7o xdwwal4
Node 15: tg5nodq
Node 16: y7kgfbo
Node 17: 0h0fquk 25jzzsv lrytjoa x49r76z z9wv7uy
Node 18: vfanl6b
Node 19: eoh0l5b hzegry4 lp2qcnv
Node 20: kk0ikxa ksfb7ut vz9xjta
Node 21: 6i6d42d gru63mi lfyt6o1 mk8wzxc umq04u1
Node 22: 08na1bg
Node 23: f91bndn kc3ygtx
Node 24: 4r5xj05 9red2xg aply6gt dbwpa1i eq3gh0p hi7yyii kylqvla pt4vlhw
Node 25: ex0ihsg
Node 26: 0en1vha
Node 27: ms59ibh tmbcshe
Node 28: a9q0el4
Node 29: ynqmu0b
Node 30: r5g0fjg s3ih80q
Node 31: 3dg7i6r nnak7k1
Node 32:
Node 33: 2z1gh6x 6eoun70
Node 34: 1d2bhto jn1ns0w spau19t u8nxypr
Node 35: sqe4hse
Node 36: ez5mwmv
Node 37: 0rrvo5v
Node 38: 4otk3qb
Node 39: 9fnkjcr
Node 40: hgszjcd jnis9la
Node 41: ct7o86k
Node 42: 1azu4or 8hw721c
Node 43: aq6y1k1
Node 44: bxl4fs0
Node 45: 86amt5p
Node 46: ntyexoi
Node 47: d34vpek
Node 48: jxwmwis
Node 49: puy3dqd
Node 50: 4lh44l0
Node 51: 8bm1h72 i5v5fbx
Node 52: n4egmd3
Node 53: e9xynz4 roovyni
Node 54: 036ir1r
Node 55: ggl38c4
Node 56: r9qop54
Node 57: 2ivjktn
Node 58: yx2ec8k
Node 59: o77yadb
Node 60: yv48orh
Node 61: ktsk955
Node 62: b4sq86n

Node 0: mh7i1sx
Node 1: 2b8qyet 690ji0j iwf6c7b

Node 0: mjs774t q2g0x1j
Node 1: p4wskx9 rxldmqj
Node 2: 7jat9z2 7zpu615
Node 3: 0j39sak
Node 4: 5umy8i9
Node 5: u87subl
Node 6: 0x1lclj 68zbfiq 7a4j47l ep5g4jb rt0pk5h
Node 7: pj6mrfi ulzhjuk
Node 8: da9eptr gqbyo7t v5n0nep
Node 9: 5v31i5j jz4u3l0
Node 10: 5jctpzy az15ue5 k17slk2 xf7zv6i xvqtbu0
Node 11:
Node 12: 5b70lsz
Node 13: oe4fp7a
Node 14: xn2qyts
Node 15: 34igzkg 7urwed7 kjfslyx
Node 16: 1nypopa
Node 17: 5fkj3g4 5yuw3z6 jucb39e
Node 18: h8rpijf jqm6kur
Node 19: 4njv4b9 ixvfv95 mhgmqnl x4z6cus
Node 20: gupkwdt rgi9fs1
Node 21: ibwdlhk
Node 22: yr44ntv
Node 23: fkkmtxq imjowb7
Node 24: 5ijsdy0 hs0iahf
Node 25: 5hakf4h
Node 26: hbzsi9u
Node 27: 4uvqxn3
Node 28: 5fhilzz m60du52
Node 29: t7s6xkb
Node 30: d4n3aw4
Node 31: g65gjro
Node 32: 0ek714e i1q1815
Node 33: vbq5xwz
Node 34: ss4qbkj
Node 35: 6s45njn
Node 36: a88oosa
Node 37: 3lqwl94
Node 38: zzoghp2
Node 39:

Node 0: 2a49mru h18262p
Node 1: h3tdcoc lnpyib4
Node 2: r5l8n1m
Node 3: 31zd41s 3h4sk50 4tbrvc3 ggra5jt h65y4f2 saxiisb zgry4gx
Node 4: g4iegfn gni1po1 tvcf5uc
Node 5: jn6i0ct
Node 6: 92i3tsw fk7od6c h6rdnnf tm5cahs
Node 7: vumxyeh
Node 8: haj5awj z7kv573
Node 9: 54h27xb 70kaw4j no4lq7i
Node 10: 2xq1vpr qtu0162 vvc39n5
Node 11: 6rolwtw b8y3lpa
Node 12: cekfja8
Node 13: 2b1o494
Node 14: cm1jt2a l4ohp41 nu0ov7a
Node 15: 60jvufv
Node 16: 0wp68bn vjy9aaw
Node 17: n6pwsdv zukirva
Node 18: 2c7dh02
Node 19: h49c25k
Node 20: aq38hjg
Node 21: 064fyi7
Node 22: hjm934k
Node 23: xn3pi2s yovv5jo
Node 24: 615l5ln f2mrtmd q85vkrc
Node 25: 01cggs3
Node 26: 7iad1im a95je5g nwkzaw4
Node 27: pag0wih
Node 28: 8jpuzlf
Node 29: nnwjm2r
Node 30: 2b5cwzz
Node 31: 545s9v4 6wg1vrm
Node 32: 2ilvuu9 g0p14cd qg8t7u7
Node 33: nk4bv9b
Node 34: 1rbv3lr
Node 35: 30ybfa5
Node 36: e652wsu
Node 37: 3iuezba
Node 38: cfkgh6h
Node 39: m9zlme6
Node 40: 4oohd47
Node 41: qd855po
Node 42: vp97ghm
Node 43: 5zgi624
Node 44: dspnjsu
Node 45: dodqt3h
Node 46: mmm527f orq26qy
Node 47: xaht88n
Node 48: q7t4zv2
Node 49: phv8kyf

Node 0: 3jsegta m4tgdqb ymt1plj z2iuote
Node 1: fh4uwde gznud5j lxo40yk
Node 2: 2lvejgy cj29d4e e2nihsb iru8u76 jwu0jga ty2a3o1
Node 3: 6hjckl3 fzrisqc tw4y93w
Node 4: euaph0f
Node 5: 3qhjvz9 8crf0d4 9ebk72l k7l8i4q w1bt06e
Node 6: us4xlay vnuqgye
Node 7: nb2v3it
Node 8: 4l06qle 8lhdczw jqzu8xv jtk88m3
Node 9: 14i3kh0 8o3chhr 9uu5ou9 a3xahup qm1483d r3d1l5y ts3p260
Node 10: h7qsp2v pa5rlgx
Node 11: cszk77b ouo9kll
Node 12: gulbahf
Node 13:
Node 14: 2kiz066 kntu86p odg6oib t5iyopz
Node 15: cubidwt
Node 16: imc37hb iwnuhu8 s8aocrv uy7g5fk wo6cg33
Node 17: ly3f82h vtnjw3z
Node 18: 410ypg5 l4ksy5r
Node 19: h92236h hrhy43z ud50rz0
Node 20: 4gqi6cg jn2z4ww
Node 21: bruccsc kqyj8wr
Node 22: uoj2cpq
Node 23: 0t2y85k
Node 24: 18y8rdd w6fmieg
Node 25: smo1ff1
Node 26: 2swdqay
Node 27: 1ixq6x5 6odty3y
Node 28: bhgb0oy fpmcd46
Node 29: ixj2ew3
Node 30: 3vk3q5x gmv2juh iancdvw ii4yntn oh60ny0 xvrow1n
Node 31: zxrxua7
Node 32: juj3e0i rt0g7f2 v1h59tf
Node 33: 0uanpyi 83g40v8 buxbfai
Node 34: 6p0m6q7 6xmsjd6 pzu6aui s46cu62
Node 35: 02vq7rk 5grr3zu 71kelyw eopj7wu js3rhiv s1ajnqk wyt2qgh
Node 36: bm86knf
Node 37: 1otxgm7 3fkv7mk
Node 38: 6ryktxj
Node 39: s90uutq
Node 40: 1yqzwbs
Node 41: enib49i
Node 42: he6p5nf
Node 43: b7lvjjk
Node 44: 0t7xuy0 tr95420
Node 45: abju6qr
Node 46: omhxu13
Node 47: 582tunx
Node 48: 9ubof5f b1bc59l
Node 49: 6ppsz2w
Node 50: l9mve2i
Node 51: 9vzr9pc
Node 52: o6m1exm trxpa9f
Node 53: eiyz0l4
Node 54: x6czdna
Node 55: f84msm0
Node 56: bmmqe64 ulwni84 wo38uso
Node 57: uirmgiy
Node 58: to3w7c0
Node 59: 8mm8wzd yssz6km

Node 0: 2yc67jv hajkbb2 wjc46dg z60bkl9
Node 1: 11uinxg
Node 2: amb36cz dfafs2w enqcx8z yss2yup
Node 3: 5kgqa08 caqw953 jlq3src uhmacee w8j9v9r
Node 4: 3qhslwm e6rsygb
Node 5: 09za61j l8efd20 l9c41u0 sz22j7c
Node 6: qsop9pn
Node 7: tm6w5iy
Node 8: 57j751n o2fhnqu us81xt0 vs437vw
Node 9: b7ge8h8
Node 10: 7jy9mxb
Node 11: 6p4na7h 7e66fay
Node 12: f63zxdr
Node 13: pktevjb zocwmgv
Node 14: 70gnv51
Node 15: ck4ddv0 u27ohp7
Node 16: db77e20 duyxrdp
Node 17: u3mdpwq
Node 18: a78d70b
Node 19: ktvfwlt
Node 20: ifywxx9
Node 21: 48l8uq1 9xp4n42
Node 22: 4osgweg 8tdnzas gucmixv mkdyn4v
Node 23: f4i4qtl xx062xq
Node 24: n6cmzgv
Node 25: ce1gkx7 sqt886e
Node 26: p251dyd
Node 27: muaws5o
Node 28: booz6dq hw70qo8 m807rhb z5aaolk
Node 29: d5cxl8u
Node 30: dhqpd5y
Node 31: k601gz2
Node 32: uf13vwt
Node 33: sq2btmw
Node 34: 14lhq1w 2eon7qo fkvp998
Node 35: uxtf2q9
Node 36: kg1xtkq
Node 37: hnnqxwy p4dpq6h
Node 38: 0wrmnz1 oksmrm9
Node 39: tkdxy3u uh0i94z
Node 40: hce09gu
Node 41: j5qarbk
Node 42: lf9hvmv qm4gpod
Node 43: wnbhy1w
Node 44: 895yixs ieug8e0 kksi23b
Node 45: rfjwtdr tu1dfxv
Node 46: j3gm4fh
Node 47: u6zndpi
Node 48: qwowcqc u6al42c
Node 49: lii1s3d
Node 50: 0jlfri8
Node 51: 1xl16qj
Node 52: 0vkukdp q5900p3
Node 53: mb89141

Node 0: baw8yhd bpcn8za d56t24q iva1paz oje9o3s v91ms7p
Node 1: qz2ob7z zwcsu53
Node 2:
Node 3: b9b1rik

Node 0: dbimtpv
Node 1: 1prmp1e 9wrr3vp t0qjxcy t2fub5n wg8q07p yg7y6x5
Node 2: 0j0rm6r 4ov9oec 7bn4u58 b3yybwx b4oq6xk c96c2o6 dfdq0ui fqn0ule lpih1cf o28etwe uvaj6t3 wkrjaij
Node 3: 2uetdxs saldinz
Node 4: 7syslqz
Node 5: hp7xs53
Node 6: 00xb4iy gi5qj7m
Node 7: biuu9p1 sm0h4i0
Node 8: 0dpka4o j9fafj0 p6dh1jd
Node 9: 0g78ma5 2da4uob 91lzyod
Node 10: 3339s3c
Node 11: lbgp2zc mkhz2oi
Node 12: ih0sctl
Node 13: agy6iqn
Node 14: mvh6tup
Node 15: zlgz7u8
Node 16: 9irri5x yqodiw9
Node 17: 84sv239 8q0egcp 9rkk1e1 ivnuzyt tmbykj8 u2h5nq9 ulx7rgw
Node 18: wtjk8e2
Node 19: 6ugswql
Node 20: 790fgvk
Node 21: o5jifud
Node 22: 72n59ss np5i0p0
Node 23: hs6ciw0 lh8pom5
Node 24: fnhoo8o qtgdcm2 rgkfam5 uz04t7c
Node 25: tiebkks z9uaphi
Node 26: va7hgv5 y3zmfdw
Node 27: dnhc8x3
Node 28: 22639rc
Node 29: op3g50x
Node 30: ub0lqof
Node 31: x9dmj9k
Node 32: 0c8c9ti lqw0czq xxfvq2x
Node 33: fi4qgix rty02vm
Node 34: 5cq1g1u
Node 35: z1nt7m8
Node 36: hay60gc
Node 37: cf2x2fd
Node 38: kgvxdwy
Node 39: vrjx1oa
Node 40: 6recwhn
Node 41: 8x1mo62
Node 42: g7hnqqw
Node 43: y33c4eo
Node 44: yjlxp7l
Node 45: djm8npp
Node 46: 5d7zug3
Node 47: imcqzwl
Node 48: vm912va
Node 49:
Node 50: omoje1m
Node 51: hwaif16
Node 52: v1nrlm8
Node 53: rtgfn9o
Node 54: r4ti9uq
Node 55: oft7zzx
Node 56: 5wbt5sh
Node 57: 6al5at0

Node 0: 4h5kqsl bb95v14 cgf6lvj dl2bqad lctns25 r8sr55z
Node 1: ip087mn ja1tqvf
Node 2: 13kcvxm 22jwijo bmtm3u3 bujtwgq dfvgnon ejk7k77 f700tw2 hewm2nx jk36k6j l6g7tcs lblnnkt lc6qdix os9mnd4 p51co80 p838qhd pg6kqv1 qlp78zf sjh4vtg wm1gxfy
Node 3: dhu9nty dr451v5 uigb2zy uynf80r
Node 4: l7iuzws
Node 5: ayxzefk u91egjc
Node 6: 34tx5hm 7i00dg9 c8fgzw2 jl8h9mv n702su7 pgxz6jh qgtpybd
Node 7: ejou1z8 q639ts5
Node 8: gynzw07
Node 9: 5wd6vca n1i3u3t
Node 10: c79ssvp lcwqwmt
Node 11: u52h6ba
Node 12: 7x9kpm3 82264vi 8tl0ugr jq7j6nc
Node 13: fy0b392 gqpt6cp hnfrtqh jgg4syb y02vw9w
Node 14: l2jp6yz
Node 15: r932i42
Node 16: m9aga40 x1uivrk
Node 17: 40vfoi8 9kryxyb bj6tax9 gcjtlzh qa8d1ta
Node 18: 22e22hx
Node 19: gskkwxu
Node 20: f7hncn0
Node 21: lnknzrd tthjat7
Node 22: nkfk20b
Node 23: 26y59xv
Node 24: 4y4f37i
Node 25: 2k36r94 hm736hr l7odchh nibqgtz
Node 26: k30t76n sf7jw09
Node 27: w1fy6es
Node 28: kxgnizs
Node 29: 1dnbk1l
Node 30: 43ydo09 4jiexj3
Node 31: 6dddekg 6w197at
Node 32: 96i01el
Node 33: fluyozv
Node 34: tiufl3o
Node 35: kmzm5em
Node 36: ii0kbxf
Node 37: 7ynaikl
