Node 0: 1ix09cd
Node 1: 7u75mpt y78h88u
Node 2: 7vl9ca0
Node 3: 8u86svv aijarbk bpvsuln vqu1frp y0x6ne3
Node 4: 20k58bu
Node 5: 3xrvtoy
Node 6: 7a2tpc1
Node 7: ud3lmtr
Node 8: 4g7hppk bu1kl5e hh7fnix kstjko5
Node 9: h5sqfbe vg950m5
Node 10: g6f0fa0
Node 11: 1g1youy wvjxpui xye8foi
Node 12: 5tz9kv1
Node 13: 7lgj2qp d3i5owi
Node 14: 01k00ne 79ssrnu f8vdp42
Node 15: wjadta6
Node 16: em5hlmc
Node 17: lhk1e9y p7j4iu4 y60ttvc
Node 18: adcnq8h
Node 19: uh7z4bp vdhyg92
Node 20: bw4nzli k2j1e86
Node 21: ixirn6j
Node 22: 04mq5kr
Node 23: 3n332fq
Node 24: 6cif21j
Node 25: cn0b3ph

Node 0: js0g41l
Node 1: arfx1sq
Node 2: m9km93r
Node 3: 9zckf38
Node 4: sw30y5h
Node 5: 31z0l75 6dwy9va 73nlm8o ct5lrw0 f6lm5gr kw9ro1w m8cz9c9 mduogyy mg547r5 pij7oe5 pl72ohe s76azxd tgorw00 ug9jrhu v2tp5vl
Node 6: qqf8w2d rklamve
Node 7: gwc20z0
Node 8: dnya0un
Node 9: 1ajak3i 1ts6hfb rugt4t0
Node 10: ywnj8gr
Node 11: agz7f31
Node 12: 1i0ovuo ue84929
Node 13: gyfin4v
Node 14: ntx5mcz
Node 15: qfedq7l
Node 16: fapehud
Node 17: enqzeu9 f2vn0vj gk7t3zs l9cg9ib
Node 18: bdsn3nz fthmco3 gci4bjt u3lkuq3
Node 19: slrs1fa
Node 20: vu7cf4n
Node 21: vmh4awm
Node 22: l4x2cqg
Node 23: 8qj686i pqoubct
Node 24: au1eejp
Node 25: 8b9zu66 afbcqdg dhn0xvu f221ga2 ikvb43p uvamd49
Node 26: g9x8lgd
Node 27: 63dlgo8 8ct8z54
Node 28: nfxwizq
Node 29: 9ppgshy
Node 30: 1s377rp
Node 31: gfnbb54
Node 32: rdsxjym
Node 33: ome7gha
Node 34: z8mfxo4
Node 35: huu0at1
Node 36: 3ndywvl
Node 37: kklm8ml

Node 0: 52helxy 6sa3wbx okid79n p5inlhd scqc9v5
Node 1: 1mgbs9t 9mp5mt5
Node 2: 4prkz8i
Node 3: br1laxv ck7gfll cvp3rc6 qsmxcos vk54pxs
Node 4: 2ngxw0e 907whs9 al6hllp bzjthr3 kyc11ik n6r1mw8 rdsl4uu
Node 5: tpf8fl9
Node 6: 04lgxlh fowsgka g4tt8ft vuf4rlq x76tiul
Node 7: 6bcrr9x
Node 8: gqd34fy
Node 9: fr4ftcs yqcdfdu
Node 10: 8ai3ok1
Node 11: 82p3rgu
Node 12: 5hbk3xq
Node 13: 4ypkits gfv3nsg jh2cbnc txgxhyp
Node 14: h9rvgle
Node 15: xn07u9u
Node 16: icbic3w
Node 17: buzey0m
Node 18:
Node 19: bolursn
Node 20: 60jlti2 g1asx4c gikuhiz raq0iyt s1lyzr7
Node 21: ddrpsdj
Node 22: d51aaeo
Node 23: p5a8awc
Node 24: 3dska3c
Node 25: 6ahe0xi ejub3r1 hax2ock ltc5sga me5o6wh
Node 26: 0taa0d0
Node 27: spdm3hb
Node 28: kxf5h3q
Node 29: caf1gmk
Node 30: fozocfz
Node 31: a70vuiv
Node 32: 8jc5m5z
Node 33: tvfv4p8
Node 34: edsrios
Node 35: lh8ke5b
Node 36: 3bzki3k 5lvdrt5
Node 37: fazkk0h
Node 38: iuusfnu
Node 39: 2yd5cm0
Node 40: 6bhuccu k6t3ru5

Node 0: 1zlk6l8 eqcykwn l7pj4je r0ek5uf
Node 1: 0xys1ro ku14op0 mjdkz0g qnujuh8 uiwccst
Node 2: 54ykw7g f8yui18
Node 3: 17d8l8m 4zi6z5n 8s0jit5 8ydlvvl bsbyrsz lzs5c70 og0o36z pwr49ot
Node 4: sdy9ou6
Node 5: 8aapnp6 z2zgfnt
Node 6: gmxktwi
Node 7: 88dd8su
Node 8: pmgc47h
Node 9: uwpcoh1
Node 10: yh5lsmp
Node 11: bg6efi1
Node 12: 7vlj0h7
Node 13: jg3x1to
Node 14: p2lgjkw
Node 15: 6pjnpma

Node 0: 4r21oo7 58kf37q l5tmav3
Node 1: hi64f92 hqpb0vh
Node 2: 8jxk9jq aa7rl1d mvoqr3r
Node 3: casv2mb qi51ayd z8xo966
Node 4: o602q55
Node 5: cqrkzlg f37myhh f6wnl3d k8uwy1h l407d5r plvv1lq ss0flju uzo2k8s vm6tgfz
Node 6: twsm79k
Node 7: 8gnimae
Node 8: l8ryx6q
Node 9: nrewwpf
Node 10: rynx6bk
Node 11: ixk14y2
Node 12: i9ahlg3
Node 13: irvnt1d
Node 14: 7hsjwaq

Node 0: 25orsap jj29ibz k6vjajd
Node 1: 1pojmu7 1psicr5 20ud0p5 62fguye 86n4t0y 9ez4qi3 cijqqpq fpj0m7n h78w5lk hq5h4mu jodvn9h n00aay4 nnjajj9 nven1r9 ow8c949 pn9fh8j tu9elnk uhhpkjt uuvqqmd x1v2ulo x8kubfs zm6mmoy
Node 2: ba3zv4k w15pmdy
Node 3: gnrpls5
Node 4: 5w012ht ewjbh52 idw4734 op0xd1y
Node 5: t95t0tv
Node 6: ngwhdlm
Node 7: v5p7my0
Node 8: gghb6vq
Node 9: 2v174tn 6tjlxg7 b32i3il
Node 10: 1j10mon a50bdvq bmi4fuo psa6qg8 xct759l
Node 11: 8prpg67
Node 12: 070wtmw
Node 13: ki0lufv
Node 14: xcsvgv7
Node 15: eogdg8w mabrmn8 v8y0kax
Node 16: 472zjqo
Node 17: pug4afd
Node 18: rsp6iix
Node 19: b3wtk55
Node 20: 9xob4gg
Node 21: gk1w5ak
Node 22: 09f5w46 1kninqh
Node 23: arw671k
Node 24: zyu86op
Node 25: kiyxmpr
Node 26: drz74kl
Node 27: fzaup87
Node 28: i4rjve2
Node 29: gbj4tnl
Node 30: hpk4irk y54lw3b
Node 31: wmiucds

Node 0: 3xtlgkd 4odry42 52hnv3w 6edvxrn 75r93f8 8s8hzw0 9zymwrw dk0xrv7 lst81l1 ml7kdjk nvfrzdq nyxqyqb p89v2na qkzegaj rr48xka tsn1kfv ww1jn2k yzlhdg0
Node 1: wtcojcz
Node 2: lykgiq2
Node 3: 6m2knno gg4pks0
Node 4: ks90eqa
Node 5: 640b65i d17ebhx
Node 6: 2mao9n2 gd8is0a lce0exz rek8hsh
Node 7: b0wt0c4
Node 8: 33nsoet fm0pp8b hb4ocvg jddewn0 xcov0ls
Node 9: 9nb8jby kn05tnb
Node 10: k7qa5vr
Node 11: m5ggl2b th7nxwr
Node 12: 3r490my 8tmhz37 d2fak9l hi9qmn2 zo291ck
Node 13: eubc4i3
Node 14: 7xqwl24
Node 15: 6n309vm hir8h34
Node 16: 6v2xahl
Node 17: g8joj7p
Node 18: avaj8kc
Node 19: ytbf2ap
Node 20: 9i4ndd1 cy5ruto
Node 21: 2w5p28k 3f5b2zx adcxc52
Node 22: e83dr34
Node 23: sjrbdcs
Node 24: 1k008ze
Node 25: qxnpa1a
Node 26: rcc0zo8
Node 27: yuvxl5q
Node 28: r97av4n
Node 29: gctinay

Node 0: 0bt1p9l uf2u7rv xxki2fm
Node 1: 9z7jxbv ky2wz21 l00od1e
Node 2: i0zjm1g
Node 3: 92ubkky
Node 4: px40ur3
Node 5: 7zw8hm4
Node 6: 6fm02zx
Node 7: 7q5e6z1
Node 8: kikbwyz
Node 9: 4ll7rm7
Node 10: ld5qqto

Node 0: 18pwma0 81olvs1 bmy6ewb fizwq54 gdug6py k2b4ngm pbm4jlo r32g078
Node 1: 9eux0hp dd69480 tuu70x6
Node 2: u4u0xqw
Node 3: gqj18jb sdpit99
Node 4: 0zyy8np y0j5q65
Node 5: dvnv0sf l3huyu3
Node 6: 36acmga 53skg9t 7visilo a0l5rtp eo00b3v munc4bo q4z5obs
Node 7: syk1d0w
Node 8: h5ahnnp
Node 9: 2ze3pvo 70znblf my22i7q
Node 10: wmfd6l1
Node 11: i8cjyz8
Node 12: l56xrvy
Node 13: p1lpwqi

Node 0: b0hkjfd g0ynmjn
Node 1: dau3kbo elurj7g i9akwta pylgeb9
Node 2: 7sj5af1 n2gf4t0
Node 3: 0llpnp9 6b0g9d8 9z89tvx a15m1ys cme8va0 hmyprh1 qeesgfu ui1hfsz z9ugphj zed32el
Node 4: t78r1e4 vazgk0z
Node 5: eh7yk0v
Node 6: olg3ow8
Node 7: ewvo66j
Node 8: ap7iv8f
Node 9: gvjpe99
Node 10: 6jwns30 ivd6t2z zo0gtzq
Node 11: dlci9sz vcxse70
Node 12: lg64ybi
Node 13: 3v9wcny 5ddobrf d1eca2l ikh5dc5 jyeewld ugvaxjg w4ms040 yeddhcu
Node 14: 9cl8xv3
Node 15: 768nyqm ck27st8 lcgnudo sfcw8jc yqh6vt0
Node 16: q7cl71n
Node 17: bdqbiul
Node 18: evtrmw7
Node 19: o36ksjf
Node 20: cv3llky
Node 21: dvtems3
Node 22: eyv4w58
Node 23: bs9l7ud
Node 24: 761p8yp
Node 25: s2usqnn
Node 26: jdxvxit zga1ad9
Node 27: 2yixfb1 7g5wiun 93q49ym gfgtrlq
Node 28: 4yh1kv2
Node 29: g7r7jr1 gde6kbz gnh4pdw
Node 30:
Node 31:
Node 32: md6u6bo
Node 33: cd4zhrf
Node 34: 1qb7fx6 q45boj3
Node 35: ge2gku2
Node 36: hedyrxh
Node 37: q1h44wn
Node 38: owur4up

Node 0: f6eceje
Node 1: 22wltr4 3jueq0d ozwg8tw v5os6q5
Node 2: aothdir dkr3yz5 f8vtl2t r912sm9
Node 3: q2uwcyv zyjy05s
Node 4: bok7ytz
Node 5: sib1uuy
Node 6: 1n9nv6z
Node 7: 0xj4tmv snn5yvp woyrt3u
Node 8: i0o0bvu
Node 9: g4n1q1y gu1z14h w0ltkzw
Node 10: 3ck3ezo 3y37f7t eec3179 hj9tpxn
Node 11: zukbbut
Node 12: wrtmf3r
Node 13: hrfjcpr
Node 14: h82vw0u
Node 15: bjbduep
Node 16: r1jyl8h
Node 17: gaj92yl
Node 18: nn23rnj zxfx94s
Node 19: sx02jvs
Node 20: iv3jt72

Node 0: 4q5911w bw8ife6 k46u9u3 lz02yga pcw5yu3
Node 1: 46zr12a 7l4fomk bjtvrpt egyik7z ffuwn3n h36bo37 hoof3pr jjqb4og k6qwcoy ojqqq6n q1zfxhi tovorkl v7fpwpl vq30prg xl09rin yssjfvk
Node 2: 0vn3v4b 0yooqbb 57d0otj 96i3uk6 aa9zijv aag6xkw o4in48g
Node 3: aakoqi2 qhsj48z rm1ve1l s89d6sw se83w3e yri8mpz
Node 4: gge8lqm
Node 5: tbqwr23
Node 6: yds2ul8
Node 7: 3mvciw6 c6ri23e
Node 8: 4eme7mp 5p4egtn juo78ig
Node 9: y7pwu57
Node 10: 62r8pa7
Node 11: wbvuvkj
Node 12: 7v0y9uy p9pbo1z qsil6wl
Node 13: 9j7x0uq
Node 14: ak805ny n4pyql1
Node 15: 26m1wz5 7wukl2i
Node 16: 1zcerrw
Node 17: 8rbfwku qpclbd4 x7na4xj
Node 18: qr32bjr
Node 19: t4oepru
Node 20: nezh2yr
Node 21: 0fjtxj2 9fcfjoh d7sjpde uye6uho
Node 22: m46d52j
Node 23: hu4e0lf
Node 24: tyv2xtp
Node 25: 1aotm3a g0vdorv
Node 26: 52p7b5v
Node 27: mrebspd
Node 28: n9e6wj1
Node 29: q87y0t5
Node 30: akg7toh
Node 31: vcay4n1
Node 32: 06ezo13
Node 33: 9ky8x72
Node 34: 7a8zo1a
Node 35: 3lqfawr
Node 36: ednwsr8

Node 0: 2d0phnh 3wsiy7j 712dvb2 7p4b6be bcdj3m6 bjuoqiw d76hfrp jh9yc0c z3tf5yk
Node 1: 54sxhit i41wr88
Node 2: 1i0i3w3 5bx2whi 9s2rof2 irzco6x ta8zd3x
Node 3: 9dc5fpx
Node 4: 9lqyu2c e165lgf
Node 5: v2twqk8 xrzumu8
Node 6: 9qdc1yu p69bzuy qfzs9n9
Node 7: 0mdbzk4 4afzxj0 4avosdc 5wgf4ux ecvyl4i iefu13q jccu4j5 wp3maye x2r3b2w zxyeemn
Node 8: 0wc0xbg
Node 9: 34anyyb bbk878c s754m5c
Node 10: fddnfcg
Node 11: hmgijpp
Node 12: 8ek6cle afohsnb mqnwyaf xrkdqcc
Node 13: 2bcm79q 4l3v47e 5e962z5 8wpq4bn
Node 14: 1iuek5x 9rqwvlr nchnqvf
Node 15: dtjhhov isvpzzf
Node 16: 1txxud3 6qz61qq mufq6e6
Node 17: m1v2yfj
Node 18: 79137xx
Node 19: fe5vhyq
Node 20: aptsjpd tu9rsf0
Node 21: kf670hn
Node 22: 8cd38wu fgry450
Node 23: hemaw0a
Node 24: hj2jr76
Node 25: 47w5u9z
Node 26: 0tvvb9d
Node 27: 6eq7ssw kkpcwv9 ksc277c l5rp2vd qx4rgzx
Node 28: 0ax9jv1
Node 29: 9jhoyso gq454da
Node 30: qnkmepc wco07bv
Node 31: fak0bd4
Node 32: 6oqbjvg
Node 33: 94hgl8e
Node 34: wrn75wg
Node 35: anh7n46
Node 36: lf43bwy vg09fz4
Node 37: lrjmzdf
Node 38: bjth823
Node 39: 8o45kng
Node 40: 0j27cmn

Node 0: 0zixn8e 170wpsj 3g17ucr 5nrsx8q 5z3m5kq 6jngewv c4ia5tr egqtupi kqj2aoh us261bb
Node 1: 7qg9088 u61h471
Node 2: v2mcblu
Node 3: qlk0flx
Node 4: dljuxhu
Node 5: 7urkt1q
Node 6: 4hyblmv jk03ysv pmc8bjx
Node 7:
Node 8: mbpeifv t750uo1
Node 9: 71wqv4v pot01jx
Node 10: 2ohbe9h
Node 11: 4ixluv5
Node 12: 6kqgoit
Node 13:

Node 0: 1n9cz12 28sls7e 3h9gq84 689cax6 6z5qwzr 7vg5878 aao31jh bmbnxt9 jkbzz0q k035ik7 lj51eh8 nikr56d o1vikx3 psax01l s2vm5rq sktx7kj tk8siio v95c2og w5keyhd xxsyemp zzmvq2i
Node 1: 1j9hihi 7kkxn2z caf9jj2 nqmy81o
Node 2: gl9jhck wvw1gbs
Node 3: bwk0q9n e8dhndk
Node 4: kfj939j
Node 5: 00lk8xz
Node 6: t113di0
Node 7: ry3s7sz tywe0an
Node 8: kt265le lk16x5a rxahib2 x0bfcgj
Node 9: 60gwog1 j20c7ol o2ufitj os7rbhr tignbfw
Node 10: 0kmp03q pui867a
Node 11: 414ksrw j9neqbn ugg8qdn x2h3mtg
Node 12: 1hnp54x kvizk9d p84l2jq yhl9yi0
Node 13: umv0uug
Node 14: s44l8f0
Node 15: 3zw8xgb
Node 16: zyyhh6h
Node 17: 5xt4soz dlktih3
Node 18: 592fv4s
Node 19: ismwad5 klla4fi
Node 20: xe6fswh
Node 21: v1xzpwl
Node 22: zh66txi
Node 23: x0rcgfz
Node 24: 10e9a1c z53sexy
Node 25: ajih5gu
Node 26: yhymrzw
Node 27: mzx26to

Node 0: 5z5505f
Node 1: d3pvlyh egdlq1x qtoz61w y9pcmdb
Node 2: 0qepqnf atjfj9n
Node 3: r87cifg
Node 4: 902u4j9
Node 5: i9j1isn
Node 6: 0pfyk7n 2rp4dv0 8rgjo5u b9k1bf1 i4eo4cv rzn3rp3 x9l6wox yppvdt1
Node 7: c9nc0eq
Node 8: 6qnkjzf ppq4cbf
Node 9: rpribp3
Node 10: rz311ct
Node 11: eozk0cq g7byrr5
Node 12: 343kseg oxycxv3
Node 13: mfv8akm
Node 14: 1k49raz
Node 15: osratej
Node 16:
Node 17: 3l8z6ro

Node 0: 05jl3ty 6wtvtv6 736tpw5 aqb22oe g6uvmuw qyeiweq y1d3awb zetn0dq zn0d4y9
Node 1: 3sjqeqn f4brxz5 q6jeg7n vhvs04k
Node 2: 309ywcs h5t47c9
Node 3: 0ltea0z 8cxrivo 8nnkcer fh6pdou qgh3e84 rn5z6n7 ydjadn7
Node 4: qwh7sfe
Node 5: gp7vx1w
Node 6: h8dcwhy
Node 7: 4jb9jg9
Node 8: qxborkh vb6v09p wwzb3je x7arnfo
Node 9: 6p3t2ex
Node 10: oms0u54
Node 11: 1up7cnp
Node 12: 59ioalg
Node 13: q8vlvkn
Node 14: ldu6j00
Node 15: vuzjraz
Node 16: di8ysdg
Node 17: a900iob
Node 18: jkuv2s6
Node 19: jxnsk5s
Node 20: isydq9y
Node 21: 9ud9rpb
Node 22: lvibd0z

Node 0: 9y8mw1g aq43sdo gyrppoh
Node 1: gk985ky
Node 2: 2x4pc6c z40cc6d
Node 3: 2ldt9ou 2qdbq48 3wetxh3 41mm3e7 689i9fs 6ad7b6n 9nhb5ng da145i6 dlhrtg8 id9okri inef3x0 jayd49x o28zm8a q99ffnj rv9owjw sqcncf4 te7h7nq techbnk
Node 4: ozoqf2g vy7o1zu zbva2k5
Node 5: js9ktdp
Node 6: xf6kp8i
Node 7: jrv71z7
Node 8: p7tpk2g
Node 9: dfc1z6x pl4po9w uoxm2dq
Node 10: w3kwmqm
Node 11: gv85vgz
Node 12: tsklftn
Node 13: c1bca97
Node 14: 0ssx7rv d3os1c3 dbahov1 w6ckgnt
Node 15: psrb358
Node 16: cysf709
Node 17: y25yga5
Node 18: 1t0n64y 6kwzbe1 kkzzv1m
Node 19: 0tg4wjx ulrbe48
Node 20: lzh4zcl mg9ov1s
Node 21: go5x7tr gx7njyg pj8yxwz
Node 22: u1synuz
Node 23: i8a140p tvigefu
Node 24: 7utnkhh
Node 25: apbx40o
Node 26: lbnim1f
Node 27: 5aenvya aeb11pb gf0q0i6
Node 28: syuq32e
Node 29: f28qa4v
Node 30: splr9av
Node 31: g12oul5
Node 32: pkg681t
Node 33: ii5roxr
Node 34: 13jkr00
Node 35: qdibl1e
Node 36: fwo32qx
Node 37: l9752l5
Node 38: hhjemaw x4mvlu1 xqfn5dx
Node 39: q8ntqvw
Node 40: x1i7whc
Node 41: ntjgjkp
Node 42: fswaull
Node 43: 3uyoj7a
Node 44: x6hyhxc
Node 45: l3dsrk0
Node 46: csbccox
Node 47: bllecgy
Node 48: ica2nuw
Node 49: ev1r4nn

Node 0: fdn78ap lbcwlur
Node 1: kry4l80 nfuiqmm
Node 2: 0hbxvur cbvzg7t ceu056y doomslb k9zm6lf vv3yjqy
Node 3: 1a0h1nz
Node 4: 600dbwv
Node 5: 32b2vyp
Node 6: 6wltr9p vneqid4
Node 7: 38llxti im69cjq j6h8jcg
Node 8: jjrdt6f
Node 9: 0ip7dfs 12hrr4o 2h0zhds 4dnvdym 8jy079b 93ivsni iuf9fva nrbfqrz
Node 10: vr3f1ie
Node 11: 7xou258 y0vyhal z4g47ry
Node 12: gg998xf qjdeds0 rsln8ee
Node 13: cu7ephd
Node 14:
Node 15: m7gskwb
Node 16: exqr3qv
Node 17: 4epe23r
Node 18: 96y0j4b hosf2p4
Node 19: 826d5o0 w8v0bmx
Node 20: wrky61r
Node 21: nqufnd5
Node 22: bjfkgwy z50vxti
Node 23:
Node 24: 5985yz1 nx7mylc
Node 25: c9si28o
Node 26: 6v3snc4
Node 27: dqhp4cq wc65o32
Node 28: jnj29k9
Node 29:
Node 30: zfjqlxn
Node 31: jctm6fk
Node 32: ltdaliw
Node 33: y3dw5r5

Node 0: 2m2o2uo 75ur7z0 g5wqbes x4nkixt ycejgsn yrc7oa8
Node 1: crq302w p051beq tnqoho4 y18rr0n yd7y636
Node 2: cxzzwoi iu1kkr1 lu917sv pun57c0
Node 3: 0h0o0c2 zhwwgdl
Node 4: z09mr7m
Node 5: ruooe7i wx105cc
Node 6: 1bo1msx 1cpp22k xop4bmx
Node 7: mcskim5
Node 8:
Node 9: c4kl2jp
Node 10: tm58ilv
Node 11: 17rokrq
Node 12: tbj6zbh
Node 13: edgechq
Node 14: mbebr0x
Node 15: qdantuv
Node 16: x4vitug

Node 0: uhcfnf7
Node 1: 3rbjsuh 41qesdn 882ly4j k221fer pm92wsc pze9a7n yc2120b
Node 2: 1e3yqjr 621vq07 dpaw0zx dzf3xir gt7sgqb nw4zat5 qad77c7 sob65ea xncx8ib
Node 3: e6y4nxf lz2bmik y3nj9wq
Node 4: 7pti8sz jeoe4x0
Node 5: bpceq6z
Node 6: 4qp7nuw 85mdttd o6fr9x6 zul4t1n
Node 7: jsh5dwg
Node 8: jysfolu
Node 9: qwydas9
Node 10: 24xc6ym 5xx4wij v4esik2
Node 11: 8sld0wl
Node 12: ay1jk09 wfde0e4
Node 13: trh6b9c
Node 14: u2hu1ze
Node 15: 3na0bn4
Node 16: vaj7sx9
Node 17: c4i0mo5
Node 18: 7jxgpo0
Node 19: ppirbey
Node 20: 1lgxg1j
Node 21: txfpf7s
Node 22: mt4b9o5

Node 0: zcx8ezl
Node 1: 2xye3i1 3jce6l8 bbodf4l bjld8k9 ed15qqw eeh38if eg7p7ov h02mhm8 h0m955i ly4esfg vkh2onv vp3hbjb
Node 2: 0gvvsbh ac2tims irciqht
Node 3: 518clln 9et6uz5 v2sgb33
Node 4: t79sjar z6bv89e
Node 5: u41wgc7
Node 6: 93b59s0 hgpveqo
Node 7: ecct3e7 i9n74gf igvdiud suapuq2
Node 8: f3vc2d4
Node 9: 4s9hugg
Node 10: fjudlqv

Node 0: 9non7v3
Node 1: 1pcwe14 32ehqph 8ve0fcr ew8e8cu h8hfj00 ihg11n9 j6q44ap lh30m7r v2uyzg9
Node 2: 8tp7h15
Node 3: 9ot0u42
Node 4: ez1hiqc

Node 0: xz7b5oc
Node 1: 47u6ypl 62khpwd p57fkhz puriikc tmu6twc tvldehn vq5ienm
Node 2: k4px11o oi4eirf
Node 3: x7pcwg6
Node 4: ead9xd8
Node 5: qpfx4sl
Node 6: ss4swkw
Node 7: 8pa3g8c

Node 0: oqc5319 phbl0pt zp1ohvq
Node 1: 56j74mx
Node 2: bh6fme4 ja1en1h r1vuxgp
Node 3: kdals1h
Node 4: 5opvfub jb06nh4
Node 5: 1kctf6x asjjcay dqb2iov ntdv0mo puxwbwu
Node 6: sjeqq0s
Node 7: n8qj3ac
Node 8: 0irdnhp 8bpw33z
Node 9: mfeou7a
Node 10: vlsp8c8
Node 11: 6dv46k5 f00qxgn yic2qes yq16fd4
Node 12: efbtas5 j3ws03t no5x7nl
Node 13: fomhujp zdjnnl1
Node 14: f4esttn
Node 15: daaj9dh u0lj39a
Node 16: 4wxcy1r p80nhx3
Node 17: afa2i7g hxu0r4p pi3mt5j
Node 18: t67hbz2
Node 19: 2daskfu 9yis4f3 ogslxs7 s02putb vt1unrq xs7dw95 yedvgnh zrkz0bv
Node 20: wxniczg
Node 21: 2l84nwx mnldbl3
Node 22: d9w7y4i
Node 23: rpms5r2
Node 24: 5dw6zit ynh43oy
Node 25: 10y0u9p wns0elk
Node 26: wp0k4fg zi2b86c
Node 27: 0fbgb96
Node 28: g5fjxrv
Node 29: c388kk9
Node 30: x7sp96q
Node 31: 16byrqu
Node 32: ain6kxb f58nqft
Node 33: 4w2hv07
Node 34: 3pijfm8 y0gx3tg
Node 35: 4ndvt8d
Node 36: t3kfhpt
Node 37: 7puljss
Node 38: m2iasf2
Node 39: qbqn29x
Node 40: 8eag9hg
Node 41: dfno2ly
Node 42: l6cmkow
Node 43: 08ik9pu

Node 0: 2zwc3za
Node 1: b50czgy n2ihmbs
Node 2: 5got4hc by2wi7o
Node 3: n5kzakx
Node 4: cm0fx58 vz0gdi6
Node 5: 8zovm9x leow55l
Node 6: i0rbc1y qqz6om1
Node 7: k8v34os
Node 8: km967m4 vqb6rwx
Node 9: 84mxcuz koinlbe or6vs7x s7b8x4q
Node 10: 0ll6jxq 1c97bfr 3lg784c 836ssyw b5wnfcy h5wkisj lcezuge qeg5w3f tz1guyj
Node 11: 60jiqz3 ditkyqh orzh7xd xgk7du6
Node 12: f92gkvq rnp4mlk
Node 13: ddx4jkh
Node 14: jtg4r0f
Node 15: 241vmu6
Node 16: kze709c tdn7j31 z2oy41l
Node 17: 981j071 vkkds6j
Node 18: 0idnoqp hxxqnl3 l3j5m69 lb4d8am s4qtkdf
Node 19: z788hsi
Node 20: avk8b9s
Node 21: 0uz16tn nb690y7
Node 22: o9frznk
Node 23: 1snfpbn fklyf8x mb4gvrn vns5w16
Node 24: brn8ern
Node 25: evnjib0
Node 26: p00mix5
Node 27: q01ju3a
Node 28: qfyldxs
Node 29: q1xgpei
Node 30: cdo3d4s j5rvqnq
Node 31: 9a6km7g
Node 32: 06t9rbw 2k14xtu 4nwxl53 ck64wge p7apj5k sy19moo tbcscxx
Node 33: 59swsa5 7qzfenq 8lilozq iuqimo1
Node 34: dwlvryo
Node 35: fpzxjed
Node 36: tbczanj
Node 37: 5the6eo
Node 38: axexyfl
Node 39: od137z3
Node 40: cws95cq xtjokxf
Node 41: 5ep67kz
Node 42: 6mekml2 of78f9f
Node 43: 7i3y2sv
Node 44: qsragug
Node 45: c0x3ymu
Node 46: zzo770v
Node 47: u993ps5
Node 48: isiixq2
Node 49: ktola12
Node 50: rfruixc
Node 51: y0y2ghv

Node 0: qm5o974 ze90t02
Node 1: 9fllfhn lok2wcs tkhjtmr
Node 2: 60hro5m 7r1zkld amv9ls6 f9ggrnh hs0fzz7 idojmgi spvxh44 tjsbj47 vw7l5n4 xc9llsp
Node 3: 03qr9rr 5ad9z3d 5pgple3 6v03mg2 a7t1472 c6w0xkg cebul1p cqqtost d1y4fc0 hbvnrlh hflzn7e j91fdob jpamdq3 jwm757z ldf5op5 n5jck7s ojkhb1g p72fzwj qoeyrkv tb328uk vkhndhb xdfwu4l
Node 4: 8qslcay 9clkbrb aae1i05 jyn9ezg mbsoeti nha1e12 pi4976h
Node 5: 0tk8wyd
Node 6: 17ovl84
Node 7: 1w6nq9u
Node 8: 9qo4jmc frqzi6a imv4ec5 xv3t514 yvva9xn
Node 9: 19cfo4f c4gqb1d oawj1vd
Node 10: hif63v6
Node 11: wskl1dw
Node 12: wmkig8l
Node 13: q8gl7e2
Node 14: o2xy9v9
Node 15: pm7g2v6 q98ctmc
Node 16: bvkt742 wsqg0ul
Node 17: 0pbfo2u 6tfh0d4 oh64m7r pgtve4i rgux69e u22cbi6
Node 18: qsd6ue5
Node 19: q0d36pc
Node 20: snvlguk
Node 21: ecp30z9 qxyvt1h
Node 22: 2cvtbcu 8dbn28h
Node 23: cz6kv9n
Node 24: gtbio8x
Node 25: 7czeai9
Node 26: rbt5yx9
Node 27: sck44ie zx1wctt
Node 28: 24a0u3r
Node 29: ybt98yt
Node 30: ar8hbfi
Node 31: 43686nn
Node 32: ym34ass
Node 33: ckhgwoi
Node 34: 2408d1q
Node 35: jlmc590
Node 36: n2tyvtz
Node 37: i8q2sgg
Node 38: uvitbb1
Node 39: y17d02k
Node 40: 9u5788q

Node 0: 1e1rsj2 45kzyp8 uqqnnv0
Node 1: ktolbjo lcfvx0r vwbzhte wpp5slo
Node 2: 1x16bsk ox197d4 x0fbw39
Node 3: lj9qiot
Node 4: i8k3fnq wx5huzw
Node 5: hrrr2vc mga0xkz
Node 6: 35xrf31 8xyyvg0 9crehcz 9gso7fr byt6c7v h320fw7 s1kl0tx
Node 7: 21njk8r 2y5h31x 4b752tf 5sbb2t5 8lo1eis 9vxm9pp dpdv5z7 fh0ymv1 gq4ia8q hh0y9kn hv9lstl k8rs1fc nnmwyb6 pqmuxuy r07lepk tgiut37
Node 8: 52zvswy
Node 9: lsy1l10
Node 10: tcdcwcx
Node 11: 1f1bblm
Node 12: u6ldh75
Node 13: 64ybi10
Node 14: jjefpij
Node 15: b9d303r
Node 16: 9y1ce7g widkg29
Node 17: 9kozpos
Node 18: p4e42mm tmrqelm
Node 19: 632jm68 bcckxp4
Node 20: t63fxot
Node 21: lrao2d6
Node 22: 07wq9ox q6p8ue3
Node 23: bau2rv8 iml2ya8
Node 24:
Node 25: xi2m3m3
Node 26: nuolh4b xoog2cq yci90b1
Node 27: 0c882jf
Node 28: 1b2h4bq
Node 29: 17zmmu5
Node 30: kceqblk
Node 31: 9av3tge tz95mg7
Node 32: etj1wfe htjelr6 jmek1kk
Node 33: dwfmcdv
Node 34: 3o43jiu
Node 35: oa0nd5j
Node 36: d06hmge
Node 37: 2mpc4df fwwkswl kvn1d73
Node 38:
Node 39: ni95x01

Node 0: 6allhjl axb1syo azzywhj pqmtaep
Node 1: 0xfjos1 2794ykk 3m2ihf9 4ef0j0k e5joler hwxo8n7 jss558d l84mssl rtj13n2 t81h4g4 v5menzo
Node 2: crr9lq5 r9j20i2
Node 3: i7phu2c
Node 4: 5xzf9xh ckoigx5 tkpolm8 xxgg64g
Node 5: yjh6m2j
Node 6: 2vpg4zj
Node 7: 1r382df 6nmuzxu
Node 8: kz61r6b nqydeaw ueu9wbi
Node 9: 0y0g0y3
Node 10: dnkmkgf
Node 11: jl9sg79
Node 12: oa3ngcs
Node 13: saag4ji
Node 14: hwgqmii
Node 15: 1sozh22
Node 16: 4239hym a4pq07h
Node 17: 51stq2d 9fjrhf3 ctue6f3
Node 18: 3gni5g8 7tv09nf
Node 19: dfdruo0
Node 20: aecjqc9
Node 21: 3b0j845
Node 22: 4zbvb3t
Node 23: ttdg6yv
Node 24: w5jem6x
Node 25: zcf0ciw
Node 26: kqtyase
Node 27: j8tz15x
Node 28: 2w6jizr
Node 29: dafjm5p h4o0lv6
Node 30: zc74329
Node 31: ppxorbf
Node 32: s9fw92p
Node 33: tladw9b
Node 34: 5sj90w8
Node 35: nqz6n67
Node 36: s1lin6r

Node 0: 6is4jf8 6o4dufh euyfzby
Node 1: 6fppuud aox8wpd g6dfrny yyg1yrn
Node 2: 8bufn2c a16e2xt b4xuoj5 dse0w6a vtp8l4b
Node 3: 1yo0x7i 2hqm0tz 6k5hozd 7psjjsc 7yv0b6f 82ao1bn bbse4wb bma6u08 dmz03ls joh2wz9 wz45mn5 xlmzjh9
Node 4: 6w2742u 8f3425k hrs1kw7 x3swftg
Node 5: 2a3sksd 6oo3lt1 7o0ims8 v7m2l66
Node 6: 0l8ccn0 1eo6wz3 4azcgb8 50tqpv1 7fv8bpp a7c8gx5 jl88q93 qllyqs9 rjqecfd wytil9p xw8f5bo zi0ul0m zo1myk3 zr88cxr zvb4x29
Node 7: 1s36vb2
Node 8: 8bde7wz qk1qlow
Node 9: 6ot5lod uovnz11 z6mta0o
Node 10: 1hdhd3j 6qsdmna j3mrz0d mnqy62i pw1d1nb rut9xmy
Node 11: pd2qgxh
Node 12: wz3lf4g
Node 13: 3a1k0ow gugba6i x6u4n3m
Node 14: yfxnkn4
Node 15: 2cgnj9f 5eshajr 7bzoy3b 7j7ovhj lkxidy2 rfaz0mp
Node 16: iirpogh
Node 17: 228jlll 7iv2ir2 kc73ge4
Node 18: 0371ipy 3ggh3u0
Node 19: 1mbxkso 69tawo0 btafbr7
Node 20: rcelzzv
Node 21: f3gwuls
Node 22: cfgoul4
Node 23: nxcyh3z
Node 24: lsm9a4d
Node 25: 3m4b1n7 etc3sft
Node 26: 91p2sv0
Node 27: syuuhvo t8da0gt
Node 28: ggq8gue
Node 29: dein69s
Node 30: valntaj
Node 31: 81c88vv
Node 32: rdapjuo
Node 33: 81cwr8s
Node 34: 210thwv 7n6yv8u ft4t6ff fzxntv7
Node 35: dt3bmgf
Node 36: c41u9y6 q69s3d8
Node 37: zo973od
Node 38: 82n1vhd 9qvxb2w
Node 39: 4u9s3l3
Node 40: 4ru9ygf
Node 41: iqwzxk1
Node 42: 59b1082 fishsw4 hd9bxmw
Node 43: b0497j6
Node 44: c9dw4pv
Node 45: 8idzfog ev8zhdz z56fuf5
Node 46: 0pf3osb
Node 47: lns2035
Node 48: 1s3zdib
Node 49: 866m5zp
Node 50: tanlr4f x0yj61l
Node 51: e7csro1
Node 52: pxtrp2o
Node 53: mk9fpq0
Node 54: izfll3u
Node 55: jfpfuya
Node 56: unngw8d
Node 57: 64ko11j
Node 58: nkcxnyf
Node 59: v1qsgg4
Node 60: cjafq4r
Node 61: wz3ajom
Node 62: mvp0pbf

Node 0: jwb3zdo
Node 1: 3wks055 5m9hb1a 6fgm7sc fk0fki2 fmcfeoq jsuhdx0 n8e3mk7 o04xwqi o68szd2 r2cfyu7 spkvmpm w1qn1xq
Node 2: m1dx2fg
Node 3: kb5qese
Node 4: evdam35

Node 0: 1quqian 22d3f4q nftmodk w3vqnqv
Node 1: 75ddmpv kd2ndss ns4x1ki oq47fr0 wqc0935 z2ppduq
Node 2: 28avf35 7s4wkck yb7fg0b
Node 3: 22q1dbt 3dnv8zd 48921i6 6o8uorw 6z2sovh dh6vraw k7l1pbm krdatgf qbjb7bu rbmvy1p sda6b17 tcet524 ve7uppb ywpqyfr
Node 4: 2squkum 3k7wybk 5gkrcr8 8t824t4 bzd67ua duz6rz7 e4eshti hqreuvu jw4yypl lakpgsq
Node 5: py14hyl
Node 6: mgoxss8 nknqjq3
Node 7: m9vrfhs q8vieik
Node 8: bb79gky
Node 9: c1bm3ni
Node 10: gs53r4r hmqzdjk
Node 11: p0amo58 tuxnwuc
Node 12: ezr6czq
Node 13: 7p7bunt m52cmzl
Node 14: a3bale2
Node 15: 34pfgfx
Node 16: 1ml57zv ttdlzgu
Node 17: zfgz6ug
Node 18: 3grj0d6
Node 19: mwcwzg1
Node 20: i2grbah lnkhgbv
Node 21: vtjiq5u
Node 22: tx18dgo
Node 23: s4nn495
Node 24: hwct772
Node 25: jg8cyo3 jghrp7p tocz9u9 z2qdad1
Node 26: ap21d47 fmnit7l
Node 27: 3sdrb26
Node 28: 5n4d1hn
Node 29: 6we199v
Node 30: 23kpk5b
Node 31: crf2ieu
Node 32: h2d9v4k
Node 33: u4ysftf
Node 34: 56r2ei4

Node 0: apxxuqi
Node 1: 8avl9un
Node 2: whzby78
Node 3: 66462n1 plbmob2
Node 4: 8ktnz9f dlfgoz9 ku53rzg
Node 5: 40r0ygw
Node 6: 2pq7t3a 64ybwa7 6sardvr ca8peky cru8znq dsv6ot0 lb7a5vh owfts3i ptp6diq tpxvcjy uy8ob3b w3hxfbj xv0xve9 y3akwjs
Node 7: 0f9xmey 4473q5b 76yubsz 7k5meft idf8j4w ltrsktm mqou0by u5cqvyb
Node 8: fyvdykl
Node 9: cb0r3im
Node 10: a89wjm2 fnem8ox kfwflvp vkc17jb
Node 11: rf5le20
Node 12: 2xl9xcb a6rno5c jju4p85
Node 13: 1h188js mvbdfjk
Node 14: y4hxer0
Node 15: vygdkyx
Node 16: 00kusa4
Node 17: vtr41u4 y1h339u
Node 18: 2qutxqx 886olo1 v0fjzy9
Node 19: 02p7ej8 3jmkufe gr3phhi ibnnvki wa3qp4j
Node 20: 2vobmwt 37btxlc
Node 21: 86x5pd4
Node 22: 8ggm2la 9id41e4 athjwvg na2mogn vxhia8c z4gd6g9
Node 23: w1bkm9s
Node 24: 5zm5cue
Node 25: 59mcod7
Node 26: e4n220f ycbdyks
Node 27: 09h26di
Node 28: yl37naj
Node 29: d0kaxc9
Node 30: s4gnz64
Node 31: 3wxnw8j 8boimu4
Node 32: ifvr0zt
Node 33: aukkk96 av2h6h3 z0acwc2
Node 34: hc6q73s
Node 35: 066hneb
Node 36: bl8j3do
Node 37: t9j9dmp
Node 38: a2nyy53
Node 39: tkw7s54
Node 40: 1saq2fd
Node 41: 2hyypyv
Node 42:
Node 43: atr0n5d
Node 44: 7q6nxx7
Node 45: ehim686
Node 46: db5pmxe

Node 0: 3ya9w8e abyazuz lpnjj84 mokij1b s8wc7p4 x2v75n7 y0gl1q9 yz7fssy
Node 1: 4812ykc ix5pwkv
Node 2: 09xizyd d906aqe gmlwvh6
Node 3: laxfsjl qxb2iph
Node 4: 1baums6 2liw460 5irjohj 609qevd sc55vo3 zh7zjfv
Node 5: kqocprk
Node 6: 5jpyfh2 zwqsjmu
Node 7: 2kypqxq
Node 8: genx62r hkcnoql itq12i5
Node 9: 2cq8a36
Node 10: 4vkwm5c ampkfsb
Node 11: 5b8p654 b6tvxph mpe3slw tiusp34 ustdklh xrxb3jz xu7uk1v ykl7kg0 zijzou2
Node 12: 9b2h9cu
Node 13: tkzklpz
Node 14: hlp7w1i
Node 15: 4fkr8rh 8qxr9lr j4i09tj ji7uhe1 mdhhmsr uj6fcey
Node 16: 2tyk704 l01hu2i p3rxgd6
Node 17: 0xssxbe
Node 18: 2jwvwot 5cqot47 okpbhz7
Node 19: 78eq7m6 qdn78yx
Node 20: yf5tni5
Node 21: hyn94dr
Node 22: sd7w1es
Node 23: ld0028g
Node 24: 2hun78i 8a5qp29
Node 25: axqdpy4
Node 26: xrz7ob8
Node 27: mvi4fs7
Node 28: 0nkrmg1
Node 29: gl3tei0

Node 0: 0gdf29a 2vl4xpg 4nx9wk6 5ykkjf8 8opplj8 a2ilyhv inzpx0h iqv81i7 p0m5489 qkmp2al u41uy0b vu2rap2 wh4j8zt wh7f6zn
Node 1: 9k09eot
Node 2: 1ck63po brmpei9
Node 3: dinq5dr
Node 4: 2mneoob 3mjeg1p axvvqm7 bmtetq5 lyuwz81 oeravht qnystey u1ge8u2 wt75aft
Node 5: bntot7y daco8jk fyqdtwm hmx9edo kosh69u n6wufxz v8f8584 yippouo zl7jwa1
Node 6: ozqumz2 wlvtqxw
Node 7: pkrabkw
Node 8: 16it2io 2b9hvqp lxxf7dl
Node 9: 7e159fd 87ablds ewzkjzh ol5qk49 pn04oxz
Node 10: w87e2p2
Node 11: hvsxwk4
Node 12: 1tlj820 1ykvd0m 7v7k2do
Node 13: 34o3n1s tw43gpx uy3zj77
Node 14: 27qycvr 68k9u8e mt9bljy x20593l ye1brcd
Node 15: ooqkcoo
Node 16: 8qdarvc
Node 17: 122hy6n ngnv49r otuiqmw zezzcus
Node 18: 74y3cmg ctor58f yh6yh1e
Node 19: fjg5p2y
Node 20:
Node 21: kym0872
Node 22: fs0uqnw mzj1zb0
Node 23: 33pywps bwlg1gq noz6i3y pdzxoxl
Node 24: bfcxlqg
Node 25: mq91s88
Node 26: q8otzgj
Node 27: gmewgee ppjcgcc
Node 28: oddesxu
Node 29: b1eq4fl
Node 30: 69045a8
Node 31: cznfiim
Node 32: 6q11t5k
Node 33: gp4ysqp
Node 34: glcw50u
Node 35: kf7gbhk
Node 36: t6nqikn
Node 37: ccmmo4p
Node 38: m5znuur
Node 39: 5oj00x8
Node 40: m800dlx
Node 41: 01furdc
Node 42: u4mhdbi
Node 43: 2ort0tl

Node 0: akrxmgk fuv10a1 h10o4rm hu0hp1l kt5j4ps rk6de7u
Node 1: 3l3ezxb
Node 2: 3sr2l5h 7tyo36j ntqyi4l
Node 3: ug0y3tj
Node 4: 77ejebm
Node 5: 1azkshj er1a949 r1wh4sm
Node 6: bibh2ia
Node 7: 6ljp2nw
Node 8: pdho430
Node 9: s7anabt
Node 10: 7szs2j0 gy82btu
Node 11: w637apf
Node 12: 1kf9wdc
Node 13: et58qfr
Node 14: o5144w4

Node 0: db9m8ci kiw1ku5 volhw1r
Node 1: 2bjd2q3 9x3jgir he83x5j j4vaum7 oqi5w97 sg91uty
Node 2: 3e0bvna
Node 3: 60zynyk zh93s3w
Node 4: g7b1nc9 h2oahp9 p1ce5es r204o4o
Node 5: p8hmhhs
Node 6: te6rcoa
Node 7: 0ouxyiq 2x8engm 3fqkp1c
Node 8: 3g5l0kg c5m2i09 oezh63j tyqtxwu zytir0t
Node 9: d0bkbm5
Node 10: 0af1xui c0c325j
Node 11: 3s92fuc 4uqv39f cdsqapm sgyupab
Node 12: 73diviw h48nrjj
Node 13: yiwql8k
Node 14: jodeacn
Node 15: of5wk3g
Node 16: 07cnni5
Node 17: wkap7k3
Node 18: tif4bjz
Node 19: 2gacuq8

Node 0: 54kbjbs
Node 1: 3qysbxp dx8ncq4 rg0n49j v0n5a55
Node 2: 1nnu3gn 2wzdc9e 5ak62em 7dg0oxn 8gxm62d ahswkeh b9tmg0j da9w5tm n2ssktd u1lcifg
Node 3: 4fgx20r 6necr7f ke8ykmr pkyjfl1
Node 4: ty0wfl1
Node 5: px9n59o
Node 6: hu63wer
Node 7: w68a1em
Node 8: vibwoss
Node 9: 23x0g0b
Node 10: ryif2pl
Node 11: sukrtyn
Node 12: q99ghad
Node 13: 43ztzda mpzxjg9 wi8qtxu
Node 14: 6xjfdoz lwme8tv
Node 15: 3vfv4ia
Node 16: 8051ypl
Node 17: d6bbixb g2w5o7a h5doi8m
Node 18: tsjaou3
Node 19: i25k1e8
Node 20: 8zkgpte
Node 21: v6efkz7
Node 22: u6pwv8k
Node 23: nr0stl3 r0h92rl vbm23pk
Node 24: 98dz0il
Node 25: zwaruji
Node 26: 2dm6ww3 uhxbzmu
Node 27: vxj76go
Node 28: 4qftxpi
Node 29: 5thh0xo
Node 30: d1livua
Node 31: oxkomzy

Node 0: 12gnmkb 4azkv35 4jgeqwy 5flurw8 h6wagxd h9abzbj jkzhews jxi6ihk muxzowp pfmyygm rwhr0k8 t1570c0 v1fg3q3
Node 1: todelec
Node 2: 7k8l367 qyd5oax rw7k8js
Node 3: 265iujj 32m3bos 52th5gd 5tcdzoj sdvfwbx
Node 4: m9o2mh7 v9aktq5 z7peqwt
Node 5: 84mvdye av2k1c9 df3t3bw jr1rcgh nc7fims w021ufx
Node 6: 72my83t bxe7h4y prbll6p tc9afug
Node 7: vu869xd z7jmi79
Node 8: 0h4duqx 0wz4gbd b1id2ar c6yd9yx r4ynsl2
Node 9: au5u4wr b2koby0 w4v8erw
Node 10: 744ly5u
Node 11: 1mryv6e 3vpzrwa kcppzpo t2l6ze6
Node 12: dubzp2z
Node 13: 6byehrs f6ig0rz udakwv9
Node 14: 30dh401 de2p75f qalgwos
Node 15: wd8ng5v
Node 16: yjri5ek
Node 17: y9aud77
Node 18: do8am4q
Node 19: re4n8vn
Node 20: 11dirsm
Node 21: f6poudo phpio0c
Node 22: gr7nqsg
Node 23: oteqlkr
Node 24: zliwfse
Node 25: x1d09yg
Node 26: ga76e7s
Node 27: 2ygf5z8
Node 28: q56kow2 wprz6e2
Node 29: 8uojhzx
Node 30: a4dj9wb
Node 31: kgdkfpx
Node 32: bisos59
Node 33: jkorfi1 olvzn1p
Node 34: ezclf52
Node 35: uhyh9do
Node 36: 4i9rqbd
Node 37: sbu7ki5
Node 38: v3riu0m

Node 0: b9p6jc2 djzmgan ypj8t7k
Node 1: bmxd56f
Node 2: 0p9xldp h3kdgl5 i2i3g5a oaboihi
Node 3: e6rl6zi
Node 4: 1dbsjjw
Node 5: 3x68dxj
Node 6: 17vedf9
Node 7: or29f4w
Node 8: mgy5s2j
Node 9: ubyu00p
Node 10: pak1who
Node 11: d7nxegh
Node 12: h464j08

Node 0: zzi90go
Node 1: yypdjlm
Node 2: eej7ust fy6im1p mzjtl0o n9f19wh o21qnv6 rub0flp ycqfiiz znh0llz
Node 3:
Node 4: esbswk4
Node 5: l0ye58x v1buzik
Node 6: d80ni1o
Node 7: 41x3v4q 4yuwa4r f66ub2d ow2oxfu t1j050r t6qa6n8
Node 8: mrye3a6
Node 9: 9z6ykjs
Node 10: antu7i5 b4a5pew
Node 11: 8jaqs1e
Node 12: tat8kym
Node 13: ddhl0d0
Node 14: 7fts7z3 997zm5h e4ak9d5
Node 15: b6zied3
Node 16: 3rri6uf 8d11uhz ck3uqcx e64x6vr g983d33 mcwfj7q ng2xk0x
Node 17: 2ospqgb 79ocjtr ly5r52d pqekdmg
Node 18: 1t4apwj hw95d2n
Node 19: 3e0sq9u 886lnhr
Node 20: ov0zkin
Node 21: ky9zs0w q0ip8lc
Node 22: 1lxoqmx 8lg2x6l
Node 23: ynxm06e
Node 24: h8e78az
Node 25: 18yuxfj jjk02yo
Node 26: 5illu5o
Node 27: bn1tj3q
Node 28: 8elf1zj
Node 29: cgfb0s2
Node 30: t8mqirq
Node 31: 4637ioq

Node 0: l9rzxvm
Node 1: dvf053h
Node 2: c5eu8tr
