Node 0: cm53ozl
Node 1: 04wap4f
Node 2: 0l70fmy ccm0xc7
Node 3: kupgm3a w7go0xb
Node 4: b9v7t6r hi000hf madh37r qerghbx
Node 5:
Node 6: 32ei5bb
Node 7: 1z91pbj 42rqgux 8xldij3 zy7ylrr
Node 8: bh7e69x c81pw03
Node 9: sg0t2x7
Node 10: x5g8413
Node 11: yw1yjvs
Node 12:
Node 13: f86jpuw
Node 14: iigx83k wmtnic5
Node 15: 0cx3zl2
Node 16: motrqw6
Node 17: 3921z4q 5ukaeu8 vattrli
Node 18: 6d7zcax
Node 19:

Node 0: 0hqg9ov 0nx26lb 2pi80i3 2r26uld 3f8h7ks 3sfghu0 bdvwrnh l59d1b6 vkxg1js zcpwlhu
Node 1: 9mai07w
Node 2: od70etg
Node 3: 85ui7b1 znf8xpu
Node 4: 5isyulf 65sz8mh n45d00s podhuci tch3heb
Node 5: ycv0sz5
Node 6: 0kzlxdv 58v4zmb b9jk1yb d9avioj ddecu35 edodjtl gvsyhan mnqi0vn oafpore qyp943g tmgk6i9 utp8abs v7vfmtx we21pl5
Node 7: aa4libk
Node 8: w3oexs6
Node 9: 25ehksv
Node 10: 2xq7785
Node 11: 6w8bd5x kj96dy4 nxn9hsr ow5t4pu
Node 12: 9ydr799 l8ylz3g qwg39ov
Node 13: gdp6s90
Node 14: 5mtvlbm 8y0yso7 re53jzd v3ou3po
Node 15: 3tvttvn 8qvstil vry51c9
Node 16: c97lami k0ezp8x nredg25 oaxb9m9 omlrh5s
Node 17: bpu3pke us4rgei
Node 18: llmeoy7 s2rhdt8
Node 19: jzf94nt
Node 20: 9l3ip1t
Node 21: hz8n5lj
Node 22: 8h8uq9w sewj6hh v7mcg9e
Node 23:
Node 24: 66ll5kt d6j14e2 kffj9tw myh16w3
Node 25:
Node 26: bc3jj4y
Node 27: 4t0kpnz
Node 28: hes35hq vrhxcts
Node 29: xamxe1q y1o2l8v
Node 30:
Node 31: frrlnv0
Node 32: adnf4u1 kx9n5os
Node 33: ly8stoh

Node 0: vs6ovtd
Node 1: 1kjqu91 8b9syly fpvc97v h248vlz igmgteu plkvsdv
Node 2: 21y3q0u psgbxtg rsce7fz sxbfi0e
Node 3: 57lti5a
Node 4: xf8foyj
Node 5: 13en0d6 620bgyq lvslco8 mc5phc7 t0nzy5c
Node 6: fqkhr2t
Node 7: 8wkakjl ywlt7wy
Node 8: 3b65imh
Node 9: 4h07f05
Node 10: jvc58pc
Node 11: pk9l661

Node 0: a3ke4pr j2nmb32 pk8y9cn qd4oiwj
Node 1: 23hbo7l 89vwk6n a240fa3 lwjhrsv regav9a wkz6a1h
Node 2: swd6b47
Node 3: fz6qdfh
Node 4: tppvyuh
Node 5: zjyk9ig
Node 6: kv5rele qe7qbw3 qf6imd3 ts4j981 y2kt5vq zp6wab1
Node 7: lps25c0
Node 8: hby68p1
Node 9: wvz6888
Node 10: 86lja6e
Node 11:
Node 12: 61h921r ljuio3d
Node 13: miqw7mz
Node 14: wljhkbh

Node 0: b5zqkb8 ddwb6uf k9tmqdz ksfq6bt s5dx2fl slant56 v8mbeai
Node 1: cvt831x
Node 2: 2jutjae cmhqxfm hvhuqt1
Node 3: arf9kkw
Node 4: 5ys623w cbdu089 fbkni1a
Node 5: 25e4rst c6yjp7x ghtftem vm488y1
Node 6: h1jijmx w7hizbi
Node 7: tepz5w9
Node 8: jseysxm ycnrigp
Node 9: a4yguwy
Node 10: tkee19f
Node 11: d83zbt5 je6ykgm
Node 12: 4zp3o7o
Node 13: bprmpd4
Node 14: f55nq8g mhx5abz
Node 15: 15a0i25
Node 16: jnj3b10 sw2kyml
Node 17: q1as57j tcxz4l7
Node 18: sp8haeh
Node 19: 0x1eszr bj54j0t
Node 20: kd01lxi
Node 21: hx3u5ih
Node 22: eei9t0d
Node 23: sdqz64r t6qws75
Node 24: prljszp
Node 25: iu3obzd pqw9q0k
Node 26: 8hchkf2
Node 27: j4grbfh
Node 28: 9c8po9s vrbh142
Node 29: 0gr52tg f4hbg6b gc2qr5c j1gpib0
Node 30: 81qwwfm
Node 31: 4bfr5l0
Node 32: rwasr5r
Node 33: h71ta3q
Node 34: z42gmux
Node 35: 65rs2v5
Node 36: asznn4m
Node 37: vpa4w32

Node 0: xfggwu5
Node 1: 2q5bk4a 8feyqbj c3q0ib0 ly48i45 ns0yz1b pzmw89t
Node 2: 98j1vb1 llu8fir
Node 3: 9k658qi fag2u5o mcxvldm xjw6hgs
Node 4: 1t72wxz kfdu9ci o967t5n
Node 5: 9fmuhd3 l4s5p8y u1vwvvp xrg3jnd
Node 6: r6x11fz
Node 7: hrf55zf m564ih4
Node 8: 7qhqiq4
Node 9: 1zxyq2r 4fwedsg 7ui8x3z
Node 10: wxzfkh4
Node 11: rhl8f3z
Node 12: 6i7nxyn 81vfb5f xme49k1
Node 13: v05loqm
Node 14: lms5bjd rc4kkzh
Node 15: jrp0rmk
Node 16: 3skv7d8
Node 17: 24vrn5g etmbxej jg72c7l w405ca5
Node 18: xoz3jpr
Node 19: eje0708 lyzm9gy n3vgz93 o67xea0 rzbvymi wu9xw61
Node 20: 2kwmjjp
Node 21: 3kcjc7g etmi3sc pufohif srlxnw6 txe5gmq vmqfgeh yqppjt9
Node 22: 68wiltf
Node 23: 2aq88ec 5tpj0tp nx8v947 o0mi8dj tmulpz1
Node 24: q6ras1v
Node 25: 28ujs7z
Node 26: 4m1jql8 c991mc6
Node 27: ehoso95
Node 28: fykm3q8
Node 29: pvfau5g u4ythv1
Node 30: 7c1gbtv
Node 31: km3bzto
Node 32: v825bjk
Node 33: esctltr
Node 34: 04hynxj
Node 35: 4lwdnps
Node 36: vtugfj2
Node 37: g346fkp
Node 38: klyk6a5
Node 39: 6tuso66
Node 40: k0ucapz
Node 41: 6u8jdjs
Node 42: zukst7a
Node 43: 3lv5874

Node 0:
Node 1: 7qh3l40
Node 2: ar46uhx
Node 3: gugg9xy
Node 4: 5noyj2e 5wupija 7g3dezx 9c3of91 9uuifjh uxm97mp ydlyb4q
Node 5: vxizg88
Node 6: mw4ui5z sqy986n
Node 7: 37xwlat np27gup
Node 8: ke4s557 rhuf1ur s6iqkzs
Node 9:
Node 10: obmxmcp pzt6a0d
Node 11: t7xn3z1 tncwtx4
Node 12: s7waxf4
Node 13: 3p3uwzo 5dwoiwa
Node 14: y2o7ytl
Node 15: y0f5qjk

Node 0: fxgwmmp hp3ffxx
Node 1: 74fyxi7 f62uw2q ow8b178
Node 2: arik1b5 ctl9bar eomqsjj i2nb4uk mx1gv7c oiljon6 q6xwt3r ssv059e
Node 3: 08ei2jb 52f72jy fquiccr gvrisqr tjzz6bw
Node 4: 3oqbfdf
Node 5: 6hjez06 fjh4nl5 nba4zoh
Node 6: 8rdf7ey
Node 7: o673kvt
Node 8: eitr6uu
Node 9: buok1eb gtp2d36 hvs0n2j
Node 10: 9gatt0i jk743v9
Node 11: 5k1kjj8 5lpoh59 7w0us88 df9i1hb hyxyn6v qitlgyw zomyljk
Node 12: c2vqndj
Node 13: z3g7z31
Node 14: d8zo77i vnf4rg2
Node 15: 2hg95fu
Node 16: tafpczd
Node 17: dzaj81m
Node 18: c3nk0au ertjr3q fwjqy80 hgdvble n7lup9v
Node 19: n6qo8rp
Node 20: h5f5gbs
Node 21: em910rk
Node 22: ebt6t7x
Node 23: 2ltfsm6 8cwsec3 hp1z7l4 sxgdyma
Node 24: 8jr3day
Node 25: cnebul0
Node 26: ih62vfq
Node 27: ydkr1az
Node 28: a55q0b2 lovmzis mpsdl97 or6eyv3 qh8seyz ucp5ajm
Node 29: lymhtfe sr90sfz
Node 30: 5rw1guj
Node 31: pgneemt
Node 32: abfuiwz
Node 33: 2zs4i6i
Node 34: y4vdmc8
Node 35: o3fzdwi
Node 36: f97k8nh
Node 37: 8q7a1qu
Node 38: tp6vkmc
Node 39: wvagk94
Node 40: wq04j09
Node 41: 0jij3pj

Node 0: 5tenq5c 73wfhn0 99c04a7 9bm2fwb 9ghxylm e9nf2dk ed5qpu0 gitf25j ktmwuu4 oh8xv4u ps0yvaa qq3kyrb quzt7ce rwqoith rynloqj sg5bbkt vv0d97i vxo7iu6
Node 1: 0m4bnv4 iqnsl0u pizyz5u tlk8f2k yloxlm6 zelrvbq
Node 2: 08wztdr 1yhex2l ew4cwed mz2vlwi
Node 3: ewwfcuh ln5aq0o w96y34q yh99qsm
Node 4: hd52f8i n90ur21 v7i5exi zw3hvoq
Node 5: n8ah4dp
Node 6: ua8xbmh
Node 7: bcwlxxc zzqf6p3
Node 8: kopp8t9 v4hte9s
Node 9: utffe5o zfc58lj
Node 10: 6jbszvw
Node 11: vbc4kkg
Node 12: b832c0g
Node 13: 3idgqyy 8ne9ifi i4n0c6c
Node 14: hry90j7
Node 15: kahbh4l
Node 16: 5df43ei rzg1yhp
Node 17: 3cui37z ckdh480
Node 18: g8t3kzm g9xfv46
Node 19: 082h7zd
Node 20: i67tadh
Node 21: 3vlwdlv 6k6dolr rqqq11i
Node 22: gix7u5a
Node 23: 4o8xbfv d8cb496 k7eobx0
Node 24: a5xe4x8 o853sl2
Node 25: 05ctt0r ng0wyat o6k3xi3
Node 26: wcb5mn2
Node 27: p01k3oj
Node 28: f744wza
Node 29: ss1du9x
Node 30: 7yj7x7t
Node 31: aljeaxz
Node 32: rz4kruq w104ivb
Node 33: txa0c6w
Node 34: gb3esre
Node 35: yl3e3er
Node 36: 9q5ixv4
Node 37: xulnspt
Node 38: yrilce7
Node 39: la5y6vp
Node 40: cxbuegb
Node 41: aolskwl
Node 42: b3wq3jo
Node 43: h54tkyf
Node 44: 9obfxnq wf5frum
Node 45: oitv87l

Node 0: 3iuzw7a lzcge8c muwyt72 ru5vwi9 ybfav40
Node 1: rk0sm34
Node 2: 6jaze8c cwmuip2 mj6nllw o6dsp9b ubee1gs
Node 3: s1f27b6
Node 4: 000u4ok dppdg81 dr8uctu erwfrbh h2xj94u ifduiiv ihhbgvl nthfxsl o659bld ocv3ifs p4k6lv6 pxsvw21 z4tslkr
Node 5: d18slmx flivekd
Node 6: 85ggkz6
Node 7: 7dp7a6p
Node 8: vfhwzyd
Node 9: s03gkpd
Node 10: ufafzp7
Node 11: l3mct0v wbddgou
Node 12: 7jf7477
Node 13: 6yf0iz0 pccsw8q qrrm1gt utxmy73
Node 14: nlzz35a rkf9bv9 svipl3h t636y5r tcs70ds uxx2s8e
Node 15: dsg8r4f j65ml73 l57rti6 oc8v7pz
Node 16: h65nvrx
Node 17: is2471p
Node 18: i04jz1f lw3xlxw xak79qu
Node 19: a62svan z894ssk
Node 20: 224qswx l7llo5m llgfpez nes4e2n s267zbf
Node 21: 24ot814 3oviqkm eeiqrjp jln2pj9
Node 22: rmzlqor
Node 23: 2v9sty6
Node 24: 302gdwn
Node 25: hn7cqlb
Node 26: 3xjcqlf
Node 27: xayeo4k
Node 28: lqf0ryr
Node 29: 1npmhh9
Node 30: 3pz7a07
Node 31: 4n0mrdj
Node 32: 2h5onqe
Node 33: grrr5qd
Node 34: ob3fd6e
Node 35: pi5seov
Node 36: kqmtk8w
Node 37: aqleapz tlw9urn xpwgtq4
Node 38: bwmq0ng

Node 0: 2d2cymi n590sv3 qnxhx6t yggzzft
Node 1: 2qpcapy 8u0cm30 c798zkt qegs7de vxcbvwj
Node 2: brmtm9i f73bkv0 ihmdoma ydj2gww
Node 3: 0hbd5gb 4xsyvfs 6wozund zblaunn
Node 4: 0gbx2ff
Node 5: 3fz5h6r qz5cvx6
Node 6: 1stcd99 547qdrj 82f2ef7 aa5avot fmq227g joh4ujy ko8ymlt o2s8glr rkx3udd
Node 7: 45mohj9 7eqveab 7q8p5pg cbnosao dgrlz1l fqgk6qp imb2922 ljygr1y mlovfqp n5cf0r8 thhvuki ucudnps yl51fsx
Node 8: 0m9y0se
Node 9: woyywuu
Node 10: 1sbc2ka
Node 11: hn1yym8 kp5qxqd
Node 12: frojw3t g5jwgl8 iwk14nq tufu80i
Node 13: 6fc83tz
Node 14: 0lg76hv 756ixh0 ihxg3pg k3buwcg lx3gbbf yelgvn6
Node 15: 9d1lp9p agrffxf j2ukxy8 rl839u9 zdcyrik
Node 16: 9t65dft
Node 17: 0sz5rpo an416vf o0nw27g q9wedf5
Node 18: 6jz6kdd bcbpib8 dmuf813 j1sdnia pxhc6bk t41xyi6 tgvivwv
Node 19: j9wuloy
Node 20: uasouwy
Node 21: jg6vtjp
Node 22: 7a7gjp9 7h5vdcf ehdl6vz k1lul4a pe6t858 x0ylsin xiju7hi
Node 23: 2mdf4vv ggrqgjj v72c0d6
Node 24: 1sj8bnu k89u2t2
Node 25:
Node 26: xxqlhqf
Node 27: lx7adgc
Node 28: 5z97vw6 yypxxhf
Node 29: gn3p5we thaoveo
Node 30: is66jl8
Node 31:
Node 32: z7cmo48
Node 33: k471qjw
Node 34: zqjkh9t
Node 35: 6wz5yzr
Node 36: 9m47ep5
Node 37: yr6xb3v
Node 38: 9cull14 zvlltmy
Node 39: ogd4u4r
Node 40: dhhn33e
Node 41: fyy2ta9 y0rezpk yzbs231
Node 42: zhommh4
Node 43: yp4ugho
Node 44: h261moj
Node 45: el0ouuz
Node 46: hzal4qw
Node 47: 6b8vug5
Node 48: 0cm8sxh
Node 49: x1dn8vp
Node 50: 3pb1d7s
Node 51: vzwna2s
Node 52: sxrnl3z
Node 53: vk62rtr
Node 54: ejrhyo6
Node 55: 5urz5jd
Node 56: yu606a7
Node 57: mqzc7ho

Node 0: 3eeliun 5c7hkgn bb04j47 dajaffd n4u1qmz perfhk9
Node 1: ek1in2x xir5c0r
Node 2: ao3axe3 eapbfls pzyjoyq siye2ll
Node 3: 29vm4ut 7r86i8b ajc6nl5 cqa3umq kqsiktp lubal1t yi3qh3k
Node 4: 13v4hgq brt4noz se3fl29 w7ac113
Node 5: 06fshfd
Node 6: fvfetiy pjuvnjf q8r5rcz
Node 7: b9evb10
Node 8: 5ca84io
Node 9: 2wysvlo 36sqxxs 4gi7my4 klbujgn
Node 10: 8nhb4p8
Node 11: x2yj5y3
Node 12: bygxqvc
Node 13: 6vag9js a16scy3 ng7p2m8 s3hi9wl shnknw6
Node 14: 6qtwft7
Node 15: 7rzcm62
Node 16: 2crmp1s 2kqn5uz
Node 17: 77xacoq
Node 18: bx2cmkk

Node 0: 1lpka44 1so6yy2 41tiuo5 53751s8 5q3ejmu 78fgtrz 79b65ou 9kkt7i5 a9kpxi3 aykqphj ey53h8q ff2m4zl j3uta06 jbou591 jdvbxj6 m1bqeq2 mch0rhi mnvs8r8 olim4m1 r24w76l ryyi756 tndlawh ttl3q6y ux89atg
Node 1: m219ywt osniakp
Node 2: 27pmzy6 7bbd0ai jdiz58y
Node 3: l0wrlf7
Node 4: ffgu0po gh9kcdk o3nqxn1 rmg2j7b xhiew5e
Node 5: 0gxgnw1 a553rzl
Node 6: 8vopqyz
Node 7: 2efwdjl 4ffz7u8 fuvgxb0 h9k55ml
Node 8: bzyz3vy fugh3p7
Node 9: ov2skme
Node 10: ik2jie5
Node 11: qe14b37 ztidyos
Node 12: vr1yhtm
Node 13: 0m1ukmy 4wemc2n f2thq57 i40iv3z k5ur4lr
Node 14: qjtgs6v
Node 15: krn70t8 n771tg2 t89swws
Node 16: q48nnnb skmgmi7
Node 17: o7tadhq
Node 18: vhbkt5h
Node 19: iqf1bkg
Node 20: dlwngjk p6ooevz
Node 21: bbopcw4 ybwjmir
Node 22: 19ny25g xuqqgp8
Node 23: ita1jxd
Node 24: 4cdwxyd
Node 25: iiseszo
Node 26: 7tfd3wt
Node 27: 92n5bgw ay8jgi7
Node 28: twcak5y
Node 29: kjzl6i3 kywqk8a
Node 30: 1ovxi5q zeq2bd2
Node 31: qg2jycw
Node 32: evmqyb1 u9mnwf0
Node 33: bo82nib
Node 34: 55ncc4p 6f6ccfl
Node 35: bi6vf0f
Node 36: 9u505dg
Node 37: 3v27ijv 9slky9q ef0xz8i q86eott
Node 38: lmlblni x16e0wa
Node 39: 7gixnmc
Node 40: ut5tkcs
Node 41: vkc1dt4
Node 42: j4drer9
Node 43: lefafuf
Node 44: 6c0xnzn
Node 45: diqqbaz u3599hj
Node 46: 4b6mhu1
Node 47: lfq3msg zjp01m8
Node 48: xbafbk3
Node 49: y7gl3ic
Node 50: 2wt09zr
Node 51: 8mmrx9y

Node 0: y7f9q5u
Node 1: 10vrz0d 1le4kh6 ffxneaj
Node 2: 54ma7jx r1r0nd9
Node 3: 2hed5fv 514w305
Node 4: 31mi8d2 b35qlpv cqksffh fllyt0m k3auc0s qpt9xpz
Node 5: lhb9k2v y1ix1gr
Node 6: g62ggmr
Node 7: 3xmg5e3 4g78flc 4lchmhk 5uxq9d3 6gjoe9w cg3b6y9 jk6lfns kvd5ho3 ol3k0cb
Node 8: ovfmw23
Node 9: vikumi3
Node 10: hox7yej
Node 11: 7nl62q8
Node 12: d44en6t g2mctap gzcjday phr6dlx xenaajj
Node 13: 86vquh1 cqescaj qn1gzy2 y7mzz8v
Node 14: hy19q78
Node 15: 6e9rt9e h2f9u5y ql5bwjy
Node 16: j4mqfu2
Node 17: 744jstu
Node 18: c7eodd0
Node 19: jlpbgna
Node 20: 0zq4wa5
Node 21: veadqou
Node 22: gwat1p1

Node 0: 01exee4 bajmszn grqp1bb utjj78m v6h8b2g
Node 1: 22qjvmc
Node 2: b0jtip8 lsd74zb opsmrpx owss3zk q47mysr v18zapq v6m7t4m yt7soci yuyaiis z406elf
Node 3: s2pt0jm
Node 4: ckqxawn
Node 5: 8ccpkny ix2pmiv
Node 6: qptvdo6 rmmw15u sm54fyr
Node 7: 3bg60gc
Node 8: 24y4vah pxm24s5
Node 9: iz127x8
Node 10: 39bmqgz 8iy0cxi kencdrt
Node 11: e74jvg0
Node 12: h4kltoq t4gvp13 t8vyih9 ufyv154
Node 13: dk1bq1u
Node 14: ufquejl yijfrpz
Node 15: 35i6c7h
Node 16: jsd63dx
Node 17: 8jqg3x1 vykho8x
Node 18: nldtsyq nuijw17 z8kx31v
Node 19: 2ufvsmz 8dk469c j4l69cj lam8f43 qpknuoy
Node 20: 5dbefpo
Node 21: 649pqvp 75jpjzd f67k4fb g2hhnqb oefob03
Node 22: uo5e2gv
Node 23: xpj9ku8
Node 24: rc5ls1c y6xis1w
Node 25: 9dx0u5l
Node 26: krxktn9 o56wfkd
Node 27: 38lemi4 ufm5uiu
Node 28: 2y4shhg lbdzvfo ny1sytg
Node 29: c8jlqo9
Node 30: q24u9ia
Node 31: zoaafao
Node 32: 3eys7of
Node 33: 141yh6e qbfneij sgsp7m5
Node 34: o297btv
Node 35: cd7zl91 pihltwf
Node 36: vilx7a0
Node 37: opqzqqv
Node 38: 9drmk8a
Node 39: 4hokg0e ymc52wr
Node 40: srlkman
Node 41: 2x4l1ox
Node 42: bl2j3cv
Node 43: 5iw93mo cgurl6t
Node 44: 8v8th2u
Node 45: xts4yz7
Node 46: msg9sj2
Node 47: 4ygda6k
Node 48: xd7kgwu
Node 49: r1lk8oy
Node 50: oc7fs6s
Node 51: bxot7t3 ttg9hjs
Node 52: dcp143i
Node 53: 1c5yr71
Node 54: rafs8hu
Node 55: ijksk49
Node 56: zxhe3oc
Node 57: 6bnippx
Node 58: o4m9lk5
Node 59: 2qiq7ez
Node 60: h2m0dn2
Node 61: 77jgut4
Node 62: 6nk6u65

Node 0: 20frg7p 5n757a0 d3s9awf dhuo76h eapano9 gu43s8s ituudcy l15azjt lfv1uec pg9t9zq qffts8f tb680aw un8zu76 uyq0b01 x6xiuhg zhzgqxi
Node 1: 64zm7ge f8b8fte jxv0340 s5knxvy
Node 2: rmya4m8
Node 3: 2y7osvx dii84w1 rjj94p2
Node 4: 2qurotj sqobkls
Node 5: 01ib81d iha0rz1
Node 6: 3bch0og prn56zi y4v44fs
Node 7: m3p7bu7
Node 8: uuqo0so
Node 9: fhn21lf zt535v8
Node 10: y248rn9
Node 11: 84iw6i0 h87z194 qx4prd6
Node 12: 6wameob afd5ucd
Node 13: 3vc5dm8
Node 14: isp10yf
Node 15: 2kjuffq g6pixq0
Node 16: halut9k
Node 17: kwxkvlg
Node 18: 89qjc9x
Node 19: 8h8zzy4 fq61u1v
Node 20: dsk3nyz
Node 21: dqohwqt
Node 22: f2q2f13
Node 23: 34giy16 3xbuo5o
Node 24: 438hhrq uyln6og
Node 25: spe9sc4
Node 26: zkrwph0
Node 27: 3j8o0ju
Node 28: bngqpcd
Node 29: 8g3rjr2
Node 30: 87icnm8
Node 31: th3j1t1

Node 0: d9g0ujw icncjlh j30cn8a zo5d6ea
Node 1: biqnl8q ei34mb0 ej1sd59 fclihib h3vee21 m7lhp2t p52bu84 vgp2a06 wxuvf45
Node 2: 3aou3o8 6z8iti6 fktzlvt t29abc9
Node 3: 1pqmq6l 2puwe7p qdtbkly qpu7ilw
Node 4: p4xy92l sil2wsk
Node 5: 4oug1h8 6p5zjzc 80k9y60 8t1yf7x rkq2fie w46nabu zawb6ox
Node 6: pks67q5
Node 7: 1qj5yjh ceyb3rs klrmd99
Node 8: v0yjzny
Node 9: 8a8psir
Node 10: d4rnhf5
Node 11: 3wgsyr4 4jso1x6 8ujzqoc aft4vuy d31433y ftnr62a fuokilc j792nqv pk7fjw9 s0y0f9h tcpe7vb wzeu5gh xp60i6k xppohj5
Node 12: klk4wh0 wpzoh11
Node 13: 9bdbhae
Node 14: 16maq25 4rzz9s5 6k6wl62 t5vrvqe
Node 15: 7ss17ax gbkg2fb pcehhl3
Node 16: ua9mbyp
Node 17: kpjquwd
Node 18: cvmkf75 vxiq2ez
Node 19: 93tivey bc83ske
Node 20: r41qwri
Node 21: p9upjn0 vrgmivh zkh5piw
Node 22: s0vfmmi
Node 23: ieys1lb
Node 24: 138t07i 2powd77 4irpcyx afgdkqu k66ncaq nl8b3e6 xncdyzi ysezoz4
Node 25: xc58ihl
Node 26: psosyr4
Node 27: ox7mn5b
Node 28: azbx4o7
Node 29: 9plp7e9
Node 30: syvdtjz
Node 31: bd9oocm
Node 32: dbdr73z uk8y53p
Node 33: 0r6oxmx 8k8ielw fyf5hk5
Node 34: 9hd714y
Node 35: 60deioq
Node 36: 998mjfx
Node 37: l004sgj
Node 38: y5q6vh3
Node 39: eec9iq7
Node 40: 2lom09q
Node 41: te3kk9f
Node 42: lrgky30
Node 43: b1mfrxb

Node 0: 7am0q7v bhcnffm cfy4ccr i6h9qwq wwz348p xkhdx7o
Node 1: 5i9ooqz 6du3qv1 m1i8bvp q7gk7e2 qruq5ns u2obtmr
Node 2: 9m7v9a2 n5pwmui
Node 3: 049cu68 3zp9dcx rsy8gf9 s44mxv7 vpp4wxb xdc80bo
Node 4: sluy1uc
Node 5: utj3zgx
Node 6: ymo7i64
Node 7: 6zn80im
Node 8: u2tox85
Node 9: 2pggtfe rnuqj1t vzqijrt xx216sc
Node 10: 7w3hkgp 81frxv9 wt73xlv
Node 11: 4x4d4jo 5rjvn9f 6oifq70 93w2bni ew27igj fnbszcz fqrwi5g gxltgwj kxiba75 lqy1gsw mnyuj82 mx969ue phuv9zm vaqjoeb ykvwzyc
Node 12: es4w5iw vsip4fi
Node 13: ba5gl82
Node 14: c620h5e smq3gou yibyy0z
Node 15: 1w9ty1k dlia4hq fyhu7uq mso7xk4
Node 16: 49t4zjs gafaqa6 zloclct
Node 17: b6anryf ljxqarr qkweq4t
Node 18: ousdqsv tuhoj8e
Node 19: og6dhoq
Node 20: odkbf0o
Node 21: 1k6mbyx a34tps9 uio8xpd
Node 22: 394xmz4 ifch8zi
Node 23: flkp11f mxdlpic
Node 24: b0njbke
Node 25: w2i1zla
Node 26: fgensfd hag4wro if981hg
Node 27: qkyozgo
Node 28: bk7vfp7 zuvo5c7
Node 29: 6g3gd0b 8cy9kqt xhi62t1
Node 30: mr4rw2e ppmyr16
Node 31: az3zc3r hh9xgz5
Node 32: 59dkx0u 7z4kt2q zn367vn
Node 33: qtc5vud
Node 34: 20lz93s 6pcw4y1
Node 35: 8oalf33
Node 36: 82ajhxm
Node 37: 7zcl7rs
Node 38: 83q0rce hh32amc ifjda7v
Node 39: nj405wz
Node 40: exqksm6
Node 41: pb73szm
Node 42: eyxilys sqr42tt
Node 43: vqx8yz1 xugmi2r
Node 44: fjk57gw
Node 45: kmqynw3
Node 46: 7xuh547 z6y49ct
Node 47: cgklgj5 g7jfvgv
Node 48:
Node 49: 9uw6jbp
Node 50: ko6ntai
Node 51: ofomvc9
Node 52: x75qcn9
Node 53: lwg0kpc
Node 54: l8mn70k

Node 0: wbzljhi
Node 1: 9j5haoi qn5gq7l wmd9mov
Node 2: 4borcxe 4e25nsi nozzb19 wthx8r5
Node 3: 1ew696y 5ayht7c
Node 4: 4b7d8n4 bo30u88 n6u7dtk rv00via zuh1g6x
Node 5: dnls69e ppmmkf4 qg00hie wih8zva
Node 6: 47n8xdt 89b905n oqvltsq q6cgcaw
Node 7: 00gb21g 5rufdd5 lz8vve2
Node 8: 57ozdf3 f3fx65s ffr9nol m9qjqmr nemiqmf v5tfz1i
Node 9: ysu5kio
Node 10: 5fpa0kz 5ulxn6q rhs6ec6 u9vj27f zknpsi1
Node 11: jg9axm5
Node 12: 0o6qt9y 292x9dc 2r5aixr 7gu171o b8b6cys f2963ef fl0vjhm
Node 13: epldyk5 f8ipqn0 ipxun0j j2ocu9t zoktbx9
Node 14: og8k7a7
Node 15: ivjiv2b
Node 16: p9sttqd
Node 17: q6rxzty
Node 18: 0dngju9
Node 19: sa7x94k
Node 20: 6qt1vpn sbxmqij
Node 21: a9qy1k5
Node 22: xdkf3ub
Node 23: 3i6gooc 8ecujt8 9njyd5q lc6qwpk
Node 24: 5t3y3n6 7li37g2 9vhcyey
Node 25: dav6vqy i0wocrl
Node 26: 5yxnuo1
Node 27: 3eiazj2
Node 28: r7qo2vx
Node 29: bj9rkd6 o1dligj
Node 30: avo1s2u
Node 31: 49ypdws mihz2ag
Node 32: lthyarh
Node 33: bo083ro
Node 34: gtzkb5a
Node 35: vm82lmi
Node 36:
Node 37: lkcanzc q20kkxu
Node 38: vl9bznk
Node 39: tqsss0n
Node 40: 6gojmxz
Node 41: gkn89bc

Node 0: c567yh7 e7uj78s iqu0v69 ttnsj07 vip9qjy
Node 1: bu3plsu xwk1pzh
Node 2: qq6o9xl w5irw61
Node 3: 0jsy27y
Node 4: q1g0vg9
Node 5: edeo0mw
Node 6: 2jveyd7 bmemsgn j8t5y0m zqgnrwg
Node 7: irqy6nc zefuswm
Node 8: m5kiupo z1tgn2x
Node 9: 18nmr6l
Node 10:
Node 11: 0q3pogb
Node 12: fyg05f9
Node 13: 33j8edq
Node 14: ghwnr65 whgirua
Node 15: 715a2pm 7d2wk9m ik1h8m8 jsgw7pt zlzzibh
Node 16:
Node 17: 1z90nre 7pcolj2 b88qtqs ucvfg2e
Node 18: cs88zur
Node 19: 7y99rbe bcnyy2k
Node 20: agsx6by akdl185
Node 21: lhe8msi
Node 22: lk8fli7
Node 23: 7kzzfxw
Node 24: 9y4ojxj
Node 25: 7hfrspq
Node 26: rextzf4
Node 27: v3rgza0
Node 28: u7c1p7u

Node 0: k3efx0c
Node 1: n83tfmi
Node 2: 3pgras5 kbxipwa lx3yul7 rv7z34d xhiuut2
Node 3: qmpnr8r
Node 4: 2kqigg5
Node 5: hi9zjel
Node 6: qmq9dhk
Node 7: 8zoyhzo n46a9ge
Node 8: lxy8imq
Node 9: csztk2u gbdqepl mg8xk4a o5m5mof
Node 10: cxy1ajb
Node 11: y0ka30u
Node 12: 9tno3br
Node 13: 2r12vco
Node 14: 96bhgrr apvpyqi
Node 15: 2pixugy
Node 16:
Node 17: ly77xel
Node 18:
Node 19: bjt403b
Node 20:
Node 21:

Node 0: 4u9bbr1 9pu63x4 dyw1l6b hjv5l7f kvo1inb or1b5od sjbcnue vmclyzg
Node 1: kiirxbn
Node 2: 47ttyn3
Node 3: gdwu7z0
Node 4: d8pbfv7
Node 5: 0oihl0c 4q5lzs5
Node 6: 5zvbgjc d3i539q
Node 7: ozn6fk6
Node 8: tco75pc
Node 9: e6cmv0g
Node 10: wvbqees
Node 11: vg80jsv

Node 0: 25skd6r jc0niqz
Node 1: 111v4ci 2lu89i9 7bok4lq athjd2r knvb7kw n3d6mz2 va1pwxj yxs07kc z0ha4p9
Node 2: 1led520 1xbgbht 222mg8q 3jm3via 5lptufn 8pgg3sn fniiwxv h284xsr iv0r66x jfswetp qhkfm8g qi9zao1 ry1k0gr u2nyt1u wawume9 xnl5m4a
Node 3: sv87vil
Node 4: pubmbcy
Node 5: arhd2h7 bzdhn7q knf0d4h
Node 6: 88o5tu8 kn7xpok plbmar2
Node 7: p8aal1i
Node 8: 1p4nel2
Node 9: 44ctvnm a73m0zp uro4oqq zrpxfzr
Node 10: ek6iw1s lnlriqg
Node 11: 4ifl8t0 8rr9hos 8v9r0pw f9184pw gn7xarc
Node 12: f6za9mf
Node 13: ep4k3jt
Node 14: i6po4jd oj40yvb p1rihgx
Node 15: 5qd8ifi a329qy9 cx69mgj i34h3sx m64gz1t
Node 16: s2riym6 t25s3lk
Node 17: d7arfzh saa1e1m
Node 18: lf87pw8
Node 19: d7be18s rolzhel
Node 20: fugmrje l5ow4vw
Node 21: gwitk8f ye5pzxb
Node 22: 6zmii3c tnuk47w
Node 23: gvkiokk sbe4dgt
Node 24: tqpxw6g
Node 25: mn5fn0m
Node 26: kcg88zd p6u88hx
Node 27: ggglntj sixxlv3
Node 28: 0934178
Node 29: kfngdm8
Node 30: 1xxnq18 34im41z e4jg05c
Node 31: dpbxrjf ftxjwjv omrrqy4 r3c9n7o z93sy36
Node 32: te6bna1
Node 33: g8n5bp7
Node 34: 6r04yyj
Node 35: exjz2w6 pqzp3s9 xkqjama
Node 36: gajz429 qjwte9w
Node 37: nq9w4ho
Node 38: mafrx10
Node 39: n6dvo6d
Node 40: lupu7te
Node 41: ge5ni3t
Node 42: telykbg zlcm2hy
Node 43: 45t3ks1
Node 44: fkrwf17
Node 45: k3vgbkv
Node 46: zqbm6bm
Node 47: wbzmp4p
Node 48: vxs3ej8
Node 49: k757cum
Node 50: m86fetq
Node 51: px0vl4k
Node 52: u08yebf
Node 53: yn0n6z1
Node 54: pghlv5l
Node 55: oho3w8a
Node 56: en07vlq
Node 57: 3a8g7pz

Node 0: gdoxkdc
Node 1: e6ra9og eo8f1yr o2h87eh qgsmibj xfmoiq2 xls1dhu z2bruu3
Node 2: 1ft7y6j 1mni0t3 4yaaoz1 5q9r4q3 76zhz6e 7y3c9el 9s6uaua cw1tt5c f6yeawq fspmf2x qob6if1 w0458o3
Node 3: 3p9yioa az8ogvj ie6yx1i or1j6av
Node 4: 1bss892 3nlhbnv 7wtkk4z g3t2nuf gk8or9x i2whkhi qrvfejy rzw6ls4 uypn57d zrsygqt
Node 5: i4a8y5w
Node 6: mpatojj
Node 7: 5j96h2x
Node 8: 1twlypt 469a45n 8zy60dm owj4u9z tv81r4d
Node 9: opu6t5v
Node 10: 580w7nn
Node 11: 5303g5q nsq10b4
Node 12: 19m4gw1
Node 13: 73fxrba rxo1l6w
Node 14: plhu9kp
Node 15: 672pn26 rvw7ogk
Node 16: tmy6k5y
Node 17: wrvde3m
Node 18: o362sz8
Node 19: pnbe8eq
Node 20: z8tfroo
Node 21: p8fma4q
Node 22: sjw0k8a
Node 23: mm0t4s3
Node 24: tgrf7pa
Node 25: osfhiqp
Node 26: vfp3s09
Node 27: hmahmuj
Node 28: d2lhc90
Node 29: djb9z3p
Node 30: 7g3gdsg

Node 0: qm883k9 x7okpjv z43hu2u
Node 1: l5qznj7
Node 2: 0hjulxs f7k5s4z fg0d7lt lgifzaf tsewjfm u7mxpyk y5jjv93 ysyd6p9 zbxis9f
Node 3: 4f1hmnc 6ekghtn 7um1dmk 8yguonc c23dr7x cqwmpyg wxlralo
Node 4: mjhvwtr
Node 5: 3v5ws2a nqhbwm7 o01n4s1
Node 6: r3a50k5
Node 7: 9mcr82j
Node 8: 5501pa5 68cugqt dofjmen m9m7jln
Node 9: 3dm8nlm ik4zh7g xsy3cwp y8o4ez1
Node 10: 0cujahr cyd6cc4 gfa8gvz
Node 11: 7apv8m7 8kagx5i itt7xdx quyl3aw
Node 12: a23p592 f5rddl1 t70d2gk
Node 13: wnszq9a
Node 14: 83wwul2 b0ijpnv kspzchk qnbtyth
Node 15: 7ao7fg5
Node 16: 8r4mklg d5i2vb5
Node 17: zzm2b26
Node 18: 0psc8ua lhrtahc
Node 19: 7nw9bf5
Node 20: 2o56ow7
Node 21: gosuzz4 m8m9iwj q06r84v wu002dz
Node 22: 38fn0nu 535kruh 7m50j1b a9cn3w3 m9y5tou qbj24fn
Node 23: e0tywns ix06ymo noodiy3
Node 24: js44ln6
Node 25: 8u8ysu6
Node 26: egb9hw8 mzwpcij
Node 27: 86hsv13
Node 28: rzhanon
Node 29: kxzfxsf
Node 30: j0i067k
Node 31: 26g1mn9 nfm50oh
Node 32: 050p1em
Node 33: 3stpeyk aoy77dn q69x7k8 vormffw
Node 34: bway1mz s544zxf v9qcbg2
Node 35: epd753u hgx2hl9 mtjki10 sajkfzx z2xzun2
Node 36: qo5h9d4
Node 37: opr718s
Node 38: giw0pza
Node 39: f9jky8c nv8cuc8
Node 40: lu27ees
Node 41: 8bn7k50
Node 42: 68o86ew
Node 43: w7kq09j
Node 44: 77joyog
Node 45: h1iplgq
Node 46: 4txd7v6
Node 47: fzng9xv lzoqvmc
Node 48: cvxcwka
Node 49: 9ghgngh
Node 50: 2f86z1l ro8w85b
Node 51: 3fhlofr
Node 52: 3uhrrde
Node 53: 2skmsr5
Node 54: lwi75zy
Node 55: cy6n60i

Node 0: lipwfjw yqnh3ga
Node 1: kka4n2w
Node 2: 45oqoch 678r8ik 9l4904f a35hyth aa5j857 as9t17b d66u2qb fetwn96 l4u68ov ltx8qvq o1c9ycp q4yphx1 snnaye6 v56kylb z8lvn9s
Node 3: 3gv8dox qp7b0fd syhlh8b
Node 4: o3ceyjv s44ff8k
Node 5: 3i14pxz l7w7woe yfesr2i
Node 6: 0uvro1m
Node 7: 1vlzgx9 j55zecp
Node 8: 8tjh8w3 qsh8fsh
Node 9: 57tbov6 heq3oj5 ir1pa8m
Node 10: 837bun3
Node 11: 2moh3tn
Node 12: z1sox7w
Node 13: d6mvtqb uh5iqn7
Node 14: q5xag9y xyakwms
Node 15: 37o8eka rhtlyck tworok9
Node 16: 8qyhyn0
Node 17: 4za4y42
Node 18: gv7n8xp
Node 19: wauo24u
Node 20: 96pmrfb
Node 21: 2723lkl kwg649s
Node 22: 4otq2o8
Node 23: ts14lpy
Node 24: blz2o8e
Node 25: pffnov6
Node 26: vuiudkr
Node 27: 362oqy4
Node 28: sc96w6a
Node 29: c5t8qtz
Node 30: 6c1kf4u
Node 31: 60o3i9y
Node 32: eyi1tsu
Node 33: fmp445s
Node 34: 8zbdflc

Node 0: 76nxerr bvygtvf euknwtd ksrtt3d nlifmpc rzug3za vvakx92 zijyf9g
Node 1: 4nvaax1 dbm3qus dqigarz ls2y2xk myvtcz4 p1r0vhn
Node 2: uxtlrsd
Node 3: itue724
Node 4: 6pp6oej
Node 5: s1owg6b
Node 6: wra58ap
Node 7: m0h8yut
Node 8: tw8rs36
Node 9: ldw0lk0
Node 10: bhiu80c i8xxilt
Node 11: 3vnypgo jd6gy9x li40964
Node 12: 1fn4mes 7r3fuox
Node 13: 8jejy50 csxa1p6 zo3a0po
Node 14: z5s2k8s
Node 15: 84h1tht ludl2uy
Node 16: pkjgn5b
Node 17: x2qe8g5
Node 18:
Node 19: dxd981j
Node 20:
Node 21:

Node 0: aotcvr3
Node 1: 4ii5bpi 4yrgkz2 ma5v25a
Node 2: b1irzd4 cby5t0q k6zt3k6 kj4i8se mbs0co0 og4uwpf x540vsp
Node 3: byksstu enbuw2w h6jyue5 lhkyy45 xl62tp6
Node 4: 2841lsd 3c542u0 jl5q0a2 v70e5wh v8xr5fk
Node 5: 05vk03j tykzh8l
Node 6: zgqkeea
Node 7: tek8bxg
Node 8: dk905oz
Node 9: he1nnyp
Node 10: sfqloas ubd7qf9 vq3nqrv
Node 11: eqdif7e
Node 12: 07vjifp a1la54n ed8bp8s nk7bsgn qx9q21w wmnomhr y22lis4
Node 13: lx4fr7e um8to1u vtdyuli
Node 14: vj1l6ve
Node 15: 38p1yi5 abymywo huydl67 zsnoich
Node 16: odli3bl
Node 17:
Node 18: g3ckiqu ms0vyhd
Node 19: aw3bbww
Node 20: emi9bcz iihorg4
Node 21: kjmmspw
Node 22: zgmnexd
Node 23: 7kqj95o cxanegf lysxlrh xccxx58
Node 24: 0601fvw ss74bju
Node 25: azc8wvc jnqmnk3 yyyxkg3
Node 26: 5pu99cv a8t9yrq oyxm9hq
Node 27: qpcicss rmtcnup rn0a4sc
Node 28: 0pjbr3v 2qatjsv 39tf3jf hox0rae ly11p7t u4ae80h vfbl2v9
Node 29: gbwv3o4 lyfuncy yxvmxuo
Node 30: fwrx5su
Node 31: i7atkgj
Node 32: gzo8ne2 oi97sqd togbjsf
Node 33: yb34dh7
Node 34: qnd12vc
Node 35: glr45hu
Node 36: 7q5az1u
Node 37: xb4sffn
Node 38:
Node 39: 4pip76f 59c5pvn
Node 40: fsm2r60
Node 41: ar314mn
Node 42: 24q6a3e o2jzl3x
Node 43: jxm9og1
Node 44: bz6qo8a
Node 45: cu1jpzf mmqbj0k
Node 46: oebynal
Node 47: qnjwaik
Node 48: l1rekby
Node 49: atftgf7 tq3mhlo warh8ct
Node 50: bpcjs7q
Node 51: ljefccc
Node 52: o0vg3ao
Node 53: simnjru x12pgoj
Node 54: aa3s6n6
Node 55: m8xifkq
Node 56: 938zfyi
Node 57: sun6426
Node 58: 479vrg8 6z78ukr
Node 59: oq2e14i
Node 60:
Node 61: m62nh38
Node 62: mhwt2jw
Node 63: 3bbpgeu
Node 64: 5o120zl
Node 65: 7q95vzu
Node 66: qjn9aem
Node 67: ktzacfu
Node 68: iqybgaf

Node 0: 0m69ywc 0nzxqik 1w6u2gf 2en0vgs 3hl1a14 4wuftnz 5tzh3fi 7mg9gua 8by8t9c c9ndlck dm06usl fcx5cu7 ima57rx lwv3ba6 mim2drn opocb18 pq80ckx qzcggor rfaet7v udifemg uwxbj62 wko8mwa zkmnd15 znss573 zzgy8bz
Node 1: 1iwct35 5fqpxu2 5ynm08a 7eu6pqf abhnwkw b1203eo mib782h oys33bz pcsa1l6 xmjlsru
Node 2: 2axxzhw 5nzx88p v3r9pye w5d3fer zv5dmmr
Node 3: 22wpixs bsu9k89 dne4oyf gb4dwmq k9rgz5o
Node 4: th0jtgu
Node 5: ns5vaqo sgihhua
Node 6: 1trjoa0
Node 7: s59y521
Node 8: 5g2evvh lr856uh wdzgt70
Node 9: d6dcebv gv3d1e3 j45rc4m pnttff9 srm0iyo w2xpqdf wm5tqbo xra6ne8 zh1svmq
Node 10: 23sau85 j5uzoqi j9qt6jj oahyq0n smfdf6m yda6gdx
Node 11: 49c87ur
Node 12: hfyuxyj
Node 13: ljcrb6u wlxub97
Node 14: hlnb9z0 yh2n696
Node 15: 55lfg2c
Node 16: 8ip9tck byeoysk evifday hctaq54 v59cbi9 wdl6xf8
Node 17: 12kfgf3 4fg5lur mhis5xh
Node 18: 0ubiac7 1r00sht 8jf7uz9 fg3zx1h ggqx4v3
Node 19: 1kfnzg1 e1r9gmw fbia9f6
Node 20: jeps7ve
Node 21: klymonf
Node 22: jx9icyd
Node 23: mbep71w
Node 24: ckktnbu hc4god7
Node 25: 3pg1u0o f6z2k9q
Node 26: 7deifqp
Node 27: liw4l8y paw9odi trih508
Node 28: 3kjc8bb
Node 29: u8misye
Node 30: c5fre1e
Node 31: yfe4oeq
Node 32: mi2m259
Node 33: ozl3a3k
Node 34: cxhsrhn
Node 35: 0axl0to
Node 36: u2nap3u
Node 37: hm28rmb
Node 38: 3uvovw4
Node 39: n6aap4d
Node 40: xvli8d6
Node 41: 0gkd3jn
Node 42: byq3e7w
Node 43: xao1ts9
Node 44: laqdurq
Node 45: 6lbeyhv
Node 46: kjkcfdn
Node 47: y7rkigi
Node 48: mtwz0km
Node 49: n8qj7od
Node 50: h0p6eym
Node 51: 5rv1xyg
Node 52: ssr9tyf
Node 53: ockwd60
Node 54: u6bzrz3
Node 55: itpl8zc
Node 56: wdx951i
Node 57: ilfm5r0

Node 0: 5ye0twa pgmau5q u75ssei
Node 1: hljbx3j rvgou9m
Node 2: 1nuyp8c 591oo76 9mb5z1q d3rnrip hywvitc mgdpuya nqcws2v s3j9aog x5g5ebe
Node 3: aha15nn
Node 4: 9jjs69p vrjnbua
Node 5: 9t0rna0
Node 6: n0vwp3w
Node 7: 5p6fw09 5vtn3ee 6xdb23t hcxqab0 kqkxvc6 rn3okvz s2j2ku9 tup6tlk vcqqk2u
Node 8: bkdgatl qvi9j4v
Node 9: bod04dx
Node 10: mi96y9n ugm03l9
Node 11: 0zgkx1f icz5y4k rs9uq2q yesr7eu
Node 12: qq5bls3 um38jxi vif4pcj x78x0d5
Node 13: m4qc7e4
Node 14: wq0ydyx
Node 15: tbgcnsl
Node 16: tbtyjrg
Node 17: helru5o td4viuj
Node 18: 8rc3awr
Node 19: o72ybja urwncyy v90t749
Node 20: x69gk3m
Node 21: 6wmwqf8
Node 22: 5egpnkk acbeh1u bchqjc3
Node 23: 56fnczt 7ajjpss
Node 24: n9jrse9
Node 25: eix8332
Node 26: ym13lun
Node 27: x7m2b7o
Node 28: 7b131yf
Node 29: m771zcp
