Node 0: 3vqxov9 7oia79l a85dkle hjyhszx j9cy7yq kb1k7ls sa7pxpn x0nryyk xt0pq5s
Node 1: 03ecu2t 0q9zx9e 3g3lvfw zvsvmej
Node 2: ydtoe9a
Node 3: oxunp1c wc9ojbg xhuz14y
Node 4: ihgxu11 itdnvpb o4gcn57 pf7i1i2
Node 5: uo848h0 wtkr7j5
Node 6: 8vbeybz a1n868d ew047l8 if6k2o5 jyj7l9r u3c0mrc
Node 7: o165h1z zk4eo7u
Node 8: 46k9lfp
Node 9: 67sb5ms elbngxa
Node 10: 15gx7s6 71rfpgl if1kkbh orhho6x
Node 11: bugjicm
Node 12: eytg0o2 fotf6s0 gzgbu2d ig9gt30
Node 13: 0b85nw0 d5thg8c rp9tklg
Node 14: j5crk26 jc81cbb
Node 15: af66835
Node 16: xcgl5o0 yvwt1wr
Node 17: uqknloo
Node 18: cordc9h
Node 19: oo4jiad
Node 20: qqdouta
Node 21: 27q4rhn
Node 22: 9m02qfy
Node 23: 5mfbqhv be9dbyq om97db8
Node 24: 9ihsyvr
Node 25: bd61j4e
Node 26: cixcj3j
Node 27: e523aha wpkaums
Node 28: tnoiltb
Node 29: fh2o4iq
Node 30: 4yrs8p3 j3rcroy
Node 31: y75s6ag
Node 32: i7fpmfi
Node 33: wlzaub8
Node 34: dubs309 rgss6pv
Node 35: m7vurri
Node 36: d7xnqws
Node 37: 97tdn47
Node 38: 6q7kqe8
Node 39: w9y5ck1
Node 40: 0ks9n2z
Node 41: iirxzkc
Node 42: dnh0ig9
Node 43: a9jp2rm qp9nvpk
Node 44: mp6t9gf u2jnt74
Node 45: doxf7lv j0oqlc8
Node 46: 5am1axk
Node 47: 2d6jsaz
Node 48: chtj4ls xcsbmao
Node 49: kxw29qu
Node 50: cks5fa2
Node 51: gbqwz8v
Node 52: p754880
Node 53: 4fx3ddl
Node 54: wossuap
Node 55:
Node 56:
Node 57:
Node 58: cveydgb

Node 0: eutb5mj
Node 1: 15w0xlf 3a5g2m7 bpdvw1v dorwetw gwnonwn ii1zhp2 juazqbe kc4u5e2 lxsh0ok s17aqdz sr12bp0 xpmx6gp
Node 2: 72sgg8w as6vi7q bsuvy0t d2jtnki nmlfvht zlambqq
Node 3: 8iftow9 9qa04e9 f5etrx7 ploc1xd
Node 4: 9pl0d29 z1rn76l
Node 5: idsd4c7 jzojdqv
Node 6: 19lqu9u
Node 7: lrod1f6
Node 8: 3cdi08j ql5jlgf
Node 9: bfm1f4y
Node 10: 51x0zmt 54kff7c xb42hh8
Node 11: vcapcfe
Node 12: qdvt2to
Node 13: o7h0uhd
Node 14: xzi0cd0
Node 15: 2u8pkym 5vcpt8r 6htutmf
Node 16: 0aqp1vd zo1ju9a
Node 17: g135gb7
Node 18: bxqdw00
Node 19: en24bvl
Node 20: t8boeq2
Node 21:
Node 22: 0noryee zeyjong
Node 23: bqh6owc
Node 24: ylsu7ij
Node 25: e0pvugi
Node 26: g8a9a6e mv16km5 tbuvaj8
Node 27: of9od4u
Node 28: ot22trb

Node 0: 55ddlzx awrckvd dfo12eh v1hfauh wba13zu
Node 1: aofopp3 eptu5vm
Node 2: 1q3445m fwpc5tz r03oln0 zbt8h3l
Node 3: 1h0z74p 1vl4w7b 3oiex24 8nxrnj3 cyrssl3 et6fkfj evmw871 fkrj3yo gz2c1vb h41vnto heutptr hqcviw1 ivmb5do m6w28bf on1slc5 ors2gy3 pjnvjv3 q3feo4q qtj1hz6 sl8qza7 z3vbuip zr1spzx
Node 4: 8mqz4ck clhz7um sy9x0wr
Node 5: xe4r2po
Node 6: 36sqnyf 5niu3rf 76kpdm4 a6odmrb gmi0gdp hb4ccez pyus9b7 sm9tbgu w0j1r9u
Node 7: a0p1hxg doaz9bc trf2btq
Node 8: w6p9nko
Node 9: qlysh6l zdx6i5i
Node 10: fwkzkbs
Node 11: o0fadzt
Node 12: 8o1xxlu
Node 13: z8qu857
Node 14: e276swx
Node 15: tjo8rkk
Node 16: 8jqdil6 ddag8jo p2fzdn9 tjwrvmg
Node 17: 6vo032n etmv4ux xhglth5
Node 18: 4hnixr6
Node 19: htgydf8
Node 20: 3wed6sw
Node 21: 2d95e3m a8uyadk
Node 22: eq0485p
Node 23: 2001tci m7gb239
Node 24: 622quvb epn815u tuktt6z
Node 25: cofoocg
Node 26: iy7u00c
Node 27: na49wm0 rmvvl54
Node 28: 2an9oan 99empxs
Node 29: exoqbv0
Node 30: 3wu41tb
Node 31: 0nx5maf
Node 32: 0s1yyqr d7nokl7
Node 33: xjxzl4l
Node 34: jzyikmi
Node 35: 1xxvx1q
Node 36: hdv2ifl
Node 37: 0a0ty79
Node 38: 06adu6r baub4u3
Node 39: kv0lxnh
Node 40: o6f6044
Node 41: 26wp484
Node 42: hcndjca
Node 43: t7qo4q2

Node 0: 4ru3j5b 5sc52xx 6tgvel2 d6rckgq kvn5zjs qdh0c0u
Node 1: 1cf07i4 2pnvl63 4kzslqp 4zym17j 6fgt0qj 77qhlu2 8rehmqz 9a3m5v2 9rp32o6 a0ebp5v bl33ref ca0ovql f92qy45 g8wi8mf hcurlx2 k0axmrr obk74us oksuwe7 p8qg35z qn3be6k
Node 2: 6tidd2j jy5jqew lmbogui ob6r6px w05l9gj
Node 3: 34hnt39 70u6roy 9bqk9in ahy49tl q1039pb
Node 4: mg6sem1
Node 5: hoummk1
Node 6: nkh7ehj
Node 7: y32abod
Node 8: 550xueb rsigdex
Node 9: y4ox6z3
Node 10: 9n8nt1v
Node 11: 04ju8i8
Node 12: p1yzl8w sn4juja z7hq9vh
Node 13: 5so3slu eajhlh6 hgb95s1
Node 14: qlzr4en
Node 15: cx7nfpj s6hqg69
Node 16: 80d6pja
Node 17: 3gss4m3 hvg74t9 qsr31de
Node 18: bhyk3z3 fgvp8eu o7legsw
Node 19: ky9bype
Node 20: 975q112
Node 21: arubcq5
Node 22: hy92ub7
Node 23: la5ifuz w17p9mz w90or2h
Node 24: 4hk5ygl
Node 25: bmue0ax
Node 26: tsy76on
Node 27: bzexu8r
Node 28: a79y9nx kym0wd9
Node 29: azcb5gl
Node 30: 9qg5qmy c49f8rb
Node 31: e9f5dxa w0yhsic ywcfuyf
Node 32: j153idf x11q9zg
Node 33: a70yxnr b0kbf8p
Node 34: 2dl68fw
Node 35: ga63y8f l25m0gd riy9bww te43noo
Node 36: d99ddjq
Node 37: zuripa9
Node 38: h417e5b
Node 39: 4in71oj
Node 40: xfro4ml
Node 41: 640gmwx romu5sa
Node 42: 2qie54f
Node 43: q5mhsbx
Node 44: eyi5vg9
Node 45: wkoguod
Node 46: 72dp1xz
Node 47: dlv4yp3
Node 48: 79su9bk
Node 49: cllhrnc
Node 50: rm7ea6e
Node 51: gunjofc
Node 52: iorfxht
Node 53: 27x1644
Node 54: j0o7rli

Node 0: jjwf69k wu4xjq9 z6cxinl
Node 1: lpgeqsp
Node 2: 64vknpg quml2u2
Node 3: 00lygxl a356eus bih4aon mndjkdb q0d5tio
Node 4: 7ec6d7d ljtvie5
Node 5: xnxfb9h
Node 6: jus0o7n mt14t27 s5sepy8 w8hgv10
Node 7: i5e0733 pmdef68
Node 8: u2lox8s
Node 9: 3y2d813 7sg6nat awp33w6 cyad3rt hgof1ql tr7hp2e
Node 10: 0z6uvml
Node 11: djykh91 sxsu2cz
Node 12: k8j27jx
Node 13: u944npf vfgn78p
Node 14: 5t7bi8v m560akw o3b3imq
Node 15: 2t19psi
Node 16: cbmxeql
Node 17: 5j8eoyw hedhuc6 iv3qg3s
Node 18: pqz38od
Node 19: 0pdmps4 28br16o j9w7dir qc4kmzp
Node 20: n107c69
Node 21: 9sfcfu9
Node 22: 2tgfgko d9vsue6
Node 23: s3uijpz t615uvb tfhz0yg
Node 24: suzm7qe zdkg906
Node 25: n3jxaty
Node 26: 7q9m855 ix3e07e
Node 27: 7m48ggb
Node 28: b474tqb
Node 29: 3whv43m
Node 30: 279d65c 5wxcxys
Node 31: dag3kue jkdzn59
Node 32: 0c15r3z
Node 33: 1vuzxsk
Node 34: k77s7cq
Node 35: pg719mw
Node 36: 8cq9akk rsvxh2k
Node 37: ij6mzzf
Node 38: 1vnsour
Node 39: 4oo368d
Node 40: 0ud377y

Node 0: t6f39vm
Node 1: 4tu7c0z 4uy9nv5 70zrln2 8sd10gr cbwr1vf e9y2pct iygxjkt jaf5lrw q9mlp7m qro8bj3
Node 2: 28rewwf 2j6dng0 8sp3vo7 8wz9vkp j5t3nqm l6437al l6aq1ar mypfaiw nowezxv rx9uwsb tt27s9e u014hin w33xqza waifi9z
Node 3: qk55yjo
Node 4: 72wmu99
Node 5: bcspt1a
Node 6: shh62t1 svixx51 y3zz7j4
Node 7: 3fmbsw6 xr8dljt
Node 8: dlviut3
Node 9: aq9nr3a
Node 10: w4u44ju
Node 11: a4cv3e3 bx2bz5f g1qewwz gobcgpy j1ch4qx lcnwvpp ou88d1t u6jkjmw
Node 12: t095hsu
Node 13: qj8qt04
Node 14: i8htwaf
Node 15: 04uyt2b n3hucr9
Node 16: w5sflix xys7qgh
Node 17: wxrzpiz
Node 18: kdn2hx2
Node 19: uzqvxg1
Node 20: t2j4nfo
Node 21: 26rzvh7
Node 22: vpt7lu9
Node 23: u3k07dt
Node 24: wagv5uw
Node 25: dlfubl1
Node 26: gkizbtz
Node 27: ooujvrn
Node 28: coowkju
Node 29: 5lgcfs0
Node 30: 1xpk8zt
Node 31: 8lxo1o7
Node 32: jjynj70
Node 33: n1fcmy3
Node 34: ncos086

Node 0: 3u2d6vg
Node 1: pq4oiet qlacqjv
Node 2: 4utx3rs
Node 3: 6jgjv0r

Node 0: 7x0vb8y a8xagax bvmkddv h9xfafq iircha1 n169nm3 qvtkh2l tr4jq4h y682yal
Node 1: 0j4gger 85xc0f6 q2ncbsn
Node 2: dw2jkn8 i1wcx6h
Node 3: 9jkfs2u hbw5w02 mi9037d
Node 4: ayalasg
Node 5: dograwy hepqsl3 laysrvt
Node 6: 3ldn0oi fqkktwf gim9zys mzit95z ufsxi2p
Node 7: c19p488 hxh34jv rwbk4cq tar906m
Node 8: 3q7l3j4 j7c7dwj nhhp6fo
Node 9: sblb1c9
Node 10: 6483y04 be9xfoe
Node 11: is86uf8
Node 12: aiouj7w
Node 13: 363yjyq 6xcezah
Node 14: v8lwwqb
Node 15: ij8w1kv
Node 16: gm3sseg
Node 17: ilz42kh
Node 18: 2dqgko5
Node 19: 8m6kjjm
Node 20: nk0g3g3 ym7gzkq
Node 21: h7h3qcy
Node 22: v4edd5a
Node 23: ybj0wrf
Node 24: z14swza
Node 25: lfq225t
Node 26: 9vsz9pt
Node 27: dfa456l
Node 28: 299lp2r
Node 29: nd2zlir
Node 30: lmfco1c

Node 0: e90q164 k9rxezs
Node 1: 0e4yuvg 4hi6din 6ureuyq 78bh61r d68jmd4 f8wpgyg mm2uhj8 oh9tfqy p8yp683
Node 2: 0awn0v4 1f9f1zx 8b3c4p2 984hlxi jeqh5rp svgqfei vh9qps6 zntfi6v
Node 3: 8e9mzxp 8kt5pu8 b0sso8v d2mpgim e2lijdr ern1xh1 tr9ntre vorr91y
Node 4: 12i9s59 hwbpgnd lagw743 t6qzz25 w8vk6o6 x8bcxza
Node 5: 614nui3 82fezzu oek4ldx
Node 6: cqrvsi6 x4mxgdn
Node 7: 3ofp9n3 3zt2ri5 sryd1ge
Node 8: qboc2vz
Node 9: fsodo6r
Node 10: 60c5k2p debb996 ffnt2o9 h3mufls oe1bg6s vzqpocw whgqyw1
Node 11: sbiy5bv
Node 12: 2zca79b 5wg9gh6 u7b81tc wz3jxn0 xggo89y
Node 13: hvvkx3u
Node 14: 4aignfq iy6za69
Node 15: jr0n0gw layho2v
Node 16: 03usz20 1slkzlq kh79u00
Node 17: lrlprzd n0q9fqh pq3bon1 yxsgxc6
Node 18: iicf0jd w9m00dk yh8ue35
Node 19: cknf19p
Node 20: c95iq78 iokgqh6 jd6k7aq u8fuyel ubbwc52 uiqn7ku
Node 21: 89p9v57
Node 22: wg0ijcy
Node 23: agjm9pm
Node 24: zt3j5at
Node 25: t8y33fl vwu93kp
Node 26: ry14814
Node 27: 0jmm0w5
Node 28: wgp85op
Node 29: 9plk6fm
Node 30: nighbjq
Node 31: 2jagoia 75smok7
Node 32: socu58d
Node 33: egzdtuc v4wu6wt xpf4uzj
Node 34: o2d61g0
Node 35: 28njvsl xncpe0v
Node 36: ukgqill
Node 37: r4agsf4
Node 38: 2ha4zf9 929b7n9
Node 39: qw4gcma
Node 40: uyoi1oe
Node 41: 11cqcbr obx4zlu t6gcfc2
Node 42: di9qfef
Node 43: 20okhid
Node 44: wy8ave0
Node 45: iaq7qdx
Node 46: s4nido8
Node 47: s2odjjp
Node 48: xevqjuz
Node 49: osneccu
Node 50: 6mmyg6p c7jkkms
Node 51: rs9rfdc
Node 52: gr0yq0s
Node 53: 3o8q5qn
Node 54: 1fnmrek
Node 55: ihyzonx
Node 56: cgtt75r
Node 57: 727hfwp jtcdmql
Node 58: 71lov7f
Node 59: b9cicsg
Node 60: 0vf23vt

Node 0: 52z8efu ojaimti
Node 1: 1y9o1o0 91yr1l8 a747rcq y6oppd0
Node 2: yjuedk8
Node 3: 62nw84j 9j97r4g a2fo94p dxbb438
Node 4: td14sxb
Node 5: 5t3wg1m 6rt331g qrxzeq4 robxd10 v3pptg2
Node 6: budumla
Node 7: 5sp0jr7 jg0unux k1fgwaf p90ppj0
Node 8: swkjj95
Node 9: eolq1cl si2op9l
Node 10: kig2ddo
Node 11: tfu3o1n tqqvc20
Node 12: 1n543c4 tainfk6
Node 13: rjflqoq
Node 14: 878lyq2
Node 15: 5z5k3bc 8juqgsz ahphk5y gdvetmf jlhn740 ldakpey xfzpgl4 xkbs7wb
Node 16: bb3eglq
Node 17: i7ccdaa
Node 18: gnumttv gnvmr0c r3jgt8a
Node 19: 20zqs82 2tc61xb l616v7g t75qryi
Node 20: wbx2lvy
Node 21: uwnzv97
Node 22: byqugbj
Node 23: m39ggs5
Node 24: x2quqfb
Node 25: wgb4y9o
Node 26: fzixdsc
Node 27: muigsy8
Node 28: sqhpmdt
Node 29: 50gcaug
Node 30: 41ty9lg
Node 31: i5p5jhw
Node 32: 69y3lhu 9mq0lad enyt05d ynomvr1
Node 33: hn132w1
Node 34: 6fjpuiy
Node 35: c59d33d
Node 36: luzj31k
Node 37: 6ifu41g
Node 38: 95g97ho
Node 39: cksu79d
Node 40: pe1wqan

Node 0: 83eyxz5 bv7dztr gewbnxk j9ktbqn qd8rc2j zy12inf
Node 1: 0lcp2t0
Node 2: pa9lx1r
Node 3:
Node 4: 3whfyk4
Node 5: zbdt2rx
Node 6: a5xd22o lpvysqb zqjgfst
Node 7: 37mk03p
Node 8: lzrafhf
Node 9: osiqh6h

Node 0: 2kb1xaq 8uf54id kpuj4t6
Node 1: 4v8zt20 aak6f9q fxjy5ma
Node 2: jozxg5e
Node 3: f5eyra9 qpm792g rphqn0d xuvox7d
Node 4: f9n7bsp gu3gqpx
Node 5: 0020y5y
Node 6: 85dhjcp 8jcu8st e0ej8kv lr7lnu1 lrw8c84 mfrl3iw p1sja6w v7gx9vj vwmsj8p w9aq12u y04y2bm
Node 7: cnfh74f u8547y8 w0wgurz
Node 8: 186bist g7v5g82 ja1i3qj znglsql
Node 9: v1p9g4m
Node 10: tpwuy9n
Node 11: bqlbw90
Node 12: 4j0wnje
Node 13: 37iuuep
Node 14: nzodoix
Node 15: ejtdeio
Node 16: 5v32gcp hj7zm1z
Node 17: d2y98go ss2xs3i
Node 18: vgqqsz4 xqoyrqq
Node 19: 755ctuk
Node 20: wcwz86g
Node 21: xa3m1tk
Node 22: pbny3xp v90ug86
Node 23: zcoei8e
Node 24: xlpwjvy
Node 25: q17j42u
Node 26: eomoqa0 p1e2onb qfimduj rhkyiiz rr87uhj
Node 27: 9yassdn egpk9w8
Node 28: 5rlpchd
Node 29: 786v7yn qmfy1qq
Node 30: 01hxjmp 64bzk8c 9t7hdgz m37g62j
Node 31: wjl58up
Node 32: 9jmdz0t
Node 33: olloi0u
Node 34: m7u2bja
Node 35: 3gkiama
Node 36: t44lamk
Node 37: yytqrlw
Node 38: fy3n77z
Node 39: szzdu6y
Node 40: p0ml519
Node 41: whasx5s
Node 42: 3w2371u
Node 43: k70b5nl

Node 0: m0z4c4o
Node 1: 89gn9ts
Node 2: dl5ekex
Node 3: c1golbr pkg2hcp
Node 4: yx1ry2l
Node 5: 99gt54r

Node 0: 1ddqqw7 2mnls36 9389dj1 fwjknjp ic8xuun jsendji l17k0mo o66otfq ub739ry vaakwy1 ypaurgr
Node 1: 1dbcs7d
Node 2: 2iee79u 55zj9m4 d15d6zd e94zagl lsrrlay ujcmsfb
Node 3: nrdrw9r
Node 4: 92bnhen bu3mwqi u1a1iv2
Node 5: bseeulf
Node 6: 4r3qjav yzgej12
Node 7: 9v80peo l919xqx mj6m249
Node 8: deik7c6
Node 9: 4lonzsr nt31xi4 rg2qgas rttj800 x90uduy
Node 10: fr9ulbp nt4e38z vxoi4i2
Node 11: 48tn7fm vlxawto
Node 12: bornau2 lmql16z
Node 13: 2i35eos rgdpppv vb9v8ar
Node 14: 6wemu2q z9mopxa
Node 15: yx2spjo
Node 16: 6n1knfr da4rs2m ohmy54h
Node 17: 8c44e12 o1mefmu
Node 18: 6iui1mf
Node 19: bw7bspe x1safvx y4eut8n
Node 20: 26w7iif ypi9343
Node 21: gjujywq zg6u27p
Node 22: x1w1jrw
Node 23: 1f2hkii
Node 24: 4rswo2m
Node 25: 1y4l1tg sul7jff
Node 26: ad5v7se
Node 27: h6y22e2 mjm6he6
Node 28: 6vrmhy5
Node 29: occ2joi
Node 30: 01pt1es
Node 31: zx91awa
Node 32: 45p101x
Node 33: 6gpgw2j
Node 34: n2vi1tk

Node 0: 0eldlw3 0gq2mct 0jle7st 2x30acz 33fdzhl 3g4sv86 6ulzsf7 ge8to49 og6tyby qiwe5i8 qw3sdzg sz5y7ah xmslmtv xu82r7m
Node 1: h9q5hfq
Node 2: 6r28kw4 legfka3 zifa4t5 zpueja0
Node 3: ak1ezci dyoy3w6 yxwfpow
Node 4: 3vcdnyq 7rsq4qc c55a62y n6qt3oa
Node 5: aaclyu9
Node 6: wbhq22l
Node 7: cxt1zpi d2y3uyl mp5n704 uaywaqc vmta6md
Node 8: 22kgrtj 90javkm fo89wa2 hsv1y52 jvg0y16 tldswje
Node 9: crowplr krecizi
Node 10: 47vc3wi uku9vcz
Node 11: xrzajpb
Node 12: 2o1lwhs ftv9i5h
Node 13: jl4wkbh nl49jed ruu3uzt
Node 14: 93v953m
Node 15: 3v13iei 41dembz
Node 16: pfce2y7
Node 17: 41ubfc6
Node 18: m0g66su
Node 19: 26u3kw5 4ecabp5
Node 20: golciq8 xauhyti
Node 21: je8aui9
Node 22: p7bxbiw
Node 23: osrmde9
Node 24: m15wvoh xguemla
Node 25: wlq27mp
Node 26: 2gp3hnd ph91634 tgki4ol z7thwqk
Node 27: auvi8jt pox524u ztzm0p6
Node 28: 0j6jk80 tt92r9o
Node 29: 0i4yws7 455u36d np6hz9k
Node 30: jhujcja
Node 31: g15ch56
Node 32: cbddgbi
Node 33: zwbll5r
Node 34: 4vi733b
Node 35: d9ct4nk
Node 36: k78oooc
Node 37: nds0dqu
Node 38: ean8m99
Node 39: famis82 o0182c4
Node 40: exfl7fs
Node 41: chnutib
Node 42: mm89n1o
Node 43: ggpxykv
Node 44: zwep5ec
Node 45: 0462ys3
Node 46: hmun9st
Node 47: 3pni3zq
Node 48: td8gx62
Node 49: aw3jmr7
Node 50: hou6hxn
Node 51: edv8qqz

Node 0: 7w27lo7 uruscr6
Node 1: 739ni4y i4nh5kr
Node 2: 35zoxi5 nvuub9f
Node 3: i7qeqor
Node 4: u655yiq ua4if1k
Node 5: mty4kh4 qy2c84b
Node 6: 3fhrd3i 8egipj2 d79ifnt kwmdpl9 mi81y9g o52eeba xcmsugw
Node 7: f3t4qsg
Node 8: 09uer7b a55nd18 bqb47ph gdbq2g6 qqpouzd sq4438a v7h0euf
Node 9: xkd1jn1
Node 10: 5so8quf by2itt6 nlv6otx
Node 11: rdd1lmp
Node 12: 38j4zuf 4eqgcve dcnh30h
Node 13: a15dqaf scym3oi
Node 14: ztej4ii
Node 15: 6z1zmml jcux6ir
Node 16: 8n0v4xh hckbacr
Node 17: 17iawxv qkg50h9
Node 18: wduoqky
Node 19: nfw6vfx
Node 20: nfoffye
Node 21: jzxyr6p
Node 22: fet4dtz
Node 23: p2ase2s
Node 24: 6m9gnll enmo6ql xri3d8p
Node 25: vlrrz1j
Node 26: edh0s76
Node 27: i2p7gp0 m83tk3z
Node 28: 4534lcc penieq0
Node 29: dl7fae9 w2z5a2p
Node 30: maxh7ic
Node 31: h0m3pys t8b2skm
Node 32: ze1i23t
Node 33: 2etruly
Node 34: s90r70r yc4m45g
Node 35: puchtro
Node 36: 10qhamf
Node 37: xpv7lfl
Node 38: mi00lk3
Node 39: xa66w60
Node 40: favrpjk
Node 41: u76ooli
Node 42: 6lx72xl
Node 43: gr88s8m
Node 44: itvs989

Node 0: gmkqs9u skmsrvs wjh11jb
Node 1: 95nkz09 cv15ywh eeojimj lpnm01z nsy6lxh xipu5qo
Node 2: f52uo9y gknlj4g mie7udy nouwcmi ogjywz3 p6zq3jf
Node 3: 17h8fs0 l4kn6j8
Node 4: 9xp449e
Node 5: svqddw5
Node 6: 7fcc0ep
Node 7: 1qat7j3
Node 8: 0iznrrz
Node 9: k5jqqz0

Node 0: 0tutxhp 1mazrg3 1u5tuu4 dlue4xr f6ivnao kqxnqrn su15ul5 xdbjtp3
Node 1: pxbg45j qtjtpan
Node 2: nkg620j
Node 3: 1otogz9 8joavrq lz52exz nlt5h12 rswq071 s5ubkjs u7nh2e6 vo4n5ja yyac9p1
Node 4: yomun45
Node 5: 030y958 1gdom60 201fs2j 3v31p1v 72xi1pk d8du9dv gxw8h5c lnc6bub p121xqt s34lz7s szisogv szxbrsh twmc5ug vgzjsx6 zb04mmp
Node 6: y46nrwg
Node 7: 9kwx9hl epqdk1u h40hyx3 ndc66zi
Node 8: 1rb9dkx jucrayf
Node 9: onnspm4
Node 10: 3aqh2kr q5togdj
Node 11: 50igh2p b7ys1z7 grhgnez
Node 12: dn1vbsi
Node 13: 052a9os 6297wxe 6ea7gna eg6i6fk
Node 14: nb6dzpm
Node 15: ssdr70x
Node 16: etw8a2o
Node 17: 3zz7kc9 50f4d6r
Node 18: nluzn0w
Node 19: 1647tp7 9kxnasd s2qxp0n
Node 20: 02ilt5h 7mcotu0 cou6j94 dkk5f09
Node 21: hn4m9hb
Node 22: ay9wukc
Node 23: 1smhrpz y49t8l7 z9tnqo7
Node 24: uue15v7
Node 25: jnpw4e9 pbafq8k
Node 26: 4gipwq1
Node 27: 3fe53zz wmy0n8z yhdhezw
Node 28: eyyfipx
Node 29: 6k3o89x zuqpw4e
Node 30: yvqymll
Node 31: 05muid3
Node 32: il0i3c5
Node 33: vva6wf0
Node 34: 6r7310c
Node 35: 6f7og8l djhb946
Node 36: 3akynrk
Node 37: kiens1u
Node 38: i4xaypq
Node 39: gext3gd
Node 40: mlgk7at
Node 41: ftdh7mx
Node 42: 7lyobwm
Node 43: xlj9rx2
Node 44: wp0nzua
Node 45: 40fazrw
Node 46: iydi3zj jpir2xz
Node 47: soxipj4
Node 48: 2lfnwcu
Node 49: l9he99m
Node 50: 8afccjl ec5dknq hyrjawq
Node 51: o8470rg
Node 52: qzlvyf9
Node 53: r9wn5n1
Node 54: 091j85z
Node 55: 695qutm
Node 56: 0sqegea
Node 57: a2qdhtd
Node 58: fbhnihs
Node 59: 74l9gk6
Node 60: evbypx4

Node 0: 5pwb89m b93o4cg kqy3mk6 ob5gkvf
Node 1:
Node 2: lk44rf8 qilrkjq
Node 3: ji20wl4
Node 4: d5ih4xl pfh1j70
Node 5: 11m2vcv

Node 0: vbxja3j
Node 1: 4fg3zwj auu21qf n9v7ucs ouvozc4 pi1w38s qgpo74j rgxqk5b vns5x58 wi2rdjt
Node 2: 9z4ywnz ka055g5 mmcye5u
Node 3: 9gdvumt nvjffx0 rxrs83p ubggi90 x3onpqx ypfp5pb
Node 4: 01fl2iw 1sh3dal 52ekd60 755s35b 8jaelja aquc5hl j26fxck jogh0xw np7a1ih ri44v5i tc9l0i7 xd2gify y2yd0a5
Node 5:
Node 6: 76ruih3 crzfeo8 g82b7tg h10ih3u qydtklr t15xono vmvuhes w4ep7tq ybrvwiu z67kp3s zyima5y
Node 7: s0zq6s6
Node 8: 2hmrtai 3095oql cd4ubl8 w3hvu39 wnknto7
Node 9: 2ffs2rt 4wzx3u0 8jy14ug
Node 10: 04ov5tp 32wct1a 5loqr0a 6okcbxx
Node 11: 87ed0ce
Node 12: 1hwfnld
Node 13: ncvhgd4
Node 14: nduhnqv
Node 15: neu0gu3
Node 16:
Node 17: m6qxx7p
Node 18: a5gtvkj
Node 19:
Node 20: 2thi4m5 4b6phl8
Node 21: k697dlo
Node 22: dhyu0sd
Node 23: 5mmmvj2
Node 24: nfiee37
Node 25: sh21wrc
Node 26: x3dfbsj
Node 27: q6nnqht
Node 28: 0wviv06
Node 29: dho4xhf
Node 30: sv6r9fp
Node 31: j83wbut
Node 32: 40gxnop
Node 33: kv25rmq

Node 0: tk9hcha v014rwf w67iojc
Node 1: 40y8x2d 7tzel9r 9ba10b3 9tx5856 axvaven drz4e74 iqa0xn0 oo8673j rda331r z4j6yzo z7f866z
Node 2: 3119poh 8aro17f nkxehs4 o1l7dhe wmqgh71
Node 3: 02271tr e7vrxki
Node 4: dq5s62q f4h8huc izybs8j jlxzbux kxhyeo7
Node 5: 2qazigw
Node 6: bihy32k wzvdesm
Node 7: 34c525k tzurvqd
Node 8: n5ox38e
Node 9: 7827tzr ggrwe1x syx8naw wvjv4gc
Node 10: 0pjbrn6 my8m6xi npnhe62 v1nu96o
Node 11: cbqsk44 d1vfnr8
Node 12: laq0pba
Node 13: 6oi3vfy klh5xvf
Node 14: nqfhehk
Node 15: 15rh8o5
Node 16: 3ni6gig 5v82u64 cwrlhfd
Node 17: 3rtzjn0 ej10gsn vnna08g w7bzq4s
Node 18: gunyeav
Node 19: x7c9co4
Node 20: akbd7l2
Node 21: cirl4ae yswlt1p
Node 22: g3k4qvw
Node 23: vt87s95
Node 24: 9r80i91 vab3vo1 yz2zzi6
Node 25: 50ti8ox i9zii7w
Node 26: bypvrqb fre5g04
Node 27: 4wwvo2o
Node 28: xu74vni
Node 29: vulwp01
Node 30: 87r96z7
Node 31: exlomp7
Node 32: ycj1whc
Node 33: ul1m38z
Node 34: 2i73p78 fzvl5by ntckpm6
Node 35: bp1lhyn
Node 36: 1x8a92g 7pi018g djj98eh
Node 37: 93okvd0
Node 38: ndj6uat
Node 39: golp35l
Node 40: 5ik6k1m
Node 41: i92bs18
Node 42: eoc3ue8
Node 43: 3wr2os4
Node 44: s2b5wvk
Node 45: ts8u0oh
Node 46: bsd2vtg pvfujc2
Node 47: srbx0kk

Node 0: 12fo5f0 hid4kmy
Node 1: 0foqpdy 2fcz5ku 4ck1cvz okaao41 ppz8yd8
Node 2: exhg1vl sdfichh
Node 3: vczye5l
Node 4: btn0l95
Node 5: 1k1s8tg
Node 6: 8xzsboz

Node 0: 02mykdc if23xot
Node 1: e81klam
Node 2: 4pfqnyj p892wje
Node 3: 1b2l86t 3xmnse4 5ese0zx 7ur328w c1z4gi0
Node 4: u86e0s6
Node 5: 78hgabv

Node 0: 4r1ubw2 w9jzrsn
Node 1: 6h3mw6n
Node 2: 11ax3uh
Node 3: cidvkef sw8x8bv vqsz094 zlxdikz
Node 4: 3poy0cp mzttxmq qqvrscd
Node 5: xmzgcza
Node 6: e9gddge f7zhf5x owjkg35 tb4j911
Node 7: gows93k
Node 8: rdokt95 wc8y6fi
Node 9:
Node 10: 15qn0qn 89dolld bowpr58
Node 11: 1rcv6xh 55lvacm 8zmsqix q3kt1qh
Node 12: expntbf
Node 13: cnb2ldh
Node 14: 6c7jdwy dbeo7ru o9litbr zxwc7bw
Node 15: zvho9gx
Node 16: jbo7r7i
Node 17: 533b1a0
Node 18: 4huc6or wxa18ja
Node 19: of94ew9
Node 20: i1b4f20
Node 21: r1yv7he
Node 22: 4cm78vi 7sahm6o lmp0bg0
Node 23: 280y7pe
Node 24: 43ghese
Node 25: e0vfopw
Node 26: o84p23b tq0unqw
Node 27: xueiqmm
Node 28: 00xdm0e
Node 29: qycepbf
Node 30: 74svxny
Node 31: bieqeol
Node 32: adnhrp7
Node 33: 47lz41v ijdu99x
Node 34: opwhchp
Node 35: o3k6cu5 u2rb5n3
Node 36: dbkya68
Node 37: 7xgjgte 8lblp07
Node 38: oewebbe
Node 39: ybpfn98
Node 40: 0zdwvnw
Node 41: hs6amqq

Node 0: 28fw600
Node 1: 3x5chsg 7e4ztoz anxopwx ffeywo0 gkohfm7 hkbma9t iqb68l4 kvei8nk kww7qtz lw3md8r niuph5x orqwk87 r6x4t4c ryaezho sfsrggq vnq9svl
Node 2: wfxf3ji
Node 3: 2e7j7hu 2zayz7u 38zij34 3x1srx2 7kwprxk 812j66u e1j11aa gb7k93u m5algoh xm1g5cr yf6bd7r z7lbg6x
Node 4: l4qt5cz qwup2at twhd8af
Node 5: p1hgw8a
Node 6: 40jobf1 9tvdm6m ijvrmu0 y2ih66t
Node 7: 2xx88fq czmh50m olpx78l
Node 8: ii6re2f
Node 9: 60ii21j
Node 10: 73evwxp rcevfd8 rhmizbg
Node 11: lchodaa
Node 12: 8bvy761 rq9fpky z5hy54h zefexdx
Node 13: t9uho2a
Node 14: m0ksa63
Node 15: 3208ftz dxj6hob p5crbw2
Node 16: haj5nt5
Node 17: os6ireg
Node 18: ga2e903 rp70wjj
Node 19: bkm5ssw
Node 20: yjz9fcg
Node 21: k2ompk2 xidoiwq
Node 22: yfnt6b7
Node 23: foan2yr
Node 24: wjnd5oe
Node 25: zdsh72f
Node 26: l4xcbp5
Node 27: 26e2cx2
Node 28: da86g1x li1jbzl
Node 29: fcyne9x
Node 30: 2mhmvgr
Node 31: 3k8ie56
Node 32: cc4krnc
Node 33: j9636k6 uo3bp0x ur6c1c1
Node 34: y85yl8f
Node 35: pey5j6x
Node 36:
Node 37: jo1y8hd rl3jfri
Node 38: s4u0ujm
Node 39: d5h9wcx l1c6gmz
Node 40: go29xck
Node 41: 7945ond
Node 42: rbv9mld

Node 0: 31ss0tx 58qn0v2 5b7bz0x 9amacfy 9y4er66 bs2v037 hjoano6 jtaj5k9 rstg2rr tm8o8we vwmhuiq
Node 1: 122x4td g21fkto j1t196o nq545fm r7btazm zf5zig9
Node 2: 0n4wq35 hyme8ht p2sungh
Node 3: 0rytzdh
Node 4: z18a1b0
Node 5: 64ksx8m s64b8wp uxt0rpi
Node 6: 5tnszoa awpafoe jcr8038 sw7k7fw tv8b80y
Node 7: l76g6sq q4quire
Node 8: 4t7v9gu sdni72b
Node 9: 2um2e2o ukxhyzw v0d2xtp
Node 10: 7rlrj1r 9nnumq0 mxqa2vs ux2bq1x v2ud2xm vb1sji0 vnpmuxr yolfss4
Node 11: qcgq5gl
Node 12: wwowsva
Node 13: nikgsop sz56alc
Node 14: mmqd4x4 wwh8pvn
Node 15: uubd8yx
Node 16: 575rm4i b8ir07d ia5dcb0 jfba63c rctqtkg
Node 17: 3xyklbl
Node 18: iv0fq00
Node 19: xdlkww3
Node 20: fsdojkr
Node 21: sx7j2pu
Node 22: j0homcc
Node 23: addyubg
Node 24: vfc76wk
Node 25: 22u0aqn 2yx26m4 daan757
Node 26: ev0nn5j
Node 27: cssma1v
Node 28: 6suv4v4 bdn33pe
Node 29: s1fixsl
Node 30: 3y2xfae
Node 31: 3xfyf1l p885nn1
Node 32: hdfc1lt
Node 33: yq6uw77
Node 34: ax078yw
Node 35: 8q4qczj
Node 36: ohcwgut wp3cjp8
Node 37: kjvv0wj
Node 38: s3xk8gn
Node 39: g42of7p k021qdo
Node 40: 7vvyknd yodc5hj
Node 41: ugukd5d
Node 42: 3bwaec1
Node 43: lffgsg3
Node 44: momckd5
Node 45: q376sag
Node 46: 2i1c20b
Node 47: n6r54ad
Node 48: ogg6uiw

Node 0: 0fr3fcz vm2hqxw
Node 1: nxnb6a3
Node 2: 77f41iu h5hzym0 hjjt25i kda4h1t pdytgyg s0xtu94
Node 3: 99c42wz u53rr93
Node 4: 63n6lcj mcgl8ys sm454vk
Node 5: x3zqe0y
Node 6: f2vs9ce k9a6jaq
Node 7: 1xidn4b ebkfxx7 fcua92u
Node 8: 055s8u9 43qu6s5
Node 9: fg3amd5
Node 10: iuag461
Node 11: 3oq60rj
Node 12: zdppd65

Node 0: dj1edye
Node 1: n9b6k92
Node 2: es3kkwd nnbyoip
Node 3: f1az2hf guq579v
Node 4: hjbjg7b
Node 5: ip110c4 r0gpxil wd3330l z01xv8d
Node 6: 1zxwi91 5xqrase cedzajv cve1v2s gjd9yp5 nskqcuo tyq0k5b w14mf6v
Node 7: l47jy1h
Node 8: cn0ws1x
Node 9: quzf0uf
Node 10: k1snlin
Node 11: 257njun
Node 12: 1fxkpjb 9njey3q cdyh43n wg3eiq8
Node 13: dopkyg1 zkpoolh
Node 14: 3142un3
Node 15: pj5poy8 qts3fs9
Node 16: d2djztl ixpdj8e jef22uq s56k4xq
Node 17: sx200qf
Node 18: spfmghy
Node 19: slzw1yx
Node 20: 46u1iey 4ncyvce 75ikcfy 7mr0xns dbuh2a3 dpxxu4h krfcx34 mrgg8eg
Node 21: 37m957u
Node 22: itf16qu o1q30vl
Node 23: hcglp8t rc38lho
Node 24: 1kyu1kw mun2wbc
Node 25: 94rivqc
Node 26: 9qaigqj
Node 27: x8qupuk
Node 28: 6e1tk8m
Node 29: ctqjsf2 fh7gi89 oj3xcra
Node 30: 4ybftz6
Node 31: 1q1d0ue 7qa8w75
Node 32: b245e28 ppyn824
Node 33: 3coin8b 7ysdxk8
Node 34: 80z3qfb isec9v0 zirvw5o
Node 35: 1hjyjqr 859lbz7 c6ilt8c ql3w4tm
Node 36: a9boy89 nl0ziee
Node 37: y8uo1om
Node 38: acjao0h
Node 39: 8afjfia
Node 40: rtbeaxw
Node 41: be8ssmt vq3m09b
Node 42: u38iz5q yxif3p7
Node 43: qbr4hv0
Node 44: nhjye2w
Node 45: 5ueu572 nlckc17
Node 46: 6yhlafw o78yvyl snt3uq6
Node 47: nciqc1u
Node 48: frbzr61
Node 49: 6lg0hmo jxcss8s
Node 50: 5288djg fh5xzc9
Node 51: s55iav4
Node 52: c6axsw8
Node 53: ohphq9x
Node 54: 2m8a15y
Node 55: 60a2xs6 q7w14yt
Node 56: 4n973kt
Node 57: mx6j8ds
Node 58: d4xz5j3
Node 59: bjoi7nm
Node 60: 4gmho4w
Node 61: niup209
Node 62: o9jo4fe
Node 63: fb4g9xs
Node 64: g0j76tx s2r3ksg
Node 65: ib3b3ag
Node 66: k8hqpdd
Node 67: 4wuq5uo
Node 68: s8coqhs
Node 69: yq86hcs

Node 0: a0o6q1x tpw172r
Node 1: osvhdbu
Node 2: 6f2ksoq
Node 3: 1gpbj1x csr0hmq cvby9o6 i054lgd m2mkdut rr4ulwe sdi54dz
Node 4: qxchbmu uaaeyqi zso270z
Node 5: 5si1mg1 6qn3ekd 8cajcav k1qeuum rnpjs42 wfb6xbm
Node 6: twvu9qp x8cmlj6
Node 7: 5zru5g3
Node 8: obe6yrd rilgest xr4ccc6
Node 9:
Node 10:
Node 11: zzqzabd

Node 0: 00nyf5p 0wj62ag fpt6ktz kfs8j7h
Node 1: vzocxyf
Node 2: hlywkpb
Node 3: a859t1j ahjq98c m9ljrjy reenu0j uwhx2vz xm3wutb
Node 4: 05c3c1s ep0pf09 md1vwcq rzxicls
Node 5: 255d55d e17giqi
Node 6: 5ezkinp 7bn2xp2 84jy8f4 a9pqp86 ap70uzn bw044ob ckp3u9t djnx8fv hxeowt4 kmij0q0 lu1s6bz o5nhkeo oao1s17 swe5v4l u70eg19 w6769un zc6u7f3
Node 7: 5rgwan8 zfdrb87
Node 8: 3zwu9uc
Node 9: hskrtkg ljctnwt
Node 10: mh1w1pc zn5w4fu
Node 11: i76tt33
Node 12: clje5sr
Node 13: 1j8buee
Node 14: r7ryljs
Node 15: 0texb60 5juvin1 6j4nc7r 7jd10tb 9yrs042 hfyd1sg ifun296 lcqf9i6 vauitvw
Node 16: xudehoz
Node 17: 40ab1p9 fqhhv1k rq8tm4w
Node 18: 92gk74f pfnb1su sftwnmg
Node 19: 1cwr1wv 1u9bntz
Node 20: a4z3niz
Node 21: a61n0pd
Node 22: dbyav01 nigx0e2
Node 23: s8dppyq
Node 24: muvdf5u
Node 25: b1np102 on23qe2
Node 26: dxbq8we
Node 27: 5tzal71 pn03e3r
Node 28: gptrl30
Node 29: w4gwkyh
Node 30: x3m4wy6
Node 31: qx83m1r u4hraa7
Node 32: v3dd232
Node 33: fobweap
Node 34: 6ugjow2
Node 35: 0tqmo0q
Node 36: 664bgkj
Node 37: hzeya1m
Node 38: f22yddb
Node 39: rmon77i
Node 40: 9f31gii

Node 0: 3ktcfkg 75b6e8u 9nt0k2p cf2j6kt co9sgvn d3iryne epuf1sn f9kw9nf sywq5a8 vb4tv3t
Node 1: 9yt5fq7 c9z18b6 en1hyht i6yh76t qzvyh56 rkldb7z
Node 2: g1h4bqq
Node 3: xl2hqw6
Node 4: oj0548p
Node 5: gkgmk9e z2sy3b1
Node 6: 2k9iop1 a6mh8je
Node 7: 2xnp4w9
Node 8: 6z1nhqx
Node 9:
Node 10: 7u3yn1f
Node 11: 8qamfy0 p97pskj xpv08jk
Node 12: 5ffqgp2 ad1vw30
Node 13: rx02as6
Node 14: cuoxeep gszra2h
Node 15: 2lqfj0j
Node 16: fo70g6n ja8uo8z
Node 17: 83pz2if 9a52jvj dk4vhzj
Node 18: 0rjgnao 7vwv535 viir8gk
Node 19: q2hmb7a
Node 20: 5wbtqf7 i70afov
Node 21: q8nevkh
Node 22: okm9f83 p229pc4 thudrwx
Node 23: ctvdkh6 j4e8xvx
Node 24: 8zjgt0x asa1jy9
Node 25: 30qwc3a
Node 26: ge5447n o998ikv
Node 27: bdumyds
Node 28: fs8azqk
Node 29: mdnewsw
Node 30: nkr22mp
Node 31: wjkffgx
Node 32: 6wpbb7z
Node 33: l1t94gn
Node 34: usnkeb5
Node 35: aihynaw
Node 36: 0t066a6
Node 37: bljzt9p

Node 0: 89x4tjj ec5ts0p
Node 1: 420h306 7dqri8u 7u9grai ff8bo5h i1rgg52 k2fkpu0 pcpcegu sad01mt sbinl3r zcfcfrz
Node 2: d2ceq38 jfruocp y1fhvs0
Node 3: 0b7ka3m kt5llal
Node 4: ctahulc hrpl1rn kwp6pap n2roug6 pvitm69 uqavc0f
Node 5: its5fol
Node 6: y33tu0l
Node 7: ho38auj ijmgweb u3tqg3k zrfpirq
Node 8: cbm3bx1
Node 9: a54ota3
Node 10: 02qomav ajaizj2 znm4vkp
Node 11: 09775f3 0i9gsi0 5073y2f 7exra8b aduon3k j83phfh nayw2mp tyriomw
Node 12: aro1uy0 gkuzbq3
Node 13: euujt2f inaz99v nlgk9m1 w4dnbwx znj30v0
Node 14: 00qunhv 1hrnb2z 8p7ymsa b34vb5n ggyusyi mkklclt ovoby61 tf8fi5j vkmkt7l vkytbso z3rkv20
Node 15: kiumez5
Node 16: gikwzv6
Node 17: soph4wt
Node 18: dvh1u9d
Node 19: gidx8b9
Node 20: 62cciyb n6m2bxb
Node 21: t9ov06m
Node 22: cty6spk
Node 23: mcgntiq s4jwork
Node 24: db5x0hn
Node 25: urei3db usba8wb
Node 26: 9k7yyav jao6su5 prl0tx4
Node 27: vgtpdid
Node 28: 0mcdloo 8bcseiw 9rtkqdl
Node 29: 6iyurzl
Node 30: kd7tdsy
Node 31: a1exsks
Node 32: ed0f6t5
Node 33: x1wgcrq
Node 34: 83jm2z8
Node 35: fcdmbn0
Node 36: iaxnn73

Node 0: hg8p990
Node 1: 011fixl 0dq65u4 30bm9x8 314vxsr 7ipfv5r 7slt6nh g8ctg3a hei0gfq jms7hhv kt7tcws q3y7q0l s0nkzjn v2vl3tf
Node 2: fj8708r
Node 3: 9y81qbp ke93odh twi1f96 xlofj4l
Node 4: lbwdsbz
Node 5: ammeexn
Node 6: cd5mccm lwfbptp
Node 7: 3a0g820
Node 8: 2yalp69 4gt0qh6 bo2va9o i0qszk3 i1ubjve q766m0q qvi02sa ypdlqq9
Node 9: 8onxs8j
Node 10: irs9gux kvhogb3 q54jw7m
Node 11: s8uyyuv
Node 12: 8wpxqba dpvj6sa
Node 13: m6bgb3i
Node 14: 0rffq80
Node 15: v5kn7p2
Node 16: zxgicy2
Node 17:

Node 0: 2ov1fq9 2r9zxxk 2ursbk1 2vkbhq0 9730mxc g98u1j0 j5stmht jz4q4bd kr5s1bq kskjno7 qhwrwuu r6a7gxg vt3mtsi
Node 1: ow8ncyu
Node 2: ngf17b0
Node 3: h48x38j
Node 4: 8tr72yz
Node 5: wocqob9
Node 6: ntrraa8
Node 7: 6puc6ep guhy0k4 yj30akw
Node 8: cv6zfys
Node 9: 7x9wylr
Node 10: 6iepy63
Node 11: em9pjvz
Node 12: p7sdje4
Node 13: rqmj1p4
Node 14: a0k4ghs
Node 15: dpjbfnw
Node 16: sfgk2m7
Node 17: on8ggg2

Node 0: 04rwptu 6xb3ezv 7e1kz5j 9jq5glz h8b1d1d jjaw48d jrbif8j rizibn2 u9n4939 z8v4xms zixez5p
Node 1: hoodvo1 s1sbyoa ynwa767
Node 2: ep05mdk hrf4tbn vwjp3ia
Node 3: bz75yka
Node 4: wwp4gc6
Node 5: 1karaqp grkkrmm jlb9a1n ycfdnxc
Node 6: ync4boz
Node 7: voq2hu4
Node 8: p0q220d
Node 9: val44q8
Node 10: 0y3q5f3
Node 11: sece6v2
Node 12: rt2f1ub
Node 13: 0761o6h
Node 14: uyyfigb
Node 15: oz7yibh
