Node 0: 1w37u8y fpf96qn vddsoi7
Node 1: jyb1iyn x10a3va
Node 2: 3erm6k8 6pr1i4w hr65rpf i92nqkh j7x4i43 jhbjjit kgs5ko3 loxlrlg mbkg6vw p1a94eq s3qv3fz vl26wst w4flw7u zdsvmrz
Node 3: 76dkzr7
Node 4: 52mpabs
Node 5: lymdo7j
Node 6: e0agnnd
Node 7: 3e5fe8l 77mi0jq agrdq5v hni99h8 jvftcdp n8saetk nhgn1k6 nw9pc2n
Node 8: 5ohped5
Node 9: n1nz3qa nxyrrng nyusi7o q8bos2b
Node 10: psxw7kd vqhlils
Node 11: m2b34vv
Node 12: 1jxqqz1
Node 13: 624xa42 nqqy040
Node 14: 6gb8830
Node 15: hf03un1
Node 16: a8u2y6i
Node 17: v15xi4a
Node 18: 5dm25dq cj8a9k4 xmgleno
Node 19: hna04fe i4qre0g
Node 20: 41j6rvd glyfm4t hisk1vw iwrhahh
Node 21: 2s7shfj 8ny272h t92a9ej tsdu2h5 u8jn174
Node 22: ewcjnmg rlp79o6 w9tr4gw
Node 23: joyxzmb m8zivk7
Node 24: o0esuhx yb4idbq
Node 25: 0cf6zpi 0pzm64v hbcxjq6
Node 26: 8cst4b1 d6ik97k otyr6s2
Node 27: ig258uy
Node 28: 7hkg5az a49ijkm
Node 29: 424rfkb vlqmvqe
Node 30: vrneh5e w1si54o
Node 31: 5ztvwx4
Node 32: 6jrq8bo 9lxt9a8 qxzi19v
Node 33: 0dr0953 r4dm5vr
Node 34: 1dbuhje
Node 35: rk309ph
Node 36: ap3qq4f
Node 37: dvabonp
Node 38: 2tkbcsk
Node 39: 2uvqrld
Node 40: 1devppj
Node 41: 7leniof herzzzs
Node 42: 77zmvds 8q5mnd8
Node 43: j4xq7hp nscf8v1 wjwp47t xxxjxqr
Node 44: ihdsro7
Node 45: dyf4g4z qnmn103
Node 46: p3ta3vv
Node 47: 5oqursg j80gp4h
Node 48: ri1upit
Node 49: sg7lmm8
Node 50: k39vqhh
Node 51: e4lelpe
Node 52: tazmjgi

Node 0: i9n49sp
Node 1: zkg0n6q zydxvqj
Node 2: efpo3gp kw9zxs5 p9lgc8m u0xxk33
Node 3: bhyuosi
Node 4: 1qhv3bo 2xwfpvg 53isnzo 9y0bl2e cfyjtyq dw21umb gdm1cfm kef929h p3wpyej p9egqme wq9j0ud yxs2kzd
Node 5: 5na9965 6i83rjr ehgu8tk
Node 6: 66yo9x0 6b9q8oq
Node 7: vwyi68m zi24xwq
Node 8: 7aoe6i8 cu3kuzg q3d6smz
Node 9: 6wjs7ub
Node 10: ym0s6wf
Node 11: 8fsgnrf
Node 12: uckny0x
Node 13: 5vnpyfn ierz2k1
Node 14: 5yqhzpu cjzewcl yyml4jq
Node 15: afv7kli keiu5km l9zxm4v w25kfyz
Node 16: di70fdb
Node 17: cmqg6e7 hqyibiz p9ris3o
Node 18: rs023yl
Node 19: v344a4m
Node 20: infdmje
Node 21: 07cn2ax 6akx7yx dvq4bem rjmxob1 t9dgwls
Node 22: qnv9o9s
Node 23: zcujux9
Node 24: ozv4t9x
Node 25: sujiiu6
Node 26: xuh3uqm
Node 27: 16pk50q
Node 28: ezzboum
Node 29: xepol8r
Node 30: c71pj7b
Node 31: 1wiry8d

Node 0: 086ei5q 123psox 2an8tqw 3cwbxtt 3ibqq9o 5zuwde6 6lczdhg 7qun53f 8accuvp asoj4pl bjgdlnk den5lkq gsg4d3q gt4bh37 jekkkp8 jk1rvsv kwlix53 ljp39og lq4row1 rnl6yc7 sgo1zo9 ujj4fyo warzms7 wiw5sd3
Node 1: 0t4ty6u 2c1y5yi 2djn8ex 8bbsx2m fx29brq szskac0 zgf0oy9
Node 2: t06hg1v
Node 3: sjsnkoz zlsjn8k
Node 4: 82hhu71 dwe3stz j24wuws ln553oj szppxmu yugvi70
Node 5: 0c7i13h 4lqagg1 f8vk51l n3goyls rjke13u zw5ftky
Node 6: 7zceyz7 em0cgld
Node 7: llt34yd
Node 8: ub4iyzk
Node 9: ip2sfa1
Node 10: g97q6gw r3ffm00 upax279 zusyfo2
Node 11: wcwnenz zztndr0
Node 12: 44wrhuh
Node 13: namdjdz nm0fe48
Node 14: nvskyu9
Node 15: 4ylogxi
Node 16:
Node 17: 3646gfi vv887jz
Node 18: t19za19
Node 19: 40qwmjy n4d1en2
Node 20: 1ovzc6v 6kqcv5u f4w08qw usuwy9r
Node 21: venb181
Node 22: l7imeo0
Node 23: likxzqg
Node 24: ft1pv6b
Node 25: u35nbl0
Node 26: tdkhunx
Node 27: p3egmkg
Node 28: uai6huf
Node 29: 9kvxmt4
Node 30: dpbjhlq i0j7oc7
Node 31: 40v2lyi
Node 32: xj3a92v
Node 33: jie936c
Node 34: oz7vq3j
Node 35:
Node 36: hwuvb02
Node 37: nto5s8y
Node 38: 1zwygh6
Node 39: xo0gyx1
Node 40: 7m4nvo2

Node 0: o68b8qh
Node 1: 0yv0xqn 5bq5kk5 5c5bkdy 7wqfv9p alh1ugg dg27q6q q2pn0t4 zhtnh38
Node 2: 2j3u58l yyncds7
Node 3: mm9rq2o
Node 4: awaiyvn
Node 5: 7t88p7k
Node 6: nvw8ux6
Node 7: dq1dukv
Node 8: u83qv7q

Node 0: 1f3c8r8 6315vl5 8doxk2c b6pyved d80v5ea f0gir1v t9iej7t vfc3xfb
Node 1: a4wg3oe etcz52d kkdwbgb kyovvtr
Node 2: 0ue8xql jbz8juw s2jy38k v1qsnmn wjz6gxo
Node 3: eh8u33w yb4tpsp
Node 4: 1b2afoq g6od9t9 jtwp8kh
Node 5: 6212f3a geviba2 lnry7cc lzzdfvn ns3hvio t8gnses tiwumj6 trot0d0 u9srhec
Node 6: 08bshqi 2d6xivj el8uqht j8unvkg kpbusrx x53n7m6
Node 7: ubprp2x
Node 8: 3d3o8ka h52h0jm ldci7mu
Node 9: 0bq85ss 2smzggm 827o6ts be4id7c ebk1k8y einynvx ivh3jwa jd1nl16 jzc6joh m9mmpu3 xzukfj3
Node 10: 2p3yl4t b6xp63v
Node 11: 1uofe8c a0iiqyi hrofbtn put6wnt
Node 12: bk7lcbf gzumvkx l8m5uii qrbi287
Node 13: kw5mbb1 p87zqbp
Node 14: 8h4ro5y c2nlig6
Node 15: nimayfa tlksbnx
Node 16: gn8jw82
Node 17: a09t6r1
Node 18: gthqdwt
Node 19: 3gwe8j2 eh72660
Node 20: 3clprv1 96x60vm btb8xhq km126s5 kqyqo0h
Node 21: jvispoy
Node 22: x0cd53y
Node 23: ngq66yv
Node 24: 73s06p7 hz9sybs rdfw8vz
Node 25: 1e23i37 8q00xw7
Node 26: apfurfl
Node 27: z4o9gqm
Node 28: m4h1bnk
Node 29: hnnpw6d
Node 30: ziyxz5b
Node 31: xce0vfw
Node 32: tygf02j wm1h9ue
Node 33: qlcbs6i vcirfld
Node 34: hx7hr8t
Node 35: m27akm1
Node 36: iffyfbs knchvfe
Node 37: nytco0s
Node 38: by04p3o
Node 39: 0vszbg6 xc305v3
Node 40: 1wp81gf
Node 41: n1w6g43
Node 42: 2pmcjls
Node 43: 9ybc1af cu45ojb
Node 44: lfan4g3
Node 45: h7rdbox
Node 46: v6lfr6g
Node 47: t0uqfum
Node 48: iity0m5
Node 49: z8bbliw
Node 50: wodrps0
Node 51: yx3yqbt
Node 52: mdzmuq8
Node 53: 7zgj4mw

Node 0: dpnlzss kr498gu
Node 1:

Node 0: 36qc0iz
Node 1: 0m9n466 bjdev0o dbykepv hqvpy8t iltw3ct knhd0n6 u5buevp
Node 2: 2phtaej 3m64hju cpdfqrg h5480wz
Node 3: 47rgq8g p744swf
Node 4: 176jfzu k3bqqyi t6fk0ic xjcmk9e
Node 5: ysa76h5
Node 6: h3qtnk2
Node 7: s3246lx
Node 8: 4r4dtbc 7e22we7 c4xgtjl umozo2r z5m67p3
Node 9: d0ctkbl vu1jey9
Node 10: 2n186vt aow24l2 cam5pgc ehb01bh hl8fk85 lgj0skn prwub3u sck95cn wa3pk7c y9mo4aw ywrjbxv
Node 11: 1jm953x 4u5oeo1 skv6fqw
Node 12: 3m4h8rf ftagxoq
Node 13: 378gbd3
Node 14: 15lqwlx 33vuah5 7eito70 89z8env lhm31dn mifr6jc r21zydn
Node 15: 0q0edb0 u4sf45f
Node 16: 4xdsz6s qzgz3ua
Node 17: 6ql012n
Node 18:
Node 19: dt91neb
Node 20: 39dowz4
Node 21: 5lkhfwg
Node 22: cybyt0d
Node 23: fzpubwg gl39vwu jkzkee0 uuklku3
Node 24: r3sumvn
Node 25: c44bl0c
Node 26: hcraiqy
Node 27: la21js0
Node 28: cuewka9 fdlk80m t31by7a
Node 29: p1dn2l8
Node 30: rl8axrv
Node 31: 0bz333b kjps02p we3dp5s
Node 32: ljxxuam
Node 33: noav6uj wtn0xsd
Node 34: 3ava1wq
Node 35: q5efy1p
Node 36: 1arocem 69a9u4z jue4icd
Node 37: al8huq2 dakxy0i
Node 38:
Node 39: 6oegwd8 ekykvbu
Node 40: r9o003y rb4ow61
Node 41: ft5jy9n
Node 42: vn0s7aa xj4p3sn
Node 43: 75vct23
Node 44: 40fbkd8
Node 45: psyhzp2
Node 46: dqgbgkq
Node 47: if3pde8
Node 48: yogfbre
Node 49: ootbwmy
Node 50: vjvsb2w
Node 51: 34z8cqk
Node 52: 2fr1er7
Node 53: 0nk70qf
Node 54: 0p3twca
Node 55: 71gh22t
Node 56: 16hcqeo ou465el
Node 57: 5wqtv1i
Node 58: v208mmj
Node 59: am74hsz
Node 60: obljmzw
Node 61: 3hf58mp
Node 62: 1to1i8c

Node 0: 1ernc6f 2pt063j 3dge3wb gddjs38 le2hf8e ll29xy9 m6sdm42 nr63xdw sknj3xu uijncgv vs3n1f1 vtax2od wi6pay6
Node 1: 5dof3mp gmla26m k2zwwlk lims4wg ogv1wts zzliyeo
Node 2: 3gm8fi2
Node 3: 4me61b5
Node 4: gdogj9d s755wpk zx2lyii
Node 5: 3yb0lfd 5xfw3hq 8scaszj be7eun9 j0y78pm k2s5zie wbdtrkh
Node 6: 1smm84k cc7allk dks2hko
Node 7: 6478ssb 66i8e4m
Node 8: 86jilfm
Node 9: 1vuz4jb o4ecnob ty706g3
Node 10: ikhqcas mt354e9
Node 11: 3rgpu5j
Node 12: 5yesc8b
Node 13: bg444cb
Node 14: 6u4suxt
Node 15: 2cskzpe 91m0tc5
Node 16: 33xlboq
Node 17: 6s5tdm0 dxbjj46
Node 18: yhlnefn
Node 19: 5ip79jq
Node 20: u5ta50u
Node 21: 5j2yr26
Node 22: 4y62mw3
Node 23: i5w78rv na7hcga
Node 24: 6fkl6w1
Node 25: gjax8dr
Node 26: f7wzjym
Node 27: f6eqj64
Node 28:

Node 0: 1ptkcxz 1yv5t3s 8n19ntu 9eeqvzz barlni4 cfjcgqr d0i8prl d6hsng1 fjw0aum isxq5uj ljnn4yt mdiwfn6 popwgdc zboj1vv
Node 1: 68luxzs
Node 2: 88icppy
Node 3: 1uv8d92 de3jgku f4tinfx gl5bvev hofxx5c khgnt78 oa1ofa8 pn5crr5 r2dpc5e
Node 4: 3y3ovsh 7yb2x5q k6trftm lxeti41 s83zmfn uqksnoa
Node 5: 2yct5xx 3op5loo hfupm3k
Node 6: 6vjza4r efjpr4v rkb6ae4
Node 7: f1duptw qns1t4d u9esoao
Node 8: bhmke6s
Node 9: n2wduln vd7xkbe yp0ies7
Node 10: 0mnouf9
Node 11: mrk62o1
Node 12: 2dvy41t 80n3in3 mz8djr5 qrkyiq7
Node 13: f2cst0a
Node 14: 02rlm51
Node 15: 6z23tl5 kmrowkl
Node 16: kjej5zh
Node 17: gqbuf69 mu3gbui v3iqbgl
Node 18: rqdyw5q
Node 19: ck0tc7u
Node 20: c5xz1rf kicsah2
Node 21: igr6i8p nam6zxh
Node 22: 556fl2n v8eoqdw
Node 23: 7dwxu61 cqnzt5h dx21i8t nwewcqc vu6612l
Node 24: hbrtdrk
Node 25: 9piovbo uq1bcnr
Node 26: kokxj4y
Node 27: gjm880i
Node 28: gizrl3a
Node 29: b4vplt2
Node 30: ulwc5me
Node 31: 848qhjb
Node 32: 33maqx0 sh08rmm
Node 33: 98uxfaa
Node 34: j2dufwb q2tvukl thquqd4
Node 35: wbxyecj
Node 36: 2pg8y68 o79gmhe
Node 37: f9u21qz
Node 38: q2bjlft
Node 39: dq0oekg
Node 40: c25a87u
Node 41: jlb32yy
Node 42: uxq664s
Node 43: gze94a2
Node 44: vyn9teh
Node 45: 6nj0xw8
Node 46: xdju6fl
Node 47: 943c63h
Node 48: by5b0a2
Node 49: hj3m6bg
Node 50: 92koes6
Node 51: lxhcoz7

Node 0: 149v4fk n5kmqzj qo96gf1 sv0hs5c
Node 1: 723lcfa hkikenf kd13fxt mxz26do pdmy8pn ro2pa85 x5vpgb1 yb9bsod zqkh58h
Node 2: 3cel322 60i63jd
Node 3: grphdcn l24ykld
Node 4: kmxnn5p lnnkkkf naqrxk8 rv37ncb yqq2ntl
Node 5: a5dtd6o f4w5oqb
Node 6: 5vqam6n cbxnkyh
Node 7: m7etdk8
Node 8: 2r1g7cj ro7glad
Node 9: jz73lg7
Node 10: kbec4i3
Node 11: 5dno6uy
Node 12: tij97uk zpeo80u
Node 13: 693v4bd sdlna26 yzeo7dq
Node 14: 1veo602 swz59rz
Node 15: goeowss
Node 16: sn0og9s
Node 17: 0bxr3lb lyiyc3p mi13ho3 r0hlsui rn7nrl2 vjk0igt ywfqpvu zxwbkdl
Node 18: 8gybvij zuag04y
Node 19: 45o42be 4iofasx d5j53o6 kvtakq8
Node 20: t89z8u7
Node 21: flgbxfi menmmwt
Node 22: gl7f26o ufj3qcs
Node 23: x6ogdkz xnhpjwm
Node 24: jcaisa5
Node 25: c6zokhu
Node 26: pgyg1jm vjuj7jw
Node 27: pu9z9kr
Node 28: guz3ovm i1zkfq4
Node 29: 4loqw6c 54c104c e8otxr8 renf4ey
Node 30: gt78zin oylgh31
Node 31: xs9yqbj
Node 32: 4712gjz c86ezcl
Node 33: 4lcym8p
Node 34: 6jft4w5 s76cs2x
Node 35: 43z5oa6 qbphwhf
Node 36: wrzdo88
Node 37: 88m5kzg
Node 38: 1ypkbem 2g81jby mzgd37d
Node 39: 7kd1seg
Node 40: f6s3xz4 g9f6n58
Node 41: yepdg4z yhnahr4
Node 42: 81m0bo0
Node 43: qxlq7z2 w8rw3cd
Node 44: n0zcl1o
Node 45: mwphcqr
Node 46: 8b9b0do
Node 47: 18l2xo6
Node 48: m3nzycs
Node 49: 6vcexgu
Node 50: bb9lnx8

Node 0: cirmtl5 pfb2p5n
Node 1: 0b1vs8a
Node 2: vr0vnl1
Node 3: m57w8m3
Node 4: 4alwd39 mbvsu5a
Node 5: 7r3yqo6
Node 6: acomtww
Node 7: t3gucpw

Node 0: 01d8nw7 4vdfqw2 egp4ihs f5hrlyv iubuuwa mug989f
Node 1: 2l8kxar
Node 2: 037vk9t 3azi9d1 cxh2j8l lkc7jvd lkymb2w n0sgkhd u7yhcq1 w64xpdr y8la456
Node 3: kxpb7y6
Node 4: 9xmcd24

Node 0: 1lo1ted 1ra9s4h 2rdjg3q 54ekhsb 7jwsufx 8q1ccy4 9oqda7y bgrv6op of0s2j8 ok8pqfv ot10kli owsu9jb qbtxvsm thu2dzx w3p9cuu wjpeae5 xe8l8eo ycg6c1h zfukauk
Node 1: kah1w29 owrxzov
Node 2: 49mx4et 7h68b8n gch0cf0 r7gh5i0 tu00qj6 wl0a76e
Node 3: gjn0hz5 n9yqh2w p4zpv3x syratsd v9zqzgl
Node 4: 5598q2k
Node 5: rmif9xk tb3bcte
Node 6: 8grck8b nsn6a39
Node 7: bwal875
Node 8: bfpx4nu lk76k9z pnxdruf
Node 9: rn1nxoa
Node 10: k9vox97 o40jekv u51tzoi
Node 11: tzsk3ks
Node 12: 8h9zbzq
Node 13: gepougn
Node 14: 2szwv1h ksh9hw2
Node 15: a246a4f polqk91
Node 16: ktpis0p
Node 17: jh78tn4
Node 18: afzrfv3
Node 19: cst515g vttfelv
Node 20: suv15m6
Node 21: 668vyff rvi9vzj
Node 22: 1zdci6z 8wgg3qx
Node 23: ir65k3f le3ijrs
Node 24: 3uyef37 9xfvwcp
Node 25: itep7pf
Node 26: eks8j4e gyofftg rfb4clp upcbs6w
Node 27: 45b99se
Node 28: 0lnsnrz jacc5qg
Node 29: a0butke c0cft68 ocmyg13
Node 30: 7t18xeq o2hzauz
Node 31: 284ghbk
Node 32: bdefqwf m3m85ps
Node 33: fb33knc xxb8kkk
Node 34: a0cws49
Node 35: 23vcpb0
Node 36: l8rw83e
Node 37: z0pmjai
Node 38: 83tpah9 te2mx4f
Node 39: 9dvnivw awj6zgs
Node 40: 02wsp3s lcu0kkb
Node 41: nx5yfew
Node 42: pgrpo8c
Node 43: 1tr7fmd
Node 44: to11n0o yf90up1
Node 45: f8be3zt
Node 46: 0ok11oa
Node 47: dzes8gg
Node 48: jcpadku
Node 49: ulgr19e

Node 0: brtihyh dcqwyto yraob4y
Node 1: ys47xhm
Node 2: dba4tzb i2ckmpp n1ln4fi ywvzy1w
Node 3: 58izybh rlv32pt uy4sp7u
Node 4: 33fzq5y
Node 5: 46hfgpy ls504sx
Node 6: kx5k4bb s7fjizi
Node 7: ugvtqir
Node 8: 63nyf00
Node 9: dvaw7yu
Node 10: w2i2t2w
Node 11: f23vi3t
Node 12: cumvxlr
Node 13: xmh11c2
Node 14: c3njiz8
Node 15: gu1mqpr xgkrjng
Node 16: pc5xe04
Node 17: fwyx5pj
Node 18: wys4kl2
Node 19: nanq31b

Node 0: 5paz9ae dk2qz25 yp8fp0n
Node 1: 2hxkto7 7w2nvzn
Node 2: 680jly8
Node 3: skl0eu4
Node 4: 6o6juo7 ek7e3qx kf2e3re lzayxu7 n3lgoou onnrws1 wrbakey
Node 5: 97fg55s t1u2hrp
Node 6: q6rzklu t5x5mxh
Node 7: fkezj0i h9ik3kh
Node 8: 326cwg5 3v70dnm f42zea2 h9k9msj
Node 9: 3pbzo8c hn1wzg2 vst3i5v z1v9zgq
Node 10: 3cm6puv
Node 11: lvisqby
Node 12: 3hg5k4e 4u6qab9 7pvu0xb jdsngu2 nndv2dn qx2sjnr y3400bn
Node 13: 1vaky42
Node 14: qdgh2zd
Node 15: 92rv0xm
Node 16: 4rmpxc4 lwojrk7 qez0f9h
Node 17: hxa9djr
Node 18: ohuu1r3 om7h0ub x886x20
Node 19: 07rrm7u 5535sbd gemdc5y zfviosm
Node 20: 6obi1ck fq8grwk lpmtj29 txpfgnf
Node 21: rx1i8dw
Node 22: j70dkbp
Node 23: rwhr5p8 yfv0ylz
Node 24: l90ql7i
Node 25: cqri29z
Node 26: ul7t97o
Node 27: 7mqrs30
Node 28: i6ubw5d
Node 29: p8dc074 ulvwhrb
Node 30: dica0eh
Node 31: a3wxhja
Node 32: 56d9ypu t5i9q53
Node 33: cgvx74l
Node 34: 3eahsq6
Node 35: slg8wyl
Node 36: pt7c8uv
Node 37: j8wiu5u
Node 38:
Node 39: pknv3y6
Node 40: s84bmu8
Node 41: h6hxeri
Node 42: j1bf437
Node 43: m2ertza

Node 0: 55ok3l7 xv6oo3j
Node 1: exchayh kfcd210 wwi6l1i
Node 2: 7l83avj 9p1ejdv y9ouz9o
Node 3: 2f0xfv7 8u1oe34 dwtut09
Node 4: 3awv692 3pq91yg 4td0itv 7tccf98 f318x2l hcgj5ca hgm2439 if3990s
Node 5: 5gey3q2 f5r8d0p
Node 6: 9tzwudq pniubv1
Node 7: perz91n
Node 8: 0gxsnwh
Node 9: ds9f4zq pz7b2cn siciid3
Node 10: 6iahky7
Node 11: g44nbvm hma6cjl zg30wbb
Node 12: vnknnvw xu79ch3
Node 13: dqf54wt
Node 14: ic2dbv6 tz1cfrw
Node 15: 01vduk6 4cgxds7 6fs84kd f0kr23d i680sna kb60b2l v7kxg83 y995n35
Node 16: 98b5699 t9q85jg
Node 17: 1l16gwj 2d7sj7x ashccop chb6mwk jkazj9s lwktjks
Node 18: 2lma30g
Node 19: 5wvemzo ngl3uwz
Node 20: 2mgwf1f 6h3md3j
Node 21: 0fniwl3 ibyvkdn ms859ad re3eu8n
Node 22: 0ryphfv jwq9fkd
Node 23: dulfoj1 jdzv4a8
Node 24: 8wkb5a1 knl2c0k
Node 25: 53n1uo6 8i01h5c gjpo8gs
Node 26: 5ij9gyv
Node 27: eyo69g1
Node 28: 1vu9cmq mseb0tt
Node 29: mhrvhoi
Node 30: r07w18s
Node 31: 24l4ppj
Node 32: h9ievip hn8aphn lhv3b55
Node 33: 33plnqd ev9yh1p
Node 34: k11i8e2
Node 35: qk1y23s
Node 36: 881v1v5 ezxqvnf
Node 37: z85mcy8
Node 38: drjytfs
Node 39: 5lyv3bm bxb02sj jrbcye0 s6bxfzx
Node 40: 2l2mwhr m2ni62s
Node 41: zke4ksg
Node 42: vgkbosq
Node 43: jra150m udj8eo2
Node 44: pi294xm xmjzk7c
Node 45: puie9jh
Node 46: 5unen25
Node 47: 122b80o 6qbbjrk 8gsym61 ohsy5k0
Node 48: eozreff
Node 49: sa2p5q9 txq43ou
Node 50: qtbmxjg
Node 51: 8q38sy8
Node 52: vtyprst
Node 53: 39o1lyu
Node 54: 2fcsjrq
Node 55: 3chkeim
Node 56: wgwvmsd
Node 57: 05l3sro c5catsr o1p2an0
Node 58: oox9rrp
Node 59: 8o4c9ee yuyh1aj
Node 60: f9v6m4w
Node 61: widut83

Node 0: 0qblcmt 4nf1snl 4qtz1ss 8s4s2p8 gkwkvzw l1ve41n riwbp6m w6cmpub wikzo5j xq3sak9 xsjrw3n
Node 1: npdr46a
Node 2: pe9rn5y
Node 3: xrz8qni
Node 4: ax3i8sj
Node 5: 0v3msy8 1egcine 1n9rfcf as46d58 b297ak6 dgn7m94 gr8zkll hmiwv0s iksvwcg l5qibna mrgk6yy u0gnky7 ump299m vn9fx05 x7c2ah0
Node 6: hofz1fq
Node 7: 6hsdz3g
Node 8: abnn9k9 lc16hm4
Node 9: mm89g6s
Node 10: 28b6tkx c097k56 d6ewtvk gv7rz7a wbul1fe
Node 11: 31f3zpz c0yzkis
Node 12: usmos0t
Node 13: 3b22lzh
Node 14: 85vp9gb ucpvqog
Node 15: 7f55cg0
Node 16: 1q21sws asd57de yd468ez
Node 17: niz0jfx vdnq3cj vgkkg77
Node 18: r6al17x scf0vtw
Node 19: ggl4ldz
Node 20: r0lu6qn
Node 21: qas5kk4
Node 22: 30wwynm
Node 23: nd15qni
Node 24: fxtbrcn jcrbccl
Node 25: jloyut3
Node 26: i5d9stg ktgsocy
Node 27: du1sszo zagmrvw
Node 28: l93boz2
Node 29: 7zrzguh
Node 30: c686sdt jwsfbgr
Node 31: n1au4o7
Node 32: 3hrkjrg 95vw9zx
Node 33: 50a4blu
Node 34: 1c9vrro bxfdf9l
Node 35: fy3q1v6 z8k1304
Node 36: s7y7lsn
Node 37: d1lnlyo j81fay1 ygyd4i8
Node 38: jmb7c8l
Node 39: rom1yzh
Node 40: 21cpohf
Node 41: i1vxy0k
Node 42: 660tmdv
Node 43: nuniheg vfiqeoa
Node 44: 2tyo8kx
Node 45: 8vte3fc
Node 46: x5uu08b
Node 47: 5rz9899
Node 48: oce2tof
Node 49: gemk4cs
Node 50: azlx5gi
Node 51: mqzykrb
Node 52: twz2t8x
Node 53: c0azg7t

Node 0: ckqqi01 fajwgc7 yr55qv6
Node 1: 2u5iedg lu5zlm5
Node 2: fjf4qko
Node 3: ybwohs3
Node 4: 8d9bjse
Node 5: k88o6y4
Node 6: 16cf36u 4no73fu ascojmv
Node 7: z7ggoxp
Node 8: oalge8r q0mdm39
Node 9: lez32pf
Node 10: 82o87of yzj9ogm
Node 11: r84tu19 z5szgfc
Node 12: den0z9c
Node 13: 22bf0uj
Node 14: lwrk0r3
Node 15: im1wx7d
Node 16: b9dz26l

Node 0: 55tfe3f 7s3yb4q g793uud pufjt9l zpfryxf
Node 1: 5p1axh5 8trtabn bz4ajxr cuvxyjj cvco4mu fu8rclg kz8rhem nvs1otg wt0auhh y4y15gb
Node 2: n9dilbd
Node 3: 8rrsn34 cp78xfx pnopi3d ziqkl3a
Node 4: lshl8at
Node 5: 4eth17m 912fzex c994vs3 iw2as7u sl481ie
Node 6: 52jss9k gmtytn5 lb0ewhr
Node 7: bpallj8 vdnm39s
Node 8: 55l2xu1
Node 9: dttnlfw s3xu4t7 v1vnsjc yw3h2yf
Node 10: njl2uks
Node 11: 4xgnpep d269gr8 zou93ns
Node 12: iurfezo
Node 13: 13rx4w0
Node 14: xbk2xny
Node 15: jta6s1v
Node 16: mylgzvz
Node 17: 4z4409l
Node 18: z7nigfn
Node 19: 3rcegz1 cf75mje yte7s1t
Node 20: bhfquah qpbmhxv
Node 21: j9kag8t uj99487 wrwkjm0
Node 22: 6epdajb
Node 23: x0j6zhi
Node 24: 7u4igkl djrln1i
Node 25: d5qf9b5
Node 26: 3sr1dfv r7a2evb
Node 27: rurmq7r
Node 28: bbs4zx6
Node 29: ara2okx q4zxso8 w1jxgvq
Node 30: ohd2l90
Node 31: lpaezzz
Node 32: 1z4vc1u
Node 33: yvbebq7
Node 34: 0mgyufe
Node 35: 3pmgmtm
Node 36: s1g4gph
Node 37: nymb651
Node 38: q2eymnd
Node 39: fm8ryfd
Node 40: s9rfpks
Node 41: 8i4e43v d3xmmgv
Node 42: idv4sjg
Node 43: 7nisgbz
Node 44: 63mxxl3
Node 45: 10pxe6m 3feou41 5gllz10 j41zu3r mp0ds27 t0vb3p5 zslw9pl
Node 46: xcibx59
Node 47: 5zvtdwo
Node 48: u2nkccf
Node 49: j5662or
Node 50: n9vs58c
Node 51: dj0e0uz

Node 0: b49m4fq umq6ujy
Node 1: 06gjfld 94jep50 9hxe68x a75rrd5 lxtmuyu m1r4one nc5l1oz snq9vdn vr78nhb z3qstt7
Node 2: rucq05a
Node 3: maj9ckv x1af7ej
Node 4: cvsqn09
Node 5: 48is6do 58jscil r3nt9s4
Node 6: 5udn4qz
Node 7: ny86kgc q3mu7lx
Node 8: grd2vqq
Node 9: icczzvw k3y7g78 pvgn8wh
Node 10:
