Node 0: 1jp1vqb 28ssxui 4u5lm9e 7ks6qrh fxp3cjh lekraq1 n8rdu3b sjo4bge
Node 1: 7x3vm1s c0zp05x fexhnjz k66i9av zmvgxtw
Node 2: 84h1hyg
Node 3: lxlm24f vl1mbow
Node 4: cqz26t2
Node 5: 18buk1v ciw7gs3 fq16yz6
Node 6: soif5gd vf91bke
Node 7: kn1i0i3
Node 8: 0d1vnl0 hhjhjge
Node 9: rovnfjd
Node 10: ludiqjz u0skqg9
Node 11: 0bzndau 9zjxy8g a3in5m6 g8ehpsb ptip7es
Node 12: 0cks2e0
Node 13: 1reiz5j ax4814r
Node 14: bnqq6uc ggp9ryh jcxuf11
Node 15: mpgzhhe wctgupd
Node 16: 7ahizc4 a0e94ie hk32v8l ix4wrxt
Node 17: 1va60kf 6damf4n kfkso6f mbgi1eu phmjwr5 wmvww0x
Node 18: ctwikt2 kpl5akw
Node 19: 66k5in8 6dc8me4
Node 20: av2m37f
Node 21: 7n1s0i8 che9uvl m5y16sm
Node 22: ck45o2s
Node 23: e9f1ipw
Node 24: w01of52
Node 25: 89jqsv5 g0s5ozr ho8z8gf tzeqt0r
Node 26: zrxa9p2
Node 27: 3b1sk07 hcyzaqs pmfzbp4
Node 28: 0ly3q45
Node 29: nxzoq84
Node 30: qjafrw5
Node 31: vcncvz3
Node 32: ih3j0iz
Node 33: ffscbi5
Node 34: ih70l0p wt33hx4
Node 35: 5znuapt p45k0vh pgb2lfp
Node 36: e5s1hz1 z99hv4s
Node 37: n9y37dr
Node 38: t23vqz9 xilrcp5
Node 39: o0buhal
Node 40: pfo6sft
Node 41: craadjv
Node 42: 8ezf4zc
Node 43: jiltagf
Node 44: hrggiqr
Node 45: feypi5n
Node 46: b55y373
Node 47: gf0ek3p
Node 48: m7xst1x ys57top
Node 49: vq2uj8n
Node 50: 9h206ug

Node 0: j4gvcd5 nrcoul0 r3tqxoo
Node 1: 55fnbw6
Node 2: b8f2pgl kge6zpy
Node 3: puvve2s tjc34py
Node 4: inq2c00
Node 5:
Node 6: 7xnisjk
Node 7: h3z0x7o qd7m1e5
Node 8: 20xw5vl hit6imn spg9qou
Node 9: fo3dohh
Node 10: 3vn9lsw al2h0m8
Node 11: gmosdgr
Node 12: 2amp5mu
Node 13: fkc9ncd
Node 14: qe2qs2d
Node 15: iqisb55

Node 0: 80q1sw1 89rf5ft v7coeo4
Node 1: 2qn0r29 7pis6dm 8n92jen ez61dwt p0pv2f9 rvom61y vl9na0u
Node 2: 3dvxkid
Node 3: uwjl3ag
Node 4: 805zlwx r2awv0s
Node 5: yz4zdaq
Node 6: gozudyu
Node 7: 5joo3d4 9z4orqi detqowx l7noq6e v3btho8 vfi6j1u
Node 8: 22eqz48 8td1ok5 ab1e65a hssbekv ikvtmtm lhg084u owbd5ck wx05q93
Node 9: lhnh6rl
Node 10: avy5r4p qqcsfrl
Node 11: 2zw13u0 3g44ljp 3z43zur 5p5pv3s 890s6c7 8skvi0p g7o5zip tz3qtpf xnh7osj
Node 12: 6f0ud71 j80o84h
Node 13: 50j0ves i0vj72i i7l6gou
Node 14: b0jbjdi
Node 15: xxpgqwu
Node 16: 2j0z8xo 4b263rl 5pwiwl1 z9el534
Node 17: ht0w1mp yf1elqo
Node 18: o2sc58u
Node 19: mwntnj1
Node 20: 5kkkbtr 6js45fg b3bdjc4
Node 21: i9zqptc xqr25kn
Node 22: lpy7kgh
Node 23: 8z592qu
Node 24: drn6w09
Node 25: 0fvw6gw
Node 26: ywjr1n7
Node 27: fprrmhw l80lw31 m4gvis4
Node 28: bx69li5 kcr57me
Node 29: 7vh3oa3
Node 30: i6jfv2u
Node 31: 0f5ovvp 7mpwgs4 ei5ynfy jsp1sr2
Node 32: kji90fm m9u52k5 prpihpe
Node 33: 0coqhly dgodzu7
Node 34: d3ugu1i
Node 35: 0q8biae rvdpzq6
Node 36: la9cvtv
Node 37: px35czx u1ea21a vi2870q
Node 38: dya28ov
Node 39: 0x2gz2o
Node 40: b41vjb1 nz3lqpz
Node 41: to5ja8o
Node 42: llj8fuc
Node 43: 5r8udv1
Node 44: xjm5kqy
Node 45: pgjai8v rbln9lx
Node 46: qfxfo9t
Node 47: ao2c9hd
Node 48: 7lmu88l
Node 49: 28u06ju
Node 50: 432w0zj avo9m3a eh3etza hn4yosa j1j2rvm
Node 51: z5ecxu2
Node 52: 1brddvf 2r9fm8k
Node 53: 99p3vz1
Node 54: b7umxp8 y9m5rqp
Node 55: negq69t oandwj7
Node 56: kngk502
Node 57:
Node 58: rqvrt28
Node 59: 03dwvyo nqvc0ts
Node 60: dm0f5mq
Node 61: cjui1nn
Node 62: cyhxazc
Node 63: 45ievy2
Node 64: lkfo1xz
Node 65: 20lq8cs
Node 66: 2f557c9
Node 67: im6fcso

Node 0: 1qgi0cl 2mlutk1 2vr1czd 4436e6i 4yoe4i2 8ypeqni bczop67 bn0jngm bt8mwew cbvftdp ctaxkdl drykpqb gnbyndu ifmhxex ihyyvn4 iv5qntk mq2pjye o3jg7ag qgx3fz3 sy9n2nq tlsgvzm vpa75kh wysgnsb xsidsz6 yje3s3r
Node 1: 4ypvvb6
Node 2: 4dcshgt
Node 3: cyw11d6 e1c0kmu fklv96c pdjk613
Node 4: ijz1a9x
Node 5: hvv3gbe
Node 6: 5msfr10 nh8exg7 nmcrmuo
Node 7: nqxgyou
Node 8: 36o4r3b
Node 9: asc4g2u
Node 10: iu57m1i
Node 11: 3gqpoth
Node 12: 48btem0 gdq5xgc
Node 13: 4oqn39i 7wg95vw ih8o7pt iyb2sxc jgepx32
Node 14: lry2khi
Node 15: v4yfmve
Node 16: a69p8e3
Node 17: 749dpxk kyakiw7
Node 18: khy68ih
Node 19: 6t4343d
Node 20: 4v4s4o3
Node 21: 8ohzq94 qheqo4f
Node 22: dvighlm gfy7x08 ityqv4t
Node 23: pblc390
Node 24: ym4luxx
Node 25: j4oum5z
Node 26: n6h6zmt
Node 27: px70w7m
Node 28: msuo0hn

Node 0: 7ytdffp ipot4fg
Node 1: 4u4dxra
Node 2: 335uzmi 3yeio8h 5q09e6j 7dlna8o arfssps xhjsy0n y1cxmne
Node 3: ty4qwog
Node 4: b51r9ay
Node 5: cuqvmr0
Node 6: 95tvb0l ejh8pa7
Node 7: 0v2vy74
Node 8: 30pr2oq
Node 9: 2efgthy

Node 0: 23bcb5y 41vtbb5 46yf9u0 478aur0 7934069 eur2xwz hcpwnfp hi4ksv2 hv4jx5n n34oldd qc2wrxw
Node 1: 0sj8ox5 b7gd5b1 p5kvh30 xjlpghw
Node 2: sod9czo
Node 3: bn14zrh hppwi6z luw9ymd q2ck2h2 wsv82ac z3y2ivf
Node 4: d183qp8 m08oh32 m4t779x x95t6ty zismz5j
Node 5: 2trlcj2 74eh8rr o9ithy1
Node 6: zplkn0c
Node 7: xz0jbd1
Node 8: 68s3isr
Node 9: 89rxgl3 njpdy49
Node 10: 0o4bv63
Node 11: lztntci
Node 12: 73mml5a q3i3fl4
Node 13: a79e50t
Node 14: 09y4iv6 t7puaf6
Node 15: 1eyvqqj
Node 16: xp2ky51
Node 17: b1nj8t7
Node 18: a3kqneq eowoyq3 qcsuvzz
Node 19: h5edqp5
Node 20: sk100a7
Node 21: n9oe7va

Node 0: 27ij429 4bvqptm 4g9qfck 8flgdk6 c4815ro fmuzegh hda3r39 m5a6hty
Node 1: 1kybh11 r7eaz37
Node 2: 9ilrrnn jfdpvvs jtd4qz4 k46oedg nwihpe9
Node 3: jgpblx4 jp7veu7 k8rb5yg
Node 4: d9eg6sq
Node 5: cmx094m
Node 6: ftccpcq ybqwatl
Node 7: 1j9pbec ti47kyv
Node 8: xg0vid6
Node 9: qshn52a
Node 10: 7t4mdik
Node 11: c7ao0z4
Node 12: 8cmb5v5
Node 13: ubfkwsq ygz8hcc
Node 14: o7lu8v0
Node 15: g4vp4up
Node 16: 440nu32 9ilg8rg w9fe67u
Node 17: 816ti3s z3qvtai
Node 18: eom2rju
Node 19: fdyxuut
Node 20: 1o4hb0t
Node 21: 9lqbj7s b2cx1lr
Node 22: n6qws42
Node 23: oovsz64
Node 24: 6kusc96
Node 25: 09ruxol j0rsl2t p2p9ey0
Node 26: 6nf4fsd dkc0q0t
Node 27: p624r3a
Node 28: 8lpw6o1 d4rhsw7 eu9o2x6
Node 29: exih2ce
Node 30: o1381ym
Node 31: yb891ho
Node 32: r80t1af y27pf21
Node 33: layx90u zole7hn
Node 34: 9j9mjsx t05fj7q
Node 35: 4mmf1wm
Node 36: li7o1fz
Node 37: olooy73
Node 38: l0t63qr u5epaeq
Node 39: 3llga1h
Node 40: 4zxui4g
Node 41: 7q0uklf
Node 42: yqip1m9
Node 43: l3mmrni
Node 44: po0nqhz
Node 45: 2d3yiqo
Node 46: x02075m
Node 47: 45w6f5n 4p6r7jx
Node 48: yqygcp1

Node 0: 1stb2e0 3yvq6d6 a4mkzf7 hphfwmm k9jjc21 ol3tppg tzaxuq4 ub0w13m vbg7fxz
Node 1: 2fzuz7y 7961yo2 mmlhj6m ypj5hky
Node 2: 2lhsldm 7k0kqnn
Node 3: 99nbcfj d10pcsk p03uqs1
Node 4: 8kjrful z2svxyx
Node 5: owk3lnd
Node 6: 70arrqb
Node 7: 4uf5js9 g2gjaid hiryjpy
Node 8: od25znr
Node 9: eo9ujcl jmlyy2l uiqzlsd
Node 10: 3a4lncn
Node 11: 15mrjpy
Node 12: ymf0zgh
Node 13: tghc09v vvj58qs
Node 14: jf4m52l
Node 15: 9z6ag3t
Node 16: wx0px7q
Node 17: s97txmx
Node 18: ua0wp6z
Node 19: 3ydrmn2 jl2cghx kxvj2wj w74kcs0
Node 20: 8b70665 r8v0zr6
Node 21: 97eccy1
Node 22: e28dgzx
Node 23: x934srr
Node 24: tqe0pd1
Node 25: vrxnsp8
Node 26: 04lla0d 3kcrgmy ifl58e6 ll2ovm0
Node 27: x4vh0lu
Node 28: sha0gbb
Node 29: hfx7r2c
Node 30: c1jk6tf dt5x8ju
Node 31: fq9qzts paf1tli
Node 32: fjg4l39 za36x7m
Node 33: gzy05w5
Node 34: yj78dl9
Node 35: hfhn1uz
Node 36: 038z523 3la4sx6
Node 37: yhv3zgp
Node 38: 96mw3cg bjawhw9
Node 39: ggza0hh
Node 40: 7sz10qt opfihu2
Node 41: evxnpfv
Node 42: 1thupgj
Node 43: f22vdx7

Node 0: 8n4ot3i ls1t6cj
Node 1: b7f0s90 b7rc58k emh0mz8 gdnlg2n miygxch
Node 2: asjvesu
Node 3: cc1h46f sdwiog8
Node 4: n95a6sx z7xva8x
Node 5: oabrmvu
Node 6: ahbrbai
Node 7: eiwtwaq imu5brz
Node 8: be5dsbx
Node 9: xxjea2r
Node 10: 2zg0q8k
Node 11: otsv63c
Node 12: ao8c6l0

Node 0: 1rn11q7 4u1zm4i 83eh8ys chohh83 cr6iwcw dhes96r eiby7pr ewbjyxt gvdc596 jo1ivja jza13sn lzp1xt1 qm6mf26 r2i5oyd szdqc4q vfvt14k wp0nnip xwksrj4
Node 1: 1t5cm6r fj3hvir
Node 2: 9swtyeo cav8hpi
Node 3: 4s5epln
Node 4: k8oykzw o3zwhvn
Node 5: 1bmopox 2g7z9ok hf9os80 qzhe2nb utvfdd5
Node 6: bemwtlm c55rru8 c62fcqd q2oi579 x1w6mo7
Node 7: 4tg6e1t kyzowui
Node 8: wavidhn
Node 9: 0gojszr eijkyow
Node 10: 89eubq1 iznaife
Node 11: etkbj6g
Node 12: 3deonos
Node 13: eeprimh i5mglxb qv3sdhs
Node 14: iba72z7 n63ph8m pu0n463
Node 15: nwv1paz
Node 16: c29arc9 ec2uhol
Node 17: fi5eiqs
Node 18: u5w8dfp
Node 19: t9cfdds
Node 20: 30dim5m wdlm2iu
Node 21: ivq845f
Node 22: vmw4ti8
Node 23: juoymz1 kydwhlq
Node 24: 96ozq30
Node 25: 0mc5vd4 fsapeup
Node 26: lv8v81f rb2glsk
Node 27: tcy92dv yee9gox
Node 28: bo4dhvg
Node 29: blppsjr
Node 30: dfej7tc
Node 31: vrlreiu
Node 32: ehy7z0j
Node 33: 7fxyjew
Node 34: 3imz2qn 6xfmlwp nyb1830
Node 35: ch36jmu
Node 36: h9owbcz
Node 37: k1q20jn
Node 38: w5h4lbb
Node 39: 1go3ceo
Node 40: lmsmj2f zq7z32i
Node 41: bipadph
Node 42: g0dbr3n
Node 43: bsu2uvc
Node 44: 075qvr5
Node 45: owyw78v
Node 46: 1g6oo9l
Node 47: jl2zn58
Node 48: 8eyojgi
Node 49: 4se1m1x

Node 0: cjlgzqz iah6em9 l86xwyb p62y9cw u9dojfd
Node 1: 5mdcr2s
Node 2: 0mub24k 2733lg2 8yhxho9 czuhyci ecdek1x nf2o30p pl2cxhp thd309t tva5a1n
Node 3: 0cbf88i pe8a7o3 pl08zfq ysptg26
Node 4: q0uqbwc xty6qej
Node 5: w1rjkf5
Node 6: 2xfjesf hcgzwb1 k4xuzc1
Node 7: 42rm7ux dn5qt7m mghbrp1 nej7k3q t4v99ny wbh00zx wnd4cxy wvqbasy xhlgtz5 xvvrwwm ywtgwrp
Node 8: inu5wsg x4qaidk
Node 9: bz6uv93 cylfyu3 l21rjqo
Node 10: p2uv4me
Node 11: 04ruo6f 5npbbyh vf5sabe
Node 12: blt2bhe hl1dgdb
Node 13: 1e55f0n
Node 14: hagcn7s
Node 15: 6o6jlwp
Node 16: 970benl
Node 17: lgy3n8h
Node 18: sp944fa wcpv8a8
Node 19: qcs2520
Node 20: vvycqqx
Node 21: 4p5wsg3
Node 22: t97stxe
Node 23: iqepaoq qzn40w7
Node 24: bli8lga eis56w6
Node 25: yvp01vv
Node 26: rpq1paj
Node 27: jhi7tni
Node 28: a4azt29
Node 29: 5977dn2
Node 30: 5bwcu91
Node 31: ytbeyet
Node 32: qvfz7li
Node 33: rjuwoif
Node 34: b53c868

Node 0: anobu3m mzikeej uc9shdd xhyhui5 xwqeeqd
Node 1: v42ehkf
Node 2: 8p2vbt6
Node 3: kawx44o
Node 4: gs9txs4
Node 5: 0duyezf ayipihv xlzxgh9
Node 6:
Node 7: 4g7mz5b
Node 8: p0yap2z

Node 0: 8c05fby
Node 1: 06921ja 4x1yq8n a17hpe4 cibtcdy ctmoe57 jimpoem jkj0p73 jle050a q288r7p qf3a7q1 tmqu4os zvb5iqo
Node 2: 9tyk4gb
Node 3: 24pi2wp hakhvd9 idmtjkw nlx97rh qf0vxa4 vsrl361
Node 4: e8aw5qp fzaxhfe ujyk2ye xau1uoy
Node 5: 77l7769 78cd618 8dvitvk k0614qw ljy1kci wanyhi2
Node 6: 0o2ode5 70bm9qb ht8ehis i1vxn7m i53bj4b ynfscz1
Node 7: anzsyw6 ehs5yik qsufcd6 teeqg8z twr6gqz
Node 8: 7a0l16k a4bmdn5
Node 9: fp1xmec
Node 10: j2d85fy kne6dxk oyk1gle
Node 11: 669yq6p e0w9qi3 i6aidu3 ij9kli7 jvo4chl p9rvuv8 qwzexo6 ssgcif3 tw0t2u2
Node 12: 2u4d4xp
Node 13: dejix6u
Node 14: 18qrtvt 1cw60sv 7onm045 gq42or5 iglgnfd jkh3117 up7tdae
Node 15: 2reif0f dvoe0yp w1e06xl
Node 16: k4kxj7x
Node 17: 17dmllx xkenecj
Node 18: h5kz87u jtgf185 o0c2id0
Node 19: qkvc22x
Node 20: zj5ab9c
Node 21: 1keexg9
Node 22: r52zc0h zmmx32r
Node 23: nhfz5vw
Node 24: dt0zmdv jkibej9
Node 25: kmmt0xe
Node 26: 4bzdno6
Node 27: 8zhhida lrmxrbu lzno0r7
Node 28: xy72295
Node 29: 2otlhi1
Node 30: 9gm89cm pq5lov6
Node 31: ap7azfz az091dw
Node 32: tt0vk11
Node 33: mjposyg
Node 34: 8jmo9vl
Node 35: xe1n60b
Node 36: 8b1jo5t
Node 37: 0ilnl2u
Node 38: 64hw5dl
Node 39: ouehbd9
Node 40: lhi31wx
Node 41: vt6secq
Node 42: 4qmtaoj
Node 43: efztzw5
Node 44: noe667b
Node 45: 7rzkq32
Node 46: g4tig8h

Node 0: 781nlws 9jf0j8z cueigx2 moo1fu0 vc3kcwr
Node 1: 0qz7231 0zkcbaq 1lk5n5c 692f1uc 6q03ops axbrgi8 gb8rb61 gk5eg2a kegyski o5j6x23 q0vboof udx22go wjiwupt x6rf09i xg5345z
Node 2: 5u33u40 aukwfba tu7lzxe u22uj0g
Node 3: 0y2pzga 1geano2 4gqorup 4hmh52a danzhjl khu098c o60u58x vdsn3qh wx1pk3q
Node 4: u6y2xba ug6kjn2
Node 5: deyag2b qc6fjwx
Node 6: j9aywyd
Node 7: 4ncde7g
Node 8: 6p53zu2 oocs5ve w9y1mgl
Node 9: ztohq8i
Node 10: eq93zd9 smb66j3 wrur3go x1xkcs8
Node 11: 46cmvpe
Node 12: 3j5mdo6 tv8szxl
Node 13: 9etblko
Node 14: x1dfpvu
Node 15: ble0sr3
Node 16: hj4f92h
Node 17: j4rmgpy
Node 18: kh48jmv
Node 19: jatpdbh tq0wb34
Node 20: vi59td2 zb3ixcp
Node 21: 7abgj2e kwa95aj qvtibyn rgpaeyd
Node 22: 7jfx8kp
Node 23: 2ijjxka
Node 24: 3nx8xf0
Node 25: vsdrvow
Node 26: 1e7q505 7e0xfgd
Node 27: 6f1s6ia
Node 28: we4ilcs
Node 29: qjfsenc rdrrx2y x9wwlcr
Node 30: 55bzbcw
Node 31: 8fz8lra cph4bu4 e6rr4sw
Node 32: 4zgial2
Node 33: b7znlk4
Node 34: tg6bgat
Node 35: vbxjxb6
Node 36: w8pu3yt
Node 37: zg993em
Node 38: 67057ey i596cg6
Node 39: x4oec73
Node 40: 9nbaos1
Node 41: 5udgkgl
Node 42: i68ey93 l9ils4q
Node 43: 7442272 t43eoxi
Node 44: gs30zwb
Node 45: 017701i
Node 46: gvfru41
Node 47: g4iadv5
Node 48: n4izngv

Node 0: 13ydzqr 1ft4r34 1ory76p 1qcxinn 29ldyhm 5ahp54v 89v3r0w alv9dgn byapauy em2uzqw j5u8ctu kxdlx2x l00sltu p7zvl9c pux826f qugyc01 u215e8h v5pt3de zp957dq zvd0xor
Node 1: 4yf7qio 7yxyd1y agnidrx cw0qfm1 dgnedw4 nhtfd5w ua10yss vvakllx xqmnhmv yzrirux
Node 2: orqzhec
Node 3: 1of8grn 36tax7k 502zkhz 7nwxame 814zo4y 8r6o3s3 ey1avqp j78lcil lkcnw3b oc8liia tqx11n7 xzc4k2y
Node 4: 27zto45
Node 5: 8slsjpp
Node 6:
Node 7: r0gi5b4
Node 8: 5tfdjn5 cgrtwes mrazh6a qz3w174
Node 9: idpl3d4 lune6qs
Node 10: 2b46i4c 7sz18l5
Node 11: 9tntcfn
Node 12: 0067y14 4gtnykm iskg5v7
Node 13: oy9x1fo
Node 14: h2mopfk
Node 15: 55yow2a 6osqghb g908mi8 xdf9rhd xkaze4i
Node 16: lm63fep
Node 17: 3km5dte
Node 18: 8k792aj
Node 19: 1k5e6v2 m4alyx1
Node 20: 9w2dz76 ozf3yiy
Node 21: hfygzbt
Node 22: 2p2gd9i
Node 23: ttuds3r
Node 24: n8b3djd vsx7w0s xa24s0w
Node 25: lwybs6m
Node 26: kqndi2w
Node 27: 8h1yjxi f3yfztf
Node 28: 841bgg8 x764r33
Node 29: ja5788i
Node 30: et9xh5w
Node 31: 6unr087 myejdti qjagm6g
Node 32: 523e30t elu4v2g jzmtrao
Node 33: tslfmg5
Node 34: 54wczxa 5yflzz6 6is873u
Node 35: 8k1hbj0 kqdc0zr
Node 36: ch8j25j
Node 37: 000bdz8
Node 38: 5wiq0k2 8i0nthp
Node 39: brkofis lvv3gpu ra0834c
Node 40: edp94du
Node 41: u5lidhd
Node 42: x6vyu2r
Node 43: a1xyd07 cn236w9
Node 44: i77fkc7
Node 45: ke5sw5s oas79hd
Node 46: v4a7a82
Node 47: 9znaegx x5lheef
Node 48: 61os124
Node 49: 4peun03
Node 50: 9z12yq1
Node 51: 0qrsd05
Node 52: rpdm0gn zayj1ir
Node 53: slhk2h7
Node 54: 4nyxlqs
Node 55: ixfg5gs

Node 0: mhyjxpl
Node 1:
Node 2: m4ljvyb o110b5g
Node 3:
Node 4:

Node 0: 6pdo7wk 8mpjx0y k28ljb9 kvcibf7 m3wdtw2 seen15b tfdkivn tkzvjc1 wc5zm9k xst7u6h
Node 1: 4xvr74p
Node 2: la259o1
Node 3: 3jzgoo4 jr60uau r62mf5l ujvsony xfg3cs1
Node 4: 2foukfm tvqam12 yj9t2dz
Node 5: 7k8eq9r yjhogef
Node 6: 70qvta2
Node 7: pzs0xrs
Node 8: l3ho8sa
Node 9: hzhgs0n
Node 10: 5awm870 ip98ouu uuooo1a
Node 11: jw5uo3x
Node 12: uah4mzl
Node 13: 1cy1juw u5gs2jt
Node 14: m6ojs64
Node 15: b141a3c

Node 0: 4ip533e 5uu3nxp 7xo0t19 8ib4odu j9dmggp jbkn4bi jwprodl md063dy nbbbcrr set5qqx u2hr8rg vtb8t9k yfoov1g yt2chyl zjq4gqy
Node 1: 9l4nlwc iilgomw tdsns3o
Node 2: kgtolok
Node 3: 2wlw6el
Node 4: fh20orf hmbcrv6 mnvvxic
Node 5: r950nnx
Node 6: f06ihu8 pss37ec
Node 7:
Node 8: 49rz42t gl319dl kzxdwq0
Node 9: bhtcd97
Node 10: 5inuaub akp3v85
Node 11: j37dyns
Node 12: ld6givb
Node 13: ricqpd9
Node 14: xmt1yl8
Node 15: bs4r67z
Node 16: r0ixf27
Node 17: v5m9qd4
Node 18:
Node 19:
Node 20: vwoh31m
Node 21:
Node 22: dj3egrx
