Node 0: 4n141we 8qc67dy abww3c4 c6f5siy e6vjbqa eixs20u hxi1i8y l2gfzta s5ekdz9 uf6hlw0 wctaqw0 yom98p6
Node 1: 1zzyspq y6pgamu
Node 2: 3jginvj
Node 3: 7r4q2wj e0n5vfx i5u2j44 nz6b8nd prg4q04 vvat11e
Node 4: cfhw1az
Node 5: n0vm2jw
Node 6: 45sgxpj
Node 7: 6nffk00 uwrz0gi
Node 8: xjxhryy
Node 9: p0gmrxr
Node 10: r03a0gi
Node 11: 0iqe4ks 4j0ohn1 4n7obes
Node 12: fb2i58z zl382ej
Node 13: 007rgih
Node 14: zrxqc17
Node 15: imb7tj5
Node 16: gab13fq
Node 17: gk60b7b
Node 18: pzvn31a
Node 19: q098pkn
Node 20:

Node 0: 1svkdef 3zrx6sd 9cusovv
Node 1: 5too52q
Node 2: q2gz24s

Node 0: 0yzfld3 7dnmy57 8ow4aae avdjqpy dhabtrv jd8dwmw kvbkcz1 m2mgv8b myak7hw n83jbp7 p6r7hxx p7ktzej qavvvrn
Node 1: wni8vay zahdwkt
Node 2: qc1dj7k
Node 3: h4d94r5 og6vifj sqmas88
Node 4: xux2hp8
Node 5: 15txwa6 qnseeny
Node 6: karix9e
Node 7: 8zhzs9f oyb3af2 uphb983 w3a23kp
Node 8: 1akpxye
Node 9: f53gbxi
Node 10: 1tcaepr
Node 11:

Node 0: 38gex17 3c96sky 5ekbybm a1rh4g5 mohdtm2
Node 1: 3z2fkoq 7i306ww 9knmu2e as6rwbg cxo316l f9fagy8 t81fayf wwzh9ox
Node 2: gjf41mp pqb3mlo
Node 3: 9srcfs5 alylqb6 olqqhtf q4svk4p
Node 4: 9sjnajb gtgqa5d
Node 5: 16pjj4b
Node 6: bnl2zxz
Node 7: 13dj1kc vgrbvhc vslae4j
Node 8: 136t2y9 qe1q89v
Node 9: 4to58mj
Node 10: gkh9iwb m56l36k
Node 11:
Node 12: 09kj5k8
Node 13: 1d13du9

Node 0: 2a5d1w6 7ocuk8a ld8ytav
Node 1: 0641a1e 8c1cwuc cs0nygw
Node 2: oyh5qg9 zx0x4pl
Node 3: bezmnzc dix9e4v kr3v971 vgpjak0 xomveag xx4j04y
Node 4: 7gikrdl
Node 5: 6vqo5tw akhh1kc p0rhcaz qwkocjy
Node 6: r5ue7rq
Node 7: 7zydthk
Node 8: ihvo4se l3yt0n7
Node 9: u75ko8y
Node 10: vgqa2fr
Node 11: ckfl2g0 uunln6f
Node 12: geuflky
Node 13: my1ersy
Node 14: ymi5u2k
Node 15: qhg3toa
Node 16: ncveisw
Node 17: pqbkqqv
Node 18: pjcsfzc
Node 19: 1fhvg20 5fo3aem
Node 20: wi99t05
Node 21: s692h0k
Node 22: 9oveoo1
Node 23: vswm04t
Node 24: lmjs0rf
Node 25: igtvojb r9o8m61
Node 26: n0i5ef5
Node 27: 6r88apo

Node 0: 2rxgyge 5d467cp bc219p5 jgtwdxf l67keac qhrvy3f vs20es9 y1rmpd1
Node 1: 01d3o1u 9e9qbwr bh36bo7 iandbd6 watrcz2
Node 2: 2nhwiww 34eddtv 4fdyvbc 4l95lg5 ka5dmh1 kw370rn
Node 3: 9c7iw4e srxdoy6
Node 4: 4ja2n9x
Node 5: ztnklbg
Node 6: tu3r5mq
Node 7: 2hwx14e
Node 8: ub4um6l
Node 9: tazai4r
Node 10:

Node 0: u3oui2d
Node 1: g3e4898
Node 2: 4hn5r1b ccd963d smm3ou9
Node 3: hqz5xoa mj2a80d y8c5dtk
Node 4: 73mpyuz v7s7lk2
Node 5: 0q8xd3o vpnumi9
Node 6: 8dmb1wd
Node 7: p4j8faf
Node 8: u5npka5
Node 9: bwkymah
Node 10:
Node 11: 0ansbo7

Node 0: 459yuw6 8k392ii el4b9it kkupdtw moe3eg4 mora6zy tm0fepc
Node 1: 8c7lj9k qbh4y4s w28ia15
Node 2: 1gi52td 1kbavmw avshsj1 d2omt22 daibh0p ecmd330 ef2dodj gpblnwf jcq239p koipq29 lfk7eiu lfveynq nsljq78 refue5y s68v7ms u8cx81l wl3n1mj
Node 3: 959489u
Node 4: ilk6lus rysiilv
Node 5: fxabiue
Node 6: 7x3oh6l a0m9euu gyqfllz m7aigim nc4g1m8 y7l9tmr
Node 7: cdx9m0d
Node 8: 2lbtlph df1koa3
Node 9: nu8wm6z z2kiesv
Node 10: 2jyxlzf 7lfdl09 dx5s0e0 lcbhmd2 om02siw qx3hich sfonycq stadbjr
Node 11: 2pgnlx4 lnqupgt
Node 12: nwbti1y
Node 13: 348ciqo ayp6dr3
Node 14: 3akecnw 4t6j1sl jwkk1s9
Node 15: 64np11b
Node 16: n7rpllb vpk8suz
Node 17: 7aqrq5g sklcyxg
Node 18: jhm3yoc
Node 19: frqqwsp
Node 20: ahejymp cclkhk4 jr4coj9
Node 21: 6file1g ftxxx0m
Node 22: xjnvcab
Node 23: jlhl8l4
Node 24: ck55hho
Node 25: 132kdft 6q2pi84
Node 26: aplcko4
Node 27: bh4vn57
Node 28: upwgrs2
Node 29: lf4rsd3
Node 30: 443iyyu
Node 31: t92tg1l
Node 32: qq5xitv
Node 33: ieh9jrr
Node 34: mk9gmmh
Node 35: g6h6q2y mrkb74y
Node 36: dyx4hcw
Node 37: sp47koo
Node 38: s35f69m
Node 39: p1wqefg
Node 40: dbgfu3r
Node 41: 672chp2 yy30x5u
Node 42: nfmb71g
Node 43: u47tu5v
Node 44: 3bgwvw4
Node 45: mtayfpn
Node 46: 38ustww

Node 0: but6pjf
Node 1: robragp swmwboc
Node 2: 96lw527 dp31a8u flpivf0 gjm21qu gstn5z1 hj3yvl3 ks5fg6t mhwaaqv mm9m1ot o5xsu10 pdq205s rli6loz
Node 3: d1su6md p3x8n3m wkmdusq
Node 4: 9vafn3l itmxaa7
Node 5: au13bn9 h4ytmik jwyqb66
Node 6: dowggvd jbtdohc
Node 7: 8v13uy4
Node 8: 6bqlfbl
Node 9: hnnbfju rt4arew
Node 10: 8prbxg3
Node 11: vwj5yzm
Node 12: 91p096i
Node 13: qv9t9oo
Node 14: 19gkt4c
Node 15: 7klmxk9
Node 16: wtxi5pa

Node 0: 0s40hy1 45cd0uo 55u39zb 7h03ixm agc2jg2 akpknbj czy3b6n s3p1wt0 tev62cv tnukjuv v7abzba vyjhejk
Node 1: 119k56n 21z29cv 6ozqfh0 8a1hgkd a2m51sa c3gy498 cpnf45n cqwhx1k cwsvjrn gw2f98f hgc59xf mvepnwb ns190dl ose9p74
Node 2: dusblpc eqqjm47
Node 3: 9wwx7cg axickcq
Node 4: 8a74oaa ef7zold elh11ln gkg9qmg se5zpil
Node 5: un3xhxq
Node 6: conw6df
Node 7: lte1n3m qkn6hje
Node 8: 2pz6syu
Node 9: 32tgwp2
Node 10: dusnhgr
Node 11: 069mm3i
Node 12: 7a5ch16 fpw774e iswo31p k500lem
Node 13: u9695sb
Node 14: 2d8entk
Node 15: hpywzav
Node 16: 1tocdr7 yhzuwo8
Node 17: t1gi3p8
Node 18: 7v8ibsu
Node 19: 40wtr9h 462uf5q 4yntn2z 6yccm2y 8d3ou1j f947x1a fq7cnnh fvuftod ltco9l3 qseb06e rmd8mhn t8kl34h
Node 20: 565yhxi
Node 21: o87p8dw
Node 22: yawcff4
Node 23: 18jtqnm
Node 24: 0tnak0m f3e9lft gys2tzg jzynagm u4pbdn9
Node 25: vc2mp03
Node 26: o7denog
Node 27: etgbcy1
Node 28: cm0801f
Node 29: q1qd7yg
Node 30: kxsupd0
Node 31: viw7e8s yz8w5qb
Node 32: lhju5hu
Node 33: arsjej4
Node 34: fjbj32u
Node 35: ixzkryd
Node 36: s5ui739
Node 37: d2ftiwh
Node 38: dd40clx
Node 39: rdueih1
Node 40: qmv1guj
Node 41: bi4gzx9
Node 42: 7d2vvx1
Node 43: 71o49u5
Node 44: 3i7sez4
Node 45: puazmeb
Node 46: 5pz4vvy
Node 47: 9cvz6k7
Node 48: kwm8b25

Node 0: 1zouzzl 2zcj1jp 4ia3d7z 7atv79p 7g5lyre bdocv6n dal0pmj h15kohd hecng4t k0qwaz3 k2bscmi l6dp94u n6fklsh o828m1s q1h3dzx tgh4f98 tpi0vah ue3o35x vcys6kd yiimhjd
Node 1: 7ybfvco
Node 2: 0rbkkoe fxz0pca
Node 3: b5lm2lv
Node 4: csw4o0n
Node 5: gq6lugs mllax4w y4kej46
Node 6: 0n5zfmj 40ts792 eknnv6c grtw70z mmxb0hc wy7e7wv
Node 7: 9ekz3nm
Node 8: l6lync3 pgh45bm
Node 9: sdqv7zm
Node 10: bvvsmc1 z2g77uu
Node 11: hk706a2
Node 12: 24k9xxg ysrcqwe
Node 13: 68jgcop pzw3qg2
Node 14: lppd9yw
Node 15: 0hdbahb dzlibsm
Node 16: 8ks1med kwqpoq3
Node 17: d6flkon f61ruoh
Node 18: 0gwnbte
Node 19: q5guqfn vyzlipo
Node 20: dwe84o0 ea3xxf1
Node 21: 04dtuh1
Node 22: 9qcyoa4
Node 23: 7o9230t
Node 24: h882hzh
Node 25: n83zwjv
Node 26: 6gup783 pmj6f36 sgq61kz
Node 27: 7e5mnlo
Node 28: 3qfvj72 n1yf0tx
Node 29: safqj11
Node 30: avkd90v
Node 31: rk0vdyt
Node 32: dgq5v8d
Node 33: 279j5ns
Node 34: dw40eup
Node 35: w37t9so
Node 36: ro43cnw
Node 37: deeqi8l
Node 38: lfaw940
Node 39: 5szx7pq
Node 40: 38yboj1 s8956pa
Node 41: sx4gmov
Node 42: gn6oscs
Node 43: t4jye2o
Node 44: 41y9hpx
Node 45: kxcphxm
Node 46: u4ihdp7
Node 47: flot4ua
Node 48: cu2kcrr
Node 49: jjzsdv0
Node 50: 0enjsb0
Node 51: 99trbnq
Node 52: 7a2crsx

Node 0: 159ay7j 4es0bk1 5q131r5 6iv864o 7okk2we cwiyl4d dxskvtj f799crm fqerfz2 i0jlrqj k3r2bny kg3hywe os9y613 oso0iwq p4d3zql uns3xsc vi23598 xvdywjj z2jkebl
Node 1: ucufrpo
Node 2: b5253br jtjqee5
Node 3: cqfrb79 lx7z9fk r2twdz8
Node 4: lwk06fy qkpwkwz
Node 5: o41twmf
Node 6: lq0vdae
Node 7: 40kvi85 f3slh7t
Node 8: 0gxds59 fggse96 z5cjiy5
Node 9: pn01ift
Node 10: nzfjkd4 q1cpicy
Node 11: 622iveb 7r6tiyg
Node 12: gy5w843
Node 13: dkgwjx0 lp71z3w x9qej1s
Node 14: j7epxwq
Node 15: ags6v07 bmyqjz8 ul7kflp
Node 16: frj750d
Node 17: sdcr4i7
Node 18: qu90auu
Node 19: f25br61
Node 20: edvtowm eejq2pf
Node 21: hwrc5s2 l72oqgf
Node 22: myi3stl
Node 23: c7ydbge
Node 24: 822zy89

Node 0: lagi1o9
Node 1: fdiqyop s41rdmp vm62jxq
Node 2: zly0yv3
Node 3: 3nnue9j
Node 4: c66sv00 hdiszbg w6x4287
Node 5: 3gmknqt 5wn95pm dzlhxmg ehvsl72
Node 6: f0pd7zl yru5a07
Node 7: 3he8htd 5gva04i l3dx0j8 nitw2lv ow262ol v0zkkud
Node 8: 05vklch ch1kbw3 hmc6nh0 kqt1oqb mhz8msg tx3d2mm
Node 9: 56f270f c7onx8h d7rvgzn
Node 10: knzcfmj zdbj88o
Node 11: rs8qloi
Node 12: urpbaa5
Node 13: wmi7ehd
Node 14: vd3v502
Node 15: aeyjbfx
Node 16: 5pto1a5
Node 17: uw2b2c5 whisdeh
Node 18: gufpva1
Node 19: 4co8wd3

Node 0: 9iqo6c6 p00uuic
Node 1: 9k4jl9b awztsgc
Node 2: uxn31v8
Node 3: o7k3v58

Node 0: 8tp63wh
Node 1: 1e2wboj t6ix3w2
Node 2: 1nvoap2 6ojos3i fl3er3a
Node 3: 1ycvupl 32ubba1 3ls6kyw c7vy6xh vywae67 y611wj5
Node 4: axe5n7a
Node 5: t90ffxg
Node 6: p65ytko w7tw38u
Node 7: 5iny3wl oer5rea
Node 8: 08zofb5 9f9qf26 dqoso2b ieu64ev
Node 9: 9zlh25h
Node 10: wg59b0z
Node 11: 5j1elps ieblcjy jydpewp s8ity8w sxouc01 yyazsk4
Node 12: 5y81p0g da48uuz
Node 13: lqotycp
Node 14: 5g8oz6a
Node 15: dpai1qb vd2b198
Node 16: jij833t
Node 17: fyaw7z4
Node 18: 3c9t3mv
Node 19: 0z5xrbl xj6gzdq
Node 20: xzl9i51
Node 21: 4f03og4
Node 22: 2b4zt91 bl9tdq7
Node 23: 9yl2g0w
Node 24: h5vjbjy
Node 25: 3fmva0y n70nqxo wk832ev xkgnq1h
Node 26: iw1gphx
Node 27: ma0573y
Node 28: sunr13v
Node 29: orvsmvd
Node 30: raz3e8s
Node 31: zrrvjps
Node 32: 23hqmai mz08ccf
Node 33: 55cvhcf lmwuim5
Node 34: 8z6saka
Node 35: 995md44
Node 36: 5swglkr
Node 37: pniumrk
Node 38: cfa0csg
Node 39: hnsay7v
Node 40: 6eze4lt 98ekbog
Node 41: v0s921y xj5vfdd
Node 42: at424k8 vyktt2c
Node 43: cs9p9jh
Node 44: qwruwhf
Node 45: ink4i0b
Node 46: qv636v3
Node 47: tsnydf5
Node 48: dvfkp3b
Node 49: om1t2v3
Node 50: vhvom3z

Node 0: 43ecpv1 4c12cvo awg8z9z e0nvefd s2tw9w7 tlneabi tsbui20 vite5z9 y5z0kll
Node 1: 1d4yqkr 6a8uamw 7wy9279 exa9ohi jvp8ibt zotk4a8
Node 2: 01snpo2 3r964io lqcfy7j
Node 3: uja9kz9
Node 4: 7khkwkl
Node 5: 9lgl39t au93vk4 gp4kwt8 k9ucsfr m882kjw mm27hjw
Node 6: 2f19i7f xhd4kn6
Node 7: uzh9bq3
Node 8: 32745f9 5mt4ibq 5qxjciw nrt25og
Node 9: b1qfvyh
Node 10: z2oq30d
Node 11: 9xspa72 enc3rx0 gkhs8zq y68stc4 zoj3ux4
Node 12: tgsoej4
Node 13: 7k3enba srbwd5i
Node 14: 70gyx4j i3slrhd peyopq7 xn4fmf6
Node 15: g0i13gv
Node 16: 8eixa29
Node 17: 0djbd4k t9nvl0y
Node 18: u9i118h
Node 19: uc71t7e
Node 20: 9p4rxe4
Node 21: x82oruj
Node 22: gv2ra5v kdmmo9s
Node 23: 8reaqct zeslxxq
Node 24: 3aopnon 8ugtt0e lhp1ahj pr9biyz wt5w62k
Node 25: etpfvyp tycbn2x
Node 26: 5bpigzq
Node 27: xotpefl
Node 28: lb5rtjy xkbe8g0
Node 29: 57sgcax
Node 30: 1mdryg8 i3gndth
Node 31: ppw84fr
Node 32: wti7gh4
Node 33: u2ntb81
Node 34: z0561b7
Node 35: 0pa2m5r qvjcqv5
Node 36: 364kmfq ei4t198 eij77fm gfg8ff3
Node 37: 9y2flh2 w2d8729
Node 38: jet3crg
Node 39: mvbhkro y117xk5
Node 40: b340bqm o0v6fj2 w9sckcj
Node 41: ea0gjb1 fih8n7y
Node 42: u7ywz7b
Node 43: ja18onr
Node 44: 071isrv
Node 45: 6g4r1en ku3aqne nr8g5g6 svbdvx6
Node 46: eztflac
Node 47: frefl0v
Node 48: aevz853
Node 49: ro9ps95
Node 50: c5ka5pl
Node 51: 747cix3
Node 52: qp1f5ri
Node 53: 0i2re31
Node 54: ut3r8ve
Node 55: suwr3mx
Node 56: p287r7r
Node 57: tsjc5ov
Node 58: u2v737r
Node 59: rv67s5m
Node 60: fkh5c6y
Node 61: 3uks5fr

Node 0: 1radd13 abywv81 fv6txm3 mxzqaor
Node 1: appnzrr ifrxfr4
Node 2: bbeiorq ller4zw pf6af1a
Node 3: 67ogbg8 pykpjuw
Node 4: 5kw315k 6ldvkbx 6lro9gi gkc5aml hspv7rt l1d03lt l454ncg vdac18n w6l67rq
Node 5: 46dftz5 iaq12p2 n3hi2su r415cao ym8l4rj
Node 6: b87a0g1
Node 7: aueb647 jzlx67b zmxwlqg
Node 8: h4bpeoe mh1d9mf mm0cw39 pmt0olt unh5sxx wzpz8so
Node 9: 35krjy3 hk2zeui pmryc62
Node 10: n96nwz8
Node 11: xiwc1q9
Node 12: c1t83fq kzu13u2
Node 13: lypqiux o91b6q4 zcu63bz
Node 14: 1c8avxq 6ji6p8n it25r9e lnu3lxr m4sp5jf nun2gvp vz6nlt9 yoqqi93
Node 15: w5yoe9x
Node 16:
Node 17: g2i6tg4 p15kxqc s445px5
Node 18: iejqzdb
Node 19: t1r6ge6
Node 20: ku55hn5 ziatrx1
Node 21: adnsxkv eqilubr y8ap8ir
Node 22: 0pm9193 2oordlf 6v1wrab
Node 23: faoznqt u3xfzuk
Node 24: 6unrff9 apl3kz5 o41gpcj
Node 25: 2vx3tea
Node 26: 2qefhzw noxfjc9 sa69qw1
Node 27: hrqnvuv
Node 28: 5dcilak tnu4dy1
Node 29: g2n9858 uj8w7ix
Node 30: noadjuk oesttov
Node 31: 0mesd3i huc3ujo qq1blkx
Node 32: t5iiu8k
Node 33: bm6dhoi
Node 34: zrtty2q
Node 35: m5ixysk
Node 36: wr2bmqc
Node 37: rs3iqdl
Node 38: o371uyv
Node 39: 10y7e5g
Node 40: 0sxlnko
Node 41: nqporst
Node 42: f60j38f
Node 43: 9g95bm1
Node 44:
Node 45: 15dw01z
Node 46: 9xl3kqr
Node 47: c4a422r
Node 48: 9noqj7j
Node 49: 4mb6ue3 vluzsjk
Node 50:
Node 51: xle24jp
Node 52: 9tg7tsa
Node 53: 2ul1klh
Node 54: on62vuq

Node 0: kq22azh tyodbcb
Node 1: 8xr50k9 hprs2wg itdb8kz l8so3qj vu2vn4f
Node 2: 0uw9h19 3gc78ca 9bm7wem gpr6eni
Node 3: 3ceqwrw g3x9q4l lqaw52h
Node 4: q6ji04e
Node 5: 1vod7kt 7sg0bzs
Node 6: mi3tl9m p1n9wfz teth8hf
Node 7: uutgghh
Node 8: oji4j73 ouphlp3 vmiqx67 z8qpdsi
Node 9: b88cn5o g71mdsk oayqxdu
Node 10: 6b76bs3 i9asi9n xt4skuk
Node 11: 4ezzg4b gj0cvsx
Node 12: 5lq7ay6
Node 13: cuner9q
Node 14: lpd93l3 n1ts5nk sexjt7b uwcif74
Node 15: 4eeatud
Node 16: cxh72lq s7sqc22
Node 17: fwb1t3f
Node 18: 2x9gd4x rvxkryh
Node 19: 1h3k05n
Node 20: 5au727e 5q5zfoh
Node 21: 3793ix4 dx510y4 e1n6h9b mjwkxlm pjwlns8 sdxmnlp wu0w5x1
Node 22: pax573l
Node 23: 0e1zpmj 70g565y 81u24sp mixgtxf rodsj2m zv0lowd
Node 24: o77fn7r
Node 25: m73gtyn
Node 26: bk0j4b4
Node 27: nzhjd6j
Node 28: rszpljo
Node 29: d15owpv
Node 30: asqaws3 eb40iyc gl9jy24 tr9tk7o
Node 31: tzdw45t
Node 32: aidtmls wlv17bn
Node 33: m2hqsjk
Node 34: qc7vd91
Node 35: lrosmqu
Node 36: 5kjn6p8
Node 37: fdfkmlf tgh3lqv
Node 38: tre3hqu
Node 39: d46s7z1
Node 40: u73s4x6
Node 41: 9e6ddeh
Node 42: a2pnmq1
Node 43: qt9owd9
Node 44: 42i1qv6 8pt1v1p wkoqqd2 ysilbvz
Node 45: 50vqwwx
Node 46: 2v5t14w
Node 47: 9w83bxk
Node 48: jcjwf24
Node 49: vqkca0i
Node 50: gjjn2el
Node 51: u9adj2l
Node 52: 41vz00w
Node 53: 9b3v155
Node 54: 3ruvz0p
Node 55: sc3l3c4
Node 56: 9f80elu
Node 57: zj6auts
Node 58: j0h1yyc
Node 59: sjdm7dz
Node 60: 1jr6c7a

Node 0: nxgyjh6
Node 1: 0qomviz 2kx8m36 4tmcnfi 77eacj0 7xq8rix behofsq f13ftsg hfid34k idw20yi jo1hm9c krytv11 llrh3ck n0lm3x3 n0s5gad p98ypak vfym19b wx1erjc ya0tbnv
Node 2: uzbvyi5
Node 3: 2rwx1g7 y9sccrp
Node 4: 58wfxyr 5is82cu et2zl6l j9gxlnt kaufh0v tbq5v2v trb75dy vjktpvz y4pflnf
Node 5: bzsta0x ie4fgg6 mj0oh5d mqc1rzu
Node 6: xj1q3zq
Node 7: 4zxuwem
Node 8: 0l1c40b
Node 9: 3e5lf1l
Node 10: 4pyvou5
Node 11: ufkmawn
Node 12: dqnrjtg ul22xiw
Node 13: css19pn jrmrcyp wubn8kj
Node 14: bnkhr0t
Node 15: n77hue5
Node 16: i5t2wuq
Node 17: 4md2onh ehv1su3 roemg02
Node 18: gwj7kcx xdv579y z3o3455
Node 19: 1ito50t 5v3qs7u v5nok9d xsr5flq
Node 20: g2jutyw
Node 21: dq7iw26
Node 22: a4dgtdz
Node 23: us1a9uc
Node 24: i5led9j
Node 25: ndaqlf9
Node 26: rpzhj6y s738va8
Node 27: vkwxk51
Node 28: vd4c2tg
Node 29: 4y1pagu
Node 30: h0ohk13
Node 31: v4mvof3
Node 32: 3kr70zt sjexwvr
Node 33: ch6t9le
Node 34: uyrz9uh
Node 35: x89d2p3
Node 36: nrzjnth
Node 37: jvu4wyz

Node 0: qrfd9pn
Node 1: 99eikck en5voa2 kaz3dhi l2ct3cp qxzd6ta si69vjq tn250ol vg44klb wc10qas wnis7ex xdwm25f zfvp7ye
Node 2: d6xmadg
Node 3: etfzkqd
Node 4: mwmohdb
Node 5: ujr76bh
Node 6: pzw1fx0 wf0l5uj
Node 7: 7mib3ma 9ijmr7p
Node 8: mwemr80
Node 9: 18lq3sh erhcu0z
Node 10: cryywj6 jvl1avq
Node 11: zfxtv2e
Node 12: rgixidm
Node 13: 2wuu5gx iapxp8u
Node 14: 1uc8p5p kd3wq5w
Node 15: 076sld8 v6alaes
Node 16: bkj6ov9
Node 17: w3yc8a2
Node 18: idb9l2g
Node 19: jr49dco
Node 20: 0cwat64

Node 0:
Node 1: 5tc14lh ap249t4 h2oqda3 o7lqhjj
Node 2: kxn13mj
Node 3: q6ggbo3 u0pmf8c
Node 4: 7lktcdl iqwead3
Node 5: fymohz1 u8x9grc vumifux
Node 6: mr1alt3
Node 7: 0u3rcj3
Node 8: 95kmb5l dsd3rdv elgaao8 iv4xi59
Node 9: jnvi4me

Node 0: 265mzzd 5dlwcp8 7cd1lxn a7uursk ev3hbtl n5pqyen p24np0r qukdbpy
Node 1: 3gykbtb 5ikdwue v44gvgo
Node 2: c5uook7 q4svz1a
Node 3: 48qh6zu 6uav8bj 98k2d5f 9t0eb3t k5v776y teo5no0 tw1agmm z5z9hmu
Node 4: awm7jet eyuu23k
Node 5: 55t2dov zooxfmh
Node 6: 1mfpmbo afk2bnv
Node 7: xkx2o2p yyypkvm
Node 8: 5witkza kf25e5w
Node 9: 9asjslw
Node 10: yjo6ngh
Node 11: 4yt2nt7
Node 12: 7cf5w0c 7mvv7he e7a7sdf ihdee6w wtgo6qm
Node 13: 2xl8vd4 4s8xu8k eapo0p2
Node 14: at6g49n
Node 15: 3dz9tyh
Node 16: 1daz444 fouks4c
Node 17: p001gwz
Node 18: 3rwoamf kqxi06h sjuwvol
Node 19: 9x7gduk cu38lm9 t3ao1zb
Node 20: yikloyp
Node 21: 37l73lh
Node 22: g2fuzrx
Node 23: mwqwr1m
Node 24: s2nkox4
Node 25: 7uj4zk3
Node 26: ermo86k
Node 27: tgbran4
Node 28: 1xwyk76 a6wof1z
Node 29: cd04598
Node 30: u71qtu1
Node 31: l4zkoac
Node 32: j88ngrs
Node 33: jmewecd

Node 0: 5ktafhr bhq1vy6 r6ln0ip rzcc89k uk4xn4c
Node 1: 4j9qmy7 8zos4wp algx55f ci51vq4 cwrxarr ddbe6jr g8pn66h i61r6d3 j030xou jshz6py o2kg5lk w3fpyjm
Node 2: flheusf
Node 3: 1s5ee6g 4jrtij3 5hqp9q8 8eoa8ei 9bue7ke 9myjusb gxnj9uf t3guct4 xt6g64m
Node 4: 0qatcv7 2zbc14i 3ui5u5q reqfz9w rte8zap s317bdd
Node 5: odh3yg0
Node 6: 60xxd1d ojdzblt
Node 7: e3fij6e eswtl4g xrr792q
Node 8: kmnssta
Node 9: dvixuhc rgk9tpc
Node 10: 6ng008r
Node 11: 3fh2iqz
Node 12: 69obukd 9vheoxp
Node 13: sjixxgr
Node 14: 6380jfb
Node 15: 3y4wcav 7jjrdeu 7qejcos fkfruzf zq0dus8
Node 16: 4yqdmp2 afaxygm
Node 17: hhy0rgt jj3j6fm qae8m0h
Node 18: 4jms5yh pllpr27 ukrapqw x03rpm9
Node 19: 9l7jbg7 r0i3qjz
Node 20: gdim9z4
Node 21: wikmia8 xdbrjjx
Node 22: v9vyyq5
Node 23: l8s9ejt
Node 24: rk50rfc
Node 25: e6c8rgb
Node 26: 58ud6zc sxtimb1 zah5wrb zbfs0lq
Node 27: 99u6y7d bigi5qd nykfv1k oofaq5u pox17f6 ru33icv yy0y24h zynyihq
Node 28: x3szlis
Node 29: s43cptz
Node 30: u9fatn8
Node 31: 63kmd1y
Node 32: mujdfq7
Node 33: irporno
Node 34: 6umb8xr
Node 35: xz9mmci
Node 36: yrygz7z
Node 37: bktxti5
Node 38:
Node 39: yla8wdd
Node 40: v1rzy04
Node 41: xueilem
Node 42: fph1o91
Node 43: o8hz0dj p492g1n
Node 44: i5qfute
Node 45: rdd13i0
Node 46: fyv61o5 j3edbce
Node 47: lzrqbmz
Node 48: luiq2bg
Node 49: 2ye02um ea2164x
Node 50: jsxl2u6
Node 51: 3uo2m7n
Node 52: 9bnlrrl
Node 53: 4w9q6b7
Node 54: 8y82xx2
Node 55: xaz0bi1
Node 56: v0ncxz5
Node 57: xxl6rr8
Node 58: bsbkcuw
Node 59: 33xog4d
Node 60: k4jmbdl
Node 61: jdt6skt
Node 62: 8yodnh1
Node 63: 26hfbnx
Node 64: t4ff3yj
Node 65: s44qn80
Node 66: k9lzd9h
Node 67: mwycjl0
Node 68: sxmgc4e
Node 69: fxk7we0
Node 70: xe5sda7
Node 71: n1f7esi
Node 72: p7cbsh5
Node 73: crgrjbk
Node 74: 33ftie3
Node 75: 6aojhdz
Node 76: ulp8uld
Node 77: iidaegn

Node 0: 9rhbkb9 ghmjks4 ixyle4u tvwnshh
Node 1:
Node 2: ofr8vrp
Node 3: iw9703g

Node 0: 08eu1pt 1nk323o 1oxuopq 2xv828q 3a5g23q 7p27v90 835nr13 8ocsy9c czmorlb dl3fwgw kxvn2ad ld1675u nyadrhi oi2vi1p otmpg72 r5ylrti rompbgt smuwa1f ss3kbn3 uxrxj4f xv4nj4c y4g0nxm z9g4z64
Node 1: 1ldjjlb df8m5xg edor08o jlpbw1j un0yz35
Node 2: 96xvrqk dw40qcf
Node 3: gngj9g8
Node 4: g67ux0m nn45tz7 t8608lp z7x5quo
Node 5: 1nrx5ot 5ilrcdd 5rao2h4 7flrhz0 8lxarpz az1gyse epzgk37 fglsw3g g44bs9k kremxa1 lmnpuld ngb8vpt rt5gl2a s7rt5wq ss4b6p1 x5tl6r3
Node 6: h58av21
Node 7: bwtrux6 jvuyw3n
Node 8: 83b4uop
Node 9: age85ih c4u6abp pu7jtq5 redj36a
Node 10: 14z1jjo 8f9ofsn
Node 11: b6immu2 zfnvcyd
Node 12: vkyg8l0
Node 13: npuoc57 zn67qpf
Node 14: 6nvsh0c 6yp9mit p38aq3e
Node 15: mgqgie5
Node 16: k0zttvx pfean4e
Node 17: 2bvw77l exxl2d9 n50wq6n uqyyp4l wdty58l
Node 18: egiqz0i xw1c03u
Node 19: wiqpvtw
Node 20: 70dqfcp
Node 21: mnxb8jl
Node 22: xkbdb8r
Node 23: 7f85s5y
Node 24: xaexeo1
Node 25: qkdriao
Node 26: 1br1759 lnft4rm
Node 27: 1e1gswa
Node 28: 5fffja7 97mayuc
Node 29: 0pagdar
Node 30: fzbljnj
Node 31: 5jg8ejt
Node 32: 8iznfb6
Node 33: 026zkoy 22tmi3b
Node 34: ut0vcrk
Node 35: c8mz0ri
Node 36: ie96pwu k8xutat
Node 37: cq2nkbg
Node 38: vjfx11f
Node 39: mad298i
Node 40: obx4247
Node 41: v56gtcs
Node 42: 2hb233z u64ia61 vd5ttue
Node 43: 5j8su77 adr71qz
Node 44: n12b92y r901avy zia6uq2
Node 45: a8scbun
Node 46: iyel4zr
Node 47: x8odfrh
Node 48: lohia2i
Node 49:
Node 50: jp3imwr ookrgka
Node 51: 89s5eqb
Node 52: m77b1ce
Node 53: fw1z77q
Node 54: hcvt66q

Node 0: 8z2z1nv lkgpm0w
Node 1: 97j3zd1 j2u9isq qmg8ybz
Node 2: bcdcmj9 cqh5606 d09575v ldnvg1w
Node 3: 5x803v6
Node 4: i2zs2qa
Node 5: uvz1nmh
Node 6: axfws4p
Node 7:
Node 8: sncb453
Node 9:
Node 10: 6pcrutn
Node 11: ge93vho
Node 12: vbf8v5t
Node 13: hchxdat lbs0ja8 zm12r16
Node 14:

Node 0: 1e6sjh3
Node 1: 54ogl7c 71b5dfl 9mjis37 b16v0x0 cf77v8s enf7vdx gyh7glq odsf19f zz1mov4
Node 2: 4euqqyq 9p6iilh p0zkzd4 psslnok qjqq30d ulvhw6p xiw7zlj znlctgw
Node 3: 1ibbv8o 3vryceh 7c29pfi cead76z dhhdosk dtn0u5i ghhj4uj i3growo m28az25 m65b92e xuafvug
Node 4: mowlyy6
Node 5: 2gs4k0o
Node 6: 2nqj7b6 f8ynjs1 s5n7x22
Node 7: y45pqw7
Node 8: 7i3iodh hcxhy88 xykbl2k
Node 9: 20xvgy7 2hisd1b 3i6eeah 9f7t2ek ex1c829 hw29zs6 m1eg08l
Node 10: 91oq6km e82hd0j nj58dwn
Node 11: pypmi79
Node 12: 2cihej8 r0vywcr
Node 13: kz9795r tzmpcad
Node 14: c0gkd2x
Node 15: gsi4nm3
Node 16: b3gqmxs
Node 17: 1r2fgax m7o7nj1 xm9f2sz
Node 18: 0n50l6y
Node 19: m2vghhy
Node 20: xr4p3j4
Node 21: bt1lvpx uq17qrh
Node 22: g8ka7ep
Node 23: qi73wiz
Node 24: xvsqje7
Node 25: lzc9gv0
Node 26: hfrmn9e
Node 27: dxjhev1
Node 28: ts0uu0u
Node 29: byfst85
Node 30: 3rpewyb
Node 31: 3sln169
Node 32: r9pqurl
Node 33: x9c7bbu

Node 0: 3hw8fzi 9x28s6c gfh68r1 tkbbi1y
Node 1:
Node 2: cbjsmho
Node 3: jha9qe7
Node 4: phoa2y3
Node 5: p1k5bqp p9xl4fp smlloj7
Node 6: gqngow9 xaruw3p
Node 7: 45n3eb1
Node 8: mix9wn7
Node 9: 48fc3et

Node 0: 3g0lwt7 5crbtoy 5ke55sj cr99rcw fyr4a8f krht5mj slrgm7x vgdi08d
Node 1: c76g3eb nbnls9u
Node 2:

Node 0: k8ek2yo qqa3aet
Node 1: kdkobg7
Node 2: aizedw7 gl46g7a gyzjnlf nl35ypb
Node 3: 2tsrbqg 40wqe3g 4i7pc7u 5o9goxn 69rspgg 6nwo2tq 78joo1s 7maayf5 e8ldsrb edwm532 eqo9fom f4pvwlk f5thsmh g37edz8 gps2r1g kzp09vb lbc6biw tfgikdf tifio1p
Node 4: 9k1s7gc
Node 5: 16uvx8p
Node 6: 2phnybj 3pmo1pi
Node 7: khd8hbb pbmho9z ycg2exa z1oueuo
Node 8: 8tif3ga oi8ce85
Node 9: yhga4vi
Node 10: jw0fiiw
Node 11: b0vhugr
Node 12: o2n9y53
Node 13: 3u37co9
Node 14: njsvj06
Node 15: 4rdjisp
Node 16: 62sy46x m98iitt
Node 17: lzf5sg6 ug8qyye
Node 18: mu6v6w6
Node 19: jpacgmm
Node 20: v2x9bq1 v9kr0c9
Node 21: h3tyyzv
Node 22: 2uv8qw4
Node 23: g27wfcj
Node 24: ns11u7v
Node 25: 15dvx5g
Node 26: tsiqgnn
Node 27: a9kg604

Node 0: 8ua2mbo
Node 1: eox90cc
Node 2: 3xrudwb 8gsuzpv fwy9vha hr37we7 quf08pt uhpdimu ydgbtwv
Node 3: fw6h4bm lhopjw7 mbdr6zy
Node 4: 2qmufyc 42yc2wp 7cuwatn kwofp7w sn1k64a yy384zm
Node 5: 84vgvw1 8fgyn7q afuxz60 dyot634 vyzilhf
Node 6: 9cn3wr2 d5g2kha
Node 7: 2imq86s a4uc48l
Node 8: cxrqzou r8c8sa2
Node 9: uephtaw
Node 10: 9t1z3o4 vxs3is0
Node 11: nsu38eb
Node 12: ow6prgb
Node 13: j343wex kf5q60c
Node 14: fc7g888
Node 15: 7q0y8nw 962y3s5 q4ufw8d
Node 16: l4pdpx5
Node 17: fq4vmr8
Node 18: g3bvxsf
Node 19: 26rntbk 2po3ua6
Node 20: oy8u6fj
Node 21: fr1y1xy
Node 22: ttqk8o3 z7cjn88
Node 23: ot6xq6r
Node 24: 4c2nbdq
Node 25: yv4fpji
Node 26: o8oulnw
Node 27: it2f3ax pltpjxw
Node 28: op2uc93
Node 29: ddrcymx
Node 30: yc00wf1 ywts4nc
Node 31: gkwyhr5
Node 32: bedxpm0
Node 33: 27li70d itw76m4 o45eln2
Node 34: 22j8km9
Node 35: krj0hnk
Node 36: k8tyqok
Node 37: jhqkdip
Node 38: iztmn6v
Node 39: ez9olot
Node 40: uywxiwb

Node 0: nkdkx4n pfqd5q0
Node 1: cf0zmgq gzawu80
Node 2: 4tq3i62 8edpw5e iw8gjuk pzubiwx
Node 3: uga8qh6
Node 4: 7lr15tg
Node 5: 3d3i04e a4nc6oq i8sd6jp oay656q ou3d29b qzn89f0 sshty4t t914jv8 v6gwd23 ww9nhix yj7fgxz yzcz4it zu60qm3
Node 6: s3ncw37
Node 7: 0ihi8lh
Node 8: 3y0c7rd
Node 9: 69ip9n5 asd76lg gg11kw6 k8xeqrb kretdb4 kw8paaf
Node 10: dd9fpy8
Node 11: adge14i dwkgk2q fhxn6ou gf60qdc pck770p
Node 12: en07ksl njiepqu oc7aktt ua6utmd vormrfk
Node 13: 2muqz4r ont1r1t pybwmlg vdznjo9 xe032r6
Node 14: e931xp4 ex8mzgf ludw2lg
Node 15: aq574ga knqyrha mcz26zs
Node 16: l6czblw
Node 17: 7984ahn ptivz95
Node 18: 0ev0g4b c38twi3 oxv8go6 u7chjjw uqdkgi5
Node 19: k6jmh09 nlhuaze rtn6pbm
Node 20: qpfmffa
Node 21: pjd6wk2
Node 22: qgs5bh8
Node 23: 3unnoyp
Node 24: kltnr50 sj4ngo4
Node 25: 0qg83m0
Node 26: 7ld2ixd
Node 27: 7dp3b5m lgp82m2 m89ogyq vor8126
Node 28: 94v3pwa
Node 29: pzajy56
Node 30: 80htbwn
Node 31: 6q8bqxx
Node 32: 02jkkww iye8nx4
Node 33: g17qhcc ln68puz
Node 34: 7q0wdfv erbecpo
Node 35: i9fmwxn
Node 36: mr4hgnm zg5s1d1
Node 37: 8a0rmha
Node 38: q23rrxc
Node 39: x757pnw
Node 40: bhjvx4l
Node 41: fzlmxln
Node 42: trlb6ri
Node 43: w38yaah
Node 44: u6nabau
Node 45: yk5019l
Node 46: 5yke5k2
Node 47: 0ldlzhg
Node 48: qlgvy6y yq72sgv
Node 49: gxc6vtz
Node 50: ngueq24
Node 51: 2h6yfjq 58i3bmi
Node 52: 654i6u2
Node 53: 3ej7io2
Node 54: 88fty30
Node 55: qm7mebd
Node 56: sqw2ecd
Node 57: 74lc2lo
Node 58: 6zzessw
Node 59: 8xzagab

Node 0: 3lk5p8w 66toy4t f6fvxs8 f766p5d fhhczth gtpedmt j1q89du j28a1gx jzlmy5y obwu0wk
Node 1: 13pstam 2mzewd5 apdrxms hvhe00d xl4vhux
Node 2: h9o6z9i
Node 3: edo68c1 fb63zdv jmq422z kpiclj5 l2weyph ojex8wa s6jztcm
Node 4: acve5mo y5l2dfr
Node 5: 58tzcmi
Node 6: 10p9wwl
Node 7: 0xp0vne 1r0ayzn 3wjgrqr 5c7g097 a3c160q an3157r b14we8g balfozo c900951 dfk1bm0 j4o9hu4 o9gbqr8 qi7dmav qv6ddw6 r9lsjpw
Node 8: r5sdxrc
Node 9: cp9t0r3 roygfxg wb0g4fa
Node 10: 9xm2pcf
Node 11: 1e7m6x4
Node 12: ktsxpok
Node 13: nymnm3t
Node 14: 4905u0m 8vpkjd1
Node 15: 7d0nszx
Node 16: 3h7ahsi ka87n4r r7r70ou
Node 17: 39hc0xq
Node 18: z4lwzfu
Node 19: fd3nj1q
Node 20: tqj147s
Node 21: 8jvyd3o
Node 22: tsehqek
Node 23: e4ncr8f h0myd4i nb4aq65
Node 24: rsdiujk
Node 25: 4qzfxjt
Node 26: am8dwgm y55c9ff
Node 27: 2zzvsay cxvin8o n5336u8
Node 28: aizr1b0
Node 29: 3zrfykm
Node 30: 390uxs9 ljqyw55 sw313zh
Node 31: 229bcq0
Node 32: qk2n4hi
Node 33: f1pixm4
Node 34: oihpwzg
Node 35: f0xcro2 s83r9qb
Node 36: mew9at2 z6oghvx
Node 37: qq2vfl2
Node 38: 3cih4nn j5l07et
Node 39: whwyc6n
Node 40: 36wu5bn rg4w0c8
Node 41: 2200xd3 ouywbtt v1ae6ur
Node 42: 1ytuosy
Node 43: jmukenc
Node 44: 355r4cx
Node 45: ok5bpy6
Node 46: mpysl7k
Node 47: nkazmgw
Node 48: 4e5x1ft
Node 49: qlv38jz
Node 50: ij6ajw9
Node 51: 5wxu3na
Node 52: vlq3ujl
Node 53: cephlrs

Node 0: 0w5kp3c 7inm59v c49f43a japfj94 jktbk9h q2mrek0 rh46f8o ygn05t4
Node 1: fmm7lpb
Node 2: 6s2gfwv noixnse ox54ebt v1m8tyd wgizv1m
Node 3: 2w799eg
Node 4: 0szpcbq u2thj56
Node 5: t17qen1
Node 6: okkbfgg
Node 7: djmcgpm
Node 8: 325kqol e5bt70d
Node 9: qsrzeiz
Node 10: 6uiojxh

Node 0: q6l4zhx
Node 1: 8y5g8h8 adhd9o5 anorxdb gnyo78i hlai6kk ibkcmb4 kj7kp5o
Node 2: 2oat7qx 2pnqars 59logiq 6evh4qq 6puvoqs 75v7ict dfexo8n ftlenit g9zpkzj k2ne33j mt9mvme n1s0dt0 oynxg9d y97pzu1 yfb627v
Node 3: 2ihv69z 4cdoc9e fjfnz1x skbh8r8 ysb1s99
Node 4: d2u72mk
Node 5: 53vzaud 6ob1t6r fjoadbx q5tnmkf
Node 6: k7e71qz kqx0mwi
Node 7: vhxphxe
Node 8: k8158ex
Node 9: cpgxw5p i1hv8ad pj1rdn9 u555gfz
Node 10: nqswfnp
Node 11: dkwxk1p
Node 12: 4yjlrtg dpw340p ted1t0d
Node 13: 5vq40b6
Node 14: d9uqx0w h6oulb9 keb9mdf
Node 15: 0n4f95x
Node 16: hirc7st
Node 17: ga833nh
Node 18: f36dzr5
Node 19: 6ycbgoa z3ydo6z
Node 20: gdng1bp jlzxgl1
Node 21: h7pzjpa
Node 22: psvdkgx
Node 23: h132zxf
Node 24: 4wnxb3r snawp9f voj420k
Node 25: 4n7t6q5
Node 26: ccg0te6
Node 27: dihpcyl ottn0us
Node 28: kcwzkyv
Node 29: dze0q7h

Node 0: brfi12a y2t8fun
Node 1: dh7wyet k415h6u
Node 2: 1p9oi4v 2pofjgb mk5ks6z rohmkr2
Node 3: e5svnt6 tcyzm8n uoxzl1l
Node 4: pvyea99
Node 5: hwrnt6v nzt0ft9
Node 6: 6ygan90
Node 7: 50lum1d ey1r6ct lip0fc3 m18ykup
Node 8: 3zbmau4 v55re3j yd18eta
Node 9: 0vvw91a 3523382 rsidzzi
Node 10: 0unu0ra 4okkh8p b5zb5rp
Node 11: 513xpbn j6b30xf yi1a6f2
Node 12: wsdjys4
Node 13: 4ux8nah
Node 14: 97rw8zk ly4ks44
Node 15: v8t5pri
Node 16: f6ll7pr ffec7m2 iv2h53w mgo0d8j nczmilz
Node 17: bcjr69l
Node 18: d58nc6v
Node 19: co998gb ozu4fpy t0j39lm
Node 20: vduiqrh zcqqb0m
Node 21: 57f7hn2
Node 22: 8banbv0
Node 23: 6xh2n3j c76z6wm
Node 24: pv7zgxj
Node 25: x97ou5w
Node 26: gzi32g8
Node 27: qana8pz
Node 28: ssngmdi
Node 29: frmjul1
Node 30: rgd151g
Node 31: 4wv5t85 md9mld5
Node 32: q9q6k5y
Node 33: thgwxbg
Node 34: 420h62b
Node 35: 8q757fn

Node 0: 9hgtbwl i5o0iuf kxkdrmp
Node 1: 895eybn do5kd2u iakrfd0
Node 2: 30ql8qk 7mlu0xj txuql6g
Node 3: 6dis821 kz4vgdq ukr2098
Node 4: li5vmjq
Node 5: 8g9lmpo yq7rnmn
Node 6: 143sjqj 68sr6p4 6m7oq41 73bvvbt 9jn0bc1 ayz303b es7t7d9 g04qirm gj6itdq i4yfj0x isc3nse nfu17m1 oqcli1j r7cw7ws
Node 7: 6pkryx5 gda4k8k r5nehyc s3fqmyq vclxehk
Node 8: uk573n0 x9686xg
Node 9: 48vi9qi l6zf1bq w7p48tq
Node 10: zqw9e7a
Node 11: xar8hby
Node 12: 7bmb7en 7r85jk5 9e0elol i319wwf ioh8mmu otsuphl p4zwr7w sr2hui4 vj81j47
Node 13: 4r3o5if aw80szm w90d54i zqh7u97
Node 14: q641023
Node 15: 5iea6dy
Node 16: 3epo937 sk6h7n0
Node 17: 856w0t0
Node 18: rsiqdrt
Node 19: bhh363i
Node 20: 4b43zx9
Node 21: q14m55e
Node 22: u6cu1mr
Node 23: w2u8j9n
Node 24: j7kddq4
Node 25: eie711o
Node 26: aoc2esl
Node 27: aq5rjam
Node 28: p5lz6ud
Node 29: 9ujh30m
Node 30: hld6rk9
Node 31: wkcfsiy
Node 32: kd8mfp8
Node 33: w8gtzmy
Node 34: y2b7x94
Node 35: z9e45wp

Node 0: sus3pzr vsk35ch
Node 1: gb6x61p
Node 2: jka3i05 roqah0t zw8su67
Node 3: dg8rwq4 f0eywzr jgrvyc2 o6n6v51 r2hz8u1 wf4r6vx za1ry6b
Node 4: eq0pazr
Node 5: 5zyzh5n
Node 6: 0gfnqvh f5ftnio hqn3l5e
Node 7: z9zcdnz
Node 8: 40d5idf oh6jpg8
Node 9: 7mng38y
Node 10: k33oq29
Node 11: izsgtm5
Node 12: 33wkl90
Node 13: ac8y1zm lxsyyc9 zyqanvs
Node 14:

Node 0: 40a6irt 5qok7l8 q92bkip
Node 1: di5racb gurexxs
Node 2: gpd8c59 qhcthi4
Node 3: wttlpvk xgkjwlt
Node 4: cdqfd4x fnueitm onau0em
Node 5: dd7y9vg
Node 6: x1li2gy
Node 7: rnmhljd xio8men
Node 8: f2e2pzp z7jbde6
Node 9: 1ex71f8 p5t3bho tz7mzsm yl8xd6q
Node 10: k6n7ka6 lvqmbmc n51gdes tzy0uq5 wuunbgq
Node 11: 8bq4nrh 9f9exyz mca4sne
Node 12: 7wmck00 beahlbt bwobrfo fzm607u i8aj5n6 j5jnoil rjhln8k spm8ga9 yy8q2cl
Node 13: ybhe3je
Node 14: 7e8as8v x3g5x92 x7jjz44
Node 15: 2kiapt8
Node 16: mbjloos
Node 17: kp5h3ga
Node 18: odd54le
Node 19: a6n4g2b
Node 20: 4e3hrmx 8zczups fnurhda
Node 21: ukiwizv
Node 22: xj0ey7i
Node 23: ddivqqi xwjj2d5
Node 24: 27ggyfc
Node 25: yjew433
Node 26: tigo182
Node 27:
Node 28: 0jejfen sxutcdx y4n558v
Node 29: nv0u3dp
Node 30:
Node 31:
Node 32: 7d43nld wjiyd99 yy020z1
Node 33: 2a7zjt1 j8oxfsk
Node 34: hawmmks
Node 35: 6dtrvny wyurfpa
Node 36: r1irsf8
Node 37: ybomif5
Node 38: e6icr78
Node 39: 53wokin lkdl91a
Node 40: uz00xgd vt5yrzk
Node 41: gdh4l8b

Node 0: jem6nns
Node 1: whz5mok
Node 2: dxouvoi r9wgteg v026myb
Node 3: vis2zzt
Node 4: o3bpzg9
Node 5: 6wg1ta1 h7wgzda kcoaoco pulq5g7
Node 6: 5umkpha
Node 7: er3q9zq hud30zw kmufvls
Node 8: l5fv2qt qulf1dd txksa7e ym9alg0
Node 9: 57l6lxi
Node 10: 24m2mho mhsp8uf
Node 11: pb9t5tp txccaj3
Node 12: m799l2w
Node 13: 90u75rc
Node 14: 8hyugoi
Node 15: vfum6ph
Node 16: 5x36wao 84t2lbv zibw1xv
Node 17: 299juey
Node 18: aqs497h e7a7se7 jdbbq11
Node 19: 8b8bwgo
Node 20: k8b7dlx
Node 21: 1ns57dm 5x5kts9
Node 22: 65lln7i
Node 23: hfw3by7
Node 24: mzv4cdx
Node 25: g7963jn
Node 26: 9nfhsmk
