Node 0: 0hxhfhd 1ffs947 1y50s4w 59sznjz 5tydn8a 932b4ui c8rczyk h3at38m hp659yk j0updpt qkeays3 r54qzmx rjipoi2 ynb01e9
Node 1: lexr2fb ytl7kxm zsq3ve9
Node 2: 6fbeh1q
Node 3: nzxdkcj
Node 4: aebciqh
Node 5: j1y3iju yvno5x6
Node 6: 25zf5kw nsj7yl0
Node 7: ofv1m75
Node 8: sholugz ya24dx9
Node 9: k3vsc3p
Node 10: bqn553e
Node 11: njud6f7
Node 12: 0ikp4xr 7nudhkz
Node 13: kxmwx87
Node 14: 2c8gzs8 6nqbpwk
Node 15: snu2dsb
Node 16:
Node 17: srqvfsu
Node 18: u2i8bk5
Node 19: 5apubg1
Node 20: jfoo8cb

Node 0: 0tkv1su 6nv3dp3 b0v1ayo mmij44e
Node 1: eqwx6hj jfkrpmt m8yn8fd
Node 2: a2jq9xq pg9f6g0 plv72gj
Node 3: fhi2cmx
Node 4: dzkhj38
Node 5: atjnrjz
Node 6: 495fy5x
Node 7: d5ntgdc
Node 8: 5sjhae4
Node 9: 90my79v

Node 0: 79uktw4 8hgvzwd t1i1yph zuilnm0
Node 1: 7gjfcxr t04r0u4
Node 2: 0ieejk6 a4vx6pl bqye6dk oc4um7g qsr38xu rz26pwm
Node 3: 3ac3xup 8qeo00o
Node 4: ygy897v
Node 5: 846uqjc plshutm u4kfe3k
Node 6: g1nqh4p
Node 7: 70c2gi2 8asv6r6 a1tt54o ou2dwa6 sqcmaen
Node 8: 6sikzrw m91l9zy vd2swb5
Node 9: svau2wg
Node 10: pbfhecj
Node 11: 5y5gkki
Node 12: kaihhpz ohc03no ryevnbg s4m2r7c trcdqfq
Node 13: 9yv5oru ilq5fdz p50tdkf
Node 14: 3hd0hfp 458lwyl he1oau7 kkbp1vs
Node 15: jtevzt2
Node 16: d8x01m9 px253x9
Node 17: z9ad5dc
Node 18: gjb4ay1
Node 19: 7syjcwj 9ttyslj arslax2
Node 20: uhvag6g
Node 21: egvwgix
Node 22: 1tgu92j
Node 23: dqkn0my goovz15 nyxu2og
Node 24: a0rxqhi
Node 25: 4eai00u k1m308u urhsmjj
Node 26: 8uuv3fh ld9rxhk
Node 27: glqawdx
Node 28: 9pntg98
Node 29: m95xzdv rx96hen spvjtr4
Node 30: j85kob3
Node 31: xwf357o
Node 32: 5j3xo0p
Node 33: az9ml2d
Node 34: gr1iozn
Node 35: cbckqw8
Node 36: fve2w9x
Node 37: 216ubak
Node 38: 5wvn19p

Node 0: 0r5n9s0 46ft4lk 6a1vbxh az0bi7u dpbr5w4 k0woc6i lw0ztdf udins0v vpdbg4w
Node 1: 8kq975i q5a8mef swxg4n9 tpqqgj1 zkwu6uv
Node 2: 1267e85
Node 3: le1mt2g
Node 4: 4u9ajws 6tvd9u8 9hw2cie aq060ry bjlt0ia chmq4te dpqckq5 ds6txu7 eyhe0zs g7o1a3w rsh243h ubpwali zxyt1ka
Node 5: etiue0o
Node 6: h6ft6md
Node 7: fuebpwr
Node 8: 2cukrt6 9m9blzx
Node 9: 0xno92x qd4e3ax ymtpzp7
Node 10: jisf1w1 q0yucgd
Node 11: 7h4ljze csg2clx
Node 12: 42vjfxp a6yz91o fcv6hzk j027vtz mlypp98 onh00oj
Node 13: oozr9qy xlsf8b3
Node 14: 376glhe 7q226dh
Node 15: 1vpc5nh qhmjskh
Node 16: qzp4wmu xk0ym6b
Node 17: jbo7yvl
Node 18: gn056p5
Node 19: e8hcvig
Node 20: o6mbrk1
Node 21: i62nhtb
Node 22: gzc3xlg t5ti298
Node 23: ruo7x46
Node 24: f5xcg5o
Node 25: 62qrw1v
Node 26: zt80v6l
Node 27: eteut3u tyd4ru7
Node 28: 936u8o9 kubi432
Node 29: utp90vo uuhdxnx
Node 30: zf2kw40
Node 31: 1hxhgg8 50agz2p ba957sp
Node 32: idbly7k qjfsqly
Node 33: 6lgcr5x
Node 34: 14s5083
Node 35: 0o0exoy
Node 36: d2pr579
Node 37: 37p402p
Node 38: 3xhcwug
Node 39: fj6lngr
Node 40: gzt2que he4jw2c
Node 41: gk3grff

Node 0: a4588l5 nlklumf
Node 1: 0t6l4bh 16mv8sq 2zfys1r 367dyow 44xaigu 5hidihn 671uq76 a8aun7k bvuk2z8 k9wiocz kysvm24 lrviltp ommt5h3 opabsm2 qhxveza vvn5pov
Node 2: apbddl3 syw4vic
Node 3: aacbty0 eapw40e kmog3sa nmctc7c oypyda1 udyskfs
Node 4: 207wk05
Node 5: 2zghd0e jdo9w83
Node 6: q3mtqbd
Node 7: ok843iu v6kszsb
Node 8: 0m6cz2n s95wk5p
Node 9: t0d5qal vub4j3v
Node 10: 87rnr1i dt6mqie eq710sd p3kkv91 syjfwsu vb7m2l9
Node 11: q097272
Node 12: 5asxjvn d13n8e3 unjfp0y wqg2m23
Node 13: 8njxe9j
Node 14: 0ov1htl dkr6kct in0lnej lmzow46
Node 15: hlbn9na
Node 16: 5p6nx4h pmm9mh5
Node 17: lengoqx
Node 18: 06m7qqv
Node 19: 65zfrsc ypft3xs
Node 20: qfiw8i9 r50xw3a
Node 21: e2gt8wl
Node 22: v0jd1z2
Node 23: 32mkb8m vtzdjdi
Node 24: g31nzuc nss1f5c qff3soc
Node 25: 1tdo9gq x37f1rb
Node 26: 64j69eg
Node 27: 2190gvu oqawme5
Node 28: kwo072y
Node 29: z4o3cvj
Node 30: euym264 w0rieei
Node 31: 30mizo0 i0vcfav
Node 32: cpbfhmf d2zqzi0 vpi0sbl
Node 33: 86strkg upt0qer
Node 34: w7i5i2h
Node 35: a3f3dk8
Node 36: d5p8k10
Node 37: sr2owqn
Node 38: eaj30g1
Node 39: zvj2d4r
Node 40: a8bafad
Node 41: ynr1aj4
Node 42: lsskrvg rgrk8fr
Node 43: 3eyfmpw
Node 44: adme0xs
Node 45: gkrg9g0
Node 46: 196a0iz
Node 47: ukxgf72
Node 48: oi0fb3z
Node 49: 672xd4w vpiuoqa
Node 50: qhzacox
Node 51: 6mpb94b
Node 52: yucd33l
Node 53: 11ulvyh
Node 54: lm372x4

Node 0: o2lw2e9
Node 1: vb4n06f
Node 2: zw4ahy3
Node 3: t1jkhp4
Node 4: 02t6w56
Node 5: qfwiix2
Node 6: 7772fvn n0101jj r37sal0
Node 7: l13r0tp
Node 8: dzmuypb w7l0dc5
Node 9: 3tj4857
Node 10: t9fesbm
Node 11: 8ip9p7e
Node 12: ajxegau nl8kdwb
Node 13:
Node 14: 48gktpy
Node 15: zuxt9ar
Node 16: ifm0o0u ns1z1kl o4bnw8i
Node 17: 20dorxq hn76iuz
Node 18: 2hvxh4t 4uje2y8
Node 19: 0vyfrji
Node 20: uaeeaw1
Node 21: 3ol20qb
Node 22: 7775bzh 8uu8ow4 s3r9fxj
Node 23: 6i9gs84
Node 24: nk0fuv5 wzwe5vn ytes15h
Node 25: vpd5xka zf6k58z
Node 26: 6fo9j3y so84mqu
Node 27:
Node 28: 6w6bvak
Node 29: uxa0jlc
Node 30: kgmshi3
Node 31: aquy63s pd2b541
Node 32: ysaz66y
Node 33: j2bs3qz
Node 34: 4d8kw0p
Node 35: cq8t4v9
Node 36: j52i5rq
Node 37: b0idgrk
Node 38: 0ahnbly c9iu3ll ra420eh
Node 39: m6sw9bu
Node 40: 0588b9s
Node 41: ocz0x7h
Node 42: m7rtap3 srfm4pf
Node 43: jfg9rlf
Node 44: begv4tt
Node 45: 6f5t5rc
Node 46: i273ian
Node 47: dohru9r ll1gs3i
Node 48: psz708a
Node 49: fb16y8d
Node 50: o0poiji
Node 51: 7z9rsqv
Node 52: 5uwry46

Node 0: k1kxzic zzjhb8r
Node 1: 0tnkxvm 25bs67c qsvdsf5 t2h31ty vk77ujh
Node 2: 8dvw737 gfve1ez l7wp1sy
Node 3: 12dhnbb
Node 4: gw4ijvx hnccv45 i3kqq0j okhslrn
Node 5: 5ldzr1n 909hhqv ewhm2es y7fxobn
Node 6: 0smgv8z 71go0zl 8cs5nqb fvzbagy lllsnf3 uu6d4km vo68lgb
Node 7: uplz6il
Node 8: 079wm4e 0ow1w0w 1mqcrf7 1teu8u6 2zh43rw 3q7fol6 axdk95f ko6x88n peji8jv pr17mc0 r39zj2b ytnj8b1 znnzq68
Node 9: 2r46fsu
Node 10: cmxzzai
Node 11: k4x55e5
Node 12: 82dlwmu viihk3c
Node 13: n74q42t
Node 14: vd8hh3q
Node 15: 5mr6bls 74rp794 8ylnf8s 931ajhl 9x9zbfc dhdolk9 setx2uz
Node 16: qjfzjx5
Node 17: nr71bgh
Node 18: cbtd7s3
Node 19: 28fn4sr dde9xfq h79nujw n5n4vdh s8vkomq
Node 20: 0jlesc2
Node 21: n29xjfh
Node 22: n5jysba
Node 23: kmc98jp
Node 24: tu20dcx x6ym2jx
Node 25: 0u237ag 6muwjfj
Node 26: tnayv7l
Node 27: 6tquo8l ajg6q79 tpmts0r
Node 28: jcla7iu
Node 29: 312hrho
Node 30: 0220wzs
Node 31: rbwbdkw
Node 32: ya1nco9
Node 33: db5v6c0 yrx1iri
Node 34: 5ldjgx7 f3qqbky
Node 35: rj1v7jr
Node 36: uqvscz0
Node 37: 3z0z64u
Node 38: stsryxb
Node 39: o5tccfe uvj36ic x5u94an
Node 40: 8wawiku
Node 41: yngjrq6
Node 42: d036zw1 p4gtndk qo9dodt yd4p86d
Node 43: yac6rnj
Node 44: ci7vevs
Node 45: rfhoj2z
Node 46: ered4et
Node 47: zjeaiin
Node 48: s7aeqmd
Node 49: 1aahh26
Node 50: 92c6qw6
Node 51: iiejvfm
Node 52: t598frx

Node 0: 4yae0r7
Node 1: ker8ieu szimlg4 v4rcty2
Node 2: inma8o9 kxbpy15 o91t363 y4sd6ih yop5jb6
Node 3: 1uk2yyh bnbib6v uybbmn6
Node 4: pvp1dvc
Node 5: 4nj71kj 8d6nuxk 8wfzbxq hpjqu24 rj660ci teftpqj y346o1l
Node 6: 3uayclf in12nfz
Node 7: 19ssxwq 4c06z1k gmkkmeg q7toftt q9vmjk9
Node 8: 38vik7d 6l7hjc3 bzookmq fykl8um o85iod0 pigz90d x9kqa1c
Node 9: 6ar03bc 6vagcxx
Node 10: 4ic4103 a26lcg4 awj9cxv dpmkbm9 jabm1at jnjz9iv k33fffs mkmatqy nj900yg qquw4po vcjwpyt vkirqej wquum34
Node 11: xuikben z5zdvw9 zh9nds5
Node 12: y7ls8ck
Node 13: rubdgjj
Node 14: 0g18d8c 6ecp5kn hnj1lpf
Node 15: c53v2pq ghb6e3d jmtl8jd yg8jzj6
Node 16: 9ezb1mj tj8ub2z u5pgve9
Node 17: 7hv8uvn 8xjjw85
Node 18: 0o8q9ov 8rg2ak3
Node 19: 3yjgnh9 u4pvgpu
Node 20: d97li8n
Node 21: ivs8v3h
Node 22: j7dsnc9
Node 23: chqw3u1 xcmxxi2
Node 24: eresjj0 qcvhdg9 wwx993s
Node 25: e7c0sds ur3ajly
Node 26: 9yev9y8 f31ddo5 me0tnwh uwum9fu xrqxas1
Node 27: toxp519
Node 28: wdklwgt
Node 29: ilnurro zn5axcs
Node 30: b2fpi91
Node 31: c4flgwn
Node 32: 3gbe1iv
Node 33: ym94w7q
Node 34: rnumo4i
Node 35: upedhwp
Node 36: tbs4j1b
Node 37: 0slco6a im326wo lalhaea
Node 38: 699dmqe
Node 39: y5t4rlh
Node 40: 3q2mb2y kwxsag7
Node 41: omrqsgy
Node 42: tcjq4al xon0m5y
Node 43: pacirtc u1o1tb5
Node 44: 9zt0jb6 txsz453
Node 45: jwcktug
Node 46: lw4yapu
Node 47: 3gqutct x8r1qrv
Node 48: ham7mkx
Node 49: 328qu6m
Node 50: 1h9g4yu
Node 51: 390dvqp
Node 52: eyv39xw
Node 53: lphqzeq
Node 54: xyx3kos
Node 55: gamij0f
Node 56: 10ecdcu utwaw6y
Node 57: cmu2fbu
Node 58: 38a9ljt 9y4dh71
Node 59: xdiiet7
Node 60: 9r89uno
Node 61: p8qa53w
Node 62: 7wwsl4i
Node 63: 5mcwztc cdfv158 imv6ofz
Node 64: xwonnl7
Node 65: pqoajtp
Node 66: wzk7ife
Node 67: xcklqxc
Node 68: brwhntx
Node 69: cn1wwea
Node 70: o4syqk0
Node 71: a994dfm
Node 72: 5747eep
Node 73: ipkzhzq
Node 74: smh4y4j
Node 75: mt14k4u
Node 76: tvsl8ce
Node 77: hrergxq
Node 78: 41fhnjk

Node 0: 54qjzxu 8u9vzqs a236b00 ap83doj nzg8rkf psdjpio rve1w3b scl4zq9
Node 1: lsf78wx
Node 2: tore7j6
Node 3: 192acfc
Node 4: 6r8pvzj
Node 5: p33xxlo
Node 6: q2vggfl
Node 7: toggyqg

Node 0: map6sym vgy8lmd
Node 1: e11wuou
Node 2: q9i0t8v
Node 3: 5rh0u3g 7cqk39u dk84nl2 dx5j3ur l1p37my yxypdra
Node 4: m8pw8vj vj1t27n
Node 5: pel536k u8a9gcu
Node 6: gxs4o99 zdzysug
Node 7: 0ettjca f8ybsbd tuugf7x
Node 8: 8rl8wab bw0zl1d e8944q6 mn04tuk
Node 9: mitd9vf wjxtwcr
Node 10: 7satury rkc8x5j sbwpbvi vc73qtg
Node 11: anqig7n
Node 12: qup1b3c
Node 13: sua9sg0
Node 14: foej22z lhpypcu vxc2hgs
Node 15: kumivhu
Node 16: p45ifm4
Node 17: qqyc19j vxcf4kc
Node 18: q5jowa5 weuuhgt
Node 19: 2n76h2g
Node 20: 0qa36g3 243h50j
Node 21: 85wpu3i
Node 22: 8rg5nmx
Node 23: crj4cg8
Node 24: 1ndzktn
Node 25: eg39hoc
Node 26: ag4rlll
Node 27: 8960zir 9dwoexj z1vz295
Node 28: jemkrid
Node 29: egdvegv
Node 30: p0no8fo
Node 31: 0toh8o2
Node 32: 9iffuz6
Node 33: t001hou
Node 34: 59xha9c
Node 35: h7ylrvk
Node 36: 6yxcwh5

Node 0: xdvnzxu
Node 1: 01sw56n 02mqlb1 as6lp97 duag6sp ja6nq6o u6exyb6 vmo7wpd vyj0isf y5jh8kl
Node 2: 9zhtl2r nhtzzq2
Node 3: f3q6tgx l8i8g7x vyemwem
Node 4: 3mgkuft 88y3b1g 8cv531a
Node 5: 0scjxtq gkmekr7
Node 6: dc53r79
Node 7: 0l53k5v 4q98ibx 55grgaq hob2usp ic988e3 o3nanki qeanez9 vf74v2w wl8iefx zy1svbd
Node 8: uprzzct
Node 9: pb0876y
Node 10: 0cmbbf3 7bq34ds cryeudv l5j5z4x
Node 11: 8d8rcgw hexh9mb n5993oj qs53ztt v94u578
Node 12: 51uluhg hmo5d7e ifosf7z w3ggedm z0c1x5t
Node 13: jvnfxn8
Node 14: p5gjixq tm5fdx4
Node 15: 1k4gybw
Node 16: br3ny49
Node 17: 3jvhsom wybuuct
Node 18: 14lz505 bwmt276 ggzb273
Node 19: jw7ssxb nuzsan4
Node 20: suhoiwd
Node 21: 0c09y79 1nayd1i h792p7q pg409i4
Node 22: 2ifgbgj
Node 23: ts6r8of
Node 24: g8y57mg
Node 25: lnf7y6j
Node 26: rgtlnz3
Node 27: hyh0w0d z8s86g2
Node 28: 8pen8le rf4txj3
Node 29: 76d20t3
Node 30: duvlqtl rwt139t
Node 31: n36mkxd
Node 32:
Node 33: ine4aa3
Node 34: sdyavco
Node 35: pdtkjy7
Node 36: i1u56sm
Node 37: aoubanm qfv9hhd
Node 38: lwx0viy z9iuodr
Node 39: e9w06yx h22hgqk k07pkad qdwz1kw
Node 40: rxac8uh
Node 41: e87jicb
Node 42: oz7xoj6
Node 43: o3bptob yab2r3f
Node 44: tjyaxpc
Node 45: 18ge7x7
Node 46: jn5j031
Node 47: 8yj32ss
Node 48: msehmvg
Node 49: 1qe906b
Node 50: qu74dwa
Node 51: b877i2r

Node 0: gyj0605
Node 1: ujxx36i
Node 2: 76w4w3g 9seaq7d m6uxy2o tgzqp6i w6v9b4z z3uxk2l
Node 3: dlg760c
Node 4: s73ytem
Node 5: 6rxawm5 7be5fsi sjjhc33
Node 6: 60eok8w 69q4pww djuhc7v yvplsc6 zytzrts
Node 7: d9cla1f iko6vnu
Node 8: g3xb997 g5ase5d hu705sk pgdqfc6 qsc2ifn zxhkb53
Node 9: 71h4hgn 8d926ao 9o091bg drl0ea7 jbi73zt px1ljnm w8cdzvt
Node 10: qzmv82r
Node 11: 05d0a2y w3gg2ux xjbscns
Node 12: sq8qnoy
Node 13: 1l7qypi 41hjyhx 480xjm1 8h19e0d a9ouvg1 aq9ax2u tfpu3gb ww9tht7
Node 14: bi65bl0
Node 15: 04lg4xt 7zvbvhs r0zja60
Node 16: xsbznov
Node 17: 1g8vomy
Node 18: mefpjoa
Node 19: ioa8seb
Node 20: xuo09m1 xxt3ecp
Node 21: t1hcqzz
Node 22: edz1rt5
Node 23: 1xydlg0 jbgnoxw plnh5dn
Node 24: d4absk7
Node 25: c5ws31r c8b882h
Node 26: gbup6nw
Node 27: 2exckts
Node 28: 39k073b
Node 29: 3cvnmvx
Node 30: blyiiot
Node 31: 5i0njyq rb1cp9y
Node 32: 4lknmtu 8mqkyr8 mm0yyih
Node 33: 0rv64sr 8ib7ace
Node 34: qgwbao8
Node 35: 5hiq76r
Node 36: 5fqthh5
Node 37: typjxo6
