Node 0: chgf7to
Node 1: 0nh4du2
Node 2: jv8htir
Node 3: l7tukqe
Node 4: 9r1ldbj
Node 5: 2t385pt
Node 6: 2oq28o3 48rnrwg dlv0g13 gsfahzf h8uwwqv khb7r8i zg00cvd
Node 7: 76mfq99
Node 8: cuv7a5q glwsf1k
Node 9: k9jiow7 xndjidt
Node 10: 30jw5hf 8y3v86o dym9gfr e7uza7y ged6fjv j32cinn jb9dhfi jlta5qf rv0v8dr z7qpouo z8snthw
Node 11: yk2fx00
Node 12: elic5ya
Node 13: 9mu9dn0 kpexwxj
Node 14: c1ksf1c qoro0tc
Node 15: 2zce83h 4o6dpww
Node 16: 8br3y0l wbt0hb4
Node 17: aio220f
Node 18: 059jiw4 t8lvm4o yzckslf
Node 19: sck9j83
Node 20: 5xmr56f
Node 21: 7l71u08
Node 22:
Node 23: c9w47y4 cmkmkea el17kvt kxs0053
Node 24: 7gwokpj mrm0emu
Node 25: zn60e6t
Node 26: 8osqrbg
Node 27: nxjcppw qdrczgv
Node 28: lcy9vuv

Node 0: 5sxvyfc 9gtks1p bq85bsw hag74ci mma4ozz o8y9isb okrf7sj pdmf2ow qafpsot ri1iotm
Node 1: h1pfwrj
Node 2:
Node 3: 5ac8ikl
Node 4: ih8ste7 jf4448w
Node 5: 2csd5q1 da5j0so
Node 6: rnl2p5z
Node 7: fhjaoc5
Node 8: elitqrs
Node 9: vre3oxm
Node 10: 199nms6 jpcalxa k0o7hui pn1yr0o qtdus2q qyyzezx
Node 11: eesfm7g tkvrqgm u9vk88q
Node 12: ma8r8gq
Node 13: vm8hbw4
Node 14: nrmgx3t
Node 15: 8a0ek12
Node 16: 49i7m0t
Node 17: 2p61iuq fra41hm
Node 18:

Node 0: 3o29sku 6biu8l9 a380w8g zinj2f3
Node 1:
Node 2: 7pr5iwa wuxoufu
Node 3: 2376q3v

Node 0: j6bc4b4
Node 1: 46adulp
Node 2: 0z7jee2 jr2220d
Node 3: 1175kz9 3wo8hlf ggkly4t pv4lyyv t0oj3i3
Node 4: 9cagrse qu9ampv trooak6 zioyg30
Node 5: 0cxyr4a gt103xe prk8m0v tvncaay ypurj65 zn05nn5 zn3gdmq
Node 6: 01rm2i3 1290kvv 6ufyowx 9jr217f a613gtz e1texhb ewmulaq idzpzz3 ijwos6j kw6b0f0 lcpo09b nccpcwq ogiczst raaf35l vfqsicv w1bxodu x6yful1 xvfzaf2 yqhg8ln
Node 7: ta5dlao
Node 8: 0gcss69 225soef 8c1dwu8 ctxfeus jc7q96n
Node 9: awdqomg p5lqfpp
Node 10: o0s2gpn
Node 11: y0uw0uj
Node 12: 0i9yqzf 73d0t02 z466x3t
Node 13: 2b6rlar
Node 14: 27w7uxc
Node 15: 1nxjkbu 53xy5bo 5a8m78g
Node 16: v60u3a1 yvrw8zv
Node 17: yooxjre
Node 18: bei63bh vqnqb6h
Node 19: 1re0fni k75ohd6 kqjy2a1
Node 20: o6fcjnx
Node 21: fb00enb
Node 22: 8ypg899
Node 23: kczdx9b
Node 24: 1k6ookt
Node 25: 4pmlzn1
Node 26: n190tx8
Node 27: 2qfsavr sjc5jan
Node 28: bacb45p
Node 29: etp6mta riigr6a woz1fcf
Node 30: 17lwmyt pevj3vt
Node 31: 7wjw2p7 t3s5hsm
Node 32: cuuv06e fkg5t0h
Node 33: scuwo12
Node 34: 4webky6
Node 35: mbn43ty
Node 36: gezfv54 n63z7om
Node 37: qs7vl6j
Node 38: ufpn7f7
Node 39: lrhvhnx
Node 40: gjeowxq
Node 41: 2psjxa2 gcukyjh
Node 42: vmlvvdr
Node 43: z6wpm70
Node 44: 2su73du cofedcl
Node 45: v4dfdqj
Node 46: h9mg0lt
Node 47: w97ge0g
Node 48: 9d8rfzb
Node 49: rbb08hb
Node 50: 9z6o9f7
Node 51: 7daprcq
Node 52: cddvr3z
Node 53: 6l75t29
Node 54: dw4ulgv
Node 55: mb7wd6u
Node 56: oag47jg
Node 57: 5bn1vfv
Node 58: mcs76iv
Node 59: uo334bv

Node 0: 1c03nhf cc4m55u gkjyhd0 kehiezq r7oijps s8ywpv5 tnb2wf9 tqhsc3b vfchyb6 wel3yo6 xins22e zdv5bu9
Node 1: b8izgjb
Node 2: vej2t7g
Node 3: bhceuzl kwiaz5c m92axzz mwf5bor
Node 4: 53ji6ra
Node 5: 2r7ja8d rnj3ygf
Node 6:
Node 7: s8lsrf9
Node 8: 6w7tl4b
Node 9: hvlj5kq
Node 10: 4v03s1k

Node 0: xgrnnnf
Node 1: d59vv83
Node 2: jf11p8q m5e6u32
Node 3: qlggpv0 rnsa2di vqx69au
Node 4: a0p9ncx qgp11uc wnlkjt8
Node 5: puugd90
Node 6: d9ykchv nnusb0e
Node 7: 9nkhdwp
Node 8: c9wxqjg
Node 9: 7b47ikt
Node 10: lzjpr2f
Node 11: axl8udl
Node 12: 89s6zsm
Node 13:
Node 14: n969nzq s06j13o
Node 15: n52927l
Node 16: xuepl73 zuqt3h8
Node 17: oxehku3
Node 18: xacbw6e
Node 19: 2rb9kv5 ztmdtnm
Node 20: a0e02o3 v0m3k4i
Node 21: 176460q gk3zqhq xjy0scy
Node 22: 3gx6xqo
Node 23: hs06f3t
Node 24: d9y896w
Node 25: z9t0fdq
Node 26: kjeh96p

Node 0: c55kg0p
Node 1: 7fnftpj
Node 2: 3eb78pq 3h2dmlu gl4in4e y0g2cvd zsq1na9
Node 3: bs8ei4e
Node 4: tsbx5v5
Node 5: mkoj6s9 ngt5slc vrp2qv1
Node 6: 63twcl4 pe6of5v s6hkusy wp36k6y
Node 7: 0nwv1fe 93pupy2 nokkiq0
Node 8: 79ef4lw
Node 9: 1949c7j 1fuphgu 396gg0l 907814k dkgm6ke dkzzm41 dzyja65 eyu5fdr lbbwmav ozi81ph sjrds0b whri616 y87txia
Node 10: dg6jlas
Node 11: 1zdc97n ga5q3rw
Node 12: m0rp2s6
Node 13: h2qjxoj mv4y7u9 q3j21vc
Node 14: bga0q4y fxoty90
Node 15: 5taad3j 7t4bwgj dyspmtc ipx67ac qhcpbm4 skx3wlb
Node 16: 2e1931p isl4lg0
Node 17: b2mru32 etrqr10
Node 18: 27y0mid 3vjb5mm mbfxn45
Node 19: pt0gwoj
Node 20: ax69zqd
Node 21: 6wbmoox 83vam6c nynpiqq xeaifum
Node 22: jv3bvkw
Node 23: c63g24j
Node 24: ehpzzqs
Node 25: rh295zg
Node 26: w24br7y
Node 27: mlue6w8
Node 28: 7ak1etv
Node 29: cd6n9ti
Node 30: hspgmgw
Node 31: drshfjc fhbnmss
Node 32: gcefbuh uxoukr5 wlpy281
Node 33:
Node 34: gjqiw01
Node 35: ssy0t6s
Node 36: g2h0cwn ufez5tn
Node 37: b55x45r
Node 38: q2axmp3
Node 39: fe24bka
Node 40: 0gnuc6l uuoffaj
Node 41: btx2yak
Node 42: slmci8s
Node 43: sjaem72
Node 44: 7xi447l
Node 45: cc2ksk8
Node 46: tp8niz8
Node 47: cmksgw8
Node 48: 5xiqezn
Node 49: di2tpd5
Node 50: 7ye6lqa
Node 51: 38wmzsb
Node 52: b9nrprb
Node 53: sinj1yf

Node 0: crjhbi6
Node 1: 4mvnm5z 68ijk00 8sypxxl d3brg2i dastfh0 dslueki e7huyhw ec5muhx n9s7kv7 pis4ukm v3nzaya wzqimst x612jvs
Node 2: w7lmpzk
Node 3: 2ql1x1d f5wub6t lpzzu6y o5ddh5a rvpbmfg
Node 4: roqss4k
Node 5: 5mr8n6v dwjzlxj smv11qs
Node 6: ht1ljgz
Node 7: ddda92n q679ji9 tu5m60j wdjpl24
Node 8: 0lr7um9
Node 9: tehoj0i
Node 10: h2idtex
Node 11: pipwsht
Node 12: f0ze7t6 ol0t0hi
Node 13: lui81b2
Node 14: i7ywob9
Node 15: zcrhywi
Node 16: pfjr66q
Node 17: 2lcjv6d
Node 18: mchpv2m
Node 19: ggs3nni
Node 20: 1uz6phf dgzful2
Node 21: 2tdhtrg 2ufjq1c h4jkicc kv6ug2m
Node 22: 17l5ljf
Node 23: ap6r4kw
Node 24: lkl4sot
Node 25: ofw4gzy
Node 26: evo41yh

Node 0: k6ii0u5 ky2zq5t nvvjgsy zlywrqo
Node 1: 3lpu5m6 4d2bg6y 6h039m7 7qfndsy a9nulgm affp5gu daafxoo gmbeq79 h31yrml ladswhb rapxezh vyebhft w2sz8ae
Node 2: 5jiny2a
Node 3: 7426hnz d0ecg8g
Node 4: yrytwt8
Node 5: qwruiur
Node 6: fm77g00
Node 7: 93den0e
Node 8: qdudfog
Node 9: 808e39z
Node 10: a6be1xz
Node 11: apgm7r3
Node 12: i7ocs9t ijp6g7m x0g1gfg
Node 13: 3rqwb5m
Node 14: g0nsd4d
Node 15: zhdfybp
Node 16: 1ubdikt
Node 17: etd720n ldix73o
Node 18: pfcjzcv
Node 19: kxstvxh

Node 0: f4br1x3
Node 1: xlfv99t ya1oblq
Node 2: xnalbgi
Node 3: 2tb3lpj
Node 4: 7e9chqo ewu5cc9 izffl6e
Node 5: 1a6mp7f 4minuwx
Node 6: rx9oduw
Node 7: r4h70er
Node 8: 7aboi12 8ews0ci g8cywto
Node 9: i6z2t2x
Node 10: 98z1210
Node 11: bkqey03
Node 12: xz88ys3
Node 13: 98ppv8c

Node 0: ktlygu8
Node 1: 7k7mdg0
Node 2: qztg5wk
Node 3: 68acrvu gsmy98u ht9sggr i9tduq1 kfdin7t ovvlz78
Node 4: iam64me qt8724z wxjegh1
Node 5: 4v6kjcj 71xf9yj awsejjb f3yj06h jfm1wop ld8nufr
Node 6: v1wznwo
Node 7: 0l1v08m 8lpnpmc 9rk632i aqupsm2 blxikhe bumz0i8 gjx1udc iadc5gt op761zq pmmky3h ri09k9l sqdgj6w unwmxor
Node 8: 5258tus 9f13rs2 iipbseq vk7cfcv
Node 9: 6v3wa34 d3sptd0
Node 10: w1wabcq xxd6gck
Node 11: de41zh5
Node 12: lyvhycl
Node 13: cai64pl z4awwr9
Node 14: 89s04k3 wl7sxi3
Node 15: fhauxp5
Node 16: j2w82ir
Node 17: fqz88a7 gc4w2nd
Node 18: wnbtkc8
Node 19: zru3zjr
Node 20: 5o2dmv3 61fnrx8 g2eez8c s989gkv
Node 21: 0enyvh8 n3gxync tsl5uwq y2vp86p
Node 22: 51oyxf2 cxf6pfz eop0qim
Node 23: kfo3xo2
Node 24: 1icga9a 8mmgl6e go27s8z
Node 25: dv4vghv fddy7bh
Node 26: v99lcxd
Node 27: sd52tt9
Node 28: uzeuvsx
Node 29: 48wtwhq
Node 30: caav54f elk8xht ir8lhqt xwuikih
Node 31: pejuyz9
Node 32: ociwdug
Node 33: w83caiu
Node 34: gnp8o7r
Node 35: 7ykwzmk pc7ll5b
Node 36: iiggmzj m1mztv2
Node 37: sd4gth5
Node 38: kx4y5d3
Node 39: 3czomom
Node 40: 6nnudmm
Node 41: aemdxlk
Node 42: 1uskizp
Node 43: 5bqip7e lhz7nrg wuta640
Node 44: ivu4228
Node 45: bbejt22 exme4mg
Node 46: 6bzlcct uvn98ww
Node 47: 6zbz5qx
Node 48: 1kd5vop
Node 49: 8gs7rzt
Node 50: 3t2gb6l
Node 51: g5xtffh
Node 52: 61pg8us
Node 53: 4a7w4r4
Node 54: 4xbkq7s lvb1ufl xhrywn9
Node 55: iqmsye6
Node 56: c1pwa7w
Node 57: i41gz2t
Node 58: l77f3hl
Node 59: bsxkmnx
Node 60: oeb0ka8
Node 61: 0civt2j
