Node 0: 7ykbjac sxhj9ct ti6laa7 u938tmo ujwfdk7
Node 1: 7rti5za
Node 2: 9gsqlz4
Node 3: jem8ne2 n8mifdu zp8b1su zv14s11
Node 4: uqmpze6
Node 5: apukn6p
Node 6: g79jl6f mqwuvc9
Node 7:
Node 8: d9xnte7
Node 9: mkle2ml
Node 10: yubj331
Node 11: icbo1f0 j5n22oh

Node 0: 3acvdaa idk350q
Node 1: j7s82ok
Node 2: zpztqj0
Node 3: ba4r1fi q7dhf9r
Node 4:
Node 5:

Node 0: hxkuto0
Node 1: sm0yt66 wxi3441
Node 2: 1a4wgrk ee7w0ww jayv5j6 n9x7n1h us5pdye
Node 3: 156x8hu 7mhqbo9 kipq84l mhsb4gt njf7sg7 up9ue6i ye99ooq
Node 4: 1ixrlrr lmlfni0 mkwd806
Node 5: kp2l6oh
Node 6: 2jkou8z 5drsade xniz3ic
Node 7: ip8lxd7
Node 8: epuar51
Node 9: 180u50y
Node 10: fh31cuv
Node 11: a6qxml5
Node 12: 1646f2f h7l60mq
Node 13: 4g47fps 7mdnm62 7wljpup dwpirnl n7ce8zs owjcx3j qafjwzc rl0vr7g spzsfm5 tm4r9bn
Node 14: 2cbkk1f q0cmtri
Node 15: 82ghvcd 8zksltk o3lgcbu
Node 16: bbkmvfj zkw1y3f
Node 17: vcnp7bd
Node 18: 56pgtca
Node 19: 824da9x xie122g ztmrs6g
Node 20: 8cuvswe
Node 21: 7fou2ax 7mgf1gi ewivw1k
Node 22: 51otbke ov8osfj
Node 23: ml3w1a0
Node 24: ikvaicb udne10d
Node 25: spuc24g
Node 26: 7fkqi3p
Node 27: bn5jjwz
Node 28: 1ng1u71 nql6ym0
Node 29: vxkdnaz
Node 30: lxn2okk
Node 31: a33fvc9 iaj3wdr
Node 32: 6ud83sc etl4nx3
Node 33: 33balai 814wb0h
Node 34: igb8mvd
Node 35: t0kt6u8
Node 36: u0grepf
Node 37: bp5lasq ny3sy1c
Node 38: aanjxh9
Node 39: 960ad0g g6oldke ny2zabe rc7mzmm
Node 40: l9go4q9
Node 41: t8h5h3p
Node 42: 6l56xoj csipusa
Node 43: qx4mfoe
Node 44:
Node 45: jg87w7g
Node 46: 4g8mpw5
Node 47: ow6ftk8
Node 48:
Node 49: s334h13
Node 50: 90ymcb4
Node 51: fwytxi4
Node 52: 5eb9aw9 n3p589i zattr45
Node 53: sj5vyq5
Node 54: c6jeneu y6px3sv
Node 55: dgukw9a
Node 56: fokr45q
Node 57: az98tsj

Node 0: dhjo6pb ep2ig0m
Node 1: e7u3iq6 ojmw0n4 rps48y3
Node 2: i00yp2b ntw6cfv
Node 3: pegbgjl
Node 4: ugq2rp1
Node 5: 89i951b dvujorv
Node 6: 4shwwij 8423okd ewaskxp g1zu7my ofbem5r rufr03b xcjtkdz
Node 7: nson43m
Node 8: 02hszm4
Node 9: 9beitn9 dq8tsvq
Node 10: 6ja52lg
Node 11: 2ufotmj
Node 12: 0lwvnm6 fqlzjc8 ndmtnh8
Node 13: nhfdo6v ubsnfa3
Node 14: 1kv05vc
Node 15: hm49pip iakordk lbrpzga mygqe1z
Node 16: yop7p7f
Node 17: 5wg71bi n6o8vf9
Node 18: biis43o
Node 19: trkdhuw
Node 20: 7qxqr0n
Node 21: goj397h jcm3z7e
Node 22: xvvv5ed
Node 23: 3kly2yu ybpkjxt
Node 24: 75p9hqd hq5owat mfbznjr
Node 25: 6778aw1 oc09w3v
Node 26: kunml3g
Node 27: 9iob8qe
Node 28: jc8bu3r y740ijj
Node 29: hg1bxxz
Node 30: 4879lfc hcaifl6
Node 31: nfx7ewz
Node 32: xxmglqo
Node 33: 4kvc1eo
Node 34: a1wlj6q
Node 35: pg6luqn
Node 36: 6iwrivr cimdez9
Node 37: w8zflp2
Node 38: h1c01x1
Node 39: b3g0sus
Node 40: 6ka01qk
Node 41: lzfv2hu
Node 42: pghz5f2
Node 43: 9y1jwl9
Node 44: 7gyw6v4

Node 0: iz7c34w
Node 1: ec299vr fjfpiek k1q3atf
Node 2: iqxv4g1
Node 3: ds7lr8u o8nsd3j xiwks6b
Node 4: 0d1yub0
Node 5: 2w0mct4 qso09sz
Node 6: 2udkjcz 45q64op 9df4nuv uf9egh3
Node 7: egha839
Node 8: vy4e6kq
Node 9: ce6yfo6 lgad373 vcebtsq
Node 10: e76d1lm xn7qmfh
Node 11: 4e333f4 xagdwqp
Node 12: dkojmyw
Node 13: txogym2
Node 14: k96etmd to46xeu
Node 15: dqvyeqt lvzw47w
Node 16: g5jp0tw
Node 17: mn43szh mqiuxto okyk3kp
Node 18: ynkcovn
Node 19: jq139la
Node 20: giy4hjb
Node 21: r4xnsl1
Node 22: cwzcvqs rfr6skj xz28tgl
Node 23: pk2sbpu
Node 24: ss9qz4z
Node 25: h32qlfe
Node 26: h0nnzxi
Node 27:
Node 28: qqnthzt
Node 29: 76ojcjz

Node 0: 0unz586 dup4n35 n71asbn
Node 1: a0191mf abk9ijp bjpe5iz bwfurbc p8ze5x2 r25f93z xda2ibn
Node 2: yzo688c
Node 3: bixofk0
Node 4: z92v5cf

Node 0: a2u3vqv ij9bi00
Node 1: 4gek1j3
Node 2: iaeb6xb
Node 3: xljc8ag
Node 4: 8xhglx7 w4flfag z90wd9q
Node 5: acom6d2
Node 6: ar8h73m
Node 7: i06ltgq
Node 8: 0vrbadj 3d9qyys
Node 9: leuji45
Node 10: 5v1niyy qmcm0fq
Node 11: yk2n32x
Node 12: qwa35kp skhcvh2
Node 13: 6yms3qt ig93ugf kl27p98 mplqogh
Node 14: zk1frwd
Node 15: 39u8oes
Node 16: 2wux8jb
Node 17: jqea0q7
Node 18: 4yrr300 83g97gz gxn55qc na8cvql
Node 19: 56onb5l
Node 20: oexm8nl
Node 21: g2u0bk4 ljn58t5
Node 22: w9myoex
Node 23: pwlhrho
Node 24: tyl9n72
Node 25: 9wl19cu
Node 26: 5gzf0ep
Node 27: blji7ao
Node 28: g9gji34
Node 29: 2nl2zdk
Node 30: snu678e

Node 0: 5cwbrij 94fk3u9 au7e32s lvl6s2z r6un76y wx51l0d
Node 1: 1x3q39l g0ch17z nxjbceg
Node 2: cavniv4 em1colk zwruxs7
Node 3: c58s0hm
Node 4: aynuw9q
Node 5:
Node 6: e6iv6vu
Node 7: jar6ejt
Node 8:
Node 9: 39220wa

Node 0: 1fpv3de 3rxdfk8 6z1dbze e5wa0c0 ebxdbh7 v4ieof1
Node 1: 89wiesh 9o2xfk8 txuoo82 vv9d4dk yvdfczf
Node 2: vyrserr
Node 3: lrbigta uxlhk3n
Node 4: 2tnavjv 5ih12yv mpzqtvs
Node 5: sbeu0wc
Node 6: 2yge8o8
Node 7: dc0um4a
Node 8: v2jhjtz
Node 9: 2tbwa2l
Node 10: kzxznt4
Node 11: ph5hrba thk5pr3
Node 12: duglai1
Node 13: us062ys
Node 14: 710pshr
Node 15: 5nnsbzf ckfixru
Node 16: ke4n737
Node 17: t9xwz6q
Node 18: d8da4w4
Node 19: 2jfo4pd
Node 20: rvax406

Node 0: bpc7kiq s5rea1u
Node 1: 2nx3yip 3pilkdh 5383eio 5myr0ya 66x3fjs 76smwqg 95rv1y6 974m1t3 dlodlur dtehnb5 eacubal g6shlny hakzm26 lsibhg1 o0wn4iu pab4h4o q5u6dh2 qvj5j8v s1ru5qp t2hs0be thjf09v u1m01dl uedebbh umwbl4i uz5wtmv vjwuaqc wvwzyz8
Node 2: 80qrb1m
Node 3: kho0qs1
Node 4: 70fcegr k765t9x vi12b8j
Node 5: klkuin8 qwmcfhf t09jbu5
Node 6: 0ohcx8w fvmkhdz
Node 7: ddtqdrl
Node 8: 1d0rw5d g0ipyaj pytwbxd
Node 9: zyb19g0
Node 10: 4ireg9a 9pesoku e63q4ov jsx8z65
Node 11: 4cx2c61 724cuqy f5i41iv n8kcy14 p2ibl29 s1x3njl
Node 12: 1e2kfme r2wqle6 xlzqc35
Node 13: iucl50w
Node 14: hqmd46c
Node 15: 2ubuh66 46rdror aei6q1p e5bxekd e6xqm4w xqvehxd
Node 16: mu1mtks
Node 17: a8jedfp bq2nhvv g2lnhon hd9orx4 hxjkcs0 umnk66d vy3umkf
Node 18: 6ybcoer
Node 19: 4neidp1 kbdw8u4
Node 20: o5zkpll tmjyrpv
Node 21: 8r03fe8
Node 22: g2w7do2
Node 23: 93uhaua xfq8gsy
Node 24: 797sgwi
Node 25: do0rk0n
Node 26: 0n5lmuj
Node 27: kq6wa3i
Node 28: x8epzgs
Node 29: yuu8fr7
Node 30: e0zwmf1
Node 31: 73cc4qp ki92om4
Node 32: cqv8cm7
Node 33: 6w1n0gb dzw4wss
Node 34: 1t8cbbc
Node 35: 93lvmwk
Node 36: x38zqvv
Node 37: scml4d3
Node 38: hu5sera
Node 39: s83qy2i
Node 40: xvpv323
Node 41: 8lrjwfm
Node 42: oef7lyg
Node 43: sis2jiw
Node 44: xuvi063

Node 0: 1995ryz 35orjcm 57ilkaz yqjtw2h
Node 1: 4pp5kkr ggxdrxo xp6vil6
Node 2: thzwk3t
Node 3: 5642lpp
Node 4: 3vhv0c1
Node 5: 9ljdxyw eywf8sv
Node 6: fptst4o
Node 7: fql9nfw
Node 8: nub7crp
Node 9: 233du7o
Node 10: x2em9yp
Node 11: gzhibpe
Node 12: 31lra6i
Node 13: mw5bcs6

Node 0: 1jl7cej 651xvf8
Node 1: i5usx5g
Node 2: yn8jusb
Node 3: j3y2cy6
Node 4: mwirnvk
Node 5: 6kkq8t2 hf7bocg u0pdf2n
Node 6: 0pa7e6j b9kvvvz smelmjk
Node 7: 3gwcxn7 g28hvfk l308xne
Node 8: j7mu1lw oh6dvl7 wzidl0w y3b371k
Node 9: 3iew9yi
Node 10: 3ccdbdf
Node 11: 4xp8tqw 5xf0ous
Node 12: jf9h4mx jtdfb5b seoh052
Node 13: 83xhtop
Node 14: bgweha7 mh41krs xvg8gb6
Node 15: 4n07hrx cwzy63u ryusrxu xyp4ql6
Node 16: bvw8j3d
Node 17: jbqehch
Node 18: hq7cn7z
Node 19: aptkpaw dh9jpw8
Node 20: gnqywmi
Node 21: w8tfevi
Node 22: hy31f8s
Node 23: wpbxjh9
Node 24: nl5rjgc
Node 25: cefq2qt
Node 26: dj86yhx
Node 27: 52t6169 838zpvy cpyfvmm
Node 28: sailzyv
Node 29:
Node 30: z6nowjr
Node 31: dldd0dq
Node 32: e5oflk6
Node 33: gs4u1d7
Node 34: eqk28m1
Node 35: t5qi64k
Node 36: nr0zjlh

Node 0: 0h4v7n5 57iopew 9z59pfs eyob9u9 mpmql3f phqwmmh ypeeq03
Node 1: 1kknzs5 7056sud ago7af6 bqnm5oh fwdj27i j1xe90o ome3u5b rct2z12 wqra21t zjjuitm
Node 2: 2qqy8oc
Node 3: fljpv7c swnyrlg
Node 4: 2u73xwn fjio2uc t9syxig y481qmy
Node 5: o58nqn1
Node 6: my8sg98 pvt8ash
Node 7: m65uwfo
Node 8: z3uhsfx
Node 9: y3ffbg9
Node 10: 5c22jcb
Node 11: p8b9s04
Node 12: r3bsjcu
Node 13: faqovyo qis8tkr
Node 14: chfhhs1 j2vkc81 q71x7k1
Node 15: 8gbfoni acynswt h5jpnsg
Node 16: hc72h4x
Node 17: 3wkt068 lbjgu7r
Node 18: bqsek29 ehsvii5 ggjikxc laj2xq1 puahw8u q7jhlx9 tr7i4pz
Node 19: o8vy7vz
Node 20: t2uhtmk
Node 21: c6pk7wg y44a3eo
Node 22: fknpdre v1ddnif
Node 23: pl3zax5
Node 24: 2ekdbko bcx3qa9 kqfysfk yyxg8w2
Node 25: j6ti4ch
Node 26: mnwfem1
Node 27: 90drf4h
Node 28: ikwgmia
Node 29: 9f1iv84 xs9of8z
Node 30: kx8jgwz ngvfbg0 vhpfo78
Node 31: 0jw3oob p6rrr4v
Node 32: 6fok7xt
Node 33: ypkrvdg
Node 34: gs94lml
Node 35:
Node 36: ep8nkj0
Node 37: fnq5zln
Node 38: e1vawsn
Node 39: 31quzyd dkl6sjc
Node 40: 1zc3t0b
Node 41: 9biny52
Node 42: ki7bqg0
Node 43: t2shcbj
Node 44: cm6qeto
Node 45: a0go0yc

Node 0: 0ofwe3x 302czxg 3kjx636 4gbrqtg 4pl1qpo 63tevl5 6qhksxv 8piqvby cn9cbwl d3sjk73 dhuya9x dzp74yq frgqfop gm94vq4 j0pnma0 l9zupmm n64zqr2 nckri59 odoj0ia owuubim q930mve uh3l33l wf3m93z yx8o055
Node 1: zig2o4b
Node 2: 03iqmnv 1ime44k 5mm4b4k ad1k37j l8dptfk
Node 3: 12jbt2p c44pwmm
Node 4: rtjzdao
Node 5: a2w1kc1 hqewx9u mg2ylco q7gmzc2 uds731n
Node 6: skzb6jm
Node 7: 4htsncz cuy0azu iv3cvfh j319ain o65vmsa
Node 8: at192yg
Node 9: 6kgdtjl zu7l9ks
Node 10: 3dbgium 5omgb9l nunamhr
Node 11: drty6a8 y0d3yea
Node 12: db7r9ys wxxbn5u
Node 13: 527a8x8
Node 14: o1mf29x
Node 15: 1e09azd 2pypkbr ayvxhxx i7gkhb2
Node 16: 9n36104 plyeq91
Node 17: 5a65zmb l37yby8
Node 18: jsqkgjc
Node 19: cmkzkj9 fjb7ci6 wznr1cl
Node 20: a2w6ekq
Node 21: 6dkk4yj
Node 22: qjlif7k
Node 23: v7qgw3f
Node 24: qi1caou
Node 25: cllhh5p f1c8x7d fh468a6
Node 26: 8mpr11c
Node 27: au2bcwu
Node 28: nj9p2m4
Node 29: uapbbur
Node 30: kp76foc
Node 31: l1ltvr5
Node 32: a0c7k7y
Node 33: tiaamqp
Node 34: 6vn3x0g
Node 35: m73wwa7
Node 36: 08ruka5
Node 37: niw6q3k
Node 38: r56m551

Node 0: dpqx7o4 h2wyp4i
Node 1: m6px2yq
Node 2: 2x0pgze 73xnwnl 7xig46f f620dxy lnbjw8i m2pfbb4 pdyyd2j q7xit5y qkp9o0v qr1bcqi ri0q7ou yt2figl
Node 3: io9x1gu qejjfpe
Node 4: yicj8xa
Node 5: sqlkv2a
Node 6: r2gv9n4
Node 7: 5tuxo7e hsyuzsb nqejaw0 okg2qzm
Node 8: 398mu2l 7aq563g 8qbqmv8 jujyu9w m1nv7p6 wqa14kt
Node 9: wj8w732
Node 10: h2mnlj8
Node 11: aeh3ty2 w341xlw zpedbrx
Node 12: 6aphhgs
Node 13: dc7u7mr
Node 14: duwyjrf j7hvqh8 m36nr2t q2i8bj3
Node 15: 0yy8c5y 7fr4pyf a0p70a8 maxdmhi nznpbjy pvks9l2 ycwiuie
Node 16: fcd0rna
Node 17: c3jsvaw cq1unbi fspr1xg oie9ni0
Node 18: rpybtrm
Node 19: ez8jlwb j96sml7
Node 20: jqvvds0
Node 21: 50zad8e 6lum746
Node 22: gvqesd7
Node 23: 1x3qjld
Node 24: hgd5a38 o3jcji0
Node 25: 90r9woz pr7azxq
Node 26: jiisruy
Node 27: bcyfwn6
Node 28: kkdyqy2 p2npuw3 w1qlbnr
Node 29: efcnc6o fh69msz
Node 30: dikge9l
Node 31: 26tes5m dze7jej mbanfcm
Node 32: smgd9un
Node 33: x1ucpyv
Node 34: t0x2kit
Node 35: nr2akxs nxli2q0
Node 36: 7jlbq1s wh2jaov
Node 37: 5iegh0h
Node 38: 6wh9u9l
Node 39: 4hnzi6j
Node 40: 4f08b2y 59w2d2a
Node 41: z562js7
Node 42: 9x53zui
Node 43: v9v37ls

Node 0: 2qi8wcu 2zy3zna 38ycec4 3avyyyu 5vaze2v 7i3x0bo 82ftupk 9nezbdl b9dfzoi bpnd106 epioku6 fbp0uxv g4nb0lv h3rwk4k javuzyx lp6vx9h mz732c5 pfl9lja qy72dnm re1i17x u7duk6i vtjmo7c wc3n4uj wqx3vlj
Node 1: bihl9xj usez5t7
Node 2: 2sifuup 9m5l6is i05l8t7 p1rc9wq st5w2w1
Node 3: gbvwuc4 k4wppfq mhhwokd pkk8nmu
Node 4: ag8lzqk ise4d8d j1h26hy qpg4tdp sof9kan w1dvs1a
Node 5:
Node 6: ja0x3tj
Node 7: ktopcu8
Node 8: l0aalza
Node 9: x1tssy1 xcel89z
Node 10:
Node 11: 3j5831w 7qcees9
Node 12: 0bnwtam
Node 13: n42mal7
Node 14: 44zlugq
Node 15: omttuxe
Node 16: g3x9l9x
Node 17: 1a2y93a 4byr1u5 kwmwas8
Node 18: oziljjt
Node 19: x7s4khb
Node 20: x4q6ghv
Node 21: 6ewhocj
Node 22: hjzkt3y
Node 23: llvavrq
Node 24: 145h960
Node 25: 386rb72 ss3y7u1
Node 26: 2z6lexg
Node 27: 4cd4c9o 8sipvqe
Node 28: 4dl86mz
Node 29: 787v8gs
Node 30: lupitb7
Node 31: dboyevu
Node 32: nt7zz92
Node 33: 4vgzk9i
Node 34: p2mdb9l
Node 35: dl7xl6u
Node 36: 8h84njr
Node 37: tp67xx4
Node 38: zft6s5g
Node 39: 27dpxn4
Node 40: zjng7z4

Node 0: g9nl779
Node 1: 5hpbh97 meypn0w uwov9l9
Node 2: 8m8djbm
Node 3: 8i7fbv7 hfzzis0
Node 4: 4myg9ya ai5w109 lk22j0k
Node 5: 75535b1 7arct6z cexjn98 drzzomw f9rne4s fh9qas4 fz728gp grjkjt2 han62nu jkf6b2g jm87fn5 jwmqccl ub7wd7n wpxdfc2
Node 6: 1o8cay9
Node 7: h7ugkw5 v4b06ak ws0f7bn
Node 8: a84jmv0 cr3llmv vz9g338
Node 9: 79692pp 85yfohb cmnfcta y4jn2cc
Node 10: h2zc5yu q2ho11w
Node 11: 0lnht78 2c77i63 83vt4jm f2j4c8s krkx6tr tlfaqua xebor31
Node 12: 2iyz5rj k6e7jgt ujd73zo vpsdo03
Node 13: 1j9dgom 7xqjf83 efq8tg3
Node 14: 1jccqby
Node 15: 3ywnny9
Node 16: csm6a6y d8v1fcy k6643aa
Node 17: er3826p
Node 18: 6lvl9oy 858z2b3 n15hxu5
Node 19: iqfrl1e o7jp9id
Node 20: hb9a2gd
Node 21: 907i6dc l7jxqbp
Node 22: sxd4f4l t74mvlz
Node 23: 2z94ye4
Node 24: o5i0rii
Node 25: qcwqb2k
Node 26: 6t5zf6t
Node 27: ovqsejj
Node 28: g3k81yo vysaw4k
Node 29: s17kjt9 ur4s5ej
Node 30: etpzw02
Node 31: ea952ma fccxze5
Node 32: eggyb7w g8yqh5n hk11u9m
Node 33: 6pur38l izwtzps
Node 34: ac1ewn0 bb9ixl7 lqab2qd wgqwy0z
Node 35: cipeeu8
Node 36: xxqxcku
Node 37: trhkqvv
Node 38: i8xbvqv
Node 39: 7ht0ze9
Node 40: 0451gb8 9wn4wkf lwrgjkm
Node 41: jbeu9k7 lsbw49w
Node 42: av3p3i2
Node 43: 12x3uxl
Node 44: qmai7lf
Node 45: nnkaxxl
Node 46: j4y36p9 s8ib3kf
Node 47: fiw25sp z8k2ss3
Node 48: aj5p34c und482s
Node 49: z049ryg
Node 50: b2q4n2l
Node 51: ppc2hps
Node 52: ltc0ptf
Node 53: jsmxyol
Node 54: bmft4z4
Node 55: 28ujqjc tmhq9i2
Node 56: v8cc0i1
Node 57: a8768m0
Node 58: r27liug
Node 59: l8y8en1
Node 60:
Node 61: ke3twol
Node 62: eom2tlc
Node 63: 0uxc1u2
Node 64: lhg16wy

Node 0: 4udzqtv 9c0xyfd d05edxb l5mlh7v
Node 1: 0wz7pr5 bat6bso i72wp15
Node 2: j1h7q4h r0vkxsl xremo2c
Node 3: 3tumbf2 8i6kbfb ihv7oxf rtp6bd8 wxqjj1g
Node 4: oasiu6g
Node 5: 8lhi1ty brlasln vwbbpfb
Node 6: 84mubc3
Node 7: rnb0zww
Node 8: 9vjfvg1
Node 9: btgd3jd
Node 10: 4pcvucs
Node 11: 1641dch
Node 12: 2ulmigd
Node 13: y75l04k
Node 14: j3odyg6
Node 15: 61y86jx
Node 16: 49u67e5

Node 0: 59m4wa8
Node 1: dn8b7aa
Node 2: w9vb135
Node 3: n1pgwwl
Node 4: ahdh8tk dp6apr0 fw8ad8c jbpjwxv ti6x7ba tk5if4s urmj8d7
Node 5: 0kf61vl oh860uk
Node 6: 9l2plid
Node 7: oos7wyw
Node 8: mva9ura
Node 9: 3afnj6o
Node 10: 87y7khb

Node 0: 016d5l6 fxurevk nm4r058 qbbteh0 taw2rqi znz7b5j
Node 1: 2fjz8ia
Node 2: cqed1fu
Node 3: dbbozi1 gk5rvo2
Node 4: 6s91jf1 praxgxl
Node 5: 2y2aq37 9fjyxkh lgpn449 mebeuqb qlr9o6y
Node 6: 0ack71m 0kmfn0f cp4hj7t g7w2k1z gutg7zc ieonnsl kujiamk p3bqg2v pfaut1g u16k1m7 xjxf6k3
Node 7: 4ib82w1 4yodymo cs41slu
Node 8: 1dat5da d6u3lfl jidoczy
Node 9: 693f0a0 h5ea0i0
Node 10: 3k03v2m 8xwdzfe 9ytdwwt xugwl5e
Node 11: g8jj4za
Node 12: cvviuoh fh1pptu jikuy8j sdnfcxc wflel71
Node 13: 3txpwgk 4w45npy ajgtmnm bmdj6xs hp09iu7 napp3ak
Node 14: 7xtd38n
Node 15: 7sjbljs cjzaskp
Node 16: 881i6jp col1l7f
Node 17: 1hyj2hf d7u6eox mngwsku soz0nnu
Node 18: oi10w6a
Node 19: 20n5mi1
Node 20: iih2xvp
Node 21: 5bsgsg2
Node 22: urp8am5 y4od8xo
Node 23: dvbcx3m xgb76c5
Node 24: 20rtf3b
Node 25: c7cqbsa
Node 26:
Node 27: zsssdf7
Node 28: zammzl6
Node 29: 5eotp8b
Node 30: cosqwka
Node 31: uzjuehp
Node 32: ut9dohy
Node 33: hnly6rc
Node 34: j22rpqh pskyqqs
Node 35: 4wdmy9v

Node 0: 09xcl7t 7gh1b0y b1ewlsr bs9tgew hcwbyj8 k5h2oam rlv514a vjsav4i wuoojoc
Node 1: m24wk5t
Node 2: 7mt5kzd zukqowf
Node 3: v83rv6n
Node 4: d95f045
Node 5: 8nii03f
Node 6: qrkhcp9

Node 0: 1l5ut9a a0f2b7a
Node 1: klao1kt
Node 2: a5ox4v5 hqwgist uzrqt3v
Node 3: ytk0jzq
Node 4: 17wp5c6 5tay90l 9pwowbw fqhyqml h754hdz iiicwe3 mwf0hcc pmpg655 qpjtq9o
Node 5: a5kzo7j
Node 6: 1eclhx5
Node 7: 41unm45
Node 8: jk4kwk4
Node 9: iqom7wu
Node 10: 0bv5aq7 e4wdxf3 wtq8mmq
Node 11: 1z1uasl 5c36is1 84n9kwu 92kbvj2 ag93a46 b647zrg b9yacal iunwa10 o9nt8mj v2hi1jf
Node 12: i8v78ii oudpasw
Node 13: cs3p8tv
Node 14: qi2bsux uwlslxu
Node 15: f19orvu
Node 16: 78nyakq 8mkmy5h
Node 17: xg9r0b4
Node 18: agv1q45
Node 19: oeyvogb
Node 20: 8aqz0x6 9ef5px8 oz5bsdi
Node 21: pvqifde
Node 22: 7k3ctjm
Node 23: 1xf0spg
Node 24: rx9nngf
Node 25: his449b i5lvgqr mncgxv9 qgz4jqx
Node 26: w9qi7um
Node 27: qukdrem
Node 28: fu4s8d3 l074qvc
Node 29: 4smmxi2
Node 30: 3qr0n4e glxcgwa mnxmtqz
Node 31: 2ow13jb
Node 32:
Node 33: yandb10
Node 34: jd52su7 rjef8r8
Node 35: 5z0c3mk d0mdl5g no8wwuk wx1fhn1
Node 36: sh8iui3
Node 37: zfo0gnj
Node 38: isxjdvt k7680yf
Node 39: hu8oury
Node 40: nvyztc1 pqain1f ynanb81
Node 41: vzuhbbl
Node 42: 3hfhmtx
Node 43: dby19t7 tuco3yz
Node 44: xgg3tfg
Node 45: xh4ypp8
Node 46: n1c19co
Node 47: 0u096h6
Node 48: 537cfrq
Node 49: bt8ex8f
Node 50: 7nmiok7
Node 51: mv0ey35
Node 52: smvmfyk

Node 0: 6bt1ob1 9gk44n5 pdoh6ri piztomj qd1t5wp xwoti4o
Node 1: 0ouifow 10iu78o 8hzhy6o
Node 2: 87g4q16 a1cezc7
Node 3: 22v5wsz 8pekr8r ij1vo13 uxeairb
Node 4: 3spfgnt 4n1c68l
Node 5: 10ng1id
Node 6: ok6qlp2 zrxa15y
Node 7: hc1s83w nnh03dp
Node 8: j0t49wj
Node 9: 3kpwvar 7rds7nu
Node 10: 9iuh8zx ag640u8 bh586a0 rjcmdd4 rw0kid5 z49loyz
Node 11: d4rrsuw sz7pt6y
Node 12: fqbu765
Node 13: 36syud1
Node 14: pi44x9z
Node 15: ukg5zad
Node 16: wburoyr
