Node 0: 0qyktvb 2vjzhtx 6fy49h8 dfxg5f0 hk2aa60 hkwmpjv nxkvwcc ryza5d6 sppk2wi wl1qblm wxqa9jq x8llgq7
Node 1: o2uihw9 qql1pia
Node 2: 04dlqzb
Node 3: lot1tku
Node 4: 6ktntan d6s92h4 hl7owdj l95lv3h
Node 5: lofgtu7 y07q3rr
Node 6: xsophha
Node 7: 3flcwyo 8kcnigz
Node 8: 25xmw7q i8zeff6 khalkph qbo25zm
Node 9: hiata24
Node 10: au8d6kp
Node 11: ciqin2y fv6eb2s kh6rjm6 l9yv0k5 u5j5hey zk9lel3
Node 12: b7jzviw
Node 13: 1rqksbo 7vhsvqe hzte3d7 mx6v5yo qqeu4pb tofzifk
Node 14: 9jevhck
Node 15: nz88u3d
Node 16: g8l8yph hpv8swd zko7hju
Node 17: xxc2oz2
Node 18: fi0n4yx
Node 19: aw4c8yw ibwd1iq
Node 20: 8hwrt9b
Node 21: 69aof38
Node 22: 7sjqo74 r9bvoz5
Node 23: gmu9gxq
Node 24: 1fx0wzx b4uzfhn
Node 25: i2ljbq1
Node 26: gq73fcm
Node 27: 7s1ramh
Node 28: mg8ct54
Node 29: p2zwrm2
Node 30: quzu46w
Node 31: cgqyfbt
Node 32: irg6q0a
Node 33: 3s6h9uw
Node 34: qcaxtao
Node 35: 8czpn66 gc6xkmo

Node 0: 0wr97i2 3wpdno7 3yuckw1 48fasx8 8jsucl1 baya6al cpofy8j f5ewioy hjfo2su ifb04u5 igy2nih iq50ezd j7jmlb1 k9vgc2n lbcnjsf mmqeu64 mn8ha59 oeujsfz okxd3uz qn6mi4x ucnh096 xu6y0kr yry9me3 ysq81o7 zfuxxw8
Node 1: k34cta5 nxulkn6 x9pue4z
Node 2: 29hnyfj gww9rgu lm549tq si2mhfp
Node 3: dudtt10 nzc12rc
Node 4: 6v8eq11 oumreal
Node 5: az5igim kqpt5vs oim6v7k
Node 6: iqtdty6
Node 7: 0buwezm k31rtrx mycoqa1 uuskdkw
Node 8: vlnjvt1
Node 9: wlo1trr
Node 10: tp4j7xz
Node 11: v18vog4
Node 12: lt5rztt
Node 13: 173mnw5 n6g56l4
Node 14: am4wbr3 n089iqp
Node 15: tszaifv
Node 16: 0afimpb ppjk25t
Node 17: dyor5jb
Node 18: 7t7h3gj ay3a0dz
Node 19: hiri0o3
Node 20: ewocres
Node 21: 78mrjo1
Node 22: vlsjz72 zzx2shf
Node 23: 1r7atpq bzi27rr rm3awgu rux1yad zxvsbsj
Node 24: jv1hti7
Node 25: 36qudpz o8yyn61
Node 26: j5b870o
Node 27: eppx7xb
Node 28: euuhpac
Node 29: 0s6hdnz
Node 30: ak9073s
Node 31: 40s62bt
Node 32: pyh8thw
Node 33: vejvggf
Node 34: 5jxo6hb okg2eqh
Node 35: 2mdbkc3
Node 36: q67bo5k
Node 37: g0b3ofb
Node 38: 1c4alsu
Node 39: 0ssekrq
Node 40: cihse8c
Node 41: rlh8ybh
Node 42: kxevhxr
Node 43: 20olc74
Node 44: b1p44co
Node 45: dllra4z
Node 46: 5yqekqx
Node 47: m31mx8r
Node 48:
Node 49: y05z1lz
Node 50: mmidlzv

Node 0: fs58gml hzq0ggu ucrros1 y3vv32m
Node 1: jc0bol4 yfa4qy2
Node 2: 5cus97g twansti
Node 3: c1k4zue mg0a37j
Node 4: 5c2f4wr 6kjf3t5 gvslime htwvh7z ioge7cz
Node 5: 0tf7y1o
Node 6: dzov052 xsqod56
Node 7: 1c4l9y0 tb7r7hn
Node 8: 080gipq 5vdmmeh s2v554o
Node 9: xr7i1qe
Node 10: g4e7sq8
Node 11: 6cdrjks gum86c6 pjtstcs x54mmof
Node 12: ruijzae
Node 13: ebtjwy6
Node 14: ahd55in
Node 15: swfo8nk
Node 16: 15utflx
Node 17: 574uf3f
Node 18: 0s65x19
Node 19: nm8nzgr vcjjgq7
Node 20: lj87zr1
Node 21: jiffj8r
Node 22: yqmi8rh
Node 23: a3629lk
Node 24: ge5s8zv ntmfpd1
Node 25: upwanmi
Node 26: b7nvnex
Node 27: jqtfltq
Node 28: nirduek
Node 29: jwg6cdd
Node 30: n9u39ll
Node 31: 7f8ijab
Node 32: px4mnd2
Node 33:
Node 34: 9ih1jpc
Node 35: pwsq69k
Node 36: hmhhz71 lw8a7ok
Node 37: frraefh
Node 38: bdknrt6

Node 0: 5jvclpb a7gz1xu lnpz2f9 lqgrn4j onumbpe rfjc5mu ydcvshr
Node 1: cvpqqrx wcqbk0m
Node 2: b45nc16 d6hxps0 fb0po8r hgk6un9 ngegyu0 oz2yp4s
Node 3: lc0tsre
Node 4: 0vffc0w 88rfn3x agyaj2f xp2f7oy
Node 5: 14pqqgx
Node 6: kodzeh2
Node 7: 7n658ln bqkc8rd ecuhnro zoz06mk
Node 8: 6unumi8
Node 9: a0o2w0c
Node 10: xqf506r
Node 11: 1wjpx1n
Node 12: tokwdr6
Node 13: 5fzl0nv
Node 14: pbpptac
Node 15: fv1iutf srcv2by ssf3nxv
Node 16: ohy0y33 wig621h
Node 17: ntjhvy8 zg9zwsw
Node 18: ut3svj1
Node 19: 81mdxqm 9lipf9v iilc9y5 slusbna
Node 20: 3su4ihw 6b655mc
Node 21: zdoreli
Node 22: p51g7b4
Node 23: j112r3z jp9ic2u n9x7jzy qn89ky3
Node 24: 21tet5y 25ucxgq
Node 25: 4wsja5u
Node 26: rak8ssm
Node 27: qwvj73r
Node 28: 1xhj7g8 gokj3kg
Node 29: 5n4zsr4
Node 30:
Node 31:
Node 32: 7lze2k1
Node 33:
Node 34: jf3viz2
Node 35: 5owojat
Node 36: 2forag4
Node 37: 3ckpge2
Node 38: c4qafbx i8k4t00
Node 39: 4r3sg5c
Node 40: 8cwwk0c qbgmb35 wlivju2 xf5fasm
Node 41: 24nd4d2
Node 42: h5xo2lw
Node 43: tle15a8

Node 0: d1lzu3v uvn63i4
Node 1: 1ks79mv 5a6xlww
Node 2: 9q5yfkv ole4do2
Node 3: ki2iolx v9v0chf x1wwexk z8811uw
Node 4: izs3w28 k5orjn1
Node 5: f896xjd
Node 6: achtjfo
Node 7:
Node 8: i8na3vw

Node 0: b757hrn jgupp6i sbwumrf y96h1wn
Node 1: f5gbn63
Node 2: 9k79vui
Node 3: 97m8chi

Node 0: 261lilp ekbtet1
Node 1: 01d0g5b 0vgjfj7 mizbk5g t3knzzf wahac6i yjtr2ua
Node 2: d0xljsa wn6j15t
Node 3: 2akd69v 2ms7vq9 42r34gw 4mbcyut 4poacc8 7igbnkm g7ua6lo hx7de1w oyw8jkp r7r3dvr u93jilc
Node 4: 4dpi07r kdcn0iz nphn3q6
Node 5: q8n0wyn
Node 6: ia5jttu
Node 7: h6ur848 hkki2d2 ml0r1fo q3ckngw totdbfx uto0tex ux9wbx0 wro80ua
Node 8: 1xlqtuy d2bna60 gmk9yxc ndkz6g5 nkrx4at vn1448o wstnal5
Node 9: tltf1p4
Node 10: 9vncdch kf4ogd8
Node 11: ms49g2f
Node 12: 1twtilm rfp6fn0
Node 13: qwfneie srls0x1
Node 14: wfj26qo
Node 15: 94u7bia xxy95x7
Node 16: 42n02je
Node 17: e5w58vz
Node 18: qph4axi
Node 19: y9z4hf3
Node 20: 7q6tvrd 9mwugw7 g9xyw3x k4tumog n3lwbu0 pbbe9jq umevecb
Node 21: mf7vvrh
Node 22: y0gr600
Node 23: 8yjvfqf aoevzjb p6qam41
Node 24: kjjn92f
Node 25: ggz9jtb
Node 26: 6r7logo
Node 27: dg3s811
Node 28: 1fjgsuk
Node 29: 5imk2vd edgma6k
Node 30: i3j8oq0
Node 31: 2431kdy 4pwx00g zak1ikk
Node 32: balr46n jw8lvdf
Node 33: v377kez
Node 34: fz62rdo
Node 35: 05i62x2
Node 36: 58wp6z5
Node 37: fya7rfo
Node 38: 6bxor7x ksmo7wp p988zbe pz3e0yx
Node 39: cy05qx2 pewlvqo r65umkw
Node 40: d9l0rfk fzzigmb
Node 41: yjkfh5c
Node 42: g5saud6 vc7gv56
Node 43: gd5tpfk
Node 44: 9axd655
Node 45: sayh8dg
Node 46: ghbto81
Node 47: ws4cgs4
Node 48: dvga8df lj9qdce mdtohuy
Node 49: ezwakv7
Node 50: hbdlia7 jbxphbn
Node 51: xv0uj78
Node 52: m3ygpf5
Node 53: 49an8zv frdnuz7 rzbu7kn wb7ap5v
Node 54: e15ywlx
Node 55: ra03k4s
Node 56: fsa3jw9
Node 57: xwnkbbf
Node 58: pgiqqgp
Node 59: r6jgcwd
Node 60: kvpd6qg
Node 61: 64u4g46 fbukkea
Node 62: f884c1x
Node 63: 0jblp06
Node 64: wpbfazi
Node 65: opgq9wi
Node 66: ihr3365

Node 0: 14c4lsh 19t4wbr 22u9z9k a5r86wu a8li1at it6w342 j581fio jmp6vvt kw7nqt0 r3gh5vg r5pgfhm rnd802r
Node 1: 0ecbpu0 4z15oym 8b986q4 ah3yh8e gi5qszt l266rkc w0t500p z4srnc2
Node 2: 45lasf7 amexovy
Node 3: bjot26f
Node 4: 8enj2qm r46nean
Node 5: 1e3vnr3
Node 6: 4vpd9ff 6fti16y j2xlgq8
Node 7: oq508ed
Node 8: f65g5oc iexuzaf
Node 9: pc43dap
Node 10: ilwxicj jixaaq3
Node 11: 2h3cu20 els19tk
Node 12: v7r55zk
Node 13: uzp5bdw
Node 14: yoqckgk
Node 15: 5sg0zf1 kb4obko
Node 16: qcf3hq6
Node 17: oehl2fl

Node 0: 19ho5fg 3usvtu2 5bn9j93 8e85b31 dqaec3v eavb9aw hbhun6t kgj3pr0 kyt2a17 mtjytex vntrjby zxerp39
Node 1: y58qdas
Node 2: 8wcotee
Node 3: u8vakmo
Node 4: u0dy2hy xb7jrsn
Node 5: cxfplr1
Node 6: hg6qo3r
Node 7: bvp813j
Node 8: ncgn15h

Node 0: g0p8mpx r853ujc sgttgsh z9bvkim
Node 1: 0dl0x8i 3oqkbc2 flpn4zj n92j8la pwwgrsm rmcz8ae
Node 2: 9h7307j equ4g5w grm4mlm n18pogg zcj14qm
Node 3: 5oz2ono 621n5j7
Node 4: qmt6777
Node 5: 2d1g5q4 nbgzmrm
Node 6: 1g7eku4 h3j4nox
Node 7: epxfhih hd53vts rh32x92
Node 8: 3twta2m jws3bhx ozudh8m
Node 9: 3jaq0zw
Node 10: nkxrbpq yzf6xmy
Node 11: k2o7ulf
Node 12: um7sqsw
Node 13: 56si636
Node 14: l7hykdk
Node 15: 2fib632 8qvh6iw a76k7pa de1aopx jk1lywl zgqkih9
Node 16: d7qqt1c
Node 17: 00zp4df
Node 18: 4ccep14 50zw5du btup37q
Node 19: zcknw77
Node 20: 6fhgeyr
Node 21: omg8vhx
Node 22: wg4w5ax
Node 23: bislekr
Node 24: 5bmdreh
Node 25: bnhkxbs
Node 26: ji7x01p
Node 27: kcufdtk
Node 28: xfzpe6c
Node 29: d0eu36m kz17b7p q6ydo7f
Node 30: 4xawfgo t79anlo
Node 31: 1dgiul9 uwv01qc
Node 32: 3sxxw35 702tmm7
Node 33: kmkj8zu
Node 34: 2by6t2k
Node 35: bhnjnmh
Node 36: nypfi0x
Node 37: ry7jz0j
Node 38: n3sjm5y
Node 39: laecbbg
Node 40: 7nerrkm
Node 41: 9ucwjrq
Node 42: 8kie7ie
Node 43: 4o2ffyk
Node 44: nidyese

Node 0: 2sisa6g eg2zeom izt9r90 oabv145 tidwv72 v8ia6og
Node 1: w5sd6dz
Node 2: 96c5nh2 f8tuigw zzhiggx
Node 3: 6dlu3hn i3jc18n yavv9ea
Node 4: pew6vmo
Node 5: 8g1ap1b wovmcai
Node 6: hqqo1mg
Node 7: 188mzb4 imob6xa w74mxl7
Node 8: ie5kmht
Node 9: 75skbkc
Node 10: n9gp4rx r56agmk xrymge4
Node 11: 8s27dvx ba2ignu lf45i9l
Node 12: t2nzife
Node 13: avwltv2
Node 14: y5a0g81
Node 15: muhze3n
Node 16: ir1103m
Node 17: g3k8sp8
Node 18: ifiyv7v
Node 19: hpyrsbh
Node 20: vkbuure
Node 21: ks2x349
Node 22: truppsr
Node 23: c5wicqc
Node 24: aipb3us
Node 25: wrn2li7

Node 0: cskb43j m4gz1z5
Node 1: 2azwdsi ijmgzuw
Node 2: 747kmht 92t2lqs h9hy5qg l374afm nn5duwq zq5xqsz
Node 3: 19ixpa5 1uchgdg irp8xaf nh34a66 pnhy1vl
Node 4: i1b06c3 prpyff5
Node 5: oucx8qq u6oo9tt
Node 6: n8tke6i
Node 7: bva6wxb itmse97 s8hu90g ti87m2e
Node 8: k4835rp
Node 9: hz3slxk
Node 10: f8b7agq
Node 11: kb8zek0
Node 12: 5yd4aei vzpg17l
Node 13: atw8cyr
Node 14: 4ylarmk r4fu2dk
Node 15: 2zbn5ca
Node 16: tjz7113
Node 17: fdwt5x9
Node 18: 9qkrer6
Node 19: jjhx3ih
Node 20: krh0hgw
Node 21: j1zeyr7
Node 22: b66z859
Node 23: 4ozszaf
Node 24: m6lmo5s
Node 25: 4auhnwl
Node 26: 9ascw8l
Node 27: cz3vit2
Node 28: rrxnudy
Node 29: zuooejt
Node 30: i2v3hdr
Node 31: 3unm4aj
Node 32: 4wf8926
Node 33: 86rt823

Node 0: 5y6x5h6 c5rcrl8 jmtwaob l1lvci5 srqtbqz t0zzm0g yadgt1z
Node 1: 47rfgh4 6edwoqx dca82f0 f69hfl0 jzbcqcd jzdiuyy p78k6yt pp5yh3o rcksval tq672hi ulx14uc xkp9psp
Node 2: 0siv9dw bd9r7qr bpbwm15
Node 3: ua0t312 ynneq8q
Node 4: f8fdjd9 jvsgy94
Node 5: 20umx0p
Node 6: 5pvdrpf
Node 7: csojpmf okz7w1y vkt2j2y
Node 8: 16vtcjm p3ih3rl
Node 9: 1lzd0ie
Node 10: ghrhcs9 opoojlg
Node 11: yvwp0e5
Node 12: 1d3oifx
Node 13: 6qfwfw0 s4glbzg
Node 14: fwi1m3p
Node 15: 4ur5ma4
Node 16: 4ignlot
Node 17: 4rykswz 7u4zdqk ra60lud uxiwxmb
Node 18: ooe1qg5
Node 19: znjggrw
Node 20: he5th0f
Node 21: 6804vr3 wi40ilr
Node 22: zuecr20
Node 23: 6jhkoxo
Node 24: 3p28yoo
Node 25: f88eeiv gv8xmfw yv4y8aw
Node 26: q6g1d6u r2pa836
Node 27: 3pr5185
Node 28: ihyd88d
Node 29: ujju8g1
Node 30: q67778t
Node 31: rxhlek5
Node 32: vtk70wx
Node 33: zkxm7m9
Node 34: 6ownq8n
Node 35: lw93c1n
Node 36: gg68g6e

Node 0: e2wlifh n9wmhl7
Node 1: 1ve9h55
Node 2: kv37arm ykx54cf
Node 3: sicvr81
Node 4: 1moja7k
Node 5: 32ljqsi 3hlrrbt 50oqx0h 7lufam9 9fy7w23 g3il1t0 gzpksxq p2a4raj v3nj09x
Node 6: mvmhmqu
Node 7: 31m48hc
Node 8: bqc46zm mshfc38 rzpwvzv whww5kr
Node 9: atlcror m02nlr6 ptmxqdh
Node 10: fc47jpm
Node 11: 762yfgy
Node 12: elptmg6
Node 13: us98xbu
Node 14: cpiupqb
Node 15: wcfozf6
Node 16: b44zkbs
Node 17: kfgh4sx

Node 0: 4aolk1p 887a2ha d1mbqd1 gw2jqxm qi2ue0d
Node 1: 2e3gu08
Node 2: 79u1hik cfbbawd l0cpu3s ljniqdc n3x944e tt2gxeo ztre0zy zv9iwbl
Node 3: 1s7i2dn 5f2rcj1 8nkk3n4 an3x0zl etmjox3 fstkwbe mc01c6y mzp3m46 qhedlpl udl7g2o uuzba3i vqcyxr1 vttdvut
Node 4: 4xx94f1 5jpps1t 824sm74 9u6gzy0 anyz6hp e81rk0w f0c8ki8 gfe2wm8 lhc0kgj ni3byia ufak41h z4nwnn4 zfytujs
Node 5: uzwj8fe xcyd73v
Node 6: 3fmb9z3
Node 7: nc4xugr
Node 8: j9m9hu9 ur7xk95
Node 9: 8gusgi5 jjirpc9
Node 10: g99l9th xx36fmo
Node 11: 3yditw1
Node 12: nre70ky
Node 13: 4v4orub
Node 14: at3m6jk gqikzj0 riqlktg vr87zcz
Node 15: wo6rdeq
Node 16: flaa7dv zitb7kr
Node 17: 67zkqkn
Node 18: rgidt1v
Node 19: hglqf9v
Node 20: trkknq0
Node 21: 2731vhz
Node 22: u3kn5qc
Node 23: s6hqlxe
Node 24: i37s9u3
Node 25: mvqda9k
Node 26: 9v6l80l rho5rj2
Node 27: 0y7ardk
Node 28: nhes4mp
Node 29: 2mnoirx
Node 30: 3swmmek mu8gyt8
Node 31:
Node 32: 3psgn43
Node 33: pbqdxjr
Node 34: ce7yuec
Node 35: oikke6r
Node 36: fph3tbz
