Node 0: eoam4pj
Node 1: 0bbsnok 0ucteao 3q8uhcq rzupmz7
Node 2: 17lkb0q o4bo33z y2smfhi
Node 3: z5vw75d
Node 4: iyy45nk mmmh2ba um1e229
Node 5: 3itn5zu bjlv0dr
Node 6: ygyd9lj
Node 7: nmtatpw
Node 8: kt9zjui xr7bc55
Node 9: 2fchtw0 8ipd1gp
Node 10: 67uc8lb yhrc16f

Node 0: smys0vf t1rl417
Node 1: 3qtl4vm bcs9k7e c1hz139 tv75yfr ymlif7n zmvgndc
Node 2: 80pff7l
Node 3: 8ca42mu
Node 4: e641lfk i5j1iep nwobd5n
Node 5: 2g5c0xu hl227z2
Node 6: 6m4bzhw 8jfu4pf eelt37c ntfbg7z omkkgmm
Node 7: 87651u1 v2l279s
Node 8: 8e8q3zh
Node 9: fnhccms
Node 10: py17wdq
Node 11: ourh8n3
Node 12: 4nmvrkf
Node 13: dc40j55 f95d2mu
Node 14: ui42goo
Node 15: pscbknr vzeu2a1
Node 16: ktwhnde
Node 17: eewvj0t
Node 18: 5vb3ock
Node 19: pj6nfd0
Node 20: pizfjrm
Node 21: qeuz2l0
Node 22: egjea5b
Node 23: vhtjh3l

Node 0: n7qrfc9
Node 1: 4oihm2c c1yoqn0 cdtyc62 kr8050u mlvl5pg n28kpl4 sqiyru5
Node 2: 2mofz1c flqhka5 jdjfc8y
Node 3: 6vsmyqg bbx7n7y esh4e9v mehrzfr r61mlhh
Node 4: 0e2psql
Node 5: quge51u
Node 6: 9hae17h
Node 7: bdh5cph ruumy7h x93atjn
Node 8: 3o6c6ww
Node 9: 49m24vi c892ogt ctsu2bn tjr6vk1 vvgwhd8 w48bznx
Node 10: eg7buq4 okmqnav qerzvwb sxqqmrv v4zt8c2
Node 11: 76dh9u3 8ey1h9u sil611f
Node 12: 0nnqzo9 1oguczu juvkp7o qmklydx rpqy05r t1gbg14
Node 13: t7j0hl5 v9e9gxw
Node 14: zfhrig8
Node 15: dynn2lq
Node 16: 3aq0rj3
Node 17: 06bdpjy 0n0oo0q 3esoy11 6pyi5nb 8rsujyd b2ta5hz ddghyai i9dbs3m z8rchjm
Node 18: 8e7lvnx
Node 19: qe9fvbs
Node 20: zv1pglg
Node 21: 8yi2j1e atwthgz
Node 22: 3hp2rtv 82o07y3 v51urs5
Node 23: 9yqd3iq fs5v72s
Node 24: mlqed3e
Node 25: xnky6xr
Node 26: oek3rf0
Node 27: 5gmissh 8emojmr 9dtje0e ccamt9y k0riqaj olvfjaa
Node 28: w4gc10e
Node 29: jfjeydy
Node 30: uy24sy3
Node 31: fu4ho8m h5xkzi3 oieisrw
Node 32: o40g1qf
Node 33: kmxl1w2
Node 34: f7g3lzx
Node 35: nhlsgxq
Node 36: zl7q2ks
Node 37: ftk389l
Node 38: xi7fwb3
Node 39: 0gk4jjy 0vnd8mq
Node 40: okdbx2w
Node 41: km6mlx5
Node 42: p872bg2
Node 43: sih8wwv
Node 44: g4dyyfk
Node 45: 4y9i344
Node 46: 7ulr62e
Node 47: dh6r51w
Node 48: heqhwkx
Node 49: ti8kh5w
Node 50: ngtzbyv

Node 0: iod533l
Node 1: f49m1vv igyqzsb kox5mri umutbql y2y29up zi48jpo
Node 2: 6i8jws7 991lqyq abzhocb ht7ayif l4ugal0 mc5037n ozebm19 st22v1g y6dp3s4
Node 3: 1ftg80n jlqqy14 llazisa
Node 4: 2yfgz8z 8chtyvw d5rrmcn rafmr5x
Node 5: 3agnedk md92cn1 t3sudcs
Node 6: zkx6uwa
Node 7: f937s11 fv7qhs6 qou86u6
Node 8: er4n7lj jcuma7r mw5xi5w
Node 9: rvyj4kx
Node 10: j16pf1p
Node 11: m63ju9v pci7oyu xn7t3ro
Node 12: ve8y2nc ywaurbs
Node 13: 4zuywdp kpywwuv
Node 14: rrso39l
Node 15: ikrzpjt okigow3 okqbqb9
Node 16: 2rfz6jk oe3wo27
Node 17: 4l186xo nrg6mwe zr07e9e
Node 18: n8xoxgm
Node 19: 2du1iyl h3fd4rn j6svmow syhognf
Node 20: asog0nu g33hys2
Node 21: 8tec4ao
Node 22: hg9gdqz
Node 23: j43r2bk
Node 24: ribyazd
Node 25: 8t95014 alwp49d
Node 26: fsp24kq
Node 27: epd0y9e
Node 28: pgqg8j8
Node 29: vt0dbo6
Node 30: ew1hzw7
Node 31: 58tfdmu
Node 32: 26d5ck6
Node 33: 2bc6abo
Node 34: lrmof7d
Node 35: ewlpt20 n5bgw5a nhe39z7
Node 36: y61ynox
Node 37: fhf5wns
Node 38: oma2xc2
Node 39: 25ut6gv
Node 40: ywecqce
Node 41: zzlakwi
Node 42: lvpmoyh
Node 43: tlagfea
Node 44: 5vh98hj vus56gk
Node 45: aptjj6o
Node 46: hmhoeth
Node 47: ub8vwi5
Node 48: xv0efjx
Node 49: ooj3xc3
Node 50: mpg43q0
Node 51: 6wssror
Node 52: 71a8vde
Node 53: 070dtet
Node 54: j0911t5
Node 55: 6fklbtu

Node 0: 9z0keur o3h7biv
Node 1: hncf240
Node 2: 3nw9ref 7pvh0nr 96k3h24 gcfd8or
Node 3: 987c6i4
Node 4:

Node 0: 0kyh5kv gtop2s0 gy52eeo k5i532m l2wq75v p292v41 p8h35l8 rsalhpm wgjm87a x5olwmt xevj0q4
Node 1: 2nkju6v phq565z zlu60er
Node 2: hp4hkof qlggt9k
Node 3: 4gcn2uy 7e47dvl k0fqcme pv6crwo s8g38uk
Node 4: 9tsi1df non3in5
Node 5: 66l4ve1 grkahig svgzj0l
Node 6: 6bikpqj
Node 7: i7cyx01 u0h0u7t
Node 8: 7y47i13
Node 9: q08o56s
Node 10: iflyjxg
Node 11: yqqgi5a
Node 12: tgapsn8
Node 13: gj02ksc
Node 14:
Node 15: b75dvwc

Node 0: dwju2hf l4u5gni
Node 1: it62e8d zux3u48
Node 2: 1up3w50 fc5a442 ivi7984 judriba k6wb36m keoxx5r mwvlejw
Node 3: rftf00e
Node 4: a7fhymv f7l4eh5 iz5gymj rm5z9r8
Node 5: 48rk6mw j05flh5
Node 6: 62nl216
Node 7: 0wcjvps 6ch99sz anoppc9 lx8agu8
Node 8: 4ormuy0
Node 9: cofky6q k75k022
Node 10: 4vwjc8c b4vyt1c eb8n6lr hqjlx5f jnjm3vn kmqzj0d tirl0kp x7nk6j8
Node 11: o80re8n
Node 12: hd36xxw v2gonnp
Node 13: 5vhnyqi fpp0pao
Node 14: yh1tjg6
Node 15: 05m74cs 51iossg 6hudzci 8e9pw1t sodopp1
Node 16: 99ds8rf p1qycqp
Node 17: 4ld1ryb
Node 18: eh0l0di
Node 19: 0u2q3n7 j4kuvcd omb3nep u2fr85o
Node 20: q1bri9t
Node 21: 30nqxmu 8bqrwmr r1ncf1k rbu74n6 yykxxg7
Node 22: ks48t26 pjk5lvv
Node 23: 4rxh18k 4zxgkd2 91k19cv e1l7sjr vkpkufg
Node 24: p11wng5
Node 25: 5v9xyyb
Node 26: cu0iiyb
Node 27: o4fu1j6
Node 28: hsnnpw2
Node 29: 2j7jepn 8qdi3w0 rbbt6zl vzcwkde
Node 30: 5h5ey4s 959jsj3
Node 31: lxqq1im
Node 32: 00r0533 zxt1ixh
Node 33: syuzen0 t4cyvsn
Node 34: tiush4e
Node 35: uo9wf0n
Node 36: 9pwf3fg ym3jjlx
Node 37: omrn1aj
Node 38:
Node 39:
Node 40: 6ygsxr6 vec3skm xah4k65
Node 41:
Node 42:

Node 0: 58xvhqw wa4dmnv yq3rc0h
Node 1: 2o6qr22 4emi0hq 4ztpnnk 689iuf4 fx2fkg5 oytzs0x qg2mbb2 srszhgm
Node 2: qjwjzp4
Node 3: 1k4or10
Node 4: b41rq5w
Node 5: a44ywly ntiii30 z2fi0rw
Node 6: 29f82jq
Node 7: jbihjbc
Node 8: 0kejos7 1o4s61x 7sg5ae2 l6gom7l ma6guom
Node 9: wcsqahm
Node 10: nez6bik
Node 11: ma064a6
Node 12: fkvp5tl
Node 13: 1v2prue
Node 14: x85fkxp
Node 15: dc4eeuc
Node 16: 2de6vzc l6kabn4
Node 17: bthr4tb
Node 18: 3aos1ss
Node 19: tbtf5t3
Node 20: ejdmb84
Node 21: xruuj36
Node 22: 1ceme0a p2c2pz9
Node 23: 3v840yb
Node 24: 4pkck4s
Node 25: jfijjh6
Node 26: kl8gsp3

Node 0: mswc6an
Node 1: 1qllt4k 4h4rvrs 5oo5jok 9o0fvn5 b4e1rig cf84xjk cpx90vh jdjxbek keeh8x1 kl9e91s kt79uod p2gt3mk phjtgvb po8ejq6 qtancz9 svo71bb vfa3ns1 zdqk0bk
Node 2: 13a8mix 4un03in e7ghs6y qiair1d
Node 3: y4gmw44
Node 4: 0yoeun4 vh0pas6
Node 5: 2wyfa3z j104mok kr4onty
Node 6: 6gp1qza kk8ox46 oh7aem6 q6ws16p s87zfsv sv0jvbx zx5f9vl
Node 7: 2hqvwpt 6h0n6ym hbtlfeh scul8uq tappja3 y2dfymc
Node 8: kzr6a5o
Node 9: 1vi6pgc qwqdn2q sc3h0t6 sjlb6ib sppw9qc wyq2gqu
Node 10: 0ileoi5 3jzdflq 3pkmfse 8ab7lj2 yib89s8
Node 11: 6arob32
Node 12: b2ne88g f95in4e
Node 13: 3lqp56w 9q68pkb
Node 14: ajeqgu4 qc560v7 sgk648w y0mxsk5
Node 15: 0ik734d 7wvpuds if9e60d
Node 16: zubuq7y
Node 17: 7k5qf2l
Node 18: imogccb p0im3cf
Node 19: dflt5yu f867t6x ku7woru
Node 20: dmngbfj
Node 21: 8tmfk3m xbdxwx9
Node 22: 1h5y3h4
Node 23: foiiaid kpnzi05 wfq4ela
Node 24: 1qjm6e2
Node 25: cpil2xv
Node 26: 1yq2l23 d6isnyy ety7cv7 v3mp7hy
Node 27: 1qrqkj4
Node 28: ellwgx7 npcm0wj
Node 29: 59ljr1k kgk45y8
Node 30: dsfb05m
Node 31: 9ftfy4g ews4752 hrmee0s
Node 32: kkepd5b mg9ml6j
Node 33: 86hl36f
Node 34: uyumtzj
Node 35: azlevwf y3izhaz
Node 36: hg9ab9i ok537ud wmw8a5u
Node 37: tmjzwwp
Node 38: 2bimwgg
Node 39: 37uu05y f6uhed0
Node 40: k42x4po sjinp9f
Node 41: i70h7lz
Node 42: nzclngu
Node 43:
Node 44: x3rfbq4
Node 45: olfy6ow
Node 46: 4mlqyra x107brv
Node 47:
Node 48: bvu60gk
Node 49: 1yvg3da
Node 50: o9v7xc7
Node 51: gmfeylb
Node 52: 08ohzro 90wdx0r j098rhs
Node 53: rweb6as
Node 54: qj6zg4l
Node 55: h2pfot7
Node 56: i0hfm72
Node 57: k72r7o7
Node 58: vf2aywa
Node 59: o9ssk2z
Node 60: 3tjtd1b

Node 0: 0ktjqhl 98qyu9j a6fi4kz ji0k75o oe4tvg1 qwzvt8e
Node 1: 204syzv s6q2nm8 v2saz6w vplgo9b
Node 2: 29gd0k5 dc5zpiy qgwzzqk wls4pln z5dfsev
Node 3: deywrya h9eav3j wrri4lj
Node 4: ipb83o6 w9ioy0b xg6oik7
Node 5: o07r65n y07sbmy
Node 6: 9mvnxj9 apspskm mbp3edy y0tcxh7
Node 7: 44c7a41 dtdpgt3 hcqibeh yofe41r
Node 8: 4izomg0 4vijjrm
Node 9: zxp6ryx
Node 10: 1z42371
Node 11: 12b1fuc 248limm 8nyzo5l aysyi3x bbei9fs o10fcej w6wyz2z
Node 12: 457ftyr
Node 13: 7jq0fxj
Node 14: 39gw67h
Node 15: 2sndxwf
Node 16: 12rwp4a
Node 17: kuhw62f
Node 18: 2jmzhyv
Node 19: zzaz9qk
Node 20: xlqb20z
Node 21: by6ac5z
Node 22: x9ilxbr
Node 23: dicx3oi
Node 24: icszpq9 mldpuq6 rmq130x rw1oxvh
Node 25: 154ce3q 7wpahul 85bo2hd fu7dpsj n1odb55
Node 26: vo95j61
Node 27: sqbk2c9
Node 28: d5j3zx8
Node 29: 66new0d
Node 30: qypuc76 waso38d
Node 31: fvyed5x
Node 32: oy2ho9q
Node 33: ldu3fai
Node 34: wy2qoru
Node 35: 2jn5oct
Node 36: dztaxu5 qjsvn9n
Node 37: pxng3xr
Node 38: y3n0eqx
Node 39: ula44b6 v4fh9sn
Node 40: nr9ehvn
Node 41: 1tjc1vo
Node 42: ql0ocxm
Node 43: oqurbyd tqtmoec
Node 44: o57upjy
Node 45: t556cly
Node 46: m4ck41j
Node 47: le1mwn7
Node 48: 8n475m6
Node 49: 3wfe5wn

Node 0: 66qmkcv 6dcqpd4 76rkmzc dxgnkuv e8pmdap eqg8rxj jue4yyd nac3skf pvd2j89 qubbl85 tfnk2yq xtj1rem
Node 1: edfyidn gmh0eod
Node 2: 1872ow1 o80bc5h
Node 3: 1mlazmi 2vd9wzt 8bpma8n xxdzien
Node 4: msurvk5
Node 5: kcr6nen lryu86g
Node 6: 4yg6if9 ap7qgzi ff39io2 rcfjgsj
Node 7: jjkic8m
Node 8: 5hbtacp 65dg1b6 airbu29 anz3fp9 b3ilewj
Node 9: 8twer26 jqim1t8 m2dtax0 s6qxqi2
Node 10: bimx48d
Node 11: 4wr3awb b8vg6qh tn6qk3s
Node 12: 1mw0wdw 31zh46m t6ndqyr
Node 13: qc1oduj zq06ur9
Node 14: 2eg3936
Node 15: ac830lh
Node 16: kp6aox4 zlsmh0n
Node 17: 3ym9w4s ee2qfgi gbpqn6h
Node 18: t1b4ofz uh790vk
Node 19: dt7ietf
Node 20: 6rgj01y n36frhj
Node 21: b2ney48
Node 22: wmoflph
Node 23: o5ggmxh
Node 24: y9mdwa5
Node 25:
Node 26: giack8o
Node 27: 5kq8jqm fyjjdof g0qnnnh
Node 28: 6q6g2fd
Node 29: kvdxli1 qblyjgt
Node 30: 01gq5oe owipto7
Node 31: 1fbgixy sxp1dkk
Node 32: bq6b1ux
Node 33: r7fcjq5
Node 34: 6aydkat 9135pn1 j2kyca9 q9zp1cf rer0i05
Node 35: edd4jke
Node 36: 9ub5lg3 kmsotzt
Node 37: 2a5s96k k3btj6t u92gwnp
Node 38: 9w30855 b62mxk6
Node 39: r6ixp7g
Node 40: 41w10rd 8hnk3e8 im4r4on
Node 41: bcd37c0
Node 42: 2cuvbsq
Node 43: 1mu0o07
Node 44: n4sus3i
Node 45: mbf13kc
Node 46: t5hvhch
Node 47: acfkd5k
Node 48: t4gmiqr
Node 49: ax74zj9 zkpob3m
Node 50: 7gdz3vi
Node 51: vyv8lp0
Node 52: py9lvwc
Node 53: rpzooqi
Node 54: omqvmlf
Node 55: rbuare2
Node 56: qkid1xa
Node 57: z70txtd
Node 58: x1vlv5i
Node 59: hl07ntd

Node 0: ekfee11
Node 1: 05x8rgo 3r6w9tb 5d7v31n 5v12mof 8cevcg1 hqu9ipn obatjax qwhhj5v yxmuppn
Node 2: 4hwrf5t 58jlbtj 6ms1nhm erwna2l ro7lsv1 v9x2zef
Node 3: 0r17wqe 0sob67t 2hlkzdh 2sn7m1j 5jmgmp8 9i55t78 b6c5yf0 bfwwfe7 h4wtvwa ju9bs3w ngor4ki p2r4ocv rf8bo75 tsfp810 ty3ya0f uwpfd9q w34ljz3 xpc63ik
Node 4: fthjvw4 qe1b11n t4j1r8i
Node 5: 3a2ylgq 7ywg6nw enwvd6x r1dztxs srn24ut veqko4d yn3bb5c
Node 6: x654687
Node 7: oa899ew
Node 8: byndcxo
Node 9: r1m173p
Node 10: fe1pq08 k7vre1h pw0vt2m
Node 11: 21wnwmo 7mgc778 8hbljkr a6pubeq i13hze3 ny1dkm0 s2s1kv2 sl26hci tous6p7 w93muhl wtucl9i ykmygd3
Node 12: 3nb8gfn b31l87j m9or0fn
Node 13: b1o26t5
Node 14: py620b6 t71rdi0
Node 15: cp2vtf5
Node 16: teliyyz
Node 17: qwi1w97
Node 18: zuoials
Node 19: w3b1ba0
Node 20: ov2zkrj
Node 21: s2k0ibv
Node 22: h7fxv1r yvvpfkh
Node 23: 1jq3v00 4fj0by9 ql3ezh2 uan09g6
Node 24: saanarp
Node 25: yma95tg
Node 26: d5ulosf
Node 27: chr68lq
Node 28: qjjqlr4
Node 29: k2rmp9l pzkbf31 ssziynv
Node 30: pe0cai8
Node 31: i2ta0cn
Node 32: nn780se
Node 33: cim2bzw
Node 34: zmulbim
Node 35: 0awm8oy
Node 36: rk738ce
Node 37: 55dh4s4
Node 38: z37d35p

Node 0: 0cxu535 j3hes65 jlqzkt6 tqkbddg
Node 1: 45fj11t 5l6sxc3 bk0unxq czuski4 k9se3xe kz5cuys paai2te wgej3ol yo3mmcs
Node 2: bt1jrl2
Node 3: cs5fjuz
Node 4: u6nm63h
Node 5: 6j9y139 8csg9bs gvhpv74
Node 6: kdcuu51
Node 7: j66nrzo
Node 8: b461uj6 pjxumc6
Node 9: a1kgpzq
Node 10: 2kdpvuz 5korj1b
Node 11: 4kv8pbx
Node 12: 8nakq47
Node 13: ndoba5y
Node 14: lsuy0ve
Node 15: 6q9kmko
Node 16: n52jinf
Node 17: 3ak4hwe
Node 18: 5n45bq6
Node 19: 910x2ip lps7zyp
Node 20: x34wod0
Node 21: mn7eejx
Node 22: jm5huil
Node 23: ynq67eh

Node 0: 8as5z1v 8gbd7fn efm5yc1 f8p8ppb hi485pt j8eljjb sdrvw0j smmj5jz wo6d538
Node 1: 5nz5lqp mz6vrtp unwlnby
Node 2: t88xwea w2hvdtx
Node 3: fft3wl4 iwh2rfe vaarvn8
Node 4: 9vn8bt6
Node 5: 3e2pdf9 42d7cpf 4o5e4ph
Node 6: 10pk97a 1vtgowd qt04zk4
Node 7: aguajl3
Node 8: 29oe8ag
Node 9: 4xw1164 ipbsf1f wx4hh5v
Node 10: 9swzkzp
Node 11: hsawtz9
Node 12: 9txwows
Node 13: 07ey1l7
Node 14: rllumby
Node 15: wy14jjr
Node 16: chiw2c4 fvu1to4
Node 17: z6cyo4t
Node 18: xykk9ds
Node 19: lovhhvk
Node 20: l0t3g60
Node 21: 1kifqva
Node 22: 6d5eg3c

Node 0: 89sinmp fcix7f6 mri41rf tbs5lvc v9b4dfz
Node 1: ehxh8wj g49d6r9 i5vp9b1
Node 2: 1dbcjgp 9kk90zn dkivmzy g7maoyo gnylll2 kinz3uk lpse3sq otlgvvy tro0w6e
Node 3: 3o9snxt 7wc7tv1 9hbtz3l
Node 4: qvblzxw up5ryea
Node 5: t185g26
Node 6: l9tgeco
Node 7: dfst8bg
Node 8: 3vae7d1 akt9z4f kzbgbhe o2q61bs
Node 9: 06533vp
Node 10: osa3zlo
Node 11: i9oom2j pm6pdtr qa0mnk2 zahzp34
Node 12: 2azi13b d6lp5z7 iroabm6 liypmm4
Node 13: 19urxbw 31m6afy 3imuogr bx80zsl gjsj80c m4j4nxn t2bbiy2 tk0cpic toxyplc wcsu4ur wjopf8m ykpu4ed
Node 14: 3atzqhg 3kq7syn je81sfa
Node 15: 5w601kp 6ltd5bv nar6i5b
Node 16: 9wrswy4
Node 17: 8o2tja8
Node 18: t7r7n1z
Node 19: 3y2ch4h z49bk79
Node 20: c91o4ki fr6fw8a
Node 21: 053l3af
Node 22: p2xv1ly
Node 23: z2d131a
Node 24: 51ngtep cdzsrvt
Node 25: inq02fd yg24hoo
Node 26: 63vtkct
Node 27: cds4c91 sqvu5v5
Node 28: 04bgynn 9tro2th b3kwe2m j8otqs2 k62a4qj mbhtp65 s1pbgs7
Node 29: xgzsfeg
Node 30: qodcf8j y1543ry
Node 31: wh17jrx
Node 32: lx26n3v
Node 33:
Node 34: qgahz88
Node 35: pylbx4s yhgtlhl
Node 36: hm5gjdu
Node 37: 6o6s1g1 75lhvsw zmjiiab
Node 38: v7rkjb9
Node 39: 0xecta0 ulcqzv9
Node 40: n1784ck
Node 41: qx1ng7g
Node 42: 13aiq6u
Node 43: c0i38ce
Node 44: b452r2v
Node 45: ayembur
Node 46: hd4w3pw
Node 47: g6yjgq6 myxm5mo
Node 48: 2s21jsi
Node 49: 1bmw7tc
Node 50: 3pkmjal
Node 51:
Node 52: cuavvqa fvb6y19
Node 53: fo9pm3t
Node 54: brk1y8u
Node 55: cd5umtl
Node 56: kauu6j4
Node 57: 4w4fzbh
Node 58: ra49ran
Node 59: jb3cjto
Node 60: 1q0v1j7
Node 61: nj7bzt7
Node 62: s9941ra
Node 63: p31p1r4
Node 64: x6kqkgf
Node 65: 9wnufco t8g21mf
Node 66: b4im4to
Node 67: s3yy8b6
Node 68: innh9wl
Node 69: j5cyrsj
Node 70: swxjm99 ycmk1kv
Node 71: ndkyxrm

Node 0: 2liyk2n ovzvwa7 xi4rtv2
Node 1: rtvqs3v
Node 2: weigz2k
Node 3: 1qsxbph gu2w8p1 mhpy53m orrp3k0
Node 4: 0eus9tr 1xngzky 5cnah3d 86gyh83 8b9udpq djr4o8r jkxoyr1 miotyac vg9anwv y5jgugl
Node 5: 9u6a3mf
Node 6: 55jo3aw
Node 7: 6ianfik 77ugaiz 8i7q6yi
Node 8: prd4lj0
Node 9: aup898r
Node 10: wtue311 yilc5nr
Node 11: djte6uk sb6qs7h
Node 12: 5tegcvp 8nttnec y2iyvdc
Node 13: bgs6ucn
Node 14: 6u7q2gu s1q979i y141tkp
Node 15: 8fp69wg odsshek u2b7iza
Node 16: nu9sdev
Node 17: h9wekv2 mu461qm u23seg9
Node 18: 0dbbz27 ac2wxo6 xeaqevs
Node 19: qvohy7h rl4koq2
Node 20: 8llxnpe a3nllv7 fxapfsg
Node 21: fk0zb99 y1jo6g7
Node 22: je3wc2h
Node 23: 52mlym9 bggpqfe exw65m6 qytu6hr
Node 24: n7sjxsb
Node 25: 7wuy7lo i5xoea8 mltjh0m o3z9lv8 zqai326
Node 26: 1lrk0x6 s49ojpj
Node 27: d31mb1y z4wr5o1
Node 28: r24og5i
Node 29: 1r2ifom 6jfaay3 7yzb985
Node 30: 2p24gdq e2obixz ests2sw
Node 31: kog2g73
Node 32: tyz5t5w
Node 33: cb88vkq p9uzdm8
Node 34: x37xm0c
Node 35: a4e24w7 r0yzx9v z7ccqzm
Node 36: 357q4t7
Node 37: kdk811i
Node 38: 945qtys
Node 39: 6i0xd9b kfccou0
Node 40: cx5l19d
Node 41: m7ift6i
Node 42: mhz2pv1
Node 43: ilynl1b
Node 44: x3foryx

Node 0: 233ytzy 2brsa5f 3kz9d9t 4mf6uq9 5hhwq8a cp0o0hb d6wrjjq f9uhgra gbpgea5 i8l559m jmcpl6o jrfjmks ka0i3rp l81au9b liz8y2w ni5b80q pq8bswa rsfpsb5 t11lcz8 ul9fmse vvj76w8 zj9sjfm
Node 1: qq164w4
Node 2: fdj7ljj gjbxfzu i1s4uhk pdbpl6m
Node 3: jtoku20
Node 4: 9u0tjs6
Node 5: 1mvnppw 2ax8xvm b1z6ro8 fooakl6 g3xt0tl i8ewe2c xucuh62
Node 6: ol9o4do
Node 7: x5hng0t
Node 8: vgsjq5h
Node 9: 83od09a g4udb3l q02cg6r
Node 10: ntgncac yaq5wbe
Node 11: hhml2lg
Node 12: 0jp5hp1 88mt1cr pe9p1sg vhl6cqs
Node 13: bobmrx9
Node 14: amj0ovl
Node 15: 5nxdqun
Node 16: n64psqj
Node 17: 0n3ojas jtncpp3 k6npqbs
Node 18: b75dxor
Node 19: mlwztul
Node 20: urc6ekm
Node 21: hz8ej7h
Node 22: 3j39aq1 6np3uz0 axm3qq9 eerdd3y iuxyg4y
Node 23: ibyp51q wd8ry1i
Node 24: tvegfcr
Node 25: vow0uko
Node 26: 7w4wbuf n11yevn
Node 27: x2kf3lz
Node 28: 7cq8uq2
Node 29: pkuxup2
Node 30: g1rzrwa
Node 31: zxwdcgs

Node 0: b4rexl1 c47erqx ism8pax k81bg5b rkqcqrd st9b9po w3esz6r
Node 1: 6knsc4r
Node 2: 9v8yv90
Node 3: 0n9t6fj 1i8cwnh 1uvacvf 3dc6hrk 5lo04ob 88bj0z0 hicdxpm jhk1741 kqs69na kuxwqe1 qi5iyg8 z79yu01
Node 4: 1f2mj5q 3tnwsti acjy1u1
Node 5: ke6jq51 xu252yk
Node 6: 3fxv901 3lpuvwa 5k12j6y 8uoc7k1 ce1noxe exstdc9 yr2khbh
Node 7: 3nulytz 5vmanla 69koakd kl727f5 ngo6a9j rfgrkjj
Node 8: 3glq399
Node 9: 2svm4p1 rom80su
Node 10: qs7fw3h
Node 11: jjakzrn
Node 12: tlflbjo
Node 13: im7zqm0
Node 14: 0kr1mxb 30ngfcf 68xxesh e7fatj8 ffw959o gdzsiwn nybltof z8lbwwh
Node 15: h8g9702
Node 16: jfsixi5 mhi267x
Node 17: a8mszb9
Node 18: n2vjn0g
Node 19: eqx2vmu
Node 20: gsd1a85
Node 21: g1b4l83
Node 22: bn7eped zgwelg7
Node 23: dzl74l0
Node 24: 68ivn0z
Node 25: 4z9quq1
Node 26: q3t6nzx
Node 27: gzsak1e

Node 0: 3s2dmb7 596ters 5980wn8 aou70su df61sei dlqbcac jjut4u2 jnbvsxw me7bwfh raozfdo x8541ss y5j1wkf yu6plkp zgtmrzt ztnun6f
Node 1: ni065zl w1looei
Node 2: mkvu3po mz8ne1k
Node 3: hosh31a
Node 4: rxxbocm
Node 5: b26dep0 i4032y5 zus77t5
Node 6: 3thmwvn cyk5alg dcxu4gk g75f5qk gm1gd5d ru3wc66 sba6nfp snzfuh2
Node 7: x06vqjb
Node 8: axk5lth
Node 9: x3k1xnz
Node 10: 4f0k9hh d62fqo0 p1nimwg trriufg vc61s8b
Node 11: q8qsg0y
Node 12: emeskz6
Node 13: htmnzyo
Node 14: 0dkey3i
Node 15: lrxnb78
Node 16: 5dwc9er
Node 17: 26fw17g
Node 18: cab6033
Node 19: jb4cfwe tiibv8p
Node 20: 2eltr7r
Node 21: ff54rcw
Node 22: 73hqq25
Node 23: ba6mr9f
Node 24: n5nbnzl
Node 25: c5kqizo q7cy9w3
Node 26:
Node 27: 6ucpasy
Node 28: pzxthq3
Node 29: nq9e3y1
Node 30: 2nuz08f
Node 31: 1i4ij2a
Node 32: xc4f2ao
Node 33: rr1twd3
Node 34: mbmbnk3
Node 35: l786amh
Node 36: 0zvyhj3
Node 37: o3slnkf

Node 0: 50it4o0 99rtv6o cqlu6ee dol0mcm dqpzi7n e9mr7ai j2pvb9a k1k49u2 nepps9u rea7t2c s61nec4 u6r5vks vezvk16
Node 1: ey4klk1 lthriv1
Node 2: fsvoxp0
Node 3: 5ahivsp
Node 4: c8egnwd
Node 5: phpw79a
Node 6: tj0a2x6
Node 7: 7s7irtz
Node 8: 5fguvri jpwb3x4 u4kipg8
Node 9: o69smau
Node 10: xg31sqd
Node 11: y1d4hwp
Node 12: aru4m7c
Node 13: er53d88
Node 14: csrt4sc

Node 0: 585nlfu a6l3l1n ar4k9oh au7qgtx g5kla0o jqsb265 r6t27e6 rzywfhn tggven5
Node 1: 9zoeqbu
Node 2: 5alqm18 cj6ga9u d58beqo hsby59m v22zxw3
Node 3: f6eq0w8
Node 4: 1wmbv28 3ec6bx7 7wjwxga hyejrn2 nrtm67v qo7vcr7 ttb0xpi z0wkbrm
Node 5: dv2jqil
Node 6: otaudja rglf0wf
Node 7: utjiows
Node 8: bgy4t38 rayf57b
Node 9: yo44al3
Node 10: jxvugtd
Node 11: pxvwi9d
Node 12: 9zzuz34
Node 13: vbi3k7g
Node 14: 44q9b6i
Node 15: gq75uky

Node 0: cstykgy fdbo4hu mothc2h qa5zt7v vfrksak xh3q8ed
Node 1: 4lhgwjj js2t2fl q5ag286 zb42tgd zx1ljhq
Node 2: arh6szq bojrfi0 lr4z86f
Node 3: gdw2gyh ix1opss rngmfys y0nkr95
Node 4: 43zsgcw 5sjqy3l 64b6of8 78qlknd ge5jdc4 h7xks07 l9ijgvu r06vvtm u20d4vj
Node 5: cerckqi hopz0n9 tqs2n8f zn8au7a
Node 6: 2qpgn23
Node 7: 4t33j40 8174vwp gbtv9hd lkurykr oiq1fqq
Node 8: 1r0fla3 n1u6vuy
Node 9: 0vj8s3j 2hosayu 702fqlo q8rrp8n
Node 10: 6feseqj r0wqqo2
Node 11: of39rak
Node 12: 1ojyxka av42qkg r26ocsq uljiujp
Node 13: 5ya5tl7 7hkpcxn
Node 14: bdtxjp6 tt6e9mw
Node 15: 2covw6u 70jijtb fq3k71z
Node 16: iwtfpvu
Node 17: pebked8
Node 18: 26irymy
Node 19: oyjo6fy
Node 20: g90vgjt gojytdz
Node 21:
Node 22: zawpszr
Node 23: js7kmx7
Node 24:
Node 25: w5un4jw
Node 26: xa34z0h
Node 27: czn2ivi
Node 28: ypatrgd
Node 29: l0tpy4o
Node 30: jkcrdjy
Node 31: lofmocq
Node 32: k8oyyyn
Node 33: s7rh848
Node 34: h3hrnbf k3v4ig8
Node 35: 0nrys7c enhyhx7
Node 36: pz9tnua
Node 37:
Node 38: 7uo2173
Node 39: ewuhwnk fifhu3h
Node 40: fyeni06
Node 41: fj2n2kb
Node 42: s0fexeq
Node 43: n97p541
Node 44: 98nvnwi
Node 45: 1yn0q3u
Node 46:
Node 47: zlc9aax
Node 48: 57nft8y
Node 49: psi23f8

Node 0: q1c035a
Node 1: 1x8d0mv of3qty5
Node 2: a5rnih2
Node 3: dt8pkm9 otikyf0 qmq0ur8
Node 4: c5x7ajp uopg7yz
Node 5: 7x6il7g
Node 6: 5er08v0
Node 7:
Node 8: jgzwr3g
Node 9: 6v9iuxp
Node 10: bt4m54e
Node 11: knwbm66
Node 12: 7r0srhe n2wwaea

Node 0: 0fdcaed jlw26sw ui6ol6j y85tspm
Node 1: j2wk1f8 pezj9db
Node 2: gdwvm3e
Node 3: dj0ut2f
Node 4: d80zf98 il47vwz nr16pu0 qhyql77 svif85n
Node 5: 0hct8pg
Node 6: a6qi2hj m7plyg1 ta7face
Node 7: 1uur7c4 r0oac8z
Node 8: iabj5co kdkftfp mut1g49 wrl3v5a
Node 9: 9gqvxul kc7rn09
Node 10: 3al9o3h jef5utu
Node 11: fz1x78z p7t2gjp yhdqzat
Node 12: 8hl3v9b
Node 13: hxy6yyo pxcee6g zt1gmxq
Node 14: bj5lepc scj635k
Node 15:
Node 16: 6zedz92
Node 17: xbco8vs
Node 18: gnjsqzv t2q2a2z
Node 19: 11pplvd
Node 20: gk2aew4
Node 21: lxoasct nckgemp
Node 22: 9i7opqw qnma24f
Node 23: sb6u1yt
Node 24: 0aijhxf al0n2ia
Node 25: oufcfxa
Node 26: 4ibg31g
Node 27: idwfzj0
Node 28: 0f3kxoy otg45nr
Node 29: bb1yvtz

Node 0: 1qrw27m 4zt7jc1 8rp0ohf r0fs73s xq3xe9a zszcfnj
Node 1: j5tq7d7 mcfeo9n
Node 2: lfypn8o
Node 3: ge0ubix qhhkudo
Node 4: 8r5dkfx z8p7z4g
Node 5: 9vpynim
Node 6: 0w8zuce 5sekem7 mxnk76n
Node 7: fjjngl5 fw5ruv0 jiydpa7 kpo6vjz krc5t4h kru4zuk
Node 8: raklg7m
Node 9: apo5oq7
Node 10: jfjaygt
Node 11: clzf1uv xn27aqf
Node 12: 86i6tny bjaivdt wx4vzfj z6s8tnd zdekxio
Node 13: gq3qmhg mfctjhz n3jsrwx ymbrnx3
Node 14: 9epg4mo iku4jvg tisxd2t wn052e4
Node 15: 46ul6wg bys5vnj fevfpa9 kff37cl ofuhg3s
Node 16: wq8qc5f
Node 17: 8vhel0d fjffs5f s0hpxqy yyvno0j
Node 18: w6f2ggr
Node 19: 6ardt9v
Node 20: 1ec34z3 k0kzfqp v0jap60
Node 21: hsp59lf
Node 22: y57afp5
Node 23: hlhw3kp z4gqobr
Node 24: 6155iex qrhwfcv
Node 25: s6s9ui3
Node 26: 62go33o
Node 27: zm89hlx
Node 28: ci8aorp cmwhsqz emmdqdx
Node 29: d4bt5h1
Node 30: 8ivftff hkk4rbz
Node 31: ua5h7d4 z0hupkd
Node 32: 3gme6r3
Node 33: etjn8u9
Node 34: wbbnghx xt2isus
Node 35: 0tircr6
Node 36: 98iwbc9
Node 37: 2980gxv uoncys6 v3rzq7b zdxoqln
Node 38: ynwz0cc
Node 39: ctkb73e
Node 40: luajg6k
Node 41: 8y2flxm uy834pr
Node 42: 860wo9m
Node 43: 3f22f24
Node 44: npfselv
Node 45: 9is8ihl dfxdmdp
Node 46: 49gutlf
Node 47:
Node 48: 6649ht5
Node 49: w5aeijt
Node 50: ulygn2r
Node 51: 35qtia7
Node 52: zx8ecb6
Node 53: 33kjmht 9p32ouc
Node 54: pdunjn0
Node 55: ynsu2o4
Node 56: 466dhgd
Node 57: mxt59cv

Node 0: aq2qxu3
Node 1: fyzvyt9 nnqhw8k
Node 2: 1lrcphk jlorqil
Node 3: 05f40kl tj55aj7 w29quhx x6mgyfo zdngkvp
Node 4: 0hk1t5f 1jfhcsr 26lde0s 2dvd77y 2l9xqbj 2zd7pm1 3tuaawi 3vdgwlp 5tgmazm 7c70www auf1j3b c5gn3jw dnrg7e9 eiyo2v2 elwbzd4 h663w3a ia65hkt ilxx9xl ir7uzit j8clbaq laqiwl9 oh4zy15 qlpbcfx rv7vezp s42habn tipvde5 wha1h4s wwhj8nn xrccp2d xs910m7
Node 5: ewubfhn l4aaem4 o2147m1 rxjdvqi
Node 6: j98c2b3
Node 7: ev0fztp imnzk69
Node 8: utyzawq
Node 9: pnpf1qh
Node 10: 21ph0cd ikq84d9 sk94cno t4bf7wn wzuvwdb
Node 11: 60idgcx
Node 12: pmfp1iw
Node 13: fcsl00z
Node 14: qtx32nw
Node 15: 0d3mpp7 9qley3v fvqhdpx ziw6z6n
Node 16: 2mzzwso 86u87ng nzxjmb4 q2rghdn uphd9mt
Node 17: l0vxr78 l8n4q4x
Node 18: o6egeee
Node 19: cyiyy2v
Node 20: mcok6mk
Node 21: 6m15ii2 93k3dt1 exz6eg0 fyjaju0 noc85n1
Node 22: 2uskuve 6m1ff94 85fsid2 ab6ifr0 chaof4h d30lolw f20opm4 kqwddlz muh7ymo
Node 23: 9f9g8hg
Node 24: bu8z0p3
Node 25: dxzj7tc
Node 26: bp1jdox t628ad7
Node 27: hwciiup
Node 28: geagydd
Node 29: wdidchw
Node 30: z59mez4
Node 31: 2gwmi95 2sb8dec
Node 32: 08bo7h3
Node 33: vxojwyw
Node 34: y2615rt
Node 35: lkuli9x
Node 36: cip7yh3
Node 37: qlf5muv
Node 38: m7h4vgg
Node 39: d0boeon
Node 40: m6innxb
Node 41: tuk7j4n
Node 42: qymzskg
Node 43: cw4vf63
Node 44: vxhvnfg
Node 45: 6d5a9dy
Node 46: 44tzb9q
Node 47: r212q04
Node 48: t9qer5f
Node 49: a466nn6
Node 50: vlgho8u
Node 51: abcdyi4
Node 52: 2nvsl4n
Node 53: rytjatf
Node 54: 9brmso1
Node 55: 2r647et
Node 56: jr7w5j2
Node 57: 4xbw2hh
Node 58: okwuwt6
Node 59: rynh9f5
