Node 0: h343sg7 oyvcft2
Node 1: 2o65zgn oxmbzn8
Node 2: e6uqjij ic3fwgt
Node 3: r90beog
Node 4: ft2pfjk
Node 5: etrmt7v srq5bl4
Node 6: 5cktkzw 768dzjd ax4gwxu f4f080f jfxiwn0
Node 7: 6q00xrf 79lke7r
Node 8: 9o1rbqd
Node 9: 6emtr7m 8ztzda4 ezarej1 l5h7whq q1omfh8
Node 10: 9uk4cjb yhit8zq
Node 11: svp4z7c
Node 12: seh7rhi y1kq93m
Node 13: jlmuwrv
Node 14: 9kazypr d59423w uj7h7b9
Node 15: 7l234e5
Node 16: 6dvxx8e
Node 17: t7cwa5a
Node 18: e8t6hta
Node 19: jl1137u w15s1li x5xz8n4
Node 20: esfe9k4 tgl7ysa
Node 21: jgo8pgj
Node 22: mfbuxdu
Node 23: hanjo2n
Node 24: t2c7p8h
Node 25: qy73qfq
Node 26: m8i3ncn
Node 27: iiit6xn
Node 28: r9ff3s5
Node 29: vjecbmo
Node 30: ib3w0kl
Node 31: 2dxhvvs
Node 32: 34bybw5

Node 0: 5p1ab1u ahwtyi2 db0gz8r
Node 1: 3cmfkls
Node 2: f1dza7v hqrz5ku rzsnm4e
Node 3: 2265xpp 4jrt1jm 60bgkvv 7e53puj cr91f8a dt3mml9 igia8xd pvj4ok4 sz9rl55 u5kpnr3 zowltef
Node 4: n251gdo r8shute xrqnir5
Node 5: 1h33eun 3ga8x49 5a4adtj cktb5v4 o6rl2jb tx31tl9 v01u1k1
Node 6: oq8d8w0
Node 7: 09abtdr taqupct
Node 8: 06gqcba 14t4k4f 8enbsg8 9jn644l bbkl2km jrr5tqj n33ex0n shlgh2n wjs8zfz ynw9657
Node 9: 4ly83vh fywvnnv
Node 10: 128hoe1 qdwoqjq sba2t6k
Node 11: ekkprp5 guc412s x0dywqv
Node 12: pnnegi0
Node 13: 48hppmg crmgqq1 cxrqy6l fz17dmv
Node 14: gr7ndfo
Node 15: onmumn4
Node 16: rh3vnmd
Node 17: yrjjqu0
Node 18:
Node 19: 6p5iz86 u3ytumx umkg2he
Node 20: s8qby4z
Node 21: 1ek117h
Node 22: edpvrsf p5r2l8b
Node 23: 6dc5raq
Node 24: af3wys1
Node 25: ur6sg11
Node 26: on5vloa unshmgs
Node 27: dflysq4
Node 28: 2iriq5i
Node 29: xiayecx
Node 30: vvwl9ma
Node 31: is5iqgf
Node 32: 8zp6cor
Node 33: fos6caf
Node 34: 1nfalf2
Node 35: ege1j0t
Node 36: 07jj0q4
Node 37: 4d293j2
Node 38: p2s68fs
Node 39: v00f4un

Node 0: 6q0t47g b61sjqr ojszzs7
Node 1: 5qxtfr9 88gbe82 89exq24 c83e164 e7avtyg ed60vie il7j38m pphszip qspbm1l s0jrlbk wpf8vmz
Node 2: 67is2eo x0q2d3u
Node 3: s7zq167
Node 4: kg49zlq
Node 5: jatq9mv
Node 6: 07t04ak 7za1icr i89jrix p9blm8s q1tydgv
Node 7: 7xhdrge
Node 8: l1o5dk7 mv7d8jk vjbgdmu ywya9vr
Node 9: 09vrjz1 fgheth0
Node 10: d3c2ixt
Node 11: 56bzfl2
Node 12: b80rotj w2njhx0
Node 13: w2rhrmt
Node 14: w7clvvs
Node 15:
Node 16: q3p71i1
Node 17: nsw7las
Node 18: 2fxgm9o
Node 19: 7993szh
Node 20: 92hfjfi
Node 21: xdh74bc
Node 22: bizvhir
Node 23: jvtcviw
Node 24: 1l75ufd
Node 25: 8bvoaon
Node 26: jxp7u6k
Node 27: ddppeb0 ml2ykto
Node 28: 8wcm3tw maif1v1 pllrsin
Node 29: 9ij8joo
Node 30: y9kb7zq
Node 31: n4155jg

Node 0: 0e82ian 4rtbzxh k2lskxq tg3hw9k
Node 1: 3gxrwtc dg1kln7 lhahhzq sl1u4dq uo4apsg w4iqaox
Node 2: 44psel8
Node 3: 2vdu4ly 6b6e6bg ueacgjp vkhxe97
Node 4: 6bay52a 6difxsu jwz7gas ythdhu2
Node 5: 3km01e3
Node 6: 8awo3x2 wyvavbw
Node 7: qx2gm9x
Node 8: hf2d8tu p1im90a vv6cjsx z7u9ap1
Node 9: 0wagcyx 8mngn2y kg7drj9
Node 10: yohy2gy
Node 11: ca4wyxh f98jauk r69vfv5 zmeekgu
Node 12: 47gqxh7 8pftyu4 isha459 s1yyrtj
Node 13: jjpm0q7
Node 14: 1m2zrvd 65ae7bn w356f6l
Node 15: ji8n7k6 p23o8si
Node 16: pjgb81g
Node 17: cya83az zpp2v1n
Node 18: fzqtrrg
Node 19: kta9lcw
Node 20: jybj84z
Node 21: 9zuk9r5
Node 22: o9ee0cc
Node 23: mft1y9v
Node 24: 7nva14b ehb80co guzuhgv tr8yls5
Node 25: sx98uiu
Node 26: 554nci4 xp2riiu
Node 27: d17jmwk
Node 28: 7m4dsai 8iwyyon jlpjp58 n1s1uf9
Node 29: 5m5fnak lillb3e mwng6qk
Node 30: lncjzc3
Node 31: j9awlqw
Node 32: mji8v4o uhghe7l
Node 33: wbkzfmg
Node 34: ckv4ew2
Node 35: yxo48xh
Node 36: 5iufo6p p8dsw2q
Node 37: byf1w3g c3gjsf8 mbn2ast r68a67d
Node 38: wadb9bj
Node 39: 9qle85y f4d9kni
Node 40: pwgx11r
Node 41: fsiuy7w h9yvhgu
Node 42: vvc8lle
Node 43: uqmqqfm wb6l78s
Node 44: yj6vmk9
Node 45: j2xcyc3
Node 46: d18lhc8
Node 47: oeu5njd
Node 48: wexlh9o
Node 49: 5czeq4t
Node 50: drugse6

Node 0: 2uq90cl fevwwop n25o239 nuq12du x1r2fjm z485npo
Node 1: 9t94lle i76wqid
Node 2: 3pr3ujh 7s8r016 gx3f85r ns5kvq7 q6jkqkh tf5bazx tx3r6zs u8rdeov
Node 3: e1tgiqg
Node 4: 6bj6hlq m2h7kzc nkk4n3r
Node 5: 0clluku bi9mq6a d19ewqx
Node 6: 1vjxqct c5udmta ijq8toh kxvwp7k n7s3jkz ouxevof p7r098g txicehf uv46n83
Node 7: 3nmvvrv
Node 8: qwr7nl8
Node 9: bbizwne
Node 10: qih68nn
Node 11: nvungiy
Node 12: jeq27bd
Node 13: 5jsyg0o
Node 14: tggjsk9
Node 15: bl4iflr
Node 16: mqcp1r5
Node 17: deuubiz
Node 18: 11q4quc 1cur1p9 x2mqwrw
Node 19: 1bmdru4 qyap455
Node 20: i6v0l3c
Node 21: asvpump nhkefps vdt6clc
Node 22:
Node 23: 3ig33pl v5g9soh
Node 24: bcpw87m
Node 25: 261oao0 7xmfnxh mh7pd17
Node 26: xfcdpqa
Node 27: 0288ga2
Node 28: 5rqjgiu wx29bf1
Node 29: 9vmbt6x
Node 30: m65kb78
Node 31: ufo40jn
Node 32: qdu2d00
Node 33: dzpx8tf
Node 34: jbkvgn6
Node 35: n6syhax
Node 36: hba0imv
Node 37: lrvhp7p
Node 38: p655ig5
Node 39: 2frtmwx

Node 0: 17aes34 6ryery1 9g6oal3 a599vdo qoavapb seh16ps x8u45fu xyxjv1h zilyhky
Node 1: k59btbm
Node 2: 7c85mzr
Node 3: rb60411
Node 4: 7i1bppz
Node 5: l3r3nhm pc4s6t1 yc5fd64
Node 6: gt3zgqh m0itkd6
Node 7: 3amqc1f 624n197 bm2nq59 j6e8t1j oc6iu6k pbhgjww ykep16w
Node 8: bq6xvqi
Node 9: 9kudd60 g3d2upj l1xs5et
Node 10: 322ls4j b0heh5y
Node 11: pevtoan vb6sejk
Node 12: c3ia566
Node 13: brqwpu4
Node 14: 42iwyom
Node 15: 6vjqd2s
Node 16: b7ehw6i

Node 0: 58my7f6 6p57lzt admfzqm ddl8qfh ggpoiaj us06u62 v3ktfmo w3tojl6
Node 1: 2xwruxw
Node 2: 3xh6hfi 4a7oind 72o98pk 8enfpkg k8zmca1
Node 3: otu58xn
Node 4: c0zcy23
Node 5: 4jm9xas ommq8it
Node 6: 9za0nr9 ekrcwmx
Node 7: 1elfnma
Node 8: 055ouy9 qh2xl1q
Node 9: 1q4ljrm
Node 10: 3qmlbc0 5dd2eaw
Node 11: 3wh9qz7 9x76ff7 gkpcwuv
Node 12: mz9ukpi
Node 13: lxff274
Node 14: neic24w oour19i
Node 15: jkq4fns
Node 16: z2v1dt7
Node 17: egygfj6 ek2lf7g kywi3co
Node 18: ri3b69h
Node 19: ftnp4q3

Node 0: 8awp8jc 9kll2no cnqhjhe g669uit mo83xy1 ph8ac3n q4h9cqr uy5ssil
Node 1: lxdsa6w
Node 2: 04901cs
Node 3: s731vax
Node 4: 3suzxcx
Node 5: 7qj645z
Node 6: 765uj35 gs3cchs izl814d s7374wo
Node 7: mrh3cdq
Node 8: 1v6gl5d
Node 9: 0d3mdtl e9w92ba
Node 10: se2zu1t u6uhcxj
Node 11: burvpi7
Node 12: qhkxlvf
Node 13: 3aiyfv9
Node 14: xywyiyy
Node 15: cdqsqdt hc9954k
Node 16: dysdrcb
Node 17: a5ijv9f
Node 18: ky3nl8k
Node 19: xxmcn76
Node 20: go9qltb
Node 21: yflt475
Node 22: gwbvfi4
Node 23: v66jfv2
Node 24: vokf1p4
Node 25: fkoim30

Node 0: 0rubgq5 56s9c85 9avvtz8 kgsb1al mhcn4tb mxr6la2 v2tjhli v8ninj5 xw1r6au
Node 1: 0saqjs6 1pipksy e7lul77 nps89xw ofpkalj s88ptkz
Node 2: 1ccqais cwnhmnh mxki3ql penpjzf pny8vtw s9de9px
Node 3: h33x87j ijyak08 nscybgr odb6ky9 vcpycbp z0gc90u
Node 4: om6liuy w390zxy
Node 5: o0ggxxx
Node 6: tqacs12
Node 7: 4yw6tzo 8i2jso1 t7or157
Node 8: c4q9oyx edvijuk yxr86ar
Node 9: 6tu8o2a paemtvy y7haud3
Node 10: a4s9zg8 mgmnu9o ozwbds7
Node 11: 870wejo
Node 12: 3mnaeh4 k2fuux6
Node 13: oi89dt7
Node 14: w0pic04
Node 15: iqv5idz qza10jx
Node 16: ldapuab lk0jl6b lro61ox
Node 17: 4e8ikqi
Node 18: mcwy4b4
Node 19: 2dux7uj 2ghe6te 6uv0fc3 6ykv1zu 7xgsgft i9oeo7r iaab3xa p3ieydx qvkonoi v2yy9mp
Node 20: ele2uot
Node 21: 3bs84hz 8w65gc7 a4xxboz sdjszh7
Node 22: a5qa67z
Node 23: h9xsj68
Node 24: avluupe tedlf5t
Node 25: fg3ibjy
Node 26: ll7tcz3
Node 27: hix3qfv kd1z9hx
Node 28: g30bh7k
Node 29: jqoq16n
Node 30: t77yo61
Node 31: e9pznt3
Node 32: 4rbh8os 75m0l03 wa6u957
Node 33: ngvdy75
Node 34: 0y1uecw qxq04bd
Node 35: f7639e3
Node 36: hxxy91z
Node 37: 3dulbpc
Node 38: s6tol04
Node 39: z5an7x3
Node 40: isplswx
Node 41: ln1vkdw

Node 0: aljnky6 evrzl97 vm13ny4 zfojeuw
Node 1: 7psxwjd
Node 2: ck8mvpy
Node 3: 0v6ixxw 1g558wg j2uttga rrmuk0v rvufjr2
Node 4: j8gr9uw qpp9g5o
Node 5: 6uuff3j trep25j
Node 6: 8cglvg5 blxj6gq hu9g6of wjt41h5
Node 7: 0m95j93 mlcw9db
Node 8: p6b6l2k
Node 9: c2c6hjw
Node 10: a187q06 o6x4sua
Node 11: hdcw6as
Node 12: ijetpqu
Node 13: bstlgr8 e9ohp1b tlwoa8r xyo4mqi zyd1sif
Node 14: bbs0gkc
Node 15: i9neskk
Node 16: 5d8kjyr 7rdtx2a fu0id72
Node 17: 5gphwf0 bj601l6 r6bgasm vwbhlcd
Node 18: 7jk2mcn nwolv5u
Node 19: sprr6jb
Node 20: l78jbhx wuhg76w
Node 21: exe2yuo
Node 22: v0dsz3a
Node 23: fv8bg2t
Node 24: 080y228
Node 25: 4ztgfir
Node 26: 940u5k7
Node 27: r8n2eqc
Node 28: ql48npf
Node 29: 9drme11

Node 0: c870cg2 h90f2b9 ss2q667
Node 1: cxg233h
Node 2: 9zowoqf rfh2nl7
Node 3: 0kr5fmy 190woxq 38a6jvk 3b44br3 3niycva 3z1ouuy 4413won 5019nk9 5efl9cb a6fmgee cz9f7u3 dou7yq6 g0tc3hs h6r88bx i3t2828 j4hpvqu qrrf3aw rrwvxyb ypdo3v3 z2bxgia
Node 4: klj2e3c nv10nsk
Node 5: 2e3wfsv 2zm92ua gucejoy hfh74dg t5kdbu1
Node 6: cdk3qz5
Node 7: j3azc1m ls6mq68 ut6qgwi
Node 8: 9ta8xla h232qd9 pa0a0i1
Node 9: c4ew9bq
Node 10: ivaovbl skxkn8i
Node 11: 0l7l66x nn9a6fv
Node 12: jhm75e2
Node 13: awhngaf
Node 14: 99j5se7 fyap9nz
Node 15: 5d2ucyp bgysaiw o1zgy0t
Node 16: 4oe1wgg e6s85uq
Node 17: etzymf0
Node 18: 130p23t 8y3z3q0 kvxdl9p rvvk9er
Node 19: jkfi1js
Node 20: 69bffck 9x11adq
Node 21: 4nfffpv ig5jzza jv59bwb
Node 22: zifejtl
Node 23: 5jnun3s
Node 24: pkjziy2
Node 25: q7po7m8
Node 26: 8150p3h
Node 27: 5ouyqyq
Node 28: jqbrwkp
Node 29: lqg1yrs
Node 30: 3yg1fr3
Node 31: 4n4aaxv
Node 32: 8xjsl01 f4d4k7b hseb9zl
Node 33: 27aq2zb 3zpj61r 9qz97pv
Node 34: 0dgqjya
Node 35: 54zb96m eqv34j8
Node 36: n75l6jx tn5vdkl
Node 37: prl0yhz w5qzhzm
Node 38: qm8yjkh vse4sbu
Node 39: vu6p5om
Node 40: elrpmbw
Node 41:
Node 42:
Node 43: vlumhua
Node 44: 5icdm0l
Node 45: s2i4pn2
Node 46: 9c6r23o
Node 47: seymfgi
Node 48: nx4nrwy

Node 0: 47cgavr 6w498vc cq0ap72 ribz12s sw98lxv zv7uw3f
Node 1: 0yyu26n 45qjf14 6sazrdw 763k3ba 8zmujci f8yt899 qpqzpbw tkz4wq8 yebo6tw
Node 2: lu3lm2a
Node 3: 3nskzyu 7ukhnmj 8tkolnb g50mbr5 kmqgoi4 o0qb4vj
Node 4: 00lg9au 29h6dfh 5z5rcqv jzbkowb l21lh7s q87fd9o
Node 5: s8elubi
Node 6: dmkk3i5 lkbutzm t7tngyu
Node 7: bn3fa6v
Node 8: eza6d9b ns889hs pswi207
Node 9: djebvrh glfaaxl no77tld tb6qrtv
Node 10: sriv1oa
Node 11: 35wvdvb
Node 12: svfw57c
Node 13: 19lt71a 5ckhnyw
Node 14: 5mls91l 7r8myon
Node 15: 4e6c4sx
Node 16: otnrnzh
Node 17: bhs2p8d wikcmo7
Node 18: ksete2x v0o2dim
Node 19: px69m6b
Node 20: bbqbmsn
Node 21: eythslx x7limku
Node 22: pxe713r
Node 23: 7wk54lx k85j0jp
Node 24: 8l5eigx skogjy5
Node 25: ram0nca u1n3aq7
Node 26: 9yciwf3 iegi9pc
Node 27: oa6ljxg
Node 28: t9dfyyi
Node 29: 325x6ry
Node 30: ogci6j8
Node 31: a5nc3l8
Node 32: f6cdp8e gv48rqg
Node 33: himldfm
Node 34: dflhyxm
Node 35: 3gjqt0k
Node 36: e3o7910
Node 37: z9liezq
Node 38: 7b0wv6h

Node 0: p7rq2kl
Node 1: 9kjyptn 9x7icup k8m7y3e p2zu4xu
Node 2: hhcknn7 mt2aqu0
Node 3: 4pl8ikp
Node 4: ssp4ria

Node 0: 92xclw6
Node 1: s3phzdl
Node 2: r8koybk
Node 3: ou8kpdq
Node 4: by67491
Node 5:

Node 0: 2auncnu 9f9m5x7 a9t89ad
Node 1: 2kgpeft
Node 2: mx9b603
Node 3: k77z8ja v4dro03 z5rnlhj
Node 4: 8x985mn pjq9dw6 ujoj1m6
Node 5: ekz416d o42sfnm

Node 0: 6aed6kj a4rnrlu an834t2 qaq0lka qd4oa7u u2qns9v wsvclpa
Node 1: amjkzzh i6dh83x
Node 2:
Node 3: 6x9uzik
Node 4: le5bgoq xx8zwd7

Node 0: g5tyxeg j4yje0a
Node 1: fkj1vma
Node 2:

Node 0: 06cbs5v 1vhvami 2gsbe00 7e86cux 850g69u 8vniq3k 9tcy7ft cj48pyy eyxm0r3 it76315 sm9ri8g svs9sn3 tko6zqs wwc6ejo x35cmv4 xqyi3kv yo5bx1u ywe8pe9
Node 1: 0efbo6r sg36k0a
Node 2: 3p2b40f n80nd51 nn1ynj6
Node 3: 3mgyaue og86o8m
Node 4: 5v0kqfo
Node 5: 0weg6pi bjtgbdd
Node 6: ibecp1k oh3bemw
Node 7: 9qg3f04
Node 8: 129fk3m
Node 9: 8e3g1lr b6xur5r
Node 10: wgsbptj
Node 11: 2vl88r1
Node 12: 4zlwgv0
Node 13: 0amg3pz
Node 14: m9ggmgc
Node 15: nojir4d
Node 16: jqoljio
Node 17: 2z8fusw

Node 0: 6ucktgh pf8i7kt ybo6us8
Node 1: 021sejm krls4f2
Node 2: 5zxdqjp g3giuzd ka4rtlj kfjdxnp pveek7s s5ey1v5 v82kmjz zzfb6dr
Node 3: 5tnwoz4
Node 4: r3jzwqu x4duxbd
Node 5: sebxca5
Node 6: 5rf039b fiisbnw kydkxye piox423 qg7aun4
Node 7: kk3fr4w ykunvln
Node 8: c25kade
Node 9: yf5b6uw
Node 10: infrccr t7gxctn xc8nn3e xly0580
Node 11: 4l2h1wt
Node 12: 45uwbz9 clvvghh hd07vj4 spoebsb
Node 13: 2abvlz2
Node 14: oxhxpww w9p4fmf
Node 15: tghfcby
Node 16: ek58fwt ey2yxne
Node 17: 6qtlbip
Node 18: 423h1yx kowe9e5 kv5frqk oz1nrb0 tztubx0
Node 19: xg148pu
Node 20: zclofy3
Node 21: 5ey7mws 9cnm72u
Node 22: t55yzfi
Node 23: kf2uh7w
Node 24: mlt25r8
Node 25: enaq27p
Node 26: fck23ml
Node 27: rrt511k zwd896v
Node 28: zu593me
Node 29: adhwu8j

Node 0: 6x1g5ro 7sgeuab 9kjem4g u1okxam x4g0ue2
Node 1: do8wqdq
Node 2: i3h5kox
Node 3: p7oispu pt6i9hs
Node 4: 1owjcis g5hal5f o41tmin xyf9ybt y773z3p
Node 5: jwtycbb
Node 6: 99r7wwa isaq2ku yb00n5k
Node 7: 1z3gfkm 6zx250x
Node 8: fu8xng4 hgoz5j0
Node 9: 3zbzb2q
Node 10: 4z7d5n7 e1kk206
Node 11: 6wwwiu2
Node 12: ch0ytkx
Node 13: 3lj7grf
Node 14: wuknbax
Node 15: vdnot09
Node 16: un7wic7
Node 17: bcamr06
Node 18: mri6yrb

Node 0: 6aty4cb 7a77zt5 9yplf02 gym3zi4 iovw39n ja80od8 nwjegkp v7xmcbv
Node 1: az08kfl
Node 2: hs6n6y2 hzckbzt
Node 3: rjcodyl
Node 4: bg4m8b1 ud8qegs
Node 5: 07rrv81
Node 6: 4bghr55
Node 7: 150goa6
Node 8: di0vmnv

Node 0: gqfcdg1 h2sfokx jj5ss4w u5udkh7
Node 1: 408y5yt dpj6k0o g5f38na h3n2cx7 mjza4sn na5kcr9 oxeacdi t8g1jyt uw5a68w zyzdu29
Node 2: 490phvi bz4v3vj fbuw1o1 gwdhd5r kgh9pbb lp44q3v nh42xvu o2cm8gp uuokcww xm1yv2x y2b9cxa
Node 3: 2srnphy 4c6byvx 4zn7fsp 50bm8sn 8dsrars il3k5da n14q3ry olhx4h0 qlzrcnu v126ou6 wd07pa5
Node 4: 4n1ybpk kw7joyx xoacdt5
Node 5: tgaa8b9
Node 6: g7zzxsh hkf36cx
Node 7: fcfa7ey mp1h3u7 tjjb7o7
Node 8: cgzzvvi
Node 9: j3j2hj2
Node 10: k2tgxin p33vgzi tjsofhy wdgss2p
Node 11: et1ja1q
Node 12: xg2xt8e
Node 13: 6dzbz7u
Node 14: 6zh0blz
Node 15: btt1onn ebe13bu jttby23 n8ghhwa pw7epz7 s2dgqp7 sw20zb0 x5nrx0w
Node 16: 0rm57yb
Node 17: 4glk6po
Node 18: 134h3v3 a4zsjy2 e1zvrhs fvqg98p nmljnsg
Node 19: vvtopz8
Node 20: dy0lf8e v3mc8xk
Node 21: orx7qqp
Node 22: kk0kezz
Node 23: vj1o383
Node 24: 2r4mrzf
Node 25: 39owf5x
Node 26: jyend2v
Node 27: 2p7l390 9hiuhk6 dyhemmz mn8nkej
Node 28: jfwje5n
Node 29: lmyup6h
Node 30: kk1z8x2
Node 31: ynh7ige
Node 32: cyxfxhy
Node 33: 93yfjcy
Node 34: oet93qd
Node 35: delgnbk imyophq jp0a3vf
Node 36: 07cx39i uvxhu2e
Node 37: t3ypjc0
Node 38: 6k6sqfm
Node 39: 86cs2w2
Node 40: mlvabzv
Node 41: ih9xkej
Node 42: q0y28h2
Node 43: fe0v7pr oq46uvt
Node 44: lm5p4m5
Node 45: 9xneexl
Node 46: 0jdxf37
Node 47: tc51s86 wax6utl
Node 48: 4du6ic4
Node 49: tejkl3i
Node 50: s84whcc ucrn34i
Node 51: ng6iyq2
Node 52: qiys8ja
Node 53: gtikk6n
Node 54: e7wvfkh
Node 55: e6wymdp
Node 56: os10870
Node 57: rm3orgw
Node 58: z4uy4sp
Node 59: pwjj2wx

Node 0: 1t5ovu3 65vgcfr g04tg84 qo7krbh szx95b7
Node 1: 58ejs6x
Node 2: g617op9 req58jg
Node 3: 0i87xs5 8h0f0me 8t56vfn oaoeb51 p4tj9fh rgopaxq txcp13x
Node 4: 877lkor 9xbcy58 rxr1cyz s46gqas uqfttga xzd6067
Node 5: e55bj7k mlw2xdd
Node 6: 5nu8oa1 i1hmfuu ntnnw3b s0fx3ri sm3bi4u v4b4hy1 z79gs98
Node 7: 8bu499e
Node 8: 7h8ijai m644t33 radq5mp
Node 9: 8iztkqs aiwqr18 ls9wyoi
Node 10: gd6x9pk
Node 11: 6wrzxgm ffkwzek mj5l51c pwnfkk1 pxi3hnw
Node 12: 1x7dbkj 5iy4iy9 l0spwq4 yli8a06
Node 13: ke4i4di q6qxwxe qyc1f23 rbrruv2 yc27e6c
Node 14: btj9yr6 tm3xhw0
Node 15: upvdunf
Node 16: j0rtxpn
Node 17: 0te0xrw a0s7vt3 lr8jfrg ltjkb7a s5kxza3 vwjvjjx z4voxi1
Node 18: 6q1q2xj 91m4k5o 9e045yu
Node 19: vowubfr
Node 20: 6a70qts ehx5yef sxxwoig yoheenj
Node 21: 8ikpues njovvf8 upskfy4
Node 22: 05rwlt1
Node 23: 717kcwn upjy37e yda2448
Node 24: ce6v53v
Node 25: svo7fwj tlil2i1
Node 26: ma3csrz
Node 27: 2o7brb0 61p6daw g36ck9k
Node 28: bfjl0kw
Node 29: 1rvqha8
Node 30: dvx6jfi jg4jom1 sigtsps
Node 31: d84c7gq
Node 32: aihc56s
Node 33: 4hk5gy6 bgorf72
Node 34: lp3kbzh
Node 35: g0555l1
Node 36: 12bbmzt
Node 37: 1jjs8zc
Node 38: 00zfn12
Node 39: 3nag872
Node 40: zmlc2xh
Node 41: mfvfx3f
Node 42: t6gjbz3 tusps5j
Node 43: 0ej7xbr dqshqs3
Node 44: xa9b69r
Node 45: of91qzh qvogy3l
Node 46: xda0nww
Node 47: z0nazng
Node 48: f0obihc u26gqe6
Node 49: q61fk92
Node 50: hw010vo
Node 51: jrkga00
Node 52: oyjmvlb xv3c4c9
Node 53: 1de320g
Node 54: 87jyygb
Node 55: onlzfis
Node 56: ptuo4l4
Node 57: ol6a2wz
Node 58: 25eoze7
Node 59: 2jo9tqn u3l0j95
Node 60: gylz856
Node 61: huoineb
Node 62: 10950c7

Node 0: 5uq8bjo
Node 1: lpe0li2
Node 2: 2ktednf
Node 3: 5ykch61 81z84oi b15e6p3 jtowcro p5akf3b rtcry7t u6gdfdv xt44vpi
Node 4: 4t4kqqd 5o6gbve cy4r9k2 l03a67f y9oxfuu
Node 5: 4072lup 5csois6 c7afzfi od113vx r72yxgg
Node 6: jytv9qd
Node 7: n6ds313 pgt1vwh
Node 8: 2ly83qr rswjzq8
Node 9: 0pw3gtb
Node 10: i9953sc lqu392v m7rc8a0 ytuufp7
Node 11: 8dokhp8 fpnqlcv ujah3t5 vpzrn3x
Node 12: 1dkunox bjqveea jopt5p7 szzrwyn
Node 13: sqnsjus une15md
Node 14: 91afas8
Node 15: wpxf7ke
Node 16: 371erea boltvbf
Node 17: nojmhgo
Node 18: qbwciwm
Node 19: xv6laqw
Node 20: teartqz
Node 21: 5oadhwt bjuarp0
Node 22: 7ergdb9
Node 23: ctlpug3
Node 24: xzq6pl2
Node 25: 2d12hyg 5tl2a5d
Node 26: ss55led
Node 27: nl7g3sb q28c1in
Node 28: 27epd6h
Node 29: c00g6dd vfv9bah
Node 30: im8pv2r nj4nyq1
Node 31: bqu8znm oqg5mz1
Node 32: i1l63tu mdoj95i
Node 33: qcvnr6g
Node 34: 7kb4eib
Node 35: r0rg2id
Node 36: 4k5mfpe y445zlb
Node 37: os30se5 w3s6yu1
Node 38: y6e0uhl
Node 39: zeu607i
Node 40: gw8cjmq
Node 41: soq0f45
Node 42: buin131
Node 43: j8relm7
Node 44: qni2l5y
Node 45: ouqhcjn
Node 46: txdxi0s

Node 0: 18325uh 4gywrlh 8a0t9ns cgudkm8 ean4az2 nhaatp5 pyjnhip pzsr0jp vsn38ai w6c7wko
Node 1: 08srsr2 cu7nfrk m6u4nw8 okg5dx4 qwdokr2 uzjrgt1
Node 2: lubf67k
Node 3: 3j6olxg 9uigsjd f3nykpw z3r09rg
Node 4: 7lrhwdd
Node 5: jozpal3
Node 6: q9jcutl
Node 7: dcugzci ewfq9b1 ty21cje
Node 8: hmp4xgu
Node 9: x71yhsy
Node 10: r3f3lma
Node 11: orxjd8y
Node 12: o0aaquu
Node 13: oj3yhjk

Node 0: 0rictrl 6jzi3ik k4mh8qh k79r8uh qe404ra um4piwb
Node 1: 6bu6l5r bfsyh8z jxk2a8x mg1llut syianyn zj0qz4s
Node 2: cpxmhud smyquqo
Node 3: 2fk13rc fjoyzcl n3ahv7u
Node 4: gux30c8 l7ougqd ujio1fa vrxb0a5
Node 5: ie7cgge xytxyp4
Node 6: 8htheqw fbvvhk2 k0xbgar mds2onh uyh74j4
Node 7: ervh845
Node 8: ybgpil1
Node 9: ycw0h4z
Node 10: 20jsqzb oeefn58
Node 11: 7rhhg0g f7psqpp hqz4fro pohb2d6 v5dcs3o
Node 12: gu9947w nnqjmgl
Node 13: idy3st0
Node 14: bi81rxl lv41xv0 sipamff ub6sq08 uf6z2ia
Node 15: dg1xk1o
Node 16: kv1bswq
Node 17: 7n10p7n
Node 18: 75l25vu
Node 19: 5ylxum3 chskfwe
Node 20: 5pqqlv8 shbl3ip
Node 21: 9v9lhyx
Node 22: 6mfkyvr
Node 23: aune8jf p3q5chp
Node 24: c01fgpf vtu7f13 ykjhu4u
Node 25: rx1c646
Node 26: gasyx5g
Node 27: w8srcb0
Node 28: d12plzb
Node 29: 6q0z8bd
Node 30: iwb3o0i
Node 31: 70704rv

Node 0: 3wgvtov 8ghfks5 ge0sr7i
Node 1: 2bgsoc3 giy6tiy n06ysbd qfskm6u ruzocbw
Node 2: 14lq7xw 1scjcp8 6uoxuo2 ga69she rt3kdcm
Node 3: 6ecezht
Node 4: 4qcy15j
Node 5: pfm7mog
Node 6: e1rwzz6
Node 7: kjq5xby
Node 8: b6o3qcb
Node 9: gr54myc
Node 10: lu3kfj0

Node 0: 8ijk2o9 ktlb86n
Node 1: 2hy7b3w e2gchqy fjca7kn g7q5a2p gk3y7r8 iea9amh iocmv04 kozglas lgkfpy4 oowubgq p23amb1 p8ym4cy r6z9gh1 tfxltkd xteoo7g
Node 2: enbi4i7 tl8szg0
Node 3: fxbvodp
Node 4: 4bsb359 f9jn1wm gqdcbam p0ed419
Node 5: 2jlxx7r xbbgpwv
Node 6: 6bqqivf
Node 7: b87rw5e
Node 8: hm0qn5v
Node 9: i317wp4
Node 10: dlh86ne y58g37p

Node 0: jvvpekb
Node 1: 56fnl0z jd1a8zr jh95l4q
Node 2: xbyn3hx
Node 3: 134b2z3 8ur0r85 fbwyrs1
Node 4: 40vl5d0 67ou52q 8vh6rrp dm4nbm2 o3xtxka s4r6czf ufvu24n
Node 5: eqthpzf u6e8jqw
Node 6: owxymqf
Node 7: 4h6w3m8
Node 8: vxod0qu
Node 9: d59thxk
Node 10: szkrm1y

Node 0: 0s9p2qz 7cj8pgi 88g2yg0 aq19jqm cuzzdpo haeqczk iyu06b9 k9mf52g lfqyv3j sfvfz5b wxebnhb x77echo
Node 1: uyd4auc zbcgysj
Node 2: 9at3gwh h1bc1p4
Node 3: cwly2jz eegnntr f3bh4a6 m71n379 vusr14d zilpm6p
Node 4: 0n6p6gs 57un06v 9k65cf2 ngq6r38 w8wp2c0
Node 5: 8z4eoj6 o2um2ae
Node 6: 6gl552d e65oovn eil6kwv ihijb29 kwxv7q9 m8deir6 t4swndo
Node 7: rgwv5ay
Node 8: 2hmoa3h nlmnz9t
Node 9: h72i3q0
Node 10: lxtefnr
Node 11: 2j0uo5i 7iy6vix
Node 12: k0u70d5
Node 13: 88wrf2q pm6hrqq
Node 14: x6upkzh zn1750i
Node 15: 8o7vj2h ioq7uph
Node 16: nchc1eg
Node 17: fkq2d82 qsbtjh1 v72twoe
Node 18: 1yfvwz9
Node 19: qtvak4t
Node 20: rniuclw w4nz8b7
Node 21: itnux6k j13lpro
Node 22: 165mkss
Node 23: 4cv1a0a
Node 24: cmdyi7c
Node 25: pkp6466
Node 26: jytynp4
Node 27: otz03uc
Node 28: nhyay1z
Node 29: z22dhw9
Node 30: h2dsgxx
Node 31: 904g9ru ar6bide tjkvimt
Node 32: 9ebnkfj dtwnr9c
Node 33: g1xlfv6 k0b0vzx vddoam9 zhu9zzr
Node 34: n836ofw
Node 35: pycguyt
Node 36: 9gm2bkn
Node 37: 1ru7jkc cl0v3zo cnz0tv2
Node 38: jnvi8wj
Node 39: ptufww0
Node 40: 1a2yt43
Node 41: 9sb7bto
Node 42: etiktgc
Node 43: vm92fvu
Node 44: 9ig32cs
Node 45: i7kybe9
Node 46: nlwk5f6
Node 47: mjg21xe
Node 48: hr9dco1 x27xs4m
Node 49: c7wmdb1
Node 50: mib7jtk
Node 51: bvtftj8
Node 52: pzf8ou9
Node 53: hoy71za
Node 54: 953t007
