Node 0: oxf4m5v
Node 1: bielr9y im2piab
Node 2: 31bwetr 4uwrq0w 5udyy66 c0wle4q dk5yoxy ehoz7nv fmtdqnd hrnrh0s j4zacw6 k2firht zyxkw1e
Node 3: a6qvupo j670q7s oyg7ey1 u6py2vc
Node 4: 6ebi1w3
Node 5: zrrcbsb
Node 6: l952mq3 zx6y7ry
Node 7: 44szfsa
Node 8: 6k9whnf
Node 9: rqh8qat
Node 10: 33p4ds2
Node 11: 6owu56u ltuhn8m
Node 12: a7lcmgb
Node 13: v5akysz
Node 14: d9oqhvz gvrziqr ybf7oag
Node 15: alr92hp e1hiagr
Node 16: gcmxoya
Node 17: odd8vtm
Node 18: y6hjli1
Node 19: o8keobt
Node 20: ou1kvcb
Node 21: 0agqdck
Node 22: 1g4z0vf
Node 23: 7tkh2oy
Node 24: maxzsh0

Node 0: msgvf0m
Node 1: epztqs8 pc621eq
Node 2: 4xl37m3 dgjoqiy e7w0eqi k3bjddq nbaesnb
Node 3: bp5qw59 j1ey54h vjpa9dj
Node 4: 4hu8u5t 7dubexn hs5ww7c
Node 5: 1ps7l2x s51mmeh sjpx4xr un4q65y
Node 6: ov0mri4
Node 7: bq8z825 gdaeaqd
Node 8: ba9mbt7 m8chqsg piql4mb
Node 9: 3867zw2 4vqeffm 8fdl85t 8t52z6n lnrj844 wtbqddz
Node 10: 1hwb294 fsxu968 qkcrtut rs7a9j3
Node 11: ae1przi
Node 12: t4iwazu
Node 13: liypi67
Node 14: 0kn6iyo 32mdo6z
Node 15: 3g3en08
Node 16: jzjfbyb
Node 17: l72pg72
Node 18: xjsrxsz
Node 19: 3jpu5s4
Node 20: 226ir33
Node 21: f13s9bz
Node 22: vaiwvgv
Node 23: mzgxu2y
Node 24: 2yq1xsi
Node 25: plixamk
Node 26: 82t6qm8
Node 27: uyz4fxx
Node 28: wv52a0s
Node 29: dezuvtb
Node 30: leekf3v p3eh4kt
Node 31: xwzeccd
Node 32: m47b1z0
Node 33:
Node 34: t2ml51s
Node 35: c7erkck
Node 36: 1y1rilo

Node 0: pdsgoz1
Node 1: 43zyu5g gyoeezs l6ne6wp
Node 2: 3rcpoby 9g9jgqc h2fj1l1 tzh00t9 y5oash8
Node 3: b306g1o
Node 4: 4kc0g1g apu1oyb h902pxb l8cx1fh nr8wcya
Node 5: 2tvygzy 2unkkbw et7pk9k f68pzs1 gz5jo3y n1z1dce
Node 6: xqcrk1y
Node 7: qe68wo9
Node 8: wybfpap
Node 9: 82wgihh
Node 10: zrsgypr
Node 11: c3wtuje
Node 12: 4mip3lt
Node 13: hk4c9c9
Node 14: zaatszt
Node 15: 00g9uw4
Node 16: nztnxbh
Node 17: 6ka6rs9 s1vwe8w
Node 18: tdrmye5
Node 19: 0p129ds
Node 20: 169op8j n9b7peo
Node 21: 64ovd6j ql9yqea
Node 22: y6c2hcl
Node 23: u2j3gf2
Node 24: 047lmcg pjud0n8
Node 25: 3pz74k0
Node 26: 4sybfrs
Node 27: huzp29l
Node 28: egycycg gmyahx9
Node 29: xhxr4gl
Node 30: jpx7w9a tfscc96
Node 31: ezcgij5 f4oheek
Node 32: 40mb6gy p0rbdpn
Node 33: 0c8u4uq i1s1q9w
Node 34: wl36f06
Node 35: bsgnhe6
Node 36: awfrwnm
Node 37: 9zjiqar
Node 38: z5ypq7x
Node 39: 0mgn3sv
Node 40: 5rnf91t
Node 41: 2gad2fh h5cxw3a nfauk2s
Node 42: u7krxni
Node 43: j5yekji q234ubd
Node 44: 8i5acj2 drxjkf8
Node 45: 2gtdj70
Node 46: 3543are 4c15o3x
Node 47: lbqno3k
Node 48: zsj2dgd
Node 49: ph9rbch
Node 50: b0kih4x
Node 51: ws5ab1z
Node 52: v1pnmfo
Node 53: t8xgqja
Node 54: 7o4xu5s
Node 55: e79d23q
Node 56: 61q6k1k

Node 0: 7yg77yo d2by6u3 e2bk666 eoamjxk gwdxf88 hyvsoxf
Node 1: 8hhyalu

Node 0: 51laynv 8yyqfv4 f1aogia is2nx22 opwlaqc p9ywds5 rqxoogm y34krt5
Node 1: bt5yut0
Node 2: 229ca1r 5sm9pnx ab53i1n axksz4l b14xyif b9u21wh fgxs39o w2gkvuy
Node 3: qhdm1mo x0jpg8r
Node 4: ob0f5pk
Node 5: 0cqfqcc el1ppf9 jodjtzn l2cyg7z lr47bhw nv3vwjn u3kgkp0
Node 6: 00q7ko2 5bjvh2v 967outc 96e3xm9 hpwkiaf jditst1 lqwppd5 s652bb9 y56z1tm
Node 7: 3u6q21n vffcbq0
Node 8: c4jcqeq fadykxv
Node 9: 71wrf4w hd0cone nu3izja vme8ssh xehxyne
Node 10: qt02ilx
Node 11: ugv39rf
Node 12: weumm1j
Node 13: 59twmkf
Node 14: 6b9bfp8 8nrk9dn ah6ajn4 jeqgcq1 srh06eh
Node 15: 8jk6jdf
Node 16: etr0izb
Node 17: 144zegw e7pkqsn
Node 18: 1q3wq1y e4ffhtg gwjkixq
Node 19: numd1vt
Node 20: rit62u8
Node 21: 592az5r
Node 22: 2r0saqy t317dzz vy71upc
Node 23: f04zfxf juj1z8j n4rycd5 yekdijw
Node 24: li2c9l3 yls98qy
Node 25: 6whgyfc
Node 26: lrsrsxv
Node 27: myfffah
Node 28: 8yjc74k
Node 29: f5eh7x4
Node 30: lwf7ihh
Node 31: 9cq08o4
Node 32: bj09dby t8f298v w03q8kz wec0dyw
Node 33: zfzi7eo
Node 34: hmcyd1c
Node 35: 321b10c
Node 36: 8xcr78y
Node 37: fj7yp5s
Node 38: p1a61wx
Node 39: y0kbolz
Node 40: yczwft2
Node 41: 69r1oga
Node 42: rts1tn4
Node 43: pq2m3lr u8dvqcz
Node 44: nr971wk
Node 45: b7sgo3b
Node 46: raage76
Node 47: gefy2oq

Node 0:
Node 1: 3fzzz9z 9qk8jui skepkg1 svepjhn xvt9wib zb25wxu
Node 2: k2oz7ec
Node 3: 3gxikbj hl4hy0x qa6vd6m
Node 4: gkznxsj pdsojtb
Node 5: jzxinbp
Node 6: 2zuetjw ctphhh9
Node 7: n7e0u3j
Node 8: eh81gtx s537omx
Node 9: 5me0z9i

Node 0:
Node 1: 60u06q8 l0k9lvp mrwiv65 tboyfuh
Node 2: s7dosau
Node 3:
Node 4: kby9sdk mdbz19d sxda9qw vfjllqd
Node 5: 0gfz8gh 2ryj1gf 5b6mo5a d61f996 l7hs94j vnj9as9 x2pgafl zud6rk6
Node 6: 9zollja
Node 7: 50tvhet
Node 8: xonxurf
Node 9: uerd3pm yutqrgd
Node 10: xjn9g82
Node 11: fzdshk5 xovmbyq
Node 12: g4g3lzi
Node 13: d63hxyo

Node 0: rqe1yd6
Node 1: j7ubt9p
Node 2: h78zu76 qew18ph
Node 3: 56a4788 7zgcj85
Node 4: chfu2u3 g1zhpr8
Node 5: vm2nu5l
Node 6:
Node 7: h34wyzs

Node 0: af9r71x o9597sm
Node 1: fih9tus
Node 2: 6v44nnm omkogi2 pd6658u pgt0uzn uc95i03 vm7b9rp
Node 3: ee786n4
Node 4: cjmddih dnfm5on gr4pdc4
Node 5: 7y6wush
Node 6: 5rhgygz btsl5bw icl9h6y nic636n vr222zw wrtmfrp z6uqnba
Node 7: 3kl745p 3oyo2am wjksznt
Node 8: 49g9ul3
Node 9: 1zmb0c6 9pckda3 ndwiygr
Node 10: fl5xqi9 kpjwglp u3uuwro
Node 11: dlw2j9y
Node 12: xsyabl3
Node 13: 86ya5oy d1zzizf
Node 14: pqeh863
Node 15: c8knqia
Node 16: 2487odn 2h3lvga 6crr33i g2v40ms
Node 17: 41fiucx
Node 18: r5w50bz
Node 19: 8nuoe5d
Node 20: efdypy3
Node 21: hmxebj9
Node 22: rd9pher
Node 23: 98u7pkv
Node 24: t37xk7f
Node 25: lzlam5u
Node 26: 3db2bv9

Node 0: ys8u3dy
Node 1: 03zlu3n 0ebd9au 385oer7 5if9tkj 62uar2c agista6 bgf0yi3 deb1x1w g3gkhsj iw1fxup n6qk6v2 nfb5m3n nq7z9tc nrhabbg rzvnrnm temt069 u8cu35d uhqvb5w vg8d7jg wvlxnd8 z83zvpi zs8udfd
Node 2: 4lt1hvo
Node 3: azmnb9k
Node 4: dkqy37v dnjasoj rb8e8x7
Node 5: 7btu2kv
Node 6: icocrtk ov37m1q ov8u8st ox6tay9
Node 7: al7v104
Node 8: pk6m2kn
Node 9: k7hnp8p
Node 10: oi420gb
Node 11: 0eo537m
Node 12: rwzi4wb

Node 0: 01awye1 olmnnlp
Node 1: 2lc21ye
Node 2:

Node 0: 50ilubm lc20lsh q9xj1rn vwkk7kn
Node 1: 1w15vw3 8i19cao
Node 2: 8lp4cbt
Node 3: 2fjx2sf snn1nt8
Node 4: touhy54 xefk3aa
Node 5: 8tccsks a5q67sy aetig3l es2zwad g0me39h l152ur3 mug64op tmy3e9l u5ccdkn vtzoeon
Node 6: raqdmfk
Node 7: 7yje221
Node 8: 9ez5awx
Node 9: 93nmbgp
Node 10: vwh9bng
Node 11: 6ontuhs
Node 12: 8bzx2ei
Node 13: zarpu6f
Node 14: f1077wa zfij53k
Node 15: 4p3lroz
Node 16: dyhz614 eb7i5y8 zxzcj1q
Node 17: g5xb45e rrmvnh1
Node 18: 8ctd51p
Node 19:
Node 20: d4d969q eog4z5i
Node 21: 9v7jiiz gwgtqy8
Node 22: h2ydbt4 zxd5twr
Node 23: 3cllgkg akwrgi6
Node 24: sqoq0iq
Node 25:
Node 26: cselku5
Node 27: 4w6jt4u dhbl1yz
Node 28: yash7pg
Node 29: oz5y6l0
Node 30: 7cm62ox
Node 31: r9dskxv
Node 32: oysa7u7
Node 33: qmm8mz4
Node 34: 1w1qe6l

Node 0: bp4rfn8 f9uvel3 hi8j3t9 kyjnkbr
Node 1: 0ax0cpr 7rprbua kbxu25e uobiham ww5wcgc zx4ld9n
Node 2: 0b818kd zdubixz
Node 3: buft1sx
Node 4: kb6kdu2 tpa8nun wykllxz z6t6thn
Node 5: 5z8vkfo
Node 6: nfrbpgr oxtlo06
Node 7: l4rflro
Node 8: z8g8h2k
Node 9: 2hpq2l8 b7tvqhb e305tp1 fuo4e1z qqbvukd u5f0p4l zxzjn5d
Node 10: r3igrv8
Node 11: 1m30py6 4w5eus5 dtaygjf iskmn4j oqulc7v
Node 12: pjn91q9
Node 13: 0yjsv3p tgxdv4d xg7iepa
Node 14: fj6pkci
Node 15: 6sm5ew1
Node 16: iy1rfs3
Node 17: 2hqv7a8 e8sm90k
Node 18: k48qjxj r0rmytx xon5a6v
Node 19: 8q3p4nm
Node 20: 865i47r
Node 21: qz0t7wx
Node 22: 34sc70m tfxedg5
Node 23: 9gxq1xv ltk76tq
Node 24: 67ejcik
Node 25: 6vce6ch aisedwj ju46tk3 vxhl4ue vzal1jw
Node 26: e37nqzf
Node 27: fhixeq2 q5xg1ce
Node 28: b7gi0cs mr9d72b
Node 29: 52ap9b1 bclfcd7 lq3i6hc r91h21a t4hkaee w1fji6j
Node 30: 81ck3mn
Node 31: f49hwi6 i6w694l jo0w635 yvrqnic
Node 32: sxrx9dt wbe2d6d
Node 33: 0ntbqfs
Node 34: 75ttxz4
Node 35: 3tqongo 7qjf2lz 8ajnzdu d726gxc phqa4bv
Node 36: uopbhmy
Node 37: d95onkm k44nzj8
Node 38: opdlys5
Node 39: b4nrhbq
Node 40: zt1nrhw
Node 41: 5n9yl24
Node 42: bnhhsem
Node 43: m0tijkb
Node 44: wz27s0x x0nmdqd
Node 45: oz6p5gp
Node 46: 68iueoc q7wx61r zdjzxyf
Node 47: ivz4o4p
Node 48: flm9c37
Node 49: ziygse3
Node 50: yp0rzru
Node 51: 9s7k7ll
Node 52: u3b9l2q
Node 53: 2w4suhp
Node 54: yrytnpd
Node 55: ea0pf42
Node 56: nz2azlj v9hcujp
Node 57: 2ues53q n1zwfvb
Node 58: 030fz4j
Node 59: 7bl2tj2

Node 0: a6pg0uk
Node 1: 8o0hfos
Node 2: 3noy0wd 4vs4rzu 76xhod2 awea9hv ezuxyke kfxux3p lfwoi6q p9zjsga y1pf83h
Node 3: q2lk46y umjsitb
Node 4: 6waxiv0 sloc9fd wq2ismr
Node 5: axidc5x qtskna2 vz21a92
Node 6: 7dozymx
Node 7: gxygm0u q9wy81p tn8e3no
Node 8: 1uom1lv 8l7eaz8 8ugl44x ha7hzk2 udgewe1 ykz01l4 z0bjbsy
Node 9: 0jgjcju
Node 10: acoby73 bepiznr fn2j4r7 fsnsam6 gzz12tg h8tylqy khrh6p9 kro4l4i nrl60e1 ok02ses r3diy41 yj99hyv
Node 11: m91p2rf
Node 12: nxhh5j1
Node 13: fuv79ns taokoyn x4ez0hj y0cb52r zjce8c7
Node 14: hwynoyk icmesij lgfbz7d tcy0sdr
Node 15: 2nvwp4a
Node 16: 07guowo 6dj7i9k 892odfv atbgsjo
Node 17: 5qsak61 mm4cf8x xcp60if
Node 18: me65kbo
Node 19: reeqo49 zts972y
Node 20: 6jcn43n 8j007cf d18jjta ffzodrw
Node 21: 9x2uot1
Node 22: 9vy0ie1 u1y9fdr yzuqoal
Node 23: ekzlkds y19wlub
Node 24: iq41d34
Node 25: 972ndw6
Node 26: pmogqvr
Node 27: dmkd7xd xx9ztb7
Node 28: vm6z33j z0kinhc
Node 29: qsaj4sp
Node 30: b4pvt2g z2cupvb
Node 31: dvjs0n6
Node 32: s8529zl
Node 33: 2r5jnld
Node 34: 57ubuot gecvzef r2zxn6d
Node 35: cwzik5j kmbatol o27od6s
Node 36: 028r4k4
Node 37: 2bw9ajs
Node 38: 2cd0b93
Node 39: 0f7fhfr
Node 40: lh5ab4m
Node 41: ful55u8 zadvzcl
Node 42: q96zatj
Node 43: ue2jk3v
Node 44: pgwm3if
Node 45: 4eupxja
Node 46: swbfh4v ttk8mdo
Node 47: zku9gct
Node 48: 3kfp5pz
Node 49: vp1o7ht
Node 50: tygpyaf
Node 51: hfeovxd

Node 0: 4xvhg9e 8rbtgoi juajmv6
Node 1: 3p4sb1j 5wv4y29 6pyr0sq 7op2bx4 as546vw b3v825f cehx0hp ge91zeh ixbi26j juch6u0 m5d6w84 p23w4sc
Node 2: 7n3ju88
Node 3: l4c0aqy
Node 4: ax3bjy8
Node 5: 1crbrtk va8ep7j xxzzbyn
Node 6: tn1fj5l
Node 7: ijwu7om jime9dl pjnt9f7 rl9ja0i
Node 8: hpdykae
Node 9: 86snz64 pck6ejy
Node 10: ffcinpq
Node 11: h7l3llx o9wrciw
Node 12: ade8ho7
Node 13: un48ibm
Node 14: mslbf30
Node 15: o4lutk5 ur8m9sa
Node 16: uueoo9t
Node 17: 86v04t3
Node 18: 34t4gdb
Node 19: 7vqstzj
Node 20: 0yxvh42
Node 21: aqsola9

Node 0: 1rmani0 22h93cj 7z1nf14 g4b343d hnl5ef6 oyjqvi2 tztpsz8 x4bkcen
Node 1: vyvgn5c
Node 2: f2nq5hi
Node 3: wz2lcya
Node 4: 3q3her5
Node 5: 2dxewdj bimesu7 hng6akw k46tubm u8p9lr0 v8ydcea
Node 6: 2z1746p 55va02a ealmavq vqs8x3y
Node 7: 824kg3h gpyar33
Node 8: l397g6f
Node 9: 9h65msh
Node 10: 1ihhj4x hi32n64 laejbzw
Node 11: 99yw6bt ferogcr mp9lyo1 r2h7eh9 rxntvas yb0inpo
Node 12: 2a1iv4m
Node 13: gpa01p6 zwa1fpg
Node 14: h648kha hy197p6
Node 15: dtjl7og geoc2qr
Node 16: 5yjjoxo
Node 17: 89y0987 re1jm0m
Node 18: m30g244 wt8ltme
Node 19: z5cqkbx
Node 20: xpzbxaz
Node 21: 2vqpn8j
Node 22: xfk0mn7
Node 23: r8rxg0h
Node 24: 2l3hhld
Node 25: h5t3vja y69dvad
Node 26: 7epr4az
Node 27: 2z2dvh7 z157k15
Node 28: x7kynqk
Node 29: fb8aan6
Node 30: 3m7p3lf
Node 31: tbm23mr
Node 32: dfkqwy6
Node 33: 7ipbw1o

Node 0: 3jz64zj 47443pj 6092er8 74753y0 7eq4d5y 9ec4di9 lr4caea p4s7tql q5l2ia2 u8aw4ma wd53euc wxo7gaj x7gez2k xkgp2y2
Node 1: 5ahen8i ghhi41t od0m9yd y9abv5s
Node 2: 81r5qkt jk1ijxp kfebltr l4iy3i4 p0jyxtp
Node 3: f2s0mkb khryto6
Node 4: plwzpdu
Node 5: 15kzy08
Node 6: 7wb6cbt gww8ot5 hhlpiv0 i64kg7u wbcewhr
Node 7: 4alaclu
Node 8: erfz7qx lq8slwj q2qvsa6 ykdrdym
Node 9: 10r49y3 6iwhndy arl4w3q d3t3di0 dryaq8q m2rnqif xg6tlm5 z84jymn
Node 10: l0lzvzu ldqle8b
Node 11: 3ongzes hyyarc4 pjex7uz
Node 12: 1ghsx9x kmqhf49
Node 13: lhcrf5o
Node 14: v4sqi7d
Node 15: 65dk9ek x2zffbu
Node 16: 9sbtjah ap4rd6x f46u1y7 xbkt4j0
Node 17: 0mxp35j 8jq9y73 ms1zdqy ux80h31
Node 18: pvbp8ka
Node 19: 8y4vg91
Node 20: 6or8l3d
Node 21: 4w4y4en
Node 22: qb57se4 vxlmabu
Node 23: ept9krn uiovthk
Node 24: 7edc9wr uwdj04l
Node 25: bppqag5
Node 26: xhyzt54
Node 27: nu6o8xv v9l7fcj
Node 28: upnnfaz
Node 29: f1z1lep fl59u2p
Node 30: 7z00iyi kz8gk33
Node 31: el4nc5w
Node 32: 3tsw5by jwxcxdd
Node 33: gt7w604
Node 34: 2cxacvh iels3nv zhis7hj
Node 35: dz3nxfx
Node 36: 26gaary nobr3cz
Node 37: 094xjoc cgpcfr3 dy6c7no ko7wrjt
Node 38: d7dmp7o
Node 39: z30mq1v
Node 40: omephob
Node 41: uff9sbg
Node 42: 7sy7srf
Node 43: w64opdw
Node 44: 8po44uf
Node 45: 05f8n0r
Node 46: fdhmh7q vh2g9qz
Node 47: t3ncl5r uy1en12
Node 48: gxyuqhm
Node 49: brr8nzt
Node 50: orwf0cj
Node 51: bpqkbb3
Node 52: f0watyj
Node 53: qz49jj3
Node 54: fr9nf7i
Node 55: yu6e14i
Node 56: 6cdtowc
Node 57: 7u83byh

Node 0: 46oigzj 6pl6ub9 bzth6ce jgaq2yx m9wm5s5 oomil28
Node 1: 7zcxhue lzj8pfu
Node 2: 4e6qty9 7ew5lq7 fb7hwbd g44sxyn h6ih7ws jqmtdfm up4vzs3 wuujhdb xn7ldbc
Node 3: irwf6vs
Node 4: 257kpec 7f2nlod 7qa80jm c95g6en noalgg9
Node 5: 1y2tlrh 3yu78ds 6t0wg8z kfxm4gz ltfxcxz vkup8si w16s6qq w8kas9p zd938zw
Node 6: 0d5e93u ibe1jv4 ohp5u6i y4j4eur
Node 7: uedzccr
Node 8: 8frktcl lemklzi o5atvaz qw8mcf6 zi633um
Node 9: bhwgdmj mmmze9p rk5onup zvmd3y4
Node 10: s02nn9e
Node 11: j0p5fma
Node 12: 2ml2rnz k4ebuyt
Node 13: ay8jhak
Node 14: z599rm3
Node 15: r1gu6us
Node 16: akv6r8d lc4m86g t05lvk2
Node 17: futxxye ikmpmif
Node 18: m8i9zst
Node 19: 5qo6e7v
Node 20: v0eeo6p
Node 21: 8uqogru
Node 22: 11atnm9 yim4lii
Node 23: 7039qml
Node 24: 2fnaq79 2h5o2xl
Node 25: 7568bcg ejw1py7 t61unba t8aozwi uau2j4q xk5ln9i zpshwnq
Node 26: 6a2lx00
Node 27: ucs1yeg
Node 28: aho9y9h o364wej
Node 29: ol5gdd2
Node 30: jvvevc3
Node 31: 0ugnjlm dxhzjxe ncquho3
Node 32: 7rpzg64
Node 33: 5tz7q8e
Node 34: byvhdfr gatz07t
Node 35: ao8zoqn
Node 36: jzb9hmf
Node 37: o5w5uk9 q6ka219
Node 38: fld65ym
Node 39: wbod38f
Node 40: ghuy31n
Node 41: 20xe3jl w66mlaa zdky2bm
Node 42: xjsw1uw
Node 43: pbeg6fr
Node 44: y4qye1k
Node 45: m17tz5f w4bgu1u
Node 46: 32fxs3t
Node 47: d92fq2c ez4oqdf ggfl6py
Node 48: yrbymgt
Node 49: 3edufgd
Node 50: i0vqm5k
Node 51: ry5kbho
Node 52: 9ao8atg
Node 53:
Node 54: uggif32
Node 55: lldkosb
Node 56: tdxbid0
Node 57: hvmb7fj
Node 58: fjxrdg2
Node 59: 94i9f16
Node 60: na7fsiz
Node 61: b1tgftw

Node 0: eqpzdsi fvm77yx g1nx9t5 nqnw8a1
Node 1: ralu4wa
Node 2: 2mta45q
Node 3: dxob08o l8hyc7o tgijxuk
Node 4: i9tm31g
Node 5: tx8gq5j
Node 6: bsti8gu ggf3x4h
Node 7: epfscs4
Node 8: 0htngkl pj57dav
Node 9: 4ytn3uu uabmg0t
Node 10: xinhh78
Node 11: ckd5fv3
Node 12: 8yz0t8j
Node 13: ngqjm0k

Node 0: 5df5fmm 72urrsx 8fpntu1 gasnm95 iqulda2 km51tm5 miue4kt
Node 1: u7maz7n
Node 2: 8ch8jpz fvmcmvy

Node 0: 2gulp65
Node 1: 1ud1i2a be0v4h4 leg2l60 pcozo9j s8qe75s
Node 2: w8pi1ov
Node 3: 612kr6a do10cv9 g8tvuub
Node 4: kn7i4kp u1rhtr7
Node 5: f9479an owbik8f zsn2etp
Node 6: 65cyzz5 9w2rkmi clpzrzd xljiz86 zkk4bpu
Node 7: 0z0v4vx ho8t5px jcpdjq3 k0yxxgm pvvqj0e rkxq1je uqwffct wpxpkgg
Node 8: 3cdu7wn b663283 l8ukbcu sukd3bw
Node 9: 09h44vp 6zsvv6b 8w0ya4f 94ymd1y drdehun nxay3t2 ooes2w4 pppo7me tcf46v1 zmt48zm
Node 10: ty72k7h
Node 11: 0ywos5k 8dw76j0 jdujn1c
Node 12: pjk6r6o urgygk8
Node 13: 577ue8j
Node 14: rhjr5sw u1x9440
Node 15: weee8hz
Node 16: 5k0muq6 pldi12l
Node 17: 79x7f6o 9uwoldl bk722kf
Node 18: f2vif3i
Node 19: 83xa796 db0m4bl intgyb2
Node 20: 1jt59jq anirugc b3dsayd ttfmc5y wuf20un
Node 21: cprrrp7 rnxpwes tpohf9v
Node 22: 6bqutrt
Node 23: h8w5mhd
Node 24: a2ebv2b
Node 25: 8uol7mb
Node 26: 46kvueh
Node 27: 24zprwj mg4e6y1
Node 28: 0yquy8g 98vybod 9i0y9af xw2sz1i
Node 29: roxz2r9
Node 30: x6895gj
Node 31: 46c5qkt
Node 32: 7s1nvdw eposn9a skwp8jp
Node 33: ebggqjg
Node 34: 0n6cgu9
Node 35: dn1bea6
Node 36: 1rsid9l
Node 37: lnut4fu oxfef3w zo5eckw
Node 38: nus9e3h
Node 39: ir8idvm
Node 40: jo228jd
Node 41: 6wcuh4b g8fa02t okb82cm xt45maa
Node 42: 0rjq5je
Node 43: iwpzq76
Node 44: zf2xpta
Node 45: ayvhvw6 m9iwont mnvty3d
Node 46: ysvwcz3
Node 47: 8kziz7n
Node 48: u6rfeur
Node 49: 3kchg4c
Node 50: pgcnhqi
Node 51: jfev7oy
Node 52: ac8e785
Node 53: 5npi250 72lchua
Node 54: lglstn6
Node 55: cvpotai
Node 56: 15f3j83 kacwmih rnrxn7k
Node 57: mgfhyjs
Node 58: dot9f1c
Node 59: n5p07aw
Node 60: 1n4m6ca
Node 61: cdyjpzj
Node 62: mkx1mw8
Node 63: fd251y1
Node 64: crr521r
Node 65: t9uadok
Node 66: kqm2nuf
Node 67: 451bkom
Node 68: 608339j
Node 69: 3agq7ks
Node 70: 6amncru

Node 0: 0g45cq9 gh0j1zr zewg5tj
Node 1: 2hikd1p 2jpmqd2 3uic1hc lzb3ox9 vy1493p
Node 2: ke3prb2
Node 3: q416i9k
Node 4: b90pg2e e60agt7 h70qos6
Node 5: 9yf3cts b9541s2 geam04p k480bdw yge058j zej7ds7
Node 6: 67u3lh3 umgr1mv
Node 7: cj1d9gk r1isuwr ydfalfb
Node 8: f3dezxd nuxrhq4
Node 9: z1vqo2j
Node 10: 47evrhz awywv6h hof402j hxrzb04 k54bi07 t587teq yximhf6
Node 11: d9aqolr owygbbo zyz8hh3
Node 12: cpllm4j k3a7tqs
Node 13: 1nb3lsu quncprb
Node 14: dus8dvv mq4er5v z899btg
Node 15: e2v15st fqpwb3c ht8k259 moqxphz y41uekm z31p365
Node 16: 1g9ixsp oumjpaj r9anisz sfpieh5
Node 17: i40tm7w
Node 18: h4c1wjs
Node 19: 07kte2e 8ynk3qq novcrzs
Node 20: 0vveosa
Node 21: udq56kk
Node 22: qdgk4ox s5mclma
Node 23: 9vayec8 bqn81vm va7lzdo yzlvpqf
Node 24: cwl8xjs l76udpc qo316tb
Node 25: oyhwg9v
Node 26: urhsgnt
Node 27: 4om0non lwle4uv
Node 28: 8uik079 bmkcq30
Node 29: 6pqe63h fimb1ve j24ej7l pbm098a qb1jomp
Node 30: 69pmail
Node 31: obd2ccm
Node 32: 0aj8svg
Node 33: 8dyleos nldbq9i
Node 34: df7a9nx
Node 35: evlqb5h
Node 36: ysgkwfy
Node 37: n4jzh5z
Node 38: ezse3fi l43b1jm
Node 39: ca3zw4a
Node 40: t5cfinh wh8g07i
Node 41: rwov057
Node 42: i8s2nku
Node 43: aihle5c
Node 44: i0hnl2y
Node 45: oh3gifu
Node 46: 26kez4l
Node 47: 92zqbbp
Node 48: 67rv08r
Node 49: 96v3x0h
Node 50: m2mfh8x
Node 51: 4213lpk u6alk87
Node 52: p7mjs21
Node 53: p06849n skmhbcy
Node 54: nk0en4t
Node 55: yadip3e
Node 56: 2m91qih
Node 57: cw70nkt
Node 58: 1zmb2u6
Node 59: jbf8rh9
Node 60: t3a2dbu
Node 61: 78hfp82
Node 62: 87lvjkk
Node 63: 84zbg3a

Node 0: tz5plqf
Node 1: 52ibaoc 6m3e1ah aksdk2z fq163bp lgum1i9 s3b8kkl to1gcev tzrb43x vj03y9g
Node 2: 0x7828h 1jdoe1y 5ytgese flffm7j go5x9yl s9jdo5i
Node 3: e7fb0o6 njfz8d9
Node 4: c7w91i7 xzefqsw z1r5cv0
Node 5: kahx96e
Node 6: 0rh11w5 58ac54x du26pmo fhtxlmh fms4cbc k086llk lab69vh m9lxoug u6048j5 xr5rla5
Node 7: 2c1efps 4sq53wy 7gmm8df dqy90m8 lqkh22l pgdzbq9 pq88pvx rk18a9h z45qvtw
Node 8: 01ywgrs 17era02 49ohkw6 54ozw8h 700i1jx c8zvegq drzhu8n fo91a45 kqn36tq opcyl6u tc18wts zapyj5m
Node 9: dqv2hrr
Node 10: sa4ul0w
Node 11: 9il50c6
Node 12: 37536w8 w0ln654
Node 13: wvd1aem
Node 14: 3e4fv8e 3mya07t 55iqt6z fwcu6pa i7jxdb3 md8hrn7 ohpbti6 q3iljco um1wrpl
Node 15: i00oy85
Node 16: bo10m6u jvpewlu
Node 17: j6a8gdr
Node 18: cf8aezw lcfcjtm shcdza8
Node 19: te8hk0g
Node 20: 4xleehf
Node 21: kgdqfhr
Node 22: bqrsa3x tvg9gpz
Node 23: 9l7dpi8 9yn1dru
Node 24: cx4purl
Node 25: midkyai
Node 26: ee2gx0d gv5joq9 zs2ype3
Node 27: 03oxl52 ovflquf yard2ey
Node 28: 841j1gp hh461x9
Node 29: 9q824nd
Node 30: lxcj1p8
Node 31: 90hjeul
Node 32: jw9d8so
Node 33: unzdnqp
Node 34: i9fsvhc
Node 35: ugig8a2
Node 36: qk8oi7s
Node 37: 3ilh93p bj8mpv7 v76zlwi
Node 38: f9fbk80
Node 39: ghf2tvm
Node 40: 1ad7pj4 czbn1ig
Node 41: fjxny4h
Node 42: 8wcodrr
Node 43: uoqfsdz
Node 44: 6nqre4e dokawa1
Node 45: 09v2f4c
Node 46: c8zc52w
Node 47: oowqnyj
Node 48: ow4q0zc
Node 49: 0l4afv3
Node 50: vlndpmt
Node 51: bkmsvk2
Node 52: m6vcvrb nbqhdan
Node 53: vzmkmsi
Node 54: wmf0rl8
Node 55: zl1sjxc
Node 56: nwwav64
Node 57: dw54ket
Node 58: 7nxpwkj
Node 59: rrw5zt8
Node 60: nxmds7v
Node 61: y17og36
Node 62: dp5u9cv
Node 63: egzye0f

Node 0: 8a3j767 8e1vuv3 br92aro s1zr6ot x45rxs1 ysjjczl
Node 1: en6fbho
Node 2: kzqdbyh
Node 3: oz0mjxy
Node 4: 1n64t97

Node 0: 0jphwx4 8dk86s2 do9ungw fd763x5 k0rm8kj r65fpr7 rxlbtlk s612a6s xgln9nz
Node 1: 79vqrhl ikexhyf
Node 2: 3yu7nhg as4cnaj cbqe8uz
Node 3: gattcgd
Node 4: cuo1f3y
Node 5: 23t765m 2fy13ui hp5q7nz syfk7go wt79jrg
Node 6: 1a68h75 60idbpl ci6irgd ixkvcgk lvymsjt o5wvd4e
Node 7: 0992ch3 6t4ltgj vt4bw7r zjhdmjv
Node 8: orowce0 yoke36o
Node 9: 4402ikb bytkvw0 hkbo6wf zz5ardu
Node 10: f8rggu0
Node 11: l1qct2r qyu1zix slmeq4z vz3mwc3
Node 12: ra65gch s25b2l5 unzhi3t
Node 13: 1x7ro37 hnrkv4u
Node 14: 8gcy4x7
Node 15: irpq8v5
Node 16: oyge6wf
Node 17: mdg8j6c
Node 18: a0wh8aj
Node 19: tydrbv5
Node 20: er3c366
Node 21: icc39p6 mn6ccyu ydp4amm
Node 22: avhpcs2 p33ifcb
Node 23: c070efq
Node 24: 5u7o2kd rwnngru wrrj4po
Node 25: s8km4ui
Node 26: hfr6dux
Node 27: qw0if25 txhgund
Node 28: t4ogsvq
Node 29: q2l3366
Node 30: ayy3sb4
Node 31: qsrkgic
Node 32: 8q8rumc
Node 33: 2zq1nqt

Node 0: 70xrne1 8xpwrms 9yfj93n f7neykc gutr61x idcy7om o3cidr8
Node 1: 1jnzly8 3gde09z adhjk7d b09qorf zdyq3kp
Node 2: ep787qg
Node 3: r76wkyd
Node 4: 172fe0o uo2imp8
Node 5: 3lt9cc9 5gr5qzg 87bwznb dsrxhjb j3ndntv uwzd1up yx3cp1a
Node 6: 7m56un8 c2wfx8t
Node 7: 3un7ef2
Node 8: 15aqvrd 3l1z68z 7ln8bb1 b402hx8
Node 9: 5dn2h4x
Node 10: cp4nuu8
Node 11: msfgofr
Node 12: jsd8l0j
Node 13: 3ez9zqy obnjg6y
Node 14: bm0z3f5
Node 15: f2l38ni
Node 16: 4urmeza
