Node 0: 17bse34 5iz9ye8 7zvirag 9j5hvdh fkm7a6j ggr1th1 gzk4b0n lf0jloq vodo9vw yxl37kd
Node 1: 3x4z97h sf95znj stl02j2
Node 2: 9l05dly jmqt20r
Node 3: 8hcqyh7 atno50b ez262yl h290c6b u5amdnd v2xna32 vw7f5ql wu46osr
Node 4: y61hgfv
Node 5: ba6s9in
Node 6: 70vf3f0
Node 7: 79zjfqi a4pojei uv9iwxk
Node 8: 5pq0w9x
Node 9: sipt5g0
Node 10: dyl2mh3 ffhtg5l
Node 11: xwzx1ga
Node 12: 2xxfdya
Node 13: s6asr78
Node 14: azrgjcr
Node 15: jiyxgwt
Node 16: kg2c948
Node 17: d8rm653
Node 18: q34s391
Node 19: rzfkm6d

Node 0: glvp76c kcxtd33
Node 1: 4j4g32f bqtwhcz p5mzqc5 tajq2o4
Node 2: 9eu7m9o scrbajw
Node 3: a2uwlsh an7w6zl fails1n mdx1ukq p8cfmwy
Node 4: 3r7pxa7 6iazska il6e7sx ky7ykyp upwjgnm
Node 5: 1ivbo2a 1kx77ir 6b88fru 8j26m1p dimay6p jmr4uqn m5jqak9 p28wxnz uncr9ll yan2q62 ztegry0
Node 6: 8k5kkj8
Node 7: g5ef3n6 wzuljz2
Node 8: 93f3ifh lxu4jqu
Node 9: 0gkyczd
Node 10: 932vrxv ei9aa4o
Node 11: ig1h2eh
Node 12: cjgb5un
Node 13: qssjs6p
Node 14: lftvjct qeedahu tjnwwok wrk7cyx
Node 15: ibsdda5 lzbcaek q1657mn
Node 16: hmar4n9
Node 17: 3by8nsj
Node 18: uhynayr
Node 19: yebgr1i
Node 20: 4p5o5th 8dv8ohw kl4cvor rkbelv4 veikkdu
Node 21: g19son6 xdqjelz
Node 22: we16n2e
Node 23: 7x1se2k
Node 24: qytg0eg
Node 25: ziuqlb3
Node 26: ucnmz1q
Node 27: 4mquh27
Node 28: 68n15y5
Node 29: u7nv946
Node 30: c8bfg29
Node 31: m8u2yft
Node 32: v1a0p7v
Node 33: kr8ersn
Node 34: 8sedsdi d4c90ly
Node 35: nel48i2
Node 36: mseibkc
Node 37: lzf9z5t
Node 38: 77yu7wl
Node 39: m17a23j
Node 40: ag2xw7m
Node 41: gn2o2uz

Node 0: 1qvtxb9 7j4bxhe 7n0cgpt 9e25try hgkh4rk i20arwl iets73k q18eenb s3xk3z1 v8do5b2 wb8p3pi wzy4wpr
Node 1: 43uwgbs 481hgzb zv651hw
Node 2: 0etm3xr 6bsm9or g39igya i6jb7xi ji7nbui k1vqwm1 rlba241
Node 3: lv1z4rr
Node 4: h00sfy2
Node 5: inba8qc jewhwgj
Node 6: 9ygstc6
Node 7: ugmp7x8
Node 8: 9a4ctnz acckx1m lysccmp
Node 9: my0ltlt
Node 10: kc9yack
Node 11: 7eq4hvz
Node 12: 9rde9ml ixvaq7u mzpibe1
Node 13: efbipb7
Node 14: d4pxt52 dzeozs5
Node 15: cubck24
Node 16: 3at03as
Node 17: 2w06air omorb7o v3yk1u0 wz4zh99 yl1ugix z7ckqxr
Node 18: 19e2bk9 m5rxe3o
Node 19:
Node 20: 0jp5st7
Node 21: 5r6q4nq ozu6a04
Node 22: u5x3fd2
Node 23: pcnkegt
Node 24: r1vxzek
Node 25: y5jl0j0
Node 26: j24kxgp
Node 27: 4o7e01u
Node 28: q9c4qhi
Node 29: mrvojly
Node 30: 0w4qi0z
Node 31: sk166dn
Node 32: hoofr6y m27w67p nijh6km
Node 33: zc87csd
Node 34: 29coszv igq2ub9
Node 35: no8p3jx

Node 0: 7wzgtx0 9s5t4il kwuubbv pu7sive rizbiaj v20q4gj wfiuup8
Node 1: 94nwpfb
Node 2: 4q21unf 852njh8 doftphr jcq0oiu jeswvz7 rzricrt
Node 3: gcqm4cu kotftq6 uyq4cll
Node 4: fzykasc
Node 5: ou37iuc
Node 6: ak8sf0z
Node 7: 4h3uzgo
Node 8: 8nwagwn 8y5c3m5
Node 9: tpmoaeo
Node 10: 0nd8i13 bhw0m5p x5exxga
Node 11: 5qllpef fsy05ku
Node 12: 3zm8a6i 49nfbqk 77f1v6b gbeirsb hv3eqit jcp2b19 nrea8vn x3jbgqr
Node 13: k36trdn
Node 14: 4hslcwj
Node 15: 4d1tm3m o3h77hb pe7hgh6 v05ivqm
Node 16: d470cvs xm8pofi
Node 17: 1tla9d3 pp5zog9
Node 18: b09uqur pthesjb z421968
Node 19: 08cbo31
Node 20: ij4hhqe
Node 21: qzizjak y1iecv6
Node 22: 3e2fwty suejwwp
Node 23: 0yoobf0
Node 24: dvus5ec
Node 25: 0u1ukyv xphrfng
Node 26: 5xgv7om
Node 27: qrj3myt
Node 28: yxil97o
Node 29: fx2ssx8
Node 30: zkqb1lu
Node 31: tjdlepr
Node 32: 6pir0y0 w491kaa
Node 33: 7rh01uv 7vwuc20
Node 34: iat5wkj
Node 35: i0v9rgv
Node 36: v4gf8k8
Node 37: yj6txw2
Node 38: 5uhnthc
Node 39: ntsu42m

Node 0: qbdzrht
Node 1: 0dq4cmw 0ew82b3 1284hos f05vxa9
Node 2: 7042qci 7j3u77g w1syq1c wp4b8lu www619a
Node 3: 53mxfiw oicfv4a vkrechn y7rwhw4
Node 4: 1bg4ign 2vik42a 5l4snwq 7iuead4 7oak2zu 83cdhuz cu11af5 estfp1a l6ju79v noienxg puljqj7 pzpdpio q66l74i tdydkm8
Node 5: 4o51kie 730hjox bul27y9 e7y1teq qhyet9p x7zmbrm
Node 6: a72t3l4
Node 7: 1tyxxy9 5ypf954 cgvi3do m6ujlaf mktf5lv w7vwl4c wl6in8a z656ve9 zx6xo8v
Node 8: uvd8j6u
Node 9: 08135q1 6v1gbdu 860gvs4 fzlmgn6 v8e7p2u
Node 10: 7tpgsot 9fngvgo joh4zsw
Node 11: 5ssqel1 oegduvp yz7wwpx
Node 12: 5tnkb45 kqquq82 um7qeos
Node 13: 3k00425 dvrpj23 l020097 v7z7zci
Node 14: 1ky6zd1 29v2wul zibvd3l
Node 15: 3rrzscf
Node 16: p3vg4il
Node 17: q84a1me
Node 18: 7pdbqi9 al36nvc atq5fec ccohvtl xykzdwk
Node 19: p8i174p
Node 20: g3le50w mzooi2h
Node 21: 0b1nri3
Node 22: l4e78j0 wv2wzak
Node 23: m57hk7j ruqid98
Node 24: ndrgat1
Node 25: ruc4ijo
Node 26: tj7oj2n
Node 27: 366s0k7 36t98cp 49i867z gx0byed nrcn0c9 u3sjrk0 x09mn1w z7y9thq
Node 28: htkuk1j ipvnidy jezvkkc
Node 29: 3jgycno
Node 30: szeoodk zy65m5b
Node 31: q852nt8
Node 32: idg0f66
Node 33: lzp7g8o
Node 34: lbu86b4
Node 35: qa5nsi9
Node 36: r7fd2ir
Node 37: iudnkw5 qpjqy20
Node 38: awoflu8
Node 39: 4cpkz0o
Node 40: i0bvrsr
Node 41: b6o484f
Node 42: te0rsvc
Node 43: td9kmbu
Node 44: 9uctgwb
Node 45: ajmpi5w
Node 46: crefwhi
Node 47: k3solof oivtzop
Node 48: ox8vvtk
Node 49: mwvtimt
Node 50: 9i3t0x3
Node 51: c75pwyx
Node 52: yrvunlq
Node 53: 77x7ujm
Node 54: 8eq7fuu
Node 55: qpzif9k
Node 56: 1r1uhou
Node 57: 5f8d0c5
Node 58: 4ixs10c 4pgknmf
Node 59: n8uznqy
Node 60: 2mqnovz
Node 61: qt0jw3p
Node 62: x19x33m
Node 63: 6dn7m7u
Node 64: 5p5ly4y
Node 65: 96lthoj
Node 66: tc7794w

Node 0: 3cob4l4 3s9058z 5qzj7cn 8x3bpjq atln7ca i4ec32w k5jwzwx kdp6075 sn08wde vqfqyqh wsyd5cq
Node 1: 04p6srt ctvawvp javltui jb00vr1 rrfmmf8 xhiazh4
Node 2: khvejmk nuzygbv
Node 3: ej35qsv yogrdou
Node 4: aspnk2f nwmvurr
Node 5: 4brqjgj pi63511
Node 6: 82c7p7l bimsj1i vkqxxq7
Node 7: esmy27g ewnx1k4 eyvxf1y
Node 8: 78lrfmp jz54ssn xjbk71q
Node 9: a516h6v b1c5dw0 l3a20s3 tkpdvmu u8gshd9 wvydhtq
Node 10: 891eiqa xl5u69h xsievbn
Node 11: 2d206br
Node 12: 4aoqqyq aunj54z dp5xvrz h6d242k
Node 13: kh39p9u
Node 14: 7yclf58 veesc3m
Node 15: shh18ym
Node 16: 2aye00s w6up13g
Node 17: 9c9up8p
Node 18: ar2nkto
Node 19: x0sycqv
Node 20: a9vbobr bxho2bv t5po6yu
Node 21: afcajh5 b8e7lis
Node 22: tf77qqt
Node 23: wouwssa
Node 24: 27gefwh vr7sy7w
Node 25: ckhzp1k
Node 26: 3o9o2zg t8v1xn3
Node 27: uht8rjm
Node 28: ijgofar
Node 29: 9rz42zw
Node 30: r1e7jxz wffeh4g
Node 31: ah4sw5e

Node 0: 2sf7vqs 5523vsa kj83eaj kwwv2h4 lzmfoxe orpb97s vlb5wsx wk3bcn3
Node 1: vynxd2p
Node 2: h6r3u76 ovc31lj
Node 3: 55jptpg ev71g3b
Node 4: 2szi9q1 fx8a9ew ssclvb8
Node 5: bcpwcf9
Node 6: ub3jts3
Node 7: a840n7e

Node 0: 15r0iej 4dhl9bd cv43ugd gypd0oc hjq8nqf mly0iji mzdptpb s6n97rq vkdlbp2 z7mwpai
Node 1: 20unbqp 8qmjtze 8tibhvw 8xc5axz de2w92z no8iu36
Node 2: 0p3i6s6 4317wki 45nmlae 8kcnbgg fv4rji9 ilxdkqt pqtgkqj vemtej9
Node 3: 66jg3q5 7l6ydf0 dz350ga ek2ryed gg7d5jf krkiti9 nyuo5gm rdk1y9w
Node 4: b2n7ah4 h0ww3ii jnswd2l putmj33 pytmegr z5yjyfr
Node 5: 0wl8xbs 262yan7 7iblphi 7vy034u 97aabyx em6s0s3 h1efsgm hez98hx j01l61y ngrzjgz r5hwxgb vd9lbxt xr68jiy
Node 6: 0eyshoo iuvz7rz
Node 7: 47nmmvg cp4xogq
Node 8: vuh1qb9
Node 9: 6e6308q
Node 10: grgkpkg oxhermv
Node 11: qw3ihns r1uv77e
Node 12: abeurxy ezhylv8 mvgr5lo
Node 13: uukzfjq
Node 14: 5glmctq
Node 15: 09cm676 4ngeaxe t4ftovn xytbz32
Node 16: 27ul7lr
Node 17: 54rqkqf n9bx84d
Node 18: v1w1jz7 vp2qcmw
Node 19: 6qm0ws9 c95qjxg
Node 20: t3lnv9j
Node 21: 4xkhr7h hrhn7sw
Node 22: 5k8t3zc
Node 23: pxsqinz
Node 24: kdym4sm
Node 25: 5samdit
Node 26: n2u13l3
Node 27: 0ij1hmr 8eq5trf
Node 28: ziuz57m
Node 29: 3fs8z02 oel9put
Node 30: c2vjku0
Node 31: 7k7mzfy
Node 32: cx96yh3 x6010v0
Node 33: aji8sv0 blr2xwy
Node 34: xpzidbu
Node 35: ypiopz2
Node 36: 5w2tn7i
Node 37: 0vjpep7
Node 38: h4cijd9
Node 39: zry4l2t
Node 40: su5pa9k
Node 41: fm7wllo
Node 42: 13uqdbt
Node 43: r0p9nhy

Node 0: ym8y8a5
Node 1: 0lndwjh 5l0m1tn 6dbnluw il4qa47 nlv8nwz roobjjt t5gur5z v3rnd57 wiu11li yepqol1
Node 2: 44aoljy mfgibsj
Node 3: 2qm2x0y i3x7dz4 p25o0rb
Node 4: 3r14npf
Node 5: x69r6fm
Node 6: vdwp9av
Node 7: 1j51y07 bdrqu1q ix9mpqy knpouhm
Node 8: 0g0bal2
Node 9: nrsljys
Node 10: 7gptf30 r198bsy
Node 11: 26jgjjx 6smwpjr wiv6bz3
Node 12: 4snfews 5q4hyej 84djj6q ffz127u
Node 13: a5vqc96 erwian0
Node 14: 9g2uxwx
Node 15: he9g9ea
Node 16: 09ulfnf
Node 17: q90xsz3
Node 18: 8vw3i54
Node 19: j316xwp
Node 20: xs3kr8u
Node 21: llqa5oa
Node 22: jkit5x0
Node 23: opxyplv
Node 24: t651wgv

Node 0: 0vco7x8 128ax4q 1pd3bsq g2pzzo1 ktwwmzc nuubazl wtfsfeu
Node 1: wzvxbui
Node 2: fc1fl85 hl5zx44 klv8lik
Node 3: clx0xxf
Node 4: occw4v5
Node 5: 6jbwj7h
Node 6: 5w9x74k
Node 7: x98b39w
Node 8: 4m9sdf3 ect97wx
Node 9: l64nxz3
Node 10: unt2ek0
Node 11: xxvg3eb
Node 12: 0coryvm 2fhli1m
Node 13: 4wjoyv4 mk3pmkw
Node 14: 40pztcj
Node 15: 54lcpb5
Node 16: c4gkk8h
