Node 0: 46iezy6 bi1i303 d4o1uaf kz3fvdy mp3gth7 oxdnnpu thvxolp
Node 1: 47sl4zg 5tffmqb 85jcsx5 9sxlm7y umcxp5w v2u718m v7ceac2 zbcsavc
Node 2: 12vwkoj 63eaqp2 6cfjg8n d09f12w gloyyai oanjpoi
Node 3: t2gk8ju
Node 4: ub1m979
Node 5: 11ecivy cp97ic5 lr2qtzu u595ccv vpbikzv
Node 6: db1fx2j ivn2iv4 j3rswkz
Node 7: 8yfpf1k s12xxbd
Node 8: 0qmlidk 17yaqmx kq1u2ma v98vkgc ytkn8wj
Node 9: naaa77t
Node 10: 21yeo9z
Node 11: 79b0oa1
Node 12: 48a0hhn m60rny8 y8koyaw
Node 13: h46cd13
Node 14: tk2xakx
Node 15: aywrraq
Node 16: gurxgok
Node 17: u9nlt3q
Node 18: w7vqkhk
Node 19: 0o6fsky lfteabv
Node 20: edynu9u
Node 21: h16tf0t
Node 22: 1do768s 6ge9yjb
Node 23: qcwypk6
Node 24: op5eu2n
Node 25: y2vtbpp
Node 26: hvcsol6
Node 27: lkx44y1

Node 0: v1pdk9z vv64qe6
Node 1: 1p70zbk 3p0salv q0q1d0i ufkgf3j
Node 2: x0mlm4v
Node 3: 0i982bb 27pxr0k 3bw7tor 7wdapo1 hcd21jy hpkeba3 j9q4h4m n2ty1md ozmqm4z u4z4tn8 z2lsfnf zluo5c5
Node 4: lsiv438
Node 5: 2dcgbyk 7uzeuk3 a07ebt7 h0c8mvn p38gjoi u37ljk0
Node 6: ikfksds jpfvcqu kacu8tm wj6j3by
Node 7: 6f8e1d7 7jl0xnt ou85u9a pl6aq60 qev4y52
Node 8: 1jkqa17
Node 9: c0q6kq5 cx4eaxv
Node 10: 44dp0l2 768g64l 7g3ujvl lroky09 md0d4d1 otbjhom xh2kn0y zozm7rn zviadkj
Node 11: ez62zmi irj7vnl
Node 12: x41tl5r
Node 13: itgomub
Node 14: ivfdgnr
Node 15: 7416073
Node 16: ad2lu70
Node 17: 3636ijv 94zx3uc
Node 18: hykl1hp jl3y4mt yb2t8uf
Node 19: e5dmtfe
Node 20: 4axodut lkt1xiu qhd8a0v
Node 21: tvljhpi
Node 22: t8dyejn
Node 23: a9uzkkg
Node 24: 4zvhz9l sh35q2n
Node 25: 3d6x0to wzrlgab
Node 26: 56xnnhs
Node 27: 0taqkyl 1t8ishy entf2l3 u853okd
Node 28: l9682w5
Node 29: 1hehgjv 55jax84 a7enzzy kmla65s t4sm11b
Node 30: 9kegn2g
Node 31: 8lr5t3j
Node 32: 6hg16kw npdvd9n tr4jttz wg725ml
Node 33: abj86ji
Node 34: jnixd0j
Node 35: u2m9xg3
Node 36: hg57a81
Node 37: s2w23qa
Node 38: 1esp7uq
Node 39: zkfvthp
Node 40: ma0abc0
Node 41: g5kgcux
Node 42: eh4usn9
Node 43: j7oadas
Node 44: 8siqzvw izndcwa
Node 45: mw70s6e
Node 46: urchbu5
Node 47: kee6g5t
Node 48: kqkbi8i
Node 49: gt25gnf
Node 50: fkkicgs

Node 0: 20wugnb
Node 1: h4ghjgc s0612pu xwbch5j
Node 2: f2hsz4u
Node 3: dkyx72o ptqher8
Node 4: 8y7fwqc lqd5pyi qyvrzkm y92qm34
Node 5: 29fbf0z 9p3ry8o b9egyoe bxqk1q4 donrmmi gpcu5th kyf17d2 mn7pn4o vi9npbt y6grvw2 zx3j3e2
Node 6: 2d4duy4 3xqfwyu 5tc8te8 muyjhim vk2t6y4
Node 7: 1apa60j eqxqkx1
Node 8: 6pk4j5q jstrve3 unb92oo vj36x9i
Node 9: 2jdd69t
Node 10: twrynwq
Node 11: 3059d0r
Node 12: 6g8ib6p dl22s8r mwvfnjz o874ox9
Node 13: t1olzlt
Node 14: 1t6382r da0ua3w epxg8qp
Node 15: usgzpvg
Node 16: vxxo7ls
Node 17: xqiwyl3
Node 18: bfi0mvv
Node 19: 4lajr1q
Node 20: 8g8bfep l5pamar
Node 21: 5ye7ssx
Node 22: kfnf1to
Node 23: qhg0496
Node 24: 7ednthi
Node 25: wp36g9f
Node 26: s6hgk0s

Node 0: 4ktxfjb cxpwayu hgrvped roedkak
Node 1: 0ga658r 0sgks1i 38hmycj 5lacbn5 61ukarj 6oitw5v 84jww6j 8gu39mm 9hxvtyz b6e8pi1 boz0m8p ic1gddi n72eaqe q6cy3wy scvxigd xozz0ss
Node 2: gjnrq3s l4pcz31 pmvtypn
Node 3: k9jakk5
Node 4: 0i4mmyc 4dwi151 fibcxag mo1i3c1 w1pj13x
Node 5: rih1esl
Node 6: 357hk0k
Node 7: fzxpfzm xuyzp8m
Node 8: 8ebvoab gajokk5 mbi2ozy
Node 9: rdmvx6i
Node 10: aumd24x
Node 11: tmwb3ws
Node 12: 89vtobp mebatru pdjvle8 r7n2aav
Node 13: lcqpgly
Node 14: gw9f1z9
Node 15: gky7iqk wfoyu8r
Node 16: vj624e7
Node 17: 14dekxx
Node 18: 0rnkykv qwnmrer
Node 19: 79bizku cjkblhl
Node 20: 0na2u15
Node 21: rrw3fq1
Node 22: zwadwtw
Node 23: u9dwx26
Node 24: jdiypf3
Node 25: bw6ftx4 ypvh7lv
Node 26: j4xo1jz
Node 27: 3ptp3ww b7p39tl oyvanef
Node 28: 2ogfqk8
Node 29: qguhs8f
Node 30: a8thyeo
Node 31: f80ong5 qxxgm25
Node 32: wplqftj
Node 33: 2x60euq
Node 34: hgutqel
Node 35: 9ilthaw
Node 36: 01op45p
Node 37: jf3zyjz

Node 0: 3gir6ka i2x7ehg s1t17e7 yno7n8o
Node 1: 1lx50mi 2c46fpq 4o1no19 91xullh 9mlp9z0 dn21hrr fv5syi3 htr34ru igsacyl pk6u70s q1llo83
Node 2: fpjx2ln
Node 3: eaoubjg
Node 4: cctci06 mxuxtl2 t6clv7n vtk34dr
Node 5: mgg0d44
Node 6: ttzj77y
Node 7: 7mlnm32
Node 8: mpgse70
Node 9: sgkfewx
Node 10: rb86vga
Node 11: wkz28z4
Node 12:
Node 13: yajypxk
Node 14: 8fhxn6e ehmdv63 h6tvtum
Node 15: 3tb1vse 5u5wsuu
Node 16: xw4l01w
Node 17: mcsvbg0
Node 18: fze1vqp
Node 19: 4whe50x t8tpujg
Node 20: p9o9gl2
Node 21: lb89z5e
Node 22: q8uydfa
Node 23: ttthk34
Node 24: 0owts8d

Node 0: kta7x3d slik1oe
Node 1: kecpsfn
Node 2: 4ejc915 ju0cyrl
Node 3: f4bfzjj qr4nf5s
Node 4: o3oqzv2
Node 5: jl13khr
Node 6: gcgwpq4 ydd3fpo
Node 7: is275u8 iyabsbz j38bpb8 qnflyzn
Node 8: ujcayd9
Node 9: rwer4gu
Node 10: gt9t2aj
Node 11: 0tyg3lv bd9cdap
Node 12: pq5w5bo
Node 13: 5nthrw5 d596k6v tbb4j3k
Node 14: vwj8yh2
Node 15: jek9uxh
Node 16: r3idupm
Node 17: 1rk9y3i im07cqx
Node 18: 1f2f7xs
Node 19: 084iyyf
Node 20: wmj0l48
Node 21: 22j2j5x
Node 22: gxe1dr4 i0ehj7b yy5dmm2
Node 23: lyezlpk
Node 24: lhqxp8y xh9le3x
Node 25: ujy0i9g
Node 26: 3dx54kr
Node 27: ifvuw19

Node 0: idv4jvh pkxyzr3
Node 1: 2hk1jlw
Node 2: ho6y87q
Node 3: zh93ufd
Node 4: buhptci
Node 5: 2kg9zs2
Node 6: ogn0yv5
Node 7: 9rrlc47 e1r7b7m
Node 8: v0oxmj8
Node 9: 4h3y3bc
Node 10: fhy4t3p
Node 11: x8f2fa8
Node 12: 5620jdu sjxp0pm
Node 13: 0gwhpj0
Node 14: 9obkwn8

Node 0: eru6dq6
Node 1: 07tib7h 4sf9svx 4vn5hh8 e5ip523 e78qdo5 ehw35c3 u1gxlgv vlr3aar
Node 2: k09p5rz pvxa7z2
Node 3: cvlxps9 gua94k5 ja46266 qkiui1j rkxk9jg vlko6eo
Node 4: uxenbro
Node 5: 5omj64e
Node 6: 6q9gqfl
Node 7: gszq1tt i481y93 jlhia8c
Node 8: iii4x6s
Node 9: f7w9sbp
Node 10: 6v17jcf
Node 11: 4t0yfzx
Node 12: n6eztu6
Node 13: kp17vo9
Node 14: 6zucinj
Node 15: fad9ivu
Node 16: teyrvtw
Node 17: 0qyxafj
Node 18: k575zjx
Node 19: v6cwepj
Node 20: 4l1jhpm
Node 21: ch6xmii
Node 22:

Node 0: 0bxorzw 7yxtiyo qauqt3s tsu3oc7 vvbc2uq xdyx3ar z68bpz0
Node 1: 4fiseaz e6u5tso hfjzzia
Node 2: x0861oa
Node 3: ld8i46f
Node 4: 8fwoaau h0pdgcg
Node 5: fsetkzy
Node 6: ctc76e0
Node 7: 45ttxz0 4ddvkiu ebrb1e6 jphcuwj selxbgr
Node 8: b72o0n7
Node 9: tqb03rk y55rwy6
Node 10: hbkw8wt
Node 11: 2q7yo03 ptrmbe4 wstqtx9
Node 12: 0y0nhso lrs2edy
Node 13: byhfd2i q93k439
Node 14: awh8vr3
Node 15: 2voxg72
Node 16: lr64u7p
Node 17: au4yg85 x16hmud
Node 18: hl81t1r
Node 19: h1byoo3 tu84ly5
Node 20: db270c7 dtxijgu

Node 0: 5rhwbgp 60pl8wt adhtxjg
Node 1: 6omnorq 9isekb1 fiz8q5r ydloz9a
Node 2: f1icmrp v6bg5gz
Node 3: 233g6is ct9e5v3 fk1xopw
Node 4: 0okyfcq
Node 5: 76cm0ox 8hrx79d 9dbubun fkafhwo i7s7mqx js2rwoj x2xkn09
Node 6: 27lio0i
Node 7: 3ygbuq2 e3cfwdh e436dti k81jar9 mit5cy3 u18tcg9
Node 8: arp6p6p bmscxno
Node 9: 193lt8d 1g09isk cs34wg9 ozj69l0 qzzzifc
Node 10: wqthenr
Node 11: 793ads6 jg1v9m2
Node 12: au9qzvu ocifmi6
Node 13: 0tkgdle u5pz8ey
Node 14: 2rh4nyf din9yh8
Node 15: dfpyeh6
Node 16: oxk9x7l
Node 17: 8ub1rk5 hlwki4k
Node 18: 2liny1q z8vbqir
Node 19: 6wimh1q fkzu7r5 jqrp8ji
Node 20: 4rydr0h nz7kla8
Node 21: b5rgu3x
Node 22: yx5fktv
Node 23: esxt5k9
Node 24: y0ut2z5
Node 25: o5348cp
Node 26: 057oyc8 pbu7g5x
Node 27: 45ph71e
Node 28: b7afwj1
Node 29: horzhn2

Node 0: 1494yam 2fdj6xr 2q0053x 3kzk0h6 3lk1k7t 4p0vx3z 616dmdf 78guk8o c4h2b6i cuqbb4q d3hxf8h e3njyz0 ecu6s1g jexiy7y ma7xq72 nbkddk0 ob1rf63 p5es1vh pii92v1 pxdhwz8 rra0dzz ttb8531 ucv1wtf
Node 1: 63pjyp0 oszmslj r77esjr
Node 2: 78xyahy 7di0qm0 co1ohxy e5870bz ga0fde6 mu4cetc qrnimuo yolfhrg
Node 3: 9ft8c9r y2m58ku
Node 4: 41ka8v4 e3vxe9s
Node 5: 4of1a4s st2ci8s
Node 6: 0l41bek
Node 7: x8g9l82
Node 8: c16xzl0 yiq16gr
Node 9: icnk9e3
Node 10: mktpqxh
Node 11: ursohk5
Node 12: bfulb8e
Node 13: ho5e3lg
Node 14: nf3q9b8 ybjupp0 z3mpllk
Node 15: 5zvno13
Node 16: idbxnqv
Node 17: 6xr814f
Node 18: 3n522k4 c3xuhug m81lghg p1wk2wm
Node 19: 1kmxxmk 6zpz5w4 qp2652z
Node 20: sc98sla
Node 21: 2pc0uxo b9d6rmu q2z1i1k
Node 22: gtdlkxy hr7ejzv i7zjntr
Node 23: skye7tg
Node 24: gzhdv7o h64ftbp
Node 25: 0y62zec
Node 26: wou8u5s
Node 27: 6y5ln97
Node 28: 5ma0ep4
Node 29: d5u3ra5
Node 30: 7q8n7a9
Node 31: g5hpd1r ks402er
Node 32: hkdz1x1
Node 33: yn2k5ce
Node 34: honfe0b

Node 0: s0craz9
Node 1: 92795cb gvqmlht h2rnbft
Node 2: 1xd4nr3 84zny55 jb9qcae jv23600 rwf81r1
Node 3: 4duqdps
Node 4: kg2w7q9 x0tdhmx
Node 5: 092yy08 r96xpxa
Node 6: dxydmx4 hhbdzx7
Node 7: bv1vxrm sdnuegv uqv1xlb
Node 8: rvfcxsz
Node 9: g4mlgii
Node 10: wvavyrc
Node 11: fx0ejzm
Node 12: 7hv5efi 8dchm7m kb7ub09 ui8jc7c
Node 13: 767am76 9nj0b88 t4qe1u2
Node 14: 9fag9ca
Node 15: jdaamtr kvaai3s ozhxss7 pyfxcor
Node 16: 3i858km dde1ciz f94h6yz fog4phb
Node 17: utdk18h
Node 18: 10a08ym m9yvzfb rv0k1n6
Node 19: 6mh2ioi
Node 20: rlhbm28
Node 21: s2ik9qz
Node 22: 7sj9xhu
Node 23: oizv14y s26lcq3
Node 24: 928cqju
Node 25: ujdr8oj
Node 26: 0yd49gz
Node 27: 9za1hvk
Node 28: 002zwj8
Node 29: kn9mprg
Node 30:
Node 31: ox1yrlh
Node 32: ftzk1j0
Node 33: 3d6bmy8
Node 34: x5ttxh9
Node 35:
Node 36: lmt1pwv
Node 37: rs6k5pn
Node 38: sme7sjp
Node 39: h12zo6x
Node 40: ao2m8ag

Node 0: 472t5yf 55ouq3k ehzs5a9 g0ipysn l31np25 pv4rez4 r1a1587 rpl4lu1 simcn75 w1mr9ba z7pwa1l
Node 1: 0r9r0z7 82v44a5 886qcgr b0kpsjs fvkekov guohhta jzlbdb0 uicggkm wdnne4z y3ltvk2
Node 2: qr5hm6w
Node 3: 2upktno
Node 4: uhlvez9
Node 5: 06egzst 1l2onhi ewpg2lp s1jkhvw tm0hypr
Node 6: mgww0sf nook4n3 osmcli7
Node 7: 4y0tcym fis5mvb niy4mk5 r992jsz uazdbna
Node 8: ovmuz7s viq769j
Node 9: aonc2rb
Node 10: 5awb9v4 7u7s08u gjrwqpf ilockoc
Node 11: 4tmy855 9fvi2mh el39005
Node 12: dnlqjy7
Node 13: ive20u2
Node 14: k79a2ix
Node 15: n9r0fqv
Node 16: 4msbrkz s4kr3fm
Node 17: aa5rcxc
Node 18: ywzm9b8
Node 19: 5pp18gt
Node 20: gbmbsi7 jtdmov4 l0ixmui
Node 21: p9wordg
Node 22: 8binwu8
Node 23: 56vl9wu 7wombo2 obs0cwf
Node 24: dmn8b33
Node 25: omgg6fr
Node 26: 34j4hws
Node 27:
Node 28: gs5x85l
Node 29: jvmucbe
Node 30: aw9ealb
Node 31: 8y100kf
Node 32: 4o592lp mmtmkpd
Node 33: 4u71fdf
Node 34: hl51z93
Node 35: wlrxvzi
Node 36: bb7ufo3
Node 37: yl2ybom

Node 0: 2izofdt 3yinkqy b1cucpg ipcy1kk lw7t5si m7aerhk nnqb5ue ohqoj84 oyloo30 pefcni2 pqzkrqk qy5024m req8nii rwm64lg vijbtux ycjm9xk
Node 1: 5oq4jqm y3547eg
Node 2: 7g4ihi0
Node 3: za91iit
Node 4: ehj3uh0 gkouj6h
Node 5: mqoc9ol
Node 6: 52c88sh
Node 7: es3ykdu
Node 8: 1q3d76b o3unnzq xs756e0
Node 9: z3vncl3
Node 10: 9wvkeli
Node 11: gj3sa0d
Node 12: 3x7hs3z gslnxrr
Node 13: wk1is6x
Node 14: p2d9zg1
Node 15: 28qdhtt i5x9yxj ubzx8bw x816w6k
Node 16: ynx8orl
Node 17: 5ci5xai
Node 18: xuoycje
Node 19: c014aob h40d25l
Node 20: j4s3ma5
Node 21: 3iz0a93 p5glrg2 v381rmj v3xhqxx
Node 22: xl59e7k zwffle0
Node 23: zo4gs6o
Node 24: pj191a5 vedgbhp
Node 25: szkzxhl z836r59
Node 26: 340611g b0ydamy ncqoke4 tzqjdlj
Node 27: 0hh1ufq 8m2vpmd cilc7qr
Node 28: 44jia2d
Node 29: 14wodel wx2h5ff
Node 30: sk9uuaq v3qbrs5
Node 31: rk2uet1
Node 32: wuvy6n1
Node 33: xdbla22
Node 34: ted7sc1
Node 35: nronknj

Node 0: lbhq8ix n7qknbr
Node 1: 1zgc9b3 3gaux4f jt2xwjf lvgib0p sulp42d
Node 2: 5nuog5k
Node 3: 6clom2f hcrzfou k69h37x u9ldapg
Node 4: mu9eblu
Node 5: 82rpede e6t104t
Node 6: 6sd5z3l 7j542bi g8setdw
Node 7: 4qc3anq 8d56ne9 bg2muuv d9u7ad3 de2cn1r ifcccrw skh5vlc ug1fjhm vdrnafo vior9c2 wx9krjw
Node 8: 3kyedol
Node 9: bh8xgjg qus6nj5 u78jgyb y2e7gpo
Node 10: hho33u6 jppqjal mbeikgd
Node 11: v4xnib8 y9mun1g
Node 12: 3dfcc6o h6p10f8
Node 13: lnqn1z3
Node 14: jfy5eys
Node 15: n4ryfpo wp17bas
Node 16: ja8zx8n
Node 17: jx7fewk
Node 18: ff00327 mwt2w9y r4ivcag tjvh38j
Node 19: 10b7hvq hr4ju6y
Node 20: 1tqwntm
Node 21: hfan425
Node 22: 48ra3jl
Node 23: 1k9827f
Node 24: tcxrc0d
Node 25: hpa53uk qrokn8e
Node 26: eumh9m4 y3ekc3h
Node 27: u5ao03m
Node 28: ndoiuc8
Node 29: kdl3zmv
Node 30: i4fg8o1

Node 0: 22uwh4d
Node 1: c8u0ssy
Node 2: 9wbhrrg txdsltt ytsyp1y
Node 3: ersq835
Node 4: lbh2di9 qgkn00x x7nf563 zhnkec1
Node 5: j88jcmp
Node 6: 9aivtun
Node 7: a1hsin1
Node 8: x3cisxz
Node 9: fx3eo9l
Node 10: a3xclgf r742nrx
Node 11: yroekay
Node 12: bqxhtfr
Node 13: ecddsje
Node 14: gxzmtf2
Node 15: x2zfu7t
Node 16: jodn62i obpfib4 yxblblz
Node 17: 85v5f8j
Node 18: i4eeiz7 m9x6y1u
Node 19: 0fy66ew 2apo217
Node 20: u5okam2
Node 21: kl6qv8n
Node 22: 8kb5lbl b2h9v03 kzok2fg
Node 23: e17qtnt
Node 24: tcxbcbl
Node 25: xjfctvq
Node 26: hpbffsv
Node 27: am6lald
Node 28: gnd4fzi
Node 29: cc3ww4r
Node 30: butc27s
Node 31: 2doyzmk 5qm9l65
Node 32: 98yr6om
Node 33: 1cf2m6f
Node 34: hx8u2ek
Node 35: 76ay7jo

Node 0: 0ecar87 7n89iit 89wgfmx 8vl2yup c664cwq dwwlsol fptcgi8 g03zvth jvp07x7 u06nanw w0rkw5m wdvo9mb weumt6l xmpr2cp xy1j9gs zcwnrzg ztolkdc
Node 1: 56mpysb
Node 2: 3cuskzt
Node 3: l3dlsrt sqz1ere u0cxono
Node 4: 0mxgiyp 2ti2vpf h6cx6it lukgyvb mufcefx tfmrpde vnl90pd z9z2gyd
Node 5: 35yaun5 zzq6job
Node 6: kxxbqnj zoxjutj
Node 7: 6ds28hi gdts07w
Node 8: efp7b5x
Node 9: 0964wy3
Node 10: 1l6mvh9 u2ebu1w
Node 11: nc4ad9x
Node 12: 1kgjsms 1tlutb7 4jcgkyd q2kk1lb r1435wn rvr0w7v
Node 13: 70otjvq 7q9fx2t awf5d23 cssh1vf dn0ns8o ikaylrw y1a1nvs zycgy6q
Node 14: uj4l7yx
Node 15: 72ngwkq g3twxa5 mzkq69y n0bex3r vijor2r
Node 16: 19pfh5h 44nhurp c6z5v9k ey3u72d m1z8ht2
Node 17: uij8tfv
Node 18: 23yjokx
Node 19: pk6tgt8
Node 20: lxdbb68
Node 21: tmw122o
Node 22: z98izlt
Node 23: h3rru48
Node 24: o2bc70d
Node 25: siltq9b
Node 26: 284vwx6
Node 27: nx7s2w7
Node 28: brgzw6m
Node 29: mkakec0
Node 30: j0eates
Node 31: r1h9l8i
Node 32: rv9gwt0
Node 33: zq4847j
Node 34: 9zhybl1
Node 35: jzmcttd
Node 36: hqjn90s
Node 37: wl98c9t
Node 38: j1felqb
Node 39: gcjk0ip
Node 40: 5bsxqwd
Node 41: k7k7u95
Node 42: xlhpl2v
Node 43: wr0b4yq
Node 44: ifcddjp
Node 45: owzyt6i

Node 0: x6xwnr6
Node 1: lxgqg1f
Node 2: xfsnm4s
Node 3: 8j5cvx3 nrk24mo pcrdf6g rdsbugn
Node 4: 3vml186 79abfn7 bls95l7 c6y0os9 gdzmtai geihjsb gk1db1d hqv0tpl ia3wori opuf4sd ow0nvrf qk7fsif
Node 5: 4p26g7m 5l53cg1 a1vmolx h2jdbqb naskov2 nuy7p6n p0scqy1 r7ov4c7 un7r7a8 zshb2tc
Node 6: 82rcf2t
Node 7: 2iinz19
Node 8: hx000qe wy8wew6
Node 9: cf7wnt0 sf77vok
Node 10: 1v0tiak
Node 11: fb3rh4a tb5abur
Node 12: f0bl9oc
Node 13: 0a20iba ga6i08q mn00j6g uz8clsi
Node 14: r5y8ag8 zfovtk3
Node 15: oue6roa
Node 16: 69iq9ul 9bje3k5 o20ghzs prgteco s1ghp05
Node 17: si6ww46
Node 18: 1tpk2mg tqjouwo
Node 19: 578qqil 5s1q9ak d61pdud fitqvdm lldhbs5 zme6xv9
Node 20: h86sq3a
Node 21: 0q3lckm 8cfqt0t udt7msu
Node 22: 8kettbg brxew2d dc87c7i f47az4s g8ocn3t oi7zjis
Node 23: dhmyu12 g65eyss iysvn0l
Node 24: hqef16j
Node 25: 4mmtlq3 b8xr31i hjmzc3i y6iwb72
Node 26: 9zj3qmd k1ip7th yo9dtit
Node 27: y8aiuiz
Node 28: 6ma72dr td8n32t
Node 29: a6vlfw2 x6tauqw
Node 30: 1pdkdrd i48sd1x n8o4kpg
Node 31: g16x6pd
Node 32: 2yapgaa s3d524x
Node 33: 51umc0b kaanls2
Node 34: 4q385sp
Node 35: vk8lpur
Node 36: 481948c 98cj323
Node 37: 1s63085 hf18pl1 u74uu0d
Node 38: x2lphv8
Node 39: 0xd8bvz
Node 40: 3ibe2wj
Node 41: ckwy27x
Node 42: mmwhw54
Node 43: jcrfihw uptci74
Node 44: 05oc6w9 srkxn3t
Node 45: 1t9qdke 3belkso wgf6ua9
Node 46: 5elt257
Node 47: djsdxss jgnewc0
Node 48: j1m581y
Node 49: quwqd7s
Node 50: 1r2ljd0
Node 51: xun3jnt
Node 52: 5byofvn
Node 53: 6cdsd2x
Node 54: o8usmb9
Node 55: duak59p
Node 56: nlijoyh
Node 57: 51vw83b
Node 58: xyd2mmz
Node 59: 1ocezhy
Node 60: zziuymo
Node 61: 9lzfnxr
Node 62: k4h08rc
Node 63: c65iinb
Node 64: 3tjcup4
Node 65: gah2byu
Node 66: 2qokc61
Node 67: py9sxdb

Node 0: fjsicuv gc5bf2w k5yu664 m63vryp
Node 1: 5g6tic0 6kwkr6h 6z9t5xk e4h7plf emits75 enrgdu6 i7dx5ck k7pbow1 kf8o5yy mc8iyk8 o52ts1l ogg24sd om7bug7 unki38b uvn2qk5 wjvia8t ylz3xg8 zesr29c
Node 2: 48kiyq6
Node 3: 3ix5fbz 7ej8xdh h4y83cg r5vi102
Node 4: cbudtuz
Node 5: anao895 jsj4aal zw9q6vf
Node 6: zidwn3t
Node 7: fdxcpt4 ixltjli o3v2laz
Node 8: 05pk01p
Node 9: 0rjhq95 9yw9k6a e9s797u n456i17
Node 10: 84c1q1c dpcvau0
Node 11: 051e6g6 d8na4rf
Node 12: 4mmej4i 4w89pfb 78hndoe a5mhjm0
Node 13: fow237o koqwtsr
Node 14: d851uj4
Node 15: srpixzq
Node 16: 00sc5ex
Node 17: j53t87p
Node 18: mekigko n303xmb rdwllhi
Node 19: ek2se5j
Node 20: r8rzqh2 ujgm9fl zi0vvmf
Node 21: agt4p9k
Node 22: moggno1
Node 23: 0waf8mi gww4pdi xwbox6a
Node 24: dauz1bk
Node 25: bbu7pso
Node 26: 7277czf
Node 27: 6513z6g do6q7jd r50svhp
Node 28: 9zq3sx8
Node 29: 0laimbq
Node 30: g4iiesg
Node 31: v5m9w0l
Node 32: 2vi51tp hjqa1si
Node 33: gnf1a8m xbcl3ke
Node 34: a1m1wq6
Node 35: 03byv7q
Node 36: 2i3ppkv
Node 37: 9p6o6ab
Node 38: 4yg24ui
Node 39: 8c1w9xv
Node 40: x5t7oub
Node 41: qx11d9b
Node 42: kaq1xn9
Node 43: gukiu15
Node 44: jbxxl1o
Node 45: 88nna7d
Node 46: 26g2n2m
Node 47: wd64ikx
Node 48: febux7f
Node 49: k6v3td4
Node 50: goewanr

Node 0: 2e43klw 8jia9ej jpakp50 jqw8kun l5eok6r u62664g
Node 1: lqtrw8v
Node 2: t2bv7vl xa8o322
Node 3: 1vhxi9e fq5v5mh fw9zo4p hen6flz x6u510x
Node 4: 9idt1n4 ix6piky o7tjr16
Node 5: aj6u9ft ax4eip2 axtsabl yrdwviq zlo1b9s
Node 6: 43hvw99 565wqll 7l868c0 7sw38jl h4as0sr j3299ja kje1goq q1ie8a4 wc0a29a xrcn52y
Node 7: ig1a7w5
Node 8: u38zvj1
Node 9: iaq2aw8
Node 10: 8u48cgn
Node 11: fpnj699 jqwl8ev
Node 12: 747zkzh
Node 13: 8lb8w1y
Node 14: tdf7mmf
Node 15: 2czhz3s
Node 16: wx5z5bn
Node 17: 6r62082 m0jo359 mnl4b3x
Node 18: haapcl1
Node 19: cn9g833
Node 20: jx8lwa4
Node 21: wwsyycw
Node 22: l27afsa
Node 23: h0bxtbx qh635mk
Node 24: l058f8i
Node 25: 78e09v3
Node 26: lglvq2p
Node 27: 7xb6dzs
Node 28: 0gcbutm
Node 29: 7js9jti nnf60e1
Node 30: cyazy5v
Node 31: 0tf1oem
Node 32: 3jmor0z
Node 33: tp3i68b
Node 34: uok2nsv
Node 35: 4q0h4hn
Node 36: fuap22n
Node 37: 21ctuxo sdkrcd1

Node 0: uop36q2
Node 1: ax5bfvr
Node 2: 143p0ch 4s15w3j 87fyx57 8yll74i 9sqbzku c8e3z8j gtguxp4 uz3fuc9 xnqbsjb zmhspba
Node 3: 77fe4oa vzjw1yu
Node 4: r7qhue3 yjkywoc
Node 5: 6je3om2 fbz7b40
Node 6: ve3acwu
Node 7: puv145t
Node 8: haj5hou v8zz8ko
Node 9: a2d4myr
Node 10: jpnabr0

Node 0: 3sg0012
Node 1: 2geslr8 9f4smjb
Node 2: 01jvnnk 15bg3jc 23uiztz 2jtcjlz 4hcsswe 6ik5m0l 773e44u 7u5x17f 8zcukf7 evlj9x3 i5j0skv ii6vi7p lt8odwf ru1h7k2 te85hmo vzhea85 x30nlhe
Node 3: 17qpxg5 jxos8ur kyotgaz q4is91b
Node 4: tb7atvb
Node 5: 1p96p1s 5p98gur 8j3v8ky g93gh3p xyejy7n ztemu2n
Node 6: n7xwt4i
Node 7: lz3w8o5 rft2uvg
Node 8: h4s31ip
Node 9: jw1xisx
Node 10: vi3hske
Node 11: x9ejsag
Node 12: 46pqu6z e0551dh fknvdhw m8uaas2 q7i5w7t td8beul u6ddkix ufi7itm vf9g4il
Node 13: 11v7pyg
Node 14: 6c69ouh
Node 15: 6z37t1u bzk4eo7
Node 16: iwkg02o
Node 17: rn70yda
Node 18: f1jbrp2
Node 19: 3wessaf

Node 0: 1ysktls 3putiav 9mtnqm2
Node 1: 1k803if 1raim86 4osmqye fp7aezi h67xgws k11035i oymrc5n trfarvz
Node 2: u16zbn7 utgvngm
Node 3:
Node 4:
Node 5: bq3xwdm
Node 6: etq0frw
Node 7: j7cebxv
Node 8: dfjlotm
Node 9: d2c3i44

Node 0: 2so0270 obfmgd2 y1fjv8f zqww8g2
Node 1: laqlnrx
Node 2: 938p7bi w0oaj94
Node 3: 0juzbdm

Node 0: 1kks51t 3fb8b8g 67pvow3 his8g74 hixcimk hjayosp t74rfvl tmtc5co w3mgn4z w6p1zx2 yfbeqll
Node 1:
Node 2: 7vly6mj kh4g1z8 p0f2d5v
Node 3: pun9m2v
Node 4: quh2qwk
Node 5: hq545wo vtay439
Node 6: s1z8wxa
Node 7: vnbtovi
Node 8: 76wj862
Node 9:

Node 0: bx4tjm7 ghecj4s p7p8xk3
Node 1: 61b3lq2 6q46507 a8ru4ns ctqunfe dx8oyxw f4fvs4b
Node 2: 2yv42fa
Node 3: n6dtiiw
Node 4: 3r4k3sc 5grjkqk hevuues mdhx44x pzhhho9 r2978oi
Node 5: 3hs31s5 m4giycm
Node 6:
Node 7: 7hc0kx6 92iaqt2 a7yceor zytbaxz
Node 8: v3o54ue
Node 9: fbacp06

Node 0: 8gra55j ohgxd7p
Node 1: ixksl7t
Node 2: 5herg1k gc311pc hc6727w
Node 3: uuwfqes
Node 4: 7bl5264
Node 5: xh4fgdz
Node 6: 6aofxww rgnmnss
Node 7: 0a7xt6n l4m2h3v qqgteow sw3mhux
Node 8: c0h6l0u x0zwuh8
Node 9: j8b140n
Node 10: bdbgaba
Node 11: en3p06y
Node 12: 8uu6v5e e3ublua o098w8o puvdfv2
Node 13: b5xoyg7
Node 14: 1xa3uty nuys1rv yqgdemg
Node 15: nbld6ja
Node 16: dxwmnfw
Node 17: f5wwlqu
Node 18: zks2yq3
Node 19: 95fcm5p czyxbz9 rtfy318
Node 20: mdwci0l
Node 21: 1r98btz
Node 22: 41zpy3t
Node 23: aaurghd f6eftyo jlkpif0 k0cwv1v q0banoi uowwww2
Node 24: 2wwkyz2
Node 25: grjnnsi
Node 26: u7jqddu
Node 27: 67i6tq7
Node 28: s24rul0
Node 29: 1ynoh4d
Node 30: okcmp03
Node 31: lsn082b

Node 0: 2c796yn 6jtobae fa00ujd hg68o00 hxfriio kp1oz1p l0ku35y nkzmhcn p0iqu60 rv4zqcu u7d2and vh0tlvi
Node 1: 1uhive5 7sqegy2 cwe0vcd hwb5dt0 uvgwhrz
Node 2: 1yfmmx9 3e3yi0q 5j6dd30 73a7pya 8d4sfgk xe99gtw
Node 3: 5gmzg02 tew6t85
Node 4: yqtszx1 zq62uwj
Node 5: 0zlu1hn 12a0pbb 70ovj8r 7mlwik4 9u97xpo bd6njvv jzubb0q p3lpags pndu5et x12g2yk yey00d4
Node 6: 8evhtb5 kxqvp7u nvjz158
Node 7: 1vjsqrs 2htg0xz 7ee3q2l c25p2bj jbcu6qs llwrr2q nh3r7e9 ob58dg2 xsi1rza
Node 8: pixoa6s
Node 9: 4dbcva4 lsi7zxt
Node 10: awv1e85
Node 11: dfw2uyz kwlspg8
Node 12: 9ab2z5j
Node 13: gc1t3tg k7shk24
Node 14: 1cnp52g
Node 15: q7nooxk
Node 16: cjsxlvm
Node 17: wkdjxif
Node 18: xhr292p
Node 19: ctxosnr
Node 20: clyhazu o6odgim
Node 21: ckf2p05
Node 22: xpfmyzw
Node 23: ju2n4fb lxlhajn xt6h3js z89elog
Node 24: z8kfn3e
Node 25: 5bp8r7o f54y8oz z21mir6
Node 26: 7qabf5u
Node 27: 3g62gwi
Node 28: ga5n2ec
Node 29: ybj83xl
Node 30: p8i3rta
Node 31: 9edg7lr
Node 32: 4rbp33n
Node 33: xhp43go
Node 34: 07n2th0 59zwswk thuuy55
Node 35: 6t6yxz5
Node 36: 3ou2dw1
Node 37: ry0qtmr
Node 38: 5n03nlc
Node 39: 1hsuqz0
Node 40: baym33k
Node 41: zrvzuz9
Node 42: 6phwlxo wiqm0ca
Node 43: k8g4uzz
Node 44: 4ddmhja
Node 45: tnsrwov
Node 46: 89gk7dg
Node 47: fz37r08
Node 48: jmlcrdd
Node 49: aervhh2
Node 50: oqez0qq
Node 51: 2c5j71q o8gultq
Node 52: 8xl8mhm ibbfm0v
Node 53: n9nbhur
Node 54: 4i3r60u
Node 55: ze47fw2
Node 56: 7uwt659 h4nffhc
Node 57: 3jc7ymn
Node 58: 0yqxml8
Node 59: 73et2iw
Node 60: 2ylrbmi
Node 61: g4p12y7
Node 62: bd3znsj
Node 63: 1dclrfb
Node 64: x8z5heh

Node 0: eho8r35 fd781o3
Node 1: qa34hdl
Node 2: 5fxowy6 nj2z6qf nsx59tl snq28rn y9puhsv
Node 3: 2z9lh28 fq5939v kjxv95b qhmruxn
Node 4: h13l5zy
Node 5: 2oivywx 5eqllxv
Node 6: 5r984na hm2pme8 pgk1t6t sw2npww
Node 7: 940njcl igwaffr t3nfmnt
Node 8: fg86ep6
Node 9: 2yjh8aa 5qh9g2u bzxchr7 whmsfpy x64bw4b
Node 10: wz1h8xk
Node 11: iumpv73 jd41pkw
Node 12: 3x3hpvi
Node 13: 65anznv
Node 14: wf0spjl
Node 15: bqh6uh6
Node 16: 399k54a ajq49up cwhh7hr egz7s84
Node 17: ubio601
Node 18: thhu8i1
Node 19: xlnokwp
Node 20: pie96hm

Node 0: 0vpz86i 2odonqg 5i2d60h 75ouwo9 8kkoo40 d1k6w95 e1ou1iu gy2ao9i hf1e710 lq4fsxb n5c660g r5empkn ra2ifq2 wb1sw19
Node 1: 3d73dkv
Node 2: skhl39o
Node 3: 1t6xw5v h7xhscl yb4hlx9
Node 4: adem72p
Node 5: 0bvu0i8 k1qxdyd
Node 6: s4bnomj xqe5ntm
Node 7: 7zihfbc inrdf46 pss3lzy
Node 8: 7zui0n5 fultvcl lm52hei q1s731x
Node 9: bustt4e dvzly6n kbf7o7h
Node 10: bxzz7ga
Node 11: mk9a9op
Node 12: 89iz0wf rcjn6wv
Node 13: y56uu2z
Node 14: 3rl2kc9
Node 15: eo6hmjb
Node 16: i509r0m
Node 17: 2hna807
Node 18: r5fjq3t
Node 19: 4eiubl0
Node 20: 5fu89cg

Node 0: pdfz9q5
Node 1: 05ojvw2 hl490ws spjuuzv
Node 2: 05o4g9u azu89bt b4pa1x0 ipy75na l6397s7 m0m7dlr ow2n6hn sab2rkx so0s1bl txlo3rq uewg2jz vg82yww zd945kt
Node 3: y6pgek4
Node 4: 2uk8sn4 82pjiof 8j4gz6i hp20lnr k25jsvs k9onf4l p4ch3vu vjcdf7d xkvx2dh
Node 5: fhdzii9 vj6ejwd wltfvf0 zwpxtfe
Node 6: 4d3z5j1 sz7xr3m
Node 7: 2ry0cls 5ycn2gu hpekrve jmkhi2g l5g9jj3 pqotllz rs3uzcp z0zbejf zrx0jnw
Node 8: 5eeo4jj uu4gida zdud2ja
Node 9: vedg4n9
Node 10: rdusbc9
Node 11: 1iv1s82 ekhueqy lrjytrp mu5i8xi
Node 12: bj31ic0
Node 13: y9tuza4
Node 14: 4u3bveu
Node 15: j7py60o
Node 16: 40vhsyk b8f64n5
Node 17: ays5847 fn70iey
Node 18: cg4u034
Node 19: c858nww x8495z6
Node 20: yccfgrd
Node 21: z43r0ia
Node 22: 1347g1t 3vqrak1
Node 23: 2d7t2tp
Node 24: 2058jt4 9o1zwvj x8gudwt
Node 25: 1qdaxzw rfrv3ab
Node 26: u655gmv
Node 27: udzskjn
Node 28: dl1xowl
Node 29: gg9bgwm my25eqx
Node 30: gpzwn7y
Node 31: t53r4nv
Node 32: 5b8he8t uklz5pr
Node 33: rf0nhdt
Node 34: 10hya74 mslo0ij uysz6jl
Node 35: 2vhr7pv hecaz1u hldnf3j patg34b w09stu1
Node 36: 0by680z lr4kp6q
Node 37: ihrsutf zhurdha
Node 38: x2w88er
Node 39: wcy7x1q
Node 40: 44sxtcj evpqp6d louf3kv
Node 41: pkwtj5u
Node 42: wf8pwyk
Node 43: jspnxf7
Node 44: a8vlegm
Node 45: xv7kuhz
Node 46: sklfc5z uw52t7n
Node 47: cgl58y0
Node 48: gm2oz7j
Node 49: fxxu3no
Node 50: arsf7u7
Node 51: ogjl8fc
Node 52: 68s8l78 zhn09sq
Node 53: 9rjr70g
Node 54: 1nvu0ic
Node 55: bga0jho
Node 56: m5cyvde
Node 57: 7z9dcqg
Node 58: pjhq6b2
Node 59: l8cws0h
Node 60: qp0xaym
Node 61: t8ohtfe
Node 62:
Node 63: dl6vetb
Node 64: l1tlcrg
Node 65: uxfsz4e
Node 66: d4ynf79
Node 67: fm849cq
Node 68: dj8uh1t

Node 0: dg8t5hj
Node 1: 8746h7j dq116pq fctoeul t5z6zfn
Node 2: 3uu6k7q fxb8ifk ovj9jhg t667ve8 wyvkbqm
Node 3: irs71gi
Node 4: mr2nv2q
Node 5: 0gm7xma 0o85ddg 74udjcq mpo4es3 vqo9af0 w6dgjls
Node 6: g7t0etr sluscm7 u1mohzw
Node 7: 4v5dyr2 5a0bzhi 6cuhi0l 6qwlrbk lcidgjp lwgrgcr riayjbz
Node 8: p0ksewt
Node 9: n2r3mk5 uptehxq
Node 10: ctxb4m5 u95q8ai
Node 11: ckyhhyu
Node 12: v9y8tcs
Node 13: jhrkemm t7jcq96
Node 14: n8zorgg xvfjve2
Node 15: 1x98p2p
Node 16: nmhcn6w
Node 17: gnx9j8n
Node 18: ywveluu
Node 19: ubx6xcg
Node 20: 3udd3q0
Node 21: jxetqm8

Node 0: q2fj3i6
Node 1: 23s61r4 2gyg558 h1nq6uz qo2oppd
Node 2: mc171ti
Node 3: bbe61d4
Node 4: 1hepxfi qechlv8
Node 5: bufkevp jgekwro
Node 6: 13py5p0 4b2jtn4 ilbrg70 jip3lq4 tnf0btu
Node 7: 5o2r2ok
Node 8: fbdqcag x1mai2l
Node 9: 21wvlcw gxlbjpq
Node 10: 610bkok h9ba43v igrf76l mdqtepl tjczn0u
Node 11: 11hjd2o
Node 12: hkqqp3h
Node 13: 2qu8rw6 vz35df4
Node 14: hkejzum k57xg9f
Node 15: cqt37je me4oldo yj3cxdb
Node 16: uq41cd5 uz779k2
Node 17: 8ttod39
Node 18: dait3f0 qi1len8
Node 19: 63z271w
Node 20: tjz5ynd
Node 21: b3kw0n4
Node 22: 30tduv1
Node 23: 0pkfloa
Node 24: izvneyh
Node 25: 4p42ojp
Node 26: njeowbn
Node 27: hh0mnqe itygb10
Node 28: o1rkwyf
Node 29: 3b7iu5d 7uppsux g9k1uqp kcn23ps vyrv2u1
Node 30: jecnh1p
Node 31: bs78itb wkgwwyr
Node 32: i27pqep
Node 33: 26c37k0
Node 34: tt27uvc
Node 35: q3a5pt0
Node 36: cj45ls9
Node 37: 6tgmrkc
Node 38: 66epake
Node 39: 1xqbnx7 77j7aig
Node 40: 76n3vgn oglxl17
Node 41: fec8vsq
Node 42: kl8lo8x

Node 0: 1uopyf3 44ohblk 89uvhez g1m41gg hqpik2c lllwq1l z1t7f02
Node 1: 8qmxlti
Node 2: yvrl28l
Node 3: qpw6f2o
Node 4: 524bdo3 8qhkh9x
Node 5: wltrru8
