Node 0: 340j535 3uat2i6 5qqtnaj fbo8h9y jusbgqm k83e7kj qf3z7ro
Node 1: cg2omlo ly68ksv
Node 2: 15q2x5d 2lqff3e 8bibkvk 8bjullf rr4ydy0 van6ldl
Node 3: yami8mw yhn5bc9
Node 4: 4gdz9qc b71eoe6 dqyal8h jnk71my m9yqrom oxp0qbq
Node 5: 9pdogpz ofg14w9
Node 6: goti2pw htma8xn
Node 7: p5qj3ag ucozztc
Node 8: zavap8g
Node 9:
Node 10: 6a3xg8i c73qgas
Node 11: 7xvk3wb
Node 12: 6qdmurc
Node 13: 9akxlrh sooe23i uxfrgzf
Node 14: u7otd2o
Node 15: 5wbnn0y
Node 16: 3wnf1l7 5p0obpx
Node 17: 5zxtx95 jma7o44
Node 18: tym7tir
Node 19: 7kohawk
Node 20: npfke7j
Node 21: m3yn41v
Node 22: s27h853
Node 23: m014b4e
Node 24: ulnh6py
Node 25: 2hxhgd4 s0nxjnd
Node 26: 7xs3wxx
Node 27: 93p46uq
Node 28: uyhnvih
Node 29: ph78tae
Node 30: 0idk78d
Node 31: 54rx4y6
Node 32: do98yab
Node 33: e78tlrx

Node 0: 0y0k38o 3rn0axz anv5ok4 fjw6h7p k8gvwt1 mfhe4za p5ojtxa qo44jwc qy5obi9 u0591u7 xjns8xz zdkb4ok zr7ty61
Node 1: 05ih8jw 6941rb9 6qauxg1 8wofvn8 97wmqt2 eojumc2 mnog3a2 uz2rdtk y23fivk zpgaxqr
Node 2: 4ii2p83
Node 3: w76zlvx
Node 4: mbwmcmt
Node 5: al0bj20
Node 6: 8mkfrp9
Node 7: gz30udv
Node 8: vkvq396
Node 9: ne3xe3k tkvrh4h
Node 10: tmjiruq
Node 11: wz4ozig
Node 12: ixzbmca
Node 13: jy81gv6
Node 14: nd19d4b
Node 15: xvvymx9
Node 16: yftgrkq
Node 17: rl0vd63
Node 18: kzdqter
Node 19: ws6w1ln

Node 0: 1n4qpqn esw0lzs lumq1ps oeac6g7 rsn9vpx
Node 1: simkx9y xxghgod
Node 2: 0f6nz6y 4rpktgg 5ghkj83 8wnjk6n beizlor i9q6o5i iaruf7j m5cttq7 nc7quxb r1k4wjb tdtnfhm w7sfcru wi7jnag xqjbmkc y4l0znv
Node 3: bbgsr5c f2jj87b gb2om7k ovy507m zerwfay
Node 4: bwnyb7t
Node 5: cup53fb dh3c8s7 ejctg7v gxqpqsw zvioind
Node 6: 2jnw6pe
Node 7: p0ns8xo rpp2zdy ugu6kjy
Node 8: 615afou 6bgiane b8sm7ao
Node 9: 6dnn50u 8r7dovs zgcc34e
Node 10: 2oihwsb 3fq3wx9 ie3ora6
Node 11: 7kq19nx fnj0rng vyf23ue
Node 12: jtd0cic
Node 13: 3iaemm0 60kpzk8 ajtequa cxossnu luhdpjx trwmi9c
Node 14: uofwiix
Node 15: gzlepw5 lyuldw2
Node 16: azlayu8
Node 17: 4ikpt0e 72roofq
Node 18: egzobho
Node 19: fan9l29 y1zo2vt
Node 20: yxhxatp
Node 21: ovrsvae
Node 22: cid037l
Node 23: lxi3bgr rpul1he
Node 24: 9svaszq
Node 25: 6b3metl
Node 26: 6575qxz
Node 27: t0ijsv4
Node 28: chyyo1s
Node 29: t5p7zdv
Node 30: afz2mkg
Node 31: du2aliv
Node 32: baqvhl3
Node 33: 3yyzmwq
Node 34: 5uqyk7a
Node 35: 49xja9l
Node 36: 4pixpcx
Node 37: yq9rb7k

Node 0: dwd9jcf
Node 1: a92z9mr di6qm9j glkyw0w h7py5n7 pkbyew3 pr6hw86 vfv2eqy vrkokiu
Node 2: lo0hgw2
Node 3: 6263wk4 m1pfqdi
Node 4: 9rybe88 oq56plk
Node 5: 2hs9nz3 56larxv ofudo5b
Node 6: 036yacp i03sjvm
Node 7: 09k2cvd
Node 8: 3mwk31d
Node 9: 9pxwjg2 anke26o etgkx56 gkozcuw rfbmu69
Node 10: oxte9t0 rk1ghb8
Node 11: gpx12cz
Node 12: 31xfu99
Node 13: blq0xtb zc59i1s
Node 14: 3540z68 v913zw3
Node 15: 8vppn4f
Node 16: 33829la
Node 17: 2n7axc5 yqeptim
Node 18: ms1o4p3
Node 19: s54ovkq
Node 20: fsghzmd iwiaje8
Node 21: bndxvxb
Node 22: 4de0yx4
Node 23: bqb0hxg
Node 24: 6jdzbbh
Node 25: 9afs6pr
Node 26: cbrio0y d4byj2i
Node 27: zb514lh
Node 28: o0hossd
Node 29: lu3c3a9
Node 30: ylwt1co
Node 31: iraa7rp
Node 32: 1ybbjel
Node 33: 7itqhy1 wvttr3n
Node 34: ugcitxi
Node 35: ei2t5hc
Node 36: jri0bxx
Node 37: pf96eux

Node 0: upxfq8f

Node 0: hehiick ttdtpy3 v71k20s vmiblqz
Node 1: 0x9m8jx
Node 2: ojgv6el vuctbfj
Node 3: 6v3nhrb h1agwoe l5jah2w ryk1jup
Node 4: 6f8mq9w 8eb6vvo ux1l43w
Node 5: 5pvm42y mysx666 s0xt2xm
Node 6:
Node 7: ls7mm0j nw80xft q6mww02 w2vtaaz
Node 8: kjxjdo5
Node 9: cz59wru
Node 10: k6scfcl
Node 11: jlhtnpm
Node 12: irkg7dc
Node 13: 4ck3zzr
Node 14: dhobv9l
Node 15: rkx90nr
Node 16: mqq0ukf
Node 17: 3kekn6x b54vfdm jkw3aav sh2ilwz x8a0gng
Node 18: cmw3cam
Node 19: 0l9ju3u
Node 20: 3qyz8id iv5z97y khj5zl8 l8tm9o1 sluqlim umd4uqn
Node 21: ljla32k
Node 22: d9ofrr2 kg12z7f kymx6lb n4eq6v1
Node 23: p1uko58
Node 24: 3tlkqi9
Node 25: w6ojvbk
Node 26: 9gpx9es ic0mrvx sunybat
Node 27: ytaqqf5
Node 28: 2nr5qxj 6amdg76 v9bws01
Node 29: ko8j0im
Node 30: 892jkzp
Node 31: u4gvetj
Node 32: pf2nsfh
Node 33: 4csvcos
Node 34: ria7c8o
Node 35: zulcuix
Node 36: kbgz4ut kyghjc3
Node 37: nl5vmyt x6kghkv
Node 38: lln6cew
Node 39: kumbc55
Node 40: emhl0v9 s1p42z7
Node 41: 2c0kfeg
Node 42: dmz8ud4
Node 43: lmcjqu9
Node 44: t4neqrb
Node 45: 80bw9jo
Node 46: n536ojo
Node 47: gift71n
Node 48: w3i4inq
Node 49: pdjmn65
Node 50: 0y5v8no
Node 51: 1bc7e9v

Node 0: 5ya44wd 8ddtnmi 8jm5yde d8hyf7f i8i6q9f jvrynth t2j4qkq wqz16in
Node 1: qtvesho qzhz1di
Node 2: 1mlf81w 1uo0xt5 9d0d33p eydb8fz glz2705 l8kfw3l wlh2nyh wsvkwzb
Node 3: 7wyfo9l cdol3yh
Node 4: 4csp01d nh2cfam
Node 5: h9swfey n42d88p sh23ubw
Node 6: n595q93 utin2t8
Node 7: k9efk7o l7uy3yw
Node 8: mjxje1s
Node 9: r90h6vx
Node 10: j69etd0
Node 11: 7mwa0nu
Node 12: xrr2ded
Node 13: 0r4w0p7 x1fhjz8
Node 14: kazybr9
Node 15: s3w0fcj
Node 16: e3u4bzw ipf2rmz
Node 17: rggk2qk
Node 18: 6m4aeag
Node 19: 36divlw

Node 0: 2s95bd9 7htgu00 xznnlwq yn738od
Node 1: csg5xll e9g5qp8 wfvu1cr
Node 2: 5zq4hds rigv5pu v81rxrr y5gwkxn yb601cn
Node 3: 0dteaot
Node 4: pfv7m21 pp7uzzj
Node 5: dx3c19f jn7uo8e
Node 6: 2x8sppl
Node 7: o60oyo7
Node 8: j1ud56v
Node 9: 7qhnvwg
Node 10: 2xo0g5z
Node 11: iwc8w3u y6xkwf8
Node 12: s8spsb4
Node 13: 3ho7pu6
Node 14: a6avwfo
Node 15: kxy6hi9
Node 16: mhwpsi7

Node 0: 0rseztc 1aygohz 1f0d4qx 8l1notr gwidm5a j2591jx mje3hgz sjycrph
Node 1: 37qppa5 jndbxhm qgo0h55
Node 2: nlq7lze
Node 3: 19vi7nf nbxbwdd
Node 4: ty9yunm
Node 5: 4vaoehi b11or7g jaad3qt
Node 6: btbcm8i jsxtyxh kwexw2l
Node 7: vsg2prx
Node 8: r16178w
Node 9: 3epmwuv a8xoya6 cf2x038 i05do35 ojg3h1h v76frhp
Node 10: hmroozb supavpi
Node 11: 282g8y9
Node 12: hgd59pw
Node 13: s935gmy
Node 14: 7zwcly7 wnqgrqh
Node 15: 230kg1p
Node 16: 2akxt2p v0cfwjn xxtm0c1
Node 17: sdq26zh
Node 18: ois4m6v pm8x2qn yo9ugnl
Node 19:
Node 20: 637752m jxxgp9z
Node 21: 4au5nlt 6xpgbfr js2dlpt o510gk1
Node 22: 47gk817 f8h76d1 kz9tt29
Node 23: 88tmouo oauto9c
Node 24: ktnanrf
Node 25: 3s95krl cjswq15 ecogyun qlvm6vx
Node 26: i46b4at
Node 27: pxp9dxf
Node 28: 1lb8dd8
Node 29: 9xi5lha
Node 30: zztk6pc
Node 31: 7f0dt7m
Node 32: 6aipqgi
Node 33: jgqjmr3
Node 34: c5vvi5g
Node 35: f8dhexk
Node 36: 0ko6hd3 nrfn664 pcsz7wn
Node 37: emlfhk6
Node 38: bfg7gmv fts903z
Node 39: k2luzad rinybmf
Node 40: nqq1x2p
Node 41: 6fkmqpe oazth81
Node 42: sgzjj0p
Node 43: d5v5z7q
Node 44: in6t6mb
Node 45: bhop8y9 wxjj7dy
Node 46: 44sh9ac
Node 47: kxio1q5
Node 48: udcvu5s
Node 49: yo0phz3
Node 50: ttglwif
Node 51: j62zm5i
Node 52: qhgx3ec
Node 53: ebn4rqf
Node 54: kldx0ej

Node 0: 14e26n1 3eqbbbt c4hum4w j9cqquc
Node 1: 2zec5cr 3yfbuj2 w4p84vi wzvv99d xi5p1a0
Node 2: 5uqthce
Node 3: xh2710e
Node 4: om75jhb
Node 5: 18zp60y 2c1s693 2n54vkq 80gdkz5 kmjhf3a sod2kxa
Node 6: uo071nf
Node 7: t1p1ia4 wwzmalu
Node 8: ay8pqqp d6o9d9q
Node 9: 09begds 6koi0qs
Node 10: 6r4pjee dayv1vi
Node 11: lv8ayhf
Node 12: asg57nu d5uegqc jza9874 o6cpnlt r3rr3vk
Node 13: 25v0d5g 8lm7ojp 9dsxxl9 a0f6xo9 cjqcc7k dpspx6h v6humbo w05gxbh
Node 14: otw6jf3 rgghgen
Node 15: 0cqp7fd
Node 16: ru0w7x2
Node 17: hlrn5nd
Node 18: hj7fudn
Node 19: 5qs73eg
Node 20: nxgw7ie
Node 21: nc2p59b
Node 22: 0z9b84i 4euy38u twkgdyn
Node 23: sru3exv
Node 24: oyosvyb
Node 25: yug9qu3
Node 26: 4myu82k
Node 27: nnrqto6
Node 28: 6h2ihgj
Node 29: budfxw0 pbjzcnt
Node 30: rdoh2k0
Node 31: s8s5w63
Node 32: e2bvfg1
Node 33: 85hgvjy
Node 34: jqihxhz

Node 0: 06v2kn2 0lurcl9 1p8b403 2zokvq0 3j5f6tk 4xzqvly 6jjkujs c92ejzt fk5n23f mdlid6x p8y29r2 pikj1yy r4j196s sbmkwn5 soqt62x usf15hq vjrvo7z w3jfwxh waohqio wbkdb2m zzfksso
Node 1: c52133y ilthtgy
Node 2: jn4havx u1tl3r8 vgbvhv3 xiovre4 zh2w91m
Node 3: yv934li
Node 4: 094t2d7 9b91iei
Node 5: 2ul3t9g 8gi2394 d996bhn t6420ci t66nz07
Node 6: 0gw62db
Node 7: njd2css
Node 8: k2bfwjo
Node 9: ztqeeid
Node 10: 3y6ufgs
Node 11: cvxtk7q rjw0su3
Node 12: 04zgjge
Node 13: 0chl2fc 10jot2u 69m5x9k 7hf6f9k 7ucu9wl p9133vc ygujd11
Node 14: 66l218w
Node 15: 642pdsy
Node 16: 6jmku3v
Node 17: pxarfnj
Node 18: benejvb
Node 19: r5dq5ec
Node 20: pb175vu
Node 21: dfxhduz
Node 22: ogfex0e
Node 23: npw5o9a
Node 24: 9brm9xo
Node 25: lasjo4z

Node 0: kw3f9bl
Node 1: wlm8sju
Node 2: 0eyr412 9l2myyj gbznsom mnip6hr un60lsw
Node 3: 2b7hme5 4qrp2oc ts0v9ta v2kd96p
Node 4: aigkt0e f4fqddr myapgbf uuls2te
Node 5: 7adlac3
Node 6: g73kqbl
Node 7: 4liwq4i mm7xa1j pznwgau tyh3pqc
Node 8: 1bl6dvf 4ri31hk bv21roq p3nxrqz t4ex65j vr40aex wk8zmdh wurplv9
Node 9: eeub8qe
Node 10: 31azmdd cl8p2gk kb83j53 legsdgu muoqxhb
Node 11: 7g4gy2l 86w4d0g dkrh1wo ro3gz21
Node 12: 971jet2 aqruuwj cu03ror eccnnu7 fkfveo3 in24e5a j9m44f1 mgux37n pa53w8z yfg3vgg
Node 13: 1jy8tl6 3oiwonz augifd6 l1ju2ip u7u0ht6
Node 14: 0ecwbp8 cgivchq mhy7abo
Node 15: 1or132p 8fjxb8j kgvbj3m pfbwfuj v6r6xp9
Node 16: ydljtoi
Node 17: csd3f28
Node 18: 4yon61z ggta5sn lhuejbz rbe48mz
Node 19: fjvgkus
Node 20: 4ppnqlo l34c8op o9pmrua tmiwdqs ui52cg9
Node 21: 13ywkzr gsqr9ps
Node 22: 4cobzbn
Node 23: v6gtnzw
Node 24: bwt4xdg zkun3wd
Node 25: b7o4eph
Node 26: 6bgcvo0
Node 27: i44uz6g tftp79g
Node 28: e5hzc7u
Node 29: pauw2ct
Node 30: 3o2a51k i76lpps y5iditi
Node 31: 7o6ujdx
Node 32: ww24whk
Node 33: 33ni3ry
Node 34: 2kxnf5r
Node 35: 5s84cs0
Node 36: 4jx0p1q
Node 37: nbtt8as
Node 38: xws2i1w
Node 39: ikf902d

Node 0: 7jzctdb o0gbv7m yy9hves
Node 1: hqkyt49 q3a5dn7 x21jfzm xwfb5b9 zxnowhv
Node 2: 38gn784 5kdkdqg agx3nxx sijca5s
Node 3: 9mnavx6
Node 4: 3s2s8u4
Node 5: 0xfl2fu dphuhpf ijddosp oxiei8j uv95n5i
Node 6: 119tr2w
Node 7: nmtxodi qjmmuwk
Node 8: xn7okvq zuympgs
Node 9: ds55e5k
Node 10: ciu5p56
Node 11: fld1jjs
Node 12: lqad46u
Node 13: o7gedol
Node 14: iivsufv

Node 0: fxo4dav
Node 1:
Node 2: cesj4ek
Node 3: 36a21r6 ahxlklb pt5uiwu
Node 4: 457ox6r iqaacgh ss6l7f0 z52x7p2

Node 0: 51vbidk lpx4cs3
Node 1: 02lez06 7cjd71q edvpf9a lk21wj2
Node 2: aqjtglz
Node 3: 4ncqcdl iqi3o6q
Node 4: 20kqvyl
Node 5: uzmz90z
Node 6: j827xht qqqxd8i
Node 7: gip0cn5
Node 8: 6emhcex axcqsvp herd1wm
Node 9: hdr8eip k94eul7
Node 10: k0mjqf2
Node 11: 7okmlgh
Node 12: 6hgh558 cqiqpqq k0np2tj l1eha8r
Node 13: zdrpbu4
Node 14: gu87x5m
Node 15: s1k6l7p
Node 16: vohqs8h

Node 0: izenll0 wss9j9n z59t7qw
Node 1: mms6w1j q0na5jm z9f1fhl
Node 2: 9z4s6d2
Node 3: 901ccbg
Node 4: 03iv1t2 2x33wt3 5fomie6 9sg3rqt c451n7g elp0rh2 gmdgkgx hwj4oxu k679jmc l2pf8o1 r5u4fx4 vw4faa5 xrwqz8t z7qabvv
Node 5: e95t9ak ea6vpvq z0v3tc1 z4f01f5
Node 6: gi72a2s lq4nwwm
Node 7: abvy01r
Node 8: 7y56ax2 8eue9z7 fvqa88s mgfah4b ow72bw3 sc8jip1
Node 9: rd7eesy
Node 10: 0xyam90 ibs3bg7 yhrwnku
Node 11: gbznbpg oj1kh8h
Node 12: 1yotanf 3xzozzd v4d3m59 xhvh31i
Node 13: tfg402o
Node 14: 9ip25oq vz9gtyi
Node 15: lexadef qtt6z3u s6niync
Node 16: eqtbg2o m3ezq1k vbud91c zsemc72
Node 17: 968q7n1 9ynzfls
Node 18: yfw5qpd
Node 19: i1lhfd7
Node 20: r9m6wtg
Node 21: z7eynju
Node 22: i5stvu8 y4c9f9w
Node 23: 7qbtmev
Node 24: hasmtju
Node 25: uq1qcxm
Node 26: w9agnih
Node 27: ql1i8sl rufa16m sm5une4
Node 28: 31bdz4q fgwknkq ydix8l9
Node 29: o4boh17
Node 30: 0oqrs4c hwtrka0
Node 31: gri1y5d
Node 32: f4tchwj
Node 33: ucvxswy
Node 34: 566sziy
Node 35: nyhr5h2
Node 36: 4locgst
Node 37: 9126bjd vqklm1r
Node 38: u9atwg5
Node 39: v4mvrq8
Node 40: gha5gcb
Node 41: zh7lqxl

Node 0: 06snjc6 1dczxuz 20f2x2w 2zc1tus g1en5vv lzt35a6 wptj3pd wr2glc7
Node 1: 9vih3a9 bxdug06 iu78fcg tk14mx3 to6hgv9 x421s8y
Node 2: gest2g3 ia5psrc l1bo9mi ntuv4pv pzu39wc
Node 3: 04z9r9o apabu2t gz7tj3a hgapb7l zlc7oke
Node 4: ip0qu76
Node 5: 3xxa3um 6kbitme tq19xq5
Node 6: 4gtlxc1 es6egbb tjpuzo7 zqwqoh8
Node 7: lwf2ydv p59yk9h
Node 8: azj4327
Node 9: zjg8zrz
Node 10: amjo3fk
Node 11: 58k7n4y
Node 12: n467q4p sjx8j1x
Node 13: a66ljui
Node 14: a4j8qlw
Node 15: 9inr53r
Node 16: 73k1mtz m0f7fxe
Node 17: 147riyi
Node 18: ggc77mf
Node 19: 1xi7vks rmo26ce
Node 20: u59u6bj
Node 21: xon9wbp
Node 22: 0w37kfb

Node 0: 6ng0hdc jerd7ko mzt6znv orsj6vu
Node 1: esy8hg8 sajyotn
Node 2: 6m3tka7 ww5zeqg
Node 3: xrcibut
Node 4:
Node 5: 2sx18z0

Node 0: 7nx33au 8y5ne49 bqu7m6d bwts4ka d3sqr7u g75rz0z ty004o4 wfa44aq xd1kvfs
Node 1: 00gkjn9 xpy1xrh
Node 2: 6n2l2u8 eb9jmu6 ej9zxjv f8blzpk h29svdy n9resrq
Node 3: 5d2y8l2
Node 4: 6a6ajtm
Node 5: h04odfi

Node 0: ajk9pio
Node 1: 0h8njc9 6uhshej e1wj49l
Node 2: 0echcgq 8uw5qw0 izgcyn9 jlesq21 quxh5kx uot21jh vowyys2
Node 3: 921ufs5 bcrhm8i y9pqbg7
Node 4: br483ao bxadesw dtcyp87 es4wj5u iqq3wrq my4lkdy x9oeeoz xx1uwgj
Node 5: buw2rjq gk4xt8q vocfv9r wi30tab
Node 6: g5snms1 u1wyifd
Node 7:
Node 8: 0un7rh0 42v9hsz 5b78yug nzkb90v ubctln7 zb3t6b9
Node 9: zxla9ym
Node 10: ca5nfh8
Node 11: afd5204 mhdjdj4 s8b2hwn y6yiija
Node 12: kzdl4fg
Node 13: 5rf0xb1 9wf6gr8 f84ky7r xwerq84
Node 14: thp2xcm
Node 15: 4kdeecl 9pjpofq re2h608 veltnch
Node 16: tglian9
Node 17: i1mhp16 igcu51i o8beagl oef939g ugrplpm
Node 18: 1i0n5yq st96evm
Node 19: euc4mwe
Node 20: 1uxogni sfc9fsn t771rza
Node 21: t0jmrrl
Node 22: zibi426
Node 23: 1oiz0fm
Node 24: dox2bac
Node 25: 3si51hc
Node 26: llbhx7j lqlwmsx
Node 27: 0jbtm88 5ktwous
Node 28: rzn1aiw
Node 29: cl9v8iq ee41hsv
Node 30: yblqx95
Node 31: ia4e23q
Node 32: h7o3ur1
Node 33:
Node 34: vqkxd1f
Node 35: pazywjv
Node 36: aaswbkn
Node 37: wy2e3r7
Node 38: vtz95ay
Node 39:
Node 40: zb21huu
Node 41: vgrq7j6

Node 0: 2dtf42x 4rlttqz a1ahkdp fi6fih3 wkxfg09
Node 1: 8ulduf2 mofp75i nrpohyw o58f5z2 yxmzhd2
Node 2: 6iry46g c76xvtw e4bcswa egs4r81 gl6x71j itfngmb n83j1ex soukr3e
Node 3: fsz0mle gihr6tr ypahgom
Node 4: hpy13q8
Node 5: 0rg3pgz
Node 6: 53eg78j
Node 7: bcfi8en pnw5yve y5qt3u9
Node 8: 1jrysmi na29t3j
Node 9: yxl6cms
Node 10: dc9yt4d m5pgn1b wm1fr5q
Node 11: b6oebk1 xbpky9i
Node 12: p8o1inv
Node 13: vmdwvev

Node 0: 14apqf6 1nvq97e 23ul9u5 2pcxhm8 6g6ao0e cp2sheb hzc6zgb l1bnim4 moilivh n7mr15s nl6yhr9 pg9omv2 rnryd98 y2jik1g
Node 1: 0m6axw0 0oz711r 1kphiel 5p4495c bncrey9 f05m8qi gfmmwnj j7jdxmf kulbd51 morp7h7 p0cx0wg p71n6s1 qem45j8 sf81z1x sxdjbz5 x8ecs5q xl92zj5 yxwg1pj
Node 2: 2ifa8ns
Node 3: kexx0u0 pvcpsyk
Node 4: hir74se xp49pbm yi1vfxv
Node 5: waxiww9
Node 6: 149staa 25ktwk9 5llq7mt 73v4wax anxtrwf dtknazp hv996we j7xtva2 jc7v370 nvnpkg3 p4888p1 t8duxqs
Node 7: 07q6yk0 1wodo3o 46bot23 ei077vs o2o7uq3 systwzh
Node 8: x0hmhwe
Node 9: zl5a4hv
Node 10: f0vmfl1
Node 11: 4dscmyx
Node 12: qj6hfkn
Node 13: ivkrgkg
Node 14: fhkhc2e g7qrv2n
Node 15: 5pipb7z heygwaj sxbph34
Node 16: 4ipx38r
Node 17: afowmk4 j8l8cpn
Node 18: 47tegl1 5732ni4 58wmdrz 7r5dx3p h24lu4s
Node 19: 88242y1 godvmt4 ssgdiqr
Node 20: rlqc85c v9irvfq
Node 21: 03ngkha
Node 22: n9oscpl
Node 23: igogvqz
Node 24: 803zgna
Node 25: 61g1r9f lhuy854 oo913we
Node 26: var9kbs
Node 27: 99fzwfk qogzpko
Node 28: r5yhzkb
Node 29: k4ulgpk
Node 30: zxm94qj
Node 31: j79w0h1
Node 32: h3st7n2
Node 33: nojjcze
Node 34: pqqmbxh
Node 35: egk8tra
Node 36: 7u6vsn6
Node 37: zpy8xqv
Node 38: 2vgd2is dj68woq ra110tb
Node 39: 71zq0s3
Node 40: x83xr0m
Node 41: uy5iibg
Node 42: 2kd95c5
Node 43: b2t24gx
Node 44: vmssobw
Node 45: 4qduoxd
Node 46: 38aku74
Node 47: s8yysdr
Node 48: yzgchuw
Node 49: us37vl4
