Node 0: 27lggla
Node 1: 2bemmrv 42cpztj 48d0q4t 6unicqk 9scde1v d10jmpy dm8j3sg e7pi1i4 fldhwde h8mb0hp j21smt2 ponueia s0eoqg5 teu43v2 thjlnhh vnps0cl x59icwh
Node 2: 1wng5fg 85km78x gjfp7gw uieip7m
Node 3: j8rvg6h w7t2ryp
Node 4: kf3p8dn
Node 5: 3azv45r jq9f99n
Node 6: d282ef5 fbsuwz1 qnm1d3s svxw0fx yj9b159
Node 7: ose7e9t ugbenmj
Node 8: 5btps1b egmbdjo kw7toxq p8t3end zyo1qhb
Node 9: 20fj5mk 2uhzobp 80f8pag qkms753 uv3asqo
Node 10: 2ne5yby 8l9v38u pesnp6t qff9mkd
Node 11: 2v005es
Node 12: bvextic
Node 13: aoww01q
Node 14: vphe95z
Node 15: 1i9xpgb
Node 16: muzzj5e
Node 17: hksqgx9
Node 18: 8jmy9gk i1h32d4
Node 19: 078snzj 1fosg60 25zx4v2 7uwnnui awg0617 c5y7osd ctzwy0a dr096lp l3o1kbk phuqwgd s6egv2t ssb4b1m t8802xv vlgdcaz
Node 20: 0xb1hr0 18rziit vychirf
Node 21: vbantzx
Node 22: 5a3ul2i
Node 23: eyznesk
Node 24: 1y3ycsw debfcuc tco3fpl
Node 25: h6rbu8v
Node 26: w8z3tml
Node 27: n39k3uz
Node 28: 5f1esie hz9e65a
Node 29: 506veuc cx9pnmm
Node 30: ifyuwnp
Node 31: dke4ooo
Node 32: zlfhnvs
Node 33: 9azlm7i
Node 34: l0ksldr
Node 35: 43wm6ho
Node 36: op7coev
Node 37: uhva3nb
Node 38: cvwntt3
Node 39: fe2s5gq j6w47at
Node 40: vnx57i7
Node 41: dlbupip
Node 42: dd0056n
Node 43: jsbjeqr

Node 0: tw5pvhk
Node 1: dfn9svr ibxyz1v
Node 2: 53a74dj bc4s6vn ehuz5tf lzpmn5s t5neuga
Node 3: 6r0dcp4
Node 4: 3o62uvm
Node 5: rrbmvmi
Node 6: fikfch2
Node 7: f72lg1v os3wz2d
Node 8: 0az69uz
Node 9: mhwvdrv
Node 10: f1j2fr8
Node 11: 0fbavc2

Node 0: 47rjyys z4lh5el
Node 1: axf4xwj
Node 2: agi3mlj
Node 3: nq4fte4
Node 4: 2adagky k8dnhvt oyztdv8 q1pxf19 ywufdev
Node 5: 8wsd7zs ekqwjia gnvkx77 jd0xgtm kkezdlq qqm0d2a rnhlfe8 wn0kyhy
Node 6: 79afi0o gwj2a76 ifbwrah iy4joch j4wdqjf jlgkmfl lc6hk4p mpl7ezu zkevcwm
Node 7: ja1w2b7
Node 8: 5xrs4nx gtc23my
Node 9: 68eusei 6l9fcuz 77gqjgq 8zypngc cfjjclx lguhyle rc0wqrs ub0kdgp wbaraa6 wpfgw3j
Node 10: cbc3ufh
Node 11: 67pabzm
Node 12: 8smwnft 93bsz2m lijxmmk q3qq3b8 vdbm86s
Node 13: z8il0n0
Node 14: o77v3kc
Node 15: 1s0zg8r
Node 16: k5q8gsk n9o4c3v oe6uekw y8fgm5u
Node 17: 7h16s6g gyiza5p kqwjwiw teklfa8
Node 18: 1r0izct 2q7tl7z 9qis236 qpivz7i uxcf0y5 wo4bvzf xjxbqqe
Node 19: 0a9h9g2 5xr8ak1
Node 20: 5i5ufqq ddqojqz k5ofvwh ltxa951 qk7lgr9 w57eyzr
Node 21: qsvmxsq sjbefn2
Node 22: 6nsbqap
Node 23: 781nnpx
Node 24: 6sawzzn fbfc6tm
Node 25: 3nm8oac
Node 26: iu6228a
Node 27: z0gjq5h
Node 28: 66kgadv
Node 29: 95hdmqi
Node 30: yow97y0
Node 31: 3nh1d9v qc2fbdx
Node 32: evwdo64
Node 33: dvt4bmk
Node 34: gqbyj72
Node 35: alelfzn
Node 36: s353gfu
Node 37: itwvfjo u334e21
Node 38: 5eolaml
Node 39: zexkj6x
Node 40: ws5n3ky
Node 41: ya0gnch
Node 42: jsk38dq
Node 43: 92h3v6j
Node 44: 1lujyaa f5d9y4b
Node 45: d6sk92n
Node 46: 36e26u8
Node 47: uoourfn
Node 48: 6tsyks3
Node 49: e4ebp1a
Node 50: o0n32oe

Node 0: 1z7u0fi 2blbkhd 5d2b07o 6dofyvs 9b476uk aznkpon bitny6z gipz8m6 h9jgcgn jz2abvl k45xhgo pkyic3h skzesms
Node 1: yond2h3
Node 2: zytsczn
Node 3: 6aur22e 7w9t5cg bkfggnp txpzmfg ufsku14 vul08g8
Node 4: xcjhybh
Node 5: 0zoifvp cyzr4xj
Node 6: 0vk1vkc xn7apmk
Node 7: ju98zpo
Node 8: 6cnzsfl g9s8c9t wccg5pk
Node 9: 14iguo5 qt4bs76
Node 10: sp3niao ya5ibbj
Node 11: oxfqy1e
Node 12: bs4o4ef
Node 13: 3amg6bv gaqfkj2
Node 14: 1ikd8s6 ey1d3fh fh03gyi smqtbyr
Node 15: uwcn3cu zrlt7rv
Node 16: cb7j8kc qi4euso tepupvj
Node 17: oe9soe5
Node 18: 4ajg65f
Node 19: um1yh5s
Node 20: pwp8ed0
Node 21: q8ogzfp uhjawgx
Node 22: j2zluqu okaq5bb
Node 23: 2aivfpu 3aiqc6x dktuu1q gsu3eh5 leeuwuo
Node 24: 6x4zv8y r3emun6 ru6hr57
Node 25: y2slrqk
Node 26: j7luku1 twxnt3p
Node 27: eku52kf
Node 28: t8dreh4
Node 29: 6tf6vd1 n2h9jei
Node 30: iazz80i
Node 31: uamg32o
Node 32: hj9bkvq rv8fsu5
Node 33: yefm3em
Node 34: cjt72qw
Node 35: 6w1fb7q
Node 36: gn46h61 r08vtsl
Node 37: tqrqaob
Node 38: 58txumb
Node 39: mp817at
Node 40: fbu1nf0 jcelimh
Node 41: 17th75s
Node 42: 11lktpp
Node 43: g7mleq5

Node 0: 144ubhz 38uby41 6am4fcj ae12v8z bmj1ycr o0jnud7
Node 1: 1rlb7w0
Node 2: dak5gdf e94g1ad
Node 3: nczmopw
Node 4: c3p44rm

Node 0: 2x03a46 45l62b3 e0pkix5 ziviexq
Node 1: aa3icdr
Node 2:
Node 3: 4s7llx3 ggpcatt lhhu0ra oakkp42 p7sk0pf p8agcpy rqaclqr
Node 4: j6y96tl
Node 5: wgy7kzi
Node 6: 8ywiobg aokxd3m atteo60 o3kvcil zo37fiz
Node 7: o406c8z
Node 8: 14vhenq 7pihue7
Node 9: 3e0oytm enk4fz5
Node 10: 90sk6mn
Node 11: 88mm9wi
Node 12: xs8vlfn
Node 13: 7kkzteu
Node 14: 5lqqq7u

Node 0: i5wez02
Node 1: 34x953j 8g47owu 9gmuwl1 g46mhvw gwbgutl hmjk8bx jw7w1vw l4szjsc llys5to p0xwzh0 v41szdj v532939 xmjjjtm xxffjir zee9qpc
Node 2: esxlius
Node 3: 1mx3k8n
Node 4: jhqcwtn vumam2v yzut5xl
Node 5: ata9a11 e4uf91y ip47dbn pycb1rr
Node 6: 2vv2gfj kgfzmcm lwbqj99
Node 7: 20ky7fg 3kesd6r 3o314fq 9d7n9oi f34nzyq q4bgylc voft044
Node 8: ceuy93d
Node 9: 1xo2nui 46o9ilu 6y47c76 8jlz2l9 lmxikr4 vgdcw0i
Node 10: hltqimt
Node 11: c3uu0qe
Node 12: silvtus
Node 13: e86l5vs
Node 14: a1qa7f6 v1hrbi0
Node 15: qzg9bq2
Node 16: 8rzcvrv kfkxc4f oukhsc3
Node 17: c1af4r0 y860c1x
Node 18: gyrc2bq if91kqo rymg4at
Node 19: yj1hogh
Node 20: 1t30lgk 7uuwwoi 9w9j0lf
Node 21: 77o11zu yyg8uua
Node 22: msbkf2l
Node 23: yktq7ct
Node 24: 6tvyu8s hv8869k
Node 25: izsjqn8 sqjjmav xhh3ik9 y8pjdek
Node 26: 8zr7jkw
Node 27: iep3wqi
Node 28: ryzyeow
Node 29: mpkh448 o7vrqw0
Node 30: 1ju7kfy dij39sf tlew5dc
Node 31: 64ubkfz
Node 32: cmol9lx
Node 33: xghpp9i
Node 34: ywu54bw

Node 0: 298ggng d3d1meq dvpbbwf ntl8r26 zrkq2kf
Node 1: 401ubpd 43gqhdc 4r0mtr3 8t6la4h ciyvogk ge9219b i1d24pd iepuzoo ir7qpw7 p8q3sl5 po520bq qoy9q6l xa9emma zg71ljv
Node 2: 5cdd0fq 6966p8a jcbq3k7 poo2lxw
Node 3: 0dqxecv gl3zvx2 gtzcijt ihz95vm mwd44l2 rwghrhx yxx5qua
Node 4: f4b0t6f
Node 5: v08pn3y
Node 6: h2iulj7
Node 7: nm2sd9p
Node 8: 8xm3tc9 ae3f655 mdvnv5f zx5vh3j
Node 9: dirrkzo gfa2npp r21sg0m
Node 10: bph41mb i49bre3 o2wvgbx rchczeo
Node 11: nb95562 uvyq7ju
Node 12: jxtu6hk
Node 13: jwhvojq ur131ep
Node 14: q89k85i
Node 15: kfjdxyk
Node 16: fupbn87
Node 17: m7yq7ng
Node 18: 7kayeh9 dt9baw8 q2tejl7
Node 19: gzsryk3
Node 20: pwjnyfa
Node 21: ae30n04
Node 22: r7pdcwx
Node 23: tkca1cw
Node 24: ucp54ql
Node 25: z3pwi3d
Node 26: f5lpbuo
Node 27: 1q54unm 5yvpffx i22opbn
Node 28: 02ilvs7
Node 29: hib25dr nlrxsiw
Node 30: 2scqyxi 8ash7ks
Node 31: 2npdr1y fp1vl3k iu2zjbk
Node 32: hvdxwgb t9rfh2a
Node 33: 7ir45so no9ta8q
Node 34: r7dfi2q
Node 35: vwgv48j
Node 36: hc5ywfx
Node 37: svdj9dr
Node 38: 62n1li1 y9995oc
Node 39: 3q4bzss qd2c0yi
Node 40: ut1tws5
Node 41: lyxyjn8
Node 42: wmgdgmv
Node 43: yo4dvi8
Node 44: oyvy8sx
Node 45: 803qdmz
Node 46: saz6ss8
Node 47: l7v9dzm ofbouz9
Node 48: jufa321
Node 49: uq4y62x
Node 50: gvp0vco
Node 51: 44if478
Node 52: bpvxh0s
Node 53: okspu4k
Node 54: q77ltx3
Node 55: 3mec6b1
Node 56: idnbjbo

Node 0: gy0uqm5 qv33e2l t6jsipm
Node 1: 2n9d0gu bmflhyn o84ld7h xtosopw
Node 2: 1ax3391 k9xszfz kxrx1ft
Node 3: yjmz39p
Node 4: ahoa0ws
Node 5: 23jdllh
Node 6: d1zyb99 k1jos65 krrz5y2 nz2zgui uhzs44b
Node 7: hve3c48 j9ozxhw mv7i88x
Node 8: sxwygbc
Node 9: 0ghbnlo o2c76xx
Node 10: zu76oce
Node 11: f62gbt7 rminqct
Node 12: ycmzxqz
Node 13: 9kb3vwe
Node 14: 40m1kaw
Node 15: 0130a2o 77v7b8d dq05hl6
Node 16: khd7p22
Node 17:
Node 18: 2b65mia bps9xav dmih6q6 ngugcm3 vmybfqp
Node 19: o7t9sn3
Node 20: 3sox9cf 9lzejk0 cjabijp eoi1rnt f6st5tk fhhd83e
Node 21: afych6g
Node 22: te5b2dc
Node 23: q45c7am
Node 24: pw26ut9
Node 25: 4se7fcs hmm9vaq yw3g8hu
Node 26: hk17u7n kjl0fr3 or34yol
Node 27: 21s2v5z gmb994v ihg87bl
Node 28: 7rjuybr nks5by3 xrb41w4
Node 29: mafzgyw
Node 30: 83xlu3n jc8b0l9
Node 31: brevcch
Node 32: 3wxohl3
Node 33: hwd1h9e
Node 34: p33vc4q
Node 35: uhpr16t
Node 36: g3bvwp6
Node 37: f3077vf
Node 38: x4vqe8i
Node 39: 866enkc
Node 40: nsq1u90
Node 41: q0revrb
Node 42: rymzdhi
Node 43: kc4xtgk

Node 0: 21rl2kc 9q2w32q bxvb1un h0rks7x l5zye6q pamb26j qmkrj54 zn3x0m2
Node 1: wl3zm2g
Node 2: z78gpdj
Node 3: jh9hk5p
Node 4: 2dl1szy 51uo38b 8kogsv6 l2owak0
Node 5: yyu2p01
Node 6: k6ib459 vzy6u9q xt21d4t
Node 7: 1smvar3 qb0t8qi r416eim
Node 8: gpkefe8 xviyj2y
Node 9: tqnpanq
Node 10: imp04v5 zoco630
Node 11: ibor26q
Node 12: 8d54uza
Node 13: h391s93 nkrhdhx
Node 14: jqsb6b3
Node 15: 6n5pbei

Node 0: 52akr7i 8859dw9 9rsvhar apamb4x dsmujn5 gtgyx0x obd86k2 rzu5mhk tdbrqd4 uf9mqb5
Node 1: 9ic2r39
Node 2: 0q9f4pe
Node 3: tlkwvj7
Node 4: 3jepgrs
Node 5: 1w2rzdl
Node 6: 6kc9vol daeulcp t2ucqj1 v3wyhpm v9jr4ge vy2u37g x8yemen
Node 7: dr5n4am ofbplcc
Node 8: fqxvr8w
Node 9: 6rhil3f i80glzz
Node 10: 9uig8ek rfi65n0 uws1146
Node 11: w9g2fus
Node 12: n4hev1h
Node 13: imkmrk2
Node 14: 5li827j uy6ga6x
Node 15: d2asbyr hs44w2c qyt8pkq
Node 16: yluc7hy
Node 17: 11y72el 40jluv9 7f8zmyc e9vbahz zofvexk
Node 18: h03gcih
Node 19: 5fsbloz ls8x83h ofnf6ej p5x3wdw
Node 20: w5n4dn0
Node 21: 603cjyz ioc92jj lb9h0uf qbypfng
Node 22: rdnxw9r
Node 23: o7uopt2
Node 24: 83haxxf ovbcdze
Node 25:
Node 26: lvrjjhf
Node 27: ezl8mob
Node 28: m02txr5

Node 0: r5uhx2x spo4voc
Node 1: 49c719l 5hxmgb9 byx0ah7 gqkzhv4
Node 2: uhowxmw
Node 3: axp76k6 tvt5l2x vkwgjid
Node 4: 7229yeo ct0dn7g d7sw0t9 kgz2btx wgno83o
Node 5: 3tl9goe o23kosc w9zvvrm y0ogjge
Node 6: en1cqov
Node 7: ap6vrws by29uas cpeddud xc9zw8v
Node 8: c45b348 hcei7br kpupqdr lsxu9nn z1e4wq2
Node 9: fvfw59d
Node 10: g0fq42a l2laq28
Node 11: 38fchfx 8j33lj5 rpgrg14
Node 12: 4ggxox6
Node 13: 6ikiegy 9kwpnr2 he59bvc
Node 14: 38c9gz4 cfv6hnb i5z1f1r prvwqic vr0246h
Node 15: 5ojzusg 82lpniu
Node 16: ivt9wyj
Node 17: 20o9j0u k0u57df
Node 18: 5uz37cr cvbtdmu db6lf5a f4jn3l3 xyo6s6h
Node 19: mezw3ad pf1hcgi
Node 20: 5by7i9a 6mh5mf9 db2fimo
Node 21: 50eyvh3 gn6fe2w lived2o
Node 22: l6rj49n
Node 23: vq7jrj1
Node 24: fy61yx6 j8fmh4n kxvon8h xl83kwx
Node 25: slp048c xjcblms
Node 26: fkn2g79
Node 27: x3eqgpl
Node 28: kymruij
Node 29: y7yql80
Node 30: x5xbmrm
Node 31: 337d4ri cnhy55z
Node 32: nxrd4va
Node 33: fbtm9mj
Node 34: pa8s6k0
Node 35: g01m8sa
Node 36: kp071e6
Node 37: ws8rodn
Node 38: bg69ujx
Node 39: 5o8rycf
Node 40: wr8qmxr
Node 41: zl848x2
Node 42: eb4kv0q
