Node 0: liissvr
Node 1: uf44rug
Node 2: 4813j5f
Node 3: fgwup65
Node 4: gxn1959

Node 0: mw397r4
Node 1: 3k7nf8n 5wqkhh2 733fqvy 97a5ab8 fh9j7ni p2l1qr4 p5dhgdn rki5tp5
Node 2: 62tiu6v auezjit lv5pfoe x0t89pp
Node 3: 1yi9zgr
Node 4: 0upmy49 7nbvrx2 m28gfdj u7i6gu7 yqjacsa
Node 5: 3d1e57h bf64pax
Node 6: 1jythbo
Node 7: bkqw2y2
Node 8: perjjwy
Node 9: ilii1tf
Node 10: iy4jz8q
Node 11: k1v4pvp
Node 12: 9m5fdbr pjl0y0q
Node 13: 8tksw2r ce0m0yv jvq1q6g
Node 14: sxspeta ypbej9v
Node 15: 8nkzf9l
Node 16: 98jgkj6 xlez2nm
Node 17: v5fw6gz
Node 18: ctjlmo2
Node 19: zib81no
Node 20: y7nb3xy
Node 21: 5a5w78r 6jfy3zk
Node 22: yngwxxf
Node 23: 2vchbj0
Node 24: 5w76fs4 hhpdr9q z735jj1
Node 25: ijnfo81
Node 26: 7skmsr2
Node 27: l6ozltu
Node 28: x4rqvk7
Node 29: jrsymiz
Node 30: 33drnp4

Node 0: h6okj6z qy3ujvn sr7rxev tk9qph7 y626m2j
Node 1: bfby0pi bh65qpg f69rld4 vlws93s zh5dr4h
Node 2: h0g58wq jnajc6s qzf2p5s
Node 3: 1ewl2jz 7lj0tk3 9mk2foe fb6o6ek
Node 4: 7gmhuqw gilx2ei
Node 5: hav48o9 irj6lqy
Node 6: t5hlt8a
Node 7: 3orfdw6 eietajp
Node 8: a3j8lii b7es18e rhtya7w taq1nmg
Node 9: piwj298
Node 10: 99wlagk lfjgnoh
Node 11: mh5vm57
Node 12: crfv3vo hduhyhs vnbhesu
Node 13: azrf1nn cwkvr4b mvrz4zh udfdxz6
Node 14: cj867za k0336tv
Node 15: s057fyl
Node 16: yugjoon
Node 17:
Node 18: 5490yn5
Node 19: qb0f6zs
Node 20: 4tsvsf1 wkuhcv4
Node 21: dggqn7o
Node 22: y6674ea
Node 23: dkr2q9r
Node 24: 6kadxqx
Node 25: 3hoh3mn
Node 26: 6ymd56n
Node 27: rvwt8o4
Node 28: y3ui4ew
Node 29: 7haeb1h xu4bnr6
Node 30: 7jiqr6s
Node 31: inbg8rx
Node 32: eeckqst
Node 33: a7vv2uj

Node 0: 4c0sbx5 7kg1v0l caiy4qf cywep8g e3d4wzl gunq46g j0tx8a4 moiqlev nfhuwxi y0i9vya
Node 1: 1thavg5 52sbz7b 705sray 9em7l09 9ggwvlo ba5nukp pcduywi sw49tsg ygkqsi9
Node 2: 6e185nz a7hflip n9jtd5l t9kcmrg
Node 3: 6qemzfp 836zqyp afyjgna b5qqoqa lg8yhrx
Node 4: 9val8z2 et75vf1 gbdsd2d ty7oh6c
Node 5: axqcblb omd4unt
Node 6: 4vh2iu6 9gi9gj6 k2cur98 x5gb9zt xw9qn36
Node 7: 96j8l9c
Node 8: 3u8fsqr
Node 9: 1ri6cjw
Node 10: lhhunyq
Node 11: xyf90k2
Node 12: vz20id6
Node 13: pi91qqe
Node 14: wdn6bdw
Node 15: ik81rxq
Node 16: t35o1c9
Node 17: hjhimld
Node 18: 0r2qhb0
Node 19: 6n6oxxy
Node 20: y3e9gcu
Node 21: 8nwpv8d akcorzz fo4ggoz
Node 22: wqfnhit
Node 23: o8ax7v6 r0ww5p6
Node 24: bmzbv3f
Node 25: a7i1xb6
Node 26: lap2qsf
Node 27: j83jvil
Node 28: jgb9o2l
Node 29: apmeyen
Node 30: mxpy4hz
Node 31: z10h1we
Node 32: esdc3j7

Node 0: 3eer1xh 59ipqnv alsfufu dglp3js oxpz6xd psdbu2y q3r0wy1 s3zqmym x5k515h
Node 1: 525r316 eq1euur ky0ksy5 sqe1c0p
Node 2: s4q4jdj
Node 3: 5591ryb a0zw377 ecp5iqu ha5me9o xyuc3hf
Node 4: q5vd2bt
Node 5: 20mwhe7
Node 6: xpkaess
Node 7: eq9a0rg
Node 8: cge1tit s0awbqc
Node 9: nsezcqv
Node 10: ugpuqjh
Node 11: hqxjnjs phpt34i vgn7lh2
Node 12: 4a0zn0e
Node 13: yr72e35
Node 14: ocx9idb
Node 15: aty3dnr
Node 16: jd9e4vk
Node 17: e807sht
Node 18: dbr9h3t
Node 19: gfplekn
Node 20: bzkmvhv

Node 0: 1ymlfjf eyvs4lf g8xm3hb m7uawuf
Node 1: 0p6s9zx 1lsv3gh 1wms4gp bj24oyn ca08b43 h65gyju l0ijk6k l4vpe51 olrl8n0 olztl8e s9t8y1t us2b8ue x4j6ft2 xe5iveh
Node 2: km7hedz
Node 3: 06tnocq 3s606gw dvlfa0i h7bcw2o i9a85yi kj4n6p3 vn36y9m
Node 4: 0gdsfpi 1pzgfdf ct595x1 xn3e2ss
Node 5: jelzqu7 njl0j3t y0wkchc
Node 6: lyc5qo8 zkd4brn
Node 7: 9usgl2i
Node 8: a5b2id3 lvz7nk9
Node 9: oiipko2
Node 10: 4pelx8d
Node 11: o5z02xj
Node 12: qjq42e6 xf800a8
Node 13: 2g802es
Node 14: 9uyco8n adgcpvj
Node 15: 53w1mi2 a897g5x q048ir6
Node 16: iy2ml7i
Node 17: jznlxz1
Node 18: 3c6exxs cu3v9tv
Node 19: 23iitrb
Node 20: l2415ca
Node 21: tibxqos
Node 22: j51j9ss
Node 23: o9pbgf0
Node 24: 4zh64z1
Node 25: t5m8ltf
Node 26: o0mwflm w80oxot xg7qwir
Node 27: 7fy0wys byya4du
Node 28: 44ai1r8 i4d9h6k
Node 29: h880cb9
Node 30: 9gj8u0o
Node 31: 1w7c8sm bfcoif7 h25l6hl nbb3qp3 nllgg6t
Node 32: s0gom5s
Node 33: uns2mya zftksgp
Node 34: lrwbt20
Node 35: 7x0nfrx
Node 36: qgcq1z9 y59ylkw
Node 37: 0ky6gho
Node 38: bf53bwk hjwtxyc iwlnden txbqtg4
Node 39: 1coena9 oedf7np
Node 40: pt9ukom
Node 41: aru72jj
Node 42: gmx4mhw
Node 43: ss84qiu
Node 44: 8dbod99 tn48i5y
Node 45: fo1jy4p
Node 46: v28h1v8
Node 47: 9wsxf7j
Node 48: 9naisp1 va617z5
Node 49: 3ugba1m
Node 50: qtkno74
Node 51: jy8248h x45g5g8
Node 52: ngzx8s0
Node 53: j0nqkfq
Node 54: zab9kyq
Node 55: 9rw9urb tnth9ch
Node 56: lwmiasn

Node 0: ciu0w79
Node 1: d29aweg qogpgjd tijbfrd
Node 2: edeobxh ijquou3 j53mm2i j96ywvd mesgcrz
Node 3: dt23lag zwdzau4
Node 4: ieyfxr9
Node 5: w7n4rms
Node 6: w4qvdmd
Node 7: 3pfcq9h
Node 8: 8k6w2rs
Node 9: 4bozi1s
Node 10: fdbetok
Node 11: 9mz3ysm uulel7l x23war4
Node 12: zpo6l28
Node 13: p6el114 uubhvsh
Node 14: 35row2z
Node 15: iot6inc
Node 16: 79cde9e
Node 17: ukouqjt vj0ctkh
Node 18: icpkwe0 ii1um7t nnpeime
Node 19: jy9rgkf ltql28w mrlzox9 r9ni897 v7snr3t wkfdd6y ys40lqc
Node 20: kumkni0 sprgsjg
Node 21: sri9mhi
Node 22: w79c2eg
Node 23: wuq6rya
Node 24: mktocor qrt3iok zoepbvi
Node 25: wimgxe0
Node 26: 1xxlxce
Node 27: rux2qd0
Node 28: d9qwt4b gddyk14
Node 29: uko1ohk
Node 30: h1xeqjq
Node 31: a3ka0l8
Node 32: 401sb29
Node 33: pduyyo1
Node 34: pez5bmn
Node 35: y5nxi9l
Node 36: 6pdse7d
Node 37: bvbvbgk
Node 38: v890tot

Node 0: 29l7bwn clz26p8 g3di4l0
Node 1: m79hbz4
Node 2: efdc8uy ehezc3v fb34xm1 u8oh6p2
Node 3: 3e74qzy rh66h3l
Node 4:
Node 5: uvgamul
Node 6: lsf8era
Node 7: hdhs2pl x3rxd54

Node 0: 24akqqf 4npeqn4 iuvijy2 xvq5mz2
Node 1: affr810 jquffob
Node 2: 0sxyd4x 7890eoe 7dqn55m jz4pige o9i8gu3 zg0caug
Node 3: 1deoh7y 5z65c43 qsdran1
Node 4: 2675bj8 87mofs3 fq4q8wg rzlq6zy urms1gm vy5no0i wx3eprc yt3m581
Node 5: 98zjqxy x3mmtqw y1xb91q
Node 6: hf8bw6z k0e66sa zdbni48
Node 7: fmyeawb izhzfel m79rne0 n1ce2gc
Node 8: z7imxf9
Node 9: 4j78v2b 5f60hgz 6mogjjg 87xqqv6 8mlmlbk 96pmb6r 96xljyx gi4q3fl i64l0lj iktliw0 ow5p9fq p6b6f15 pkcheq4 qrl7f30 tkv4h9t to02lx9 wo1icdd wy6c6wm y2411r4 zzi7jbh
Node 10: k6j8746 tkqeikw
Node 11: 77lk1go
Node 12: 3yyl6ra
Node 13: m4evk4n
Node 14: d5zhsjh fmj69ie
Node 15: 2qpkbrr 7bzcy45 ii2zlmm ly0edjo onvtrid rk0aza7 ygbposk zzgnzoh
Node 16: gp9t4z7
Node 17: dsza3d0 r9jga0o
Node 18: jaj0m00
Node 19: v00spq7 xjrfgpv
Node 20: 27n4vmh 49vl8kl oi5uvbr
Node 21: npj5lwl v1vgeql vkrlhd0
Node 22: dreevg8
Node 23: ij5xq4m
Node 24: kpu16lk p4kgpay
Node 25: 2cdphmb
Node 26: juce5gz
Node 27: c28bctx
Node 28: fd3by93 nyum4si yf7nkua
Node 29: bo0m2ta
Node 30: d7hp5wj
Node 31: wsx6hw8
Node 32: 5ge371h y31szw0
Node 33: gu0t9ss
Node 34: 4zc3y3t
Node 35: nwm7mru
Node 36: 956l6an e9se743
Node 37: 26387wz n2n1bpj ux0l7o6
Node 38: tk37opp vf65st7
Node 39: w6d55w0
Node 40: lkwuf1a
Node 41: 4x3y5vh w7y3dvp
Node 42: 7dbgfwu
Node 43: 1643ydt
Node 44: 6kxiexe ahreyxc
Node 45: 8bifzxi isxmuv6
Node 46: 64syijl
Node 47: fqzisl8
Node 48: rqkdv84
Node 49: omu50ha u4h7o6s
Node 50: pv1dwyo s23a9xj
Node 51: 6dcl7sw
Node 52: x7zcwhk
Node 53: 5qgwzau
Node 54: mww3t15
Node 55: ajs1f99
Node 56: qo3mcmf
Node 57: dsd9nak uagnvo4
Node 58: w9gyo81
Node 59: bzfhb3k
Node 60: 8y214h0
Node 61: 6otbxs8
Node 62: qth7r9v
Node 63: 7xufoyk 9hpvbk2
Node 64: i69c5j5
Node 65: wwe2vq2
Node 66: juacjmf
Node 67: pijuivp
Node 68: 3eqzghn

Node 0: 7fnfo4q ayfijf8 kstl4rb md8lnga vqapybr
Node 1: c3imwq0 kwdqt5t yb2yils
Node 2: sdvg00x xhd7w9u
Node 3: 4rda9fr 55v7q49 59sdvd4 pwwtrpy u304mlj v9vs72f
Node 4: nnfp6oe p4pdhcg
Node 5: 1bw6cy9 55xwzv5 djqnsk3 fsjdkl5 pjh6ol0 xbihi9g
Node 6: 2ds5i8a
Node 7: d8ndb24
Node 8: 69pa335
Node 9: chspo35
Node 10: 46j72ct f0afpvn hfcq5nz y9v74s6
Node 11: 301aqvk 84v9v7w n1mpjuy
Node 12: 2x5sxb4
Node 13: ofezibw
Node 14: n024k3q
Node 15: rwiypt7
Node 16: 95jy1gm ad358yf
Node 17: kzbu2b3
Node 18: vcwkirp
Node 19: hvb899p ybhc17h
Node 20: ifo0kkj
Node 21: 6nr5qje
Node 22: 7g6d25z
Node 23: oiiv3rf
Node 24: 3gr4350 jcik9xs
Node 25: k7q7wdw
Node 26: 48djsm4 v2ce5uy
Node 27: qo9nq2i
Node 28: 1nw00jz djwxycm l48anez
Node 29: eaei2we
Node 30: 06rfcou
Node 31: qp4nbds yyirxfk
Node 32: z6wkod4
Node 33: y5n6mk3

Node 0: 1thxdyn 28w78pi 63awxgm acir65b bne5sz8 dpd1u5l g09vpft gdy1jal hhvindw i35vb77 l8jkepp ma8xv3r osnagc5 pfqzxld qupaxzy rcdk87s wk0vwjh xyvklz4 z5viz4v zvjtddg
Node 1: z0r8jdd
Node 2: ji9u6i8 yecd7d9
Node 3: 0m8lspr 38tev6o bgl3t3c cp3y9y4 leds6ca mzfx8fo qtyn0z3 rovyuk7
Node 4: 2026r0m d6vqmz6 d9kk2fe gexii0i ir8a42i qqwt0d4 uv85oy9
Node 5: 2pf6cok
Node 6: grjfbjd
Node 7: 0uf2ydj s4mmsoo
Node 8: 6aujyxw nxsn5nn
Node 9: 4dpmslp avfsjsk i0fs01t ykijrkm
Node 10: 7bnjtko
Node 11: 5wr88bg
Node 12: 2n1hzaa ytgwp67
Node 13: z9ujf20
Node 14: i0b617w kfgwgpy to0fetp x4e6x98
Node 15: fm9zsxz
Node 16: rnx4vpc
Node 17: wwmjpjq
Node 18: 61kr0o0 j2owm82
Node 19: 5jrwf9x emmj3b4
Node 20: cedst8y
Node 21: 3cg7rxv sau0iyp
Node 22: gth1mn9
Node 23: cs97xge
Node 24: 47anyer cw0acwz hk7um4r ij6n29w v2smzhq zdn36ls
Node 25: g6j0pzb
Node 26: 3xr8e56 5d198si attv59u egybq8c
Node 27: w8buwx0
Node 28: kcuivtw
Node 29: 7qow2sg
Node 30: 303jt7m mpbs530
Node 31: eq9l770
Node 32: lm4i98f
Node 33: xzcxxyz
Node 34: vtp0xq2
Node 35: 4wt22v1
Node 36: zzwhufp
Node 37: axxflzk gziv717
Node 38: 9686b3x ruorc03
Node 39: utm7zas
Node 40: k62055n sbeu2af
Node 41: ljtut09
Node 42: 8l07kql
Node 43: we6aut4
Node 44: 24gb1j5 6kt0azj
Node 45: qb12p7b
Node 46: ul0y0tn
Node 47: pnjufi4
Node 48: pbet6gu
Node 49: 0ofi7xw
Node 50: qvorvkq
Node 51: zf6x3e7
Node 52: ujhj3tv
Node 53: 8vfijfj
Node 54: bfgbaor

Node 0: 2qv6wil 786c0zl an2vcxo d5urbnr ge5xvsn kkutdv4 ses5onm
Node 1: 5jdzawv haurqvo sugydnx toviw8j
Node 2: v44pesu
Node 3: eea2h5q lqyxwvm
Node 4: 0b66ere w5453dl
Node 5: m94dyeg
Node 6: f2sz82x
Node 7: dfjsmkc gkydctf pc0pp8h
Node 8: o5n3trb
Node 9: ua9of7y
Node 10: x0cv25y
Node 11: d2kfr5u
Node 12:

Node 0: 32ov6ud 6o6asfo 76c7gtf 7d5y61h 7tz84gr d384r3w h9ink72 jbkeoh8 jr62mqt oejizip trt3vjo vzjnaa6 xaa4fcd xll90ts ys79t4w
Node 1: 8vg10pv adkt98v dzrsodo f2jg0xv mnzagnz phvo7qo rl7kn5j rywx2n6 v7jm0zy xdbts0j yo6xn3x
Node 2: h9vqnzp qyxt38j
Node 3: 4bef1ee
Node 4: 9cfbcbp js1nd0a
Node 5: ttgczno zjgyxea
Node 6: 2x5faoy 39sic2i mxb1aq4
Node 7: 1hpipc7
Node 8: 190t8jk
Node 9: aa2n4jh
Node 10: gsxdy6i
Node 11: 5g36u5v 7cnrrwn ds6zepv ur0ig32 vg09c3y
Node 12: 74g46y7 mtdoto7 o9gotg4
Node 13: 47anlpu artyocd liyp34h
Node 14: 8j100hj nnyq8v5 qfkhz1k
Node 15: vsatxzg
Node 16: k6l4mdq
Node 17: 2y8n1md 8gbfv5t jb9s8ka
Node 18: 1dwha35
Node 19: hsrwpga
Node 20: ge2en35 wmvkh4a
Node 21: zsitugb
Node 22: saywzl3
Node 23: dbkdmmw n389c5m
Node 24: 5d7km9d
Node 25: roi58zb
Node 26: oswvfom
Node 27: 479snli
Node 28: uryy5gn
Node 29: ovsjqys
Node 30: t6ja9ze
Node 31: v8ep1g3
Node 32: rdzfv6b
Node 33: fo69r8r
Node 34: ndjg65e
Node 35: xez2u7b

Node 0: 34hat05 aofr9nm c9oww0k f8w9gqm t78j0cu xzmre1j
Node 1: 4y26k3t
Node 2: oyhc32q
Node 3: p6ivsat
Node 4: ix6t7cp mkagb7i nqube4e qx418i8 yxy1v93
Node 5: 1wpl6up
Node 6: qvwl8gp scukkwd
Node 7: 1scr5g9 k4na0vx nl47lyu ob7zw60 pg6cwt7 rlnolzl uj87h8p
Node 8: 86yugw9
Node 9: umew3g7
Node 10: 11j7n1h v3bxbe4
Node 11: muxb5j2
Node 12: jgp9bx6
Node 13: 62qqb1o
Node 14: qk79mb4
Node 15: 7vxcqpz
Node 16: r5iydsi
Node 17: 2ct5dxx

Node 0: 5mdziwf cg0uxtu cinr778 nsycwby t0qj3gu uo8iyoc
Node 1: j6wroeh xofu77v
Node 2: 223rcul bje58qy ekr7657 ln2hi7e m016z2d mjjzbhh uj73a1d
Node 3: l6lxqwa
Node 4: wa7s85m
Node 5: u8adbjz
Node 6: isyt29z v59shhk wj3wk7l
Node 7: s9byd87
Node 8: l8pq35i
Node 9: 4e4axsh 956rbkf f0bltoa k9m5tpx slru4vn wzdlpij
Node 10: 06f1i4v gtdt9i7 hyy31fc
Node 11: mkqfanc
Node 12: 3uyk6fj 7wu8y2a konja9e q9sln60
Node 13: um30w6w
Node 14: 4pue3am fi9e9dz kn8974l
Node 15: n02qsup
Node 16: nse1y9n
Node 17: rn7z1tf
Node 18: aozu6lc
Node 19: 4dwxxgm 8bhtac0 zoywtz9
Node 20: 3bzofl5 epvwiqq
Node 21: c3wmwoa sglxz63 xkys1g1
Node 22: d6wkjn1 tj7tmz0
Node 23: r41a3nr
Node 24: o8spf3h
Node 25: t6tak7u
Node 26: 03bxo10
Node 27: 13igsb2 27kn9tq 2l0j9q4 it3ryia
Node 28: 2qjskbp kdnu7t6
Node 29: vgsgkcc
Node 30: xay6ho6
Node 31: gldwvay
Node 32: bw6xf59
Node 33: 9dolcwp
Node 34: 9rlgqkp
Node 35: p1fqxeo
Node 36: ysg4xkl
Node 37: zk9qwak
Node 38: bg81que
Node 39: cc26o0j
Node 40: 8i5k1tf bunagto
Node 41: r0exdwu
Node 42: uwytc5x
Node 43: xys6gv6
Node 44: xpewli9
Node 45: dkny084
Node 46: 9u319ms
Node 47: 17wdkth

Node 0: n2afio0
Node 1: 6nw5tvb
Node 2: je2yan4
Node 3: 9ppsg37 hwf1uyb k3os5qj nhq7bdf ym3m4aa
Node 4: xuvfvne z4bjnj3
Node 5: 050m3bl fjxcjag v99mgxs
Node 6: d6vi5yh
Node 7: zwalguq
Node 8: 7q8lsds bouqbhy
Node 9: 48ueqst 7beibko
Node 10: czst0sl

Node 0: thvwuy8
Node 1: 06yizbw 4k7ak93 amuj7sw c3wjzta d4m7ivw gca1b4l jm490mn jo39pdd kyknuzu lrycryd tbqd7fy w2hsg9t yd8so95 ypray5u
Node 2: yht7deu
Node 3: 76lb1wz cbl45ji cnhftjp h6pa4wq kuosw04 oatcjhb
Node 4: 8anvf09 jv3ecyl w2gjecc
Node 5: on6joma
Node 6: yh6z5mc
Node 7: 16ym725
Node 8: q7jjgct
Node 9: 88p7uor ozdhyl6
Node 10: grjh8fa
Node 11: sf107li
Node 12: 45kzlh3
Node 13: akf2now

Node 0: 0ly9uo2 2fj7mv3 4aw2595 730yn4d 82sgcsb d4indy0 eru8cxd kq9e8sk l6eaxfa m162sej n2cygeo nrnuejg uvsxgmn v9pqa8b z4xgvqb
Node 1: agolnh2 wo91qxx yzpmg6l
Node 2: 15rdhon 9uk824f ayba7sn kkssfqb m6pon42 y0bcupq
Node 3: d2iao9z
Node 4: de1z8mp flzbegq t3hi26p
Node 5: dfokcka
Node 6: gaok7cg
Node 7: btsfura h00swsc ibmt7r7
Node 8: 009yk14 078jd7u 2w88o6g clncpz7 e0xmall fqasvp3 tcwmnpx tfia2aq tqwoi1f tsl6anb
Node 9: q80yd4i
Node 10: niznjux
Node 11: tqjjp8q
Node 12: 0ljv9od oee177j
Node 13: eqprxpc
Node 14: 6ljzsln l3klg1j nap4uvn
Node 15: 1d3qeji g1aukdj
Node 16: pvipvc1
Node 17: cudid7e
Node 18: e2k880s
Node 19: y5bm00p
Node 20: szoegwh u17tubp
Node 21: dpwkfo9
Node 22: jmzvrtl
Node 23: 8wglb0g p33o50b zoxeh5s
Node 24: 76k7c76 dd9wl2r sk9exo3
Node 25: 3nnkkvd
Node 26: ycgs1sy
Node 27: 3fas3b3
Node 28: w4c1s1t
Node 29: eru5ig1
Node 30: 629zgdz iq74vzh swqf3tx
Node 31: 14tfk4z
Node 32: b3y6w0n g2kf7c0 ovyanu6
Node 33: kl6fwn8
Node 34: 1alfp08 h16tpxp
Node 35: 04q4wcy o5u0mzk
Node 36: bf9igfi fdz3yen
Node 37: kze4t5b
Node 38: jigu83u
Node 39: kuh2nlm
Node 40: r0752ev
Node 41: ond59g2
Node 42: ya28ifg
Node 43: xon5du5 zlg7xox
Node 44: b7cipp8 p9ov40e
Node 45: 4o83u7r 6n137uv hv3mi31
Node 46: f971khi

Node 0: 61sufjs 6jqsn34 rnss8oy u8dpuq3 y3cu9xm
Node 1: e5efwb4 irq5l4j tf5a8wu
Node 2: ijfrqlz
Node 3: xhn5sol
Node 4: 3zyjl5g ej58af3 g1ex8n7 hyqlev8 ie5lxzm x1448m3 xnkx883
Node 5: c9eo89o
Node 6: 2c4t7t9 day2xwp i21tgsd mgvxn8m zzxtwgo
Node 7: drd10jg
Node 8: bjxhr49 oh24zjw osq3tze
Node 9: 54u5e88 88i4bb2 fkb7df7 fot16r6
Node 10: 6rw71j7 rd3bl4x
Node 11: o2dz56g
Node 12: fzpnsid
Node 13: gmzuo7w
Node 14: mn0t2zb
Node 15: 2oz0o66
Node 16: a7tt13o
Node 17:
Node 18: 2uqrhla
Node 19: 9s1tul4
Node 20: kh1waop
Node 21: ym0wc2o

Node 0: 5av9jr8 daom83p h15ltlv
Node 1: 10qtohz 2bmn5q9 7s9bz5z axo5rhc e84g3gj hmmn773 ikanayx jeyxq77 k1pp924 lxm1b1e m42mfmk mlyhsmj ogrxjs6 ozvnkyf p0s3qam sl4xucv u7ec0lf uqk3krl zp2eh4y
Node 2: hhxkxpl
Node 3: cvxv0bk m2ggw85 ma9cgmj
Node 4: batn46o g6w77u4
Node 5: 1pvvftj 6ynshpx 8u8api9 ejgty1l ionzu1q ympxuob zd98yhn
Node 6: kl32z3j
Node 7: 52b4x1m 5nvbyy4
Node 8: 6jiizaq
Node 9: 67bgcqz e8ufshy jlix0t4
Node 10: 1hlp3uh 6svz4zh
Node 11: 4t7kofx bx2fwnj
Node 12: q07h729
Node 13: 8v2jbva nphi6d7
Node 14: gwlh17p ib22lb7 vm64s24
Node 15: 2i5wunh
Node 16: a9p7zgh
Node 17: yb005jq
Node 18: tn6zknv
Node 19: 8xpsx8h

Node 0: uehkxst wkput1g
Node 1: 1bf7c8n 4y1amdg 656qzha 7vfyzpa 87z1reu 8a9yjae 9ynd23w ciexr8q fcnt7ur hv9vl3k mw11ikw q7bqhm8 udomce1 wyj8a98 xf9a7rj zl7s1rv
Node 2: 019vo8k 14srztp 516hvlt aa1dv5k bkjxof3 c20l9jf c62fal3 hzn8zw2 knc615x l6xwgug lbbvvoh ld94g86 nnce9ez phcbz03 plhuz5p s0olbeh xlfrbdi
Node 3: 5dt5z0h e79h3l9 pbek86j
Node 4: kttoqkh mrbf2g7 oll819o t56u8ou
Node 5: 7ab6c1q 7sd82cn 9gbvt23 kvsouwq
Node 6: fseupc7 fuiwqfj
Node 7: 8fc040g
Node 8: lpjklzq
Node 9: 1ut1huh a2t5nbs c2v5dup
Node 10: yu9rkst
Node 11: 8q26ze4
Node 12: qqhm7x9 xpaaj5e
Node 13: 4k57qmi iyu8tf8
Node 14: 1pz6at5 4j3eboh 6rq2gi1 7ugi08l xyhxwft
Node 15: 2f2zac1 gntp2xi rrjb5zu sxdh7r3
Node 16: rable6q
Node 17: awpbmsy
Node 18: 373x4i8 gt091or
Node 19: tgb3k13
Node 20: m0z92ye
Node 21: h0ir3yx
Node 22: bj83kzx
Node 23: vjf2nzk
Node 24: bra89dn yp89z4z
Node 25: yo37d71
Node 26: rzpzxen z1mkep3
Node 27: j6fi5dp
Node 28: 5eszo0g yujcnb6
Node 29: 8uoyhxk
Node 30: cqldb8w
Node 31: 1xi9j02
Node 32: nffb6o4
Node 33: jxc3y8k qk1dp51
Node 34: e28f8gb xvv6496
Node 35: m2oohxd q47da0f
Node 36: llwpq2n
Node 37: 012ydnq
Node 38: cgttyet
Node 39: enjzho3
Node 40: cj9vekf
Node 41: 9bak4ul
Node 42: 2u8m2b6
Node 43: 6n7ysg1
Node 44: cu4sy8b
Node 45: 7ytjl3r b9beqy5 nzxahjw
Node 46: 7xxqbtv
Node 47: uefrzw7
Node 48: d6s3b4e
Node 49: lu6ozym
Node 50: rspdc1x
Node 51: ow1ei12
Node 52: f4s4v0v
Node 53: zghqvoz
Node 54: 3tkutpe
Node 55: eplmpwo
Node 56: 84fxrhd
Node 57: rl5i6e4
Node 58: 52avt3z
Node 59: pvm4bdr
Node 60: ehsqa3y
Node 61: n4imz76
Node 62: tvizuad
Node 63: fg8k91o
Node 64: cf1iexu
Node 65: mpmnaer
Node 66: yrjzfdo
Node 67: 0ydgk79

Node 0: h4rvrha i7k7k4t
Node 1: fcf8n8i
Node 2: r5dq9eh
Node 3: bj3g7ly dzl6s3s
Node 4: whtinvq
Node 5: di5l9tq j4j98py suk4bx1
Node 6: 94s2mtu b0mcuzg jdm4rhi p9gz7pg phe2mn2
Node 7: r0w9250
Node 8: 0hbyuhq uakz82g
Node 9: 9vr6d2l qlr2bgy
Node 10: siywc81
Node 11: 40afcd9 f1tyblo st21o3x v8i9ve8
Node 12: rshvo60
Node 13: 46tclfr
Node 14: oa0q9fc
Node 15: qunkvv9
Node 16: 3jr9fm0 7avzgoo iroygc1 j8mhbtj kzn6lm8 lca1u4u lo363at nyxesii
Node 17: ffye0f2 fv6gbfk
Node 18: 5e2qydc r9nekub w4avav9
Node 19: j2eiptg
Node 20: 5pth6zf m9da8o3
Node 21: aaa2f66 j0k4s4k
Node 22: 02xsedm
Node 23: xyfbu0p
Node 24: ccz1yps
Node 25: yjq6xp9
Node 26: fglyt16
Node 27: ukuv232
Node 28: 6o85dn8 6sl9gtt
Node 29: axdgrjw
Node 30: 8uydy8z
Node 31: xo5sz8w
Node 32: hlt4855
Node 33: 1po12gt
Node 34: i1skkxr
Node 35: dyapzog
Node 36: 0sp3q31
Node 37: i7tpyvp

Node 0: 8azxeas alpfkvz ka9teso kmcx2b5 nuqnejq qs57avq rzh8ch0
Node 1: 2yf78rb 8dd345y 9vg3tze eea885f lup9fk3 w3t18md wnootk3
Node 2: ash6zre
Node 3: apxirwx
Node 4: y7hut41
Node 5: 63z9x47

Node 0: 28dmnyz 39a3mp3 69m525z gruqis7 orbrsqe p1cpxi2 xlrzff5 xqku9ak yfcl1t9 zy5hw4n
Node 1: mm2y8oo quo5jb2
Node 2: jy8g4uw
Node 3: b1fzyq5
Node 4: qfl6718
Node 5: r8kkgqm
Node 6: 1zgdl8w 681gm5q 7b4dk59 a1yl27l dgr8ypw eqxdq69 oehr5s7 svows5t yd9e694
Node 7: 36g90mw x4oxbsq
Node 8: lvuyj79
Node 9: 4ny5b90 5lmf6e4 8narhm5 e9hkvfd j5a22c1 lbds665 oe220g1 p3jz33z vm1jq5k
Node 10: 63ex463 r0n0nj3
Node 11: woj34qr
Node 12: 1w4h3sd 7rqrgnc lpf6440 lu28uaz
Node 13: 37pakdt 8itt902 mvoeyx9
Node 14: dioj137
Node 15: 4sgchx9 o2talyl ta63vz6 xrocsrm xwmjte0
Node 16: 2ozvmuu
Node 17: hsh90gq
Node 18: bu2me8v or7h7oy wsmwz1q
Node 19: 69i117t
Node 20: ywznts3
Node 21: 9oxadns
Node 22: cvq43ga
Node 23: ugn7wg3
Node 24: hdn8lfe
Node 25: mwp6jzj nq61epr
Node 26: asqjp5p
Node 27: ogqaw5m
Node 28: lf6dz6t
Node 29: 5aildx4
Node 30: l1iirx6 loqam7b
Node 31: 2ua247u fyjjbli
Node 32: iiv3apj
Node 33: qbws3qg
Node 34: 9tli3ng
Node 35: u2z44yr
Node 36: w8xe8px
Node 37: 23855hf
Node 38: heoe2dy

Node 0: 0dh9ram 1zy3rr8 2tcn4a7 c2gi0oj d8owk1w gazos9h j8bdg93 ka7kinv stnnbpi tuk15vs uwdke3m xqqnj5b
Node 1: 0iwsc4n 1812osa 6h5dgqs 8idscaj 8qbthdi 95a7ibo 975nl9p boredzw ga8ejb9 hr3gywq ngv96ku qgsjxsq zdar7ga zq7wmfl
Node 2: bcq61xm ecl9ee7 q063wz5
Node 3: f10azet rjnfcqn
Node 4: tgf4hld
Node 5: l956ske n9yc4fk
Node 6: 84l34p8 d9g8n5x jeyue25 p9bm9ib pt59zap
Node 7: 7686jan bhc1uab
Node 8: 0s2atyz re6j4l4 sxgeod9
Node 9: pxgz4gm
Node 10: 3ub11p6 yisvjgu
Node 11: 9tv098h
Node 12: gyft9jb lkf2id5
Node 13: wnkxjqm yq7emhz
Node 14: kqr6n6v
Node 15: 295bdaa blog5dj
Node 16: a6jo12r
Node 17: 626md3v
Node 18: swa0fde
Node 19: wktnlrf
Node 20: ditevez ztier39
Node 21: w9p1zcw
Node 22: 93a5s7a
Node 23: 52r9d5g
Node 24: ni5kqx0
Node 25: kwu3ac9 z4ra94p
Node 26: f3u61dn
Node 27: 4by4i2y wellm78
Node 28: xbv19k7
Node 29: 45bpwig yge40fr
Node 30: s73v3yi
Node 31: 65nge2b tzsha03 x1gz1xk
Node 32: mr935xh z0ksvzh
Node 33: 887ec78
Node 34: kpba03m
Node 35: i9p5l8e
Node 36: ztcjfdy
Node 37: y3w5kv4
Node 38: 3r5oxo7

Node 0: 1kfu27l dq3gcog se250u3 xl58p1f
Node 1: fxo5le0 h6e3fx2 ma7qn6k p75r6fy qpte6j9 vtte115 wsfzgzx xplus3r
Node 2: uqtpnv3
Node 3: qek5l9p
Node 4: ejaidst n0tkfsr umyk1g0 vql6alx xtaiidp ztx6c88
Node 5: 10zwhk1 5yozslc
Node 6: 4aurk85 50y2oq9 c509vfy d147d9f q4afi7y zd3bdmk
Node 7: xno9szs
Node 8: oi62zr6
Node 9: vr14iay
Node 10: i0bfanw
Node 11: 0r23dm2 17dudse 9ied0c8 ovpdq8c
Node 12: b9i3wzz
Node 13: 9bztw0l
Node 14: 1w78fx0 44ftc9k
Node 15: x31qhiq
Node 16: xpgdpy3
Node 17: ldfgpu0 nxnnip4 s3a8dcl
Node 18: ifgg0i0
Node 19: 4t9qpmk
Node 20: 5zmq4ma gkry2n7
Node 21: 132gkpo 80zet3g
Node 22: 0h4bbv7 ywu99oz
Node 23: 6eg7oqg tjqq73z vcm97ga xh0nd1u
Node 24: 37a12ai 50jg1i8 eid5w2f
Node 25: 5r95tzt y6x8bau
Node 26: 7xvb4ou
Node 27: qckuq4j
Node 28: dop2v3x
Node 29: oefpqkg
Node 30: n22im15 tqhnujk
Node 31: 0kjsfl1
Node 32: q24vbjp
Node 33: ceap9xu
Node 34: 82vrh09 agjdcmf krdwju9 vz5h1ah
Node 35: gl3tmq9 uswd56t
Node 36: w6ni24e wh71vt5
Node 37: a5zugk5 m15skdw
Node 38: uy0gps7
Node 39: 9kgg3z4 o554fr7
Node 40: o7khpf2
Node 41: 6nefc3o emfoviz skez7b2
Node 42: 1qhicnq
Node 43: avxn9zn
Node 44: 0vhdkwl
Node 45: jjv3uo6
Node 46: qazi2jd
Node 47: chkzlnn
Node 48: wdik3jo
Node 49: rqd3dhv
Node 50: myud8hd
Node 51: wdv1ux8
Node 52: 7vnousg
Node 53: qbiczzv
Node 54: 7bw7e3p y0n2y4u
Node 55: av6kf7a
Node 56: e4gb6zf
Node 57: whm4lrd
Node 58: tsake6g
Node 59: ij5img1
Node 60: kq7z1h4
Node 61: irlayfs

Node 0: 859hv16
Node 1: 0o19e82 xkjco1n
Node 2: 2mzo3us 780jck0 dyhgrfn e9avaj9 hhe1jrv oz8qtko
Node 3: 3ujqtb8 5d8uruy c7gxf9m vt6bwvz
Node 4: xdz1q6a
Node 5: 5que62k 7qwgqcx be51nzz llkvyab m94vzes zy432mg
Node 6: 97grji3 9f7glbt dyfybao m4ap5yk sm2ujwm
Node 7: 00yinxk qu8ikg4
Node 8: 82oqhmm h8xwxz9 n9mzz51 wn48lmc y5yy3ap
Node 9: 15c157h
Node 10: ppa52ry
Node 11: 3gce9z0 82ax3mu duh1ykn h6vlgah n75lrcs
Node 12: 8rjyyd7
Node 13: kpmvtax
Node 14: 9xyvwmg
Node 15: drpy1kd
Node 16: lhphb0v
Node 17: o3c5iv4
Node 18: zl8vull
Node 19: u5i5xtc
Node 20: fhh0drf
Node 21: kffeqeg
Node 22: 9bvdv6u
Node 23: go3vlfy
Node 24: t5pr08d
Node 25: bgrequ6 mjek6vu uxh1qab
Node 26: eatd2xx qe1f0zo
Node 27: 8jyktz6
Node 28: ozkqsve
Node 29: 5qgtutt 5vlvj9p w5wgtrb znsovdp
Node 30: 823g57z
Node 31: pnyn2cd
Node 32: 840e0ae e1aautr e7y0dz5
Node 33: 1dkf9b7 bsc59b1 cz7n7ab
Node 34: 7wk1b4y
Node 35: 1r267mo
Node 36: dkrjcc9
Node 37: beopee9 r7fwbo9
Node 38: aak9hjg
Node 39: pkg3fi6
Node 40: cpsf2wq go26gmm
Node 41: b8ew1eu
Node 42: on3wpup
Node 43: 1vvf7uz

Node 0: 2agmtoy 2tfkybh 6aud7p4 gnr7v37
Node 1: h4ka2ra io36dav mq9ho4p
Node 2: qohtss5
Node 3: 2612bey 6zo3rtw
Node 4: v0by74k
Node 5: gdpd5pc
Node 6: beqy4fd
Node 7: se3nc4m

Node 0: 1b7sxjs 2dpggwk 9l92oxo ee1sp3o ghvx50l hdoi5ol k3mu4gs l7ynpc6 o7ko8e5 qegv2zv s5grhg4 to0uok3 vhpdyvq
Node 1: okrig3e w2eea7p
Node 2: a9p6zgm
Node 3: ciukj77 sn8x2oq
Node 4: g5ainmj hlqf90f tubjchz
Node 5: 542iapu a3sfu8q lm174l4
Node 6: 321lvx1 3t0joua bog9nyo eddnobn
Node 7: bxkvx4h cysd3os lo5zy5y ls1vwqg
Node 8: 3uxsaxd 72t37va awgiemr
Node 9: cxvbnww
Node 10: t14e5kg
Node 11: 6v2edue 7rg85tm eazktgi mo3ban7 mrbzbtm uu88x7x ux0aat1 xefmaon zf905re
Node 12: b3g9atf
Node 13: f0c68jf
Node 14: 5kimjrs notftbw
Node 15: 5rf0699 x9hsykv zaji2rj
Node 16: 441fyio b4zg1sf icuxjq1 s91troy
Node 17: ugum3bi
Node 18: jao4lph
Node 19: 3hjcl9g
Node 20: arza3c6
Node 21: dkwqk51
Node 22: 8kfhjqc
Node 23: sc88sfh
Node 24: hyi8hq9
Node 25: qj4fuch
Node 26: jr3hbcd
Node 27: 5sumv9v yf3vuck
Node 28: ny9flyb
Node 29: uw4rlqo
Node 30: fznir0y qe5i4sh
Node 31: fniqrh3 np1iobx ohh768x
Node 32: qe49p4r w5rpv1c
Node 33: v92zxth
Node 34:
Node 35: jurj09u
Node 36: aix43qc
Node 37: bh7m1qr
Node 38: o0v1eww
Node 39: cc1byyb
Node 40: g39mnsl
Node 41: hv7n9mq
Node 42: m56aq55
Node 43: 2xgzrus eq8eo69
Node 44: 7ou1xay
Node 45: yx92hqf
Node 46: c4gihgk
Node 47: zne3o7h
Node 48: jfi6h3d
Node 49: ljxxnuj
Node 50: 99eeusj

Node 0: pcmt0i6 qc2wih3 t810s0l x3d957x xx4le4b yiajurx
Node 1: uk5hnhe
Node 2: ikd6gdw nbszaq2 qz0wtg8
Node 3: 0dxc93p 0i0ilcs 2v7jufs h302yim iefg6a6 k0q6tv1 s25xjtw
Node 4: 2yv7izq 732d3bf r9wfue4
Node 5: 6wisn4z
Node 6: abfu8wh gqubssc spvpq7i
Node 7: nlw8i7l
Node 8: 019agwu p0n6ghc
Node 9: o7fcigi
Node 10: co2vtn1 xrgxbmb
Node 11: 14cualq 1nr8cox 55u6ore
Node 12: j20lmjp
Node 13: i1kqgj9
Node 14: 3y6v6yb
Node 15: ldksja8
Node 16: dp7x02f
Node 17: haln8p1

Node 0: 0nshw66 10f5507 3porgxm 3zv1gmg 4e4dwpl 8xb9a7z 8z3did3 ddl7l30 golcj0o h6eukrf h816mry m02nrmk nfufeo2 o0o94f6 ow2j8uf tzmegn8 vz3c9x9 zr3232m
Node 1: 6v23yyl d2so9wt klwofq9 qhp4hof vrxx6oh wwfs85p zigqnsh
Node 2: 7bf7rzd eb61re9 hkxhumx jk6ksx1 mcj8vzj n15znx0 rkwl1ix t2o07zd u4cnlxx wrztv58
Node 3: 3f6zonx
Node 4: pj2leph
Node 5: 85ykqr7 avd67up
Node 6: rnpkx0m
Node 7: 2u1i6pw 8e08amg lt60aq5 n35eugq u3q8fzl
Node 8: bf9o273
Node 9: p2adn19
Node 10: 2hagmsj
Node 11: 0e7paxq
Node 12: 19bi0gr fe7e1tz g7qj7si
Node 13: pa7p414 pq176pt
Node 14: cqk8lji
Node 15: sx9z8nc ue2h0np
Node 16: 7a87epl
Node 17: m6uhkqn
Node 18: 6rfs6l9
Node 19: 9hmid36
Node 20: uvq6r6y
Node 21: f2skc8y lyte25p
Node 22: cv6963d
Node 23: 4t01qwg
Node 24: hh5p6qk
Node 25: ezrqi1q
Node 26: bzzakgb
Node 27: lofr800
Node 28: 504psaf
Node 29: 8bhfr0z
Node 30: gii6vej
Node 31: hzwfs3a

Node 0: lhalq1t xqltqfd
Node 1: 9y4gtfl jeok8a1 kyx88pl l07trti lv4xdu3 mglyx1k pyfsrt1 r7fvbx6 sr7ny04 su4dq8y y63rlqq
Node 2: hlfxzat ljjdbsn
Node 3: 2n2cyn4 2s6i7yf kwz7jpu
Node 4: 5bk89k1 8p9bf0t axp8nee gfmv3j5
Node 5: 3x1anzr 5492ugm gz914jm
Node 6: 8o3wyx0 peckq5f vy5x9zb
Node 7: jjfvjri yjei8ev
Node 8: 66fllqu
Node 9: d3qsw1y kkhqf2t
Node 10: ys35emr z2dargg
Node 11: 27pvs7k 27r9nwl cdr1mbx fd0vcx4 rwrtrm0 yumudaj
Node 12: r6bykjc
Node 13: x8rd3wu
Node 14: 27n31qa 7zzksne pu3ennj vkztt5r y91l5a7
Node 15: zc1mxsa
Node 16: 7bt3ujk 8wkk7xx u1u6ae4
Node 17: k7p3jd0
Node 18: iz7ypi3
Node 19: ggg37fd hv7m28d tdpypfp
Node 20: ns46e3v
Node 21: nfkej36
Node 22: bw41hqq fq1mwum perl4wr
Node 23: jxcpnvo
Node 24: 2nsi97l htr1jza
Node 25: tvj419y
Node 26: 81338yz ipgsz2t
Node 27: cil6a16
Node 28: zydxztd
Node 29: dky3rio
Node 30: dsiqie4
Node 31: 5xmobe6 d4x8p38
Node 32: rpy474c woi3mym
Node 33: 12ws5m2
Node 34: mmyimer nx54eac
Node 35: 2il0mnu
Node 36: aetxpmn cwqhdsq
Node 37: lxl0dr5
Node 38: ktrzys0
Node 39: 08u58k1 phtobez tocsg9n wmtyduf
Node 40: orl20k3
Node 41: 0ktvi1t
Node 42: ljlnodq
Node 43: agucgii
Node 44: m2guqni
Node 45: a0o3j9a
Node 46: 0htmpi5
Node 47: oq0mrf1
Node 48: 7fj58eu

Node 0: 1k08pay 8vlr6g5 igwotld zj1bpkq
Node 1: 0j30f13 hc1lfx8 meopb9l nb6w0ki xxo5cgo y4dp5h7
Node 2: 6gvc96n 9z2n6lc ecy5ps6
Node 3: remnxmj
Node 4: nibqxrg
Node 5: 4wktalm fdkomcr h369571 uzqs60o x5t51o1
Node 6: 7doq11q
Node 7: 64yt4f4 bwfgiiw dwa41xr fcyxgrq keflfq1 rc1ctwv
Node 8: 5yyh5yq
Node 9: 369h83u ud5poxr
Node 10: l2zj8yh
Node 11: f9j4guo n0qfom4
Node 12: eo1n8co
Node 13: ahlhww6
Node 14: nst8d7q
Node 15: r19z5if
Node 16: c72nnaw warggrw
Node 17: w3192t3
Node 18: amhc46y
Node 19: 7u5sgxg

Node 0: 5pdp8p9 dnjlnpj rl2yjex
Node 1: 6tulfnb gose6uv gtsc65y n0z5ha1
Node 2: mttgyaj
Node 3: 5totecy ido76io jsxiw7i m6rzjlu
Node 4: ttrnywn
Node 5: 03p8o0y 07w5yxh 0bygbqz 0gw9ga2 0jshu4z 2nh0z86 3gzbtt3 4qy9zeg 610wyvd 70pd5vh 7b661w1 9c61elj d26ab1t h6pn9mt kx9et6s lp0umvf mr89oaa msa8vny na3p8qi naoyckr p2q1o5z uyup4w9 w67tnux wz9036j x23256e xoolor8 yzyismx
Node 6: hhba03s
Node 7: b62k9qm e84hja7
Node 8: 2w9pmb9 ti4h8qi
Node 9:
Node 10: 56tb5vc gbdjsu0 q0hceab uc9bekc
Node 11: 8r9echk
Node 12: 2jh4p57 3l7g2hd 5ir755n 9jnwbz7 ftu81bu go25149 mdktil4 mt6nwrk q0jb6b4
Node 13: rr1tdjo
Node 14:
Node 15: ik08hfk
Node 16: fg9thna
Node 17: 11kncay 16304os 49wtnn5
Node 18: 9acvr1y fjh8ymo
Node 19: rl979ic
Node 20: n2qnm7h
Node 21: 97226sm c4mmbpa
Node 22: 2vq5bv8
Node 23: zgyl7wb
Node 24: 1p9wos9
Node 25: cv4fcuh
Node 26: pvtio7q yuatz6x
Node 27: kjeu2us q5jirn3
Node 28: 24l9934 deduyr9 iu2ethd ki9nh4h pzsxojv
Node 29: cj350ke we6x2gi
Node 30: 9wgpski jcto9hs nrxp7mr x9vb5zz
Node 31: 6kebymp
Node 32:
Node 33: 48klv6m
Node 34: ge10gp0
Node 35: 0u548x7
Node 36: cm1y2yq
Node 37: y0piaee
Node 38: 19efr4y 2xzhwb6 8lp4uz2
Node 39: oz9yb8c
Node 40: 06k83cr
Node 41: 0tz0vkz
Node 42: vb46qyy
Node 43: hi1bnd1
Node 44: bx0epcd
Node 45: x7pir35
Node 46: 09f8vkq
Node 47: 8nicndi
Node 48: ltoajfx
Node 49: z7iokya
Node 50: yfusshm
Node 51: 3hcjssl

Node 0: 1mdgut1
Node 1: 0ko0hh7 234ipz0 b5pu9e7 bcsp6rj w0dltme
Node 2: s9kkg2v
Node 3: vtt08wt
Node 4: vm6p3pp y1a7a2k
Node 5: nf64c8j
Node 6: jhzu6wl
Node 7: g838td7
Node 8: f7kac3j iyctnf3 xnb4jqw zz3my7s
Node 9: pazqnir q1xo3ri
Node 10: llbmnr0 n7dva8a
Node 11: 7dy08tp

Node 0: opec4rv x185q4z xxi13ez
Node 1: j2xy1rj
Node 2: 4v1pjfx 603bqdr wklurre zweevba
Node 3: lcn3dfh
Node 4: 0wf3h3t 4gmz7x1 gb19cj0
Node 5: d4bxom3 ey25r1m nf9pe4p
Node 6: mdl9mn5
Node 7: uq23wv7
Node 8: k76cpl5 lcf3iwh
Node 9: se1c6zv
Node 10: nbcfns9
Node 11: lgwlsry qwvf3bw wf3txt7 wrpkmy4 y8ig0mk yf52ui3
Node 12: btejgww eyi83rf vz3uxr6
Node 13: v9sqs9j
Node 14: nc2kbkw op5xl61
Node 15: i36ahxk z4ts7m4
Node 16: zoendw1
Node 17: 88owvmj
Node 18: uqvhx8c
Node 19: eb7b1rc
Node 20: 07tga87 5pi6r86
Node 21: nurukhk
Node 22: 2chb05c
Node 23: 92xofsg
Node 24: e16njde
Node 25: gih2zsb
Node 26: qzs80zz

Node 0: 3wgad6m k74j6cp
Node 1: 1r6na7q 2uuf128 3iy7rea 4vl9km0 5cb0n7b 6u4rtcc 737iqla 7yrxh6c 8hldes4 8jfddxa amn3mg6 brk5sgz c54j9ql d2rl52v gbpvjuf hnibnsv ilr7d6j iz7ezc7 l7b1udu na9zpjx pnq2g2z srbl9kj t71tms8 v2x5zci v38ekhy w1qvp5c xcwv1hf
Node 2: 57wwsfo 80w4s36 8d8mcrx 8twz3tt iuwuuj4 s5znmmn urn0vz0 x0nvd4r
Node 3: 8qxnq4e
Node 4: x9tv7zd
Node 5: 0aeceiu 6ooohck fcj5quv or3zplq
Node 6: hq53fmi
Node 7: bvqomfw
Node 8: fea6qw5
Node 9: 3tbujng xrxbikl
Node 10: 72keb1o fmlbzbu zi5cm6k
Node 11: fkfqyvt gt7jul8
Node 12: j79c6b8
Node 13: mlvvr06
Node 14: 1bfaah6 egpbgc1 qh1eav3
Node 15: 6qghvgi
Node 16: 90oqp08 ipa89mb
Node 17: h3rs3bm
Node 18: s3nreg6
Node 19: w92bde8
Node 20: hdplmdg
Node 21: 89rqmwy fzrmb5w nvpczeb
Node 22: ys07pi4
Node 23: s1ddyr1
Node 24: 1js9qxp 7tja84x
Node 25: c9p534e
Node 26: gwp7c40
Node 27: ikvho5c
Node 28: 75mp533 a4e887x fq2bizz
Node 29: 6qrqj23
Node 30: j03zeca
Node 31: 6hub9gc
Node 32: hcyk1eb
Node 33: 54tul2w gb7qyyt t2twxm1
Node 34: efdtxsy
Node 35: d3qiluc
Node 36: 4jt5x3b ydfln5w
Node 37: dvfweo0
Node 38: 42h8ekk pbm4jhw
Node 39: lnsap6v
Node 40: zlvqlki
Node 41: 1cnbx0d msl2a4e
Node 42: w6bxqn8
Node 43: toef27j
Node 44:
Node 45: dzmjmex
Node 46: zsz59dc
Node 47: 7m4hrjh q40ofha
Node 48: b91u5kj
Node 49: yiro0xr
Node 50: 7ag5n1z

Node 0: hxgojhd oe78c4w uq7zlms v39ncc2
Node 1: 5eht0wg cdwe4ks q1pjfba
Node 2: iwuy12w knycqdm vomxkqh zg6y6ko
Node 3: vgoigqt
Node 4: 6rnwmld
Node 5: mxlwzxa
Node 6: 0lg9pcw uv1h9mf
Node 7: thsvk4v
Node 8: qkkxym1
Node 9: 1dy8und
Node 10: m3odfql tist3fx
Node 11: em17b23 kdvawgw r9vfnjq ty4vgu8 ueay6p3 zz8fqzi
Node 12: b18psl8 v4wy2rl
Node 13: fb0h2ev hs7li3y
Node 14: vm2keqp
Node 15: 37oya4w 8p15i22 f1vs68q
Node 16: 2wwo0hw mcte27m nrm7fbm
Node 17: 3j4uyak
Node 18: 0n4t3fe
Node 19: g1s1867 lwn8tkw
Node 20: z8lpyrs
Node 21: icsoywt
Node 22: qkxut9x vf8k6vz
Node 23: 3773pxn
Node 24: t6m5mo3 u3km77z
Node 25: gxtt36m
Node 26: 00wlhfa
Node 27: yeb2bxh
Node 28: pr2607l
Node 29: 1568sy1 1it7m9p
Node 30: 75xe6e2 hu92tcf t5mior6
Node 31: 1ewrj9m
Node 32: 7z6shw5 d5umpat
Node 33: 90rnh5k nptbl2e
Node 34: ugqbusy
Node 35: cu4vy7p
Node 36: g81hr8a
Node 37: ly64f4b
Node 38: j8yvjyf
Node 39: e1mxboh

Node 0: f3wgeyl mfe0h24
Node 1: 8whcfht kehcd6x qing0bk u7ak6gm xw7z38p
Node 2: 4naviyq 5wx6gez 7ynjf08 8kj20b5 jkx7ayv jwicnsx koc3i0c qi4a2in z5xaxs0
Node 3: 4q6u9wk
Node 4: 2c1tx1d 4xcf2ub 7riyi69 ds2puws gj9q01a ja6tnix kd7zud7 m0tmnpi nkou9en sbsqc9n todgrl3
Node 5: 9p8vf83
Node 6: ojuedvc
Node 7: 3yl2n87
Node 8: mjloww1 mt17d0v q7ji26a
Node 9: 8fs9kxr n4i68mr onrjm9t rxojgby vljcitx ym9ii63
Node 10: 94f80y6 kxder9p
Node 11: 2n7v0ds
Node 12: dgmo68g
Node 13: 1eqt10q 9k1ed4z ov2tmow wnjbxi9
Node 14: pk7iunq
Node 15: lpm6yiy
Node 16: md376wd
Node 17: lyqtbwa
Node 18: gqcnf71 q4hhzdb
Node 19: 9apnkp7 g7m4cd8
Node 20: db1gllz
Node 21: khkhguz
Node 22: kdv7fbp
Node 23: mhsrw3h
Node 24: n5o7a33
Node 25: 6i00s53 99y1to5 s0o081m sa928l8 v6j8r1z yocuusu
Node 26: 33las77
Node 27: mbngtrt v4capmt
Node 28: 29qy9rj y52k81k
Node 29: ktoxbe1
Node 30: deanxxs
Node 31: 1649ddi y7g5kty
Node 32: c0w2bs5
Node 33: mfs6atw
Node 34: vr8brew
Node 35: kxg74e7
Node 36: fs5gdfl
Node 37: soax193
Node 38: qx5ko41
Node 39: 2sfkoia
Node 40: cj7gost
Node 41: dlaavli
Node 42: zy6jy2i
Node 43: c4vpbhd
