Node 0: 1t1kg1o el3sfbn
Node 1: 10jwh49 h00h6tr hne2hyk kco3kim szhesa6 x6l34yw zjb6byn
Node 2: i1v9rl7
Node 3: 6mdklig byodbej
Node 4: e7jzwjb
Node 5: n10i0j9 xtgdda3
Node 6: 2bbvez3
Node 7: ntn8agy
Node 8: 42190ys 4jlypxi 7xlhsbi lk7jpaa

Node 0: 7kwr7he
Node 1: colj8pv qlhuz0j sfz49vq zsab6iu
Node 2: xbwl8ey
Node 3: xb1ci2w zais93l
Node 4: 3jt24z5 eeadulb jsd0g66
Node 5: cluq0sg
Node 6: 4vrgbie bpi34yd ctiv7g0 r9bgtbp uson4us x33r5zp
Node 7: wrb1vvc
Node 8: 3rqmzgy 7qnetze cjs35lg
Node 9: 940fp7v p213vtj xl39lm0 zhggqrd
Node 10: 655074l 7u1trgl ijtpu4c
Node 11: ga79cu8
Node 12: ijxrlkf
Node 13: 2648b9e 2uvvr6v 3xexevj 63svddo emn553f sqs40yg
Node 14: yq3ttlw
Node 15: 3qpw104 907emvp s17yq9t vb69xxp
Node 16: 5rjb5l7 msl09zy
Node 17: mi7hu98
Node 18: 2ynli5f 4myfn0h
Node 19: z7s2f64
Node 20: 8j8zyyx
Node 21: u886shh
Node 22: yndd5ty
Node 23: j49owg0 v1rqsss
Node 24: coj19nv
Node 25: 5l61e8m 9gdfcse
Node 26: r2r97mk
Node 27: 0v7syt9
Node 28: ch53zlj
Node 29: f4cnhdm
Node 30: 3dnj3cl w1z9n2m
Node 31: cpdagr8
Node 32: ihhro6n
Node 33: ifyyt3e
Node 34: fb36l9z
Node 35: roegvev

Node 0: 8apz9cb
Node 1: p1h0bay
Node 2: 5ujao9u 74f2s7i f5se1vw k5pt5oy ngt39ip p3f7meh
Node 3: 8stfnog t8f0zcb
Node 4: cw13rdn ye6nsap
Node 5: 97xeldf kntoy8r
Node 6: 5k6s03i fezf6ox lggs3v5 m29xlvt
Node 7: pykgfcm ryzrz3h
Node 8: wz75x6q
Node 9: 16rqse4 2j1hlgd b4htim1 c4snv8r enfkka6 k9ei89z mtlirm7 shvpm5y
Node 10: c1whw4b
Node 11: 2xsjbh0 d2xqppo esjwt3t h87ddwp ipevflp l0oklqd nu0qsb7 q5xc46q v603ki5 vwdwsif znq9fz5
Node 12: 9eod9k1 kn4misd s765qyb u8ak1nm
Node 13: rkzjcsz rz3nj8n
Node 14: 5shkivy
Node 15: 5czbkzt jwmifo1
Node 16: 62f7cko e3gr61n
Node 17: hrzux9p
Node 18: 0gh97ms
Node 19: 12bsc27 22ybs5g t3ufm4n
Node 20: nqgzia9
Node 21: b0cv5so
Node 22: 4w7m7ot o3wu537 rqx241o
Node 23: 9poa5zd xof9rxo
Node 24: 9z1keyo
Node 25: xdflucv
Node 26: 5pod3de ga1dpy8 yi30dfm
Node 27: 6ldh7og
Node 28: brul26v
Node 29: by5hyak
Node 30: 3rsy19l
Node 31: e8gp7k3
Node 32: 8ft3hhd
Node 33: csa60r5
Node 34: hqyrgpn
Node 35: 75hgji1
Node 36: 3d4nyi5 rferci9 zo01pfo
Node 37: bfnju55
Node 38: co39fl2
Node 39: dqrwril

Node 0: ots2d0p
Node 1: 89t5s48 95dyxoj ac2azqv dhmli18 f4s39u2 k218bdq kdubnas kkge4ys sbkplsr w1m1ewt zz87t8o
Node 2: 23f86pd 97wwlg5 ha6l4aq
Node 3: 3eyilo7 6j4ro6z rd6oy4o
Node 4: 2x84na9 bw57gb4 mlwmutg
Node 5: mw3lm6i
Node 6: 0tqfq2f 648kz8t ldhhr23 lkm5sbj r5pycus tjzkznq upesrwy
Node 7: awyu3gf
Node 8: 6miqbt3 9fukk8h zm8cczs
Node 9: 54t40zn dx76xiy hz1k684 r2amvpn vpaxxer zpjk081
Node 10: taag8tw
Node 11: 2rxroi4
Node 12: zr6pc2i
Node 13: ctuhtm7 rf1mv3t
Node 14: o1l9lih
Node 15: 082a412
Node 16: 4bz1ond
Node 17: mapy4c3
Node 18: i70g4wd y9hsinm
Node 19: 6no9m3b ujfbvhq
Node 20: 1oya54j 8wqyw5t b1cc6rx
Node 21: dh6nxoh
Node 22: nye7yy0
Node 23: bsvrzk4 fqj0rl5
Node 24: 2v0hcuw 4bwbvla 588cw9v
Node 25: n9ebc9a
Node 26: 1e72ewf 397gdh8
Node 27: szl42s6
Node 28: 1m9li0t 3e3p728 of26p8b
Node 29: opctu3g
Node 30: doefl2y
Node 31: wzzs3fz
Node 32: 033z2k1
Node 33: zk6tpwz
Node 34: 2aq4edp auhhqmh
Node 35: k3vqa5l
Node 36: 26i0tn6
Node 37:
Node 38: eu27s6p

Node 0: fg7trsq gjgpxvn pvh633w t9wmbu3
Node 1: 28ap31u fot6wrr ivxdbvl
Node 2: h12oesl yw9c5r5
Node 3: 3mkllsy agz57dt shva7dp
Node 4: eg70sai i65oa3r
Node 5: 0jtlcc3 j5aob1v q9ettli
Node 6: nm2brsv
Node 7: sp4qi3s
Node 8: 86rhy32 nrk1id2 tx488dy wsem788
Node 9: 34rlub2 dxr84ic koj2ju9 nqt4csp qsu0dg2 t9xuk5h
Node 10: kd414yd x46ysrd
Node 11: 0uu7l2v aajqr9e cfk98pr qlgrtn1 zwduygm
Node 12: cqoydoj deu2b6c
Node 13: om3ltmo
Node 14: tcwhdke
Node 15: 1omzax6 piohc6w sekj6nz yi8qypt
Node 16:
Node 17:
Node 18: epb8szb tdchc6l
Node 19: bk0qnte txafasc xjksu30
Node 20: 3n2u2em dkqhjxn
Node 21: cx81xdf oer5lvx ylufw94
Node 22: anyjl7t yq223yv ys5luxx
Node 23: wh1kygl
Node 24: 97hy0rq v4wvktj
Node 25: uxck7lw
Node 26: v7ktp8l
Node 27: slsnpj4
Node 28: h81jugj
Node 29: 29itmos
Node 30: umf0jer
Node 31: o2uehwf
Node 32: 9samxlv
Node 33: aq2026w
Node 34: 1op6lgj e9jzktx nujfwxj
Node 35: vp0winh
Node 36: fy2ptm2
Node 37: g8k2a7n
Node 38: bqcbvm7
Node 39: eajr81z
Node 40: c5qpyev
Node 41: 0011ps5 r47qkye
Node 42: is7ds6h
Node 43: 5iodqnq
Node 44: duaetv7 m5ue59g
Node 45: 3522qgh
Node 46: 0ub7y8s 970lsq2
Node 47: ni7xb4p
Node 48: e434gpt pbcasar
Node 49: q8bv8h6

Node 0: a2celoe rognmh4 voyrw8s
Node 1: 0z9226l
Node 2: 6entypg lajnxwe
Node 3: 2bu4vy8
Node 4: 9s14u2a fac5v8u
Node 5: 5mo8e74 72c7abq
Node 6: kxplzlq
Node 7: plus66g
Node 8: hir69s5
Node 9: abe1pww
Node 10: 1vbdqtf
Node 11: q38q0yd

Node 0: f1yxafg hq1j6s3 uh0vrhr
Node 1: 0h298eg 30w25sd 64q5qam cu3uedl jyyk6fn
Node 2: 64fps21 eyrq27z i8demgm iqe1ikn ncppxyd pdlj1bs qqo1p0v ssqaog4 tgzig80 w3vbww0 wqnsumz xgr7vsy
Node 3: cl0rzh3 msngdvx
Node 4: 1v44xgf cjl2q72
Node 5: k7wxo2i qspq4he wlxpjpc
Node 6: liidyis r7gvcw7
Node 7: endyknk
Node 8: h0624c0
Node 9: otlkzvb
Node 10: tk6ab7n
Node 11: diy4zhv
Node 12: 2u1birl 5w8ngq7 8pxvx8l
Node 13: ebt8sge
Node 14: fncvr3m
Node 15: 4bugkzr 6fuxuxy
Node 16: eptdnld
Node 17: rccksqp
Node 18: n364e4m
Node 19: autksn7 s4ddazf
Node 20: gbqw83y
Node 21: x21obdx
Node 22: 0j6sujm
Node 23: 9jueb9b kqp45i9
Node 24: cgbxyit
Node 25: 34eapjj 41qszhg
Node 26: b689fdl cbq2y3n msff0tk
Node 27: ldxsuk2
Node 28: ytmj15v
Node 29: q0197rq
Node 30: 3ec8i2f m4bmgnu puiminq zsdwz25
Node 31: 0v90pog fnsrecd k555vby
Node 32: ep04a85 fg8xmpo x8rx4n4
Node 33: 52ktc87 ba4k448 k7f6irc u2uwjbl wva17hn y5651e5 y70srny
Node 34: c25r5am jvb5dlo
Node 35: 7okig6u
Node 36: 2h80bnh b9nqt2e y8wfhb8
Node 37: 8xn8dzb pnkefgx qk9k9zs riqgraa
Node 38: ebe3hff
Node 39: 1ovtk7j
Node 40: 4d0toy3
Node 41: gekzn39
Node 42: 1impr0c kbu75gc
Node 43: 8sjfxfu ty35sdp
Node 44: y4omx5z
Node 45: ftmk495
Node 46: j704omi
Node 47: jup3z1u
Node 48: 9gnkf7c rhyaffi
Node 49: 9x1g741
Node 50: 57w31wg am8vm11
Node 51: mmax2y2

Node 0: 4xat7kf wwxe9rj
Node 1: l91876s
Node 2: hxi6yrt
Node 3: ca220ea canvpbd gemtupj gtn0chx ir5iz9l lz37sry qs76b5v u9ua4t4 xtytu5l yk9if3d
Node 4: inpdnmi j8kr2wg
Node 5: umc60fh
Node 6: csjte3d
Node 7: 4fh774p fem1pz7 gx19egg
Node 8: kck96gn
Node 9: y3nrida yarnq6y
Node 10: 8h8h59d
Node 11: 76o6e8b gtp5vgf
Node 12: c45fh7m i3g9bkw md73z00 uetyoej
Node 13: 381y8ev
Node 14: 0dn2zxs 58g8mtt d6eu2xa
Node 15: 4lvnu08 9mjxht3
Node 16: fz5m7u3
Node 17: 2e2igws
Node 18: yi0tk93
Node 19: 57r5z62
Node 20: j44yf7d
Node 21: 3vse8w0 h5i3his
Node 22: eke6ks7 ke1j2k0
Node 23: 3dag2cz
Node 24: 6025naj
Node 25:
Node 26: wvnd8r7
Node 27: 64r4g0u
Node 28: xzxpc5p
Node 29: byklf7e

Node 0: mueqn46
Node 1: frf3ove pj6aqjy xrtquyv
Node 2: 19uogu8 szsvrt2
Node 3: 04ywvzp 2859g59 3oik8xh 714ofgn ab2cwh1 crovqvf e1rdnxh i4coio1 ke0c84c kyz2i8p kz61q0g p0040wl q5d85j8 qh38py9 uda0ifh ufblccz xxbkho0 zr5epke zu2uh33
Node 4: mw8auhm ni5up9w
Node 5: imtat1n
Node 6: 7xd4mc0 g3j99z6
Node 7: s11kx65
Node 8: 0a7sbz7 7w581fk hzw9oiw ldax41d
Node 9: 2b544vc 9sgkerp hiq7gik mceosfg ms8nadu n7c4pfw smtjqyf uj72mci w7ww4wg whfcry4 xnh89ue
Node 10: tdlvyhn
Node 11: vern3sb
Node 12: lpw9kfl
Node 13: p6epox1
Node 14: ahpyry3
Node 15: 8ufrvor
Node 16: 71grff8 herck1r jmfoxa4 l52hxoo
Node 17: 7a3p2gn ibq5u0g mnw3sfp t1xnyjf wnwnvr3
Node 18: chebd0h s9aqa9a
Node 19: 1bbs6c0 4otcpxv 8e90x00 9hr50l3 fpat8zd
Node 20: l56wijh yn2yxha
Node 21: 6vbok8y
Node 22: gw8v2jr hm9zr05
Node 23: tfj0qns
Node 24: e3thofd wgu5eb8
Node 25: 79d5ruk
Node 26: zk2gj1a
Node 27: 831kn6m
Node 28: ufpdb16
Node 29: l6dcvz7
Node 30: 8u651h4

Node 0: vb8ac99
Node 1: 8d1nvam al56js3 bcpqmf5 c2u3cnz
Node 2: fch0kws h39y7iz wyatl19
Node 3: z65thvb
Node 4: hw046go
Node 5: 4uxe9lw 67v0v6j mkkixjt usqm38i uxz8og7 ww01bbc
Node 6: fl2rdu3
Node 7: txqib37
Node 8: jr3kcd2
Node 9: 3c9dxo7 jr7fek9 vml30sd
Node 10: 8qn26n5 9cp3qyv
Node 11: 1rv9m45 dokc5ul sno47bq xmyhbz7
Node 12: 60aqrcw uxq5x65
Node 13: lo7eafk xlm887f
Node 14: 0rki2wh 9s29uea
Node 15: tbhsd0v
Node 16: 9qcces9
Node 17: nanbwjs wn4pw3j
Node 18: 7xq72qz eg9qvda q6fwy4t vm5j0eo
Node 19: 44laz7j 50xc9mq eqmoara h6b7sdp r08i5wh tm8p3g3
Node 20: y5x2xk8
Node 21: 179fz4l 7abn1pg
Node 22: gv8ys6g
Node 23: qo75ky8 xir2w7o
Node 24: ae9xgpx r7p2hwy w2650ho
Node 25: dcmehg4 kenxc54
Node 26: l3cxees vtjzrla
Node 27: f7iazc1
Node 28: a9t5i1t
Node 29: zemicrl
Node 30: go1a4zl qpus52o
Node 31: z45kdg4
Node 32: qu5jgsi
Node 33: f186i1o fz1j78o
Node 34: 23sqxpu
Node 35: 96cceqs
Node 36: nf1s8al
Node 37: b5o3190

Node 0: 0a6lzwf 0xb2g2h 5ta0cfe mk0pc7z opjvwrd ptazkep qjyrvtt tt8gumm wg0yz6p x7iiux7 xd6ntlo
Node 1: 6xbky1y vh4yhgn
Node 2: ckbp0bt
Node 3: s6jy01v
Node 4: z3u2x2x
Node 5: hhioy82
Node 6: tf691b9
Node 7: 5ns6y88 lh91ggw
Node 8: 53bfdt9 bmm5vku iel4gii
Node 9: axk160a iinlziu oum4s7m yxswb4t
Node 10: 6m4py26 urmjc24 zvpzq3p
Node 11: cgjm07o jxlh1xr qjkdnct xhqg197
Node 12: b4tvptd z7telyo
Node 13: 62w9pyu
Node 14: q3vokjq ttmnjjq xnz40r0
Node 15: km37kcf
Node 16: msyv5h1 pddmw40
Node 17: 22xvgec u7ketb5
Node 18: 4tfo298 9x2kzh8
Node 19: yb1u4ml
Node 20: 3gu3dxt 59lvgvk q863b4i
Node 21: eqa8tem
Node 22: cn3xsve
Node 23: d11fxvz
Node 24: z8tx10y
Node 25: x8l059k
Node 26: txtv8oe
Node 27: klj3hfm
Node 28: 1d0fgeq
Node 29: gkoocqn pe69rka
Node 30: khhr65j r7jgs1e
Node 31: mwxh6uw
Node 32: rv89uve
Node 33: 0retya9 x8f4w5n
Node 34: zchzj5n
Node 35: qfmbgkc
Node 36: 9rbwyir
Node 37: wrr0xxm
Node 38: 8oyvstf f1k77yc lpjxgjx
Node 39: 9tvm2ji pmkgc5d
Node 40: 2vy27s9
Node 41: alkkzg4
Node 42: 89w0cti
Node 43: l7by8lx
Node 44: uxc7omn
Node 45: fxoslfm
Node 46: 5z7z1av
Node 47: v8y9ubt
Node 48: wh6mx8o
Node 49: y6t9ni8

Node 0: 558ao76 97w5p8m din23s6 mew010z nxfqjl3
Node 1: aqpaa5j
Node 2: 1m2epmf rl5qszg shooh4y xrkttj0
Node 3: 1u8inf7 9m062yb
Node 4: t6p55f0
Node 5: 4gwpnnn 857wirb j2afp3g mx8z7l3 qfke852
Node 6: 6o5okqh kfebut2 rmrv4lh
Node 7: aogbgcr
Node 8: 2ynlesl bl741qw h5tad1w
Node 9: bbsf2rs pch3ib9
Node 10: zkkex5p

Node 0: 841xesg 91zjfi7 cd8ikff fitermh i6jxx2t jevymot xlqmrzw xpbys3a y7si6eg y917f7v
Node 1: bamlqkm
Node 2: dv7i5ob jt0hyja qtwse0p s9snwaq
Node 3: y714rgc
Node 4: qa7chb6
Node 5: 7pxbxf5
Node 6: 4gmnvcc 7kyc7h7 jek62he jog2rx6 nzmhqjx srm4303 ulqyav3
Node 7: o1m51lx
Node 8: qjwkxho
Node 9: g898rte p3bldb3
Node 10: af8rd93
Node 11: ebm0uxw
Node 12: 1j75jvz 86v1fmn kyctadp
Node 13: 8rnugvo
Node 14: ajimi56
Node 15: 7aovcqf
Node 16: 7y2yb4m
Node 17: wpqwoq0
Node 18: 6hnii2d
Node 19: m0f3838
Node 20: glpaj51
Node 21: wbr6jab
Node 22: e6ltezn
Node 23: kbih21m
Node 24: 29ph35a
Node 25: bo6kn33
Node 26: g0fvpbn
Node 27: xm087pv

Node 0: babq3yu
Node 1: fr7m11y h52p22c k33jjqj q232aa3 x6rqzb3
Node 2: zsjxorz
Node 3: 1u8w4es j8sombj
Node 4: 3j842ix 4nu10u6 80uijpo aw8q8l3 c25bify cx0cthq efzhsig met09cq qh189rs rzlx6n5 sz5r986
Node 5: 0vi773r bw61f17 g4a2xy0
Node 6: fmcisi3 g2orx0h lt0exqg qh3hnif xhirfst
Node 7: 7ru1x8r mqzfqn4 zk9dow3
Node 8: j1k7rr8
Node 9: g685d97 sd141ni
Node 10: ay56tmz c7v5up0 d156woe neuxsr1 pgru0um
Node 11: 6p2c8sv
Node 12: ml86dhl yn69q0y
Node 13: 0ye54y8 4musmai ct7ia5r ddie2ew fsv8n5e naohx7q q63ktf2
Node 14: yvar8rk
Node 15: c6q56gc fdcpcy6 mralucy
Node 16: 0ershdq o6tmlc1 qho68oe
Node 17: 4rx6uz2
Node 18: n2x3rm3
Node 19: 23f05ne 6r5qqir bv3e4h2 djku8d2 etqzsea kfg77z1
Node 20: 51e5q4b
Node 21: 29iz18g 68twphy 8v4vqzd rss8055 tx7q2gd
Node 22:
Node 23: 8lji47x wgceoh1
Node 24: y5mvamo
Node 25: 7f85y0s cmn29c4 vpv8pmk
Node 26: krbpya9
Node 27: qfsri2r
Node 28: 7e19euo zj6st14
Node 29: oi2a0bw
Node 30: xl8sbr4
Node 31: jxdxfcl
Node 32: tg13yil
Node 33: i2d9kxt
Node 34: 583vzl6
Node 35: zjaa6jl
Node 36: jpvo34u
Node 37: v6j8ocz
Node 38: 6i6kv0p
Node 39: lkbzk2f qubn5ux
Node 40: y8rubkv
Node 41: lci96i3 ptfbx1k
Node 42: 8jqiyoe
Node 43: 8qeyv33
Node 44: p98gmqo

Node 0: 9804qrf
Node 1: hqm8iba vc1cody
Node 2: w2ictqv
Node 3: f2oeg22
Node 4: g6d8kab verjb41
Node 5: 51wo4jo cjs9abs f5k795z
Node 6: c3gardb
Node 7:
Node 8: jn0zy7d
Node 9: 2nordts 3vjmydl 5brnd1c 6n2s4lx 8fy1cwa bar2xl5 brp5cgz ext06r5 h50r3wh upv8pwa xf7hsyb ymvj1p3
Node 10: 5p1qa6q 78xsagd bruxgad wov77oe
Node 11: 5ljvrlp 9ygkmxv dzaxq8k xv4j5yk
Node 12: enbm1x3 hua3n53 l996zfm oyp6l4l qmexue4 thd8ggt
Node 13: 5d44se4 bdy76gx
Node 14: dy5mv95
Node 15: 7i7wlkt 85udodu 9riz1s8 ad9128o obracsk skakwet v52xztc xa2t12u xh96e0h
Node 16: 8wvvk4a gdhqnzb
Node 17: 06u2cvp nvxw377
Node 18: z0om75k
Node 19: mfgndu5
Node 20: vmg9pu7
Node 21: 75bb5ow wa3bnmo
Node 22: 96o12tc t1anoia
Node 23: njyv251
Node 24:
Node 25: ut1j1e4
Node 26: e8153lc m2pheaf plfrwme
Node 27: cz4w5mk oocd6e9
Node 28: 02l8t70
Node 29:
Node 30: 3h00e1l krmq3c0 ws4lc2k
Node 31: bgub8t2
Node 32: 1sajz5b
Node 33: zti6j2p
Node 34: bjk7w0w
Node 35: c0vwiqc d3e1ipx eb2fjd7
Node 36:
Node 37:

Node 0: 0wft018 1tjjh6l d1e3rjq qvtifwl
Node 1: 5854ftc 5rp3760 agwhgkk d6bex40 h9118k6 rudka80 tgmw26z vssmkym
Node 2: 5afp6ma exgcoiq fqonyk1 kvv1js0 n14p6y7 vjzcitc
Node 3: 09pw5q2 4o5csmo 5e0v14m 7dx2lb3 elpurla f18a3o6 g7q71um glzvxe3 md0xgli o6kcs91 tshybxz wwu8m8f
Node 4: 1kifv5g ecaz1fq
Node 5: xqzj28u
Node 6: b4v8oh6 krzcj40 nqs6fko nydc7ew x8u1fxw
Node 7: 0fpwopa 5epimtw mnnkaha rthitsj sqk4u7c
Node 8: 532n4j7 ibbxmjr ih7a3ho
Node 9: om26f6e
Node 10: yi2q6u8
Node 11: 939nu1i
Node 12: 9a7u36v dttk760 enr0i0h
Node 13: 81sf8mh
Node 14: 2zt0j23 ce0btso
Node 15: 047emc8
Node 16: maajs4o
Node 17: fjmizl6
Node 18: e9wl9hn
Node 19: iwf2qdu
Node 20: 0iy0ope
Node 21: agfcqpb uwcyt8g
Node 22: y6arbke
Node 23: tpvmh00
Node 24: 2c2s9en t4frhe1
Node 25: ac7lotj
Node 26: fjy53jl
Node 27: bztxwul
Node 28: 10hh2si
Node 29: lr71efx
Node 30: db3mt9l
Node 31: 3krbk4y
Node 32: zdeo4tj
Node 33: dmg7b72
Node 34: 4uk61ay
Node 35: 07r1p0u
Node 36: oqv8c3f
Node 37: jezhwpd
Node 38: sg65ely
Node 39: 71otw58
Node 40:
Node 41: 98zcoqz
Node 42: jfmwfhx
Node 43: dojw9r8
Node 44: 2v6unk9
Node 45: azt62r2
Node 46: 204guwg
Node 47: 5mdou4m
Node 48: 4ggkzyu
Node 49: tnk1gw0

Node 0: l90xi77 w8l8quy wdgj523
Node 1: f1yjcf7
Node 2: 3mrcn2e 6rrdbxg e5wwimy eqwpg4m mr91r4y w39llgw wi8j3c0 wxnhoh4
Node 3: 3jhym2l k8pjrpz
Node 4: 8nffxcl xxwyi24
Node 5: 62cba74 7f664rm 7keui9q 7w6u8ku daja8rv dm1jiyh vsngrgj xzfwpky
Node 6: vlwwj4m
Node 7: sr29u7s
Node 8: gllcnst n8ipono od5nfpb
Node 9: pphtp7t
Node 10: 1cq8axz c238m3d h1iln2l
Node 11: 43fnt93
Node 12: 4jo98zs ohrwc40
Node 13: aopsjda
Node 14: fptdsf3
Node 15: h7nv6eu kedyig6
Node 16: zlb3rgr
Node 17: i0sduef
Node 18: l9qrscc
Node 19: t6q36sb
Node 20: ofydid7

Node 0: zh6ux44
Node 1: 5en3y3a
Node 2: c8aiygx
Node 3: rwenxtl
Node 4: 7syjug9 8e9wzd4 byn7ljt ub1lqyk whpisgd
Node 5: 6m9gts1
Node 6: m1kc35l
Node 7: k6etedu
Node 8: 0215ydo 07rmaab 2zkt78l 68frrfr en9qn6r jhwg3ev
Node 9: 03x1h24 c69p3wp
Node 10: 993d9e5 9zva7ao g1krw68 ju6wuwa ks1b6qf oad5jbc r8zps1u rn59fk6
Node 11: 97bqf4k o3klqb6
Node 12: e50aruu mfasmwl
Node 13: dysc61x tm7f3po
Node 14: nf2yihw
Node 15: qh347xb
Node 16: 7w0k0vo
Node 17: d8z8lj3
Node 18: ven93rb
Node 19: l91y7mm
Node 20: cu2ysga r7i0k6w
Node 21: mmjkher
Node 22: fv19y98
Node 23: 35k057n
Node 24: 5ir9qam
Node 25: m5cpgua
Node 26: xbzfk5p
Node 27: skx48cp
Node 28: rll6jz1
Node 29: 5qubmpw
Node 30: b6q84lw

Node 0: 0oh5ioa 7pmiuyr hfm3iay i8z1xjl
Node 1: 1p5iad2 54e1hpq frsnjqn lerrbbw scjdnb3
Node 2: 01qt3xw 0tidso1 1xn59ou 4q0rnrf b5w97wp gk4fg3h j4mzwld mscsndl pg1c89e
Node 3: 1bqp80u 4lv7fy3 eh8wemn i4hllqt s4x424t xnrm96y
Node 4: u6nam6v umsh3cy
Node 5: dd2qwcm t4kg90m yp93hn2
Node 6: 1mnlmi7 g8l5wqv xi0djjc
Node 7: blpe6fs f15rqsx iy5ydnk
Node 8: 8ut896i afgwd86 bv9boy1 cq05h6v d28ffxa ds2ip7r gig12d7 gu9ye86 kdaz81o l65guj5 lt4o4ft mqc46jn rqmf9x8 siqhzth
Node 9: bfk6lt6 p1q0052
Node 10: 1ltgbzv o50ke68 ok8qhci r1lpyi1 s0ek778 sb71g7i x6a0a5f
Node 11: z6qldw0
Node 12: nuctc61 p7bu4sq
Node 13: hf8zqdi
Node 14: 911ua2n mtoc9dr vkqgw74
Node 15: w95u5qa xqrl1jf
Node 16: ssr0ogo
Node 17: bde7r4k dmo3rna dx3hhwn ogpryh2 s1dw0b0
Node 18: 38tkak9 4i6dl4f co8j0wj es87c5i
Node 19: k5xucba kk1pi4l lig6cnc
Node 20: 7btfrtu
Node 21: hj2jsk3 jepm0pj k2bxrza kazwbyn
Node 22: 19rfd1n 2sugr1y bthdydw
Node 23: rt8frka
Node 24: hmxknb1
Node 25: 3ghes2q
Node 26: fpjzg7g
Node 27: 2r66wk2 37s4krm e8ty8rf xvlc36q
Node 28: 89f9eax 9rwg4jf f93vrlg mtnzj9z ztgca1m
Node 29: ffpde7u
Node 30: pom21oy uvky3xw
Node 31: ja870x4
Node 32: mf2rmyb
Node 33: zs6qwsx
Node 34: nw1nr2j
Node 35: jp8a4ni
Node 36: bxtkon5
Node 37: 6f77rr0
Node 38: eyedgm3
Node 39: colqtov jiralre
Node 40: a5no80i
Node 41: pc2kfi6
Node 42: 122jbkc
Node 43: xh04u99
Node 44: 687ksqb s8wp0m1
Node 45: wrv5c0d
Node 46: 43cgcjo
Node 47: ncn9135
Node 48: 68onvnj
Node 49: y17dm3t
Node 50: kxqtzgt
Node 51: gebqzzt

Node 0: 0kj4yry 73qpkd7 gbwpdn8 kyrlt2k
Node 1: 03mmo9j 2ct7j74 c39zq1y tyrbcdr ui9ika8 vae4i9x
Node 2: z4yetgn
Node 3: uhhzytb
Node 4: 3pw0an8 zd7sfk5
Node 5: po645zn
Node 6: j0bza9h jyd5pxd pqbcw57
Node 7: ux86ngq
Node 8: 3g5vhg4
Node 9: fz7sd1v
Node 10: j66yrte
Node 11: 03il31j 5apsufr am0cd8b kr1078m zanug0g
Node 12: wwpgnip
Node 13: tabszxk
Node 14: 6g7s70f
Node 15: 1xqfo0c
Node 16: sfuvuvx u7gf1pu x6w5920
Node 17: 7r9z3tz pim602e
Node 18: lvo4fv6
Node 19: 7pg4sgs
Node 20: i222jtx i5u6kws
Node 21: 1tirp8o zudx6r2
Node 22: l21f2y5
Node 23: efonjwz qm110t5
Node 24: 1nr5nno rkeubuw
Node 25: dzyppx8
Node 26: xa6ju9b
Node 27: 5j4xr59 c4nepfe s71zs85
Node 28: d4xdlbn hb9e3fp
Node 29: pq4c74h
Node 30: hrigfxx
Node 31: 1d4d2r1
Node 32: 6shwep3
Node 33: zwc2rbo
Node 34: kiipoai

Node 0: 2wcsikd 40z6zgw lmnfn58 sc0v7uv wbsfk89 z1y52li
Node 1: hxgpboj o146hth tsp5nhp
Node 2: ckm6neb
Node 3: jz35kln
Node 4: 3n4hkeo
Node 5: fm4889k
Node 6: p7nbzbz zjcdrn4
Node 7: rzdn5zv
Node 8: awxfqhf
Node 9: vfu5izt vxtbu5q zl1m5jp
Node 10: lgmapyh wyoq9in
Node 11: 0klo28o
Node 12: s8us058
Node 13: cpw1mvw
Node 14: f7z3jej y2yccj6
Node 15: 7y7x2gk
Node 16: v7byt7x

Node 0: 1nnkdkp 6vy3n78 x5s2kb4
Node 1: ci0ggk6 oj150uz owrehsh sdzr377
Node 2: 09yv1t0 2me29mw 4pdt4j7 7kk28qh 9naexb9 ac179c3 blbsby9 cnsl7oc d2c60pl nio82rn relp69g rkbfsh8 ubzfomk w7jca5w x5csxvi
Node 3: 4k3vv5y bmtjnbu hng4xyr hwal82g k5wasuq ncprdlm thqmfop z5jmbvr zdbsffo
Node 4: 0afn49g pkzohr1
Node 5: j26ksii qd5zm0k
Node 6: ddiqg17 ucqfz2x
Node 7: j1kbkd0
Node 8: 7ljna91
Node 9: a7xciwo mt8gxyd z9dtzql
Node 10: 8a22l9i enekobw hpcmq0r
Node 11: 391g6nz g1yqytv qk3sxp1
Node 12: 3y62kth z1xfn79
Node 13: 6uys3q4 dn1tymu l80u031 oou8zp3 ycczjxu
Node 14: 2qx6g6d khgo4co
Node 15: a22jduk c6s4m6w
Node 16: 9m132s0 cirurno
Node 17: vk9gf9j
Node 18: 366g0g0 fd0wd9o rah7r2m
Node 19: 7t3anh6
Node 20: lwh7crt pdl0yd9
Node 21: p23aqv9
Node 22: t53gytw
Node 23: of3pb39
Node 24: gfbc33b
Node 25: 3mmjpxv
Node 26: 9n1bt32
Node 27: avz5vf5 bi9bgw4
Node 28: au1xqwv dvodll3
Node 29: prvfeyd
Node 30: 39h6jjx pe9hyis
Node 31: d39etm3 y0x6oww
Node 32: ih3hbh6 jy7ccb3
Node 33: 8dlup6b fnu5kot
Node 34: qsckhvc
Node 35: xijvs2a
Node 36: fzbd76p
Node 37: 5fra7a9 k9pv46m
Node 38: g82a4gq
Node 39: 4vj73f3 ucm3efe
Node 40: jm13c2b
Node 41: fof5e4o jao16ei
Node 42: ytarzru
Node 43: qtz0bsc
Node 44: qxmy2oy
Node 45: 7zw75in
Node 46: nix3vyl
Node 47: 2dd6yei
Node 48: ba3zsn4
Node 49: cvzzrod
Node 50: gq5pb91
Node 51: s4sheu2
Node 52: 3t0blax qt3wkq9
Node 53: 6stonn4 qiqg6t4
Node 54: 0zud096
Node 55: 9ndinhy
Node 56: mtedfc6
Node 57: h6o63za
Node 58: hy6l07o
Node 59: 88rsuc6
Node 60: b82w69g
Node 61: rsuyn0l
Node 62: 7nhb76m
Node 63: 4hgxp8r
Node 64: nee9wjz
Node 65: 4k2xqka
Node 66: je7w012
Node 67: 9oyf8sp
Node 68: xa4g9hk
Node 69: sockrju
Node 70: rkrjb97
Node 71: i4jw9oj

Node 0: 7ut9wb4 8s8rwa6 mwaxl19 qoxhp9x rrp7wb6
Node 1: dildk2o
Node 2: 1qpsw41 fm50rby
Node 3: 7gxzru3 ncj16io pwv8ljt
Node 4: 07yge80 c4cxutx
Node 5: ik19zxx z9xvsoo
Node 6: 9nibj2x ytnac5v
Node 7: frawdfe
Node 8: nqbamzh

Node 0: 0ssewlt f9i0fcz gmcr0ya jnsotfp jvbs5as mlwa4aq r6yh310 tiqworp ued2fex
Node 1: 0096w40
Node 2: 1c2grkl
Node 3: 3s960cm
Node 4: ikp5q31
Node 5: 06l1a37 qeb1c8o
Node 6: hwt9zam
Node 7: gm07ti1 ih959fs
Node 8: 4ebk6uz
Node 9: 6me6bwp bo2j8q4 c4bhm4v gatli9i m6p6vf6 p1m031x pzhjotr u6037v0 vitjmdp
Node 10: lp4220e
Node 11: pmxy5pd
Node 12: 3oqhfub 73e6hz6 dsbuvkq
Node 13: 4d9dpam
Node 14: ebl56ye
Node 15: ahlg2bp
Node 16: t51o4v3
Node 17: btz74m0 e4w8cp0
Node 18: 3ldfhp3 bxvri0t fqnm2qi ofxmagk
Node 19: 56y8zsl
Node 20: bmb1zlj
Node 21:
Node 22: 2mpawhr
Node 23: 2m78ji6
Node 24: 61w1ixn
Node 25: abjnox1
Node 26: 55w0npr bqw92c6 btgccn6 dndyxsy fht7wku
Node 27: ht414tg xn0g0bv
Node 28: ysnzk9u
Node 29: 9e8isnr xv1qfvh
Node 30: qkbo3s0
Node 31: vx27et3
Node 32: blhkgir jcfdc63
Node 33: updr6xl
Node 34: onjhomz
Node 35: j26ywzm s2zrhul
Node 36:

Node 0: 84z6h5b o9suyof
Node 1: 0ab4otm anvqbo5 igzi6yy t93cwf5
Node 2:

Node 0: n7paxzt
Node 1: 1o5zghp jj2ttj0
Node 2: 6w6jhkr mtnurai zwfr060
Node 3: 04hww4g 0w8nxgh 2wy3d88 7xxy34s 8pk1pf8 laqz4oz r161mx2 vq3ya1h
Node 4: uvpmqg3
Node 5: b99h0ee
Node 6: 6o2sh40 gjt6ftb o8vpj5n ryion7q tqwlee8 xccs1qk xq6xv5z zjbo6ql
Node 7: 20ziwxh 6xsu508 8tmibtx dqorh77 qoljxat xesrkos
Node 8: ghwj6vd
Node 9: 08pbwx1 203y736 inl86ns lo76182
Node 10: lgfkohy
Node 11: 8fra7xm mopryfv pcxqtsd r4nul27
Node 12: 2qr5ush
Node 13: 2c0684f
Node 14: ejtnu6n
Node 15: 91rv31n mnh4383
Node 16: l56tymj
Node 17: gwkurdn
Node 18: 8e1exae jgkev1c
Node 19: u1oh21z
Node 20:
Node 21: vcgbkxr
Node 22: 28ciki6 6lb162x g6z6ikk
Node 23: ny4mjnn
Node 24: c8tx701
Node 25: cdnojtm tp4y9h0
Node 26: rlhvzge vm3b7oo
Node 27: 6uh0fo3
Node 28: 1mhsuks
Node 29: nj5v6s6
Node 30: smkdhd1
Node 31: 8nyuo0o
Node 32: 0c90cet es3j4fh j4av9mf
Node 33: k1343zo
Node 34: 36ahawj
Node 35: sey272b wcqnbsm
Node 36: 1phf8jf f7rprfl xf3eitg
Node 37: k4m7gaz
Node 38: y0z6ax6
Node 39: mabadte sp4q9r4
Node 40: h9zbar8 kb4h7cl
Node 41: 2ifx8r1
Node 42: lqn3oyr lw72qge
Node 43: 59kdkg5
Node 44: 4pudql5
Node 45: diioelm
Node 46: ey476ka
Node 47: h70bsai
Node 48: 6zue0ki
Node 49: kqdt9le
Node 50: 2uo2qs9
Node 51: t29o3tp
Node 52: 0ffzkh6
Node 53: il7btjg
Node 54: hbiepev
Node 55: h23fi7c y3vbyp0
Node 56: n0fzzqz
Node 57: k9nlpse

Node 0: 0bkbt7j 58p9ksh
Node 1: 1286xky 20s86yu dv1qil7 eq4mtm6 gw4q3a3 n8wv7kk
Node 2: 8ncgwb1 fyazr25 lnn94tk
Node 3: knxuvl1
Node 4: 3kxl3nj 5yc188b 7daef8v
Node 5: 0uuunuk csd4hec o1lenxp up1y1c9 wdvorti
Node 6: mqhor83
Node 7: d2tvh4y
Node 8: gms4s97 sxwgce0
Node 9: 9vasoud
Node 10: lvznnbb
Node 11: 5nenwh6 62ddfdm
Node 12: l0bgehx
Node 13: 6sqn902
Node 14: eoq12aw
Node 15: tqkcc22

Node 0: 5gn9mqg m0akpgo
Node 1: 14u87on 366r602 4ij0nnb 6lt8pl8 8fq2o3m agotrn9 bhak2nm cxwjwdr h0grcbw j4bzxle jn7afdc kdhfba3 l0iwymi nwzdps7 oi15vcj qcwauo5 u21wbhu u59p9yx usqjuk2 vslbb42 xyyp799 zil2knf
Node 2: 3o9wdrv 8yber3w d2wbn7k dtebs00 jp1t75a
Node 3: 68pi3lk nut4rax qugrp7t sdexahj
Node 4: q8a8fjb
Node 5: yiilvn3
Node 6: 0dlb92b
Node 7: y0d8gz0
Node 8: 85mw4wi
Node 9: 3sz5jv1 6epwxlp
Node 10: 7803tvv e46nbkp jxfmzk6
Node 11: 1zn6edf
Node 12: o4dtbnz
Node 13: 2jv6zme
Node 14: roawzms
Node 15: blhz1o3 om6n3fn
Node 16: i44x31b
Node 17: 5w8ljax
Node 18: l4zvs4o
Node 19: v809t09
Node 20: 2gmyy1p 77llclg 8cm0pre rdjpdxe
Node 21: bi6zq6z
Node 22: nhwvhbz
Node 23: 43p0yd1
Node 24: k8x04lv uleradd
Node 25: canvnta
Node 26: my3tolt smqsvmu
Node 27: raa8vea
Node 28: bqyhr44
Node 29: uy09qi2
Node 30: 79ejq23
Node 31: p65ebtt
Node 32: gh7nbd9 i7fklct
Node 33: 0web2wx
Node 34: urxn2ka
Node 35: rnggghf
Node 36: 9dshcz5
Node 37: ij5w5m0
Node 38: 6lfs91y
Node 39: jo14g1h
Node 40: ucwqdzk

Node 0: 5mrllgt 6gk8bky 7qhp3fy 9780ddr dfeycvl hhk5907 iz89w6z rwvil1o t6ah7rc v32928p
Node 1: 7nvm4ej ojjvg1u
Node 2: xjxdhsr
Node 3: 5ow8qos
Node 4: m33urp2
Node 5: cgflxbm t1kusq3
Node 6: g088zg3 lugrtd3 zgzo71w zkt2t4f
Node 7: t9vx2gy
Node 8: iv84jeo prynuyj qlwqhtk
Node 9: czdxgag ibyyp4g qvsfpll
Node 10: jlnt4n7
Node 11:
Node 12: 5dt7vgn
Node 13: 0j0eiap ffcacze
Node 14: fwk748s wgu7vqi
Node 15: i3jf9oz
Node 16: 2c8slj5
Node 17: yab90mb
Node 18: c7zq59y hao7bd9
Node 19: j794jp9
Node 20: zg2v0pr
Node 21: 1ez7zue
Node 22: jmbi16k
Node 23: 0se8vxe djkpi2r
Node 24: 33fpj9b
Node 25: hun726q
Node 26: l6eme5o
Node 27: 2dyiklc
Node 28: os5nmon
Node 29: 80cx1r1
Node 30: irdjmwo r98tenm
Node 31: i3f9k0z
Node 32: wm3lf06

Node 0: 3uqwg1o 4iwko40 9enagou 9soxodu bemiccr der8cos k3ui4jw n6hygcw qw77n9m widv2ky wuo027t z3kznl2
Node 1: 4nd8baf cgs538z hsh8x49 z5opmbq zk30zfk
Node 2: 2cqac13
Node 3: 07y0vsz 3wtj1er bdlsk0z g95lfks vfl5ef4
Node 4: 6fmhzrk ppk3b4g
Node 5: igsffh9 tl3y8kb
Node 6: g2w0r44
Node 7: j6lh2zb
Node 8: 9d36k68
Node 9: dyrv1oz upussr9
Node 10: ti4s9vl
Node 11: 3anym2d 7o5sapv
Node 12: 4q92m9i 74q3c5l
Node 13: lsxttd6
Node 14: 1ewlcmy zcvy693
Node 15: x4lm2fr
Node 16: fy7zcqx l6qe0pn
Node 17: a9hr60q
Node 18: 01tu6cx
Node 19: pvrvuf1
Node 20: ja6zzcg
Node 21: vaqwxds
Node 22: r9iltel
Node 23: 26frvpv fa927hi
Node 24: 4dd1h6x 4vjz980
Node 25: yn9nsye
Node 26: 79kj364
Node 27: jdc93z6 yhvgf4x
Node 28: oxh12hm
Node 29: 6hc6okw
Node 30: y38itw5
Node 31: oxrbfel sy53u89
Node 32: sgs5319
Node 33: d2ja6ms
Node 34: wf8vs6y
Node 35: n6xyieb
Node 36: kpi2jz7
Node 37: tsdwh4v
Node 38:
Node 39: 85lmjp0
Node 40: htmkoqc r7297cn
Node 41: jtcwkfo

Node 0: 30zsxq4 3f9ie1f zmxwy1e
Node 1: 3b13yg6 4g7end3 6xiwj6s c8xne9z de33s2o dsfs5ff ffr54l8 ihyky4k p6ekl3f tp9j451 ua1iwuc yoa07pc
Node 2: 4dxu4cl oy7bi6u slmww8q
Node 3: 14zp5rj 4wxprcp ea8wqvr tdo5ipu
Node 4: 2qpgjgk 7yfh6uu tuaghaa
Node 5: xewqqe0
Node 6: m7tdj5e
Node 7: t7iwdr3
Node 8: 3fwjfuq
Node 9: 16p07uo 9rdteyn c53j2l2 eacwq5u ezb2084 o4mmjg5
Node 10: 4pppivn bpvu76t g9yjk7n jpzng36 mrrwewn tkg7pug
Node 11: 5cdqqgf
Node 12: al85ara
Node 13: lcphsmu
Node 14: u6hjkkx
Node 15: f58ivjg
Node 16: chr75z2
Node 17: geatmle
Node 18: dpbnakp
Node 19: qt9x4gu
Node 20: 4w3bcgc
Node 21: 2a90q5j 9yk2ksd uq5h075
Node 22: ff273sh
Node 23: 3rlr175
Node 24: 3pishu5 oil5z4o
Node 25: 6l4hs4t
Node 26: ei9jrxd rzogja0
Node 27: kgx0hx5
Node 28: 61squvl 8maovfs m5h1m6s
Node 29: 5uq8fzj
Node 30: dfbp1ov
Node 31: 3vt5a9p
Node 32: 4fo4n5s
Node 33: nu75z4f

Node 0: 2vswcyp 790enao 88v0l04 amhgvx4 sxs2tvl t2zap3a u3f2iwg umx45fm xybfxxh
Node 1: dlexlvr fwn12aw
Node 2: jt66ry6
Node 3: li66d5c
Node 4: 7fdzl7e
Node 5: qoo7940
Node 6: s8u66lf
Node 7: lo5dp80
Node 8: nrddv9r
Node 9: 2xoi2cx
Node 10: zamcwl4

Node 0: 6zekw0l ebb9tih fc0qsai h7zq8av hf0bazr jfokbpr
Node 1: fxguzq2 hfxc97j p1zoxhm pxslknb uuvp2ky
Node 2: 8p16tpe ppmh0qx r0448c9
Node 3: 3ufyocl jlvov8v n6wq54p uqjn3tq zwgww8d
Node 4: h2xu143 kokzz0h vnmnkgg
Node 5: 2sc1yjx 526050r 6l9hgkh 8d2hwtw a6jfdtv amoh104 p1e2zlq r7k8o5d swed9wl
Node 6: 5vz81l1 7spwn2d c3pzmfk eg88xol
Node 7: ofohk2f
Node 8: fa68rjp
Node 9: oi6yqwu
Node 10: f3vxwry n4ptmfu nhdnb6u
Node 11: 6sgcgti ihj86wc qymo48s x9bti0s
Node 12: 30lvz7s
Node 13: 5ndpplk uma26wz
Node 14: x2a1127
Node 15: 0d4axv7
Node 16: 5byaxtl
Node 17: 720brb2
Node 18: ne2kk02 zjtkgft
Node 19: 50zovjy e7qtdhz ew0dbff gv0e8sp gvoaxut
Node 20: dudh43t
Node 21: 78p4240 gg6lww1 x6i4fvi
Node 22: 7mncqwu
Node 23: pp15keu
Node 24: h4y56f4 uyx0iof
Node 25: wmohxob
Node 26: ec388vz
Node 27: iqhy2zy
Node 28: y7egxx6
Node 29: upvwyir
Node 30: lzx175h
Node 31: yrcix2r
Node 32: wt6vv7g
Node 33: 2l800mn

Node 0: 4bamrzx g9ky1kc v2ijkls
Node 1: 1e8clxk
Node 2: sepzs98
Node 3: 3rp1fzi 6rmo62p b35lto6 bv6saap bxfuxyl i3crdbn ij3cdxi j5l42rq odmzqw8 onfrexj tzj06dy xoi2tpg
Node 4: fs4o82q
Node 5: 7gwvcgc
Node 6: l2a9e1n q0eanp3 skh72nf
Node 7: f72mvb9
Node 8: cpf6xuj tsvg8n3
Node 9: s1mim63
Node 10: 3om7cak
Node 11: ay2mebx y8582w0
Node 12: hp5k1v3 sqxbir9
Node 13: 4xal6a1 91yzgvr
Node 14: 94kb5af
Node 15: 3z6j19i m9gqb0u
Node 16: 9j2yds0 bou28mw
Node 17: 610t3zu btzo7sl crhwvij dbjwwba
Node 18: kdiypc3
Node 19: 856wr8v q6ft6jn
Node 20: dru0vtk
Node 21: 5k3ix5f
Node 22: eam15ru
Node 23: f4r2g6v
Node 24: 3f43iml
Node 25: cdgciiu
Node 26: sqfptr4
Node 27: 84v5jh5
Node 28: 14gbft9
Node 29: 63965gl i711uoz q6554jb rdk4ej7 x7j6wv6
Node 30: vqhqf4e
Node 31: nfd4sjo
Node 32: 6yythpn lz0e62n trx3t43 u2u952n
Node 33: z56vp4w
Node 34: hfpkl7r oferw9x
Node 35: g860iv1
Node 36: 6slltp4
Node 37: ibcub7t
Node 38: fixl2ii
Node 39: njdexp8
Node 40: j98juca
Node 41: 2wtwy6n
Node 42: lds2154
Node 43: mm0ks2a
Node 44: 0izbj8n

Node 0: 1jv3lfp 8rscesq 9ymth6u gf38upp iud9tko jyv2j1o l0f907i ov6x2fq qhtvnl7 vo3q3dd
Node 1: 0b9isoe 1309d4r 9b6fw2e c4g7dxg hryzmy1 z6klihx
Node 2: 9kqcfsv ct4teo5 mvu7lga ojsytva utaidel wd0z9q4
Node 3: 839hcvi q8yigal slqy3xk w4pph7z
Node 4: cmxol2v j85pasd
Node 5: joqh3z7
Node 6: xoqh0c9
Node 7: ebpkji0
Node 8: fnnukr9 j3196j8
Node 9: 37df8nb lrdjzu6
Node 10: g19uc92
Node 11: 5h1jlhf
Node 12:
Node 13: 0juh0qd xvkigsz
Node 14: xiabqiu
Node 15: 0n7yl0k 7soiq2k ct68105 g8o1zqg tr7ngiv
Node 16: 4pfzq0c
Node 17: clbny5f qgj33m0
Node 18: k46beaa
Node 19: h04sj6f
Node 20: 0o33sk2 19m68bg 792xq0z elcogth f3swb4g g0nlzlx ghnn83z qpobxj1 qq57n21 t4oxdq6
Node 21: 5i4hg82
Node 22: p61216k yr4neiq
Node 23: 05iubnk 1s0i20m 9u58olb yecodbh
Node 24: fz99waj l4eparn
Node 25: zgq2kid
Node 26: 7vp7ccm
Node 27: 3acb194
Node 28: 3hzaedq
Node 29: 2kpzxkl 6q4817k l3vbbyt
Node 30: xk3hfd6 yjgqnhs
Node 31: tam9g6e
Node 32: pd73ncn
Node 33: 03wv36c
Node 34: 1b2w6jq
Node 35: kyenyo0
Node 36: 8sosxq7
Node 37: ggrxvjs r4ccss5
Node 38: uoh5927
Node 39: b64elh3
Node 40: jvw03vy
Node 41: j8n8it3
Node 42: nc74qa0
Node 43: 6vi66z5 cp6c2gk
Node 44: l7xvqtm
Node 45: ezmrq62
Node 46: vjvlr13 w5yak3a
Node 47: 5928w6d
Node 48: neq4tfq
Node 49: 0u8tbeu 4c346ze
Node 50: mlmbyy5
Node 51: 6ww9c71
Node 52: tqd6m8m
Node 53: 71lfuh6 xfp1j2b
Node 54: 3qu29mg
Node 55: wj5apcf
Node 56: 57j7x5q
Node 57: ec5oh5m
Node 58: hthdy8f
Node 59: edgwqy9
Node 60: nn76hm1
Node 61: xv3zam9
Node 62: dg37opj

Node 0: 17o01g3 6z2dsx0 f1obigu
Node 1: cdk1ev0
Node 2: hmbepld x8m3ftq
Node 3: p5p9wto
Node 4: i003u9e
Node 5: 1fbsj6i 1zzgrcz 39nh06f efdxszw gnrsjr1 rkikckl tq6enl2 wdz8hx9
Node 6: 1om96e1 5awc5xn 7qv0prn mc3mt96 y4th8b6
Node 7: xxib5pi
Node 8: awwyqms rradbpp s18mtkw
Node 9: fsyay9s
Node 10: hecohpa x1ofu7d
Node 11: 1x9apfw
Node 12: b0ia4gy
Node 13: 1k3hv49 2b78pfx 929ncos axgp2l8 eekbwkg fryyroa si7y1vy tsg1bio vp75dx8
Node 14: 9guvugt
Node 15: 2rphhp1
Node 16: iscp5er
Node 17: 0ihp7wt 8rqwjv5 chywfk5 ds6kkot in6xf6e nl8u42r s1g4ae2
Node 18: zis4h8s
Node 19: w1u24z6
Node 20: i0wej8m
Node 21: surqiti z28wjfl
Node 22: emqfw0y
Node 23: 9thm02u
Node 24: 2erjuw6
Node 25: v0fmfln
Node 26: aq2v55i
Node 27: tmsb433
Node 28: kxrfown
Node 29: 7i8haal 95sk8ny
Node 30: 0e1yxj2
Node 31: 2ihxvxs q5ox8px
Node 32: a3jtmje
Node 33: nofa7wl o9lso4w zgbvkju
Node 34: 28a5hb5
Node 35: ri16r8j
Node 36: 57dl6rb
Node 37: 4atammq a8c4t75
Node 38:

Node 0: 1kltef2
Node 1: vujhxkd
Node 2: k65grcn olzkkn2 pch5fgg
Node 3: fdtc5pp
Node 4: wz91p42

Node 0: 7e56kfu y2ovzvb
Node 1: 062lw5u 0phiz2b 50na6ec 63z4br4 9ls5n73 e7eroqm elkjd3n ii7nog4 m5b7nti pudfjjl tesc2ks uiojpsx yvbint8 ztxc1m3
Node 2: 5vu4c0w
Node 3: dt44zo0 xtktac6
Node 4: lr6srf0
Node 5: e43ch5c
Node 6: 7gwozm2
Node 7: p4bmljp
Node 8: mwtcnsp
Node 9: dw2dezs
Node 10: 19bmzzh
Node 11: fef39sd qdu6u9u
Node 12: 15lj7bt ij9khv8
Node 13: t74fsdz
Node 14: v60227j

Node 0: 3cesuad 7g3f0rn atp50jj emu5x4r nunnhm6 op5lliu pjxs688 vgn1ftj
Node 1: 55004uv
Node 2: lz09k86 r6y328l wq5f2bv wvukg8q
Node 3: bhy1xlv oos685n
Node 4: 0dc5yte
Node 5: 6nocjxy vbkkr6k
Node 6: 6qdp2zc
Node 7: e46z8x1
Node 8: me8rdkv
Node 9:
Node 10: g8kakti jz5esex
Node 11: jdyik6g
Node 12: ftmae9w
Node 13: dvxl7cx
Node 14: 9ue7b3d
Node 15: 7dmdg58

Node 0: 63os2xm eni45t7
Node 1: vca8y6o
Node 2: 0drpnvt 136rzl0 2ozvleu 2tgi6i6 8sq9o2l ci0t3em errgmqc ewb2bz0 fmkcyyy g3zlroh g43zinb htbrq78 ir86dye j8uu5pt lta7roq oeu0mov oiznptg r6g14ne x8ecsjo xoqv7y1
Node 3: la40qby pfl1t7g sf3pu36
Node 4: 9eggwvb lqot176 qpiro5l sdnfujh z2cczb7
Node 5: g4pe6qa
Node 6: nhziofu
Node 7: olld4bt
Node 8: 6kpyjmx
Node 9: 9d31ugd dyzuuqo olhne0s
Node 10: w0cz2wl
Node 11: kjw96r0
Node 12: djims2r
Node 13: 10i5jd0 l5rabux r97ltik
Node 14: n1cn9ef
Node 15: 5bzgbyx vwlgk8d
Node 16: 7albqou ou06mtd t95jfrj vtynz4r
Node 17: fzybi8n i303spc jc94d2m
Node 18: pk90vna
Node 19: 07yege9
Node 20: 9pl773b
Node 21: rqpoj1h
Node 22: elgol5r kd10nwy qte7qq0 v2wvls3
Node 23: uhvcqhk
Node 24: ho3odhr
Node 25: 00p87qz
Node 26: 8ixsya1
Node 27: rkayfic
Node 28: kdkdqbh l3v2dhw o005wmm
Node 29: 1wxq2rr 3mdrsfw kb9jvky
Node 30: 7aj3ojb ymnke5h
Node 31: 0x9rl09
Node 32: hyqfxf8 nn5mwi2
Node 33: ff9lvrt
Node 34: 6efa5wq
Node 35: 7ylz1ml j0vahn8 k9mpygd
Node 36: gw3x7m5
Node 37: 794xybh
Node 38: cg0p7ig
Node 39: 0eu9xhq
Node 40: e39hlj1
Node 41: dgqbobz
Node 42: 3f3yo56 u5arph9
Node 43: cyp6u74
Node 44: n1jool0
Node 45: 8hzlpqv
Node 46: dhxvus0
Node 47: rvxvs1g
Node 48: ivircj4
Node 49: ide9hst

Node 0: 0qq10sc 88g95nb dq3a2qy hmmk62u ifrvdqt vb6jgzw
Node 1: e1qoi54 puc6tnt
Node 2: dxctvhu eh0anku fll56zf fnpt2dj gkq87i3 kptke47 l1wn69p ni4kwad
Node 3: mj96kaq vckixsx
Node 4: 6nq5jv9
Node 5: 5yiclb4 jt7ljlr
Node 6: 38y4zjo 5uf38tg 992v93p cmeefhh f963zeo fyt3550 hdm2v40 ila84g9 j3h55vv jehpv5m n8d13op sct57ig vr7oklh wrwxkga
Node 7: 44suvda 5fwvcx1 8dkcnby i7lqal4 piuehrm q0tw505
Node 8: 22axu70 9anc96z 9w08l6l i7mdejk zx70rxq
Node 9: 0tfzya3 130ieco 1c6pahn 2ubgl4x 4c2ma1b 6flv200 82p5vp7 899j7u6 8j2b4fk 8ydrosa 9336op5 b4y2q0s h0rba6o h7l58x7 itmavac q4p5egi qwo7ar0 w677zb1 y3v2q7v
Node 10: 9xem2sr
Node 11: dq886th or40t64
Node 12: vwr1wlp
Node 13: 1p53ka5 2b9gpgg
Node 14: 6yqr9on 8f64kb3 ablmne7 gjsxz43 i8p40q9
Node 15: 4to0afk cb9jpv9
Node 16: 371iyef 7n9p1px gau1wyv y04yxrm
Node 17: mod76ug
Node 18: gtgydcv
Node 19: 9kgp39l
Node 20: r1skzwo
Node 21: nsyhwkq qtx9m4g
Node 22: aqiy87l
Node 23: ei8ab6e
Node 24: noul30k
Node 25: fpmrpey
Node 26: 7k6pj0o skb9rxd
Node 27: 1si7px4
Node 28: 3tla2ln
Node 29: surd5zx
Node 30: 8gui0hb k59fip1 pvquzzw
Node 31:
Node 32: eky9ur6 f9feyqb
Node 33: 4k3ycx6
Node 34: k58o750
Node 35: qarecxr
Node 36: i449cxt p1tb7gm
Node 37: fvztnqh
Node 38: yb42kb0
Node 39: vd9y2dc
Node 40: 41vikaz yc2ykao
Node 41: 2pxpb1b
Node 42: in7qt88
Node 43: 3i1xo2v
Node 44: xvqs7b8
Node 45: d3a1muy kv2g50o
Node 46: gn9uoqj
Node 47: d6rws7o
Node 48: n3by6hr
Node 49: lnu1iz5
Node 50: 4j42kb0 ilfd22b
Node 51: z149lg4
Node 52: msk1tek
Node 53: vnpjv16
Node 54: 8f157ym
Node 55: mcpxqoz
Node 56: ztabh0g
Node 57: jxemfit
Node 58: oydvomc
Node 59: 5701si7
Node 60: nws3ae6
Node 61: oo7knwy

Node 0: 0w5qgb3 3ud8uuh fdb1cno p7gc5wx
Node 1: a1v9n25 p1lrpq5 puecd0a qiqqa1x
Node 2: wkl7l3c
Node 3: m7ii96n qtuuqzd
Node 4: 7z2ic0k sbc1o2h u12fi3m u3v5xz4
Node 5: 57o1ck1 eo3ktl3 f2d19jx
Node 6: 5o49mnk n6z9z6d yam0093
Node 7: qdm3ssn
Node 8: sj5tf9m
Node 9: bpy1ozp
Node 10: cce3fa4
Node 11: cooeqc2 dm66oxi
Node 12:
Node 13: 791242y

Node 0: 4cjtiee 6sm8lqf 8m5uyom 9gqtoz3 j5az2jm ke3ju4g oj5znzz qjwz218 rhmjxfn rjo0hpc
Node 1: r3dhhpc
Node 2: 0tevrs9 b8abmsw gv23qfu
Node 3: 1fzldlh 68lpzri 8xzlkqc 9lbx5yp g5pjnev ira73nc oftbbgv pl5uaq5 sjnex8g ycximpf yfkvno4
Node 4: 84fc47j aqjadzc bmsdyv9 t0j2lks
Node 5: p8kkd7r
Node 6: 1k3odz3 a8dg3ct my6slkb
Node 7: 8tkot6u ookzn85
Node 8: gejiz48 vnlj3k0
Node 9: zhpzzx2
Node 10: 1onpsc2
Node 11: i9qudr3
Node 12: 08zau47 dy0cfew i5cd8qi o4ow4cm uvpcphn zlj48ia
Node 13: pdo9pcv
Node 14:
Node 15: 72tybtd
Node 16: wnlual4
Node 17: wr5fag2
Node 18: 948ayi1 l19e8fz
Node 19: b0k0ass x0w7o64 z7akqdl
Node 20: o66b0ra
Node 21: hjh6k9a
Node 22: ramovia
Node 23: 1ra9bvr i2kzt0u
Node 24:
Node 25: 1bor6w0 57d8lv9
Node 26: cueke16 fc67yr2 m8zdr8n v7ktc16
Node 27: w4r0lb7
Node 28: 95ueiwu
Node 29:
Node 30: 1rhbdzp oca9u0w
Node 31: oeycy2h

Node 0: 0rs6g86 1341ad5 1ffb0sw 1isc0w6 2qm0e6p 50oztaa 5evjq4q 5x74o52 6e28tw8 6o4t7ln 6vwqmkh 9j0aji9 clklws4 dgu5845 i5cmxw7 kt6bzg1 lwnhg87 m7a82zi mkbld2e n398auk nue4c56 oc5lyxs phtwssz r2hjkla riaiadi sa4mmef ujnals7 z4yriww za29b3v zo7gm03
Node 1: 2zsg4dn ao8clzl aq8z4xn dtwc51n u5nkkwx uz079md w53qx15
Node 2: 1fy6onr 2gu5nqw l4228lw ua1yjxq
Node 3: i80i86g
Node 4: tpqu1t9 vfvqe0j xn2at7c
Node 5: fm9hs7g kxggyxj upcqb3q
Node 6: nb6ic8t
Node 7: jfecnks nlrwx1j
Node 8: 0jlugxv
Node 9: 0alnh4x 21w9odg
Node 10: 9g5w8ri
Node 11: onrz872 x6lvx86
Node 12: 53xf0zj br5e85e q1w4l68
Node 13: 3o36g9k
Node 14: hv98ge5
Node 15: 0pazp1w e47ztbz hi93v30 i0d052z oac8sfg okplmn5
Node 16: 3cb387v
Node 17: q3qyyvt sng1kut
Node 18: w0wpobq
Node 19: j8olqsc
Node 20: 7y4gpwc
Node 21: 0p2601v
Node 22: nov5hrn
Node 23: tax4c3b
Node 24: h2pfx5h
Node 25: g55nwjm
Node 26: v55g9tl
Node 27: 9ilpj82
Node 28: g6i5whk
Node 29: 3udg8t5 idnpjx0
Node 30: 8ynwd6d 92rv29a
Node 31: br2i8wc ug673lg
Node 32: qacat39
Node 33: 7hm5aia v6d9f5p yjt2qxp za8ceoo
Node 34: m24yjcj
Node 35: c53el87 ps2i9fa
Node 36: b5bysta zt32teu
Node 37: 2ydshmj
Node 38: iya3u1y z0ipkfg
Node 39: p3bgwo3
Node 40: kkqhvjc
Node 41: zqhhncg
Node 42: voqpw5n
Node 43: 8906l4x
Node 44: 1ips1aq
Node 45: w1sbtik
Node 46: 53jbja4
Node 47: zidf7g6
Node 48: kav5zd4

Node 0: 4oa6hnm 9nc11dt a4artwz
Node 1: 2euxnbd
Node 2: 58sr6kt yr4tudu
Node 3: 0kmg91n v4rq10m
Node 4: 3zvxb2a djalpj8 ugtcq8o
Node 5: qukzfv3 wg8rq96 z3lig89 z53vg19
Node 6: apracrd qjj24on
Node 7: rbkqk4a
Node 8: erperkk zv0his8
Node 9: 2bha0tj 5ns4ih0 7jnxp0d 8adbkcq a5jzdib dpby1xe i2f7tji kmj8ll1 lbccw3m pgml8el qmbhc7w sybfufc tc6mnj4 x8nod30
Node 10: fzgusa3
Node 11: koeeq2p w9bk63e
Node 12: dorladj
Node 13: 0cqtly0
Node 14: ueb30y2
Node 15: cm0qwgr
Node 16: mw2z2tx
Node 17: ltu1xtf rhoheq9
Node 18: 5qaugrd fckgh32
Node 19: 4l7718r
Node 20: 3ymgxgj
Node 21: 18f5zsc cq4fsv7 ln9bpth
Node 22: 0jqtz2c
Node 23: bnsje5a
Node 24: plnzbe7
Node 25: j4oefkx ocyq3ka
Node 26: nbt6gmf
Node 27: 3kof0qc x7cfi2m yljgaq9
Node 28: ofm8lb9
Node 29: 7l62166
Node 30: 6h8jkaa k0jjo9m
Node 31: 135afc2 q7zu8i0 s6ay44a u9g5r8u
Node 32: q41g7r5
Node 33: r5xv7uk
Node 34: airhfu8
Node 35: sxcg02l
Node 36: gpxx8si
Node 37: 1e9cjoq u97gvs7
Node 38: gbuwzl1
Node 39: om3a16w pcpk9vr
Node 40: l8wdjkc
Node 41: 9nebllm aif11l6
Node 42: c6rikm0 ozehohr
Node 43: oh4otrf
Node 44: 0u60sjq
Node 45: pb497z4
Node 46: kxdspic
Node 47: m7sks1s
Node 48: zsc27pt
Node 49: t74eyl0 vnerm4l
Node 50: qx4oy22
Node 51: vsvxq61
Node 52: 1xmlwvb
Node 53: eftt05x
Node 54: 0pd9skh
Node 55: 1k43z1x

Node 0: 8nj7cva
Node 1: 34i8uvf
Node 2: bobf7mo nhq25xr pik97t4
Node 3: 0rvtfkq pq62mc9 xh2mw8y
Node 4: ef9ulx7 hn7c3sz j1f165u sozz3om
Node 5: 8dah8gg iylfs5e kbpewje nmqniuw v2st4x5
Node 6: 5ti3b9z dy0v8ot ks88bcy tvmq7z7
Node 7: 4c5ci77
Node 8: cozwxkx l3kav5m vvvlsul
Node 9: 4qnlmew wkie9yi
Node 10: n56vlra u8kacrt zffmjpg
Node 11: pszteo7
Node 12: on3exi7
Node 13: ak8af1o
Node 14: u2bsimx
Node 15: 7tzp3um
Node 16: d8y4l07
Node 17: 47b1m63 axzm81y k7cffk3
Node 18: i3qwgnw
Node 19: yb8ygwq
Node 20: og282jn
Node 21: 0e0fsxj
Node 22: h6vnybg
Node 23: 7gb3ig5
Node 24: ppbqo5w
Node 25: p5v4s64
Node 26: nnq3xot
Node 27: 272y99k
Node 28: 979dgzs
Node 29: f2yhq2x
Node 30: hhleu19
Node 31: rd3wdwt
Node 32: a4d1jwe
