Node 0: 3ug2rbs
Node 1: 8xgofsx m89h5kz
Node 2: 07hu5t9 10t4j2w 1vx7317 en52ndr fykpzkl n9pvslh nq1huw1 v6qoztn
Node 3: nadlbhc
Node 4: h8pefql
Node 5: 12qjomn t3qvnu0
Node 6: b7zlk9k ohthofz sqm7l09 w016zmf
Node 7: 2e6lmf9
Node 8: ftlx0td
Node 9: 8d9xmn8 cr7n270
Node 10: l1psnix
Node 11:
Node 12: d4yk2gr vqx31bf
Node 13: bs6j4yd
Node 14: ft6xyng
Node 15: 15a3cq1
Node 16: 5zs8u6s uymcetf
Node 17: sbwqatn
Node 18:
Node 19: tlr2lec

Node 0: xo2ikad
Node 1: kh8oye4
Node 2: ky7gl2h odm32q5
Node 3: haz8tt9 iaghl2y pddqrth q5zq8qd tanrvo7 ztbya5o
Node 4: e0in39o
Node 5: hdqgpi5
Node 6: 0w0v0f5 8t38p3r amsbi2o rpc93o9 yj8ixhs
Node 7: nr4jkfe
Node 8: a8qd7pd t4xulan
Node 9: i3n3agj
Node 10: 04hbmit 4jf8eat
Node 11: 7hnxgzw
Node 12: 0abbu1y hjmfisv
Node 13: 74abolr
Node 14: 917cepa btunyah omzx1v4
Node 15: 2k9tgiv
Node 16: onizkpb
Node 17: 4kwmm3g
Node 18: 58skp35
Node 19: qz6vh11
Node 20: 28rt2sp
Node 21: 6gavbha
Node 22: 44xliio
Node 23: jrii2l9
Node 24: ilbaf15 om69sic r9392m5
Node 25: g4h19o9
Node 26: lbhi7ue yd2aeoj
Node 27: hf3fv8m
Node 28: pde3u9i
Node 29: fuo5axl
Node 30: xs5audv
Node 31: 8g6vsty k1t23wx
Node 32: qrnclgi
Node 33: g3lla5b
Node 34: 6268nrx
Node 35: uisxfcd
Node 36: sa7irp0

Node 0: ldn1aht mv0mrbi
Node 1: 0a7ov7p 36rh6v5 4b0clzv 4gg3dck 9wzec69 ocdd7mq uxr25l2
Node 2: 2s2slj3 85kcqj5 cds8zn7 guvz2dl tvq1xsm vfta2wk w2v1uau
Node 3: 78j3p3e 7gmfl2h 90tm6w2 bynxtuf eu48epw f8gkd52 k3k7nre v4ltt8k vy198h6
Node 4: w2guzj3
Node 5: 12sbohz 4wrtety 8mq9it3 ah5bopt bqtx9et ev50o6u kcrqrgf lulu720 wzin0v3
Node 6: hy87ge6 nrn4n5b
Node 7: 7tv57um 9emz5qh ae1cv5h letnxbx
Node 8: pxvavh5
Node 9: 1izgshl gmpzli1 l2d95sq m6tk6p5 rqbf8qo vnr05i6 wil2j73
Node 10: 9tu9ab0 jizyxci
Node 11:
Node 12: 31ysc4s ewarlhn kp016nu ofblatr rtk09fb
Node 13: 72c7l5i qs9xgch x39fv0h
Node 14: gxdr641
Node 15: 1ha3891 b5w811y f1yyhk0 y0wtz7c
Node 16: 3xjt61k
Node 17: owawpcv
Node 18: 9jootcs
Node 19: p6d3bp0
Node 20: tpyag1w
Node 21: cp03t9c
Node 22: cqbcgks nisvxr3
Node 23: tqnjewl
Node 24: wjrr5ej
Node 25: bqlrg04
Node 26: 06wxkdp
Node 27: gqozess
Node 28: 19ew4re
Node 29: 766z1i8 avhumb3 x8104f8
Node 30:
Node 31: 9v63m28
Node 32: cy6ywtn uxdclqg
Node 33: iohvcuz
Node 34: jep9g7w
Node 35: 6rqzq36
Node 36: iku0oso
Node 37: sqvwr33
Node 38: wm32liy
Node 39: anklw9o xdg1cq8
Node 40: 827xi0p n2kpgh2
Node 41: wra6ks7
Node 42: 6jxdi3j
Node 43: vxoob75
Node 44: 1dcu39t
Node 45: t11ivvj
Node 46: rmvi9h0
Node 47: bz187dz
Node 48: 8skzuvg
Node 49: eze2n84 ntigf0q
Node 50: c9we2lw
Node 51: rfjgt3h
Node 52: e68an4g
Node 53: n9fj6jz
Node 54: kr0995o
Node 55: k2vjo72
Node 56: q4g8606
Node 57: 0r20hm7
Node 58: koqk9fy

Node 0: 2xayb86 3eespmy 4izk0me 6ar3p3x mqs4kv8 ppu1fuw qbux3td ufwtcl9 uoj1zhx y9l21rz zunxbxd zy9jy0w
Node 1: oqbq79e
Node 2: 0b5z3ak 5lcyd9q fu2j8qq hg5y2lz m9dl55a md9j8cs po5umto ygimvel
Node 3: ykulhck
Node 4: fh6eeo0 g1bsbcj k03665u ptu48a8 yt8stk6
Node 5: 4ni40ph 86x7ipj timopv8
Node 6: 2yhawxh 8q2mo2a aovm0pt q6d2lkh
Node 7: zkn9syg
Node 8: 0c317m8
Node 9: ccdyq50 jag5duf saq6fxi
Node 10: giwa296 j50872a
Node 11: erj89wi
Node 12: 8e6hl4x cbrbzla
Node 13: ov1h13j
Node 14: e7yskme rleuepa
Node 15: 2m8rx6m 9eg3aah fqj1jjv omtht8d
Node 16: n5fnaj6
Node 17: yx60nik
Node 18: ulxja1v
Node 19: xlt2owx zjmwjd3
Node 20: pykaipr w67bco1
Node 21: nmrvzb4 z83wh4r
Node 22: uim4u0r
Node 23: nvivfq4
Node 24: mz87nz8
Node 25: g50ag9r
Node 26: 1av4ba2 u5ecq4p
Node 27: it2y30r oj5wfx7 vicykke
Node 28: 11ahpmg c57c9hn hakcwah hrwds1c
Node 29: 2cb92ty wxcfzbl
Node 30: 574ga67 wn999aw
Node 31: 8lrrub5 smkak3w
Node 32: 3aqr4pb
Node 33: bsvwnrk
Node 34: 2ssejzr
Node 35: 6ea6ded idqu085
Node 36: wvfwurz xn0i24c
Node 37: 3isicaq
Node 38: aodervt
Node 39: g3e32sp
Node 40: qlrh8k3
Node 41: xqxvcvs
Node 42: ashsdf2
Node 43: cgaf2j1
Node 44: texnf7h
Node 45: fbt235n
Node 46: lsplk4c
Node 47: vzr6sqb
Node 48: q3rwsgm
Node 49: wm9u5to
Node 50: 1fmkse0
Node 51:
Node 52: u3d0vn7
Node 53: q6ylgbp
Node 54: he8wvqo
Node 55: jx2jomt
Node 56: jzvqd1p
Node 57: 5ekk2xo
Node 58: hb3772l

Node 0: 4t7mqr6 9xp0vuz ccdlzsd k3pco3o x7s0zp9 x9uqrd2
Node 1: gto40ry
Node 2: 1n4tc5y 1p2k5fg 1qd35uo aclasfk b4z5n2y btyy6sq fwtea5h m2ybclr orvrl74 tvvfbd5 zn35r4h
Node 3: 4t7yc7q 6ieqd9o 81w0d5h ix96y8b map72kj qgk8f3i xbf4dw2 zegsfxp
Node 4: oqxyi0p ub18ep2 xxsjzyg
Node 5: sw50mnv
Node 6: 22uw6k0 2e93w11 5t2deal 9hyv9b8 vry0n3h wdamlek
Node 7: 57yj07d cyxpqhg r36i4aj ssa0566 um7ud3e
Node 8: uzg1g4y
Node 9: ft1x1k5 ke323e1 p5famt7
Node 10: cn7vatp
Node 11: lwhwofg zn97nmx
Node 12: do32vsc hc0pxna jj99qoe s2nxm6l zd7fxne
Node 13: 0ina7i6
Node 14: 9aqa5el
Node 15: 9l7vxzy fandydm ksqzafb
Node 16: 5g2ltqj
Node 17: h8ty78p ocmw8y7 roh6h7y z4hnh3c
Node 18: 1oapnru 2zwg2op bcgzviy jg2d42d t8yxsjb
Node 19: 124rng3 oc7oysb
Node 20: 4k8vtt8 dra0k0c
Node 21: 5puqw3i
Node 22: 6t8hxif nlnxekh
Node 23: orgqi81
Node 24: mfnksfu
Node 25: o9q5z11
Node 26: shge7sf
Node 27: czie25m dtz6nrg
Node 28: plbqbqp
Node 29: 467gzxp ejwn535 lwjxl33
Node 30: 6cnpk93
Node 31: glo6jsx
Node 32: hnrtjpk iwgicem
Node 33: fz8ravo
Node 34: t6lvabq
Node 35: r2id46l
Node 36: ds19vdd
Node 37: vmb2etp
Node 38: 76o146e
Node 39: 0f5e80l 9hcx4jq fqb9tgy
Node 40: 202kp36
Node 41: uve9c33
Node 42: n6ar391 v3dh9ti
Node 43: 4qz1nbe s4ttyn5 sscf345
Node 44: bbcep4b
Node 45: ds1xutl
Node 46: x6m92om
Node 47: xgar0wr
Node 48: ygvzhpq
Node 49:
Node 50: ggt6p0q

Node 0: 8flwalv 90u3rxa djxqhut l7k38iq lig7kzg qsohm3o r10u9aw xato51c xkyppvx zwtz9v1
Node 1: 3lpo6l8 9mr52bs adcefwj b0jbdgu goef03l grcm5vi mv82tsg tsf7xiu uspxz7m w0kv8kx x39utpi x3k4ns1
Node 2: 19jal5h 7g5c6rx
Node 3: nian7k6
Node 4: 71u4bjy 9635nay
Node 5: em3outy evh4cfm
Node 6: 8a8jm98
Node 7: nqcylbe
Node 8: r81zxdo
Node 9: 9tbc5dp
Node 10: fw1pa6s qoqzroo
Node 11: 0w6fl78 5wer743 carhzvy ka2s4ao
Node 12: atv6g6i
Node 13: 1edpxie
Node 14: uyymwyl v5857bs
Node 15: jvtlksv ndfj6vf
Node 16: 6a0cd5n
Node 17: cx7hdwf
Node 18: 9nbr213 qm1qpjv thjag4b
Node 19: y09kqxn
Node 20: je0k4dk tzz5h04
Node 21: pqqvia5
Node 22: gpg068p
Node 23: b222fci
Node 24: lfdn7jt w22ki6l
Node 25: nbl0sb2
Node 26:
Node 27: rogwg0d
Node 28: flh81k0
Node 29: 8wn9j9w
Node 30: xsnkfg1

Node 0: 88o55zd c8qr284 gynl6mg shc9idn zyiylru
Node 1: aiioemb ov0cvz6 xop8fqv yss2i4o
Node 2: 81vffp7 e972ppz gfleb1x m8xm8t1
Node 3: fty2t6d j0covvw
Node 4: 2haqxzo bkf9a6f
Node 5: v44a32y xam3e8v ye6utvs
Node 6: fixcp4e
Node 7: 8b84ncv x1z1pb1
Node 8: vpq4gl7
Node 9: 5uiwl9g zhy0ksc
Node 10: 5cjmxki 77d6191 a60cbr9
Node 11: fxq6r2u
Node 12: 336pq41 b3ls00r lnphnf3 s2u70kr
Node 13: 7nb63pt 9l1flbo dqnpwvr
Node 14: djgbb51
Node 15: 6ds1yoq fcf1i6h w5x40bo
Node 16: akzmgz5
Node 17: 7vswez0
Node 18: 7ezwvs8 gn1ifoj
Node 19: ouzommr
Node 20: gh2ozps
Node 21: jsb19s5
Node 22: s5fmvf6
Node 23: 4s8i876
Node 24: y430hyc
Node 25: neb6vce
Node 26: 0r1c9j9

Node 0: xr07mbn
Node 1: 0umbd9s 0zq5rjd 587otzh cb54ogr cd7yfk8 eahvlqk lyt4y8s mf3m9ro qnd4e8r u4d1d4i yp7qz6c
Node 2: 8a77eoo povmhdz
Node 3: 010f0rr 6gk8ptd 925l3qi 9ilf7io 9mujfq5 cazryr5 iknucbg kjz0wa6 m8jp6nc nay7gx1 p2yk0i5 uvnm7t4 x234f33
Node 4: blm3u9z
Node 5: 3zrk2u4 6kx39ld 8z7cp1s dh290z5 divby0i j9vks6n jm25dzq m89r39i muqbc9i nliqnok s2k79ou talsb1z ugrf6od v0gqpro
Node 6: 4kfeahc m96svln qpyae7c
Node 7: bdwxopo tfmdjmy
Node 8: ah83k7z btyjwze
Node 9: 2pdy4bf 5v2k7fj 8wyy9a9 og4amae tnasg36
Node 10: 2mw8if4
Node 11: zmk0c3l
Node 12: mbj14bk n3m07un
Node 13: 4u24712 cly84p1 coqw9v4
Node 14: hmanla5
Node 15: dshe7we ysal344
Node 16: t1fl6o0
Node 17: 19x8kcw
Node 18: 8h42h29 aby011h x9y9x3o
Node 19: meki771 uprdfvu
Node 20: mkkst3z
Node 21: ah0lg6j q5qmggf xawq4w2
Node 22: s6s7vqe
Node 23: nehoomq wnv824z
Node 24: 3nrv2ss xsnluu1
Node 25: 8d69sul ri6ht4l t03doit
Node 26: t16y2u8
Node 27: ei1w9w2
Node 28: pe5lhdi
Node 29: ig9w81g
Node 30: qpuno55
Node 31: kuwxx19
Node 32: 8in01xl
Node 33: nn47k00
Node 34: 0383hnr
Node 35: 2qytnin
Node 36: yiid1dk
Node 37: yx2784h
Node 38: rkpphuh
Node 39: 7b0ja5s
Node 40: 8b6h313 wxa9q84
Node 41: jbnu14d
Node 42: xhxirdw
Node 43: 1ksxrl4
Node 44: ernn2of
Node 45: sohv5hi
Node 46: gbiff6g mbp1wku
Node 47: rmh7f95

Node 0: 8nlrj8f nola4im p833hqr vmvhjux
Node 1: 3bkhpof 629ydk1 8nn0mxn ocb69hw q9n2zeq qjmoxbr
Node 2: 7v32t19 kxhpvdc
Node 3: 5ldlhf6
Node 4: 6k4c9fr i3w8sg3 mpxs75b zjea5t5
Node 5: m8kbx7v ur4w5lk v120lzs wn6xpyv
Node 6: 957ovhc kqec4xl
Node 7: 62oc701
Node 8: qmv5i3k
Node 9: 2wtwcgu gugjm9n hfkdbkg ptpc74c tkv56rv u013k9s y91dz1c
Node 10: 0c5c470 0gc3fvb 6q85m2m j4sxsre vzmz4pw y90djl1
Node 11: 5bjcpfy vamvwm1
Node 12: 3eipsot adkjk0o
Node 13: 4z4cgog 7vjtzku
Node 14: a5m76uo ap9om50 cduenzl mmbctya vsmptgt
Node 15: 6pcnx3c
Node 16: xf2omz9
Node 17: 2bu5kuc
Node 18: c1knflk s5m3c1v
Node 19: pmijivt
Node 20: q2o3omf
Node 21: 0l5szfy
Node 22: 8cpunbj
Node 23: 32y2o00
Node 24: v2u54e5

Node 0: 2vkhkbf cmhqtwf cxxy469 dfqh3bm i3k9on3 mugpacj qwdlmc3 tihdulj wlg5aj9 wz3fei4 yq2klth
Node 1: t9wntns
Node 2: 8mjs4og bazal19 lz4ib4s qai3pwh
Node 3: 79fwdlc mitglpp o93wqxi xefi7h4
Node 4: 0p9zwah
Node 5: 2r1e41v
Node 6: kydgytf o6fwkv3 x8vx5t8
Node 7: 2yy7jfb geyqotb m2d0k7v snwd1fd x5daj1x xsf80n0 y7fmgco zpsqmd9
Node 8: tn86gya
Node 9: 8g3qhpj 8gpb7ay
Node 10: hw03xem
Node 11: 5g10315 lpy90f1
Node 12: hfkfjyb v68tjs5
Node 13: 4t96wzy y0ecius
Node 14: cbdrnnm szolvyc
Node 15: r5ywn66
Node 16: drhyoh8
Node 17: o262hrr
Node 18: fk0eux0
Node 19: vs0bfrs
Node 20: bu4661u
Node 21: v4s6jih
Node 22: dzazzuv
Node 23: obxr442
Node 24: vh4u09t
Node 25: qqzn59p
Node 26: 6whd1mf
Node 27: qtiq0g2
Node 28: onf2c4w
Node 29: zhik5m8
Node 30: xrxi1ht

Node 0: 1gamvpo 1paz60y 4vafl31 70aj5zx 7fb69ek 9hssmw8 9tg5by8 c182hjf dnyajwt ex4msew fitnrae gdqb463 hbcj0su iias7y0 jzxb3fd kuak2yc nam7p81 o5b4sq4 ok7qcky rnvxsm6 sc9s959 tnp8614 usce1x8 x7t90pi xnpyo1p xqytwij yftsf4c z480456 zymujbn
Node 1: 2c1scua 3o5j1gc 42oz7ku f21ebio pemollm
Node 2: y0j3obg
Node 3: 5ytr756 kfkhdtz sfs24e3 tel1cae xmgy0sc
Node 4: i1lqzg6
Node 5: 21cxsyv jxxzu61 p07oj7l
Node 6: by0rm5j fknxo88 ngxymlz ra8d9ki
Node 7: ewdvhlp tmnarkb wtubjhh
Node 8: swyplkl
Node 9: 4l7v1xd iyd3jet
Node 10: hfhcn77
Node 11: 8zcdath
Node 12: ghwiufz kyb2ay5 mkn7hfv
Node 13: 3qzwyon 9v7g6bg zmznij6
Node 14: 5cidjw9
Node 15: 0uzf3t1
Node 16: v7zmee6
Node 17: 14m1jpu edn4ctc o0ezh39
Node 18: 4gq295r hli4l1p
Node 19: o1r5xtp
Node 20: 2rynmjq
Node 21: 39bblvm a6ie5sm
Node 22: a4y00sl
Node 23: dpvxkok
Node 24: 6u5ngex ynatzo0
Node 25: rhlo24h
Node 26: sm55vxh
Node 27: dkqpu7a
Node 28: 78fvw48 irl1m1g jkgpq4j sov2e5z
Node 29: rdcetfm
Node 30: 1o7lv24
Node 31: 4fomb05
Node 32: 338o242
Node 33: rsk873n
Node 34: vscljuw
Node 35: t4xb3mt
Node 36: s5mepkb
Node 37: 6y9cvt4 6yst2uv
Node 38: of4iwm2
Node 39: kyqnzp7 sfruk4d
Node 40: 3iguguu
Node 41: iafslpy
Node 42: 7s5a6v8
Node 43: oa0v9rf
Node 44: fd3ehko
Node 45: 5t99c73 k373jfz
Node 46: rdxzlpk
Node 47: 1lm85yj
Node 48: 2s7c4l0
Node 49: ft4mi95 wzod0d0
Node 50: ro6ukv6
Node 51: lbug5kt
Node 52: 5yme7q7
Node 53: 1gqj7vu

Node 0: 22rksxf vk5lzu0
Node 1: flxjpxh
Node 2: krsibt1 qxaat3g rrnf29u sc4q1cb
Node 3: bdsj9w0
Node 4: thzw4g9
Node 5: s03ysek s3de21y
Node 6: 6tk7ivp
Node 7: nefihk5
Node 8: cpov0uz
Node 9: c15ldpy
Node 10: oc6ucji
Node 11: ja1qeht
Node 12: 9pchcsr
Node 13: 08lwpkp

Node 0: 4s4zw6h
Node 1: bu034vi ieedsko ris7gxd tn5eemh ukho4i3 vn5il33
Node 2: 4wdlhlc 7kcqhrc i16d3kz kcczoyx pyv1esb
Node 3: p43q12r
Node 4: hia4x2f
Node 5: 9w2lb7h w13gl1a
Node 6: yjpz0gg
Node 7: 3213p97
Node 8: 4mhj958
Node 9: 11dxf2a
Node 10: d4ky40r
Node 11: 72ifhuf 9odii8a dd3at71 gob14ie imhdt0r pgd6naq
Node 12: 19982sq
Node 13: wvxcqay
Node 14: 33kjf5n 7l89nvt ck1efz7
Node 15: l4v6nim
Node 16: irt08ly
Node 17: r9mfmq1
Node 18: 4bkcmr9
Node 19: 96mufuz
Node 20: 1g43uio 69lxjtb eijagna teihiek ux0lbmt
Node 21: wz98tk5
Node 22: yd0g5eq
Node 23: 7gwrlxk kdy8ic4
Node 24: mcw0shi uggoxhp
Node 25: kxuwxnn
Node 26: f4am7yb
Node 27: 071gml2 0dc9u6w 3td3v77 areo10t
Node 28: d2yvtdr ku1lu8a
Node 29: uuw4k8h
Node 30: on9csrv
Node 31: u82hi6z
Node 32: yv1pwyh
Node 33: 2rbeblg q27m67o
Node 34: 41hkn50
Node 35: 3y3ylyo 4bbtwxz uv2qzxo
Node 36: 7de08cv ajckoqn fwh9ywf
Node 37: ucnbehw xb4e2i1
Node 38: d2nguku
Node 39: 29f89sf
Node 40: xc7d9nf
Node 41: nmz7kog
Node 42: tm7cywv
Node 43: qxvtjzi
Node 44: jne5k81
Node 45: bacoi4c
Node 46: czeesrp
Node 47: ajjy7s1
Node 48: 1q9zxvq
Node 49: xmetxd1
Node 50: yrs6a3q
Node 51: my56bqe
Node 52: ovv6dgh

Node 0: 5hp5uvq 5yexrsm rzppc8n
Node 1: vd5owbo
Node 2: 0zcg64p
Node 3: bes2a8e
Node 4: i310gzt x7wwv5k
Node 5: j5cjxrq
Node 6: ajrx7yq

Node 0: 8xnpm59
Node 1: 3yg9750
Node 2: dx19mty
Node 3: 1yjk25p 6nay5h9 dir7yzr l4g6nqs zexrg0r zwdtfl1
Node 4: 1p3lshm v2anrw4
Node 5: 769izhp bce2htw gj53lp8 may4qho ra1nik5 ru2ufge str5wo6 t81n0sm tbi5p41 unijjjx yhz6j8d zd4jjp4
Node 6: 2nwmk12
Node 7: 7unqswa
Node 8: 3avyd1t kdc80om ssksloc uj4mxrq
Node 9: 5tgzvyw 95q35ot ex6zeet llio8kp q6ohruz rsioug4 syrndl7 tgy09iz yajrw9v
Node 10: b13nkg9 yorygl0
Node 11: myzm1yr ny6zc9k xiumvuo
Node 12: 1p6hng9 83zrkp8 8h0vpsi g0fevi3 kfqhn6e
Node 13: 4u22o7h
Node 14: d405mw2 sb8y1pi uukm7pu
Node 15: mgwpfcu
Node 16: 0ycd59p l9uvovb zzwzspg
Node 17: fodhr13 xqntmyc
Node 18: 388a3oe
Node 19: xbj25ir
Node 20: wvd5zjl
Node 21: gkvmjec tph2hk2
Node 22: dl0tean
Node 23: 3f87k8z l8t9txc
Node 24: fay7392
Node 25: 3c57hdr cwq6zf2 itw878h k43x373 kdl0bn7 l5kp18m
Node 26: rz6cz5z
Node 27: 15oidut
Node 28: 973o3gv
Node 29: vuagig7
Node 30: eeib97b
Node 31: x7zraab
Node 32: b8dcabw
Node 33: btx4owo
Node 34: wpz7gay
Node 35: qbrns2p
Node 36: qs6rziz y20mxy9
Node 37: nbbfzg6 pf5ihyk
Node 38: gifjzie
Node 39: hob2mq7
Node 40: xpx5p1t

Node 0: 5rtn5h3 amm9o4l ho7fagw in17cd7 phi86gm q9872k7 uy76a72 xp15gmi
Node 1: 7yvmt7v
Node 2: hetyl16 lza8k63 oxn8upe ycywv7x
Node 3: 2c9jro8
Node 4: sb3svto
Node 5: 6oji1cp kt1ett9
Node 6: roolkar
Node 7: 6h3x088 9tblgqd
Node 8: 3oqukve
Node 9: 965w32d
Node 10: xo7q7fb
Node 11: 29592cu xyl737e zcw47oe
Node 12: cqyqx9x iiihige
Node 13: 0i3ro1t 9ga9omc 9n11v1k chibbxo ikxl9y3 lwlxk4f qz2edaf
Node 14: 2gofxzc
Node 15: 1ykx1cy 8w1glxo lz9b1ic
Node 16: 4fv5m6a
Node 17: 46hl4zp 8jm81sc lhpa3qz m25vq97 mrc4ewk
Node 18: f8fqvf0 w277tse
Node 19: 8qdwhlz sv92gji
Node 20: r3y5ysi
Node 21: ld2fvq0
Node 22: hxuus7b
Node 23: 4ld3m96 lymh11o
Node 24: vwtu4il
Node 25: 0wmhn5d
Node 26: aa3fds5 b1z7xq9
Node 27: oovvccw
Node 28: 6uydysy
Node 29: i2px2gw uaounnw
Node 30: apup4fh
Node 31: mpein3s
Node 32: 48r8rml
Node 33: kn05l4e p5h41up
Node 34: apxu6dr
Node 35: scoog7s
Node 36: 59zugvc
Node 37: tngupoc
Node 38: 9oqj8c2
Node 39: ze6yvm3
Node 40: p4k70t8
Node 41: s5ygfdi
Node 42: dh4bwvp qyzrlv5
Node 43: rn11z7g
Node 44: l7lrix2
Node 45: wud3jzp
Node 46: msqn557
Node 47: n06n8hy

Node 0:
Node 1: 1rqrlop
Node 2: tgp6p0m
Node 3: 4kuzbsn 65dnhfu ggr833b igr1sii juwx9g2 jwwktgh n8f20a0 q1minyr u0xma75 v4sqlkd vl96bw0 vlgro65 xaa6gyo yqm7o9p
Node 4: 6ctlleq
Node 5: r3id5x3
Node 6: w1p38sc
Node 7: ej5v1tr
Node 8: zijj5fd
Node 9: icp3b0t
Node 10: ldndruz y3yk9or
Node 11: o0cys47
Node 12: alnq72r
Node 13: pvo9316 rryyw4s
Node 14: 5nvtmso vcgr301
Node 15: 0dc4cg7
Node 16: lb2gsvv

Node 0: 36w7vgg 3fln228 8majcgt fr54ttx mwgzpjz
Node 1: zmgmq1l
Node 2: ps83101
Node 3: 0350teu 11rfxoq 14j2fan 8zc6277 ad27aa7 hmtu7tn j5soled qx2xlkm vk2qg8w
Node 4: gscfyc8 lc65f5i w9148jt
Node 5:
Node 6: 5w3j75p tht6ymr
Node 7: of7ts3f
Node 8: pjuny3g ts8mmyh
Node 9: ut1ycmz
Node 10: c4f8cbt
Node 11: bx28tiq
Node 12: y35lis2
Node 13: rcpo6oy

Node 0: 2v8x2tf bkkj5hg khuwd73 wyty5mo
Node 1: kxf56zx
Node 2: f3zbkpr y9m5c1r
Node 3: 48rjooc 83elx3e i94vijz iruf7bf sbc50dl wcihx7q wj0w3bb
Node 4: 3sojfdr 4zuhk1s wd5qcn6 x9yuwlu
Node 5: 2vtug7c eu547ef fbn8og7 h1ixhvf oauybds xutqyqx yn3aq3o
Node 6: 0q6uuz3
Node 7: qa9nqnj
Node 8: 4i39uxe qrvrvyl u24yq8c u7l6iyh u7vd6ku
Node 9: f9jkofv pdbtyus y67o973
Node 10: 8jcqmwg
Node 11: ptyxxb6
Node 12: i13evev
Node 13: 3wwk5lk tc6vgp0
Node 14: 7emzfbr
Node 15: yc3lo8u
Node 16: bchs1eo l5wagdx unydnsf zawso0s
Node 17: gopn1zv krc5bis
Node 18: f2m68du
Node 19: i5imo29
Node 20: hsl2kmf uipsp0t
Node 21: eweyc8x oqlcpgq
Node 22: d9vffdi
Node 23: tw1b7w3
Node 24: 9tvohtu
Node 25: mt8bir4 xhrjcjs
Node 26: 2f6a9lv f4apaz4
Node 27: 6it6fua jbecjne lyswsc8 qjh3j7k qt7prds
Node 28: 789onhx eiq03lh f8er68u lp9zawa
Node 29: c2nmt0d ex7cnll p0b6evu
Node 30: 6q1jmi3
Node 31: bza3w60
Node 32: i26ihu2 n3u2psj
Node 33: hf607om
Node 34: n1hlak1
Node 35: rtktfo6
Node 36: brysvit
Node 37: 3eto37k 8u7haiz rttrs14
Node 38: 9dxfl7q b7qgebh cvunwhf qz33ki5 vjute2n
Node 39: qu84inw ttz8zsa
Node 40: gikmn35
Node 41: gvn3p8s mo62bpt
Node 42: 3nvgis0
Node 43: barsg1j gcgxt1d
Node 44: u96tmhz
Node 45: 74ynio5
Node 46: 7xeyzxu
Node 47: 035zfzo
Node 48: wo52gt9
Node 49: 4g80yv0
Node 50: 6yx036b
Node 51: jc39c4o
Node 52: yq65v7m
Node 53: oj2i690

Node 0: 34hh7de cr5pj68 npebuyn tokf67w xsxzpuw
Node 1: 9wydo41 b9pb2wa c303bst ceit4nw xsbwvke
Node 2: 6tonxso
Node 3: cczxhxe
Node 4: yerar00 z9nwihg
Node 5: m21d3ci mqz1jde
Node 6: yijjmaz
Node 7: hvxeweg n9sbti2 prgxust
Node 8: 07dlepf 6gmgre7 sxy6q75
Node 9: dhtueti syy77cw
Node 10: 83qkxcy c502h3c dweyivl ir2h045 ln1sv1q rnoqgzt uulzbor voozccy z2fwgj9 zztb6zw
Node 11: 5eaekvr mn1m564 pti6x1b
Node 12: ocwmcrj xrygu1r
Node 13: 0hvnny8 376auf3 efmr7w7 ohu8g7t
Node 14: 2jzm79w bw3k60r rul2ld5 vyjpqnx
Node 15: i0yx4a9
Node 16: b0yo25n qe5qwy2 rohthf4 syvl6xh wdmpu0i
Node 17: hjijpfn
Node 18: 8c3c43u
Node 19: oveg3hw qnib88t s2mi3qo xqhaiuc
Node 20: fbrnsce
Node 21: s90ii2u
Node 22: j21p2cl
Node 23: 3t0347q o4kz446
Node 24: 1gpa8kb
Node 25: 253d705 390kia5 u999yaa
Node 26: f0ywcwm y3qqn4t
Node 27: p00cmp5
Node 28: 3ldkx1q d2j7yej
Node 29: bdt8nj9
Node 30: gb4az29 x5eaabi
Node 31: o1w7j4r s00r11y x1l4amk
Node 32: 7xt3zzw
Node 33: rtqt2dl
Node 34: gx6tq51
Node 35: c0gt4x4
Node 36: b7495t4
Node 37: h5kzs9e
Node 38: 35ez7sh diao7sm zcc3cwh
Node 39: lw03zqw
Node 40: ydk4508
Node 41: cevwzid wvzpysi
Node 42: qxefsu7
Node 43: u9k97h2
Node 44: vq44tx6
Node 45: ju8bptr sn8j3xi
Node 46: j7muiuz
Node 47: 1a8wspu
Node 48: epd12eg
Node 49: darxqyz
Node 50: mwgxcn9
Node 51: k81z3ny
Node 52: mc7qs23
Node 53: bmrcb9o
Node 54: elvj5xo iohbpfb
Node 55: ehwro7c
Node 56: 6onntuz g0t1peo
Node 57: 3wzv56i
Node 58: 6qcn7j7
Node 59: amnu4dl
Node 60: 8e9niax
Node 61: hyz2261
Node 62: xbvfe1o

Node 0: drtvx6d kh9mn1h rws5xqi scif5yk u6fpx9r
Node 1: tglgpn5
Node 2: 0wrns71 4ereywq 7l2dj49 gc8aos1 h1bp5nn wh2qw0e
Node 3: khrq3kt
Node 4: ey8kqi5
Node 5: 2c3n564 fjcd73p
Node 6: 4qak1nc 86meimo fxoi0r9 jgx7i0n ybn90jg
Node 7: 2ej0i2t hd5ecyj wksz5a4
Node 8: 0h9os3e
Node 9: jn39j9j
Node 10: k6jnqom ljli9vw
Node 11: fipvznj
Node 12: yisqfde
Node 13: 974voog fn2n2ne
Node 14: 8bklufn
Node 15: 08dx5tv m6ltd95
Node 16: r98qwzo
Node 17: t0zifbx
Node 18: 9gyxrt6
Node 19: fkmt9hl jd6xu5o pod296e
Node 20: 8wsb3ok
Node 21: wy5x781
Node 22: zi1c386

Node 0: 3fwvrqz 3yt31p6 4z6ku8d 5neo0pa 7js4y38 bfm6929 do6eszw enx9o2z g0cheni gaamve9 gnlx0cy h9d7zsf hlksub2 kkblnls littpa0 ngcmv4c niajppl oguhwmn qwujcfa r4wjg7s sg4hn8l sp5calq
Node 1: q22ockx wpja71z
Node 2: 1fw03zz 3srwulx xnuykv2
Node 3: 6lpyunp o1tco8g
Node 4: 6jo3ccy j9jc5fh
Node 5: 4plx27f
Node 6: 8nr6cx2 krsef7n
Node 7: ki1vno2
Node 8: vuu4xzu
Node 9: jg0id8r
Node 10: jk8ths6
Node 11: k778hvz
Node 12: kxkskca
Node 13: 91gp3c2
Node 14: b1uoj65 ttrrxui vf8vq1e
Node 15: f77wxjo hwjdnzn nw8898b
Node 16: fh1kzst q3zsdw0 v02apr1
Node 17: e9qb5tb
Node 18: 4eoamqm ssi3289
Node 19: qofvrgi
Node 20: dj3i8zu rw7fhd9 uj2b1id
Node 21: uiy8um3
Node 22: b8yfo3j
Node 23: 7p98bw0 q1kllbf
Node 24: 313y2sm 5pro9cb 8yons0b fy012xn
Node 25: syge4v7
Node 26: 5fn99uw
Node 27: yllod6w
Node 28: l2apmrg
Node 29: exjxwp6
Node 30: yynvlaj
Node 31: q7121wb
Node 32: 0e15aoq
Node 33: 4i37suq
Node 34: qoqx97s
Node 35: 5konuyq
Node 36: rv1hvvu
Node 37: aw0608u
Node 38: bdgqpwb
Node 39: djhhaaq
Node 40: 144hk1l
Node 41: romzozg
Node 42: 5yoii48 fpaxor0
Node 43: lu9mk2m

Node 0: 1yxnf83
Node 1: i9arvtg
Node 2: xtdifzn
Node 3: kp117ua
Node 4: nmxxa4s
Node 5: fyf7tt0 ns3ues6
Node 6: 8zzqmpj
Node 7: 02mm5n0 1dxj4hh 8c7g7fd ar5cww2 ckc92mz d78t1uz kb50bbh lfta24n o2ei1k5 pgqh2uh x0yydsk
Node 8: 9ycvofr
Node 9: 5afcrlx cwlzzkx
Node 10: z3v1ibb
Node 11: wihl461
Node 12: glkab52 uadrf1t
Node 13: ituc0pc
Node 14: gq26ou9
Node 15: 10q8o0c 312fnzd gdrtm1s
Node 16: k91occn
Node 17: 0wvz7ek du4mml1 v5jv3k9
Node 18: bu3vkns sg43dqs
Node 19: 3yc282p 8lva9xa 9ad6u72 bdzffsa f51mn9o t9m5ca4 xj7iaol
Node 20: o2nnkbq
Node 21: sdxfh6h
Node 22: 0d8ny1r 360cw8m a7cipe0
Node 23: 6mjh8lp op10ktz
Node 24: vwrxr8c
Node 25: kxp5hae
Node 26: 1b3bi3h
Node 27: ratjvjl xd0921t
Node 28: mjez4s4
Node 29: e9vt4vi
Node 30: ki3yvyh
Node 31: 4hloul7
Node 32: ak5a3hv
Node 33: ehztuqv
Node 34: s8grhuf
Node 35: t0ldol0
Node 36: 8hgkeiv
Node 37: iw5342e
Node 38: fsdjug2
Node 39: wsr8ans
Node 40: 4b7diga
Node 41: 2hln165
Node 42: driu1ys
Node 43: 8kmg6zb
Node 44: cjj5fh7

Node 0: apemabs bdij1ll bj08bmf eyhvzms wxi82af
Node 1: 2e830z9 2luaihk 3v1vkue 6h9kh7t 6ic4qp8 bv0x2no f5pndhe w4mbo5x yf9z2cu zjtmtjj zubihu7
Node 2: c47eor4 d3se6ga zlwihuy
Node 3: cscgksz
Node 4: 2b8i6ju 8q5tuo2 e3byu2j pmk5ztu x5om03q
Node 5: g2tqo1w l8uz6bl qz0gk36 so9911k
Node 6: 35anmvy 4gli0fw 8kkn8a9 xzt4rnp
Node 7: g26rm57 k3q80av
Node 8: max7gcf
Node 9: g9rn2pj m2cn1qi zfj8vyr
Node 10: diy5m3f p1f032z xy2kfv9
Node 11: u1uy73r
Node 12: d4rkcmo
Node 13: 4vjjggm
Node 14: y5v62db
Node 15: gf9jxoz
Node 16: jnq9fjf
Node 17: edu2fg2
Node 18: h9nv6he
Node 19: 2ng71cg
Node 20: 9oaq2wx

Node 0: 16nhjp0 2akqj6d 4qr7hw0 5qyuxeb c0tomd7 f2m7kij fu50dr5 fwdworq grhmdgh ke92inx p1nynmd sfzaitx u4kzq1s x1vfc6s
Node 1: 1mkpour 8zdbr07 be6mizo d5x8ywq dveuaq1 isr16ox izjrxom w6el5mb zy5buln
Node 2: 3hzf8u6 htb9jf8
Node 3: 5rj2n3o qewgiat yq4te0t
Node 4: d1p32l5 ld8g45e
Node 5: 1mb2fjz ihro1rj k66xk7y la5sesi nt1hlbq
Node 6: v4wct03
Node 7: ke86tha tt69gt0
Node 8: x966gh0
Node 9: 3skabor vqqi5q0
Node 10: t2ftvzo
Node 11: i3g0kgq z22uh57
Node 12: dkbikt4
Node 13: lmdmcm8
Node 14: vmtxsnj xobtgop
Node 15: e3k0mm0 odcc4k3
Node 16: 05qt9w6 2l7kkja
Node 17:
Node 18: t2t6qsk
Node 19: 0ewulvo zjqbfj1
Node 20: bjpl540
Node 21: gj5v20l
Node 22: 97f3ruh
Node 23: 4w6idn4
Node 24: pjgm3cf
Node 25: 2ohnb24
Node 26: 2x0hbpc
Node 27: 6do3cbx
Node 28: 4jdiubu
Node 29: heytxx0 nkmbjso
Node 30: iabt7jc
Node 31: 5txgk7e
Node 32: cep8dct
Node 33: b40gt9s
Node 34: 1x9oms8 89a5sta
Node 35: qy2zch6
Node 36: 5jwman0
Node 37: i96nw7z
Node 38: q61lp1p
Node 39: 3pxlzio yq85scc
Node 40: 6uh8tif iat599n
Node 41: zqapjzl
Node 42: 6tffme5
Node 43: c64m3do
Node 44: bvbs5jo
Node 45: 2jpiom3
Node 46: j3g5rae

Node 0: 22l62fy 4qadhj1 5k0hg29 6uh2wpt c3n44vq iqgpnpn kumhpza mlxszky p5znfvw
Node 1: bab3lwl gd61gjc kwt1tll
Node 2: huihsxx k8mc6fw
Node 3: edrmsqp qhvepu0 r0bluhx tier7nt wjzgq7p x0u57rx
Node 4: fjq0xpi ianpixe
Node 5: ava5csv ffs06cf o7g8zbl
Node 6: 2itb90m 4aegde5 4eh5jvr lv5d06m
Node 7: jfkczwe xzoafv8
Node 8: zglzqo3
Node 9: 3vk7m9t 5yka4q6 74ts4ix 88l753g ah4tk7v cx0dzp9 hmp6kin jn9iegv mm22h03
Node 10: d982lqf
Node 11: hqf05nu qpb3epg tbhd6ok
Node 12: r882pod
Node 13: 9p38p8w
Node 14: 8jfn68j bwjrgot gmmttgy
Node 15: 1vm6dpe 9bn39s6
Node 16: l2kmtrz pjg5igd
Node 17: 2ykek8w mkg6860 zlenkqu
Node 18: ecyph0u xvzff7q
Node 19: 28w9isy k3iyaea ltwax2e nbgs6vc yybsywd
Node 20: 0zoj1sn qe8o622
Node 21: l9hwfib n003emt
Node 22: 8aw4yqu 9jwwb4i
Node 23: 4ixeu5u juu0yri
Node 24: yg1im9t
Node 25: iv2rkfl r6ik6ra
Node 26: 6s1jw3w qv0zyyr
Node 27: pjz7bpc
Node 28: dyu6hl7
Node 29: lzpej4q
Node 30: 3rmhibe 75j2mfd qd0vgxj
Node 31: wx9mfro
Node 32: 2sbnycr
Node 33: 6tzl65j sriqri4
Node 34: s40vhj2
Node 35: n8fyotw
Node 36: yo2375c
Node 37: cbht8qj
Node 38: 2vv01om widdwl3 xno3ntl
Node 39:
Node 40: 1xj8ccf uurzu0b
Node 41: el58c9n
Node 42: jp3v1tf
Node 43: 5icxxpq xgf0ezt
Node 44: 0j8qewp
Node 45: 6zqdj3p
Node 46: 4tgw8bd
Node 47: 90cfubq
Node 48: x1ntzrk
Node 49: llze4je rnzblp2
Node 50: h6oawc0
Node 51: qgrci3y

Node 0: ah8xlcx hjvay3n qlvompv qs8pbuw rah3gnz ue8e7gr
Node 1: 0d16qpe 3q2oosy
Node 2: ncucj0q
Node 3: d5wlgpt
Node 4: 03zljx0 26wi9vo 5ixk29n 5k7iuoo 7xmmovq elel7hu qm7q8n4 yl25rss
Node 5: cprxamn qo0fygq
Node 6: 1nd3fdc s74yto9 sjaid33
Node 7: deoow99 hqe1fad
Node 8: 0cig3j5 crdvzhh f7szqpx fg4wrie icdp56e qitg6hn v4mjgep
Node 9: jf0pjks qbboico ybxdkzq yy1slcg
Node 10: b3psg9j j5eqxn1 m0rpylm qdaym0j xfallos xykve2g
Node 11: swnszx9
Node 12: 7up4ssm fd7xkn0 yx4b828
Node 13: a6qcnwo xll8lp9
Node 14: xgk9voo
Node 15: csbd3u3 g01t57n
Node 16: fix3bef rlvsfuz
Node 17: a44eg05 rgjr5p7
Node 18: 5j3jwj5
Node 19: 15kbaw5 e3rqlv4
Node 20: fnjd8w9
Node 21: vz1oom5 xp30ryh yk8nyky
Node 22: 6665i8j
Node 23: 6y8balx 99w6o1j
Node 24: e4tznqr t9v9udy
Node 25: 7ka3wrk
Node 26: 2qmc3v3
Node 27: dsgfhg4
Node 28: jph0t9b
Node 29: pxjfxie
Node 30: 3s0h0p8
Node 31: 6x5piv7
Node 32: iscbd6j
Node 33: 7rapwzo
Node 34: d4kgp00 mzjujhp
Node 35: z1s54qa
Node 36: uq191sp
Node 37: dckbo75 itqhm5f
Node 38: sa6lyjr
Node 39: jvmhacc
Node 40: eqf2upf
Node 41: a9ze9ox
Node 42: s93d7z9
Node 43: 0f1b8xo
Node 44: avkxzw9
Node 45: 11ovkle
