Node 0: ctwara3
Node 1: 3y81ue3 5mppp5j 8jc6mrx a5z7mrb d9ghv0h dn59va8 euctcu1 ovsddsa qba8ucy s6hpp91 t33rr4o xsvkdzy
Node 2: cllhiec dfg9ki2 dxxmwd1 jpqh5s1 jynuws5 lyqjut7 oclx8r8 p87eu2g voc1vpz x4mrdzk zi0wodi
Node 3: 6y9dnl4 zf7cxo3
Node 4: ogt2moo
Node 5: k9nznvl
Node 6: a7bznti xr3ps3r
Node 7: 35u7phz 4abugof c3556wt mzd8os1 tlizf4d
Node 8: 8sm2rq2 apdcrsp k48ddix
Node 9: k9wllxy
Node 10: 91hhu2s
Node 11: 8qfp68c
Node 12: 66pmchh
Node 13: iclsoqt ietahym mrqd0lg rff1yoh
Node 14: 8iqxgbj bdkever n97okab
Node 15: 60f1qwh
Node 16: td7k7f4
Node 17: 0tcobd4 2g4x4oq
Node 18: tsec074 ujivqcb
Node 19: 53jxim2 9c4m2rj
Node 20: 5595jwh m4ky6dz
Node 21: bcun3iu
Node 22: zoxk9ji
Node 23: tqa2d5f
Node 24: 496gn26 spfc8fv
Node 25: 9ovcnxz f1wyyuo ito01b5
Node 26: 9urwppd
Node 27: 5qt9kk2 9pyw9wo
Node 28: odrqnw6
Node 29: vg5sbz0 vovetj6
Node 30: o7imr06
Node 31: 3ixogn7 jkklf7z
Node 32: 1wmvdm6 l2c7ku4 llu4en1 q8ocgnn
Node 33: h176q6x xh38c02
Node 34: hwj5tlo
Node 35: jyakn0r
Node 36: jtf01a9
Node 37: kdnehz8
Node 38: hklk84v
Node 39: byin98c
Node 40: dxv49ti
Node 41: odkygo1
Node 42: a6io1oa ex6g1sf k0kjgwy
Node 43: cp9xpbh hjpra9l
Node 44: 51i908j
Node 45: 4xaqij0
Node 46: 164oiv5
Node 47: r78n5jo rtmndev
Node 48: ek597w1
Node 49: ws09whj
Node 50: te838a5
Node 51: fn7rvug oszu5fc
Node 52: hkbhfed
Node 53: fiwbhfq
Node 54: ykjru9o
Node 55: uu3nt3b
Node 56: 8dfu317
Node 57: p7v7b20
Node 58: a0dkzcj

Node 0: 0r4rm9p 1fb1t3b 3hvzxqb 8yriq00 ab7w8t2 bza1u2d cp7oq0k dc2g4zp e4y3p3t gpwwho1 gypjt9z h48no8d i0nsmdg i1fdqas iaruo69 iroj8gv noo8ijg o7iw30v oqyu2fn r4pqx0s sutx0nw z44w7g3 zdrflie
Node 1: mnb2t0q
Node 2: 18iz3f2 95cb276 x7nc9y4 xbnqm64
Node 3: 4ja7pqd fydpgiv hjab8wp j58qlh0 xyapjx2
Node 4: hen1tgm
Node 5: npf3hp8
Node 6: kdilzwv
Node 7: 18o4lrh 2tt1opv 3atrfk3 6kbuu6f com2hlx cxaspoo fe5oo5y h7szcgu j7wqypk k28tyyd lfbf6wn lrjcybx mr35oll mwggh7p n34fx00 nn583jx r2u0mvs rxm0m63 tej47ct wx16z3h zl769v5
Node 8: f5msd1n
Node 9: n7gdv10
Node 10: eexa77p
Node 11: 2a8bj5b k9arluc lqq4cz5
Node 12: frtjce1 of555ju vjwbhn9
Node 13: 1vdl2jr fa76iop
Node 14: evumbr8
Node 15: 3dj1zxn b5420zt v3c18ui
Node 16: o3jcesg
Node 17: 3yq09j3
Node 18: z5czfhu
Node 19: 1hr25bj h6iz1bu lxho826 un7wwq2
Node 20: boke1ic
Node 21: 22xnltp
Node 22: pfajle8
Node 23: iob8kl3
Node 24: zi6eamt
Node 25: 59fh09b
Node 26: r4fi9lr
Node 27: 0uqcpe0
Node 28: az4z0zx lp4v2jt
Node 29: 2kbaz7n ocux027 qy50cal
Node 30: wokg5cz
Node 31: ltlfo5c
Node 32: 4nhx79t hdv7te4 iethexu w7yv31l
Node 33: 3tpgozw
Node 34: 54t5s95
Node 35: 0nt3k42 vbmn10b wmmw852
Node 36: nkyyzop
Node 37: gd2qjm7 lnuv1kz
Node 38: lrxsgo6
Node 39: e8yzjqs yuk8mpo
Node 40: aomh6mx
Node 41: gz24k3x
Node 42: bul58sh
Node 43: 6kv356e qwidav7
Node 44: njvfos8
Node 45: nnjoqqy
Node 46: 8t6lwzc
Node 47: mzw9qug
Node 48: jivcpui
Node 49: tjvsv44
Node 50: ypw2kh4
Node 51: b628p5q
Node 52: i2j2rvt
Node 53: yhlw83x
Node 54: 17lpcek

Node 0: wih12yr xjdhm4e
Node 1: us9zona
Node 2: 4nzph5b 5d181yb 69ltpbd ih369x4 jxde2co kaepcmn l8o8ykq n0plotx tmjmqzo ud70ccj vzpfb4b
Node 3: 1nkurkg 9hmht8y efzfxu9 lc6r69i nuhusok u3p1blk
Node 4: ikfhgi2
Node 5: neq29g1 y1q8cu9 yabglwb yy86dne
Node 6: 24ifaty
Node 7: 3tpt82y gbsvykh mffj7yd ozn9xyn w64qntq zpzva8b
Node 8: c9b5b52
Node 9: 06cw7mg epydtbi n47xl1f pjtdm0y y6w9q46
Node 10: 2eg4elb dhxclan hjlzwli uesy11m
Node 11: z9xexij
Node 12: mbn91e4 vo033ny
Node 13: nn0dptu
Node 14: ceqrg1x tnczkid
Node 15: vgn73bt
Node 16: aib4mn1
Node 17: jqrflof js3jzp8 psc45f9 rcmn6ne
Node 18: 86v2pyz
Node 19: 7e71dxv wxguzgv
Node 20: 1us97ee el5nogd
Node 21: dpbmq4y
Node 22: yziai81
Node 23: rhqrz0m
Node 24: woat4wq
Node 25: fmh2i3g jkf4up2
Node 26: 4izy0q0
Node 27: emztyc0
Node 28: mul2gg2
Node 29: 00zynti u081wwc z8s5oak
Node 30: ecasuda
Node 31: nio97b0
Node 32: 464eoxu
Node 33: 67iqqv5
Node 34: cmfofpi
Node 35: mogr3r2
Node 36: 0gx3n5o

Node 0: 461ynpj
Node 1: jmf7pwp
Node 2: 3mc6e3v 588xw5k 8wabixr asb3hj1 mzrtz8v pvzdw9b
Node 3: 14uddlo 1wen7rj avrgkln bdl68ih d72qbwv jeemyor kzojgl6 lb6mqce n32tahv tjhb04x vt00xd7 zurt1q5
Node 4: 1eldn3v 4bomz87 ktj6sxw o7e63j0 qnt2xg0
Node 5: 9pz12jy
Node 6: 4uyvej0 8ityyrd bok8tuv c9waepn tw3mku0
Node 7: 3x1qsfl
Node 8: 80t51xk
Node 9: r1wst8y
Node 10: ca3skpu
Node 11: 8skih7e
Node 12: qnhxsl9
Node 13: n5ipcph
Node 14: 8hptvne iq9p1h5 l2mml2z mu0uk85
Node 15: ko1kes3 zlui86p
Node 16: lyek19l
Node 17: hanca3g
Node 18: 92jyv69
Node 19: 9u5nte4 tj76joz
Node 20: 3w1m6m9 dgvia26 e7vd5dq x54bi62
Node 21: 6vedh33 9995uie msfvyz6 z7kwcqb
Node 22: kmbck7m
Node 23: 1xnztue 37i9nso o3keeu8 quxmh1d
Node 24: 4ot339r
Node 25: yvgt50d
Node 26: g2s3qzh
Node 27: gi9hnbd
Node 28: wwgz1uo
Node 29: 8xl8k29 cf70kfr
Node 30: xgjxz0z
Node 31: 4ip2qav es306pa
Node 32: 17ft9q3 bo60zla hel9h85 ohghsj5 v8p3utv w4pei1r
Node 33: 5cwlnym 6of5cz8 7e3oiyo
Node 34: wtowrln
Node 35: ngfylz9
Node 36: s9keb3k
Node 37: b32rrmj
Node 38: 2jjl66r
Node 39: l04rir7
Node 40: cfq1uzx
Node 41: 2cjqrtc
Node 42: g9e3bkj
Node 43: 88c6nb0
Node 44: s1ebayp
Node 45: 0x0l5on
Node 46: mk9frnw
Node 47: e0hr1n6
Node 48: pnz8jah

Node 0: 7kwlzoj oar1zq7 szcugut xwxs1t6
Node 1: htxffa2 sv45m3m
Node 2: utqrbtb
Node 3: 07ptu6i sb1bbli vsi95dd
Node 4: 1d1qcgl
Node 5: efw5gez
Node 6: opd6pst
Node 7: ftjauus j5vpbd8
Node 8: qob2fxe
Node 9: s5hdlij

Node 0: 27dz0z1
Node 1: 32wml30 666huhl 7tc0rma 90qe2ai a4bwnuu egx90dh glomnty k5iklpb mjqpuku r8mxc03 rgda1is v49x8hm whx5exz zm90ng6
Node 2: 7auqcj4 rc5ru42
Node 3: on8aj0v
Node 4: gcdp7cq poapjc7
Node 5: nnfxohi okasxjv
Node 6: oy5y5tr u4zt3pe
Node 7: jf96dg4
Node 8: p8tocvr
Node 9: eikbnbv ggvf9ra lvlxfo1 pen7sni s8htpnr
Node 10: pz2zjyr x8vsg0t
Node 11: 5u0m4ob bjlqo9b ck7q83u g2ewmxh
Node 12: 8iarslt
Node 13: ktdgfj6
Node 14: c9zttyq poa8992 s21b1gg
Node 15: 6xewvni j73ognv
Node 16: z9zpnn8
Node 17: 8l8swr9
Node 18: 464zn3u
Node 19: 9mzz6ql fneao4k nr2aequ zh7evoq
Node 20: 7ihm12q
Node 21: brncjrl g8yj1c1 klw43kx y7zmxwx za6injc
Node 22: 3l6crfc
Node 23: u7jkqwi
Node 24: 3fjfeoh
Node 25: j24l56m
Node 26: 14nbsry
Node 27: 8ecafaf
Node 28: n9rmse0
Node 29: eiyp277 ib6kzqp
Node 30: 32my6q2 iafl1qk p7bkfyd wai3cwe xo4ejz6
Node 31: 7ikdc2f
Node 32: v161k9y
Node 33: u3anlkd
Node 34: 9zijwth j1heqyd yzrs5y6
Node 35: 1feionl zp1cbx7
Node 36: gls2vi6

Node 0: 1x8l6dx 3jprvj6 3vtdmy5 48bpzsc 67a5ydn boih3mx d6hp5o8 hrbpn7n l6qa9kg lwucsz9 ng0pwak p8f0ps4 vo8aatc ztqgqrr
Node 1: 14t748f 5wzlghs 8jlej0i 8yb8uai 96as9dl jdrb4gl r4nf1m1 sy0klbe wg8afj3
Node 2: 4vp6bmx 5vtfusg 8rjwszx a4fyzyn c77u9vy cbatprj f9cn37z l0sbj2k q8p58qp uo41qii xyankla yh7fnmu
Node 3: 2pvqko1 9b3ipj9 fa9hs46 hf2fgjm k7nwynk l0xt25q vnizuwm
Node 4: g7as7xk
Node 5: xxvng7w
Node 6: 8ybyz0l a1boy6c
Node 7: dmvrcs8
Node 8: n3ksjmf
Node 9: 46fzdcr
Node 10: 35yix9e 8vhbwlm
Node 11: tw1rx9z
Node 12: f0qygph
Node 13: i0pnp0c
Node 14: fl68jjc
Node 15: cu5y8p2
Node 16: npa83eo
Node 17: 196rpce cn3vlu8 cvaf6gs j95nw7r jhdubui przono0 rp7zvr5
Node 18: s9m0bc6
Node 19: at3oms3 cecnmbh
Node 20: r2qqjxv
Node 21: 4dk816n sihxvju
Node 22: fuurhgi zvfb95m
Node 23: nhtzd2e
Node 24: 32vrder
Node 25: bo9ikxj
Node 26: 06s5aia 8vtaj7t hpleiup
Node 27: 01fo2ki
Node 28: a3fd2jt rb28uqw
Node 29: d2sdszl
Node 30: 2c8zm0f
Node 31: 9ie9ofu
Node 32: j6sij6t lgz2dhm
Node 33: mufw2ti vo0jwee
Node 34: 7i7jjs3
Node 35: jr39ocq p9h80ms vq807xq
Node 36: n1qxryf
Node 37: 18xmdm3
Node 38: 1wjz12l
Node 39: x28l3nz
Node 40: 6h7mb43
Node 41: saky460 vro9ojj
Node 42: xairdr5
Node 43: wiuczai
Node 44: x59acok
Node 45: 45iph2w
Node 46: x670l4m
Node 47: bsjn2hx
Node 48: b71fz05

Node 0: 1sik402 6i0pg3a 6wbbq0t 8y1ubi1 hxek3iz lhbqttq mzzxj1x
Node 1: 41tq66r
Node 2: rhjfxxj s0bkp4k
Node 3: 3xyqk2w 40yq2qm 8o00cuu fgt24eg o1a0hvv o7mejk1 rxis8r4
Node 4: jhn1rqg
Node 5: no5uro0
Node 6: 2covwjj wqlb7db
Node 7: nxcnprn pi83dp4
Node 8: v3qn4dv
Node 9: laryus3
Node 10: uob1jjs
Node 11: 0ylnuld
Node 12: hnirwq9
Node 13: ie32s3q lfxj1l9
Node 14: wfnk1gg
Node 15: 0nlld32
Node 16: 4jvds1w
Node 17: yb3mhqo
Node 18: rkapnbo
Node 19: cuktz5x
Node 20: hafu77g
Node 21: s7vhkhg
Node 22: nzpj0sb
Node 23: sdr933a
Node 24: 3u7q437
Node 25:
Node 26: mlhdnmy

Node 0: e54qgb6
Node 1: c39dbbt q2abrtl
Node 2: fsuns6i i9xhkhd jhoxyjk rwbr4iq
Node 3: d2xpxdi k412vpf
Node 4: 3vb3i5s a3e6p7h d0djc92
Node 5: w4d236v
Node 6: gu959is h95nnmk mknc0yt t81c28h
Node 7: 23up6ys ao6x1gb
Node 8: utaql4i
Node 9: y9a21js
Node 10: e412dft
Node 11: 25nb0go bicg8x5 zrsxona
Node 12: wqagemx
Node 13: e0cmy7b krvcc4b
Node 14: pscqip4
Node 15: lqycful
Node 16: hjfzj5o ozrq1lk
Node 17: kotcrq3 rrqe639
Node 18: so6f38o
Node 19: 480xmmv jv932rt pyzceyc
Node 20: 32ydgji
Node 21: iltvfi2
Node 22: 07oo79t 9ic0a6j
Node 23: twf1d90
Node 24: xbwc73e
Node 25: 5u6ur9m
Node 26: 35kkw38 6htqrx6
Node 27: dm5d8jx
Node 28: f5q2v9o
Node 29: myiwsvf
Node 30: 5wt3u9l
Node 31: g5jr6p1
Node 32: zjdsfdu
Node 33: xtgguti
Node 34: mhdm3fe
Node 35: zdhoh94
Node 36: edfj71z

Node 0: 84nndol
Node 1: 6rclzbs bk6qldx zslq0ho zzwkmrh
Node 2: u4005eb
Node 3: nl8kut8
Node 4: 4u4tl0h 9io20ov bxyiul3 h4zegvi rhqbi83 t91aeil
Node 5: mxm36i7 obp8lsr
Node 6: rvqea7t
Node 7: 3phjj7j fuapc6o s384lsm
Node 8: lqtsdgl onqraak
Node 9: qsrl4ar
Node 10: lawkkqa q970u1y
Node 11: fx57fgv
Node 12: 95xudts r4dhyyj yby5iy8
Node 13: f1zapol
Node 14: lgohgax p1p0exz
