Node 0: 48xi2jo 7yi8qyd cnicise iykzsj0 ldi7e3b lk2z3v1 ls7m31w usvt0uk zdaa9bj
Node 1: qz04tvx
Node 2: 18lt3rg 6mmg8w7 a7udi6l bruln8d f03tbgi h1cguei obmi3fc rdjqfwj tul82ig x9yrmdv yvkd3ud
Node 3: 3aw55ib
Node 4: 2m1vvor
Node 5: 01rswr6 5n04b4g
Node 6: 2ymnowb
Node 7: 2ielfn0 4cghjd8 885h3pe a9ta9f8 xa7ib2f
Node 8: 6iifp4n w3dk1hl
Node 9: 9wz5a2c e7onx9i e7wl3q1 opcmoz2
Node 10: l66bj1y
Node 11: bkkxalo odvxj0z
Node 12: 3i7uyq0
Node 13: y5noqjb
Node 14: dzfihah
Node 15: g1a3snd
Node 16: 2mrtu9a
Node 17: 7oj07w2
Node 18: 55v4vnp
Node 19: nfshwq8
Node 20: zcnw2eg
Node 21: 1f4z4sj 4j67xdi bp9fib7
Node 22: xsb1jmd
Node 23: 3ivpzxi g5wwl6i r61wb4n
Node 24: eu9ntc0
Node 25: uvns09a
Node 26: yglhsme
Node 27: k0fncs0
Node 28: r12cxn7
Node 29: ya0lcxy
Node 30: 0t0af96
Node 31: 5xaohn4
Node 32: 3hhz1zn
Node 33: 49rlire
Node 34: 4vfx42c
Node 35: 4bnm2gg
Node 36: 76onslj
Node 37: onca93w

Node 0: 3yweyul qy7jmxn wntsf4o yf01vm0 yt01d8p
Node 1: 3ut5xod
Node 2: 864qdp1 bqdmgz0 cnyl68u j0tmrz7 qguop8q rrjawie spuce1f x119ohv zab7iu8 zpih2cj
Node 3: e1k6qhl
Node 4: i3evhkq
Node 5: el2okvn mlucwoq pu7kuhp zyi1q49
Node 6: 5to1bf2
Node 7: 21gzavf nxbzr9s
Node 8: aovobup ks0qnob
Node 9: r9hcwcq yy6sb2j
Node 10: 313oicx iltmfny l9kfvv1
Node 11: cqoj93g
Node 12: 3lfbw3k bzyf3jk l4bejrk
Node 13: tm076jl
Node 14: 0a7nbfq
Node 15: g3myeep
Node 16: golpu7q
Node 17: fkd0kz9
Node 18: j575ggt
Node 19: 0w5f6g4 sthbxq4
Node 20: 9dq8au0 x4a4xw7
Node 21:
Node 22: 93kv144 sngpk4f
Node 23: gpdnois
Node 24: fbfkiv1
Node 25: 7wgz3o6
Node 26: 65j9zzx 6pb2cqx 7j37uqy
Node 27: 8vm11xm
Node 28: d2lddl5

Node 0: 4r0ejpn
Node 1: btu4zjg ti3vpth
Node 2: 4r1obit d5moow0 xwlzzzq
Node 3: knylkyg
Node 4: 82b922w
Node 5: 7l7kp07
Node 6: ttcaz79
Node 7: m0e9nff

Node 0: 9cydjnc nieq8bs
Node 1: 1s0v511 2nvl6wl 44cv9ga 6n3dsjz bgrchif brbxm5j e9ie5je ixhunya o4ungr1 pnjs3ka pw3vryn tvc57xq ub0bda7 uvkazb7
Node 2: 1kv06ng
Node 3: allqi5z
Node 4: 7y1rc4b
Node 5: 2y4sys3 lo2pdqb
Node 6: ij0s1vk vsgdy0a
Node 7: p6przai
Node 8: 9fase8k
Node 9: 3s9prn1
Node 10: 7pljbs7
Node 11: orgyozi
Node 12: dgwnm4q

Node 0: n4ywcfx uu0xvmw ymry65h
Node 1: 2h23p89 4qoo45l 8hgye3y di4gngp lmal8tu x3thj8k yqfvw49
Node 2: 0hvnfn0 baoic6l cokdrp3 fodjh7p
Node 3: ttvojvc
Node 4: dt2utgj oblc3ao
Node 5: 0ryc7wh d7hg63s it1ucyt rh9ttak v7rz6py yiphu7w
Node 6: fybmwi1 stw2dak th59nza ul19rm1 wcu0418
Node 7: e9qqbpz fqxwg63
Node 8: ebij5ig ip3tqsv
Node 9: 5r5ldme
Node 10: 4suc6kp 7sgermz jdf1oqo nk6q9g2
Node 11: 8fzwafl ushuwg3
Node 12: ud9w0r7
Node 13: kp99kin
Node 14: iw6p8n6
Node 15: l8ghtst uag13kf
Node 16: 7i0p7qb
Node 17: 3a5ax7t
Node 18:
Node 19: 02j782h bwvszvs ik9qyxs ztn4oje
Node 20: xjo2aq8
Node 21: i3p0lpl
Node 22: i5577jq
Node 23: fyuqz4d vu1l6a0
Node 24: gdhd74t qk71isu sc8xizp sfab1o6
Node 25: 1lfcnzo
Node 26: o6mf4lj
Node 27: 7kycsd8
Node 28: 4ss52be
Node 29: 3hsn1w2

Node 0: f6q5838 offa9ya qbp5p6q rlxwt8n rr914xj
Node 1: d9a2fx9
Node 2: xdwy16l
Node 3: qjwoj7e
Node 4: vo49j24
Node 5:

Node 0: 3d2hlzh 3ebha5u joov1g8
Node 1: 07h7z43 15bcg65 1g9xeah 1w5lowe 2syv8eq 7o6q4ka 8be6bzm 9ird4lg an2frii f2ff4qw h8q82wy jky6tu0 pxn24hf r5d412e urk3pqz zqu3xq3
Node 2: 3tgi9iu kjs09u9
Node 3: 1qpxlg2 ay2ku9y rr5j5aw t8gxbvf
Node 4: 162cvrp
Node 5: 8q5zvjn k6ax6fu
Node 6: 0ddl3zq 1l88orx 5tpwpk2 n5qzlzo px6xiy0 tss78pc ws3fkhc yluv6gp
Node 7: oqhczzp
Node 8: 43ydidm dqtlz7r
Node 9: 1m38uqr etjlvzp hgxqz79 kqnigeh nc7601j
Node 10: wgi0a4v
Node 11: 83q77mx b34e84u jq4btee x5cv6v6 xkovtof
Node 12: h3yx9qx vitvn33 ytoc7a0
Node 13: ipjr2fp qodr7ge rfv5j9k wbpyfp5
Node 14: w00a1hj zjbwycd
Node 15: 2yulivm
Node 16: 1o84jen nlcuubo
Node 17: ddjqtv5
Node 18: n7k495h x4w0bjr
Node 19: xkeh96l
Node 20: sid5wc8 vczh9ec
Node 21: 657umv9 tx6s0ny
Node 22: 0ehwrmm 55wggh0 hpoxlwp
Node 23: 0mp49d0
Node 24: lbtcmwj
Node 25: hetxxck
Node 26: 97055gl lti6n2o
Node 27: e7oqm6j
Node 28: ge8qmff
Node 29: tbxnqkk
Node 30: bld8fes
Node 31: 6tr9ept
Node 32: yxr7lzd
Node 33: q5ratod
Node 34: 0dcaqad
Node 35: u3qhkye
Node 36: gdc5tpl
Node 37: 2028cov v6ftktr
Node 38: s1nrhys
Node 39: rsz4bae
Node 40: 9nogw8j
Node 41: 3vl5gwl f66ldcv
Node 42: 7fyg5j0
Node 43: y1846cb
Node 44: 6rnxnpm
Node 45: baeztpg
Node 46: o4gomqo
Node 47: pw3ssx6
Node 48: gljdx8b
Node 49: 9w0ztwe
Node 50: nerplx3
Node 51: rjzlvux
Node 52: ooxqrhz
Node 53: dkrp5ln
Node 54: v03eh16
Node 55: hi3ylsz
Node 56: j7jotg0
Node 57: 16lbbbf

Node 0: bcwdwik isvirje ldelk7h rq0i5dh xggtv6d
Node 1: 2d6iffo 3cspfz4 3i0n97h 7v8rl6i 8cmxbt3
Node 2: oy5r6zw
Node 3:
Node 4: urxojwj
Node 5: 4byy4v9
Node 6:

Node 0: 41a9ug7
Node 1: ad8aeqm mnhe7t7 pwh9brs yqafy78
Node 2: iznr564
Node 3: 36a805x 38z1yga dpmzhvt k4sbq7f y7x3ubi
Node 4: 2ejx5sa
Node 5: cwo9qkv
Node 6: 6jd38ey 8h3s1ej
Node 7: 1njrkck 9wcdtjz d6bgq77 dijvjtq id9xwkm pjkq9td u2vj8cm vof0n1l y2tusvq
Node 8: 36rmzti 4lg4768 5bt4d3n 69pw47t cz9k1ch g3f6k18 hyhb58u qxps4de syicfj8 yyiff4i
Node 9: h7f6yyk
Node 10: f05ls2f
Node 11: db1zfa3 eoty84g
Node 12: tamrrb5
Node 13: kh9v7vi
Node 14: 2chuy4n
Node 15: ho6hd1z xmv5jbs
Node 16: uhivpab
Node 17: 8bzez26
Node 18: xync2ng
Node 19: r1k7hr6
Node 20: kqy522n
Node 21: kv4l8vm
Node 22: h3gvqqo
Node 23: 99al7vn
Node 24: 3ad8npv zshe832
Node 25: 49eo65o bt3qu5d gkixaw0
Node 26: jbny5g6
Node 27: 8k0bbml j6hqwgy ntcdeb4
Node 28: 9hpatao f4q1bxd yjwy0z3
Node 29: gqwlcgc
Node 30: o9q4381
Node 31: pf0rmy2
Node 32:
Node 33: s7wda9n
Node 34: p7jeb0x
Node 35: gvrjkpe
Node 36: 8v0sr92
Node 37: txjdxj4
Node 38: yn1z8ok
Node 39:
Node 40: u9amku0
Node 41: capumzc

Node 0: 1irhzyn
Node 1: 2i5xr0b zjf0llb
Node 2: 6aiq75b 7d827mp up9cxxo
Node 3: p60jks8
Node 4: jxw4dvd oqtp3r5 ywe9bty
Node 5: 7glptfj a2se1lk b322g1y khkn757 n67jfff od1bh1i ui1s5mq zcydx3g
Node 6: i76hh0t
Node 7: 2xrvfgz yswq0oe
Node 8: 6jfpsid scktjr5
Node 9: 9a9n582 bvm2wo9 y9kbfkl
Node 10: dcgmus9
Node 11: 0x4cuyg
Node 12: 80snlya
Node 13: 8ozvnw6
Node 14: 2ow79l3 qeeolh8
Node 15: wi8n1yl
Node 16: 0tj6drt
Node 17: kxi0og1
Node 18: sfm8bm9
Node 19: 2d825vg
Node 20: i13udkm
Node 21: co3gyqe zdye6xe
Node 22:
Node 23: a0uwyer
Node 24: 0cbag30
Node 25: x7rfi5n

Node 0: 0zhemqm 2tvhsoi 66iv2vz 6sl668b cu2ln76 smggvmi vs12hnt
Node 1: 5cmm7fj 7xj0mjh
Node 2: azjo07f o1bltay xvnpol3
Node 3: t4patio
Node 4: bpqiitc
Node 5: 2jgivfg gohlhcg iatyvkv
Node 6: in71r5h msa4juv
Node 7: ecn368j zfpm8t2
Node 8: 4wrq6c4
Node 9: 037eoo4 iptpeky lczvi6o
Node 10: nm3rogr
Node 11: ht4b8ly mkl5g6y
Node 12: 6km53p1 h5891qb
Node 13: cy53k04
Node 14: a2l6w6b zmzva7u
Node 15: 4vddors
Node 16: in6m2r3
Node 17: 1zs4lei
Node 18: zvcgk1t
Node 19: s3n6ww1 th9xu2c
Node 20: n5crmna
Node 21: kmqlnon
Node 22: 1xljx1l
Node 23: 6296mjo
Node 24: m60sum7
Node 25: m3exq97
Node 26: exav2df

Node 0: 0ggkf1x 2xwnpi0 f1r6gn2 fhnwvfb he1cvqn ja8ltyw k5xt8v5 kpq0dq2 mf85055 r2gjyfq uig81j1 uqvszfk xee8ax9 znyt3qv
Node 1: ix9fv2q um5r05i
Node 2: ptx5tjw yf0wmdn
Node 3: eahfxgw ossm4r1 t2lmhrj
Node 4: u1qvj9l
Node 5: 6vah94x n5nc6f0
Node 6: 232iz27
Node 7: ns701kj
Node 8: innnxg0
Node 9: fmsjijd
Node 10: ubti67g
Node 11: 0vlj4am mv6iknq
Node 12: 4tmht5e a4iltu7 cvr2reo gj2uzve zgotsld
Node 13: r20hjdm
Node 14: 7jwl81v ld0vzfy za12g5w
Node 15: u64f1yo zeonk6l
Node 16: 0y4tq5p musstrt
Node 17: 3h945eg 4wmpv1z k0zrm39
Node 18: tapxm0q
Node 19: 139u3mp
Node 20: hukymnb
Node 21: e41p9pb
Node 22: ynhwand
Node 23: bai1nsr gotktxf
Node 24: 4m2tdsg 86wlk2q
Node 25: b9a4co1
Node 26: a6tlskt jvzxa1l rniitqq
Node 27: 6lonaxj a4417th
Node 28: 6xpmkmm
Node 29: er7m2yk
Node 30: l6c5e2n
Node 31: e5ywo5c
Node 32: q1bytlr
Node 33: prr9xvk
Node 34: ww6cwta
Node 35: d1uvfeg
Node 36: uypk41w
Node 37: sg4732r

Node 0: n8wwy2h
Node 1: ejsm318
Node 2: 5w66is7 75dsixk 7gkmchs 9dgp511 dp7aqwj phbll5s qllycii
Node 3: 0q667uo qzonppb uvqkhsl wmhyeqz
Node 4: 4tjp3lg 96xvk9t w0vnwl0 z4fphg9
Node 5: zgukt5h
Node 6: 1n82qv4 90ew8ol dbae1jz
Node 7: 9crv44o
Node 8: v4ok50c
Node 9: gqlrqmu t69s0s6 z3db3ei
Node 10: 35l5b2t 3jnn9fs
Node 11:
Node 12: 88gm9so qfvrze2
Node 13: a4pvcn6 anvcovs kc86gyx
Node 14: adwwwb8 b7iszau
Node 15: 6iljerb cyeshub ghacxkz pwlynev wfsx5q2 wj8xr3y
Node 16: 7xapcal cioev3d
Node 17: ir7lcaw
Node 18: 0o9t6ej 75msjg1 tmz4jap
Node 19: oci99ja
Node 20: 535gxi4 lmld4id
Node 21: cz3ywb8
Node 22: 9vij9dp
Node 23: b6mkxhv
Node 24: dfwix1o
Node 25: rz56b3b
Node 26: 9v3rgp4
Node 27: 8oxvpkf pswfa7z
Node 28: 7aka721
Node 29: hhnisyo yj63zfl
Node 30: 3a05whz
Node 31: v22qisv
Node 32: 2mmpqny d500zuv
Node 33: bpu4fdz grw7q93 u5rqf43
Node 34: gy9yi4q
Node 35: fw7sw9p
Node 36: 4r543dy
Node 37: o0kwkmy rvt2k82
Node 38: oqrwyg0 ywgcugd
Node 39: gkussts
Node 40: tswriv1
Node 41: xp4e8tw
Node 42: x3h6xjf
Node 43: wul6qxf
Node 44: fr7lvb4
Node 45: 7171saf
Node 46: enkqchc
Node 47: 05bmzlt 7v1zuz9
Node 48: 88ohd2b
Node 49: t9h41qq
Node 50: nqx2nac

Node 0: 7fzc4pb fc7688b holsmqn yolx509
Node 1: 9vyjvm6
Node 2:
Node 3: 6bobgjm hnodnxl lndqb7v pysxfzs
Node 4: 724ycbt
Node 5: zybhnq6
Node 6: gbzks15 hv91gak
Node 7: 0toaanp
Node 8: 6sjhjby htn8qof
Node 9:
Node 10: taqzzh3
Node 11: 0gtf6m1
Node 12: 7va2h59
Node 13: 69kqos9
Node 14:
Node 15: 6earenn 9zajn9k

Node 0: 1ekpirq 9njc236 lbbs2i0
Node 1: 36p4n5h 52323nn lil0fos m8mbb55
Node 2: aki3677 i4f2nm0
Node 3: uxmxf8p
Node 4: 2xv2xqn ame43qi
Node 5: 9dw9snz g6d3z6n
Node 6: rh3spd7
Node 7: r8f6ny4
Node 8: 73yb9rs mw7qqq2
Node 9: 3t31bik t4eewth ti5pnoa
Node 10: ok16ri5
Node 11: 7xm8czk iqwdpjs
Node 12: z7fqt2b
Node 13: 4kpzenu jh53qiv nhxa305 q9i1kon
Node 14: odpfeho
Node 15: 5izgkm9
Node 16: euyhxk2

Node 0: 0ne9tft
Node 1: klcqfs0 tpdkfk1 uqqrgha vv7zgwe
Node 2: 4mbaoux u8f8kbj
Node 3: awjc34u
Node 4: 5bgfe8q
Node 5: bwf6k1d
Node 6: eb687tn

Node 0: 0ck0bjq 3rqyamn 71n2yhl 7xjsd44 inbt7gz t3xubvm yp7mx20
Node 1: io7e4tt
Node 2: ru153ne
Node 3: 870zq4z fpb6z8e
Node 4: 0vx93sf
Node 5: d2bytcg
Node 6: eptxgol
Node 7:
Node 8: zidhqkz
Node 9: cakup9d joirf3e
Node 10: c70hj28 d4omoqn h7kumef x43juki

Node 0: met3vnm
Node 1: a1dvedr c5b70ol ey46dcf hs6brc2 kingj16 lufwfcm o5t94q6 pr1k1u7 v34fwqb v5v0ksb v6syucq vs9boqv wxiqbd6
Node 2: 4dbxsla 5d19ldd c7svyih k771b24 qsfaklq uy31tnt
Node 3: oh81pva
Node 4: 7yz4mpx 97t170s qhebxpi wpo08s3
Node 5: 2a8m9av pq61z32
Node 6: 0hkrmwj 2jhv6o6
Node 7: 6zlmcau 7vheks3 7wpcacj nq85tu7
Node 8: btkhtzz
Node 9: cfliquc ezn1mjt
Node 10: awss2rl
Node 11: 74dgyy0
Node 12: 477f8dg 4hwqko9 6bc9qvi cydrysp gdpxy4m
Node 13: bt52yo2 qhklm18
Node 14: 3jl8wk4 gjmvmy6 gy95li2 nkra5d2
Node 15: aynxv4i my19lyk zly5g7o
Node 16: p4a50b6
Node 17: 4c3zazp
Node 18: yens8sr yfcaxd2
Node 19: owqdsfr
Node 20: 4xus7fr 71avqbc
Node 21: uhuswdw
Node 22: js8k6gy
Node 23: 0hovnv4
Node 24: bunozwb
Node 25: eb4qft3
Node 26: 5ita7k0 8owzoui
Node 27: mjkku8q
Node 28: qsd8ns1
Node 29: ucbxq3o
Node 30: mcfc0v7
Node 31: nle08v8
Node 32: z8hfure

Node 0: 1vg8qyo 82q08ft acrw1am edqdorr l1tmcr2 xe9m3ns
Node 1: 4au47ba 7n29xtn dpgcg5q
Node 2: 3o3f9lp c6wffd1 cvq9p3u irfatu2 jet5b1d kbs5c25 pjutm0k
Node 3: 4v6wf23
Node 4: yney0q2
Node 5: 00xhwop sglx9lq tnwlde7
Node 6: qw6zfyu
Node 7: qatlnd9
Node 8: 8d6whc3
Node 9: op3gqo7
Node 10:
Node 11: 43vv0e1
Node 12: 1cpue5x 1dl4da4 3un3z13 oaoh784 xlycfak
Node 13: 31jjbcq nik4c2b
Node 14: kxcv2o7
Node 15: fm9959k l3g91ve xspwdjf
Node 16: k87cy2a
Node 17: u8akr27
Node 18: dygod3k
Node 19: y58jnmm
Node 20: b5yienl
Node 21: ysvf23g
Node 22: 2s5a3zd cducvln
Node 23: 909frzi
Node 24: c2b27a9
Node 25: 0koakhw
Node 26: 6u94kli
Node 27: dx3intp
Node 28: zixa3sg
Node 29: mq92mmk
Node 30: luiuq4n
Node 31: 5k6bf0m
Node 32: q692ka2
Node 33: wojicaa
Node 34: zv0o05d

Node 0: 4i571pl 7878517 bipddz0 we8uqhl
Node 1: l6zcx6x sscty3m uu68sos vzmye1v whr6943 zyzjl4i
Node 2: 9puknxu acrblkd fseq5ei jftb7jg
Node 3: 8btfrqm bal6n68 bz9vzk7 hht0bru jec9j3z n2d4d1p ujcdmrp w5iu0go ypl644z
Node 4: 2cbpmq2
Node 5: yfrjnyg
Node 6: mimbor4
Node 7: 0x4d5co 7snxrb0 86ntf5c fn4y51f rj6ok67
Node 8: ky0tuum ug6frgf
Node 9: 1jere3q 5qnle7d 6asn1tf qcagjd4
Node 10: efu3yyd
Node 11: 9h2gljj sbogbh4
Node 12: a81vap8 k81bk6b
Node 13: 4qz1y8h
Node 14: qy63pks
Node 15: 7gjpr4p
Node 16: a9s4xiz qyxvm0a
Node 17: 549nyrc
Node 18: gja43wc
Node 19:
Node 20: n9ant7w
Node 21: 4ahl2pd
Node 22: a1f6k85
Node 23: 7eav4ut
Node 24: 8x702t6
Node 25: 6pq109c
Node 26: oqfoyh0
Node 27: up4isuw

Node 0: chyzo9o qwee0dg vgq06q2 x464uqz ybytlpa
Node 1: l2vfj0n
Node 2: 2e7iix7 8h94idw
Node 3:
Node 4: 44r3tjt birxk0z dwx47n2
Node 5: piriv99
Node 6: lyg25r7 tinytcn tjj4lry zklr0bu
Node 7: xd13i71
Node 8: fyz66q6 j9no52t
Node 9: n4889kk
Node 10: dx0xcf6 jdbrrdr
Node 11: lmzowbt
Node 12: stwr5c3
Node 13: n4fqzac
Node 14: 0s8u3c9 myujgot tu7aot0 yfsc912
Node 15: 24o2fg0
Node 16: 041uh22 t4kh4xq
Node 17: jltq9r9
Node 18: q701kbr
Node 19: 6yxg592
Node 20: 0e8hg66
Node 21: ky0efi4 uxh1vv1
Node 22: c7wgd1e
Node 23: 15u2nvo ru7idbv
Node 24: d6flhxy xs6yeix
Node 25: fz1bdtf
Node 26: vqlacr5
Node 27: d0ykctt
Node 28: 91jnlrv
Node 29: 77f99e0
Node 30: i8m60td
Node 31: rcfe7eb
Node 32: h4kthkt

Node 0: 4bg69qi 68ow1qd 737mhx9 nlh9qs9
Node 1: 73dzkys di13wha goo7igg m8kaff8 s3x3alo
Node 2: 10l4deb cjjctmm g5sxxdl gltkfek jlfnmxj po4ia17 wjbqvvl
Node 3: 8em10ae bf35594 jags1r4 tn9huzf
Node 4: 7inx9et fmq20n1 pm78oen q544duq
Node 5: 7f97eod
Node 6: 1fltyxg 888v5ht 8ur8a01 by2uvq4 nr8657k p762ull zwvhsql
Node 7: 8ftrnet q9xz8gv u8xd41b yi9vitc
Node 8: vwohtdd
Node 9: pgcq7ap
Node 10: 0zvy0va 1g1sl5s 25m1eub er9dotq ihgx4af t7jgjlp tdtfcde
Node 11: p6jx5qv
Node 12: 4zrfo6t i8xauak zz9byxa
Node 13: j67dzpx yivm6ji
Node 14: 3dp8h1d
Node 15: q9slxnq
Node 16: ck43ccm
Node 17: n2ow30c
Node 18: e9wi7hq
Node 19: 678cbe1
Node 20: 7uwoucw
Node 21: f7i51xb lzguazy tdf9je1 u51103q uz2uzf4
Node 22: 96f296c
Node 23: jt3jhb3
Node 24: noygxjk
Node 25: 2i0mjqx
Node 26: q0nmucd
Node 27: kpyqgjq qts1z69
Node 28: lvoi4se tlb8y3v
Node 29: qqsqlpg
Node 30: n97pdth
Node 31: 9k3l6kr
Node 32: 1u00pll
Node 33: 64unvs3
Node 34: l1o1n4c
Node 35: it1gfap
Node 36: rhxtvwb
Node 37: wlho9r3
Node 38: q5k0o9b
Node 39: 59sittq
Node 40: b6484l5
Node 41: r7e654z
Node 42: a0uje99

Node 0: 15m3zc8 3jydqbh 64plxk3 ath01yu c9awap6 cp9rpih emw1i3h f4mef1j q1vz5tx rj7ng3k tfuejex us9ozv4 w6j0acn wwfltrj zi8w5ts
Node 1: 523pjgy
Node 2: 1jd69pq key2ewm
Node 3: ctgbn0r tccy1r4
Node 4: t9a9kbw
Node 5: oaspv3n
Node 6: r4nnybl
Node 7: qoswunn
Node 8: nf2ombn wtb9i5p
Node 9: 6ujdt5j f67w8ny rvcza79 ub3spr4
Node 10: n7ts6e4 wzv8nan
Node 11: nh0e8lm
Node 12: xge49ek
Node 13: k6inw7g
Node 14: p3ki0nw
Node 15: d7jwysn
Node 16: 9ykxll6 qsv1phy
Node 17: n0u4t2r
Node 18: eewq0xb
Node 19: gvwqa3t
Node 20: zodeli8
Node 21: lqpo0az
Node 22: y363m49
Node 23: llg3v35
Node 24: 54cnsdv rql6d41
Node 25: q4pe9nm
Node 26: rc1bs7p
Node 27: 7aid8lp

Node 0: apbf25a
Node 1: 6au7um3 jo4l0si np2oora nuiwnho rbm5450 svli9sh
Node 2: 7ot6o7b as8yn1c bhqtsy4 hl1a5l1 ql67cul rzd48e4 wzvh7or
Node 3: c9zyt2f vnb30s9
Node 4: g92ccr6 o7djq6x
Node 5: 6k9m610 avuihcf ohswzpr
Node 6: y7qe48f yaecvxi
Node 7: 0imf743 efyftzy tb54n3m wrd343w
Node 8: x3bbadz
Node 9: us8m2a6
Node 10: dqt2bsc
Node 11: 8gs6gx5 8typ5hf cckeody dp8qigg h31l1ur itpvsbu pjy8745 v9cfx4m xk72e20 zl2ngz0
Node 12: 4k1mi91 7s72eu6 d64dprq gy3f7qw xsbkxav
Node 13: 34vtlpt 6gta18u
Node 14: 4c93f51 fax7v7e
Node 15: 0y5hffs
Node 16: c2f83bt uj5t04y
Node 17: pibtg05
Node 18: lmk1dvw ye5e1nx z824e2x
Node 19: abqh6rw
Node 20: 9au61r8 wsdx85u
Node 21: ptug4mo
Node 22: l4jx063
Node 23:
Node 24: 6jyeq2p
Node 25: fnqwf0y
Node 26: 7o33d4k c66v9kh r9h4cm5
Node 27: t93dj49
Node 28: 7p0r8vz evpg6xt
Node 29: zo7dmxy
Node 30: 65sbnve
Node 31: 7ibpc9i lf6jtde zmc7ant
Node 32: 0p7ozpf
Node 33: dvujeol
Node 34: 46gtak7 ssx1fyo vbqiilb
Node 35: q07qqvq
Node 36: 3yzvts6
Node 37: jcrrtnq
Node 38: fk8612l
Node 39: 8uxhmt3 aplnfo4 bchxrec di3b0eg
Node 40: s6uvq3s
Node 41: 5yu484c
Node 42: ko6ybh9
Node 43: j3yz71d
Node 44: w3almcs
Node 45: 8g5a63u
Node 46: 1wjkg4g
Node 47: aq49799 gwnf0oj
Node 48: u98nce2
Node 49: 2w5uguz
Node 50: 5pzwlh2
Node 51: 83hikxo
Node 52: euqj48z
Node 53: n5gqkry
Node 54: gfjyg7k
Node 55: g5bs8c7
Node 56: fuzj92d
Node 57: fqb0ir6
Node 58: e1gq7kl
Node 59: cf2mjez
Node 60: 40iyqhq

Node 0: c7z5ycw d1ou7fe
Node 1: 4ywa4i0 gxbju5q oikhggb olnj4q9 xyy0do6
Node 2: yw71qpf
Node 3:
Node 4:

Node 0: 5978tqi 8x4x2vu 9b1qfn3 i8d7syn j0jnaej
Node 1: 91ga4i4 kr1xrcp
Node 2: 662vph4 a6rva21 boo3d1o lcwjl3d lk5ppy3 pxrevu1 wct1gud
Node 3: x94tjku
Node 4: nieqapq yiatten
Node 5: 8s4w3s3
Node 6: aimz01f pu70t0u vq69oed
Node 7: lndasep
Node 8: t92ccld
Node 9: 2nihauf jp4cbu1 lvx82j2 w66etnp
Node 10: j4uei3w prr346o x0p1o7q
Node 11: ms3x7j1
Node 12: 1abz692
Node 13: b7b2sg1
Node 14: gdjc5z3 twzk6yl
Node 15: cpzsly8
Node 16: 98gp5ce
Node 17: 10jrmid
Node 18: giobsh0 o2prx1l
Node 19: 7v6w2pu enk0oi1
Node 20: jtgomur
Node 21: dqzz8mq rp10bka
Node 22: rfq4w2c
Node 23: 5e60n5i

Node 0: 8fyzxol 8nprili i0meyws nggt6c6 tlfi4i4 u1iajml vk4nuo4 x7qzwmh
Node 1: jk6tsh9
Node 2: 15p87qd 1gpzidw 2wat6h0 byxiusr ltcvm9t mn0ggqm mnqtlrd ofhdcsw sedjv2a x9tluwn
Node 3: vbmqj0h wqqrcqq
Node 4: 79ol1a4 7kapxxh 9xf73p3 gfch9kt iz2qlr0 kkrkjne m6k3zyl obtt8iw rnrmyxj yh8so9s
Node 5: 1vkaa0r
Node 6: bdogxlx
Node 7: v0ogt5m
Node 8: 7znkf3k k92du13
Node 9: czg80vy i91k7hv tfeuq9r tm7p1is
Node 10: 9z3c8b7 c5d9k10 lyr4uvy
Node 11: 61elfsb gu1f7zk yhi09am
Node 12: hmpfxqa lkvyrtb ney2kik zkatlib
Node 13: 18v7mpx ev0ktf1
Node 14: n2o26us ss9uxjt u9ie0jf w1j36iy
Node 15: 40znglf 6saa125 h4zzqjp
Node 16: mpjzhvr
Node 17: 7ob5gk6 tcsaub2
Node 18: 8uyue02
Node 19: 2yu8b1b b7oa0ta c6nfrn3 ybwolyk
Node 20: 3g361il 5jt0muu p30f3cc rgwmh3h xbxtj75
Node 21: i598j5p mcyhgmg u860npo
Node 22: wzkc1ql
Node 23: 0e9grkg 9dy1fw0 9sf4pdt au35od8
Node 24: w4fw1ti
Node 25: 5am3u4h
Node 26: fnlyzz4
Node 27: kz89ke4 z3w3am8
Node 28: vfg9ena
Node 29: lmkw8j6
Node 30: rif2ecb
Node 31: 65qx12a 6vg1249
Node 32: hqfn48a l09qxm6 xk1i4nm
Node 33: ft5ggxk
Node 34: ip0zvsx oll7iw7
Node 35: thzqqmk tq9gh3v
Node 36: 4o0q60h
Node 37: sj7apiy
Node 38: awnueqg m5hp3q2
Node 39: fua7pok
Node 40: z7o66k6
Node 41: wnhk22u
Node 42: sc9wpru
Node 43: 140pk3i
Node 44: 2gur0w9 dpovwsv
Node 45: rey6rc5
Node 46: orrw8e4 yrvoyl1
Node 47: oe9iftr
Node 48: z1lnvnb
Node 49: 1dp1xkq deuriza
Node 50: 3s9477m
Node 51: b7jgqzw
Node 52: 2wke00q
Node 53: 4ovmcta
Node 54: x7l0pcr
Node 55: 01zfaz3
Node 56: 37tcovv

Node 0: 1ktycz0 c5byz4l ewi2qkv gskou80 oswku88 rjedv9f rvj5ptd
Node 1: cpat9so zikgjwz
Node 2: n8p8lm1
Node 3: ztvt6ys
Node 4: drstuuh l5bcefh
Node 5: ixbmnu3
Node 6: q77m2qp
Node 7: xzde685
Node 8: 59fungy 6rcnnz9
Node 9: ve9ah1k
Node 10: lcts1un zn0768i

Node 0: 4fanji0 ag7mbk3 prtuc44
Node 1: 4v3xdlk 54scoct ci4m3pp fmo70w2 h4ar35r qoys8wa qvs0wo6 v6io2jc
Node 2: 3gxokrl
Node 3: alag3tb
Node 4: lbqh86o
Node 5: 8ja6fa9
Node 6: nvihbtt

Node 0: 8blactz mqlzr02 oid712p r4q2biw sl8hcbn vlch8t2
Node 1: qgbp8hf
Node 2: ungg2fv
Node 3: ljgovbb
Node 4: nx2xxje
Node 5: mpmtqg0
Node 6: hhmh9cg
Node 7: tzqnsxg
Node 8: eucpau5
Node 9: y4artv8
Node 10: pb1b2d8
Node 11: utab36f
Node 12: j4q5w9f

Node 0: 6hupqji bkb9rpu ffmkgyq zr0mohp
Node 1: 0awzklm 0yen29s 68kcols 88qr50r 90y710m 9mtxtxh efc901e gesp14e j73klow jmcc9mx kmvf5l5 llgm8mx sx3q9bz wohaigr x5765j0 zglyn9a ziemwyh
Node 2: 796ob34
Node 3: ev7czhy
Node 4: t40ihlg
Node 5: 8bdh6zl o10jem1 ud8lgmf umw0b79
Node 6: vytuzt8
Node 7: kndqxm8 uhqoc6r
Node 8: a42wrlo e2n317t o57b4ua
Node 9: 7y4xlvk kregunj scj4hj7
Node 10: 98z6xdi
Node 11: dlqge4t
Node 12: gvqw1k0 wz41a1e
Node 13: 8zlh49o
Node 14: yccqi4m
Node 15: 7hh1kd6
Node 16: vy1dacn
Node 17: ajh97zw gemzvci
Node 18: n4vzhb8 qadjpzz
Node 19: 3mihugw
Node 20: xgckb0o
Node 21: 1axylzt
Node 22: 2p7za4n
Node 23: 17idrz6
Node 24: 5iq823m
Node 25: 1ng7s5u
Node 26: myvj8nb
Node 27: ls34kvq
Node 28: xylh5el
Node 29: ksxmnpk
Node 30: dszrcf5
Node 31: nku4epg ssfay9o
Node 32: hz530sn ya5zb5g
Node 33: qpuch3g
Node 34: mic0wu5
Node 35: 9w4ntba 9z0ddl8
Node 36: 4s1frdr hveo5gq
Node 37: twlrnak u8wkesr
Node 38: rmbr46o
Node 39: i5djkle
Node 40:
Node 41: vl16zie
Node 42: mu5wvla
Node 43: 3weenmn
Node 44: 9rqoqu0
Node 45: cepfh83
Node 46: ncyy5vs
Node 47: b3ky1i7

Node 0: 3831iee
Node 1: ny2o421 p4t4dam ti2dpyy zhq18if
Node 2: 26jyi3o 7tabu86 9lco4vx dpy9wau f8kuhuv idi1dir otjgjyx vrr379t w08m81a xnedqe6 yiflrca yp7wmao zkyzvl5
Node 3: mlqjn98
Node 4: 3g97x2h 4lfjpmg n05ogx6 otzpe6i y7ap8ih zd3bggm
Node 5: 4840740 9ditm6u f07kxav
Node 6: cdnmi7z ce2juks h8apga3 vtvaj37
Node 7: 6lzle6v
Node 8: 2uknh2s 4nd807u 5psq6f1 cvseeby mhijpwl pa15mi1 pgcfav4 rh38551 tipnlry w6ekr91 xbbu6v1
Node 9: esun63t
Node 10: 2titzp3 q1hqll4 tw6msu7
Node 11: u47aizp
Node 12: cvzxkvx
Node 13: 8tqq0v4 l3qo72x twao3me txaziyq
Node 14: btx0d7x rwuvgy9
Node 15: m4xnxga uuxou3t yl3gwvc
Node 16: dhw0q1m pe7c41q x3y8lm9
Node 17: 9s91pzs iw9b14l uq8h8s5
Node 18: 3uw6bsx
Node 19: 3hmetsa 4apvh9j 7fd2xky
Node 20: 0oeuclw
Node 21: 3131ens
Node 22: 0ujae7a 5po63qu
Node 23: 8emng57 j7vxq0h
Node 24: 8wss6fy
Node 25: 78alolr f11001d
Node 26: zjhltr5
Node 27: 2nwjo4d
Node 28: wwupr6h
Node 29: tifhu96
Node 30: k1gh898 sbl13uc
Node 31: 5kwhkwp
Node 32: y1r0mgw
Node 33: 58bzghc 8dy8udp j3j6ujz lome5u3 qocrd0m
Node 34: f4p5ch7 kdjp5g3 sre6q4g
Node 35: 776jtn7
Node 36: 2y1oudn
Node 37: aleyjh5 pwkte61 zvxb2d5
Node 38: 3t5m1t4
Node 39: sqkcgey
Node 40: jkb9fez
Node 41: e0a9ysq
Node 42: 1atcjqs
Node 43: pcvbjqx
Node 44: agxknlx
Node 45: 4vhwpni
Node 46: v1mvmiy
Node 47: e3z9odu
Node 48: snpuqg1
Node 49: zje1qif
Node 50: zfjlyuv
Node 51: 0hcnrnt
Node 52: tuifo6d
Node 53: 08t7vo3
Node 54: rmzcvnf
Node 55: 4l95o27

Node 0: 1mmvoi3 6t0pmf8 idotoi6 ngfxx49 oeio0h2
Node 1: 8tk5vzc jpbod4q
Node 2: 21tw7j5 9v2duqe a3rclx5 q2srt0o
Node 3: 48x3lba b2huxbb fg5yy95 g6kcfks q93c59s w96wcpi yshjvkw
Node 4: 0co6ivi 3sqkzml ka6p4zu kfyb7gf
Node 5: j5g67q8 pes7d2c
Node 6: 530zjmn
Node 7: 6jabqmg oq0n2v7 sazyi50 wr2rodu
Node 8: an31hkz o9lx8qd
Node 9: 0gli2gj 0i3j5bf 1ntkedw 7v8gb6u 8h0ld2k 8sept19 b0qv67y c082ias cbju725 d9rlak7 dwris6b epe4qgy ihktlqp n15webh oaq407r xdpepo6
Node 10: ch86fb0 lvjg1c2
Node 11: b988hc1 kiilwoh olictmc
Node 12: 2ayzq6l swvbuff
Node 13: 549ny8l
Node 14: 10l16do
Node 15: 5t5dzpt
Node 16: v4zo483
Node 17: aatnaec buvq2m4 eh03t68 nedo73x rdm3glk z3lgih8
Node 18: q6homuh txkjw5m
Node 19: i2fh4g9
Node 20: 7gv0fvt
Node 21: 1g18aye 7280srv 8ndxwq2 rn19q4y tmk4hvj wx1bi47
Node 22: hvit8sm uosr1d5
Node 23: bu2zfxd
Node 24: rzkcq97
Node 25: dngdj4a
Node 26: 7283din
Node 27: pj4llsb w0l2y5e ytynigc
Node 28: uewtfsp
Node 29: lnj3gns
Node 30: 0d8rdtn 74wbv8v an2duko jqkf7mk l4kfopp p1irss6
Node 31: 6a47zsy
Node 32: 3hptvqx 62ao4dk paf4r9u
Node 33: 3gwnc8k
Node 34: gvjyhm0 qo770g3
Node 35: 1ch9vq1
Node 36: g5rd7gk
Node 37: md1bqom
Node 38: iv3liol
Node 39: et62ec3
Node 40: 84qswlw q26ty86
Node 41: w70zx7b
Node 42: 0xd8ey2 gu66ep7 nl7l12n
Node 43: vllxige
Node 44: ydi7jfc
Node 45: 9tp6pzz
Node 46: ul8hmjs
Node 47: g83zxcf
Node 48: rp55s1t
Node 49: 4hlordz 85ezz6n xylfkeq
Node 50: xb0t1tb
Node 51: 1np3yuy
Node 52: g0wmek4
Node 53: 4box8wv
Node 54: p0h1o7y
Node 55: 4zigcv5
Node 56: 5kv3gwy
Node 57: kq7wcxn
Node 58: fpnd309
Node 59: 3sxhh6l
Node 60: 8ktq7dh

Node 0: nvfwzth v5izivd w63zw47
Node 1: 0l6xeji auz23wb bynun38 h2oar4m lnjjn5d nu2x1g1 zu0cpgr
Node 2: 2im8jqa
Node 3: 5bat98b 6oy3eln 9rcryaw 9y0cggy arz7xa5 hclv6ql jflpz27 n3wuqek pg2kuv8 px5nrfz tc92lpy
Node 4: 1mvlpgu
Node 5: q2s1uxu
Node 6: 5ev728u cm9wjbn fev7cox
Node 7: z8dxzs1 zn3l4mu
Node 8: bnc7q33 qsekg9r smbe0i7
Node 9: kzypw8g lgqvmi6
Node 10: ga59ojx gonkydg z6yq9re
Node 11: 72o1vys zzrv1aa
Node 12: tgurctj
Node 13: hbpdb68 l6pbl55 s5z4b43
Node 14: cqin94o
Node 15: sx4upxr
Node 16: b9kra6a l32qn9p
Node 17: 2xdw0ag b3bfbkq n4yqtxt tsnxfgp
Node 18: tkn34rd
Node 19: bpt71q3 kunrvzr
Node 20: 966pw7h
Node 21: ykb54in
Node 22: 60knl3c
Node 23: moe5o2t
Node 24: e9lu7ai
Node 25: vusbvhp
Node 26: z5crrzt
Node 27: fclmsal
Node 28: 1gjrv1m dl482c6 fgib5ql rx71u3j
Node 29: 2ugjdhp hezhm1b
Node 30: ce5zh5b
Node 31: 360gy1r 63q26oz coutxzd qeeqbpz
Node 32: 4q5a856
Node 33: 692l7g6 rm3wku6 x4pzst3
Node 34: b3hb3ug mv9gtdu
Node 35: uyi1l7x
Node 36: x8cwnik
Node 37: orcgdqt
Node 38: ubniwj5
Node 39: 2x0jt13
Node 40: ftomopp vpfnkck
Node 41: 1a64iiv 5wg7bdd da3eced
Node 42: jr752h1
Node 43: 3010nvk l3deen0
Node 44: ulqq3mx
Node 45: yyr2swp
Node 46: ihjy6qh
Node 47: x0q8fit
Node 48: gr04m80
Node 49: qlx4g5d
Node 50: eiri2sv
Node 51: 7y4ftg0
Node 52: unx26j5
Node 53: uou0aer
Node 54: vwnso85
Node 55: k60slzk
Node 56: j9xxrtj
Node 57: swzxj2l
Node 58: a6gyo2t
