Node 0: 4pbjcal 70klwwr qv2rjd8 x5rlenf
Node 1: s9jl8pq
Node 2: t219nk5
Node 3: 32lbmyk at3rc3g
Node 4: 5f0mbjc qy39a0k s7cq1sz
Node 5: kfjos3w
Node 6: glqkk0q l4ai2wj upft7yk
Node 7: h3pkacb
Node 8: h9t4n9y kga1lxz rcf7dw5 u1j17oz z3iq4m2
Node 9: 2clq6wd x0f5g7r
Node 10: hy1as21
Node 11: t9b87u7
Node 12: z21966x
Node 13: t39f33f
Node 14: b0yvjtg
Node 15: webrwgo
Node 16: 0ej9uzb 81sapoa f2edruf
Node 17: 4zlclvv
Node 18:
Node 19: l1k6i37
Node 20: 3t6ayfj
Node 21: 44f1zl1
Node 22: cg7ihbf yc44ild
Node 23: 7mqnksx
Node 24: 929j8bf
Node 25: 29dzqrz
Node 26: gga3u84
Node 27: 6ihdln0
Node 28: h36nul0
Node 29: 77uv55l dnjuxn9
Node 30: jhxvmz1
Node 31: x5n5pyw

Node 0: 38hwvuw jwtquiu llr7hin mg74pz3 sln2ut4 xzvh1jp
Node 1: 6yiv1nj 9d17ltd inj6iz0 l7i5yak l9n37m2 srt263h
Node 2: 4y86oaf 9k2azli ns0ztbg
Node 3: b2pgg9m
Node 4: c5vlbtt
Node 5: az10pn5 c5eyfkw l1mgtjy p307cxc toc24hz xrec09i z7g3eo8
Node 6: 15vvjxk ou0pkeq sa06wj7 yjec2ju
Node 7: 17j2t1m
Node 8: 034wau5 3n7y7n9 81gq543 g3o6sta ldmn2hg odr3zf1 p690v9u thhcffx
Node 9: 7rfisv5
Node 10: izpcr2r sq7bkz3
Node 11: 6a0thv0 n24szc5
Node 12: 1twzjbq
Node 13: ujkjm4w
Node 14: qilo8jb
Node 15: 0ze8bjx
Node 16: lshocqw
Node 17: 4jk2bgw 5swgpxh j27awl8 ofojup9
Node 18: dr79esr w7s8iah
Node 19: 4285j0m 7ihdmm0
Node 20: g4wb11r gj14887 rhei4c8 xt1b8oc
Node 21: 3qrkq33 nuh5lar wm6ahb0
Node 22: q7e6s1d
Node 23: r4g2g90
Node 24: oei2img
Node 25: 1xwv85i
Node 26: rw1qqm8
Node 27: n0okyr9
Node 28: casofpd
Node 29: bzgs2gt
Node 30: f8yajug
Node 31: tzoo10g
Node 32: ipgnpur
Node 33: khpk4wo p86zg8v
Node 34: m59nako
Node 35: cn7jgr3 pkc35tf
Node 36: urdnbvq
Node 37: cfu2jcu
Node 38: 9i1x8wr xrj4rqa
Node 39: 033r38z
Node 40: pv48p9w
Node 41: 6gl04t3
Node 42: r0s0e6o
Node 43: wzhq6xm
Node 44: t5up3ph

Node 0: 112jm11 8n6d8mi 9onu86g a2rp0x4 dat3fub dh1ial5 he841xr ke9g1zz t6surl6 y376jpm
Node 1: 13e9b9y c5xleea edznsu1 qzg0k4z r2gkgn2
Node 2: 3iaiv32
Node 3: 77n6f8w ut7la1a
Node 4: 9onr4fp ah5yeij wh6dpsg wxtq45g xkndez4
Node 5: sjwmwet
Node 6: 3m5jpfw
Node 7: 071fodp
Node 8: bb1r4uy e3z0399 osw0nax uqgbebt
Node 9: ft7j82m
Node 10: 5nz0hdc
Node 11: 14bqr1y
Node 12: mbblcf9 xnymqce
Node 13: a10kt4p
Node 14: bh67voy
Node 15: clwbmh3 jcw22eq
Node 16: 1vqknwt 3wmjz6m
Node 17: 2cv2xac vr4oo07
Node 18: n8ii4h9
Node 19: kugyw2s owmlh7c xlvxjjn
Node 20: 9xrxbqb
Node 21: kpst86r
Node 22: 55q1ybj nel39b6
Node 23: roz4rui
Node 24: 90r2529 tjg0lx5
Node 25: r4nrkk3
Node 26: 6kf8y1a
Node 27: y2fgmml
Node 28: 4gl9zm2
Node 29: ng6b4hz
Node 30: c7xda70
Node 31: f6dd1dc
Node 32: juzd6cl
Node 33: ftyqnmq
Node 34: tgsazji

Node 0: rldkuyu z7yy2mu
Node 1: 1lwfoyj 9i54lqc a2zf3nq h8t7iyz pawnni5 qawwpfn
Node 2: 5h6sr3i w93bwiw
Node 3: 0t6jb6i 1jf71jw 6pkw690 6zttp44 ctw26ng kvskcgs s18rwn3 sx9hxbo ust4lti uwucmep
Node 4: ja8qpc9
Node 5: 2vjf9ao 52bsto5 czaebx1
Node 6: o82ymss
Node 7: ii8wl8p
Node 8: 184prc7 rhu9o7m
Node 9: 72gat9x 8nzvwrb xcqw9n7 z3zwong zz874g2
Node 10: 5opmjtj 9t8139f bzm4s8v dia194r jqh2rmz may6ae8
Node 11: nig8vmx
Node 12: 05r84eq 4f8xmw4 7zs99d1 kdccygz oetevak
Node 13: 16noz0r g0joq7o hn02yln mqe69ps
Node 14: ddz4nys t4f0z9q
Node 15: fwu6uos
Node 16: zhfy8v3
Node 17: 26vix0j
Node 18: oxa1016
Node 19: 6fti7hh
Node 20: p77x9oz
Node 21: 3fq2ys2
Node 22: qryzcwb
Node 23: 3furagu
Node 24: 0qsbvo3
Node 25: y6jv41p
Node 26: 8whx28b rdp2iw9
Node 27: goq2pb2
Node 28: txzhsjq
Node 29: nveuxdd
Node 30:
Node 31: 1vfjvhe
Node 32: 98567qr
Node 33: 6ymksr8
Node 34: 4b9k2i8
Node 35: t1zrjot
Node 36: uwmk0ne
Node 37: 7to301b

Node 0: 94s63b0 9nr3rn2 k337r6z p8biict q0n99ey x5rcpd0
Node 1: 2gtaqwg 5szeefg b9sbinn l8hx6ti ouxqs9m t37kpie teychi6 vm1cbkq
Node 2: 083nkrc
Node 3: 8cls8ee k2sw1rn onq9xpq vt16i7v
Node 4: vac44f4
Node 5: 9h8jiff qp3s42t
Node 6: 478wjqz
Node 7: 6r9e4bh bvchsl8 f3trc29 f9wcl9k fn40sxo surv6d6
Node 8: 4ezqrc6
Node 9: b6lgx45 h0etuqi
Node 10: tzf3ev7
Node 11: kyca2a9 t8wbjts vyrwj2m xx81x0p
Node 12: t3jh9xu
Node 13: rso8rzq
Node 14: jfphjrm umqouqt
Node 15: krupjcw vpdjl05
Node 16: 1o6d6k4
Node 17: fnte4lk mz9ylny
Node 18: 2b82tph 5iqak85 7xt5ysh 836shb7 wkvf1t8 xeuydzu
Node 19: cepfwul ge9g8zq
Node 20: rdgfcfw
Node 21: asrmtz9 lxkjap8 v5y9q6t v6sk2ns
Node 22: kv38rbs
Node 23: dw8297d ebp8l34 nfz4v9r os1v8ya ruy7wzl
Node 24: ckxye41
Node 25: 6j4yatx 942v4b5 bryl10k hn9gsqz ifwk6dy mcm5xiv
Node 26: 22bl1ri
Node 27: 9sv5bhv mwy0ifn
Node 28: 88ckf2m qhq0ekl
Node 29: dyy42q3 fksamd0 qla3x5g
Node 30: 3tdmmdf lde4hgw
Node 31: vo78f8o
Node 32: krp5nhk
Node 33: k6a6rnr
Node 34: tkmac87
Node 35: lakx5it scsf4c9
Node 36: 68gqtyu
Node 37: 0vs2sh4
Node 38: 9sfw15u
Node 39: vw10uvf
Node 40: 2ie939f c4mvlvd
Node 41: l4dyxiy
Node 42: 37e62qb
Node 43: chrt2n8
Node 44: hqx5kri
Node 45: k6ksmyk
Node 46: my0ppmm
Node 47: p0a6shd
Node 48: 61p4a1o
Node 49: c04cr2b
Node 50: 75zxch5
Node 51: wad8r08
Node 52: p510ki9
Node 53: iygltm8
Node 54: lcupl72
Node 55: 46oqrnb

Node 0: 5x87avw ks5av2c xt0ggci
Node 1: dv4bgax
Node 2: 4f17bq2
Node 3: ubw3xtj
Node 4: qh29901 s1kmc9u
Node 5: v69kflm
Node 6:
Node 7: 94vwk8h
Node 8: lmopek1
Node 9: joc8z59

Node 0: fstekz0
Node 1: 92jecrk 9nhw2u3 alo8kns ezcnup9
Node 2: ip4r9hd y4rq90j
Node 3: 8hkl0na 8wkpquh iry016o kviihq8 oe533wh
Node 4: ia3xjzj
Node 5: xysoprx
Node 6: u0yfq7c

Node 0: 80a3mru tpl6ket ued8nqr
Node 1: 00hj8nf 43plod1 9szrkd2 a9x573b ar4dmuz b4puie9 e9bgav3 gkwtxex kwtnjmu p6t8aly rwkn8sw stkj170 z0ioquy
Node 2: 863au6q dywm07j h4z2u8t k188cfq n82vmg6
Node 3: 2bhw64o
Node 4: 27fkyue gdabgsc lyp1y2i qlp1epm tn5fxj6
Node 5: 16sbkyg 2owfmf3 5xlj60q g7md3f5 gd0p5rt le4gxsj t0qb43v
Node 6: vb2l80r
Node 7: 0eudvbl
Node 8: 7nw07wr my7ppk3
Node 9: pxrfcaf snlf5qo td9h9dt
Node 10: 29mgt6q 6zy534d 8ihpcxy fl8rmar
Node 11: 8e16c33 s7l6mpn u6j426m
Node 12: t9hwiun
Node 13: 2qvmtw1
Node 14: qb1wsz7 t8x61wm tycdngk
Node 15: qd763vv
Node 16: 2to79if 3hy05m8 5dn1nor ckjle8v fkgak6d
Node 17: gf94v0p pm203wn pshb49c qfha5m0
Node 18: wlc67wm
Node 19: qfax7ot
Node 20: oylj58d re4ckgx xf9o4b4
Node 21: xw1pcjt
Node 22: 1pbxzqr 5tv51zc rc4kalc
Node 23: a6b0zbs
Node 24: 6pf8qgk efmtn4r
Node 25: lo5xotk
Node 26: q2gn96v
Node 27:
Node 28: urq4jlm
Node 29: ih9ak7b
Node 30: i2x24hu tz97to6
Node 31: b9txzbk
Node 32: 0wyesuh 5mq7ahu 6z2s6zs ekw3k12 xbwn21e
Node 33: 0euggk9 8r2l3ev gf168jo
Node 34: hel4w1q
Node 35: 3bhecfz
Node 36: s1hcafe
Node 37: 346m2v4
Node 38: 8rbi9vh dqbq6sv
Node 39: zhq1rt1
Node 40: p5e9env rx7ovma
Node 41: asw9ujr
Node 42: l5x2uew s5efg9k
Node 43: 0aoacms 5oaukzr
Node 44: szdxvxg
Node 45: 7sjpo2s
Node 46: kc25j6w
Node 47: xihrjca
Node 48: 9lf6ly4
Node 49: jix3352
Node 50: vn2n82g
Node 51: 59wbwar v204sfu
Node 52: 4dkh7va i3m3s4r nfa29c2
Node 53: birx4a6
Node 54: rw7rb1v
Node 55: vrgm0ym
Node 56: acqwp1t
Node 57: i3rdv69
Node 58: jfgoumm
Node 59: xo8idht
Node 60: xplhmku
Node 61: so6961m
Node 62: popgk50
Node 63: zj5awie
Node 64: omoecqb
Node 65: 8hf11ui
Node 66: iv13a8a
Node 67: hxsoyez
Node 68: mwmng65
Node 69: rjhsx18

Node 0: 09a8fio rodfazz
Node 1: aofbpc9 evs54e3 kukg9yn o585zq8 s1syf1d
Node 2: 14byr8c 4but3rj 4xo3skz 5r31ahz jejr29o z0ddtv0
Node 3: 0ohsr36 23g37no u68s65g
Node 4: 1k13mms
Node 5: scksuuu
Node 6: 3c7916u bv5zz5t owtea0z yp7mj1n
Node 7: 13rmsax
Node 8: te5tju4
Node 9: 5iko8pz
Node 10: 3782lh8 6u4csip
Node 11: 271s7id
Node 12: 7y2vmks
Node 13: qjvikho
Node 14: 6wq4gfd rgscobq t5mrcdl
Node 15: 4snqn57 tcefkki
Node 16: 2kpqmdb 78daa3h 8fi1g81 d3z08bb r5l4v7c v7ezyhb zkay367
Node 17: 6em8dmq
Node 18: igs4ydd x0b9xsb
Node 19: 1gmt8d7 dg1ig47 s77jln6
Node 20: aoprvz8 at4buzs sd76nih
Node 21: c8hde89
Node 22: nk88a0e
Node 23: gtp7cfw
Node 24: zvb88xl
Node 25: xze46di
Node 26: rruv5f5
Node 27: rc1ifpw
Node 28: tqnskeq
Node 29: 5mxlkyc 8lde75z
Node 30: bzyg73b
Node 31: 25uxsfv
Node 32: pa0xta8
Node 33: ujuj8co
Node 34: 1gpamo3
Node 35: n1h6xj8

Node 0: 3t9lmf7 81sv2si ba7zb8j jxhztx3 ks623rb p4cubhf y11jf9f
Node 1: i0ju0w3
Node 2: 1h351sw 5yrz5j1 rmftopt vn4u61z zm16dry
Node 3: gs5l4ol pg8pijn rf9ct6p s3up4y3 s92g0qe
Node 4: 4iyvq3u fdd02rv g5f2kzo od72huc ubhz4iz
Node 5: vam3amf
Node 6: 4styiuq
Node 7: 72018fa iw8z9xk
Node 8: eb8n6aw
Node 9: eql62r8
Node 10: 211iynp iqw5bo6
Node 11: a37zowo bhf58yr dtfhpnk mfekk1l
Node 12: 3dvs91i
Node 13: dmzsfu3 sgi1mmw
Node 14: ga30pv0
Node 15: 3uyvrd8 fefws5s vmbbsh4
Node 16: hdm1xy1 ho4gflf
Node 17: 3cyjj2g amjqxrh vx4nvhf
Node 18: k57hmie vdmq58f
Node 19: mewihap
Node 20: vk0mihx
Node 21: jtb15iz
Node 22: 2pcabix 6sbnorl w9zmr5z
Node 23: nctmnaz
Node 24:
Node 25: 8s7ktre cabkp19 i0ei9ur ke550ac

Node 0: 0nbdokk d1ra2k9 ei9zflc fxykr79 whw09k6 ywq6qt5
Node 1: g8jrtj9 p6k3f69 rqs5rn5 wslrc22 ylo96ds
Node 2: b7v3158 rru1w06
Node 3: 4a5s8cq f2ifnkv j5r4v0l tfq02dz v5ilw40 vayf5qa yxhnesh
Node 4: 3wqrqgv g4gikg5 kshc5ox
Node 5: it3hgdk
Node 6: wwd2tva
Node 7: a68zx3z
Node 8: eacwq5g idwpgkh sjpn637
Node 9: bu5kdqt
Node 10: 2ir251r aaqlo0g h9fsxq3 xqf8x32
Node 11: 2935x1g iidmf6a m6f0124
Node 12: abjq1dk
Node 13: i8s9try ih4ez2m
Node 14: ykkj64q ytbyxaz
Node 15: ybzkm8k
Node 16: 6qhtfgk n7lh8bh
Node 17: tk5zqqb z72qb3k
Node 18: cs4et3r
Node 19: ma73tw1
Node 20: 0dssviq
Node 21: 8jnt2ou
Node 22: 0f1bd3v
Node 23: fok4moj
Node 24: mxvkf8f
Node 25: 3fjnrpo
Node 26: sgbd3e1
Node 27:
Node 28: iuog2qc
Node 29: sez31ta
Node 30: w660e9j
Node 31: aew9jzs isvtzmc
Node 32: m1oyjnu
Node 33: yo3xf9m
Node 34: wwz9znk
Node 35: 7kqqaxa

Node 0: ps8yc02
Node 1: 8a0tdlt
Node 2: 45j5wcf f96582u
Node 3: 9243fx4
Node 4: 0ois7a9 25pzwnb
Node 5: 77ufb8p x575b91
Node 6: c5p0h8f d6mlsrl
Node 7: ik4fl6f oedqsny
Node 8: 7bg4q3z deu271d i9xbc8x pbmwl95
Node 9: 0ogifnn 7q3urve qp410vp
Node 10: 1zcpt7s 4t0mdwu 4y5lsnu c6yuc3q egn1jio vmb10zo xahvia4 zgp6zvf
Node 11: 76h8u13
Node 12: h870jyv o5d25jv
Node 13: s00uq1b
Node 14: 8uiit9x fydvv9k
Node 15: iwjjwbt z0la9hm
Node 16:
Node 17: m3clw41 q8dmums
Node 18: 21bvonq negfc9l
Node 19: fmik9po rc3drjs tuyl6g4
Node 20: bofkkey
Node 21: fdxi0ec
Node 22: vp4s7f3
Node 23: ecx6ai5 vz0doeg yuygpxd
Node 24: 5bhxbve ayrb42a k0s68ap m0dmmtx yhvzzkn
Node 25: 8u1bebl
Node 26: oc6ol8k
Node 27: uenjufu
Node 28: wh3r0ao
Node 29: yyjm915
Node 30: eq53gik
Node 31: u8b6mwb z35q21h
Node 32: cbedebl
Node 33:
Node 34: 6ykgp6s qj11sp2
Node 35: 73gaf0u
Node 36: sbvane2 uywilsp
Node 37: v6g8ca3
Node 38: j6537bg
Node 39: zywurd5
Node 40: os6idxc
Node 41: ugfmkw9
Node 42: 0l4ul8m
Node 43: 4la7vzr 8vmckcb
Node 44: t1gjlkt
Node 45: egw2rnz
Node 46: 68qf808
Node 47: 4xvh9a2
Node 48: 54v8lio
Node 49: s3ucrsj

Node 0: 3zah0zk 66qadpa 90jt5jl fmy7zcm lne51ey x0njfo0 zvsm56l
Node 1: 2jzeb1j 34micey 7ei4utr n3ctxe5 o1kgdtk uinzx36
Node 2: ueb0ztv
Node 3: hx8op37
Node 4: peijx2t
Node 5: 53cks9c ouuhzh7 wm1yipq
Node 6: rkd1j3g z2wzkk8
Node 7: ox9xv5u
Node 8: f5t83ns
Node 9: 6q8aiuo
Node 10: q1893yi
Node 11: t46lx1h
Node 12: xs7gke3
Node 13: mof602k

Node 0: 7bws10w dctdlma
Node 1: 0dk49ff 2iqjjwp asiwzio rcvk0pa
Node 2: 90dtuq7 p9zqmlz t5y7z9q
Node 3: 0bsn30g k4fgm0i v0ntebs
Node 4: ded0rbr jbweyh2 kqdtxme
Node 5: 6dpt39w g07tut8 g923rij
Node 6: 9k3wav0
Node 7: 68dmeye s30lr4i
Node 8: ta9ln7w
Node 9: hg15sju
Node 10: 49rujtc
Node 11: 533gc1h aits40a b5wxf8t lx3gjd4 m897mtf uhns4zz
Node 12: 6crj218
Node 13: v0xcaz3
Node 14: 7omizt5 92j6oyn bjfiqr5 ebtm11n
Node 15: 2jh90z3 3al4qs1
Node 16: 9qdv3w7 ge27ot1
Node 17: desljeb i61sbzc n0kbfwr zwhmwd7
Node 18: qs6svxq
Node 19: rg4hpkz
Node 20: 0qtcf1b grs7c52 t3x6rr4
Node 21: lfk1s1t
Node 22: 7r28w3r yg32gp8
Node 23: flr07n7 gtc7ct2 rahq1l3
Node 24: z2rnrq2
Node 25: kqd92lr
Node 26: ym3euwl
Node 27: ni5lzad
Node 28: 1i5kfuv
Node 29: wyarh4o
Node 30: sqzzadl
Node 31: bj7tnlt xjj3s9t
Node 32: n815oso
Node 33: g7bikcu
Node 34: hlijd4c
Node 35: aftb205

Node 0: 5n6eh6n 5w8jml6
Node 1: gkjis12 wewqxbv
Node 2: 25p62ed
Node 3: x19ja3q
Node 4: 0rvsccq 70s0wle 8wf8uik 9zvx7qi f2hy9k7 hi36ha7 th1e4e1
Node 5: h6rwpu2
Node 6: ika0nt0 rgk3lda
Node 7: hslula8 tawn8v1 v3wkjoe
Node 8: 2nlrbu9 b76rjwc fr9mt1e hsyasuh yjyt7zy
Node 9: i8bn5s8
Node 10: 8kadpym nzax07m
Node 11: kvrxxt3
Node 12: gmhg41o
Node 13: 1bdazth e8umvkk kb1ugv7
Node 14: 6h864w1 m8nsn1j
Node 15: cc79guk
Node 16: 32u3nas
Node 17: p07esuc vw42mu9 y4szi0d
Node 18: 092caki 7t211os
Node 19: pi4tuum s9iizca
Node 20: 3llfswd 4yczval
Node 21: es5ky16
Node 22: w2dvfb1
Node 23: kl843y9
Node 24: odaooe3
Node 25: l5lw6ln
Node 26: 395bocv
Node 27: 3cfe9zw
Node 28: fc898bm
Node 29: xpkr723

Node 0: 6kdrozj 9trb9zg b0xjivi crii3fs fsxgtyq h04amho ijxujef j06c0il j97zq5a ky39mea n0dqtgm py97wzv qeeszht
Node 1: x9nultz
Node 2: iit4ul2
Node 3: xyx5qv7
Node 4: 6qj3pma cgi4582 v85g8cj
Node 5: 3ptjd6r md8sqnm
Node 6: kiiwp2m
Node 7: g09b94e
Node 8: v4gtc08 ybbt8tu
Node 9: 2suojon olez9xd wckntjv
Node 10: o0nqde8
Node 11: 5u42sg9
Node 12: a8vkdv0 haqkf1b nwfhp0i
Node 13: wngk8ey
Node 14: csuvkg9
Node 15: o0ykv78
Node 16: 8fy2j2y w9of946
Node 17: 5wokaad dd0gp0r qjgy708
Node 18: f8f54n3
Node 19: 0uptial 2i7ueej 811vv3d aixe0br rhp4non uva178u vhp12j1 ywyfst5
Node 20: qzgxiag
Node 21: u1pgq1y v1q5vp2
Node 22: 90kc9uu
Node 23: iqim779
Node 24: 2sn7m2r im6ky48
Node 25: 8260bd7 ao0dod5 univhcg
Node 26: ewr940b
Node 27: 4irijmj i2h2pp5
Node 28: 1wwh6g4 jfp94gx up1g2bh
Node 29: nt6lnpp
Node 30: qxbufhj xtwoxk1
Node 31: 2ycxg10
Node 32: w0jr2om zijrwon
Node 33: qpthlam
Node 34: wdipwpc
Node 35: 5p0b33f 5ttpm2n pznm0h2
Node 36: pmhzjkr
Node 37: exwhggh
Node 38: fycctzz pcig7b0
Node 39: slkmoy6 wqex7xk
Node 40: 24zfcxl
Node 41: rq3phby
Node 42: 2sclq3d
Node 43: 9wkbbu3
Node 44: hj0e8l9
Node 45: zqrs4zw
Node 46: kspbbvp
Node 47: 6dkm5q4
Node 48: jd27ukg
Node 49: olktei7
Node 50: 1osfec8 3mfexe2 z7gpro3
Node 51: l3pjqnv
Node 52: xmjn28r
Node 53: 3zynbql

Node 0: cph6j3p ebjz1ss u0gedov
Node 1: 65bf3cv sgsm5tp wb8yd92
Node 2: 8ud00lb qi1qjnq
Node 3: 5nupv8k 5vjwolq m0lvz0n n6nl2b3 nt55klf t254jou tkpjntv
Node 4: 99m9648
Node 5: 0m44vk9 3bzv46h h5qsjne zul0p2l
Node 6: p8o2ax3
Node 7: at55y4p
Node 8: 9mlit9l
Node 9: 7tnw2w6

Node 0: 5g4l6qh fcf4tm7 fdo52z0 itc16sm j019qel q2vkr0f u7c2ui4 yvk0vhq
Node 1: 39u2zrb
Node 2: q5lgczv
Node 3: whr0ep7
Node 4: 1f1zfgs
Node 5: 6qw0yb0
Node 6: zsn5ezr
Node 7: 02yg0j7

Node 0: kt6ear5 sbl3k1l sjtx4c0
Node 1: 0my15gg 77y5n9v gb0ndmw
Node 2: fkdc58y
Node 3: 1xbcqvn xo15y8g
Node 4: 07wl1ak 0iuly60 c35gwmg fl1s4yo od863rw wph64o7
Node 5: dz76ua1 vpk95xf
Node 6: d0joldr djawzhy rgdulno
Node 7: qedc4i7
Node 8: 5lmek8p
Node 9: szdu2m4 zbsd10h
Node 10: 85rexaw
Node 11: bz2b7o7
Node 12: dgh4vog kuz8xlh
Node 13: tltazll
Node 14: ioknz4y
Node 15: g9wriq3 lrxkv8b
Node 16: 975lwb3
Node 17: gs4osfs
Node 18: e9455m0
Node 19: r5lpzoc
Node 20: k7v2fdq
Node 21: f9ynayk
Node 22: s9e8aym
Node 23: x248j3p
Node 24: rmpgd0h
Node 25: epcp5bn

Node 0: 0a5cinc idk7y5y
Node 1: j65vlk3 m1ziwmr pcsspg7
Node 2: e3ee38h eevtbvz p9colsx
Node 3: g4vgoue mab4bq5
Node 4: 4ouax0r 59dxtfh b0nta5z gn5fejp nqcrv0y
Node 5: dt70oc0
Node 6: g0o0fcq
Node 7: 4k1fe1k 69s1kiz f3pubp6
Node 8: kldgoa1
Node 9: 9yuc7s2
Node 10: xia0axk
Node 11: 60w37ou i0749tr
Node 12: 0g0n230
Node 13: gr7687k
Node 14: lkfs9yc
Node 15: e0kpxwq

Node 0: b6uyo72 ozfu42r tcb6857 yuceoi0
Node 1: 8pdg41y qmnuakb
Node 2: 7oeb1u5 h4hv5it i7wipn3 nxthwx1
Node 3: 862vtko o3ehu4b
Node 4: gdvf37k ix134tn
Node 5: 0opeb3a
Node 6: 553zlxi gqjh6e9
Node 7:
Node 8: tk9ih7s
Node 9:
Node 10: xexmqe4

Node 0: 1gnp7ik
Node 1: 4dygo9f i8gxowu m1pueo7
Node 2: 12gaelu 1fk9bkw 61qpba2 8pvgvlo bpbkso0 gw5n3tf ppz7dys q03facm waxaljw
Node 3: 1501fx4 dp718kn sf7uh0u
Node 4: q5s1r8e tdw43qb
Node 5: gqor3v7 jhd5w2j
Node 6: 9rc46wz fghc3jk mbbe51y qkkea7a xyq3t4a
Node 7: 1uvke1y 42r9tog 4ikcwuk 5w8fvs1 9m41o6r bdmhrqa bzzczcl lsy709z o8r3nlf r7jaj3w
Node 8: 6885g5a ce4mmuz zg51l8q
Node 9: 7c6duts
Node 10: ip3j3um
Node 11: 1sa0ou6 codtxt2 g3d5onu reaqtp6 zblophc
Node 12: 7eih7pk eepcbcs g0smq2a k5hrb68 l7ox9qu lb534zn tddqcxh wrq1sik
Node 13: 21414eq k2m4fn0 kkrffvr odp4m5z udmgvq3
Node 14: 6k7vp3p
Node 15: vrbq0wq zvthud3
Node 16: riz4qnz
Node 17: ufnlsgx
Node 18: 4hu66zw
Node 19: lv8deso
Node 20: 4ysoaf6 hnkw4cg
Node 21: i0xvra0
Node 22: 0if3egl 0tirgxy 1y1l0l1
Node 23: jhspq38 xlj3bub
Node 24: by5jnb3
Node 25: z9y07hf
Node 26: huq28ds uc1ikro
Node 27: 2gceqh1
Node 28: cqwyjrc
Node 29: odlnw0m
Node 30: ohi83td
Node 31: 2y1x58j 3temuku lducvid
Node 32: 776dz2e iz77tk3 r2rroei t9ryvjo vz2kxvb
Node 33: csei3ch qymkv9y vkh5693
Node 34: ew8slcj ngylj68 r5e1d5x
Node 35: 6ielggp sws2zyp
Node 36: jk8cm2g
Node 37: mfjsb14
Node 38: j01hqw2 zwdafm2
Node 39: yfinhkw
Node 40: q67u4e6
Node 41: 9fmhgxx o5rov6z
Node 42: whi9fe6
Node 43: o6un18u
Node 44: t380qys
Node 45: vvmiifk
Node 46: t9zf8l3
Node 47: 434dj2g
Node 48: 6r3bo00
Node 49: vxtia7g
Node 50: wnlbyh2
Node 51: vhhlnnq
Node 52: kongwnd
Node 53: orrx3f9
Node 54: 85dqd2n yzqa4cc
Node 55: bpph76s
Node 56: prbkbwa
Node 57: y6pmsvb
Node 58: lth5q02
Node 59: 20j995u
Node 60: 6973x0c
Node 61: do0dhs7
Node 62: vynqdpf
Node 63: blhqykj
Node 64: zrkj8ek
Node 65: rm83ni6

Node 0: wklynm2 x9213xh
Node 1: 5njstqj 66qqerw 6clvfsn 805mogy 9rxhz5f 9s6xk22 arrumqt d2hipxj dnbfnaz e3i9idu ejyqsx0 em4xpyl f5ru39x hp5h3lq i7lcdzq j9jjbwa jpwmbte kbtwbzu kidclyo o5o9znn pkvu80l rzvk860 sou0ikt uqmlmnp y7hyyis
Node 2: ty42tx5
Node 3: 55qju3l e2v53ts s73tfil xrtsphm
Node 4: 5qvn2te ek3axyv
Node 5: txjkv46 xogu6rq
Node 6: dfedtpp
Node 7: 6r5b0ce
Node 8: 3jjxlkj zt7c1ds
Node 9: g9tkoh4
Node 10: j9wzs4v
Node 11: 162gbit
Node 12: at5rh9w
Node 13: wbvcnvk
Node 14: 8b8bj6e n41g9sf
Node 15: cedgzzg
Node 16: 1qolk8g
Node 17: bmxjlj1
Node 18: 0or5joh
Node 19: dwvg9n7
Node 20: sj0qwof
Node 21: b0wj32r m72c92a zewzm52
Node 22: h44xnqs rrushc4
Node 23: f43b3fr
Node 24: kyxfd6e
Node 25: 0m7pt91 9mfbvor
Node 26: 1ffe91i
Node 27: ix7e4n4 pvxhj9v
Node 28: oertmuv
Node 29: y4tid78
Node 30: ocken98
Node 31: wuk53gx
Node 32: 111ib3v
Node 33: hw2clpn r7y1flv x9xhuw6
Node 34: 2ipe0zn
Node 35: 7at81v4
Node 36: m94syae
Node 37: a6wglbr
Node 38: ayhq185

Node 0: 6wjw8h5 pcs7qi3 v2qc7f0 z1yvub9
Node 1: f8mkrp0
Node 2: ur4kpv1
Node 3: 9lygvwz
Node 4: eowxkca

Node 0: aum7hcd hib0ope htajaor p0qhtq2 sb4wpcq
Node 1: 78spwvv ajgd4e9 xq6x4ca
Node 2: 19hjuyz 1mwxriw 6ra06uu 8a762wc 8yn96vg fbso3gw jz0xezk kqj2tfz kv0g6bc t4pixl9 wbkkriy wsv3duh
Node 3: rzt2anw
Node 4: 11nhe6y 66mujvb 8xh6mbp 9mt4xzi cn0jx5e e7tzx8t o6ywyi4
Node 5: n0g48bh
Node 6: 3g0ezmh
Node 7: 4216bhq 8k4t0zw bwgfk2i dohx32h fy77dqh hmaekkr jo0cpcq pdahb1w rr7vhen tgg58yo
Node 8: ovjjs60
Node 9: yni0ol6
Node 10: mp0b2ug rkojmz0
Node 11: swo9vfa
Node 12: 7uedld7
Node 13: h2ci74l ie7ypgw min039b ni7q1ow
Node 14: 8b1yxcl imwqdyt
Node 15: 1aw6d5p ilc6jta r6q8oyd zn9pplv
Node 16: kwn7lf9 pir579r
Node 17: m5hndgk
Node 18: z5887ft
Node 19: icfhkej
Node 20: 9gjhi2m pgelbq3 sqvedi8
Node 21: 39sv43c 5zpx89m
Node 22: hljia8i pu6epfq xovcks6 y1vqcwn
Node 23: 8mn5u2e nlef8qv qvhx5fn
Node 24: cvmall1
Node 25: e20438f fljflm6
Node 26: 5w3l3gi q0q98iu
Node 27: wjfu7xm ylvz0db
Node 28: 2lypt0o m54tw1d
Node 29: b44rbh3 d5vozls irzj6ae
Node 30: dewv3am
Node 31: 3cmtjlw j4had3u ouqx6rd
Node 32: azw98f8
Node 33: lnlibeq
Node 34: v5ecjg6
Node 35: h9hlayx
Node 36: a240r8u
Node 37: mz41l1p
Node 38: x5kkn4w yv54gsp
Node 39: fte2iit
Node 40: 3dl6ufm
Node 41: rk1oo07
Node 42: d0wdb34
Node 43: dncvve3 wvesh4d
Node 44: kcsn7dl tmvhovi
Node 45: uc1l2kt
Node 46: yfkzzdo
Node 47: xr5a3rr
Node 48: ymelc86
Node 49: 102v5ce

Node 0: 27plbia 42baqca 5g7rgj2 aa511vr jkgfofi y4lv9oo
Node 1: 4bat09p
Node 2: 35fjzxz tk312rd
Node 3: w8emvd6
Node 4: 31iin84 7316vv4 axv9p4w mezjup2
Node 5: 3npq6rb 4nx6sgc 7htgj5n 7psbt71 ispc01y m45fs6f ubdr3cj
Node 6: 0t34e5h
Node 7: 26bwd5t im9wemn
Node 8: 6x4343m wfx9foi ypndx9h
Node 9: biu3ofp
Node 10: 0jmzi3z bezfp10
Node 11: uyx6834
Node 12: xrroqe1
Node 13: 6kbluge wiul5wl
Node 14: d7h7qqr
Node 15: g8e9ai0
Node 16: 1c7vzi5 3ep805f xrd7rzh
Node 17: ez9qkxq
Node 18: komn75l
Node 19:
Node 20: y199zu5
Node 21: c4vuc55
Node 22: lkwno5e
Node 23: 2xs1oqt 9ossefo

Node 0: 36p78j5 3l3m7lq 4s8pvl7 8mjhor5 a03aj75 bgtfl6q dzjgynv jd8wgpw o9093xj p5pyv6e tht1i9x zmyckgi
Node 1: 84srxyg dn58lup ebh53p3 sh8z96p
Node 2: h783czd o8glucb
Node 3: 8ahzxyy mpkarei owgusmo
Node 4: zcqk192
Node 5: 7spkd0t jre8onu wik1tf5 xhyp9o9
Node 6: 8ygw0r8 p2sj265
Node 7: 5odr5kl nzv5jmz o4g8u38 qts1bgy xmbnjwg
Node 8: trw1gtc
Node 9: ctb0lzt g1sh70l luxwnsq pl79i5a
Node 10: 5gu9qqp
Node 11: zfyaput
Node 12: 6mzp13d 8r7hnqp ai1vx30 we657qw ykdslhw
Node 13: 3vupws6
Node 14: v5n9n8z
Node 15: 9h167xu
Node 16: gzolnmw
Node 17: 4t4ljsj
Node 18: dhapo9e rixwde2 wkc5ove
Node 19: pyhwa1n
Node 20: 37rhzuu rsdkrb4
Node 21: tqz3j44
Node 22: tk71nd5
Node 23: 8fnwcqa
Node 24: n1yj53n
Node 25: i9b2uor
Node 26: vz4mx5x xeeom0l
Node 27: tfrh6ot
Node 28: gf27bfi
Node 29: jpjqjln
Node 30: d5a7a0r
Node 31: 5lwwf6y
Node 32: 3es8gkm
Node 33: o7ebkgn

Node 0: 2yl8f93 vc8jdku
Node 1: cv7klox
Node 2: f7ad3ea wwocvwb
Node 3: t4x7eyq
Node 4: 7pyedly ixogmy4 u4xv9mk
Node 5: sfpyemn
Node 6: 4a2liag kj0a8nt
Node 7: 5cxcmb1
Node 8: o665tig zddfih8
Node 9: zu16x8r
Node 10: ccymb9t
Node 11: b1kx0gm
Node 12: kiar3us
Node 13: ojjangg
Node 14: gr0oizy
Node 15: 95c2vj8
Node 16: l2h86ax wfuywa4

Node 0: 1hzxex7
Node 1: pmi0aa7 ytns7jn
Node 2: ikqa7fy
Node 3: 2kb47gh uxq5i3a
Node 4: 6lnfhiy m9mgh33
Node 5: zoja5ck
Node 6: 33qljyp
Node 7: 0oijx61 20ji1et ecxoupg l1f2gdi lqiwk71 murix1q rl5vsr5 xcg48rh
Node 8: fl15i7v o5gdqhd
Node 9: akgmxqp
Node 10: 7zb74ak kfv3e3s
Node 11: 1c38x71 oq6cfc0
Node 12: skssotq
Node 13: 0qsbs2q 10tzvmj 18jny9o afvnim8 agzbwds bvxvmhn jxti4wg u9xzvzt v3gp9gm
Node 14: c96u795 r3ah9tl rejdqc5 rj2d71n yerun2h
Node 15: 39whxts
Node 16: lt7sb3u vfqwawk
Node 17: xhb8vax
Node 18: 1cbiax8 2uazyh6 6ab46fx arbdxzy f84ynyn wup0jdb yx4zf68
Node 19: 9fq1ufn
Node 20: 3xeb7sg
Node 21: 5o38tqe
Node 22: zmzjnza
Node 23: 23vwr2c xghc7sf y7drnrq
Node 24: tebb1i3
Node 25: ez18s5h
Node 26: 4e82xpk
Node 27: uxdljdu ytpcowl
Node 28: mo4ifab
Node 29: e6i1xl2 gp5rliv yvcdjzz
Node 30: semcjkd
Node 31: wmg9y51
Node 32: 17v4xa0
Node 33: jzfqz5x
Node 34: 9fnjql3
Node 35: kzkm5zb sr9x5lj uegzpj6
Node 36: yitizrn
Node 37: 0p450qg d7bfv16
Node 38: q5on2n9
Node 39: uy1dpms
Node 40: po75bih
Node 41: teyheql
Node 42: d2war4o
Node 43: cytghs8
Node 44: s8wk8oq
Node 45: ohhnfw7
Node 46: fy5pu4h
Node 47: fbsy6u8
Node 48: 68qf848 hpuciqa xcw2onm
Node 49: 2x3q7ca b17ztpq
Node 50: 4vo8c1z 9a74ffb eptieby
Node 51: 2d5md0z
Node 52: hbc70ws
Node 53: p59xrp8
Node 54: r5d3wa4
Node 55: mz1exdl
Node 56: spn5sql
Node 57: 16cj6ea
Node 58: mugqqw4
Node 59: 4ip3nw5
Node 60: uv5z4r5
Node 61: 4uo738t
Node 62: zxfpmpa
Node 63: v951svd
Node 64: l6r9cpg
Node 65: hu1k25g
Node 66: n3tti20
Node 67: 3ilck0z
Node 68: 6li9wxw
Node 69: y8l6608
Node 70: qa3aejo
Node 71: 0jw21p6

Node 0: 36u97qw 7bswb7t 7l40nf9 bo2igg3 u2mweyi u9e9waw
Node 1: lv02cpj
Node 2: e712xka o3hn2yc
Node 3: r35zko9 rmmzzk1 toub5gs zgypzr4
Node 4: cbg5lq7 j9xr6ln
Node 5: nzjmnap
Node 6: 6txkhsz h0r03b7
Node 7: z4p0vot
Node 8: 9cu0g49
Node 9: 6k7u3yl 8mkwgja iwl1nqv nnb2hdh o4vt5lc
Node 10: n9493of rapz6nz
Node 11: ncxrbj6
Node 12: rq2alfs
Node 13: 6rlb0yx
Node 14: k3ngqjy
Node 15: n9o2gwb tw165ti
Node 16: q3m3nvd
Node 17: c784fzd celnnrk z9kaqdf
Node 18: 0ofe7i7 1f5xtlx
Node 19:
Node 20: 2e74wkl aqdmtze
Node 21: ldo5ugw
Node 22: eu4soac gtoevtk ljszcx2
Node 23: n0pdrol
Node 24: fgn4fh2 sck1ss1
Node 25: 9iv24x9 c8xhr6p
Node 26: xnk157c
Node 27: tg6w7py
Node 28: 42bo6fv
Node 29: l7vwad1
Node 30: 0o8wtc8
Node 31: h5u2utb
Node 32: 2v0gafg
Node 33: 7mftp66
Node 34: 19upkxp
Node 35: txoiqfa

Node 0: knazkbj
Node 1: nj14umg
Node 2: c2xfax5 ejtrnq6 fj4l33z ft0ks0a kezezu8 low6x88 mdsa51d ppzk8kq
Node 3: digtv2m
Node 4: 1ifjev4 yzg6tsz
Node 5: 4kvi3pl nde5pv8
Node 6: 98pbkfi
Node 7: 4tvjfaw
Node 8: 5hhvtjh i07qaci yostqbr
Node 9: kwm3nz1
Node 10: gwiz0di i18l6gw
Node 11: 3kommya cfkr43i
Node 12: shkr5xl
Node 13: 59k0mr9 sxjnf4o
Node 14: 5w6bptr m56ce45 ucxqbz9
Node 15: 85bsobd
Node 16: 5hfzpkf
Node 17: 3ail812
Node 18: hsr0pil ivwqupd
Node 19: lb3fke1 wjc4vph
Node 20: et966cl
Node 21: xfj3ejd
Node 22:
Node 23: l6cljj4 oudg5u8
Node 24: pskwy6j
Node 25: 6laqecn buyd9ex
Node 26: 45aq0b3 vu1ap3u
Node 27: 2qepezf xfsk62e y7g0hch
Node 28: 4ynl9h6
Node 29: ka98ea4
Node 30: ofy467f

Node 0: 2iwwuot 89jmcks ca8jzs2 cz3yjjc jtzjxqf nx2b32b o2x0kru oopvalt qz0r0kd vl37y2z zaud4tr zwx4l23
Node 1: 3l3fpci 5cjhtn1 6p4bfwl
Node 2: ffr3qwu j09pv1p qyg5qz0 w4pvte5
Node 3: zu3e7kb
Node 4: 1uefga2 32im238 cb5cdll e1a477r mqpom6o nx4bh8r xe8jx7w
Node 5: 03551cn 4qo176n 8kzv8w9 dosnpch w80w3bt z15bc0d zt4l99h
Node 6: dmlz9rw
Node 7: bakydrh
Node 8: 097kqqt
Node 9: 39ghy2o
Node 10: gds7laa
Node 11: 3ijhhdd
Node 12: 8667dqv
Node 13: idt7be8 ij7jjd4
Node 14: t60odo8
Node 15: 610hget i8p497g led4vl1 o0z0n92 skgj1z5 swgzlxk
Node 16: 99rzwns
Node 17: 5jqj43p
Node 18: kzkkaik
Node 19: xgcsdup
Node 20: w3g6i1p
Node 21: gjx3ser
Node 22: iytuuu2
Node 23: esw19l8
Node 24: cwg2mig k9lcw7w
Node 25: iz1g3c0
Node 26: v5p5dg4
Node 27: 8xx9r1v
Node 28: f83ttsw
Node 29: 0pkoiii
Node 30: s8dsuww
Node 31: 65ucrzw

Node 0: 84tnv6a brqomus poazwat
Node 1: 5qb9f2k edt10te
Node 2: tuadvnk
Node 3: 2228b95 22c157d 4h2eddm 6gzxuct 6zx4myo 7l13sct crraev9 csrepch j2rf04f l3kr9j0 lin2qs6 m9dj9zn ms63wqc o9i9e33 t1bxfot ug0jhp2 y6jbxi0
Node 4: 11b4hbl ac9lj3m eo3nvv7
Node 5: 6ip8sjh 9y2bhnt ez20tcn uytz4li xq8c1mv
Node 6:
Node 7: c3uczwj pqvq9fm
Node 8: 7ow5noj aeyjs5w bybh6cj f9432sl x5uoqci
Node 9: 2mlighr 2yb1wpn yls1oq7
Node 10: j68shu6
Node 11: o9masij x97glfi
Node 12: i5d9hoh
Node 13: 04ah4jq a84kek7 uyifg13
Node 14: 67m666z f2n6khw
Node 15: 5xsuir4
Node 16: ucfd3kh
Node 17: 634fdj1
Node 18: ch0mg8m
Node 19: 9s8hodn
Node 20: lzuokc3

Node 0: 2a2uhjb 2rkilmq 3cg119v 57eukc2 5p6sdho 65urv96 dfnq27l i29ph9w j2zwo6w linhqd1 mucsavt nicp7yz pj6k6m4 rcgjmcc ukreqjt uowddyj
Node 1: 87o7sf5 aryu4ny auui7ha
Node 2: 27hnxem fpz2v6k hscjkgz qzeyn0u ulg3hby
Node 3: 1onchsp
Node 4: ulx5jjp
Node 5: 5dh2o1o ew0i9p4
Node 6: uhaqblt
Node 7: 3i6kgnf
Node 8: bfwzewu
Node 9: f83w9ff sz23jb1
Node 10: f3s1cle
Node 11: 97nkppf
Node 12: f26m2v5 imr9r8z
Node 13: ddw8jpn
Node 14: avi6e96
Node 15: psftpxt
Node 16: 60zq036
Node 17: 6hx20zq
Node 18: t5nxusx

Node 0: 37qgor6
Node 1: eg0wp5y eg8tm67 hoz9bwk taado3u
Node 2: 2zzpwbl 7vvh1iq nxya1cl q1d184r y3yvxhe
Node 3: cfchdqz
Node 4: tfl1i9z
Node 5: d6wue1q
Node 6: 0619rj4 3cyhwco 57yqxbe 9gqnhkf cj134y6 fcv9tz8 mse03fj n5xd3ah
Node 7: vj4uomj
Node 8: 023t2pt 4s9pwrv trzca5h
Node 9: uq8zb5z
Node 10: 5zsyo66 jv3sus1 ngi8r5r
Node 11: r8ly2lc
Node 12: c18j29v
Node 13: 59k7ho1
Node 14: q4jra5c ufcb9x7
Node 15: rvatxcr
Node 16: 849acfq
Node 17: 6kewb8i rkbs165
Node 18: e2ly03j
Node 19: 28l7mmb ugsd1by
Node 20: gzzmjzz kpqn461
Node 21: vnut4sc
Node 22: b37ihek
Node 23: 6exlf2w xki4bsw
Node 24: 39n9ysq 9ka7usx blynbbr e7y2hwz eqadanv gi6abg0 qow0x0i
Node 25: 48nn1p9 btnmgtw e239vr7 kazztj8 ulqg3hb wmcjen2 wz83s1z x0n94he
Node 26: n7n3r6h
Node 27: 3ohri00 qyr0fj7 vsikbx2
Node 28: kvw57sc
Node 29: vyewyqw
Node 30: a0b92cl
Node 31: l7gyrf1
Node 32: j9cokkg
Node 33: 5d2vtg2
Node 34: ka2pd7v
Node 35: 3l60gnb 8glhbzk
Node 36: grabtdv
Node 37: vq38uoh xkn22hi
Node 38: stuwdx8
Node 39: c5sqp3t
Node 40: dtmgkes
Node 41: diahoap
Node 42: gpv7b3c
Node 43: az8rrxm
Node 44: ybubgmt
Node 45: novy9ev

Node 0: 4gz82kw oj85ht9 voclti8 xo8wt1a xua5b0z
Node 1: bc0r9o7 hooii54 p8h0npn
Node 2: msqh77n
Node 3: nmznse5
Node 4: zkehtz5
Node 5: ehhclx2
Node 6: njp0br2 r41q8wq
Node 7: 30fbi59
Node 8: 9gyxwes

Node 0: 194p57h 9r7m742 b5u9zbd
Node 1: 56tk52t a5nykjm bjjci78 sj0qa1h
Node 2: ime6fat
Node 3: 3giz3pc 6ukhz6t c8bc9aj csnzaxt majcgmx neliegi x0udhs2 yhqrphu
Node 4: 5h2bo03 c84osco t7tj82c
Node 5: 2vd00kb 38vkpp3 jc5t9fc mhkhc9b y7r13wv
Node 6: 3fj43m8
Node 7: kgxjrbm
Node 8: dmpif8y iejfdgq
Node 9: bawu8s3 qoadk9c
Node 10: n5fguqj tdhujei
Node 11: 1a9cfz0
Node 12: 5bbbn6u
Node 13: 39vwztc
Node 14: whr6raa
Node 15: gt5r982 qh036au
Node 16: gx8zmei
Node 17:
Node 18: 3uf8j4s
Node 19: e54na5a
Node 20: 61r3y3n
Node 21: dy9j7zl
Node 22: uqr4dbl
Node 23: v1wrubi
Node 24: 8ceggkz
Node 25: xp02kyp
Node 26: ep6qulb
Node 27: pj1lyld y2ybzs4
Node 28: eabrqj1
Node 29: em7znxy
Node 30: rkitwjg
Node 31: 24xoduh

Node 0: 4t5ga8a ad73x9a emg8dv5 g978vr6 ku973js n2o376l s02yrfk t6z21e2 wb6qmf3
Node 1: 1kbhqiu 3es1y0s vobok9k
Node 2: cvbd2vh
Node 3: 0hixlh4 47vzjyu 7m9gj34 bows1i9 eig3z6m heggz50 r9jmchd
Node 4: ehkymk0 lo798uw
Node 5: zz5h0ti
Node 6: 0trjwsc 1fmxapc 2qhtfag 9cyr2f7 djk1m4s p4c2iht pnsvfeq zy3vq7e
Node 7: fzogx3h
Node 8: 3esgrfx tuso724
Node 9: 02l74li ixv3kgl t9cxxlr
Node 10: 0p6j43w hi0nryz tj05vi4 yf3j5xv
Node 11: ykdvog2
Node 12: 1wwfuaw 2ostw76 6oisq4x
Node 13: xbbowba
Node 14: 5fz8n56 71w15mb mjeejti
Node 15: igopdl2 u4j67sd
Node 16: 2opadif d7w4f5q dmmpt6m dt675dn jug2g2g prchq8h r9ixn93
Node 17: 63wrf7q
Node 18: jwrsnyz
Node 19: oy0y837 ztelqqw
Node 20: 4n5rauy
Node 21: i4uoxi1
Node 22: f5fdnno pn2qs9m u8qxbbg
Node 23: o2rny8o y8crei4
Node 24: 3g6ujlr z648d11
Node 25: cbj2vig khw5smt qsyylw9
Node 26: juh4q49
Node 27: v8ijcd8
Node 28: msb0e8w
Node 29: 1a5b3gi nsjdmqg
Node 30: s0cxn3l yhbc1xn
Node 31: h3x8hql qyidbqq
Node 32: jza4br9
Node 33: cy3bjvs d9qgdo7
Node 34: s8laaj3
Node 35: r8n8g4j
Node 36: l5p21ee
Node 37:
Node 38: amrsesf
Node 39: k4nlwq1
Node 40: cqqz4z4
Node 41: win87jh
Node 42: bk11543
Node 43: c7jv8mz
Node 44: 5nmf79b
Node 45: ihxsy0r
Node 46: 4m9bfm6
Node 47: b9fb0ym

Node 0: xd887jl
Node 1: 748bnqb 7a25cr2 9oxxiee oipen80 rtsad6d
Node 2: 5c5iikz hbboj67
Node 3:
Node 4:
Node 5: 9iu1roy
Node 6: seopxzh
Node 7:

Node 0: lgx5tr8 vhsgubf
Node 1: hcnynzx to27r9w
Node 2: pqh36h1 wydg1vj xjzx7p4
Node 3: 2vy6x1l
Node 4: 0zteyyi rakm2t0 wsuqvp7
Node 5: 4vabitu qbdd01p qzxrdj8 tpcwdqc
Node 6: 3eon1zm 3j8yaye htqk1bb kee4pir lxcgi0l obpamt8 x3u2sf7 z3yk7sg
Node 7: 4xsykbr amrd3ii b97i28o hg5mtjo n36uqfe
Node 8: faqyso9 n4i9ch0 ulslt8u v04ikc7 xdf8h8w z89j5v9
Node 9: 18pk6el a2gfj88 cll4zjo
Node 10: 4fvtd8k 5b9rl3f
Node 11: lsuh598 nneef3x
Node 12: tpnooee
Node 13: 353cmo5
Node 14: 7gc1d6f
Node 15: hyk5dpw
Node 16: c9luj6p
Node 17: oz7g23d
Node 18: om2g1vc
Node 19: u738u2j
Node 20: gz8525c q2e9fnn
Node 21: 64n6g1o
Node 22: 22jxean p3b1zsv
Node 23: 907evre fq8bsyc
Node 24: qo2hezs
Node 25: evx1ldl
Node 26: 4gu8j36 hx1cwze j61m9qe mw6h169
Node 27: 4b4khig
Node 28: msxxe5c
Node 29: zgujzsb
Node 30: jef9bai
Node 31: rlwn6rc
Node 32: j6woeko
Node 33: iyg91ic l2dv8su urpyu63
Node 34: 6yrjaks 8nfi86a
Node 35: gppfl2h
Node 36: raz9dkf
Node 37: rlg1yrt tsvkwxn
Node 38: bf5h4x0
Node 39: qbhgp63

Node 0: 3uqqpti 574kvdf 9lufa53 fw4tex3 gujmobn measuu5 ncluj43 nmyoxkw qfd4zm1 qv3zs5f rzls253 ysw64li
Node 1: 0io0fjw eomukmo
Node 2: ej7fbk7 k5a46cu l2334ap rx0omdc
Node 3: 76yl9bi 7u6iea1 8aqoenv anayxra fzdhk0q hcf1usr it6lp22 nulozkr odfdzis z3ymazi
Node 4: 7roqoqq il0nnvy t87pm6u yg975ql
Node 5: od38w8m p2x5ej1 ulxv3ps
Node 6: 89x4cta t6e7ues ug7i11h
Node 7: 5rjqm88 7j8v574 g471pri idmfa4y l5rd858 s1tttlh
Node 8: 0pfsmr7
Node 9: k13r9uw
Node 10: 9hjhzo8
Node 11: 5lea2sp
Node 12: 87kxicf
Node 13: 8qns8uf
Node 14: ehia6t0
Node 15: ee071ct
Node 16: 7j8debs
Node 17: 6zdyze3 e8czt51
Node 18: ktnt8dx zahj1uw
Node 19: 3re4rwf
Node 20: oc7ru38
Node 21: ra5les1
Node 22: 3grd0hl
Node 23: gmkgidx
Node 24: 1sn96qj pn5ec0t
Node 25: 38hp4z8 hjj5aqx p5dvfdq
Node 26: gjp64is
Node 27: dduuzum
Node 28: pqcrkeo
Node 29: otevxiv
Node 30: r72d6q6
Node 31: qbsxk8n
Node 32: 75r7dok
