Node 0: 6lcvcfz 90jmped ovh0hz7
Node 1: 5ayclgh
Node 2: jz7vvuk
Node 3: qiqrsce
Node 4: 8rv3ne0 blz7c37 qmwml80 rjesxk1
Node 5: ufoqts4
Node 6: 0rhdqif 257q5u2 ayxhmf0 opu136y
Node 7: eei9iwp
Node 8: zfc513e
Node 9: 2dm6noz 570a3u1 aql0e4z c99ggg5 cdd5t8x vikz389 wo304d8
Node 10: 48wb4mj 4kdwf8g 5zoxup6 9lhvn9k cc3q5r8 l89s9dx xspjn8w
Node 11: 6uptkz4 xkexvwk
Node 12: jd152pz
Node 13: 8d8jv3r kejoiy8 vzllz3o
Node 14: 2bapj3h 54krwff xgjmm9g
Node 15: ww7j57y
Node 16: ywgrkia
Node 17: r4o2cky
Node 18: pluk1oj
Node 19: ctecgjl
Node 20: d9eevwk
Node 21: mxkfys8

Node 0: zbnvq7a
Node 1: 5bg8j52 bfk1g3a f2afd85 ho1m7ab oozov2y xfc57xs
Node 2: 36v887a hnm1l0v r7kr6v9
Node 3: 0e30245
Node 4: 7bzfa5f

Node 0: 6r9rob5
Node 1: adqq9h0 kqt6lc4
Node 2: 6gpp69d ed4ss3t h857462
Node 3: lv14xr8
Node 4: 335aljy
Node 5: 9frfmh4 f9e2yf1
Node 6: o9zn826 p1vdcby x4uiaxj
Node 7: 91sqz4o cefmnvd
Node 8: gcm3f6q
Node 9: 8laxbtc
Node 10: kr2gggi
Node 11: c8jnmey xue3hyr
Node 12: nmqiw12
Node 13: m5cd7rj
Node 14: wt445tf
Node 15: 63f3bfu
Node 16: r96xkly
Node 17: 53uqly1
Node 18: pmeswvm
Node 19: hf1kkj9
Node 20: udet95r
Node 21: h2jv4vs
Node 22: 8ny9ju1
Node 23: qfzs0nc
Node 24: 16x0779
Node 25: 52o9hqg
Node 26: tzr95tp

Node 0: 3566y0f djsjnvn ikcl27b
Node 1: fj8ui9i jbtcufg mfj2vrz upmiqto vvxbumf
Node 2: xsgz8tn
Node 3: 21b9aq2 6s0o31p emaicrn yify6d6
Node 4: li979zy
Node 5: qm46l0h
Node 6:
Node 7: ajdvc07
Node 8: kgerho3
Node 9: pzygup3
Node 10: uj3r84h
Node 11:

Node 0: gwelnvp u817cit
Node 1: 06aeroa h6waai6
Node 2: 2033gsd hzi283o j8nzt1m lpo9a15 o16r2bo o431ong opkjih7 q1ga15t ys39pe8 z1gi68b
Node 3: phz84c9
Node 4: l3yhmfg
Node 5: e2lxlvc
Node 6: 07pd4do 1ancqrz dj3yv6t ewtt4ka j3oai7d m890v7q mkulcma orofp3a pdf37zs ppoayqg tg0dj7z u326hx0 vg9oxto vkbir6c xl15b5z
Node 7: 0epvnyq fjoalc0 mvtucsy
Node 8: vz511lx
Node 9: 1ka0h6l amtt0fc osq45js z44hmhj
Node 10: ro6auoc
Node 11: vsvy9yl
Node 12: ztivlih
Node 13: m7wd8rh
Node 14: hl9r794
Node 15: 5my1epo
Node 16: 3bomgr2 5fic9d4 fv6kagh owmkp4u vr62hgr xy8lumz
Node 17: rgj6qz6 y7gayz3
Node 18: 0datyyr k1biw1b
Node 19: sfcqwr2
Node 20: n8g75hd p9x1rcz
Node 21: 02u5zd3 itxqrxm sjpu02u smp211q
Node 22: 8hdak50 bsddpvs
Node 23: ewpyx6o nxsa75q q420y9n wxcygh3 xppaidm
Node 24: zs3dbtx
Node 25: 0pnx0z0 6a6tgvl
Node 26: xgy29rx
Node 27: w4sun9d
Node 28: u2oeyqs
Node 29: 63echkt
Node 30: dfgvjkj nzo88qk
Node 31: 01vjf1c
Node 32: omhf8au
Node 33: cl7bg0d s0ihnn5
Node 34: bohnt02 v2u1w02
Node 35: h198orz
Node 36: 3j68s11 mixhz18
Node 37: ps4zmoz
Node 38: 1r6cs9m x58lumb
Node 39: geqq8vh
Node 40: 4bq7fdb
Node 41: 1iu25nx
Node 42: ba6gm75
Node 43: d452oap
Node 44: 0ce6r8f
Node 45: f0dbz44
Node 46: n85g697
Node 47: t0ezyhn
Node 48: bh563zi
Node 49: 1n8znkh
Node 50: bjriab8
Node 51: l6r910j
Node 52: ytv82ed

Node 0: 4lmjods r7lqaed x4k5xwz zo1xzr4
Node 1: 30hkl9r fhx3bb6
Node 2: 4r6u358 fi0pqtj
Node 3: 4bnjkih 6tiwe4y jel32cp ljnfdg5 mdgrq1a r939sc4 rfcj8a9
Node 4: 0l4g843 1txyil9 9o4q3ki azyoq00 dikgsz3 fku3nuz fzxo0pj nn8ax5b tp2309m zvcnlpn
Node 5: oilqy87 zkzuzqg
Node 6: abc02nz gd93btx n6p0kyl qaqhluq
Node 7: gywajfe mzud8qy rdlfwr2 rmpr4aj u5zeosp
Node 8: r4rget4
Node 9: cii3tba
Node 10:
Node 11: 12v6kbm
Node 12: fz4iwe6 sb8jvgp vtxx9xy wvztw7x
Node 13: pblw5g2 siv43bd wzqmu34
Node 14: zs7sxl3
Node 15: n0qdmcm n51hjfr
Node 16: uu5jefb
Node 17: bdt5726 mgzejh1
Node 18: qdyado5 sear456
Node 19: 7rwe6uh uiadclo
Node 20: f8nmweo
Node 21: p228kbb
Node 22: 5li8wl4
Node 23: 7xbfoqa
Node 24: pqdoyrk
Node 25: bko6ia8
Node 26: 2r983wc jq1e7uc
Node 27: 4ltsncq
Node 28: 4d76ziu
Node 29: korhkem
Node 30: u0klydg
Node 31: 2pzm2uy
Node 32: en2w1l7
Node 33: 007cuda
Node 34: gebzv2h
Node 35: atcs97x
Node 36: 505o10x pidfi80 sn8jxo6 u9u019m y542j37
Node 37: 9d5s3ed
Node 38: wff3wqj
Node 39: hjcmmjq
Node 40: 831h4wo
Node 41: 0c0ugz4
Node 42: om4wtnu p5viiyx
Node 43: w4vxee6
Node 44: rgqkwgq
Node 45: jergnh0
Node 46: 0twt28a
Node 47: evgcac4
Node 48: iosgoa7
Node 49: s7zscs8
Node 50: o1082yc
Node 51: azozmll uwxw035
Node 52: icxqg7n
Node 53: q0tl913
Node 54: 8rrowus

Node 0: p68u14n
Node 1: gjmdxj7
Node 2: kbnjn3m
Node 3: 0bquv54 93p5wo4 ouc9m7w rvsousx v5qno19 vw4vcgl xl1jamr
Node 4: afvzssm
Node 5: byujc48 ndkbbix
Node 6: 4buv724 5cg0z6l 97vhs7a 9bd2kos f3fsepc m0wsjrf pqquqr0 xb336oo
Node 7: rmy5dle
Node 8: 55safhr 5hbetki 6oa1hl6 iji5t5l
Node 9: wbtfmlw
Node 10: 0nadpzm 5urtnhj 7sd077c gqrhp24 tu596y2
Node 11: k6ard1x
Node 12: ozekslh qulie2b vaafise
Node 13: zcxvz55
Node 14: es5ovr1 mqcs754
Node 15: brpo3s2 jj9mhe3 voer8le
Node 16: 7zofcus
Node 17: scjjf2k
Node 18: lxjeqm8 qae543f xd34xi5
Node 19: 7ndn4b1 b7e0jcn
Node 20: ri0d1s3 sebguyq
Node 21: 7pmtbfy
Node 22: nfm0gcc
Node 23: anvuu64 eopgiv2
Node 24: c30neyh
Node 25: 43nh8yj
Node 26: 4gpwfi4 71z8cf3 w6sfilh
Node 27: 62a24vr
Node 28: jeb7kax
Node 29: chukukb
Node 30: 7gepl51 eo46268 gbpsanq hwh3fzm
Node 31: 821x8uy
Node 32: dozeo8d qh0ytlw
Node 33: esszngd
Node 34: c88inby lghon4n m6o5m22 mq99tkv ueqmjw7 v8jczjc zmbvyec
Node 35: nrhdkll
Node 36: twgl44u
Node 37: assllah
Node 38: qvw0ksc
Node 39: 3a6gwb6 5avp7fc
Node 40: tyr8fue
Node 41: 9linspf
Node 42: j8cfbag
Node 43: zxzndq5
Node 44: ks9ywrt
Node 45: qlmztw2
Node 46: 59o1y72
Node 47: d9h9rvl

Node 0:
Node 1: 8c9ly96
Node 2: 2d7h131 yju7kbr
Node 3: rj4fulg z97qya8
Node 4:
Node 5: m17goa9 pdb49ab yzq9b0o
Node 6: 4wuq0ye r482nfw
Node 7:
Node 8: 5yjhjm4

Node 0: 3e59sso 3qawnl3 5h9sbb6 9ztut9r aracswu d3uwxod jezijlv ub4lvo4 una78jf
Node 1: 5xjnpfu imf5uaj
Node 2: r3xmz8k
Node 3: 14d2n1n
Node 4: 7bqgdri 8ziq06o fg758ho ghpphaj i09j9ce mel9shk u9q47p3 uuajqat
Node 5: rk66ihk
Node 6: bcp7gqg peak7mg xwd8oa9 y9km7m6
Node 7: wy98azu
Node 8: 8ysakpu
Node 9: b6nup0r
Node 10: 142r2qq
Node 11: 08zkr3q
Node 12: p1d6kjo
Node 13: nqy7ntt
Node 14: 8wl094h tqonajv
Node 15: n20lnpu
Node 16: 3hexbdq b0zivn3 m9xe9xo qhjc942 quu9lja qvmplzt trgi17a
Node 17: suh5sbh
Node 18: 44ljr19 ykx4m3y
Node 19: l6spnuq lcsuyyx som8yya xp7243m
Node 20: 95e098k m7rb6wj
Node 21: 3notqlk plkwxx0
Node 22: 94lczz0
Node 23: ly6fr5a
Node 24: km61djv
Node 25: mlnrdij nbjvrrh p8hkhln y30zudn
Node 26: 1bpop2h
Node 27: 9gdln1e
Node 28: qw2t12u
Node 29: ov1ixwf
Node 30:
Node 31: o76rp9m
Node 32: 69yuwey
Node 33: ehmkhfp
Node 34: poas0q2
Node 35: camgg68
Node 36: 9io2bhr
Node 37: 464z25j
Node 38: g49e9jn

Node 0: 7btwju3 d659x0t eyusnae hvqeqkl uwjw1qr wm5y8ps x6sb9xj
Node 1: hmm6pra jfkb2wi
Node 2: 9faykdf lclh00d rtbjpgj tb2ndcf
Node 3: 01ihu8c
Node 4: upq5wuf
Node 5: 07hak2e 42mluxg 477bbx7
Node 6: 8dxz1y4
Node 7: 7v4ktjc p5y3ldf q3alzej
Node 8: ifuwl23 jm52cmc
Node 9: klt67ba
Node 10: iokglhh
Node 11: n7xkz0o
Node 12: akjpa3l
Node 13: 1b3i0zu
Node 14: n6dlaik
Node 15: 6vtjkbt
Node 16: fqv3srt
Node 17: 4uh6tfp 5y8p3xf
Node 18: 8q1dp9y
Node 19: iy3fd4b
Node 20: 4e2nljb

Node 0: o6gav71 s8x6svw
Node 1: ezvu9ba hxrzs6e
Node 2: avyh6ul c6jxnzh e9nxm12 y3z0lzf
Node 3: 10w25ry 7bv3961 89we26o 950eczs b7p896c dfbd7mr gbbntyk jdy7sqy l53zoq7 lohipm1 ordodal q7qyyxp radxso4 sklaj2b
Node 4: al4a31j tpnjmvf
Node 5: 09q8k2d
Node 6: 2fmomgh hcpjzxi ji00xcy
Node 7: 0xmh615 9f9gc2t bqkcal3 dhg3giz izaokec sriaw8z ttjtoxo usm12kp v2ekgim xy4172r yw5z3tr
Node 8: 0tuit3t 1tqngfg ca6178e fgg2unm nnzfry3 ve9uiak
Node 9: dy48n8j f4zw1wq
Node 10: 9g15fht
Node 11: 8ej85ag j15gxsz
Node 12: hu9z69q
Node 13: pblns7y
Node 14: m1uifrp
Node 15: repapq3
Node 16: 1onje1l jmsrr5q
Node 17: qm9e0go
Node 18: 2cs14eo jsydxpm
Node 19: 4t4dbej j8qreod
Node 20: 5s0cgf1
Node 21: n19norp
Node 22: wtm8apn
Node 23: ohncxjf zemiolo
Node 24: bc7xwow

Node 0: 88a2rtc aed71nl crtg2kj pp53ujy
Node 1: 25bc211 7k84fir 8vsu5i0 i508w3l n6jg1lp ywnal3o
Node 2: vzfqxzr
Node 3: 031gsco 0vhin19 azaxubr c6k0twh dyr9vw0 hi74ap6 l25ctma oidjof5 um9qdw7 vzbqp2b
Node 4: h9cy9zz vfu3eap
Node 5: 733hpyn 7d6cjs8 7tdanxx in7p7d4 n6toq2i ssnnhvf tyca5w5
Node 6: 0fgih1y ho7iqtw jc39hja zs12l9i
Node 7: yxffryt ztmtrqv
Node 8: oc66wyn
Node 9: cjg3gou obsxo61 w59hm9a
Node 10: 9eins60 bzjh5d0 kv0akza
Node 11: 8c87ark pqo0htm
Node 12: 160sczg imgf2c4
Node 13: 3s50sr8 av0uhy3
Node 14: a9p1t54 rjpwspg
Node 15: m6kd85h
Node 16: m3jrkrn
Node 17: cpwv8pj sraitth
Node 18: wzr6nft xbqtyfj
Node 19: ea1ll13
Node 20: fon4x3w tmgmcaw vjzuv50
Node 21: b7bvnd8 cx88tl4 tjh92dp
Node 22: 79o5hja kkxqdiq
Node 23: b5b6g5l
Node 24: whwuqgh
Node 25: eq0es3m niimziz o5qznhj wyswngj
Node 26: 577w8ea 5fwy1zp bmdfdu2
Node 27: hued907
Node 28: wkwuuwp
Node 29: 2oaxna6
Node 30:
Node 31: qdd0ale vhkemos z3f4ro0
Node 32: jy49bvq
Node 33: zqkr25k
Node 34: 0530xy1
Node 35: 1p0ecc3 78xgcnp tg767aa
Node 36: ahd90cy kumptwz
Node 37: 5g1jvg6 ppbvyda uwsyjm9
Node 38: fw6gblo gvxm50t l187f6q
Node 39: 6aseham
Node 40: 6cjjs1w sgx51x5
Node 41: 8a52w2m
Node 42: lwvcnrr
Node 43: d9o48sc
Node 44: mloka0x
Node 45: z1k7oh1
Node 46: 6339wqa
Node 47: zou096s
Node 48: agu1h2c
Node 49: qd58s4l
Node 50: 17xdue5
Node 51: jlus9o7
Node 52: neqzc6o
Node 53: 7qydysi zf2meg2
Node 54: 9y1gaz3
Node 55: 8mdk2ae
Node 56: 4apxeuu
Node 57: oa194qw
Node 58: l61abxp
Node 59: jdcofm2
Node 60: wlwjhud
Node 61: kw4g5sf

Node 0: 26zzol8
Node 1: k9w7eko
Node 2: b31xxm2 ztkmqim
Node 3: z818eqz
Node 4: 4o7a1c3 99oirh5 fyisr2c ibg7gpt k8r83qs
Node 5: 2vlhdcp 75d7nnb gsfk3di qvk0v80
Node 6: 0qicukz 6gk0ic8 gy22nbx jn3zew6 p6r3tyg
Node 7: skx2971
Node 8: lq00zgs
Node 9: mzcm5g2 tyst2sf
Node 10: 5gsgz1c
Node 11: ciobhl3
Node 12: xkt0j77
Node 13: wxldez0
Node 14:
Node 15: s4ebavn
Node 16: mmi8yzy
Node 17: m2d7l52
Node 18: 5xttcm9
Node 19: 4wqc7kt
Node 20: 23uq3hu
Node 21: 28a0bit
Node 22: gv7w6zj
Node 23: tc5jpzp
Node 24: 0dclaa8
Node 25: rtsh1mx

Node 0: 5iuk4ch d0eqrc7 iwndlc2 nq4tuwy wdhhsct woeh8ea xktk5kn zsr46as
Node 1: aelcdrz g75dd50 p53mp43 qare9jb tdeahvf
Node 2: 543cytu pqdfowf
Node 3: 1gcjju2 qcpp1jr
Node 4: 9dcq2en qbkvpcz
Node 5: 9esd0wb ds6reyb jqv3a3g
Node 6: wmibgvq
Node 7: 62njmvy pcd4c9w ql13h9z y4it39a
Node 8: ab4rpky
Node 9: hf6c3qk
Node 10: 9sec69h
Node 11: 0dvf3pa 99zp3oh fh8ljjp
Node 12: vz9s8pl
Node 13: enbqcby
Node 14: ii86leo
Node 15: art01bk p6sbnq8
Node 16: ggil3lb
Node 17: 0taui43 16ympss
Node 18: c98n40m
Node 19: e7wyf4u
Node 20: nh6u1f6
Node 21: kwvg0aa
Node 22: 8j7oo12
Node 23: eciftb2
Node 24: qwgoxdg
Node 25: ggd15o1 p3o8n6p
Node 26: uj4tb7f w0bb1w2
Node 27: kivckby
Node 28: 77plo3q h57geas
Node 29: apghyku
Node 30: em1bx3t
Node 31: at2j9ux
Node 32: 7u84swm
Node 33: 44q6ywi
Node 34: 2e6uafa
Node 35: fzs952s

Node 0: bls8t9a rxllydn
Node 1: 6x0qcrb
Node 2: ivwjm4n kcyswp1
Node 3: 15d67wn b89vbnk bb0vrb9 f37uplq hgnbfne wkj7tze
Node 4: 51wfq32 r3l7hwh sfg9xdp
Node 5: b17ehxf
Node 6: 4w6ro10 dt8lyua gcyrkq8
Node 7: le4a2xu
Node 8: dv9xwcc fbqat3d
Node 9: bnqttwb izkpv3e
Node 10: v0ieil5
Node 11: p14a2dq
Node 12: 57wes83 qmhk5il
Node 13: jzopzw7 pih6mac
Node 14: wkktsou
Node 15: r74767k
Node 16: zglh6g4
Node 17: pkc3azn
Node 18: ne6o5p5
Node 19: 4xpi44t
Node 20: 5fw9p4d cscrn0a
Node 21: aahvfna
Node 22: 2ap5z2v
