Node 0: 4q74w4f 4ujym5a lugnew8 q4m5vos uut08x7 ve3r52z z4rkyf4 zw2534z
Node 1: f0b0h17 hhk44dm upj5i7o
Node 2: 8m8z96y te1by39
Node 3: 9u3x820 bf0hbae hy0ibnk j9123ig
Node 4: lin9ymr w5fkcyp
Node 5: d9xo6cm g2qyfmq pgm9wmt s4w56pv
Node 6: 5t09197 qfaacqb qhvqqnc ssuklmf wrnpbw3
Node 7: ai29k26
Node 8: muor0aq
Node 9: ik401fn xjdqfbr
Node 10: kmzy85z
Node 11: 4bxaets v4f0o01
Node 12: 8gr7gad nuhp5kn
Node 13: 7xs2rdm
Node 14: 2bndg8v 3y2dy42
Node 15: k26a13f vz3i7tq
Node 16: eyxz9xs w1hdkl3
Node 17: e7ibhx0
Node 18: 7zim3cb rn8mf3x
Node 19: rlmj6ln
Node 20: 2t8e5mj irelsgg w66kseh zq05k6f
Node 21: 5i08m7w 7dk1zlp
Node 22: 2k0uqtl kcdatax
Node 23: 7j0dq0m
Node 24:
Node 25: d7158vq
Node 26: padtr47
Node 27: ce8ruk0
Node 28: einse3z
Node 29: x22cm7e
Node 30: vnuirav
Node 31: txx6c59
Node 32: 5hbi508 k5ssmy0
Node 33: tu54x0a
Node 34: mttvrsi
Node 35: plrsyko
Node 36: i03mwu1
Node 37: mm5g8xb
Node 38: 1tn62pr
Node 39: z3or5lu

Node 0: 2r6107c 5djnbea 5glf1yw 5mc47kd 74bwg7x 7iqbyf2 7j2u3ba 9egisbk cgwy074 ea7lwnj f1khf62 kriy1z3 na6qc52 oi9xzbe qc1yvfu t1r3oxp ta2bvyz wsufbgd xrgj7l4
Node 1: 9bh1z4f bum2lyt yxnpf21
Node 2: 7x9n3qb a2v5nwq bxqranx euw4z66 nd3gzn8 q86bevj qilddsa sc98vn1 u6tz46a ur6g4er
Node 3: 2xmx0wv
Node 4: 3by4l62 9xq4xo3 no3br26 o0ra6iz x5xu85q
Node 5: j3t8ewo
Node 6: g1skqnl uktl3jn
Node 7: 2gc2wpy mlg8m4u
Node 8: p36e3qk
Node 9: 31k1chi bl12t6h
Node 10: 3gamy4v
Node 11: 57l5cz5 cbtg870
Node 12: 73km6k6 tdii0wx
Node 13: 2e4b0tg ey5sc35 gdl6wk7
Node 14: 0bgjxbd fvs00mv nce9plp pe0sdr3 t87oamy
Node 15: hxkj5gl
Node 16: rem31ed
Node 17: 9t922ld j8jnfp7
Node 18: 4jwlaf3 fpywj0f jb10q28 lq7e6pj pcxtqkw z3bu6sp
Node 19: 90qsdne a423kqw m4vijgj x7a7tsv ywnlaag
Node 20: vgcemyt
Node 21: s2l46fb
Node 22: vd6ua82
Node 23: ge8p5w9
Node 24: iq5l5qr
Node 25: upow9c9
Node 26: 7dlgtj1 s3w6b4b x9e5gos
Node 27: tc79kxp
Node 28: 0m3ky34 2n3nv4x
Node 29: 4k1e25o
Node 30: 33j3uta
Node 31: bb4gzt1
Node 32: jdqwhty
Node 33: ca6uu1f oibhteu
Node 34: ojy2k6q
Node 35: vmxq5tn
Node 36: 7zballh
Node 37: uybs6wl
Node 38: c58yerw
Node 39: 0iymblp
Node 40: yd58a1b
Node 41: 97ae71r
Node 42: 20tdvbd
Node 43: ca1scoe
Node 44: io4f6pb
Node 45: besa2b2

Node 0: 6b4mp7i
Node 1: 1e4vzff 6ruv9z5 b3b5m57 dr9kgei f10o9xm ggj9cpn p9ygp4i
Node 2: 10uxgcn 3rsf550 7bixnf5 noqnyvc of9bwn7
Node 3: oj0okey
Node 4: j61jrse n2oul59
Node 5: 8j2aa5e 9j55h0m k7f3fyb
Node 6: zgwqyvx
Node 7: jtxlp74
Node 8: pcnu99g
Node 9: 8o5jnc3

Node 0: puuxjrf
Node 1: 1gb03qh 9rhq7y4 9u9ux3j b470u1a
Node 2: pqsz4f8
Node 3: rt4sn0t
Node 4: cxxsvxd gzsh42k
Node 5: 1fud51p 38yy5f9 3ut7n9y 6xgcnnt 7xy81rt 9gi6t2j a7yj63g uiga864 y4zo2of
Node 6: c4aaw57 ct0n5xl cw04bxs irkzkpq k2dja0e
Node 7: a5m01tu f1epd7o r592g7c
Node 8: oxof12z
Node 9: 0qegtwj zoxfurb
Node 10: yauidts yzv4542
Node 11: 0ypsxw4 7smfzdv 91fse1f 95mybnw fqv1sdi svm7b9v
Node 12: 71dnjhe l4ttvm3 lp1ser2 rpzgt6o
Node 13: rcdao7f
Node 14: 340s1wb 4zuvmj7 54nf5tu 7m4tn08 dtd4bhc qjy6s34 wboeoun
Node 15: cpnka2z
Node 16: 5is4enf
Node 17: dyu7aec lld2b6r
Node 18: e7zu356 x389qgx
Node 19: l18mof5
Node 20: ohqbjzx
Node 21: ft8thsy vg7yb3q
Node 22: 2zr3tg6
Node 23: 25z9bmp 2ilcxoc dcg3kic
Node 24: 9frp49w 9wu6k4h uzg8t7x
Node 25: 36ido8q
Node 26: ujpgfnd
Node 27: 3pi81ui
Node 28: aianyr8
Node 29: wnt90v0
Node 30: vi872eq
Node 31: tl91vgy
Node 32: e3899b4 eadi845 rnnllr7
Node 33: etm6xwi
Node 34: 8m68pwb
Node 35: gozd3r1 ib77dex
Node 36: birdghu
Node 37: s25oe0n
Node 38: shupz7b
Node 39: sa4v2fh
Node 40: 798x8ng
Node 41: 69nfjid
Node 42: xxyaub7
Node 43: yf2fxn3

Node 0: 4ozc3id 75zclmj b4wj7b2
Node 1: 6sv8r1y c5c778s fqurabp go63rqy pgg9z7f
Node 2: 2gvjdtc ar0at4k qzs58xr
Node 3: ht1ls5a kcqbyg9 y53h8od
Node 4: 064qt6e
Node 5: l7y2f0v zqd5ooy
Node 6: 07taq8h kj2xiar
Node 7: 4azb24g 531f7gy
Node 8: 109if7m 4dtt65g 5yzkdbm nrqoyt2 taq9qob u0j17em
Node 9: rxg73ql
Node 10: mkhqs11
Node 11:
Node 12: 7s72uk0
Node 13: cytr4x9

Node 0: 26aa11f 2mgdrb9 3o6zxn5 6vlgtv7 70vyzxc d8w1m5s e636w9e gkagtao l5t3iza o9qy131 ogekvf8 u05a7u8 ybz1ypn
Node 1: igknknq
Node 2: hb2m4t8
Node 3: ekikhjp
Node 4: f6psb01 hu5fm85 rvxmjvn vv1dawt
Node 5: eb8gqz7 n8vlg79 nq9e3qt
Node 6: 9vkw6ga
Node 7: s0vuvaf
Node 8: f09bndf uq2l7mx
Node 9: rg94mo2
Node 10: 3vv293m
Node 11: gz9oijc jmeqesb
Node 12: 55l8888 icoy8yt p0nekpl y6kwsvp
Node 13: uhfn5z0
Node 14: 2m1xag4 aa068xg
Node 15: 2ucrgl9
Node 16: jmriwcm qwrgzhb
Node 17: oh1tnob
Node 18: cpwf864 oyw6gkq
Node 19: ltdhhdf qnz5gwz
Node 20: 05jice7 7mvu1dy c2xgzfm r1pzs1h
Node 21: o2mzpnw
Node 22: 2ckqzij myvn0i3
Node 23: 8ehnbjx
Node 24: 18rz345 llkkqd9
Node 25: km8xhyn wy6xa1r yup8210
Node 26: 595hgeg 8leoo74 b0x491v fkpq18t g4xrdc1 tgezfg1
Node 27: hjl9hcg
Node 28: oz5p841
Node 29: c303x11
Node 30: 3bcmdi0 cqjby85 q0t62hw
Node 31: ngpgc4w oks2k8z
Node 32: vr3ea7o
Node 33: 90p2zep
Node 34: 567sq8v
Node 35: jzgz7j7
Node 36: 7q9vo9i z2zmsbe
Node 37: 8dpwy1t
Node 38: b9v99tu
Node 39: 0wed7mf
Node 40: bqh9h3g fuidnog
Node 41: 4qm2cno
Node 42: 0c3i1xd 65blncg
Node 43: zqcd890
Node 44: 83q9zqw
Node 45: 2ey15le
Node 46: 3qoh0my klad28b
Node 47: o78gdkz
Node 48: 95dg62b
Node 49: 1v44e68 jl1py4v
Node 50: 1gh3dxp fp4kliv gjuulrn
Node 51: 1yd7fzq 5vzdm0w vt7knc6 ycbqnks
Node 52: xntqxv8 ykd2f81
Node 53: 4blv2on
Node 54: yzg6wzd
Node 55: 0pim1ki sr8bilw
Node 56: 4buuduu 4p95ho6
Node 57: pm9svmn
Node 58: 5rsk76x l7q0ozh
Node 59: j52gfsy rbw2790
Node 60: peucgd5 qq0ey3x
Node 61: 9th5821
Node 62: td1dulj yssszkv
Node 63: edaab5l
Node 64: 8fydck2
Node 65:
Node 66: qtluovv
Node 67: 8n9qsdc 8p5x483
Node 68: o5v1exi

Node 0: 1ts7bc8 jqzzect
Node 1: axymh0z kxz8d46 w3g6jzy
Node 2: w7fteqf
Node 3: 1pn7dee 3pbhj57
Node 4: 3qlg1if mrbr1x7
Node 5: m4tlwk6

Node 0: osv1xts u0bruuu
Node 1: 2osv1n4 5124oqd s64aqp5 upnn2ap vjq83jh
Node 2: hor7zry j0y72hs
Node 3: 3odnc6k 8k8a9ci btoro9b
Node 4: 8cyd4aq
Node 5: 86at8jk 897zy9p cpty4fh qca7e8s xzvwmyl zol9j63
Node 6: 5jk4oy0 p9o6i64 vjn455k zv2ti5k
Node 7: 45eba4g apf2dl4 ivxxac6 l5gc2bs rxga4ks su5f9cd th21pjf un407fh
Node 8: uuzc7bs
Node 9: xck8bgz
Node 10: 49t4mxx 7t9u2x4 8iglidd aj4mar2 fd168ss ga9czua hl71gc2 x95gs93 yw0pqr5
Node 11: padf5vn
Node 12: 84gn42z dw17f5i mflz97s wbgfes8
Node 13: z9mdnzb
Node 14: 1da1irw 3xww8p9 j886bn5 wl3la31
Node 15: x4jd8hy
Node 16: yrz0ec1
Node 17: acj0phq
Node 18: ukd5xeg
Node 19: hmq1rzt
Node 20: 3wjlq7q 5o3jnqu 7uo9oa6
Node 21: 7fu3f00
Node 22: izmdym8
Node 23: ogu1jvd
Node 24: 5jyksai
Node 25: pvzh3oo tyq1c6p x327yvz
Node 26: 7kg7qy1
Node 27: w22zopx
Node 28: ldlzfph
Node 29: 5c46klg
Node 30: 3mql0a4 4q1htuh
Node 31: e227ndl hxaj4r9
Node 32: ag4k9kx
Node 33: 0dou4f4
Node 34: l7z237d mn1syqz
Node 35: vox2dcw
Node 36: 79hi3ms
Node 37: taeqcvm
Node 38: 49siuto
Node 39: iy7idqo
Node 40: mhcptoc
Node 41: rpe114g
Node 42: jrndmzr
Node 43: 9qk7skk
Node 44: ggrlizh
Node 45: 7teo68e
Node 46: 8zq2ooq
Node 47: jx8gzur
Node 48: hdawm2x

Node 0: t104fxq wrir5hp
Node 1: 97eqy1j
Node 2: r06fc1c
Node 3: bs61mko btkfdg5
Node 4: 7pj4u9l ombyzh7 yh6zods
Node 5: h4r7rid utcq6yo
Node 6: oinody0
Node 7: mlmhogq
Node 8: rx6iyny uncxb4u
Node 9:
Node 10: ebf5who iz78w1l ykq5o10
Node 11: 09uve2l 1zdh0ty c8lxfm7 f33ha7e fkqg8xp hwkmyk3 kyw8n1w m0g361o techwrb
Node 12: hp9x3ir p9uqg96
Node 13: 96cglb6
Node 14: 9czcuhq kjlx64w rwt96d5
Node 15: 3or930p fr3weoh
Node 16: jlb5why rk0smm4 y0wyaup
Node 17: 3d6zo04 idmaqvn qz904m5 zw6xqdz
Node 18: g5ipdbg
Node 19: jr6dfpq u8y6l5f
Node 20: pyighbj
Node 21: 98oxem8 tkqv84o
Node 22: 5bh597o 85ek1zx mff5csm w7ng8xo
Node 23: 3hst8uu
Node 24: oycokk1 pzkugtx
Node 25: 3xuf5o4
Node 26: 180v74o
Node 27: gstsuw2 skx2bg6 xjfupq6
Node 28: f0v7kgn
Node 29: hczcoit
Node 30: 9n03cax
Node 31: cfoiah8
Node 32: 43gqpce

Node 0: 7v0ao86 b7pd28w cnb4yj1 dpbfsyq mmro8la uhffv70 vk0rv0q zxanwam
Node 1: b0rhb6t c2ugqgg fi2hm1w k7zhgn4 wkgfd50
Node 2: b3coezk
Node 3: 380stfk citicie hayut5h
Node 4: iglhqkm mts2csc
Node 5: 6bhkkfd 9gu3gpx h38dk9y hro1bv6 lr26m90
Node 6: hd93r36
Node 7: 7u7fp99 h7w6zno
Node 8: 136udfj 1skkhsy 4gs9lq1 9pr74qr a5vlv8i b3muj4v czfcafw dj5u7o8 dxilys6 ea823ub hdttfd4 hsejhy6 lhzj8ze lkjjiry q78s0oq ztbiqv1
Node 9: 4p6efjs 7fsg883 8f6xzu0
Node 10: c85uqyy lz6se7p o7d4lng or3agip
Node 11: ceycr49 y2boa5b yr5brfe
Node 12: gelwksv
Node 13: xen3v2t
Node 14: 7xw522x
Node 15: ur73wln
Node 16: irr9za4 xiegc16
Node 17: fkc7lrs
Node 18: sukxk57 zxqluwm
Node 19: z0gu8bc
Node 20: aaalwas
Node 21: vyhcxgv
Node 22: g01rtzy
Node 23: rcbqc86 wwx1ewp
Node 24: 0wqy0fa
Node 25: p7n7385
Node 26: 088zup0
Node 27: 3yckjjp
Node 28: dh2t3gp
Node 29: lldepe7
Node 30: hvf8etx
Node 31: 4d3we27
Node 32: 4luhz3v q24vurr qz8rsk9 xsdknda
Node 33: 5ki2wgi
Node 34: ya6jbpx
Node 35: bk5atkd pbehpes tyowvh2
Node 36: 85m7ydd qn7dist
Node 37: pqlbwfs
Node 38: o0929j8
Node 39:
Node 40: 1j498cw
Node 41: mh79wpe

Node 0: gnhft09
Node 1: 351m0tk l1o04by
Node 2: 2zk42yg 94eddjl
Node 3: q22zy52
Node 4: 7uvgkvz
Node 5: k4u52ex

Node 0: 347azhl 4x6lqz7 6otxxux 8jocrfa ee6ha2k i9ne8j8 ipu2dsm kksdeql m4w4uf6 nsfalh9 o0nd7ll pd12ks5 t2ibeh2 w2fyfdk wp9x18e zt1dq11
Node 1: 50b41qg
Node 2: 4mn39p4 nogs3ha ooq03ba tpv5hkg
Node 3: 2sju96l
Node 4: 94hcu0y otix2p7
Node 5: jy7cc61
Node 6: jwmlv0w
Node 7: 4pbr70o yed7n86
Node 8: 55fisju oph7m21 s2t6i4d xuhzbfu
Node 9: a2wuam1 giia1j7 h8pe3qk oauw76j s7dcxte xralgvl yjeguau
Node 10: k05dwvh
Node 11: ammdwgd nl16331 tmzhavh vkyajgo
Node 12: 55ba84t dgadwzs m1y77x6 sqj816l ve6qtks zxr6ihf
Node 13: 4su2h4u
Node 14: 0kt8kez
Node 15: 58de6fx 88unjq7 hb6630p hwtbftb pf84m67 rfx7qxu
Node 16: 53jbnbb
Node 17: 9ed076o dxcbyum ehxpk9h q9cz2oi
Node 18: e7k4ryn
Node 19: 5jo8j02 6ynd1w4
Node 20: 336y4a1 muwak2j
Node 21: tmj0b5q u1tsobf
Node 22: 6q030z2 u0ffl9g
Node 23: x5w4uz5
Node 24: kds1oxc
Node 25: xbiqul5
Node 26: lsobxw2
Node 27: 3kj964o cns7ii0 zs6evxh
Node 28: ryarmv4
Node 29: e7ucc09
Node 30: fuk0si3
Node 31: 89v8h7j j4nnpto
Node 32: dw72rwu ofkw6k1
Node 33: fzvylqq
Node 34: xmfi9c4
Node 35: jagy16r
Node 36: l819emx
Node 37: rqjnplu
Node 38: 1pytubu
Node 39: yifg8d7
Node 40: 4iizbid
Node 41: gydxnqr
Node 42: 6r958vp
Node 43: 2ks2k91
Node 44: 0fzcqjn

Node 0: 0owy0bp 4d7od10 69neh86 afcxr2l b3ariid b4sk80v crjpwdo igx5z9y j8oo7lc jcmnmim kkn9e7n kx19uv0 lasp8sb r5lya6n rfg49kd tt0uvck uju2ux6 was9r0b zgol0q3
Node 1: ns6o4i9
Node 2: eu4wzv6 g6j594c
Node 3: 7l3a4jw hy0tyu0
Node 4: 100atev 4ujmfdk
Node 5: f4qf710
Node 6: u43e3r4
Node 7: 3n9kqxl
Node 8: j3r5t1e
Node 9: prnjnat
Node 10: s9e0c1k
Node 11: ydjvce7

Node 0: gdkim1s q3tnp5f w05h74y
Node 1: 462gbar
Node 2: 07bebmv 38prphj erbgd2p fm2qw0l himrouw l53dbga nalgntj ng2wgr3 no3r5q6 uvewfrm vhsfzx3 zo1aaku zvpeu96
Node 3: diftdyn
Node 4: ggp1nrm w538ov0
Node 5: ci44zob i7xcsks
Node 6: p4ng1ih whamoou
Node 7: xxdoowa
Node 8: g0f9xdz r0guu3d
Node 9: c73n0wm
Node 10: 7c2iahr
Node 11: 318udn5
Node 12: ehqzdx0 x30jxs7
Node 13: llgndzy
Node 14: lb1a9bh
Node 15: 25nfxxr
Node 16: 2wor0h9 u2rbr4u u8tr3wp
Node 17: oxh0csj
Node 18: qafpzh2
Node 19: q60rlwh
Node 20: kev300z
Node 21: u5fi3g6
Node 22: 6yhh1aq gwyqz79
Node 23:
Node 24: m7b3nah
Node 25: rmufo5w
Node 26: d52g5w8

Node 0: bycuhiw
Node 1: 07m7ruk 6a6o5uf ciuy2gh e45so2f eb1nt9n ezviv12 ixiynoh mv12lbl qf4dvgv r0bntl8
Node 2: fdsbid1 mjvz4jj sho33d1
Node 3: nqwn29h
Node 4: 07ejvcx
Node 5: hxb5dzj
Node 6: rt580e2
Node 7: jrwr6av xjoxyxu
Node 8: 5238nbj oasamqu
Node 9: i1ojvf4
Node 10: f1b5pvj jg09xp7 l7bszrn
Node 11: 8vg6jh2 ekcaae3 l5n39pl
Node 12: 3nflu15 zyxz56m
Node 13: 39h192d 98o3v38 e76e84c h4h81xe hnj4c8h
Node 14: 1zysel9 4uzutcy 6vfkf9e bd0gf6o nix38m0 ogcvyby p8ifqzb qftqdmh
Node 15: ptfckoj vbdfpnj
Node 16: 2ve2qdj
Node 17: l1fbxgw
Node 18: x6eoyej
Node 19: alqs61d
Node 20: qwsayqc
Node 21: 8pc4crf
Node 22: inyxrhx
Node 23: 3evdxra pldz1kn
Node 24: 0b3emcc eukspfb ezl36xv j7y5jt3
Node 25: k53sp0v
Node 26: 2q6hlbb
Node 27: mgmiir5
Node 28: 1jwz8pe n0z6wm2 o5ge37y
Node 29: l1r4ut9 wutdtae
Node 30: i4j50pb iboayzf kifc0jb
Node 31: dqv40r7
Node 32: pexjf86
Node 33: 4hc51fr ugo4505 utpwdew
Node 34: 0vvgdar
Node 35: 7zhdmv9
Node 36: zypns11
Node 37: 379yuod
Node 38: e2nletn
Node 39: 5598hx1
Node 40: l966dym t2l5ct6
Node 41: 7axwt6b
Node 42: 3qir3ol
Node 43: 5r3jqyq h7zk1yg untro3n
Node 44: gfqxfa3 tke0yue
Node 45: bcwohcc
Node 46: 8w2bdxr
Node 47: 6cj8mki
Node 48: mqhqw7y
Node 49: a9qc5gu
Node 50: hfmyy8b
Node 51: 67z6w8d
Node 52: 7r62wnu vgoal7n
Node 53: pfl7sl7 w0xf6j9
Node 54: wdnfuuh
Node 55: oofflbb
Node 56: sqeguxy ymo7ysg

Node 0: 6ncml3l
Node 1: 6hgm9n7 kdiuqj5 tsmacw2 w1hi48h
Node 2: 349wr0u

Node 0: ezbfbv5 t723ho4 ydm8vpi
Node 1: yb1qyyp
Node 2: o6maxmh
Node 3: 3l2qhcn c822uzs plge7lg w1slkb4
Node 4: a29rj2t
Node 5: 7tpsnjg i9f8s72 io2ug63
Node 6: jwjoykm
Node 7: 9kexrea hzpkgxb rdg0nlw un8h0dj
Node 8: 151l1rn 2hbxlji u6gg6g4
Node 9: 4evcbab
Node 10: z0veq9z
Node 11: l9htez9 qtcmt6b
Node 12: pyrabnr
Node 13: 2kb6o32 9cqnjlt
Node 14: fokbjar
Node 15: 06nhni0
Node 16: ex9uvxk
Node 17: l50uur2
Node 18: kdyrlem
Node 19: 1ohr9wr
Node 20: 2sij735
Node 21: v35nli8

Node 0: 2ik94lf ab17526 bjjhrgd
Node 1: 97qty78 fcvl3wx x4bsjg6
Node 2: 2nrmtyo 3m598c5 boap75h s92mrjy
Node 3: 4vxr5pt 6hhcxsy clc10tx l20vqgh n19f2kf zbypbw5
Node 4: tc0hfml
Node 5: j2gaa3q
Node 6: elako4w
Node 7: 0j9aaro 34v90at 49yp9lg
Node 8: 62p5vva 98qdx5q
Node 9: z1xheq7
Node 10: o38cz2n
Node 11: k6cnl4a vxvmodv y0vf7mv
Node 12: 3ed5j0g 9ouigvb ps2l30i rmjmzcy u87hmig zrg1vj1
Node 13: qj5tctu w2wohmh
Node 14: aki62m3
Node 15: iq117ro
Node 16: c9udw2x djojlax f0ejgbz
Node 17: 9twnlfo er28dhp q7forsh
Node 18: hcpmth1 jhgqkgn r60gn0z
Node 19: bezfyey
Node 20: imvi5lb u062ecm uyx78jj
Node 21: yyie2rd
Node 22: 1jmbbl4 bhf10fc
Node 23: ufb892s
Node 24: gjtlzi3
Node 25: 8h9282q
Node 26: r09338s
Node 27: otd9774
Node 28: uru2qdj
Node 29: q5yvl3l
Node 30: yt3p37i
Node 31: d4cjwiq
Node 32: agzwimz
Node 33: my8rolb
Node 34: hor2zej

Node 0: qcyix4j
Node 1: 0qceyex 2rxl7wu 2ykn748 3sgfym8 ffei4fj j0d07ki kyqxvjs nbjn3pk zbgjnus
Node 2: 8nv8kax emv4ex8 ggfmk8z y2f8rnb
Node 3: c3li25u yfxshhi
Node 4: 6tmdngf 9qf4f5o j6qc2ua jqjgdpc l1x96rf zf3zd91
Node 5: nmjdae4
Node 6: 01idqry i11mgsu pqbcbuj
Node 7: 2rck4tt 7v7z5h4 atw07st b1hld5n ef9znc1
Node 8: fvp5pvm jwvg83i w0iziea
Node 9: qu0emp8
Node 10: 4mxwoj7 f2ckkaf ghy22uq vqbrcxf x9wyh9j
Node 11: iyewqqe
Node 12: 0xnkip6
Node 13: thgal9m
Node 14: 6hwibcx 7hcp74r
Node 15: 30l3zjs
Node 16: 6mx0mtv m6ue9uk mkvrvca
Node 17: gih723f
Node 18: nioczsp vvsneng
Node 19: 6loput2 br7ydtc hncol9j n8qx3zq reibswz zaug8ax
Node 20: 6mcutjy
Node 21: ettxuek m1xg467
Node 22: 9aroifo
Node 23: zgm5qgj
Node 24: gucz1iz vp74yq9 yg2vfmg
Node 25: o8jhav9
Node 26: 6v273qp
Node 27: 4lf15wb 7o98mim zb98zrm
Node 28: hyvhxd3
Node 29: 4mr794l fkotagx pomflp5
Node 30: z3knp47
Node 31: t9gq6un
Node 32: 8y8wp59 wx41v45
Node 33: qkzet3r
Node 34: 08w06t0
Node 35: sesotwu
Node 36: g8r0b0n
Node 37: 4y7l0vz
Node 38: 3ivda7w
Node 39: nz7veag
Node 40: bgo84ot
Node 41: uvn3iyi
Node 42: ff2gr3a ne0dywe

Node 0: hq6tzba
Node 1: 46c7kit 57okgpl 591f2ba 9fvpbyy bk3ncag caovikd ekj8roq gk7y1kr gw093v8 lwvath1 mkc3ol5 o626yth qoffimy u261v6c vphlayt
Node 2: wntwsay
Node 3: 4g018es
Node 4: 9qii0zx
Node 5: vyzsyrj
Node 6: xdrajb0
Node 7: tpgwx90
Node 8: 3876v4u 4hddl5k bquxbte
Node 9: cbdedi4 o8bd8wl yjpi24h
Node 10: cnqips3
Node 11: c6y66nm gs0cad6
Node 12: ph0zo7s
Node 13: 61tyeyj
Node 14: yarzrpu
Node 15: 59co8id 7ab9iqs
Node 16: aupielc
Node 17: n5dfq4a
Node 18: ot3zky9
Node 19: gny4pe5
Node 20: qn74sqq
Node 21: laf45nk

Node 0: 1sv6zmd 2noudvr 4crny6m 9p7ywb0 a1ddz8k a5b3ywn dpelna4 dyt0iqg oi0o178
Node 1: 45xk0t6
Node 2: 3mtejfu 9kvszxb mtl959m
Node 3: tgy5f1j
Node 4: kbfb2m4 kg2hui4
Node 5: jsg2yce
Node 6: ej0zujf f05jdqk jnbkn5k vmeeadf wee8qnt
Node 7: rpm7ljn
Node 8: xcvmg04
Node 9: pu1azv0
Node 10: 128ytw7
Node 11: nbqjn4g
Node 12: ltkhr5f
Node 13: c1mipwk pyxyzxw
Node 14: dwvggih
Node 15: cagvkj8
Node 16: 63aox99
Node 17: vj91guq
Node 18: 6bi5h2c
Node 19: lkx7zja
Node 20: s5p3ty0
Node 21: 2qpqwou
Node 22: alhebew
Node 23: mcxcyql
Node 24: datshgg
Node 25: om2tx7c
Node 26: 7j9anu6
Node 27: q9jpqyk
Node 28: m9p992d
Node 29: r3x6b5q
Node 30: ukcpco8
Node 31: vji80r7
Node 32: v6fexdl
Node 33: uc41b00

Node 0: 00cjooh 784byz1 7c0qptf 8xg4b56 92bmxa9 cqxqzpd dgk4u3f dr6ngpo eize96p grxs68s h5pb561 h8tiqwi jxa5i9f lwju1wc mlswjjh n5wkyrh oc4w6eq qaz5ys6 qbfxgny qrkgm6s ra7m5lk rabyesr t0s0m4v uv7cs0x zej0y4v
Node 1: io8qw77 qx0nzsp ubzpvlk
Node 2: o1xzffo u8iyzbz
Node 3: h6wiaki
Node 4: m79nn0l
Node 5: 1l2pgv1 g86jygm j64fslf no5mg2s ypwhfsr
Node 6: 6fz62gt a5sjupk ckxdzgw
Node 7: mb18qye
Node 8: 4zqx92b 9q1qeix aps9yor zgoyfei
Node 9: zkq0x6f
Node 10: 1hshpx3 50y8y3c
Node 11: 1cd1yfk cwfmli2 djrau0n mfmlnam pxb88ff rqszdxu vgpud5w wuchgks
Node 12: bgzjr29 f3c3hoz
Node 13: 5q2yvkr vkqrkv4
Node 14: 2vf5juc i9r65ki
Node 15: 6q8kgfh z2rxuny
Node 16: d1kwn0c enepx0n tl3wa1u
Node 17: gef4ra3
Node 18: b5fv0nc
Node 19: 1zd2kja 66ksziu l86w01n oqu3aip
Node 20: plhqu1h q3ajpxo
Node 21: 9qf69g8
Node 22: 8dxwsvr
Node 23: 9ploz7h
Node 24: amefsqt
Node 25: ii0i57h
Node 26: 3888g53
Node 27: rhcuib3
Node 28: wq4s6pk
Node 29: g2exlcs
Node 30: goo6az6
Node 31: dsybuy4
Node 32: 9zbn10y
Node 33: dji21sp
Node 34: mc35eou
Node 35: cterx0q
Node 36: r6fkdva
Node 37: wqmzp3b
Node 38: aisk2lh
Node 39: 3t84mo5
Node 40: bh1clqy
Node 41: vnu2x3i
Node 42: siih69f
Node 43: t8fmofn

Node 0: 3xmvrx4 9tgjjps ejktzxg gnjxwph mh4gttz
Node 1: ga69f8d
Node 2: 2auc2t6 bv1it79 dsrizoi e1jxcxc gputkpp ixkb7en jlcqxmn jmix2sb r4thvn3 u079hpw u3uxs55 wsoowed xwa2y0z
Node 3: humseye
Node 4: yrfp7g1
Node 5: 12d67go fhehf12 i0cjgbm jabfecb
Node 6: 4bwnshx 5rv01qg 87b3ism brcz0bw gck5o2w ibq724w res4xrz ydhkv98
Node 7: 33zjw4f 4gxn8o8 7jmunty 9o39mzy cbowtoa q88buu3 w2oelek w2qvhxg xhdqqvu
Node 8: qwxatgr
Node 9: 8b7s49t drgdwh4 gqnmbs4 mrub8rb pj1gid6
Node 10: f1c2uq8 l4z3cnz zgapct5
Node 11: 4qv734r 5ad1zpz 69p0c7t mlzjts2 rd66jmi xysn2fy
Node 12: 39g6230 3xgriqa 7pw6sxz mja1ual verl3si
Node 13: dpwfud1
Node 14: ebgehkl
Node 15: v8v3oj4
Node 16: 8mj0fx6 aw2pbkw irnr05p
Node 17: 4zf6o1t xbufjp0
Node 18: k8jvvzr
Node 19: d5yduhv jgo4arr r94ow8e vmj6qpr
Node 20: x549ac1
Node 21: v6inuzm
Node 22: q2i2wl3
Node 23: 5ic8p41
Node 24: wysbutc
Node 25: e0wwwfa
Node 26: hl6mzw2 ny9e5i4
Node 27: 6h1wqvh
Node 28: c7gspvs mnkbu7g
Node 29: crbamgq
Node 30: 89foss8 fwlpx9q
Node 31: j80rtv6
Node 32: dtxb3km
Node 33: 7zdn70a
Node 34: gi7cffe nc8pvba
Node 35: 2y5cm5k cdofnjz izjbqpn j71mtxi o4fnmm5
Node 36: vku2cvd
Node 37: d2a0vcd
Node 38: 3ge2j72
Node 39: i98dsfi t0idw8y
Node 40: jyan2zc
Node 41: 1s2m44u
Node 42: a0dwuyl
Node 43: 4bc0n4j
Node 44: 478pget
Node 45: 7gmfpon nfmv3jp szx3sip
Node 46: 1za8lzb
Node 47: 1xsv3pb
Node 48: 8nkvjaj
Node 49: p90rapl
Node 50: c2b5abi
Node 51: gg3ruf1
Node 52: o3tj1xs
Node 53: pjrx9ub
Node 54: kc7lkl2
Node 55: n4rad0b

Node 0: 77m2otc hi52wqq z5zxm0z
Node 1: sb596rm
Node 2: ef4tj4y
Node 3: 6griet5 cj7qf9c ox31a1l sg1rw9l vwwau3b
Node 4: 5dsq8yl kbnfxqj
Node 5: g9130ae il6hx5x jejyvfk
Node 6: esh8j23 lxvefc9
Node 7: 4imer1c 76g3yt6 asth2kz lccc5om mse82qw u3sk6ck w3ba8ut
Node 8: 6vfka92 bdncfg1 ifc0rcy kviflot pmj7m8j r4w3tgu tld4pih
Node 9: 0sa0bjq
Node 10: hvup5vy
Node 11: 43it32k i3nw0sb
Node 12: cc9s3oy
Node 13: djrs58k f0v284n
Node 14: 0k4phdc 6q3qrrh e2569t4
Node 15: ii1ulvk shm6hg3 xnasqjj
Node 16: j12yirt wkq4df2 wyvxk5r
Node 17: 3ei3vfc 8qds4kx
Node 18: bek1nlw i0680ut
Node 19: chxih3v
Node 20: 1hgkk5d waldscn
Node 21: 1o6zlo6 29k0wuk
Node 22: ei1h6iw
Node 23: u1it1hu
Node 24: on4sj10
Node 25: 6una9y5
Node 26: 9vd8i4b
Node 27: ehgm0wa
Node 28: h97s6ba
Node 29: g3x19i8
Node 30: 431iefv
Node 31: u6q5udp
Node 32: lluenus qb1jxpz z2g6qi3
Node 33: d0erlrp
Node 34: 8csbd07
Node 35: 4zvy61m cehay1p
Node 36: rzj04xf
Node 37: 2brg8ir
Node 38: 69xo5uc
Node 39: jsbv9ra
Node 40: 4nw1nal
Node 41: vxedr6y
Node 42: eutn7n3
Node 43: jh9tptk
Node 44: jbs0evo
Node 45: 3vfjdgj
Node 46: d5vb3he
Node 47: 844zsyq azm205l
Node 48: k1h8yxr
Node 49: 07mcyx1
Node 50: n4abu5g
Node 51: bkjhdhw
Node 52: 4sowyv1
Node 53: eb8wv4r
Node 54: vxy3cvy
Node 55: 5vr8mtv 8qunm82
Node 56: 38gq853
Node 57: mgzk5ot
Node 58: 00b8l5t 3eponpg
Node 59: mql3tpf
Node 60: 4v0x16w
Node 61: vouq5bs
Node 62: 3c0h6t9 sev2vsc
Node 63: yyxdza8
Node 64: uv9b3nr
Node 65: t3ycs6b
Node 66: dnjlp1q
Node 67: o723sdw

Node 0: cnu8ihl
Node 1: hvb6t57 vgeyqwe xu0wcen
Node 2: ixnyz48 w3bryrr
Node 3:
Node 4: 0fpjen6 cffda6q jkuvv0y
Node 5: n6k2ucv oc95ntf oiif0lr
Node 6: pup2toq
Node 7: yykm5m9
Node 8: b2dyz38 co43k9b
Node 9:
Node 10:
Node 11: 4fc54pi
Node 12: ph6ti5s
Node 13: 2go9pk3
Node 14: 3daz13i
Node 15: s9p2cvm ypmfu0b
Node 16: etuwre0
Node 17: je9bl34 lzfv2oh
Node 18: ol9ouyz
Node 19: l51jrl1
Node 20: gsfom9y
