Node 0: 0xdjno1 2g9hnmj czru2wu fbdixg6 fvlxbqb g3ban4h gqfjsx9 lgqykph mlkxldg q407xir r6g2ncu rqci8mh rxiu9n6 v9q27pc wcg0y38 xfticc6 yt13jrc
Node 1: 8amvlip
Node 2: 2sea4hz
Node 3: hxb9bgs
Node 4: omc2qs1
Node 5: 6w17miw
Node 6: d94ho29 zhx6xwv
Node 7: k8mp7ph
Node 8: cramdsl g87jmu8 jgxge6q q2kxsg8
Node 9: jaw10bj
Node 10: 19sizw3 x5kepei
Node 11: 7uku4dl
Node 12: f9i3a35
Node 13: r4quko3
Node 14: 183m8xn 2cx5q0l 3qbq1r0 9xjkk9s jugwo5y se51hwy trbtm3s
Node 15: 25uozvm 625815d
Node 16: 09ahdb8 s1ol5dj
Node 17: g46r2t4
Node 18: 6756z4q
Node 19: nkhpouw
Node 20: 8fvqcmh j6umgn0
Node 21: d7bjxra
Node 22: 17oiwht 1qu2avb 81l1227 wll2n2q zeykjs0
Node 23: 07w0uf7 5c8v7dr eyjr3lj m170qkt
Node 24: 6cm3pw1 angxhi8
Node 25: lwe20w0 me07hi1 p4htvbc tkyj7xt ubf30se vuq4qe9
Node 26: 29ovol0 a4obshf irbb6rr kurpy5q svl7hxa tsxxx50
Node 27: uumu1ai
Node 28: n7zc6gc
Node 29: cmiux93 nnoivds
Node 30: x86u2vx
Node 31: rxq0rdv
Node 32: eatct5o
Node 33: 59xy02c lo43k1o
Node 34: m2ax5cs zz1csiz
Node 35: o2hq8do
Node 36: hx1lm85 x47ndg9
Node 37: xnvv2mp
Node 38: e0sb7ji
Node 39: 1tf34k5 ek3ijk6
Node 40: r1eoryj
Node 41: xyyvgji
Node 42: 2rp4jtr
Node 43: syz085q
Node 44: bxi1xb1
Node 45: 37e3hm6
Node 46: p62075h
Node 47: npwrmye
Node 48: cjecz1m
Node 49: fdemnvu vsefa5y
Node 50: isjxtyx
Node 51: 9zavo1x
Node 52: zzbtr35
Node 53: up7id1h
Node 54: glqim0r
Node 55: cxganca
Node 56: z79b0nx

Node 0: 3ols1t8 at2cy6c bik9a46 cw4xjxq iii88or ixo1z03 lkxj81s nwhlwiy qgq6uiv x2vcblz xwmpqav
Node 1: 0waknit fqrm4f4 pxuwqsj zo3vtqg zx5feur
Node 2: 0s7gani r1lrm8j
Node 3: b9xws5b w76cu65
Node 4: 463zenj w6rn0uq
Node 5: bjxkfcp
Node 6: l61rp87 zol9eb5
Node 7: 8gmgsfy ygjgadc
Node 8: b5j0fz3
Node 9: 9e2l615 p8tzfh0 rz3c5nn
Node 10: qujx497
Node 11: dewfk1i os1esar
Node 12: dbc6m58
Node 13: xiyzyvu xuzkifn
Node 14: qt2vejn
Node 15: 4a6oa79
Node 16: blfxspc h5edric qi2vq90 svongcw ulpauhx yi7hqcc ztzmk4l
Node 17: hxzn31b wfjwyf7
Node 18: 1q24dca
Node 19: bu7r0d5
Node 20:
Node 21: rdpvvvb
Node 22: 4t7gibj h2ahlhx
Node 23: fb543pf
Node 24: d5djw3i
Node 25: 7hh7ofb
Node 26: eek9f6d
Node 27: a5f22na
Node 28: eo6awdx
Node 29: tei2a5e

Node 0: 071lsx0 0az54ek 1x9jmmt 45m2ts6 4hiyl7c 5m3d9h5 7wq77u4 9mkiqj4 fapofhp hs3a8zv ht97osc ih7ubjr ins56jb rwdlptn tfkljk6 wcpvf76
Node 1: ndi444y rjnm0o0 tme6ofg
Node 2: 9guk9nd r37ffaq rbvcpmu xd4ef0l
Node 3: ch92t2d cttsfz8 mp31t7x y0kezhg
Node 4: n67glz5
Node 5: 0p7irsl
Node 6: ak6508k
Node 7: a5rs0ey js92xyk
Node 8: e7ifwrc etb9dmp i0q3kyi i6jvrjm pffk23c vkndlsk ynz0cn8
Node 9: 7tizgng yh8omhr
Node 10: 00bb0bh 8t4nbce
Node 11: h36y720
Node 12: 9p9hf75
Node 13: qa7audk
Node 14: 48bltv3 ptd0a0g
Node 15: 7jeusc1
Node 16: 6vlij5m
Node 17: 6zblqlj
Node 18: 6b8g0f8 7srv44g mcxy976
Node 19: 6yjyzkq
Node 20: 1urgqii ly5jgq2
Node 21: eoms52u ksinxxs
Node 22: mfe758p
Node 23: 52fh2x4 99yd4iw bjioz8c gdcdzzm s41shcf
Node 24: zw1ofv2
Node 25: ifkuzqx
Node 26:
Node 27: d5db4yf
Node 28: 1pw7wbi
Node 29: 8940x8o b4gab81
Node 30: usmchpe w9p20w1
Node 31: p3tuilz
Node 32: tomgk7g
Node 33: g6xha8c
Node 34: haxeuhw
Node 35: imkh4fw
Node 36: 29yimue
Node 37: ul5wt41
Node 38: lpdpscj
Node 39: anw6va7
Node 40: y5y155v
Node 41: h920nal ipx9i83
Node 42: aaz9i5a
Node 43: c7ruqkk
Node 44: 7xknz04 rk9lj16
Node 45: hlh2p67
Node 46: 3131ym7 leuju5m
Node 47: k5ftt5b
Node 48: hz6eg26
Node 49: p1983lq
Node 50: srhr891
Node 51: df7aarx
Node 52: 9wzau14
Node 53: iq6umz2
Node 54: m6ujnt9
Node 55: i6yegie
Node 56: kx0rykw
Node 57: egpgf2r
Node 58: i58e497

Node 0: q0hpmcr
Node 1: c4iscuo malz78d on2g9eo vl7i8ti z2a7arw
Node 2: 008brqm 37czvii cni905j t6jibji ub8ovm2 xdejhzd
Node 3: ugo4l92
Node 4: 365qrvj 3yvvv63 4lvq313 cz9bl7s d4m8cy4 rf25is7 w2ykoe3 z56krhc
Node 5: npzpztq
Node 6: iekw2tl ugxwhdy
Node 7: xp93wyv
Node 8: d0urg2q e8959bi khyx4r8 qj48smx
Node 9: vzihy4o
Node 10: 2hn026o pd0y9wz
Node 11: p7mvmzi w3j5sgp
Node 12: iymp3bl
Node 13: bt7ioz8 mgv7wz2 o5i3h7j
Node 14: 6tlwp8l 93b60ph azwqfhl facjnvp h072g7t kislh8c lkko0ou pvd05gz snmq8ig tyqr4ra ywy7kv6
Node 15: 1t39mof
Node 16: nhy124d
Node 17: h1scoxn hkpq2n5
Node 18: 1nhjxjy 6pztupp 6tb7pzy a3rke9p jfsrotg meuv6gw p1a75a0 p3yi8tw qae7bfr rek53bv
Node 19: 8bc1lll jzd1ud9 olsd3e2
Node 20: c90fx4r
Node 21: gj6aouo
Node 22: 06gmktn 3trgyt4 797doab adet7dq qazsapy v00xf1g
Node 23: j0zm98z yz74te9
Node 24: 0axvq8m
Node 25: 2ovz7dt 7leg7rk pwewj1v
Node 26: ooik6q2
Node 27: s3lelsn
Node 28: 85505nj
Node 29: co7mn9o
Node 30: pvnfvuo
Node 31: d71i80k
Node 32: ool59uv
Node 33: uv1e0ko
Node 34: sxd9acg
Node 35: cmgqv5s
Node 36: 0mbmin8
Node 37: 58omwf5
Node 38: omunl5z
Node 39: ds579vh
Node 40: ei5aor6
Node 41: q93rp2i
Node 42: d86rqo2
Node 43: im62m2r

Node 0: 9v1isgt c9p767j
Node 1: asf4evq i3xvbkz ve0mgeo
Node 2: 6hjj5rf 72u7dmb eqmxvmo k23qx1l l8c71go pevgv87 qa11739 ummprxp xyfzgs8
Node 3: 2axbma0 6fgwef4 krprwsa kspnq0u n1bz5ea ubfu741 wrxjgvx
Node 4: k2c8s2k py8grqv
Node 5: xgm4k00
Node 6: fmnppgl
Node 7: yda872y
Node 8: 2hw3pcd 5rmenuw
Node 9: n98weu6
Node 10: muonv5k
Node 11: m32pywy
Node 12: a29jnjb
Node 13: bn54sia xed1ccg
Node 14: 894a7cj 9vair0m
Node 15: bd28n7p jf040bx k4ub2he ld7eowi lyznqxy
Node 16: 6io9apu g01m9sw
Node 17: 5rw57oc
Node 18: r98mrsy
Node 19: 13s4y62
Node 20: 2lpw276 6y10p6l hyekvm8 n9dlm3a
Node 21: nz9u9jy
Node 22: hcbbql4
Node 23: flzeczd
Node 24: oy44tzx
Node 25: 5gmpvtm
Node 26: kd0rzlm
Node 27: yqxi8w3
Node 28: q9o0m8v
Node 29: dlckpry
Node 30: pyhvk1m
Node 31: lg1sk7m sl5svnf
Node 32: akdxrou g34sxnp l9dpkm0
Node 33: 94q18pe
Node 34: 64xm0x3
Node 35: 078lhx6 dgysj30 p6p6uij q3gosuf
Node 36: 3nfutl8
Node 37: eask3mj oh6r5w2
Node 38: ddd9ptr dq5nlqq
Node 39: pmgs0oa
Node 40: 5ue1yib
Node 41: p515e4k
Node 42: wlkxysa
Node 43: xxel99v
Node 44: 9xwjesn aeyuheh xbpy6ed
Node 45: ohkswwa xwf8812
Node 46: 55bzchm
Node 47: 8pftqey
Node 48: vswtzjl
Node 49: jcsk1i6
Node 50: 015it37 6lsaf6d
Node 51: pxs8vvi
Node 52: a7uywdg
Node 53: heyf087
Node 54: ph7et3v
Node 55: w29op7r
Node 56: 14s5fd5 zois8jq
Node 57: 6tddrqo
Node 58: 6eiif81 vjhjhqe
Node 59: z9xk5vj
Node 60: 3h19vag
Node 61: 1r4a6ks
Node 62: 9e7i762

Node 0: stra2jy
Node 1: 0f4ufq7 54yrj1a 7lyrlt8 89rra77 copkrnr h3g4hvj mtlncld qctcnsd twhkci5 uh2jpu9 wqqeivy
Node 2: ai0k4yx
Node 3: 3s0ix0a tlkkjr6
Node 4: 0uc3hib 9xfdbqv koxdd13
Node 5: 2chmrgh lfbspxo
Node 6: 59wdt8q bhw655f d1tyzvr ffdunzv n5zv4np pjat2ut y0j1cic ypk7p9d
Node 7: 6u1uddp
Node 8: qt2dnz0
Node 9: 62ssxpb 8gxpflo mpys6z8
Node 10: 0zj3z14 g70p5tz
Node 11: vi3rmcn
Node 12: uxjpjsw
Node 13: 0tbc01o 13emyy2 2avrj9b 3h7oiug h4wyvkb
Node 14: 6d76ne7 ghj9564
Node 15: 16jeajy 978bcqc
Node 16: nnaniah
Node 17: gn16njn gvbb2q2 zklr4f9
Node 18: deq42m9
Node 19: v441w1t
Node 20: 3qe7aza 42v58o1 4wtd70n 4x0iq19 qgvs2a9
Node 21: fk2ijz7 r62vzcp twiumpf
Node 22: 177lvz5
Node 23: jpsj9v7
Node 24: dkxda8m r9terwt
Node 25: a1ntwy2
Node 26: vhrjlgb
Node 27: t5cmyln zby4siu
Node 28: 85spq8m emzytl1
Node 29: 5d825ud aprsfxm p2q0i51
Node 30: 1scy24r jegn7un
Node 31: 863fphm hx1cic8
Node 32: 4widmjg
Node 33: gg8kawh sa74boy
Node 34: 9hp3z0i a4f3puv
Node 35: fodangt qv5qyr3 zd1oj3t
Node 36: gysjjs9
Node 37: g714ptk
Node 38: ilm7118
Node 39: q627wfp
Node 40: umeo5bo
Node 41: xj2d4cn
Node 42: 9tfigdb
Node 43: 2qour1c sgpzi34
Node 44: nhs6rf8
Node 45: s4dzipu
Node 46: b84g3oj hurx1b1 sklvmwj
Node 47: 2azb5iz uz7urnu
Node 48: fvd95dk
Node 49: p6rcj65
Node 50: usdqd4i
Node 51: ghbq0ey
Node 52: 85fiu0u
Node 53: jzsuwjh
Node 54: estd3gp
Node 55: dhqtjdp

Node 0: 678tcrc dane4p7 hglt0wz
Node 1: 0ku4wvb 94jvn30 bdocqdt
Node 2: 6i0oq15 79nuijo 98r63d1
Node 3: 90t2xrh
Node 4: flilywk
Node 5: v02ld0g wmk0ukm
Node 6: 2ifvour 47kx27w f8kyzat y6fkcm6 yke8fmt
Node 7: 18zsb73 3iuh3oz dbo8jdo qbfvsks
Node 8: quwk6ii u8k0uvd
Node 9: mo61omy p7x30ah
Node 10: e0740s9
Node 11: 7bllzhh fn1cjd3 rlw5rbl
Node 12: uylt325
Node 13: bgvzxvj jvy3tpd
Node 14: 24vtvf4 s6akeps vf0bctr vgu1aw6 xigkxwj
Node 15: 8n1luu4 8z4e5uf axm3xr4
Node 16: dn8u1og
Node 17: h4f9xkk
Node 18: 06tat3o hqxvzp7 q7aszxk
Node 19: a95vdwj cv6vrl6 i50b2xp
Node 20: r2pykfp
Node 21: 0ozh0xr
Node 22: rk7xtvl
Node 23: vi5nnpn
Node 24: hhdyf5q
Node 25: cjlpoj7
Node 26:
Node 27: 3zm269z
Node 28: uvw1m0l
Node 29: b4wh59f
Node 30: 09zx83c numt7kv
Node 31: 0kf09nd
Node 32: kz7nijq
Node 33: 1g63rmm 5c19glm 72qtekw kp4wsfe zf1shtu
Node 34: 697vvzz
Node 35: 6iz0jm8
Node 36: 5pj9jt4 9bbofyx
Node 37: hozk18c
Node 38: 0modfov
Node 39:
Node 40: 8vbs739
Node 41: kpwzj22 m8dypdh sibiliz
Node 42: zbndf8m
Node 43: i826t6i
Node 44: 3qcyijt nklwrwp
Node 45: 4vbw337
Node 46: f033n1q
Node 47: 3dtk8nr
Node 48: e2370t0
Node 49: woz77bo
Node 50: 2whpxhq
Node 51: txk16zg
Node 52: rnk2vz4
Node 53: 0gwk39x
Node 54: nmonof4
Node 55: r3occ0n

Node 0: 0oh9g9u 78a1vdf 9xa1xc8 ayw11gh dg4pj3c gacra9q qcao6yd
Node 1: ruvz6hc rzkgw2a v77awgr
Node 2: zymb11n
Node 3: 0q3kicj 271opd8 3gb1fj3 3jqxdnl
Node 4: l2u1gxj m4md44r s2p63de
Node 5: 5a7lmr7 ivy7o86 w1tj55i
Node 6: 8cyng1w l1aqrbr
Node 7: fp6dy7m
Node 8: 45cr58a exqcsi8 u2ncwjm
Node 9: i8xgko3 vk2oh9s
Node 10: qsakl6v
Node 11: b6bqphc
Node 12: paxkfj1
Node 13: 0e9p485 1kmowes jkaav7l
Node 14: 0fth26h
Node 15: wxwgla5
Node 16: avplily
Node 17: p7n34pc
Node 18: 51kk5gl
Node 19: l4z3sdg
Node 20: odqcgwb
Node 21: k97apqy

Node 0: 1ldhcz0 4v4bppp 82181gx 8w1t4ja alezj85 esb8uwe fec4m45 fz674s3 gr3ykbj j7dxg69 tbs939o wk6zuwb
Node 1: 1t050ad 5e7v3yd 7948lae cnogp18 gvr5di7 idvuwga peedhgj pq4fm78 xtmzzd2
Node 2: od9edp7 se3f62r
Node 3: 5a9omjo bhoen9t mdakh0b mqnola6 qb8caaw rxgx6dh
Node 4: qbi0gb6
Node 5: 7ohy6gb h5y3ty3
Node 6: 5vsvq1z
Node 7: 09tynhx 0ibasnu bvvv9h1
Node 8: 8iqksqs jupfzjy no9lylh ptuurt9
Node 9: o9d9819 qx559aa
Node 10: hhkvewk rb7l08u
Node 11: 3trxzfi 7j6d35k
Node 12: 3laqmwe hmqu1b4 i993o79
Node 13: doia2s6
Node 14: k4qn3wt
Node 15: cxl6zf0 en3y6i6 ipmdjpq mhkilkd ufytlwe w75m52d
Node 16: 00pzsd6 oprqf4n vd4f57u
Node 17: 63d9sf1 78v3mc9 a1l024y vsrkuz4
Node 18: 58rc57a
Node 19: vm18jct
Node 20: 98mevc6 9qa0l22 dzz3aur nc8hr4d
Node 21: 25y70y5
Node 22: gzw3vcv h7wmec4 i1b058i tvlyx8h wfp9z3q
Node 23: 6y8mbuo mm210bt
Node 24: 1klq8v6
Node 25: ddmz5yb hrmlb17 x3vl86o
Node 26: b7cm07d e8pvuku exror6k
Node 27: a1zi60j f21d8x9 f99x7e7 hl6edmk miito4a pr2qzma
Node 28: gby4f5e
Node 29: hn2ov2z nvvjab9 ydj6nq8
Node 30: 3nau6u3
Node 31: 5zgm8ru hn6axwo
Node 32: gjjhues
Node 33: coaqjjp mgdyc7c zhluy17
Node 34: gz9ndu3
Node 35: 3jtvb9l ick323u kmiqtyx
Node 36: c2gk0ph y0qnz61
Node 37: 15yeeuo rebphze
Node 38: dpqyf89 jg6qezw
Node 39: y62iqjh
Node 40: fkopene temobpo
Node 41: eys4isx
Node 42: ihe62h3
Node 43: hs4lup0 vn4xwqs
Node 44: vv7qhob
Node 45: wodghlz
Node 46: e5npgms je76v8e
Node 47: 0oa0snl
Node 48: 27zfay7
Node 49: jneih22
Node 50: 8aefkb8
Node 51: 34nli2v
Node 52: b5c644t
Node 53: 1fs0pvk
Node 54: h8oxso0
Node 55: 6144v0j
Node 56: xtdtgnl
Node 57: kdos2lw
Node 58: yi26ak7
Node 59: us1s62e
Node 60: h1l2n89
Node 61: 865b124
Node 62: x5q9q5q
Node 63: 37ve7w5
Node 64: wutzmjd
Node 65: u3ienz2
Node 66: x4m58qe
Node 67: 81p4oa5
Node 68: rnczynu
Node 69: tknpwje
Node 70: xztxuow
Node 71: ygu29jw
Node 72: q9gk1l2
Node 73: p5hx01r

Node 0: pw8691u
Node 1: 0jyisb2 7wdoqju i419k57 j2zos2w nqd1rrv vkmwhkw ygpa14i z4gtzd4
Node 2: cqct7oq
Node 3: doportn
Node 4: 5hufcm4
Node 5: a96qb04
Node 6: mud41sp
Node 7: dwcddyl j42dl20
Node 8: lbra5zj
Node 9: msy4fds
Node 10: 4jqnzxe
Node 11: nw6yhh1 zyqw2j3
Node 12: 7e06wsf
Node 13: 99z1il0 m0fwt9d
Node 14: me512vw v8wt6y2
Node 15: iug7lnu
Node 16: 4spb5cz

Node 0: 0rprx5z 6qiyjvs bcp3gp4 bd68ge7 d78knyb g0aexcn t19zep4 tseqd9r vg43roq y06d6pu
Node 1: ns2f7t2
Node 2: 34yz36a 3r5kqkq c95ck60 kejtbe1 qklbzew
Node 3: 4rb15nk
Node 4: 0c5t44h
Node 5: a3v27bg
Node 6: 0h004d8
Node 7: 0n61cur

Node 0: eev22ea ir9x8mq uah68za v72r84m
Node 1: 61653ni 67r2dhn 85s67nr wcgntho
Node 2: fq78bb0
Node 3: 09ec1k7 0mxm384 6u42fpc 8xsuk5t aqjf7cq c4phy3w fphe8d6 ii8mpw5 iwy1qyy no20v4f wp1d9w9
Node 4: l1da3u5
Node 5: shizvru
Node 6: gtfraey tfmcqsv
Node 7: 1ak1yfu 3kqgq3e 547slnz 6vu0vud da4p4jz dyyf4gg ieauc74 mmvfgxa q0xru5v r0fh414 say5sf4 y09pm7a
Node 8: da7mon1
Node 9: 58jzx4c
Node 10: qyy9ypt
Node 11: 9sp0fvx
Node 12: i4cu450 jzdkxmk qiymy8w yp6m0r8
Node 13: jboqpyh lxmoh35 pcudyc8
Node 14: bl501dd
Node 15: 8chs547
Node 16: h7abfap
Node 17: kbco5ix
Node 18: 5klzsat 8ggeejq
Node 19: e8rcj90
Node 20:
Node 21: 6lcn5vd bd4y859
Node 22: gmppsgy r7cmnfg
Node 23: llbmm7f
Node 24: t488mcw
Node 25: agbrb17 g590341
Node 26: fmekf9z
Node 27: 0e1c1oc
Node 28: 7it7eha
Node 29: o2gp4n5
Node 30: chfh9ar
Node 31: 761g7o1 8ofguee
Node 32: enbjhuu
Node 33: rc1so4j
Node 34: 7u366db
Node 35: 4jsha8g
Node 36: g5m1chw

Node 0:
Node 1: v8r414e
Node 2:

Node 0: 475stfm wvwo2lr
Node 1: 3v016np 6cehwv3 75uegt0 7mx16lr e8zgfu6 ea9kgco hma9xnv jl59axn mut8otp o7ufxs0 z8r1ndw
Node 2: cppfjsg ujykgug w8iisq1 y4xvslz z63w6qs
Node 3: 5xlclzv cyz5wl3 df8q7mc ea3g0pm l3vz9fy tq1mwdx trjjqp2 xoweir2 zvc447f
Node 4: 48utpme
Node 5: fbsn50b td0n0ya
Node 6: i5dmstb
Node 7: 3y649k1 4e1inpz dqob3i8 pbold1g yc9vmuq
Node 8: gywxfc1
Node 9: m1eocfn
Node 10: 48vz4z2
Node 11: 33z4h58
Node 12: kdf7aor kxtrg0u yaa49rj
Node 13: 3e2e9j5 8i2k5xz
Node 14: nr0t10x
Node 15: 285l15d
Node 16: 0gvyggz 0uk06om 4lhwx4x cav8wc9 wjda2kw
Node 17: 0y7g6y6 ghkigdz j6pdzro jlwr05q
Node 18: 4q5km7r 9v6pphw jo4qwj0 tlkrf6m
Node 19: w17vd3v
Node 20: 4eu7zgy
Node 21: 0yk1hpn glj2865 kci0s4p
Node 22: k8ln1cn
Node 23: 0ve06q9
Node 24: y1f3cpe
Node 25: eceua19 trzmufp
Node 26: vxgwu9r z6tdewe
Node 27: d2byi1f
Node 28: o7u8t17
Node 29: 0x239gg ywgh61h
Node 30: 3kv3ict 3xgatfb 6bxjmsx 9z3qlqe w15s87k w793lj2 wank85y
Node 31: i0fxkkt jd813f6
Node 32: ig2l00d
Node 33: 4hq18no
Node 34: akc6k6z m3h5zla
Node 35: 7rhj17q csqg6d5
Node 36: 9qsg6d3 a9us8ew enoh757 hval7pt n69epqu xly7e8z
Node 37: twabp7s
Node 38: k7lz8ls tbgirhk ua9mejn
Node 39: jyza0wo
Node 40: fdb2ixs p60pm8l yyi63qv
Node 41: qz3dbd1 vdynkal
Node 42: ob4mnuv ykultxv
Node 43: iylf8re kmxu4am s738i8f
Node 44: 4e0mzbv ilkkwo7
Node 45: j5f7cjx
Node 46: 6xtl2ir
Node 47: soxadl0
Node 48: qatrznr
Node 49: n79m2ey

Node 0: 4m0p03a 6szycrz 6za5wlf a4s7v4g nsocl6z q3bv9g5 zjkww2v zmrqngl
Node 1: o1emhae xlu58zz
Node 2: exel2x1
Node 3: ztdtmkj
Node 4: 2evkfpe
Node 5: 391cz4c
Node 6: au1gsfj

Node 0: 3nsqh0v 4x6wsbe 69w9ozc 73zye2u fzz62ky gapmgl5 hotbt5t jeup5ji lg7v5j8 mfywop2 npsgges rknacj2 uv57hl4
Node 1: 4x468ng oaql1lm y5rievu ycif84m
Node 2: unlc0qn
Node 3: aq5jd5i
Node 4: cg00ky4 msifyc0 o028i9k
Node 5: 89qtlmt gk5xibg l4m0ll5 pbj4gec peecxh2 pezbmqy
Node 6: mxc21lg nn3xlhp pz1w86p
Node 7: ynn3wkx
Node 8: p84yx16 pve8jny
Node 9: 6ef1wx8 eburnms s5qffgi
Node 10: ayorel3 r5brce9
Node 11: vkaa0zi
Node 12: 4ytwot1 nacqk0s
Node 13: 3thax9b 5u7n5vr dy92xsu
Node 14: cvl6f4c
Node 15: a53qd52
Node 16: dztevpd
Node 17: 5mdt4ld gs49q8k jvursli lwd83bo wnfv3ba yshq0en
Node 18: tmq5z9q u74pslc
Node 19: hxznpig iwzh2w2
Node 20: nulszxr
Node 21: a2nmehd d2f7nrc fmbfkod s1fyi0b
Node 22: 1ob9i4v mdkp7aa
Node 23: o5fw2n6 ti5zb55
Node 24: 57380zm 9lq5jto h7x0c2u
Node 25: ddqlw4i lgjuyyw
Node 26: pwx1i69
Node 27: nttkpf2
Node 28: 82ybujj
Node 29: pf53rd0
Node 30: pfwrwy2
Node 31: mrclieb t2boegu
Node 32: w5jmzgg
Node 33: fu4fim7
Node 34: xd53dbs
Node 35: 14807m3
Node 36: yreohn2
Node 37: lkduhc1 s9vtg8b
Node 38: s4civ29
Node 39: j86icku
Node 40: gih87oz r8ywxtr rek8pmz
Node 41: i38ku4g
Node 42: sh4k9t1
Node 43: 11hrocq
Node 44: mh8ukac
Node 45: 4hu5e3j
Node 46: i0l4r9y
Node 47: 5bbtd74
Node 48: c4pz519
Node 49: nklsvyb
Node 50: ne96tp9 ztamptb
Node 51: e1ge4dv
Node 52: sw2vy8z
Node 53: qfrn190
Node 54: qklzzml
Node 55: vyp0q65

Node 0: h8ghm9o hke6cxm kwgy27g
Node 1: 5ywpjna 6htehu9 73vmqa7 evnn3th n4jv6ep ucddw76 xrjs7bt yye38xs zzj7j93
Node 2: 1nrculg hwh6bgl mu80r4p v9hi8ay
Node 3: 7f36hwp e32o59z yl8fon1
Node 4: vybdbmz
Node 5: mlfxt1r
Node 6: dn55jrl dowuwcv dyuxx2k irblkrc iusg8z7 mmpdvdw yl1l9up
Node 7: vh1pesg
Node 8: ssk5hna yurbev9
Node 9: o1v43sn
Node 10: bbbpdpo
Node 11: 1wjjm8h cffso9x e1mud64 e6u8b5u eskfjjm
Node 12: 2k96ovc kiglhu4 vsba2ay
Node 13: ylxkvfd
Node 14: jaeedld
Node 15: 3xvfy64 hkbgskc
Node 16: 35ry2is cczp0ct
Node 17: 36hqnrt u5ioy8l
Node 18: mee2jwg
Node 19: fhto5hp
Node 20: ls9ixe6
Node 21: pwi5nb6
Node 22:
Node 23: 8svonvc bjw9rmx cauclfe t34vh72
Node 24: ajjckmd inzfpum
Node 25: 89z5sn2 vsmo8tg
Node 26: q01eoyo vm1cewb
Node 27: u3acyms
Node 28: 4uiwr6p
Node 29: m168fmq
Node 30: ftjmsd3
Node 31: 7jx3f43
Node 32: 4u3t6fo
Node 33: j0889n7
Node 34: ehd2542
Node 35: 0d7o3nh coeycuz
Node 36: fky0i8p
Node 37: g3rnbr0 nogbapt
Node 38: hgj2b4x kynf3vz motf0dh
Node 39: bkpfa6v
Node 40: tdp0m8a
Node 41: tc5zbqr
Node 42: fi9s1x2 nznklq7
Node 43: zcjc0pv
Node 44: xwj6j1d
Node 45: q9lmbrk
Node 46: q9k8rco
Node 47: a8gw7kl

Node 0: 2g8cgwm hjc7hb3 k3el8fd ni2gnqw ovtnjbw pq6ssv1 vhja61q
Node 1: 1w4526k 6329qmk o127arv v4uzyvs v7m9pid
Node 2: rpotxyg
Node 3: iiiavv5
Node 4: kvzvtfu
Node 5: 7dix20r na19oyu
Node 6: kez5mec
Node 7: nomp410
Node 8: r6so33j
Node 9: 2m3y898
Node 10:
Node 11: 47gv8ht 5di72zy jo9kisz urf6vm9
Node 12: pieuz1u
Node 13: 09f401y 26a1rl6 gfnos1j oadupk3 zsa3tou
Node 14: hhid6dv ku0ym75 n56v4oh r00oh4i
Node 15: 72zp6gn
Node 16: djjbb1u qvrxu1f
Node 17: 1iszc1v
Node 18: p7w58qr tanwowr
Node 19: 6foa6j3 g8nemm0 reva9uw
Node 20: 3or125h a3s8ivf rzigbn7
Node 21: 18m33yi 6xj5870
Node 22: 90r4yp3 afy392i awlzkfk ghzhl4h
Node 23: 97ioytu
Node 24: noxsqpv
Node 25: 13wmxz5 2e24z1v 53p75ti b0zjb8q dpuy8ad
Node 26: qzxu56z
Node 27: 4f7vx3a
Node 28: dtabq6s
Node 29: 0bc064f ebnfk7i
Node 30: qjotyny
Node 31: vhclsyu
Node 32: f5yy0g2 qbgwuv5
Node 33: df52d5g e7gj0ua wonk51c
Node 34: czawytc
Node 35: 6fqbvb2
Node 36: kuwdlwr wxrkqos
Node 37: gtlqxoj
Node 38: dz1xv84 zwirh0l
Node 39: aoejb8b vkvizeg
Node 40: yt1bsms
Node 41: ypfdrm6
Node 42: n7vd7fl xnvqlln
Node 43: z6ikvd9
Node 44: nlpvaz7
Node 45: 25m2nvi vveulq8
Node 46: fbkjsm2
Node 47: lefcojv
Node 48: cgvenyj
Node 49: at90rpj
Node 50: s0jeg0p
Node 51: grjaojr
Node 52: wzajsye
Node 53: la4ujff
Node 54: l035ao4
Node 55: jsm495e
Node 56: v4zz8lv
Node 57: hqrtay6

Node 0: athk2ne ij62uaf jiiebz8 jqrw838
Node 1: 063120u 5mns76o 7v0cra1 8vj1rrc ai5kimt d2570l1 hth7dl0 jh3wlyx ocrqbcs ookpeto s0v98o9 uxa5czy xre5nf7 xvq6ic7 y2ublkn zot5b6l zqroc3h
Node 2: np5vp79 r1stzir s5p8joa
Node 3: 8m1vxn6 h5cf8ve oztlosg rgmwon3
Node 4: m0nsgyz s4klie2
Node 5: dg2fajj eoaql1d gnhftgp i8o70kf ng1bzez omd7fsl rumvv7a snqkmzn wrl3o9q
Node 6: or5hy7h xd0go9h
Node 7: 0ate1wq 3o93nne c0fg5wr kc85f1n pvvrz3z
Node 8: f0xle7w
Node 9: wivvcd8
Node 10: q77z39o
Node 11: nq7cfyw
Node 12: 81zzatm
Node 13: gbficb8
Node 14: qjvhtk8
Node 15: a977rb5 vdu2mb6
Node 16: vz2nfcg
Node 17: jz1mylk
Node 18: 9ikf05q
Node 19: 2dq6ysb iwjzanr
Node 20: ndctyx4
Node 21: i975m4o
Node 22: udabrxm
Node 23: 7zfeixo ypmbwpi
Node 24: c7sb0mr
Node 25: qdqx78u
Node 26: ttzi4es
Node 27: s4h5bpz wbqa1eb yighggd
Node 28: gdg9682
Node 29: t09hmqj
Node 30: uiml62n
Node 31: v6jgk20
Node 32: jwxo6yo
Node 33: 0ntppmt
Node 34: 7xhb3np
Node 35: dghwm1r
Node 36: jvdarmm
Node 37: waa665a
Node 38: d9eud4o

Node 0: 2mct9cr cg9dd9c hy19ocl
Node 1: 1esqzuk
Node 2: 3gso73k h2yosbe
Node 3: 0dp6hf9 5mv8ws4 s2q50ml t5m8bjl
Node 4: jzvt7nd
Node 5: nwzfstb ts5jjgf
Node 6: bq0kuen cgl9ttp cyjfc2r k4pnnwv pdrvq90 ph0bygu
Node 7: c9lniuh pvtv9r3
Node 8: 4ol8gyh
Node 9: k2c31ct rwrs6k5 str8tx4 vlp21an
Node 10: y27m9kk
Node 11: 0fn6h37 1lqzf1q aw54je2 dct3cm2 fordbi5 np2vjmq vnj7lkq
Node 12: 5p3lbbo 6rvfb55 yn10fqm
Node 13: 03or8ag 6ijrsd5 7tdvc91 fjr2gxu
Node 14: rcnz1u7
Node 15: 81apede m1sqpqq
Node 16: sv700gu
Node 17: i7zpzqh
Node 18: eejzip6 rs2w0da
Node 19: caa94ux
Node 20: osujneh
Node 21: 3wq65ep
Node 22: purem0o xqvhw33
Node 23: vhla95e
Node 24: h9seytd
Node 25: auw3puz
Node 26: hf04wbs oxvea78 ueqzakb v6aiz84
Node 27: xrq39ro
Node 28: n4qp4il
Node 29: 1m2e5br co3skd6 gml766q hobn2my
Node 30: pdbchp3
Node 31: 18azg1g bzlqqj0
Node 32: 7d5ivh9
Node 33: 0i3ynt2 702qlmx c2faehr h5jzdwb nw1sgh1
Node 34:
Node 35: 29wca5o
Node 36: 99ylnon
Node 37: k9dchen n9ku3lc rq9ha55 scn0x20 u9b43v0
Node 38: 3xbhg1m
Node 39: imncoma
Node 40: 3hm0b8d h0b9j8o
Node 41: kee51a9
Node 42: v61y7og
Node 43: 9jb7rl0 t2sulur
Node 44: 19q2lxz
Node 45: noj9412
Node 46: m50r023
Node 47: kxq45ch
Node 48: 158r98s
Node 49: pje8loz
Node 50: a4ubtgb
Node 51: p8jyhti
Node 52:
Node 53: bk3dyfd
Node 54: kruywxw
Node 55: oiq7v6a
Node 56: t4a76un
Node 57: 270wc1s
Node 58:
Node 59: 0z2bxqd
Node 60: oqszcwl
Node 61: 8tykrkt
