Node 0: xh1nn2u
Node 1: 195jj95 3ial37b b718qy8
Node 2: 1o3xs2b 75t5s99 anmbq0v d8x145p lb59xin n41yxe3 nzw320v y6mbhs1
Node 3: 1tnkchc z9g47ax
Node 4: 53eey7w ll9nr6y mo5co8u o50g77c odn6nw3 pol89pu ti402l4 ulybhmb ztd4qwg
Node 5: r0ex8u9
Node 6: 8erejwh
Node 7: mj3z2av xcjdyi3
Node 8: 3zvsvp6 5ykz2wj ddg8xr4 dqhsrnz echumaj o53zm2e
Node 9: 71dk35c wkselt5
Node 10: mieomim
Node 11: angilim
Node 12: c6do71w herimrf
Node 13: w7j9uyj
Node 14: kiy2z7g
Node 15: 4n141ai fb8wt3n
Node 16: y10fj74
Node 17: 4v4mbr4
Node 18: u0rr8cs
Node 19: 9w813f2
Node 20: 2ih86ur
Node 21: 7c9fq3n kgw6lxw
Node 22: 2dyj0v9 bqy91gg
Node 23: 8na2tb9
Node 24: bf6eb7a cdmfzjx gjce6w2 tbx66rn
Node 25: x6gmjg3
Node 26: pwzwy4p
Node 27: ayx09y0 kn6k85d
Node 28: wjnn2if
Node 29: dew47qi
Node 30:
Node 31: kclcevd lurijdz ximaj3k
Node 32: 5ybjr4f
Node 33: 6g4ye1f
Node 34: 2s1rbhi 7g6tpqj vomdtyz
Node 35: h15ru5g
Node 36: ggung1r
Node 37: 3j1i3xq
Node 38: k8j1c1w
Node 39: ejnmty0
Node 40: mxz1ua3
Node 41: z37inux
Node 42: hk2sl2a
Node 43: vay6exg
Node 44: xnjpg3g
Node 45: kglqvdm
Node 46: yytze94
Node 47: yqzk49e

Node 0: 2dy8gg7 2rhhvie v9podsb
Node 1: 9iqjbbz aj10emt gd17yvi z9q6wsq
Node 2:
Node 3: 9br4cpp azpmf9f ej6ibm9 lcaww2d nsddi9d pxrmugy sz423js
Node 4: 7klofxg ohvt2tg
Node 5: 2mebyo9 3jwaw6l 9yih1zj ca9bgjq sufe2w1 tged616
Node 6: qw7tr4n
Node 7: isgbxbw
Node 8: 4zccply 911qe4r
Node 9: 4bh4qsp bzclnkd fy5o2df zq77mw6
Node 10: c3d0op6
Node 11: 35qkcd0 8392y67 tev58jl
Node 12: d8ms16r ib4rv7b oopi43j
Node 13: 74g6tzv lury1sb n2m6m44 omvbdmf
Node 14: 0k8zujn 5fb52hi 650a9ld 686ir8z dznvq7e gg4q20a nufkwyb o0g0nik wqxv6qj
Node 15: 3gh7fxn
Node 16: 5fj5644
Node 17: 5who8vd
Node 18: nvw9qo5
Node 19: 9oje16n
Node 20: v0bsn88
Node 21: wcgil83
Node 22: 6mfht8u ll0wau0
Node 23: 20r8ubi olky2uo
Node 24: qklu1au
Node 25: tpn51qa
Node 26: 2n7ttw8 rllalmd
Node 27: 2hywrr3
Node 28: wmy8yym
Node 29: q1z5e0r
Node 30: a9p9k9s
Node 31: mq38smc
Node 32: 939q4b2 bizmeq6
Node 33: b7z3pk1
Node 34: 6ajcp7i koaudcl zd2pjnl
Node 35: qw0pwll
Node 36: 0zkhqmg 7mi59h7
Node 37: sg92fr1
Node 38: om4p1ip
Node 39: 977xj3v
Node 40: ol2m838

Node 0: jiklepu
Node 1: nb235px
Node 2: 5nkxqwh 7ao2sul ahfev1n fipf4pm pkh9mn4 tsps7es
Node 3: k829i5d
Node 4: 06e2rfw
Node 5: ebjloqw
Node 6: ac2ft25 tod5pk2
Node 7: bqrxsb6
Node 8: bqf96x5 ywe4dmf

Node 0: 1w5ohjc 34d3keg 4gbviu0 7ij8pgs r7xjdei z5zlmaq
Node 1: 2yjihp6 43byorz 7gopkb2
Node 2: 8x0k767
Node 3: bhg43cq ej3g8hs
Node 4: 518ntgj 61v00wj v42sxu0
Node 5: 91lhif4 gd8nw7v
Node 6: gqn0lp8 ph5fjkf
Node 7: fttyrgi
Node 8: ff7ahyn
Node 9: 196de5p
Node 10: 2hxza4g 3mn4j72 3ttyvc2 5tooq0h 9ipduxq c5iklov d3lyp9e g0h1xs6 hx77ti4 hxbc4gv nbe5wyj pr9qarw xd163va ybixxp1
Node 11: gs0gfjj natbkgx
Node 12: zjto63k
Node 13: 0q73r6s hnbnmek hzuqv8p slnkion v3k631k
Node 14: qr80vgo u3nvn0s
Node 15: uxwn4rm
Node 16: l2mnjrk
Node 17: srydcw5 xj3b1f6
Node 18: pylq3nx
Node 19: sfqi1gy
Node 20: 1xpjsdw
Node 21: 1uw5cab
Node 22: 1pergw3 f40nixw
Node 23: rj1061d
Node 24: 9fo3flk z2agyjm
Node 25: 3o95dyf
Node 26: tbo0rsj
Node 27: tb95g49
Node 28: vqprlmy
Node 29: t4gli5t
Node 30: fj6gbcx tqhpl9i
Node 31: 1q5qzs0
Node 32: 9ghr4w0 ukkv1m4
Node 33: 50rmndr
Node 34: ngya6aa
Node 35: xd92wq2
Node 36: 65h91z2

Node 0: 11yd08y 1d4g2fm 33avndx 699hlb6 akn6xcw paez4gq z9a9ptg
Node 1: p3cpobh ptepgnw
Node 2: pn2d6c0 rnjrmut
Node 3: qt7sjzr
Node 4: uz93zl4
Node 5: 39v67lo
Node 6: u11uyt1
Node 7: 0y3q1sg 4xq1ydk 9pome55 ausaz42 iyny7by txq0mpr
Node 8: fwi5e86 j274ub4
Node 9: 28qsfjw
Node 10: j0zgoyw xfw2x0u
Node 11: lsfaau0
Node 12: ab1djfz gx636al ip8yome
Node 13: wgg6t77
Node 14: fqu92yq
Node 15: l57apf6
Node 16: 8bvim1t
Node 17: 9wjer37 s8dswmc
Node 18: 42nevof aksio76
Node 19: fk6pq89
Node 20: ubny8sz
Node 21: d2dtv6y
Node 22: e8p7nxk
Node 23: yy3tvso
Node 24: scnnzzm
Node 25: 3ptx3jb
Node 26: 4gwijrj
Node 27: cxsc102
Node 28:
Node 29: wjo4u4n
Node 30: hbahf5d unkpxxp

Node 0: ct588qi f1pvxjw htxok6m qm6ttyj uw3bumg vn64oym x17we84 yi10jmv
Node 1: c8m5c53
Node 2: 1g5a2hd k6f9qy9 mj52gdh xl0p9ch
Node 3: 8072wu8 rsdprzr
Node 4: 29qxj0v c3h3bgh i861qnb md0tvr8 s8su2jb
Node 5: km7wjoy
Node 6: 72k5rs8 di36e81 eok0npt y8vhu2r
Node 7: 377i5g0 7ro2158 80gnhy5 adbpu2h bio7u95 qvrk0kd tq6qw2m zykvk2v
Node 8: 0tn64bn u9m7i05 us0lawi wybtfmi
Node 9: i3bha11
Node 10: 7lxygo3
Node 11: c3m4c2k vsp6xsc wn6vncl
Node 12: 55vr1xk 95mbhq7 hag6so0
Node 13: cday4f3
Node 14: 17599d9
Node 15: fhcnwdu
Node 16: dhsb9xl
Node 17: 47vhgl9 gsa34qe jw2roqx k2wep8w
Node 18: suaqz44
Node 19: vbx15xy
Node 20: p04h97q
Node 21: 3c6xr9q gpyukus wej806q
Node 22: ea6i36i
Node 23: 9qdjvwo
Node 24: q9smvev
Node 25: quo9784 to2492l
Node 26: dihgiye j5t4z43
Node 27: j4lrfwd
Node 28: ze8ioqj
Node 29: zy7h7et
Node 30: 8inhjus
Node 31: z29ywa0
Node 32: rylt68o
Node 33: 4yrbkm2
Node 34: 63et1tl

Node 0: 4of2y6o j6e9osx
Node 1: ct9d11z f1fmz11 h36qpl1 m9303lp preqshw tx40dva
Node 2: 1f6urlf
Node 3: 3uoln3e 7retjsn j7bodwc zng3kjj
Node 4: icwhka5 ryhip10
Node 5: wd5t5l5
Node 6: 1jaynvz 7a9uesa 7nl24a0 on2c5og w7xg0dg yb3u4m7
Node 7: ks38r7n
Node 8: ccyn9yk hbk47ip
Node 9: 1a8g3t9 k9ytooz
Node 10: zwu0a6e
Node 11: lt84429
Node 12: 6iqmuje
Node 13: c5rozt1
Node 14: o1gn7kh
Node 15: e258akh
Node 16: 1g8fdbk ogobipf

Node 0: bm859s5
Node 1: 81or0fp 8wgygxp 9imz3wi a9nrev6 cc3hn94 dtapd7x eowzhyg gkppwuv gs2bb28 mwgp70y ogxx8b2 qfvh2fh s9lz848 yhdd9sf
Node 2: nfijrdf
Node 3: jscr4nk qvpdisi
Node 4: avepuky etha2uk u2zuw6e
Node 5: zvlgkyo
Node 6: nm0vh8i
Node 7: 2815zqq 2ab40yt 79r3iob 9yg930i c2kxi2l hzirb2z mkulvbl vfz788u
Node 8: 303srdv bda9a39 tcaxc2e
Node 9: shr0gr4
Node 10: 1nk8t4c 2rbvh7u i65c4bx n08m1qm
Node 11: 4r4hm8o qhenitb tzttpqj w2kqtsb z6h3fmu
Node 12: i5oolq9
Node 13: 51fjyr5
Node 14: 22w5osz u5yrgfj
Node 15: 98by01w s7fanfj
Node 16: 39c3sae 8fjo3aj 9buk0kj jhesdu8
Node 17: 2u8vebq
Node 18: 0ro8v1f puzlw07 ud5pael vlqiipb
Node 19: k52qthh y95drfy zvrrzop
Node 20: 3e3v8dh n4ocs8h
Node 21: 171md2h
Node 22: d1qdilz
Node 23: gkxxbxw uzdhop3 xsye5tj
Node 24: ekmux70
Node 25: ydv4lwl z8l6ov6
Node 26: lnvu1ca vwvp1r6 w0y7ofm xiclwzu
Node 27: 654ldjg d9oope9 s1y2c2a vokvodn
Node 28: 9o0o8fj
Node 29: 1e5fk0d
Node 30: 02dmaph vjg5xwz
Node 31: 4t878zu rqvald0
Node 32: r98zok6
Node 33: 8kae215
Node 34: lr26k8w
Node 35: 8ode6yu co9gnky u8883sh
Node 36: 03fnvn1 cgmoomy j2w6pdi ztyqafl
Node 37: xt3xku2
Node 38: b0kz0om
Node 39: vb03iix
Node 40: 8x1q140
Node 41: rsajkgk
Node 42: gy2z6w7 z7erx52
Node 43: h43o7wr
Node 44: 2jdp7cf
Node 45: xp0ntv4
Node 46: snvz2z8
Node 47: pq1r98d
Node 48: 17vwsyz
Node 49: smai0s9
Node 50: pyt4lqw
Node 51: zhtsg2m

Node 0: 1eopy1w rvdqlka syxb8gi
Node 1: hz3mh4e
Node 2: 17o0vus 311gb2b 3ikp7jr 9u9qo29 c8fylhn cqg3st0 psd2kte t4000b2 tfh48ga xoburt1
Node 3: 1ffttuc 2eu7f79 4uc5t2f eea60aw ipvmw0z qg2cdxc
Node 4: d6t0pun vqvz9ys ygi7c67
Node 5: d5xcymr l3h74av r9ineb3
Node 6: 8hfu6jy
Node 7: 6amxig4
Node 8: 1tnu6nd
Node 9: 4mmwrr9
Node 10: 1i1nc1e 8b0c6u7 taisp72 twpizrj ycejixn
Node 11: uczwiz7
Node 12: 0txiwjp lsutkyn
Node 13: u7vwsle
Node 14: twmcbcr
Node 15: 07j76a8 982m50i gj758xt
Node 16: cuzzegq hdp7oab
Node 17: i9lfhj6 nxz0f4x s4t3ji8
Node 18: 8q9s0su
Node 19: krcy8ek pdf1oem
Node 20: tbmp4h0
Node 21: mp6bqy1 o991qt2 pur1cqa
Node 22: dglzbn3 f8qp38j kfjjwiy nvg46rc uk34mka
Node 23: 93xjzfs fqjj0ak
Node 24: 3yesli4
Node 25: qqq0j5r
Node 26: fe4sjs6
Node 27: nd6f89w
Node 28: 3zahf5j 80egzrc gxuosxb
Node 29: rg39eft
Node 30: aev3e53
Node 31: 12j2pu5 7f40esr jx0fxtp
Node 32: 9kjqs6v
Node 33: tqcelhf
Node 34:
Node 35: okgdsoz
Node 36: 91nqxql
Node 37: 8wg1u5j dzmg1wg
Node 38: j2k3hqt qytkhg2
Node 39: vacuciq
Node 40: xxceh4u
Node 41: uytrq0c yow4hqo
Node 42: 2npqgiu
Node 43: jqetfkd
Node 44:
Node 45: 7kx4xsk
Node 46: n8atovy
Node 47: s88vj5i
Node 48: 1zau60l
Node 49: b2ptvrl
Node 50: n21wbm2
Node 51: njriwri
Node 52: gx8kibp
Node 53: lwsno1i nzb29oa
Node 54: jcfp4aa
Node 55: 4zqattw
Node 56: 794ky7l
Node 57: n4lr7ik
Node 58: ubeyx1y
Node 59: m1a4hag
Node 60: knwazgv
Node 61: s48dl4l
Node 62: ktbq44x

Node 0: a1ei0ka
Node 1: 9bnlesf c8di4ck
Node 2: ecl8ca3 ef22qfs p1u93h8 xj30tmw
Node 3: q3z1l8q
Node 4: c3o8i0d gv6x1d1 kcdn79j nwim5w3 ylt36vr
Node 5: dfud3f5
Node 6: 0u7ms34
Node 7: 3k3on1h bhepld6 flmzdnk lrh38if
Node 8: 1nxg223 4ly2g2x a2ow9bp
Node 9: 160lg6t 4pfhz9w 4rr3wli 6afzzkf 6ftv5bw 6i84ma2 7c05xmh bc48apx czxji7r doatg7o emnkgzh jhpqn5w li5354l nuto3v5 tjfgqa3 w4md1zl
Node 10: nwpjadw xumoj9f
Node 11: zh7bw4b
Node 12: 5g6ex4a wxttnej
Node 13: 4vg8w90 kkrjiiw
Node 14: 3c14m6h 4msc5vs 92w7zc6
Node 15: qgtx5pb
Node 16: 42fftqj
Node 17: amkzszx
Node 18: 3u9n1ax r1e0bqo
Node 19: 6vlv7dp
Node 20: 217ov0e
Node 21: 1gd1b6m emco369
Node 22: um16mj6
Node 23: ad0ne73
Node 24: p8stzkq xooxukx
Node 25: a275jqw b7ge169 v2mzpqg
Node 26: izi1fdn
Node 27: bh0sdyt m7smhuc
Node 28: g3e6rsd
Node 29: 7ra5d63 rj7jbh2
Node 30: 63ou4br glu5mr8
Node 31: zw8kxdq
Node 32: 8pfwaq4 x4ch6hi
Node 33: cxp9259
Node 34: kug9ytm
Node 35: v298ez5
Node 36: amiz23z
Node 37: m2t49a7
Node 38: xmo5oxd
Node 39: hsf6b59
Node 40: slnf38g
Node 41: jytkeal
Node 42: kk1e98k
Node 43: pfzg5y5 s4j6bd4
Node 44: vxiwisl
Node 45: 0vywkf8
Node 46: lpzfzcb
Node 47: uubo13a
Node 48: jl51evp

Node 0: 2n3s6zf lbvjqgo mllpwyd n0gvjax
Node 1: 7nvymwr
Node 2: 6unqe7a 9mc1weh d9e5toz j2wcf3f l3mac2n uw78pws whmd2rt yw8xix8
Node 3: nteztgd
Node 4: 2ng4tf2 9iwxhan cpa1x0a iyij6nm krgpb5a ojjp5ia oy6fjh0 p7q40pf vazjmtn wfvdpll
Node 5: eth2pbf
Node 6: 05jf6bd nv71ifs qk757dd v0r0f4w zafunsl
Node 7: 4ze65fs 62jaue8 fb79uoo y7rptak
Node 8: 0z2b33r 43gap9l b2e1lqk facktq0 lxuqcdv m2o2xli nsc49dd uad87hw zxuicav
Node 9: 3dzwawe
Node 10: g80togv
Node 11: gha5eml r0rxf0v
Node 12: 21q4f8v 4o1cf41
Node 13: 8ix3dk1 kfapjkd zv9wze4
Node 14: 6vk98kv m9884m3 n6g1llu qgci2dx s45sd88
Node 15: 59pa94d
Node 16: 20agds4 23d5bhd sapcwe2
Node 17: bandzcf
Node 18: 0cxazj9
Node 19: 3pxugrl c4rjjd7
Node 20: yozw82t
Node 21: 7fd7ss4
Node 22: zkx9qy8
Node 23: 1hmrn6g d2lmxbv w784vex
Node 24: 00no2zs
Node 25: 3msi4o9 pvq8ccx
Node 26: vk7j67b
Node 27: iq23ayx qogak5p
Node 28: z5c4g3o
Node 29: g1tbu1e
Node 30: u0la23v
Node 31: kour87e
Node 32: b1y6aii isefgfm
Node 33: zi1qa14
Node 34: gru5br4
Node 35: bbkm3jo n1iu0pz
Node 36: ya9zz1p
Node 37: 2wykydc nh03kyu t72m30j wu64eya zt7xtp7
Node 38: 1211gpg
Node 39: o4uwqo6
Node 40: zi2r98v
Node 41: yw5i3lw
Node 42: s2msb51
Node 43: eu123w6
Node 44: 9txa27a
Node 45: d1l55qs
Node 46: gkqvvp5
Node 47: 1pkcwc9
Node 48: z6fl3qy
Node 49: 5xuxxb4
Node 50: kousryj
Node 51: vix3foq
Node 52: qhucn1m
Node 53: 34fs0yu
Node 54: 0kbo57m z26ac1i
Node 55: fy9s3rk
Node 56: 69ffzf5
Node 57: 3aamr2g qga9z1t
Node 58: 38bmu0t
Node 59: jji00sp
Node 60: 0vhfjww
Node 61: kze49a2
Node 62: vpm28z2
Node 63: zlkwg5m

Node 0: 1jzftxm i1lyfog nmb1ilq q5x95qr wmjpu0s zo0yoxl
Node 1: h40jb4f
Node 2: 05lqah1 jvdpud8
Node 3: a1m1bkg
Node 4: 0hkj5k9 gc0gj6c
Node 5: c14nwhz vmiq0w7
Node 6: mahvtye
Node 7: n9znujd
Node 8: 3fzfyfh
Node 9: dtfsewl
Node 10: 4dtrepg
Node 11: z5xyskd
Node 12: sms33fh
Node 13: ntjrit1
Node 14: n7m9dhr
