Node 0: 1eapepw 1x13ke6 620j30j 7uzrule 80n1dwc 9q4jprs awn2yy1 eo6rbdw i90qluz j0tmdgk mqe5zqe nw9aks4 pvvea9c r295sr1 s404epk srhtvb4 tu6dgvp umlu1ly vioav3r vmzv3ez ybpdx6a yderyc7 z5ly60u zof3t6z
Node 1: cq0xctf j3lwelt pu11ucq qsu5tcs
Node 2: lwxbv3m tlt3pwj xaa94m9
Node 3: 124roh1 dor67zh ecvr2er
Node 4: 3q8revd 4ru665o 66l6e5m 7x7qugq go7c5k7 iqg8wwo jksyftv kdmqxiu kr566zr pe13480 phg6w1b ptq28hw vd8ybd9 z6gkapj
Node 5: 3a2x66k 6hv0vza xubvo80
Node 6: huhd8nq
Node 7: b82za09
Node 8: 7rygdnb xu44d74
Node 9: vk419ek
Node 10: kpxc24c
Node 11: 9d0ceth
Node 12: tu34zq3
Node 13: su7e2br
Node 14: 3o03osx a4iunkp ckmqq5m
Node 15: 3y5yocx kjrb86b
Node 16: a0sg0by f76ilos hugq3u5 iv0adff s9anmzs veq2i90
Node 17: x9h68r6
Node 18: 1mov0ag 44qmq3z pn4rhrr
Node 19: wn7zd4u
Node 20: 0meu7lc
Node 21: 2tygk4v
Node 22: cgkvgaa
Node 23: fxu41w0
Node 24: 4kjc2jm ydunqpy
Node 25: nlkkuau tj9umq6
Node 26: x083p9j
Node 27: lapv7ly
Node 28: otkasy6
Node 29: upncte9 zmcxcot
Node 30: 53i0chm 59afukc chzlyn3 cwuhk64
Node 31: es95tpj
Node 32: j8lw1wv
Node 33: hudsbr9 oljvlj5
Node 34: 6r2e2at
Node 35: z72j0jd
Node 36:
Node 37: ax0xv3t
Node 38: 2cu7okf
Node 39: 4s0rnea
Node 40: tixsenz
Node 41: 82erdna

Node 0: 3afm79f 4rkmduv 5mvj2fs jcmgp9f k08dk1d qs837p7 t5jop4f ueyyjx2 y3z7qpy
Node 1: mclcwx1 nhbc2m6
Node 2: 1vnqc1m 3lnyxkr
Node 3: hp2hila ndphwp1
Node 4: kzo3b5p
Node 5: cr94ehr
Node 6: 1m6fad2
Node 7: rqudr7y te6eqhv y8pw5b9
Node 8: idaiup9
Node 9: rgkt5zj wvmmdrp
Node 10: 9q198dq
Node 11: ghdvfl4
Node 12: akeq5ft
Node 13: c51hnju fon0bwr
Node 14: qcvtwls
Node 15: awe2xx9 dhdf4nd senhmf5
Node 16: 3zk0bv9
Node 17: 0cikinv
Node 18: frawabt
Node 19: vtski9z
Node 20: pzxq0ve
Node 21: hd036ev

Node 0: 0roztab 0yg9wcs 9eaegau
Node 1: cus29k1
Node 2: 1a0sd2r 2mtm4q1 gpsyzbp kqh3dn7 nut0owm qk34cjd
Node 3: 2ykkosx thnnl5v
Node 4: 22oeku2 n7ilynn pyvic4p
Node 5: gsz8rwh iil3b18 kov78qz
Node 6: iit8wlt
Node 7: 6t3f07t
Node 8: 8p7jo9d

Node 0: 2rbzaws 51fffe7 9yf1htq amd33jw eeoj9qx hlsw39v oa4nkb7 pbggom5 ybpdysz zeuqhsh
Node 1: ljdeyy2
Node 2: 03z8ozp 48udwjg 55ck69u b0ccuqi lnnq4ja r50dmx7
Node 3: 3vlgguw jjrokhd lfed2mx
Node 4: 997co4c
Node 5: ndzb420 tzuljcw xhysil6
Node 6: pq2yrpo
Node 7: 2uax7cp
Node 8: 4vrw4l3
Node 9: 4olv89c ite51ot
Node 10: wwmad6w
Node 11: 3wug3ml
Node 12: h4smzjy
Node 13: 1z547ub akjhai4 vd940vm
Node 14: 1d6xb9v 7f1jqbs
Node 15: sus7dh3
Node 16: t06o28b
Node 17: 82pf6dv rwherrn
Node 18: gx79knz
Node 19: b6ee5t7
Node 20: jo1dbck
Node 21: piwen9g
Node 22: 1vkqs50 a0rmfpj pnmpw76
Node 23: nlort40
Node 24: 6f6syr6
Node 25: asacwcs l7vfzin
Node 26: pwq5j42
Node 27: 8m9yj8x zhuxmgx
Node 28: c7rl1vk vjgv0vi
Node 29: gqwdlfs q5ubfih
Node 30: 1dazh7n
Node 31: 1twgczm
Node 32: kqhgtuc
Node 33:
Node 34: 1scivy7
Node 35: mglj7i8

Node 0: 167po7n 2a4oe62 37xbzb0 80bkwhm 901pnmx c4ikuwy cd80ziz f87g2ds i24f79a m4bp0rq s7zhwod txrakyl vosuc36 whpyn15 ws7buyz xr4e306 xrnb6s7 yti6xtt
Node 1: h99ndro
Node 2: 3bb1hej
Node 3: 50f4f2x p2f9ive
Node 4: 9j7f2jh f7l4uy6 g6cxksc upwko9p
Node 5: mj1z5ao
Node 6: bagzfhl
Node 7: 74nutn9
Node 8: mcwp9dl
Node 9: 5pno8u1 ds32ooo
Node 10: 883bwgy cq8jcdo
Node 11: llleqrw
Node 12: d5kahrs o0umenq
Node 13: 8v0q2a0 su0wf9e
Node 14: yz4cw23
Node 15: nnmwp91
Node 16: 5i4wdlk
Node 17: 10ckfje
Node 18: 8h12u82 9e0uicc rkj2fzt
Node 19: jqm4268 mxjtu0l sklgr86
Node 20: pz4fjqd r820rna
Node 21: 516fyhs
Node 22: oq19sz9
Node 23: 4zz3g1b cjr60be
Node 24: 7gepx5i
Node 25: sgq1dqa

Node 0: 2vhut19 gwlshj8 yyrkxww
Node 1: feix1nx qlnxlfu
Node 2:
Node 3: 937jbcz ieub3bg sq8tpxw

Node 0: 68hn1av 8ze16sm 90sdyxx diawzic lck9edz nujsttd qi2xcbc
Node 1: 1jtmqa0 9n8wzlk ghgqxa0 h413d65 p8p4n9o ysedk8o
Node 2: pcxk9rj
Node 3: 1nh20rj 54e3024 hn1db7m kol1o99 pj4jv8o tc4qdgy v9ao72i wyomwv2
Node 4: ctwt0gi twic2p7
Node 5: 5x7wtrf jcuo7nw nmze9e6
Node 6: r7tq2z9
Node 7: fjdyuig g1wo6gn
Node 8: eyrdo4k
Node 9: j7ck3rv
Node 10: 70qzzpv
Node 11: xesqie0
Node 12: 1ctcipj

Node 0: 0tbgs8g 1m2hvc2 4zrbzmd 5trerxz 6ehqkhl cc6oj33 ecka32u ehvp62m gc8c3mo pmf21ws r33osqx sjr3pt5 umh8thc wnv3p6h x2j5ft7 xu450mf zizjrkt
Node 1: 8ocas1w k3qghce raffx1g
Node 2: da3apph
Node 3: 9v8glyl dui14ye
Node 4: cwvhiyf u2grqjz
Node 5: 8gtqlnk
Node 6: 5op1pvm 7ime0z4 jyrzrad k8g1qrx mpshowc u2xirrh zhn2yii ztkciov
Node 7: wu5hmj8
Node 8: ibc06br
Node 9: 6dp3ptw
Node 10: 2ylmtk1
Node 11: 57gcadv
Node 12: gstwgee knk6vcu
Node 13: 7j20n9d
Node 14: 8r7cqy1 cm2jns8 h3xapf7 ppboafp
Node 15: 54f03r4
Node 16: sptu91d
Node 17: 6s03eg2 7u244tu kbhw8l8
Node 18: jj6od6i sea3s6f ycs0n8g
Node 19: 0rap9fw n0pky4n x0yizro
Node 20: pb13z9r
Node 21: o72r9ws ojhngdo t2n5elr ugf6tjl w75vp2y
Node 22: t23uvrv u9wa5ec
Node 23: 5712hpe
Node 24: bcrlgr1 m4koo2t
Node 25: 6tx89bm
Node 26: ma2g33v v76ew6p
Node 27: f8k6sbe
Node 28: n06ojyb
Node 29: dlv5qcc
Node 30: 4g46qut
Node 31: 9nxfumx
Node 32: 5pzlymt
Node 33: d37mjnu
Node 34: eklj1zd
Node 35: 3zl5hr7
Node 36: i4qyd50 ic4fh7b
Node 37: g8byoo1
Node 38: yhrxiq6
Node 39: b554jef zw9dhh6
Node 40: 7ebrvjt
Node 41: jc5423r yein2iy
Node 42: p4k3n1v
Node 43: 3fgs16u 9phduuy
Node 44: akfaauv
Node 45: bu41zkp pg718a1 wbnhklg
Node 46: sxfohur
Node 47: svris43
Node 48: po8injy
Node 49: 57h6vx6
Node 50: cf4u60v
Node 51: w8d6bsq
Node 52: cy7e6cd

Node 0: slfcr2h
Node 1: 1ygnoj6
Node 2: 0r1xvn4 1ao3a62 ddmcmu8 fnfb0af h2nhbsa hbget9z j8jlq1t lhwo87t mm2ahsc o3hple4 p6nz794 p87tqgj powzaxj pqdmwuc r7ueuld xnvuyer
Node 3: f0qd5cn vbd88w7
Node 4: x6c3lx4
Node 5: 6lbdfhr
Node 6: 9fxiu6v ruazuhk
Node 7: s3ydyp4
Node 8: axjtf0c
Node 9: p881bvf wlt7fcs
Node 10: jws3ch0 ytn6j0q
Node 11: sgru4o6
Node 12: cy5jhyo
Node 13: 2fmz26e 7kbg63s jc4li4o pf0s5zv rvvookd
Node 14: 7zjkmtf
Node 15: pi2uew0
Node 16: dv9vuci
Node 17: bgelnxs
Node 18: f949dwu yhv4dzb
Node 19: 2s378v7

Node 0: i1v6mea
Node 1: 62rzevr
Node 2: blblior j1kz2sz
Node 3: 2iso42m 71x74lo pa5x623
Node 4: 5j8adtu k8k43zd vqnmbu5
Node 5: m5ieujn
Node 6: 3zag3sr
Node 7: xpkaxxa
Node 8: eipg410
Node 9: 4imnmnj s7e5s9u
Node 10: lb2y95r
Node 11: 61s1iys
Node 12: 94xh3bo
Node 13: ob59uy6
Node 14: 0cy76kl
Node 15: lybsyjk

Node 0: 01h6xfz 2htgygm 3wk6ex6 5ojmqvi 6ls7e8o di3kcjp dvu5pif kae858t l1vqse5 nnqhpj9 qpisogw u342ah6 vttyyea zf0e32j
Node 1: 23cukxa aoatx8z
Node 2: 1is70xa 2kjqaah 2ssui4b 6bs5ioj a0pvlmu asxxl3p cuuw7i1 li68cwy orlfxnv v6jo3lg y1noxt6
Node 3: 4q9kodl pym5sgw s86dhol
Node 4: 08xk4tq 2vlhq1u r486g23 r9u27ta w2ducu1 xido92k
Node 5: 1do8ff4 67kumqg et8msf3 fa29phh hqmuth0 xy6y4hg
Node 6: izzj0xs
Node 7: l49q2u5
Node 8: 1eelar6 du9s6fz ibmdyco s1fygmq t9v6bgc u3ueg40
Node 9: erly9ra jimkl65 k3ji3kv mz1svws
Node 10: ohbmej7
Node 11: f624bnt
Node 12: 8i3j0eu
Node 13: 4ahgw7h
Node 14: y0hzyg7
Node 15: 4322x87
Node 16: 7ktottm qv7q2xk
Node 17: 7f0igp4
Node 18: 3pnvp11
Node 19: 2w0d3qj hcsdo70
Node 20: bq7cgcd ruxxnqy
Node 21: 9e9hv4p napl8nh
Node 22: rz1l5hs
Node 23: akqcbzy
Node 24: fbnl8cl
Node 25: 8wyh7i5 cszeez0 lvj9iks
Node 26: aqfi4bu hxf5vt4
Node 27: btbtum3 dsylft3
Node 28: wmxlp0e z890s1f
Node 29: 4pkcytt
Node 30: lysbplv
Node 31: 5r9ru3q
Node 32: 7d0atfz c0osyp9
Node 33: d34lsku
Node 34: vw59y3j
Node 35: cc2eexm
Node 36: hcwtyb8
Node 37: vz24t50 yyrsjf5
Node 38: d371g8f twyw4we
Node 39: omqqe5q
Node 40: 13unaar
Node 41: jztyqa8 z5nqj48 zxawghn
Node 42: s18q730
Node 43: 4hh06mu
Node 44: eiuy5bi
Node 45: vn5uy22
Node 46: bz5k43g
Node 47: j4dmzx6
Node 48: zugfcyf
Node 49: x8qil0g
Node 50: ll3wli5
Node 51: rr1rjdn

Node 0: xah096x
Node 1: 8guo34w 9uc5kr4 jcgecpw ydeaa7n
Node 2: b7w20gh r26wxda
Node 3: fn3qynq
Node 4: 2avlmda riizedt
Node 5:
Node 6: kejx9zc
Node 7: 3ycrsz7
Node 8: 0112ii2 k72ztpn

Node 0: 737x09j 7sxdjxt 7t4bd7o 8fcvf0y e2ftvmb l2mp5cn r632ifj v34kupu
Node 1: 1yz8s6z 4uqo6bu 7vzf2ko 8jbl3p6 ge9odys tw93nzn
Node 2: 3cwy3pw 3tfsags 82jxb95 l7k59co nl6x0x4 qxo6o6c ylw82jo ymjhw5t
Node 3: og1e9et
Node 4: qolcech
Node 5: sxm18pe
Node 6: 1emedzp c9wassc
Node 7: gt0mlno
Node 8: a179mp6
Node 9: cmae7ew
Node 10: 2b0pdwu
Node 11: 18m1hg3
Node 12: p41b4zy
Node 13: i0u64p0
Node 14: 0q3zvr5

Node 0: d0q6dqg
Node 1: 2pw5l0o ap5c5cn pltorre
Node 2: b6d967a w2t7aru z76xp3u
Node 3: ghud6wv
Node 4: 7nwcay0 by2jage mv38pp2
Node 5: lu0sopc
Node 6: 8r3bkjk b02vezw
Node 7: nd2fyk6
Node 8: citagse
Node 9: gfe0q8r r24t5ke tl6qjia zzz2v82
Node 10: sbsnao6
Node 11: fu99ige hts3oep
Node 12: 6ydq0mk gvuptoo yo6utu0
Node 13: rxwsqil
Node 14: q6lgseh
Node 15: 5nso5xv
Node 16: 5lpnvin gaal6dg jx90g37 vimnz2q
Node 17: cbfczyd fa0l0u5 thgxaht
Node 18: lnbkw4p
Node 19: 7cj6xfg
Node 20: qf8qbia
Node 21: mzzlxvb q85zvwt
Node 22: 6q6akau
Node 23: x0adp69
Node 24: 0soinqz
Node 25: kym5zgh
Node 26: f6dcusr
Node 27: kcmsyzz
Node 28: 1pjszqa
Node 29: n0gx4y0
Node 30: mjtulhe
Node 31: jd3b19c

Node 0: 62ntoxx xr28ixv
Node 1: a5h76mz ms9lyt8 oxi23ig
Node 2: dbohijb toy82xr
Node 3: 25nm1ys 7xx801w asa5rks ll93puq lvmgcdg o4n8aja osjiii5 ste6lqd
Node 4: 6lbkxce
Node 5: am0ny1q v515cfp
Node 6: pe96b60
Node 7: abev4m6 qe01elu
Node 8: 350rsbx wa8z4w2 wh9exzd
Node 9: 2rladb0 ejeng8n gmkw6py vioxjnj
Node 10: 39vc3k2 4dyc8gm ky3c3tf m4dqkkl
Node 11: ekq6h4a
Node 12: 941acp9
Node 13: cwprojs
Node 14: w9q2xxn yj4k59r
Node 15: 08vi2uj
Node 16: 2804wbv
Node 17: 3zhsjjm l76xbki
Node 18: dh4anzt
Node 19: 3530nvi gk39tgp
Node 20: qcymbft
Node 21: f8354n2 fba4nek
Node 22: vjz2ulq
Node 23: p0fqgv3
Node 24:
Node 25: 1c9nabs
Node 26: abnwtmf
Node 27: dzolz4r
Node 28: xaef3k8
Node 29: nasg8ul
Node 30: plqy19o
Node 31: g6cqksz

Node 0: eczhkv1
Node 1: 15tdgxh 2yotybj 42yx1to 5pucy3w 5z58w1j 70gsx31 7fzs8zf emjpqbb gdni0pr h1opyhm j6k1s47 lbjfq6v mnw9uj0 otxprfm x0wvvjy
Node 2: 4wufa98 cqhz2xz fhuejqn jko2e3w kqsnob6 y97y2cw yep8ek1
Node 3: 9c9ddqo dr207y6 yv53k63
Node 4: 7yyxph2
Node 5: 3d6r08j
Node 6: 9wphiew mvepulz
Node 7: 9novqpg
Node 8: an0bnd2 tnkmuhc
Node 9: epzrhy0
Node 10: 30immre ikovtrg
Node 11: 3ez9zxd 3xvlhpl 954emyn a6ibrqn ddfnvx7 jq1gts9 nbqjbfp
Node 12: wm2ikwy
Node 13: wbe9z9t
Node 14: o3ap2hh
Node 15: 11fr8u3 4eyxqn3 pfv4fbm
Node 16: varnuu7
Node 17: rl1tfsu
Node 18: 07sgobx 5m2chdc 8ccmpsl
Node 19: kydr34o
Node 20: lolhbjc qd3096f
Node 21: htmszgu sid56n6
Node 22: 64az7cg
Node 23: flfr0ur
Node 24: 2w8vk82
Node 25: eltiv4n kfqdmyc
Node 26: gg3vgea
Node 27: 7dwdnlv b3p5h11 gz8e9ti
Node 28: hqznqbv
Node 29: e8ffgkh kgszuuk
Node 30: 01px2y2
Node 31: 6zv4txc
Node 32: rcg68g0
Node 33: mi6lgwp
Node 34: a3ssgxi
Node 35: vvyw9oz

Node 0: byqh7y3 hbpqrm2 zlwm31v
Node 1: 1q3z4li 590yuln el8j8d4 gt1ahdo j63wpbr nkxel35 obg02oo s6nk87a saw6270 trbaqcp
Node 2: 2ticyew 5mvq9dk d9fao2j imdljfb ixpsi1c j831s9t kju6qkw mo1oen2 nesc75j xgim1jy
Node 3: 0g2uepx 0kxdr3m 5nuku3n imctvj3 srwt83v
Node 4: m5uyhqh omxess6 pbp3rec u9avjbi
Node 5: ll86la6
Node 6: 1bq67bj 6y0na4u
Node 7: r2xqyzf
Node 8: dxkplc7 f2gxws4 j7p0huq t1nowic t28ao0s xqx3p0n xt23fsf xvvrdp1 ytiq8g3
Node 9: l4x3xop nyxde3w voj458l
Node 10: t1655mr
Node 11: 29wsf9e kqwri0p
Node 12: 0g73053
Node 13: 12i59d2
Node 14: 9ryl8c4
Node 15: wn9bkpy
Node 16: 2h7dzcc fq9cwwe
Node 17: 03rz5w7
Node 18: 14r5ban
Node 19: ujyikxu
Node 20: fvzm12l
Node 21: 9uaurb0
Node 22: 1s13oc2
Node 23: z9hx43g
Node 24:
Node 25: zbs6u01
Node 26: hht5k5j
Node 27: skaszrf
Node 28: d7ol7le gaclt1c qikzkv8

Node 0: 5y2esb4
Node 1: c2xo28d c9cwg3x fdrmdmz
Node 2: 2w5gp0w 3bjgsna 3y2elzo 4aagj1z 67e9z9f 6gy2fto 83f88j3 cgat0eu cqzrxmr ewfkppn in1xoql nr6weix sceqnf9 z5lh9bj
Node 3: 32ayvdy
Node 4: 2c4usce ps7749h zxfrjvz
Node 5: hh7okgq
Node 6: 9v6ol67
Node 7: 1vf2gdx 5414lx2 571p4g2 fiqk42b ggoawe1 la4zcie qocrido
Node 8: 0j92gq8 21v5mfg 68ozzr3 l8ugohf
Node 9: dfq1mp9
Node 10: 2v3z6ob bd4cogk cnfzxjv g6euac0 j36rhho
Node 11: jnm3on4 o367gn4 wmoc4n2
Node 12: 7zbhp90
Node 13: aemwhxe
Node 14: g5qrkqt hger6ll k1sjykf v9csnr3
Node 15: a38xqkd
Node 16: 42fk4j9 jo5cprl
Node 17: r9hcc7c
Node 18:
Node 19: bfkwryv
Node 20: 23rr70r f9zsohq ngkqmwz xq4iyba
Node 21: 5rsbjk5
Node 22: he8t30n
Node 23: vi3k5ag
Node 24: beo0r5k
Node 25: a5zqgbu
Node 26: 75kkgqy v5qcpjs
Node 27: u0teeoz
Node 28: ec6k3dp eodtpw5 fvis3ri
Node 29: g9l4yb4
Node 30: 9ujl22p vlaicm3
Node 31: kuicifr piipj6n
Node 32: s6bw63e
Node 33: 2ylkmwl x9poebj
Node 34: 9hmz068
Node 35: vy1grlz
Node 36: 5muybbh
Node 37: qbc1kdg xtlsi9x
Node 38: 7c2vgtp
Node 39: wb19liq
Node 40: bmk9vvn zqmqpjc
Node 41: dnxc8if
Node 42: it8ttcz ji16utl t4sfzm2
Node 43: iftgq4w r0lqx0b
Node 44: q4j946i
Node 45: xeiobal
Node 46: 0ien9zw
Node 47: 9dmh0hh
Node 48: wed2898
Node 49: tk7bw83
Node 50: 636v57w
Node 51: 25pduzp
Node 52: sxchbaz
Node 53: dcarqun
Node 54: 9v7hjkj
Node 55: nremc5q

Node 0: y6j37o8
Node 1: 0bc77r5 1ofujr9 6m98qxr 8fyn9p9 bom77aa c1j4tg6 f1b1ed5 ikzvjjy j27uv2u nyvasvz qoyom3j rlldoco ttcrvmi xdecs40 xdujea0
Node 2: wjhg6hq
Node 3: 9tt3x9i sit2ybp
Node 4: e22c5mk eimskna x44yve2
Node 5: 6mmgmo0
Node 6: 92yt8cr a1x3q7d dzju2ft vtexwky
Node 7: 6g27uvi
Node 8: 6houe17
Node 9: gy8ghc4 qla4i5p
Node 10: gv7amh6
Node 11: 7sza840 bhoefd2 dylstme m5oe7l6
Node 12: jbq1y2l
Node 13: jvm7x7z
Node 14: det5bz6 n0m6net
Node 15: 49ak30n
Node 16: gk00cy2
Node 17: cupn599 xlrhhdt
Node 18: 558tjux
Node 19: en837vt q190ktg
Node 20: o79sc2e
Node 21: bqvqhu2
Node 22: u1ai5l3
Node 23: pak59cv
Node 24: 6ktze9c kkw0z4e
Node 25: 140o4td
Node 26: uqusij5
Node 27: 9lqbqo1 g49x3jd uptcfcl
Node 28: mdskhrm
Node 29:
Node 30: o7drh6l
Node 31: zqh3hq1
Node 32: gij3skx koqun4f
Node 33: 033uk6e
Node 34: m51moto
Node 35: 7l6jztt
Node 36: efw0w34
Node 37: ubr2yjw
Node 38: aaroi01
Node 39: ev8co4d
Node 40: dzvhff4

Node 0: 13ejniz 3lv1rpx 5qwdh0h 78bidot 8y9ugs6 ad2jcz1 yxkdnhn
Node 1: ekom2vr jbpcgfp
Node 2: cu3xjhv t09bsza
Node 3: 5wl8oyj a6hng23
Node 4: thpb0sd uzk7pfe
Node 5: 70ngnxa
Node 6: h5le6ck
Node 7: vhewcie
Node 8: 89fy0oo
Node 9: 8ftjz6e
Node 10: lyf8k8g

Node 0: d0iy0pd oisfdb5 vx61fqj
Node 1: 4ttcx35 q1p626n
Node 2: 4bhfeq1 ew7zmy4 fq66ef8 mtzjpuk pyrge26 ugbjx5y wldfmtx z0ijbyw
Node 3: asemqaq b4z2wfh
Node 4: glnxvfn
Node 5: 5qwmm10 e0chlno lmgockk uc4p2vz
Node 6: 3yp7szs fnj6rmg i9b0xu9
Node 7: vba5vwh
Node 8: 11xn2dy spy5ua6
Node 9: 6e9xerj 82bj0q5 93uii2z
Node 10: 1hjjvwa 65uwzwt a5t00fv xy5i7x6
Node 11: bk7bpfk e6dco82 tfz5dah wkkc2dk
Node 12: hu5clc7 kswxh67 wz1xl16
Node 13: lxp11ce
Node 14: 52kluot
Node 15: pkd0bx7
Node 16: 3b8sj4s i7jg9f0
Node 17: dwohmbp
Node 18: z6gu016
Node 19: bf9dtbt
Node 20: w2k2515
Node 21: wk2l330
Node 22: icgohvn
Node 23: qmc6u45
Node 24: h03biyw
Node 25: khhljy6
Node 26: blf2k34
Node 27: 7n9p9u8
Node 28: ssm1ouk
Node 29: nsk7v0i
Node 30: hsm3ewe
Node 31: irnojyr pft0huf
Node 32: zuhzbdn
Node 33: osdtf0w
Node 34: 89hxks5
Node 35: vqnhjih

Node 0: dpfkvav
Node 1: a766c5c ccp9zpi liacpfd m5pp77a r2kw3ba yw0dz2d
Node 2: yezu04f
Node 3: 3fj2x3p anyfwm6 ip3zs5r kymw2os lfxk0io p73v5wq t7nsa71
Node 4: 7nvotns a2by0c6 d1mtvzl ed3s08c nkb3cjg
Node 5: m4ctlxt
Node 6: 0xs8n12 dij9x16
Node 7: 45wj9zp 4bwd8k5 529ewpg 9h8gxje a6feuqa cl7ky5t hm3ffxs jy3avro k3r8jej k59fwk5 kvk4sv6 mnlu9qv osp2duy papg5in rcpvxwg rtc4ci7 sff6izl so3rsbl stl77fp tiudtyj
Node 8: 61u0srb
Node 9: 624ksi6 rk0isre
Node 10: 75ye2er
Node 11: e2liunj f18gek0 o9za0xg oagwase qq493sd zbeyxfg
Node 12: jb7wv9u
Node 13: yy2rdzr
Node 14: 0hnsfko dtq231d ph4k024
Node 15: oc9a1ee q73nrj5
Node 16: 1h5kjx3 jn9irg0
Node 17: 40u3qge dehwkht w6hpsa1
Node 18: u4w1wcu xc0lg0l
Node 19: qout9ul vv0g8zo
Node 20: kprntiy
Node 21: 1x3vquk yki3wp0
Node 22: bm9p4df
Node 23: fvd4gcb xpr5sa1
Node 24: 2qvqwin agzz8zf zvajx94
Node 25: 1g3yxe5
Node 26: 553lcfy iyj9zzb pbnc3kw st9l7ur
Node 27: 7oh4okz r3mp3na
Node 28: hre25f3
Node 29: 7a1fr41
Node 30: rca9of2
Node 31: iu5dn12
Node 32: 72crauc
Node 33: diovym6
Node 34: jd4p9gg
Node 35: 3m7mo0m
Node 36: 06wo9us

Node 0: 69qayxw
Node 1: 2vlcje7
Node 2:

Node 0: 306zhsn 5coajjd 8rv9csp e2suc82 isrzr6o knjqdja ngg8la0 nwux2ce rqh19p8 tmms9z8 xo8v10v yp8nlmn
Node 1: 04o5cv9 5shgtl1 793ddew h450yxd o237sav oazh8x0 pkbqx4j qs6gbn2 umvk2fy xf9iqg1
Node 2: 5jveeps bca5fdn ecdio2a fkijhi2 gjs207c oib6nhc p446riz qbesap6 r8hj9j2
Node 3: nfz7c1l way2sgo
Node 4: hrhfbn2 wzey29j xvuxng3
Node 5: a1o23g2 cvanc2k etxhm6t gjl0doo i7nqtij rpcmim1 tbhbsak tu7g4kq
Node 6: h4wlzsi
Node 7: 35gjrks e3fvcbi
Node 8: chlcf55
Node 9: 25nyktw 2ibpwta luvphk2 ofe77hr
Node 10: 8rknhu6 9pxk0ve dzbtmxz e2z3nda n6fxvym nkytj4k
Node 11: 6pefsnh hsrnkg7 k2xe5h3
Node 12: bdihmff mkoafec
Node 13: 2pbmi36
Node 14: 9uakogk ij1yey9 u6vxche
Node 15: c8iswzf
Node 16: dwjkguh
Node 17: n0b3nfn sk2szv6
Node 18: 4qrs4m6 5kmvknl 8tjjut7 guxjuep zo3qss3
Node 19: 5v1kt38
Node 20: 6yht5kz uv2nnmg
Node 21: m38b6bf
Node 22: clsf8sc
Node 23: g3x0w29 rju44z9 rq16r97
Node 24: 2nu9h2p
Node 25: 7h5311e
Node 26: u1a46h1 uoc01ce
Node 27: n7bvw2k
Node 28: ue59o9t
Node 29: gqn9nwn lnsdt42 p7h9pes
Node 30: mu85zu2
Node 31: f32n7ka xvazqwy
Node 32: nmy4qpe pmrz7ri
Node 33: 23uencz
Node 34: 7pod6qa sdeov4o
Node 35: u4gcgvw
Node 36: sh6jc0f
Node 37: 0mkoav8
Node 38: v2hvayw
Node 39: n15dmi6
Node 40: m9t6n5p
Node 41: o61yp56
Node 42: b4js8ya
Node 43: 4991yx6 z6z2vww
Node 44: aiquxco
Node 45: t8vh61d
Node 46: tdkqq3s
Node 47: 66exptm mlrvfir
Node 48: 579q13l esybe2t fp3scsk yjs65fb
Node 49: aj2v52z
Node 50: se0cxrf
Node 51: udwh30y
Node 52: 4fff6w1
Node 53: a862diu
Node 54: pjzjmaa
Node 55: 3vhciq4
Node 56: a5oeqzt
Node 57: epz4aow
Node 58: ozxvlx5
Node 59: rta43x1
Node 60: hcb0gmf
Node 61: i6u6wej
Node 62: 770wxmh
Node 63: kfp09j9
Node 64: 50yywph
Node 65: 5yja54b
Node 66: zf9enco
Node 67: tdesyq7
Node 68: 7h4ppwt

Node 0: 2np9req 3xbtohq 67lh8e0 az7ehmw oieq6cs ufimj0p wa0yvvg wso6o29 xnypjwa
Node 1: 2x2m7mu 468foj7 4vhqk50 529nabw 5lbhtel 8lx1dg8 994yj5i b2nih22 ckygegm dc8ylku e9bb2gx en4y596 ij6gu1r ji4qamc oxgx1h4 p8j12ts r0h6kee ty2o1a0 vhrrq2a wxv9nh5 yzrzgsh
Node 2:
Node 3: 68ruzmt a4fdtld b9i7fe3 cddih4r gxd6nau hheunji qk0x7uy ybb2oin
Node 4: 2myy25l 5dkc22c gnf5xt4 z7ocqja
Node 5: 3aj8mcx 3pqc0up 4aycmvr bo7m1ke ct6o0xk ehemqgy fivmeom q8mtpp9 qa9960n skp2dxk
Node 6: gg1s0pi
Node 7: 1igcvnd
Node 8: qmi80bn
Node 9: zcu7dh0
Node 10: 40yb1sm
Node 11: 0jxihrd
Node 12: 0q6c0x8 aawzxqu
Node 13: 4db0v3z g1zlewx jfr6jgv xfl4qna yjayv0a
Node 14: ntncw3g
Node 15: helj94m
Node 16: tfor9nu
Node 17: 9tyruks
Node 18: fmkx7kb wg2qsfe
Node 19: obliguw
Node 20: 2qlqiv5 7wfjll7
Node 21: 080nnwp 6iffeb4 hp4yudb
Node 22: mywk2y4
Node 23: 93t306s
Node 24: qycsgtk
Node 25: lqfc7ms x1u04gs
Node 26:
Node 27: job3avj u30vp4t
Node 28: isu01au
Node 29:
Node 30: 9cv0pf1
Node 31: k4m4f5a
Node 32: 5kbtbfs
Node 33: 8fbjpoe
Node 34: 9kgiplp m08k97l
Node 35: 4p4k8qv
Node 36: py1dtxs
Node 37: 3g7uhwg
Node 38: udotypv
Node 39: q3a1pra
Node 40: nxrqkh3

Node 0: y19g0pw
Node 1: dhrntpd gh2qzub ha3qozb itmio6m
Node 2: 352od41 i64c7rp pih1pu7 v0uz5kw
Node 3: ebkk3ha fessufd m3t77pb mhx1llt vhapjkx w7vm48p
Node 4: 4t9vqrd
Node 5: 0o09b3r tf8x28s xcdev90
Node 6: hspo8us
Node 7: vwd7jow
Node 8: zc50bej
Node 9: 7xfpq5d
Node 10: a5m0kc2 hzw5ol5 odwdsbr
Node 11: atvkqlr fspsklv jp977vk pkbxdpl wcxj4ga
Node 12: 8oss7zr c3e59lf f9l4ucw utp66ea v4oj1zw
Node 13: futkqw6 nx7wtj2 r5kydsp sbamfup
Node 14: ilhxplx
Node 15: 5jfitij
Node 16: 414axcf a8b6pis v1fd62r zvp71ek
Node 17: v3oym0g
Node 18: mgvr62f tsec59e
Node 19: 3v91enw kacunb0
Node 20: v40sjj5
Node 21: 57of2gw
Node 22: ajmysxa
Node 23: 1dwcn1q 4epvj8z l37f21v pgi30a5
Node 24: 8y1uyrd
Node 25: 0u26beo 2cgr75s vagg0j8
Node 26: p0tswwn
Node 27: x56ruw5
Node 28: 0t702zk
Node 29: 2ecc6tw
Node 30: 9sw1tz9
Node 31: 9mcmzts frz89to
Node 32: weayn63
Node 33: vrcosd9
Node 34: zjqzac4
Node 35: nua755z of1ltog
Node 36:
Node 37: qmlj2fg
Node 38: ud85gu5
Node 39: suedjo6
Node 40: 9nruffc
Node 41: b9tmto6
Node 42: 926x5dh bxpjaph
Node 43: rq0t43m
Node 44: 2o0wuyo
Node 45: lkxvhsp
Node 46: 7htduca
Node 47: s9c1p5x
Node 48: 89felx9
Node 49: jf4uwhi

Node 0: 0gzmju0 65tcfks 6mfgw5n 948s5sp a6ts2ji ag0pl0d aqqgxls c4hv3wo dfgc9a6 gl72mbk ilrhpvf mcj3ot3 nji4uvd o92zj5g yhnn870 yzyb6xu z6espy9 zdfqmgq
Node 1: 2gtuaz2 505c28v mpwbltw o2g8k5r xmbwara
Node 2: 93ysy26 96u2a06 m780qzz w9da8ic wpkubjp
Node 3: 5653x5u
Node 4: 0svi117 7a5oj3c a38k22f m2fkt4l oh9jm3r xl53neg
Node 5: 7qm1t7r ih0873q v6xuugq
Node 6: 0ztt53a 4po4l5t 5h4nzv9 86ifffe jmlmj34 zek83cs
Node 7: q8g0fs7 sbi4eqp yiogqpl
Node 8: 51nwarq rpquvah
Node 9: 1ro7pp2 24hyieb anngj43 b9srj12 t278053 vmbcvnh
Node 10: nzua3fc
Node 11: bukcy2z p69v54b
Node 12: 24g1wu0 r4sby31
Node 13: r3c1thy
Node 14: kaduivp
Node 15: hj71dlo
Node 16: rf5onjw
Node 17: iv1lrv5 pu5qotr z5ah5k1
Node 18: 4pbh6h1
Node 19: kuqxc8t
Node 20: 0a7xudf el6sg4r
Node 21: ynapftb
Node 22: lvdwo5m
Node 23: 2wdlu2d
Node 24: 688i0pj
Node 25: n2kjazs
Node 26: 8r73i6x
Node 27: 93ehz4y 9y7s7sj
Node 28: yrf7lwg
Node 29: o82xt6l takixim
Node 30: lojpjyc uv0t4s8 x2gl6iq
Node 31: ghosdzx smewtrm
Node 32: bv1r4gi
Node 33: j0u690e
Node 34: 3hhplhb
Node 35: 3ucszin
Node 36: 3kw23bd
Node 37: opfxs7b
Node 38: v3qdf8k
Node 39: 1hmumwu
Node 40: qohwb88
Node 41: 8ef9l4i
Node 42: ifyb3ym
Node 43: 2ygove0
Node 44: luuz5rm
Node 45: qgdgs6o
Node 46: 6i9z95m
Node 47: 1aawhw0
Node 48: 92zlby5
Node 49: y098pr4
Node 50: 7g6tmbz
Node 51: hre5g94
Node 52: fovs0zh

Node 0: a8dwnum erwu5fk tkno53c
Node 1: igzg03s ro6zg48
Node 2: xk8cj1h
Node 3: g4apqlu
Node 4: sowgb26
Node 5: csla55w f879scp sdx7s9k wfshkhp wzy1ke7
Node 6: 1okvaeq wdutqyk xvnece2
Node 7: hnzukw0
Node 8: 7cgmg99
Node 9: 7q0j2dh d9ofm0m
Node 10: p97h6s7 wl65pjj
Node 11: inzr0jj p0hpqp8 ptvy7lz rp320sa
Node 12: co1xgu2 k1qqsvn wtv1vr5 zwxec7f
Node 13: 9fljml5 gd74yvd
Node 14: 4yzfugw
Node 15: ebmskao
Node 16: 5lkk7g1
Node 17: l9fjh0q
Node 18: 71sdcik
Node 19: vwzcaes
Node 20: 3xgkk2j 76c6yj7
Node 21: 02oxtjs 0jn8n4t 79kk0hw pjjthk9 ra2w7kx
Node 22: icvx52g
Node 23: 33to2fo iwp5y6q
Node 24: 5mvyrks vy7y6t3
Node 25: w7st2zg
Node 26: 58b5mqo fixmusi gdf2um9
Node 27: 5nx4673
Node 28: 3zw4fqx
Node 29: mlqcqc5
Node 30: y9p17u9
Node 31: coxo38y hhv2ttf
Node 32: mmeruhp
Node 33: 0kvgrn8 37g11m5
Node 34: 4axfy0s
Node 35: 2euh44a 4lxs1b4
Node 36: brz27q8
Node 37: q0m734n
Node 38: ogxnj55
Node 39: p7ka8df
Node 40: g15kief
Node 41: kblvg1r
Node 42: tj03995
Node 43: d3k0buf
Node 44: m9y8wc8
Node 45: yzguaj7
Node 46: 1yof0vs
Node 47: xsoljep
Node 48: l2m8lh0 xjhqjkh
Node 49: uvpkafa
Node 50: v4zyps4
Node 51: 3is1d9p
Node 52: 13dblxk
Node 53: uotkeao

Node 0: 1kprmbz pdcbwop s9irke0 ve7yvy2 whdp9jl zn96thu
Node 1: 1dc4r01 9dprzc6 l867u6u n5uxlz9 odjrw5f qihblda soaugek vmkn6j8 xj57jg3 zj64mi6
Node 2: tz9m7ze
Node 3: 1yrua1o 3qiu3tl bwrqkds juyarhc rv8v8xm xfh1zs2
Node 4: nq2zhlq
Node 5: 0p3fqa8 3imtg15 is3m8cr kdlsxbj wqbkbq6
Node 6: 36me0xw qz8tf99 uv0j720 ysvphs2
Node 7: ya3iezi
Node 8: 8c64ugz zyj82op
Node 9: r58rgla
Node 10: 0gu49m7 2oj88ki
Node 11: 3ah5des aivkr1s
Node 12: rw7xe95
Node 13: jdpt81m
Node 14: 9mrswpu hxy086x nn83x1w q3ngnpt rmgqt1y ucubcaz
Node 15: e3n50a9 i8k2zwf
Node 16: wj9qblf
Node 17: 1bs7cla
Node 18: e4pyqfz
Node 19: lagpfo1 njmwz2m rqyawts vlpcb0x
Node 20: kt64nr7 pt7hnwf
Node 21: 9b7szle fs0xwhx
Node 22: 9ruynx4 q0e744z
Node 23: 90y2ll9
Node 24: 544tuva 72kn9vy hpqry3e i811l5q vx15g5n
Node 25: 1xa5zm4 fcj6921 gmzh2aa
Node 26: ungw9oq
Node 27: v0lr9eh
Node 28: k39e01r kbl62ei
Node 29: itlgyzl vn7v08j
Node 30: 0t6gkmv vf2aclr
Node 31: ut2hxe2
Node 32: uayxm2n
Node 33: 1y4qzsw 3cfpscj
Node 34: 29mvrxa
Node 35: 6a11s5y ug00rg1
Node 36: mn2g7zs vmvqmg2
Node 37: zsg35r1
Node 38: uqt856u
Node 39: 06hi1i6 r7nkpbr
Node 40: c00oco4 mpn3c1j
Node 41: 6ja4jbm
Node 42: i67bazy
Node 43: l2193kr
Node 44: to38a4p
Node 45: g279cs6
Node 46: 9atm38l
Node 47: ugpyq17
Node 48: 3vm0y9h
Node 49: lnruryo
Node 50: 2cen4ju
Node 51: sehwg21
Node 52: 5o7nfb2
Node 53: 081dl9w tgrk8a7 xc5aq15
Node 54: ghow7d2
Node 55: yfr7md9
Node 56:
Node 57: zbszd8k
Node 58: ev1kze8
Node 59: s7nkslp
Node 60: 9w5e5px
Node 61: cffo2st
Node 62: w79c1i6
Node 63: aox9m6f
Node 64: rmg0pbn
Node 65: 8tvuy3x
Node 66: ymjuyme

Node 0: 3ussr48 45c8anz 7o4mu0i ahnrvh8 hgysdaj kpzpv59
Node 1: csrfysa w07xoxs
Node 2: 0dxvi7e 9wkhv75 dfnv7kf vp4t3po w4e5mn1 x67w3la
Node 3: 9tkyjfg fazhio4 r11hmt6
Node 4: 3l5pqe6 4msfgrd 959ic11 gdb3pvg l7c1qui mvhwsxt o2vr4tg
Node 5: 10gi71h e4ivk1r
Node 6: m7b18g8 v5l59w3
Node 7: bq83fy3 dpiwyqf
Node 8: 0johnta
Node 9: ppllydc r3v1cmv
Node 10: 8j5151s
Node 11: heu9hk8 lpr5mcy oztn1s0
Node 12: ier1nde
Node 13: ny2u1ln
Node 14: 7c8nwxt b8ga4sf
Node 15: ugjqaz8
Node 16: 536o90t
Node 17: sw0uw51
Node 18: 7bs5rt1
Node 19: lzoarw0
Node 20: 3fhkeev 99llbjc azr2lnl kh5jro0
Node 21: pr21h94
Node 22: 0a10xzm
Node 23: b4bf1cb v63kou4
Node 24: 3j55008 4dyssa9
Node 25: rqknvva xsvk7e4
Node 26: o2adxwt
Node 27: uhplo2d
Node 28: sg0l16h
Node 29: pow0q5k rc5ima0
Node 30: 4quq2mq n33j2on
Node 31: 10vcsh8
Node 32: srz9rfq
Node 33: hbz7lbi
Node 34: 8n9pkja
Node 35: i1ass0j
Node 36: sjj3zce
Node 37: mkw8xz1
Node 38: pkklbqu
Node 39: lbldmfd

Node 0: 0r1hy5b 1i2627y gn60a97 javjoo3 ly13pjo rkzfk78 ydcsmum
Node 1: 0yxm99n 3uakgiq lcclhdz
Node 2: 3c8zev4 41aigms 53aj1yu 825axar ayjiou4 hzgcyq6 pz1z54e qhaozk5 rbihjqf ud2qpvc wn9jnj2
Node 3: 5hpgqsq fus83m6 hzx4nnb uy0oik2 wb5wvl6
Node 4: 79nq87u
Node 5: b3dp372
Node 6: g3swu92
Node 7: e65vu4u
Node 8: a8ytn0e aawojot
Node 9: lkx2vu3
Node 10: apwivij
Node 11: 64jlzqe anmw2b8 eu1cgqy h87fg7k yzzwucc
Node 12: xodizz8
Node 13: ke018uz
Node 14: fkt2x1q
Node 15: fyqxsdd
Node 16: qrhmksy rv9n88q sohw7ml wgljnll
Node 17: d818hwd srgmb9v
Node 18: dcc46l3
Node 19: 0ul2260 173yz1g woqrz5n
Node 20: wc6v847
Node 21: x7xr3jp
Node 22: dui6yg9
Node 23: 3jc2l4o icnntn7
Node 24: gjkugtz
Node 25: 8x0mznd
Node 26: 7fyig58
Node 27: w0q6ar5
Node 28:
Node 29: 655jb2s 719h81x 9eqshi1
Node 30: pg5fjw0
Node 31: nsuop8b
Node 32: riis6qd
Node 33: m3ryzux
Node 34: ipngpe8 l9kxt90 plf0g05
Node 35: aah98ns t9v7bhe
Node 36: 9vqghva

Node 0: 2gg9sjx 3sfg044 47ntmvf dbu26b9 l8gv6z0 lqmuupc ol2ctwh sbe93ka vx9e8mh y1ckshl
Node 1: 703qs0a nhxjmnu nrcqhiq s2qtk78 xl3ccdf
Node 2: 6zm6a4c hb6ope7
Node 3: 1znb8qq deh3dpb nwx4al8 t79a0pl
Node 4: hyqm3hq
Node 5: 1815h8y
Node 6: 2h0e93s pgmu27x
Node 7: 2r735is
Node 8: i0bzaa4 id28ajb mo64nyw
Node 9: 22p3ugv 4rzoo0y 9509xzy
Node 10: jbxfvb0
Node 11: 044mo06 pcs22wd
Node 12: 0o2ex3q axg9vig cvcjdp2 e4q3d9f hrodxpt l3bl4fj ubsg33f urbxyo3
Node 13: whe8mv3
Node 14: uj4m6jf
Node 15: wlhqogv
Node 16: rwc3ruo
Node 17: qhb3c3t
Node 18: r4asl5t zp96so1
Node 19: o91l988
Node 20: 128uvdp
Node 21: 55zvroy 6ewh5kn
Node 22: stvjve5
Node 23: 51dr6xb 7ctw15y qu3s73o
Node 24: l4pvzl0 nr73bxl
Node 25: zwrots8
Node 26: 5f5w030 jic8eaa
Node 27: 26rbngu
Node 28: lz1lf58 thjscrq
Node 29: hdj7tpp
Node 30: gwhi38f
Node 31: v33a8s4
Node 32: g4lx41l
Node 33: khjm8hd y8obdot
Node 34: 4mrq2oz qxch0po
Node 35: ll6mle7
Node 36: 1vc348q mzpjf70
Node 37: siqdbcq
Node 38: 8kj85d9
Node 39: 8ad526d
Node 40: 8qbhh4e
Node 41: cu5w1g1
Node 42: yad3n01
Node 43: 3n110re
Node 44: kzwp0qt
Node 45: 1mbl4nw
Node 46: 9n3i7ao
Node 47: a34q8hr
Node 48: l2h1cwv
Node 49: 9sxfoh6
Node 50: 8q79u7j
Node 51: jzt3bby
Node 52: bnzgszm
Node 53: gz296im

Node 0: 7fihcz4
Node 1: 2rtmi58 c23v9bb g6ao7c3 nd71yqk r4e286k u0s1gou u7gwi9f wk3buyw x5nl15r xk0kx2p
Node 2: 0w4fk4l 23pzhds 4w2p6bn 6ls5p32 7atrdt5 7xmx422 cl3542f fpauc74 g3byy7e tiyxjr8 vinei75
Node 3: 4l2eykv 5h3klmv
Node 4: asx9u5p d1niozp rqjap7g wwp6u4a
Node 5: 1rlsst2
Node 6: 1314nbe 88kebox dpe49i3 i67rgwn jv1cbet lpo958h mx7w6l4 p0savb7 u7bjbgy vdsknb4 x4v2ce1 y4sj2j5 yb1ueon yij0d7w
Node 7: 1oqp6hg
Node 8: 98huim2 ba44o5y giml2bp mevhueh nffodim tqxl0xy xmkniq5
Node 9: bojyw0e cj8hj4a msnbo4m ou3agmm
Node 10: 7xjdfvd
Node 11: etwnhnc n6bqamc o6fwi9y yx2jpp8
Node 12: ezokirt
Node 13: 8qsqyd6
Node 14: d6il0xr
Node 15: nq9agf7
Node 16: dh97k1k
Node 17: adw3zkv p9fset4
Node 18: n6cor1u o0hwm3k oq4zz5t
Node 19: u39htay
Node 20: h2na1v5 swtgau0 yfy8fqg
Node 21: jbyld2c
Node 22: d12oyqt nex1an9
Node 23: ihbc5cb
Node 24: p9m8a2y
Node 25: 7rhfvy8 iw1klu0 ko705ka r16nhyi
Node 26: 1mz2tt9
Node 27: 5yeol8o
Node 28: ccv41ht
Node 29: g9d3e6h wluyq25
Node 30: n3y65gw
Node 31: kn3plxh nt8cer1
Node 32: hi168v4
Node 33: 52wj6s9
Node 34: dm4y7fu
Node 35: 2uqfjx9
Node 36: 8ucdya2
Node 37: izmaj9s orjqni2 wuw0ari
Node 38: 3vc89mm w9a2vsm
Node 39: yrj6bnd
Node 40: tteh0e5
Node 41: 0tdfht0
Node 42: 9xptsle
Node 43: denu3ct
Node 44: jintdmi oi6d40x
Node 45: v587ls0
Node 46: nn96uvt
Node 47: bqyv1qd
Node 48: qshx0o4
Node 49: cjmszz8 xt3ilhf
Node 50: 2flin4m
Node 51: s894lyo
Node 52: vlx0gnk

Node 0: 3jzo38z 7dadwc3 upqvans zornp2d
Node 1: 0aqy67s 1n0fuky a2zzpj4 b8zqxr4 llw3phf n25uvgj qrt9ovc to1bci1 uopge0j x22b3bo z491a6t
Node 2: 324haxs
Node 3: 9jnms7a sqlt6y9
Node 4: 7jcdhqk
Node 5: 9q77xk4 pnlig9z
Node 6: a5eogmu as30yyz pie9sti zf4nktb
Node 7: a9pnzaz
Node 8: ncjpiyh uk5a39b
Node 9: 60jrgv0 69rxym8
Node 10: 2vadwuv 5gvjsii elaouxu zyc5dzt
Node 11: 63zff5b 7q2niic lgr0ioe mlcsovh
Node 12: ew8kb9r yf9skam
Node 13: piyhew8
Node 14: 1xbuzck qw93hbi
Node 15: ojdhcc6
Node 16: 09jxcb3 283p2e8 3tz0occ av7f7cc ca1d2q6 ccw3vyg chjh6m0 fq0fquq gqwcv8w z3vux1y
Node 17: 53jeqmg
Node 18: ceqb1qb j88at8p v39mvvd
Node 19: 4et7kth
Node 20: qxzq0y6
Node 21: zh1da2f
Node 22: vfqepxg
Node 23: 4kcu6c9
Node 24: 154235t 2oc8hai husj9rj kp1th92
Node 25: du0clr2 lu23v0h
Node 26: jzspzt8
Node 27: zcocvf2
Node 28: 18y7js1
Node 29: dvoju4t
Node 30: ausq9vl
Node 31: rdn7c3n
Node 32: m6pdx5m
Node 33: b5f93cq
Node 34: v9ead5b
Node 35: 13oycjx
Node 36: r56d6tw
Node 37: xjto2a6
Node 38: 8fjbnhn n9oflph
Node 39: di7hfqi
Node 40: lt4tnzn
Node 41: 0quyl6k
Node 42: ihkqs68
Node 43: p3967if
Node 44: hb4v4zf
Node 45: jpz0xjq
Node 46: 1xgap0x
Node 47: 0lqdfmj
Node 48: nmh7kd2
Node 49: 7vv8u9x
Node 50: utn43tw
Node 51: fxsxzi8

Node 0: 6h4z73r bwvdi80 v2jwn5b
Node 1: 7jvejzb b8pggna d1ibdm4 m1i0m7b pmy1cqi rzzzesk
Node 2: 37ipy2l 3m7ebxf 4wuu1gb 6zn89pj 83db08q d4u1it4 evnyl3w t4y9gph x3qepvt
Node 3: lnsh05t
Node 4: hhaitv1 syaqd2p
Node 5: 1uknmgl hrvgcag jlpzjw5
Node 6: 94ud5st rofura6
Node 7: 5e8dxyh 86ca925 bw1ql3c
Node 8: 0wpy7ga od3dm0o oecjc2c
Node 9: 7cdfxkn
Node 10: 7im2los fltzx0j ir61qgi ouqjlwc ovz8p5y v5mg5qn
Node 11: n7qkmma
Node 12: 64xytxw
Node 13: 1kh1b1f jhg1iky
Node 14: ton5238
Node 15: 2d5wecl hc5brtz j4h1gbb o1dk5fk txaqn38
Node 16: 5twmlbg 9cuugcu aqm3iwd au200pf g8xwvx7 gjkqkxn m2wkpj2 p80m1em
Node 17: 0skv1cu 3vnjcux satp105
Node 18: xic316b
Node 19: 114q6wq
Node 20: pzczp3n
Node 21: 9mtjp6z k6jejwy ylhba9o
Node 22: ebf77w7
Node 23: gdsf7ew l7vhwfn neqq7bg vpndyzx ycdnbmw
Node 24: gld3jfv sf8s9tf ylxvzrm
Node 25: 75k5x2j
Node 26: 9zabouk
Node 27: mko99g9 q9iovug
Node 28: 2mqu3ra
Node 29: 4oncam3 8vbm3iz
Node 30: 4d1swsp
Node 31: f0o084c oqt5mjk w6fj85q
Node 32: sukwnvi
Node 33: t50rcbw
Node 34: cmmfxgr
Node 35: 9r3qvho
Node 36: 86prylm
Node 37: icgic1s qpgmgen
Node 38: 7mrjy77
Node 39: b2ezpxr
Node 40: z36g1t8
Node 41: fqfhf4j
Node 42: hcpe8pu
Node 43: p0jm18x
Node 44: 14lcpv2
