Node 0: gmv6mto jhvho81 r4crs7e va2882f xxjvt6f
Node 1: 7yy5jay
Node 2: 7nu8nf2 8ieeqit c4m1uv5 d7bwmry eippugw fa9jq9n hyxg7od jhe8t1x r5yvcq9 sv843te tnuydry
Node 3: 0i11f85 3aojfga 42fup01 7f0yu61 grez3ey phycx0p
Node 4: fo7he1t h37fkn7
Node 5: crt9ed1
Node 6: pecn1ho
Node 7: 9y4atjb nh8d6ss t7bopzf
Node 8: 3c4w4u7
Node 9: 13xjgm5 ey5opx0 wyc9u9q
Node 10: cbzxws0
Node 11: ggmaxlo rzmxguu w0g1d6n
Node 12: 3xfdwq6 pmpuv8g
Node 13: 1mu9tlw 5wux36b 8u9lmyg mn0e4c2
Node 14: 479acjf dbmhxjy h60qr5t mv23edq s06191c yk4hho4
Node 15: 5zunbax
Node 16: 60irrf4
Node 17: 5fa8ct1 zb2497i
Node 18: mjbnhjm zu6xvxt zzskp9r
Node 19: i202l61 wn5dzw6
Node 20: i68whys
Node 21: 6hd81ya
Node 22: ne9jqhq
Node 23: fqbrljh pkbe7z1
Node 24: sh3tm2n
Node 25: p9k95rx
Node 26: vv1pcd1
Node 27: mtz5o5a
Node 28: ettx9aw
Node 29: 56xr569 9c8crjq xl18wvt y7s5rj6
Node 30: weg03z9
Node 31: r81h7zi
Node 32: gl24c7a sqsqk40 x96w1pa xbx3sua
Node 33: 2fpxace qg0gr9w
Node 34: vwlinph
Node 35: 1r3m6pl
Node 36: k0fzih9 kd5x40e
Node 37: yjtn1sm
Node 38: yfbzv43
Node 39: k6vejf4
Node 40: y48y8vq
Node 41: u218l0x
Node 42: wuw98nm
Node 43: qfnhhkl
Node 44: hpodllp
Node 45: 7itqi07
Node 46: ak6g2di
Node 47: 0q5bl22
Node 48: so6zw41
Node 49: qv42cfi
Node 50: ewgupn6

Node 0: uz2xv4j
Node 1: sdzd2pf
Node 2: e5g501l
Node 3: 1ve682g 760gskp 7jaeoom drcsvoe nq4d1lb q19rim3 qjw7tim ras2yi8 rqknlcx sol6ya1
Node 4: fffha2m fly35r4 h1d5a82 pr68f50
Node 5: uwakecn
Node 6: dn3iaqj f9v88z5 z3brzio
Node 7: w82zlgw
Node 8: kwebmol
Node 9: 9rx5hr6 o3q3mqm
Node 10: 78s4s9g mvosmdb vttckac
Node 11: izwpyyy
Node 12: 3skmfzy 5ts2std
Node 13: g8csym9
Node 14: lllsotu
Node 15: m2i2gpw
Node 16: b59jef1 jwhztrg
Node 17: 01g43iw
Node 18: jtza58c
Node 19: c5bquk7
Node 20: y8cyut2
Node 21: 3slvaqn

Node 0: p649cr3
Node 1: zruq45f
Node 2: 210jba3
Node 3: 1gjwo3v 3zotc7y 4kl0r2l 4xj1w5y 8woap3i adbl4sa ewt7sfu hvala5q khxqzcr kplkun0 vz01mrw
Node 4: 17shucw 4husrr0 dv1g6u6 o5l2r7e zcefpga
Node 5: muqs0s1
Node 6: 4isttwy hx34g4t
Node 7: 56vdzav uu0vjnz
Node 8: 23adweo aps27o0 enb4hed oa9cfgf zzjp3m2
Node 9: 5qt1fj4
Node 10: kvxjyb1 p2vyssz sy6ef4z
Node 11: 03r166h c5h9ax6 fe9nnui i98v1yf nneexpy
Node 12: wwpd1tf
Node 13: 69ilumc rvvtut1
Node 14: mc59ulb
Node 15: 5cmtahp k71e4fi y3z7su8
Node 16: hu7qp3c
Node 17: ibxhcwm
Node 18: kai3drp x3ulnid
Node 19: m1f3ma8
Node 20: zkflcr5
Node 21: 0oyi6lb
Node 22: 4i8ry4h 63ux989 klqa5w0 xpf5klo
Node 23: iwv9x1q ylp1zbr
Node 24: n3y25vc
Node 25: uvfcuxl x04bq30
Node 26: q7wi6zu y51a92h
Node 27: ewooi5y
Node 28: 2395r8w
Node 29: izyj0j9
Node 30: iywe657 m1p5hju
Node 31: kow63qs
Node 32: 241jhvv lvdvvsu
Node 33: jobgnj3
Node 34: 4re9aw6
Node 35: ue3v4o8
Node 36: 54wq2ye 6a82unx
Node 37: 73hohqo gols1ij
Node 38: ngotbks
Node 39: r4yeb4r x9vsatx
Node 40: 5uu32of
Node 41: jgtayw3
Node 42: b42oycg
Node 43: ms8n6d1

Node 0: k6b3o0d
Node 1: o1anhsd ulrrzyj
Node 2: ca8isug iikvcc3 sls1hoz
Node 3: 03xfxf7 16t1qml 1du36zx 1lk8vxl 1o8zgs5 dishtws eigq6ku konmkao mai0q9d nhne88g opvim56 vdlan75 vhkgz9f wtl1n1m xua3cnz
Node 4: a4xmwxb
Node 5: vd0qg86 xde6zhl y5xujow yqrq7a2
Node 6: kjqmsbd
Node 7: sm09v56
Node 8: h0f1qwa
Node 9: 1tmpbb2 pdcemtw r0ffrpc
Node 10: tpic1m0
Node 11: 8x8rzta u7e9yo4
Node 12: grwjbdh
Node 13: xr4f394
Node 14: 27dwyau d5zuqd7
Node 15: 0070rq0 xga7yau
Node 16: lppy47y
Node 17: hcmjgso
Node 18: 2vtxhlt
Node 19: 3flllsj
Node 20: 9dl53nh
Node 21: mfus05u
Node 22: 034bica
Node 23: phzisxh

Node 0: 1e6ai04 6oc9xcw jh0kwcn s818ofu tff8i1z zb4u4hi zn62c3z
Node 1: tuw6j8c
Node 2: glj77c1
Node 3:
Node 4: 7mu0cxj
Node 5: 9sloar9
Node 6:
Node 7:
Node 8: hs7sjrd u6hs8n0
Node 9: ltv7reo tbm2d1r
Node 10: 6j6d8qe 8fakgwu
Node 11: vh7lp6j
Node 12: udmwmzo

Node 0: 5s977aa 8pxhlpt
Node 1: 8ann045 cikj3vd dlx4enb fwjjnjf g2uh35d mrzy62m rl4lkn7 vg5szxi
Node 2: jz9mzym lzwrdau
Node 3: j52a7nn tvuemln
Node 4: 474v0z2 j4kyr1n k1rtuvx p984e7n s3tlw4t
Node 5: 7usvv0n
Node 6: 51yozlp d4axyfo fbwyqux nl00gvh te5lkbg vtq69g1 w66domz
Node 7: 32737t4
Node 8: d9t7l34 wnelhb0
Node 9: f09945i
Node 10:
Node 11: 163nuqk 2exgn2p i0t92vj
Node 12: ad0vcek npnflls
Node 13: 56lo5rg pyda12u
Node 14: l22lmuf
Node 15: jiy7i21
Node 16: 2ic6bxk
Node 17: m5ahuca
Node 18: p3xkahn
Node 19: sc1vn52
Node 20: iak5gng
Node 21: kwc3ek9 ln333ic
Node 22: 1vnmehu
Node 23: hu54n81
Node 24: 927mnqi
Node 25: ymbktfp
Node 26: o6r9do2
Node 27: degqh4d
Node 28: 4rgmyyj
Node 29: qz9vq4u
Node 30: wlexzon
Node 31: 0f7lsju
Node 32: kcz0vrh
Node 33: jbn04yu
Node 34: yp3kbxe

Node 0: 0yjf4v8 3p7nvkg 5zt7uoa 7euasd6 apwfed3 berwpaj c2yki7z eay3vsb eazd9ba f9wgpcl giotxwh igprm8i ipnocrk l8654qc m2ua3dy miyuf2r muzmcyz oyob2y7 phkkgq9 ppr34zr pzmfl3o qm3ltfy u3veqph y9cggiy
Node 1: ejsgu5q
Node 2: 8gmpm4n gaf2ewn huyjq59 lgbdzw8 ontmpv0 qpssb8h ursvy6g ysqzpyn
Node 3: 5cyt51v j4eyxfj tn1ogq0
Node 4: xe6ey8x
Node 5: cbmq2k7 i99rfcx
Node 6: xrkdnbs
Node 7: 1cn01wv
Node 8: d7i9cql kwkh8im qoperup vytngmw
Node 9: 9078we0 npqryk4 s47f0ce
Node 10: 2lmg8gd pbxf7of
Node 11: 5k2xm8g w69sd0w
Node 12:
Node 13: 1i34317 7j2fara
Node 14: 8qgy52p
Node 15: u61ybfh
Node 16: ocvocwt
Node 17: 0s9wdlr
Node 18: c59e8kw
Node 19: 9kyvb9h
Node 20: hsvrw5j
Node 21: 4fiowh5 ghajdmr
Node 22: 4fsifoy a4qk5fb
Node 23: c8b7kv5 fzr1nqp h7vxq7f
Node 24: bh9jcc7 f68dav2 vdy4tt9
Node 25: 37ongtj
Node 26: hr6r0u6
Node 27: kea8mno
Node 28: dss913t pnr8tj7
Node 29: ng6lz6m whkzfqi
Node 30:
Node 31: hruxctd
Node 32: 1ejxkod
Node 33: 6u05g1l
Node 34: o1xwywt
Node 35: tz1ovw9
Node 36: 39te6xt

Node 0: 3hszqw4 udp2f2u yri8orp
Node 1: 97qsoca bshk9w7 o77c1k1
Node 2: 0rmb8kd hcwwgz7 jad2b27 k94wjfz prpsvty
Node 3: v35gb6o vw6h6sv
Node 4: 66batpo
Node 5: 16ho8u6 53h866t 8qlx9e2 ivhsam4 nfg7eic
Node 6: i8mq97d
Node 7: 6kwdlpw
Node 8: 476opzm 91fpqoz s3vg6i8
Node 9: upo0osq
Node 10: 6d2gxvl 7auchto 9zch3p0 bu4bsee rdoc058 s7xa9ur yez6akr zzosgln
Node 11: 4hogso8
Node 12: 8zb04qe blvnfbl qtjwt2o
Node 13: p8cr57e
Node 14: 3yj1nfh prr3my7
Node 15: p5yxau3
Node 16: lpc2qrp yzxvpv2
Node 17: 1xm5rfk
Node 18: nozs9sp
Node 19: 8xy2zfm kg2chzy
Node 20: lotfonq pzv9ut5
Node 21: mkd5om5
Node 22: m7aic60 vrgzyym
Node 23: u3mww82
Node 24: 66dh08v
Node 25: 0j42ndx

Node 0: 4jgm8g0
Node 1: bqt1u4m cnkc2jf d9ji153 g4bjsdb j8pdy7w jdknuih ognuean t2ja3lg yap5o9h yxc8w5i
Node 2: 6n8xawf 8cbglji fu2ujk4
Node 3: 32oyloh 3hr4xva
Node 4: mr5nhwi
Node 5: l3k786p we5aw5f
Node 6: 3bj9z1x
Node 7: a7rnr3s
Node 8: uopko1r
Node 9: kwccaje
Node 10: 6uyrsqk
Node 11: s13iccc

Node 0: 4alwknx 4px64we bn673nu fjfs7k4 k117t0n oiw81sl
Node 1: drpcqdn qq75djw riorly0 znfpbja
Node 2: 32arxub oiygknl
Node 3: 1xetu9x 86h0g40 86z4dio kiq2sr9 ws6u6pz zwlsnji
Node 4: mni9yxd
Node 5: sr9gtw3
Node 6: zvv9o89

Node 0: 1omj1nc 5lqbho8 5wnm2yk 6jg2g0q p2645dk r7q9p84 wh93cmf wp41ms0
Node 1: 6chlkbv
Node 2: dpoceph gxxs2yp hqti963 hx23uso i27fq5o iy6wsk9 mp9cjrc mzat0kb tx1v9wi
Node 3: hwmpp8z
Node 4: 2n1jgyw wpvhpva
Node 5: 1ce3gm1 ahyqaeb u618z32 udgippd
Node 6: jbwbcca
Node 7: x0pvkph
Node 8: 6axclli s5qy4yk
Node 9: kul7wkk
Node 10: k1jpzru mozshfq yobikbj zkhwnzi
Node 11: 4em8jo3
Node 12: 77sxrs7 7nzpqjl e3appb9 iofde5n w0tl4dg
Node 13: 0vbj857 o3uv5gk x2bge0u
Node 14: d0zmnju
Node 15: vvh19l8
Node 16: wo5u541
Node 17: 5hunwcs z8m6e08
Node 18: b8vp90b
Node 19: 45ujl3v
Node 20: b3jrxgz
Node 21: 65gte13
Node 22: lbvksh2
Node 23: 3s3c3za 5u46t49 9r2zaw7
Node 24: fubwz9d
Node 25: kal2nmr
Node 26: g7yavz1
Node 27: b7hw1nh
Node 28: dcssu9f kzg1v81 s6i3dp7 z4e0v66
Node 29: hob6bdx
Node 30: 8tyuk2a
Node 31: 4gzf659 fkvir3k
Node 32: 2vfideu
Node 33: 10wvujs 7lba8ve qs0vslo vmtbyk0
Node 34: 77wnk3z
Node 35: qfztt60 v4vblfp
Node 36: 175891w mqyy0au sp0b1yd
Node 37: a182plr
Node 38: yb6ct8g
Node 39: lur1y31
Node 40: y42rov0
Node 41: ln68eg4
Node 42: 62bzd5p

Node 0: 9dgaqfv tyj3qn1 w7ddp8c z854tps
Node 1: eghvaia
Node 2: ck706go
Node 3: iep7plk ka20src pro5c5c sffka6z zvl08z7
Node 4: 0vadhqn
Node 5: jyhcfk7
Node 6: ig8wddf ny633vz
Node 7: 2i9crcs 2y20yp0 narayso vs4p5pl
Node 8: 157f85f 7nhgm4g bnh2zxt rlz6r3h v7u0rjy
Node 9: w0hc4uj wqkafxd
Node 10: 01h35rg gbb6dwm htcltti y33xs9z
Node 11: q6hlh1m
Node 12: 1sjykpk 24mhqj1 abzy0jj h1tkr40 qsggciz
Node 13: wnu0zgs
Node 14: 0a7sj2n
Node 15: xz6ocpp
Node 16: zvjawmf
Node 17: h5m5w0z l01ehu2
Node 18: 4rnyouq
Node 19: deyk1ya jbeumd3 odr49rt
Node 20: g5yd74r
Node 21: dyjl43t zbsr3xz
Node 22: n8v0yu1 ph6kke8 svx1e4o w4ukvym
Node 23: lxxz1ww
Node 24: bwu1tsm
Node 25: aenixli
Node 26: eyay3zj
Node 27: 2yi0ksv z9qdogw
Node 28: mvw7rrd
Node 29: mf9718t o1c76k5
Node 30: 6jpjn8g lc11eua n8nphsf osi2b50 t8ra90f
Node 31: eanvmyg
Node 32: 5spki62 sa00yen
Node 33: zvzdk14
Node 34: orytijz
Node 35: 3s20zm3 7ixxofx
Node 36: 00a10v4 6fgqvhs
Node 37: 94c2ybe
Node 38: wj4v2ys
Node 39: 6uyt7v0
Node 40: x3f60oe
Node 41: h42o0ev rms61sb
Node 42: 1dbpe6k
Node 43: mrsicde
Node 44: h4h49zu
Node 45: anpnhs5
Node 46: folg3zf
Node 47: 8wi1alw
Node 48: 0oyl9ek

Node 0: 9yxvg6c sgons56 xbdg6f2
Node 1: dlq6p3x gge6ojq w62ipls
Node 2: h1p0qga
Node 3: 979t3ju gxolkmc p5hl1lm qofbze0 slogr73 vk877fe
Node 4: apab1fr hz2s53f vpq9kiv
Node 5: 02jf777 apmwofm dgkh209 o9gapuq s87pr2v u1436zk
Node 6: q2cx4x0
Node 7: 2r149bt 5ldxkcc jrhbcth
Node 8: k1btflr
Node 9: fkfg5sc
Node 10: 52idc9d chgckla
Node 11: pls6bjm
Node 12: esv2e01
Node 13: 4h516rl po33lbf qwz8aly tujspk7
Node 14: g0tbflx
Node 15: 06ww2m4
Node 16: b9fr07i
Node 17: w8dousu
Node 18: rsg69s2
Node 19: nt5aqea
Node 20: hwgaidn

Node 0: 4asfta5 4kto3b0 5zo8nax 86oj13k d31q61v ebot2hr evfygui nvkjk0b r4jv7vd raiejn2 ul8bgng
Node 1: 8ct6euk
Node 2: 4q8iuh3 5gkezld p5q4ayv q9i2h81 xae7od5
Node 3: xdvhxri
Node 4: 5825ox7 da04la1 flih22f u8579kc xcqbyst
Node 5: do17q38
Node 6: 7eb3ckt c7qi7dg
Node 7: 02qwxqc 9zza17s amhco07 rhmgq9e
Node 8: mk4j1e5
Node 9: f398uyf
Node 10: i4wfus2 ssfcu9w
Node 11: 8ai4jz4
Node 12: qhx1cop
Node 13: copg9pm
Node 14: 53tyak3
Node 15: df87jm8
Node 16: suknnmx
Node 17: 1zqd0wd

Node 0: 0qemtvv
Node 1: 0ai11hn 297f6zt
Node 2: 1o9nxm5 6ovxx52 8euri01 9x05a5i dbecp1b jz9tlmd n72lqko npvx2bt s466kqk wwm8yp4
Node 3: 9ocvl18 hkagwbx
Node 4: 6elc24g
Node 5: fah4bbp zwzaqlx
Node 6: b2k5fqf idvt6bc jpj9fke voh4ysj
Node 7: cxamgoa yg8kq3o
Node 8: pqhqy99 xmfoodh
Node 9: 4wfcha0 5yy2or9 g99551z n6u84gk t0jaxh9 x5d1bdy
Node 10: 9tsnxsg driauxx g0ym0t1 gy9zwe3 i5z49jo
Node 11: mpfegor
Node 12: 72hywob
Node 13: 54oaob7 asb1wc4 d8dgfg7
Node 14: ag421zd dc6lnc9
Node 15: lnw2ybf
Node 16: 14y6lo4 qqmx3nk r1oupz4
Node 17: sbw8yk3
Node 18: z291404
Node 19: j3dbnr5
Node 20: 3h1cyqx abh0dvj
Node 21: pmykpai
Node 22: puz51zh ts9ah5q
Node 23: zr3c24n
Node 24: vo4fsw8 ztssl6j
Node 25: 1m6q3tz
Node 26: f76sf44 s3z88fy
Node 27: jxducmw yeh00qk
Node 28: vhyfxei vrej0a8
Node 29: qlmpuj3
Node 30: 7bkvtby ki6k3je p7j3lft
Node 31: 03mwcsy
Node 32: 286w7ci 2pgevg1
Node 33: medqb4q v8bmqaw
Node 34: naxdt8q
Node 35: va54ut5 wpwse82
Node 36: hcm8x7f
Node 37: 9y3pkz8
Node 38: ma0gvmz
Node 39: p8lroc5
Node 40: pyrf9lt
Node 41: 6a5whsn
Node 42: 4xe2cn9
Node 43: qqbxjyl
Node 44: 8id11q3
Node 45: mhss9j7
Node 46: 7ycb3gq
Node 47: z6sv6ck
Node 48: dxw9e44
Node 49: y1f56c7

Node 0: jkchhg5
Node 1: 2xclg76 55etfdh c6mlcac d0u66n8 fokpr3z
Node 2: sp6gpyf
Node 3: 8y8mxgy ca7iqdg htx0km8 oee2zvi pe3btfj y2a2ogn
Node 4: 0eangsj 84cfzvb 8ijeog0 kzim7ma
Node 5: 16ymi23 7rmnrfk
Node 6: ax0aslz gnzf02y p4yp0ik ptdhpla
Node 7: 4d4o9xg 8h3o3hc 9j5zs7u cbhbago iq7arhk k0x7ch3 l1k52ov me4kkuz mitfq5s nqwvrfj pmn4nzs t5rnyk2 u2wf60j x0jvx9f
Node 8: 2nqyjye
Node 9: b3x37jf
Node 10: 4069mrz
Node 11: ai2ybpa
Node 12: ilo3f5p ki0jfck
Node 13: jj844va
Node 14: nk5sb9s
Node 15: h4y3fux qspouyv vw7lewb
Node 16: sqdsoub vv7byno
Node 17: dl5cswa jr0crqh
Node 18: 5jlq3sj cvy34jx lnktcod scwtld4 u6mwwrz
Node 19: 48u2ep3
Node 20: r2803j1 t2a0rx9
Node 21: u983ua3
Node 22: q3u9gvp
Node 23: 0123ka4
Node 24: c392atg
Node 25: hehnem5 pq1ji4g
Node 26: ive2eht
Node 27: xcgm50g
Node 28: 7ikpr2c
Node 29: 1iy639a 44qzmb9 51czvct gvg56ep s9mdkvu
Node 30: hiarr72 hr7d2zx
Node 31: 7o8db0q
Node 32: tve4tcl
Node 33: t170iy1
Node 34: f05lnxu wdx28bh
Node 35: zm4bz4b
Node 36: wgsuvyu
Node 37: c0y8l3s
Node 38: 4w3nr66 osek902
Node 39: 4nt6tlr 90h1ydc 93lr86s
Node 40: 6bndzb8
Node 41:
Node 42: 62b3ceg
Node 43:
Node 44: fm1ljo1
Node 45: jhtt8co

Node 0: 359d8p0 791bqzq cc85u0t gkxhlju hwv4bm4 kx47p1l l7aswf3 mhzg5ki ros404y u59rcz0 x57twjs
Node 1: zpw7csh
Node 2: 5t9lbiv molhaac
Node 3: 03joj31 q5qdc3m u6j7v4t ub6w8jm ufcnwzm
Node 4: bd4tvnd
Node 5: oclhbqy xs293to
Node 6: 1evxid4 8g81930 mfy09g4
Node 7: 6emtxnm
Node 8: qzeuhzr
Node 9: 9u86d2i
Node 10: 5ql1mvm 6r5a6jr
Node 11: kfr3r28 pg268et
Node 12: whh5is8
Node 13: 417ozan
Node 14: 9x2qzqt jqapp1h
Node 15: s7k415w
Node 16: mmdmh9d
Node 17: 8qh5zgd k606zaj o88hr3y rs67xiq uj6yuvf
Node 18: uee2oy7
Node 19: dypx2y6
Node 20: q5nrq4l
Node 21:
Node 22: 2o6iwdi
Node 23: 607yfza wqfb5pv
Node 24: r6q8du2
Node 25: afhomuk
Node 26: rqnlgeo
Node 27: qlqx6wh
Node 28: 83e09k6 lnc3ka2
Node 29: 46l0rq9 ihdlq2m
Node 30: 8zzlgbx
Node 31: z2c3ojv
Node 32: jltaugo
Node 33: l4lewgg tdngf1u
Node 34: cusxmwg
Node 35: a29x9gr

Node 0: 5rwjto9 g2yvwei ofvsinp xtfiu2j zyec8t6
Node 1: 588wvu6 e18vb7a hjp8p0f wpjk22q ys3wljg
Node 2: g21scmo vrxcn28
Node 3: 7rkfpz4 971en27 e69r2td klnoyf4 v2g4xof wynk1zf
Node 4: w6cm2m2
Node 5: 1rps2rn o3n8n9k
Node 6: 0838vrc dhjy3tt gioe13r
Node 7: 5inszhx
Node 8: rwn20tr
Node 9: 2s2vxq9 f38f48r
Node 10: ov07n7j
Node 11: gnm1rlh

Node 0: 25e6cod 3sh5gob 3ymmqfy do1fec9 hf2nhl2 if0vr1s m4nljl0 p2ey240
Node 1: dtblamp
Node 2: 0b0djsu rxexs4u
Node 3: 2os4zcu
Node 4: 5e4wulx
Node 5: elhsk6p gwkie85
Node 6: jik8roa
Node 7:

Node 0: 30xlkf6
Node 1: hkv9gn4
Node 2: u6bywee
Node 3:
Node 4: 81itaue jtw0xbk
Node 5: a91ryi5 uktmvxy
Node 6: lfgb0vr w8819l6
Node 7: 4dc9wm2
Node 8: 1vtqrgp 4xmnzjm
Node 9: akskod5 n7636h8
Node 10:
Node 11:

Node 0: du2r8hn how1gma p7mugf7 vv16a6q xvuhtth zvajknf
Node 1: eimg0am x2o68g1 zxakel2
Node 2: m2bl74q
Node 3: rv9yha8
Node 4: 2u282tx 8cwlqe9 8i6t1oz 900kna3 9c9hxet c4sghdf cs5by1h iphly82 jpy291t l2lgvvd p3uj1e7 s55ml6q sbohn48 ti0rkbe
Node 5: tgkc4t8
Node 6: 1ozql5g
Node 7: tjm3430
Node 8: 4o6yknb e5im5rg ew38r4z kpgm4tg zmzhhnj
Node 9: bil4pq2 e6xnddc fac58k0
Node 10: io49zs5 pctq6uf
Node 11: 7wbb9xf f0n5jep h9wghuq
Node 12: ru1wiy2

Node 0: kq6je2k n12v8f9 nte92ft p3n4i5l
Node 1: de5m9l8
Node 2: 4fx3o0v lluxwup rl60b3k tlweg1f
Node 3: 42li5jg 6etdufw
Node 4: nzup9ko
Node 5: pjb4pe5
Node 6: 44lxks5 4v805fv 5hziw23 bs3f9zl oiay22w qwe61b7 ultogdb
Node 7: 3o5b0yz tbc0jc2
Node 8: 9vzmyys
Node 9: eegfccb
Node 10: 4eg3mdo uaq64mq
Node 11: v1aucfj vvu7w3b
Node 12: rofqimg
Node 13: bwdpoyh
Node 14: 0o71795 1ljmqda 2tl2jug 7z7e6l7 lcxmbq9 qpvfqt3 ykkopja
Node 15:
Node 16: 3hzm9jz
Node 17: ctxu0tz
Node 18: pqm26pz
Node 19: 7vnclmw
Node 20: 5c60mg3
Node 21: y8qh7wd
Node 22: 5wcezk4
Node 23: shgzbbj
Node 24: aqgrbax
Node 25: gbmkhr6
Node 26: siwdpir
Node 27: hhuu2zc

Node 0: lzkds37
Node 1: 1pxbou3 2xr1nbh 67x1lgz 9ybm4tw amfzsuj b7oyws7 fmfdxsy gn47pd7 m8houim qlkzdu7 shinn4g tnlzjn5 vz4fnv0
Node 2: avcemil b5sz82b bfsgfbc q2j3jfw rrimwt5 vczdls6 x1jhzxn
Node 3: 9hsc64s c9eixme qr1b2ij rd4hkwl yuq7qbe
Node 4: 8a026do 8ipiwut arw0vrf d0npt0t g3xcy3r ikb3h5y so3wu2h w7d5poy
Node 5: hwq77dp
Node 6: 384gptr 3zgohtr 880db4m
Node 7: 1vzritd
Node 8: 95jlr4y
Node 9: suambl8
Node 10: l4dvo6e px01l9p xl88yst
Node 11: tm1g8pq wiyygqz
Node 12: wnyssxm
Node 13: 53ycyc5
Node 14: gpcftqs
Node 15: brf1q8c
Node 16: 33a6l3u jl6zreo lamfjxz ym1kugz
Node 17: liux8cl
Node 18: kgrcd4o yytzsca
Node 19: 3vt2ugh awy4ng6
Node 20:
Node 21: bmguyl8 h5eaha2
Node 22: 85e7g9o mve8y81
Node 23: rs70r3b
Node 24: sf09lax
Node 25: cy4p0jj
Node 26: 0r4o256
Node 27: r6377og
Node 28: 8y5ogeu
Node 29: 3x9bs7r
Node 30: p0pz6fj
Node 31: 77mub49 iz8qfw7
Node 32: gabb0cu
Node 33: rsdrotk
Node 34: 353jmiq

Node 0: 6ul73sv
Node 1: 191sdg9 vomqfqm w6m8nvj
Node 2: 0y3llb1 tnbxo7w
Node 3: 48uxjqs
Node 4: dacsz1h e7kkl6q l4et08q
Node 5: 4ycas2t aso60jl dwrnaik h4v3css tpmi07c v752xt8
Node 6: wvofl5v
Node 7: g6r3a3z
Node 8: ijhae6u
Node 9: z50ahso
Node 10: c0a83jn
Node 11: q73vxao
Node 12: albw3em
Node 13:

Node 0: ab5vc1p hibyakd
Node 1: 9wxxjh5 amkpxyx be1ahy1 i4b4mef myiaxik t4erhcx upmfj9u xsbogu3
Node 2: 5a7sscx
Node 3: i45r372 izreebg
Node 4: 47xryxb vnnxneb
Node 5: 2jip2ob hjwqb45
Node 6: 8bruv47 exmak6q nl6aahw t0izl0r vki7m2o
Node 7: s7pontd w92mmze
Node 8: 44flyxm fgz0kbc
Node 9: fs1b3s2 na4y8tv pg2cuw7
Node 10: 4pr3s3a axoc9qf nymznvm
Node 11: wykj9iw
Node 12: 56lseds
Node 13: fwnnbt5 ljvg1i3 pia55vj
Node 14: d9zuqae
Node 15: rnuuko5
Node 16: bg6blps hge0ssq nwvob9u
Node 17: 8mm1qx1
Node 18: 3p1sda1
Node 19: smthnaa
Node 20: 9ux2coh a9wyll8
Node 21: q96bxir
Node 22: a75fu74
Node 23: o7t8kb7
Node 24: lmxpi3y
Node 25: ld9o8i2

Node 0: 4414gmw 7tbzvom rmtlci3 wz2mgav
Node 1: 544mmkc
Node 2: 9bamsmv
Node 3: s30obqc
Node 4: pjd4cwa
Node 5: muxgnvk
Node 6: 16sfs1u aylpx0s gfkke6f t3c90kf
Node 7: c2b6paq vdtbx27
Node 8: dygjxqk xdhdwaj
Node 9: raph1a8
Node 10: 50nj9ha dt69sjw
Node 11: tymcizh
Node 12: 4jwoi3d
Node 13: db7ojm9
Node 14: 96alvxx q4rc7gq sl6l3ed
Node 15: hcwa0zt

Node 0: awrglr0 g3q4c6v
Node 1: 9plx2qy d3zm1y4 n8x2v2x p94mqhf r9nyz14 tckez4l
Node 2: 3mr09u7 nn92kio
Node 3: 266p5cl rq4uryd
Node 4: m6fc4zq
Node 5: 7cm1nyp pvwz86y vm6qv02
Node 6: 3aujn97 jaquwqo
Node 7: md7hezg
Node 8: nzeki42
Node 9: xoa4gjq
Node 10: 6isjgss hmxexk7
Node 11: amglsgw lbkjul3 mq626bu xtr7keq
Node 12:
Node 13: b6vm7hp jhnptf0
Node 14: rel8406
Node 15: 3gxbu2j
Node 16: 4jargsy

Node 0: 3rz942i 5ank90l aquhyv0 bisgvlw dc35co5 knh52kf kqg75y3 nfk1dh7 uf80u1u yuqq96m
Node 1: lacshie
Node 2: 91xrbxn asxv78j b7uutzk wkf21j8
Node 3: vhkidrc
Node 4: 9335jom i5mkg9r sui788t
Node 5: dwq8637
Node 6: 320t02n h2jm9nm zs7rry1
Node 7: 6iaynwu p9uyvai
Node 8: bcqfpyr et4bhnk irnhbzw
Node 9: zusbwf0
Node 10: lscrepx
Node 11: pidgu7r qzzih78
Node 12: v6w0ysg
Node 13: uc3hihi
Node 14: 9crkouq

Node 0: rlp1vb3 t9vl91s w43oan1
Node 1: 9e5wa2d cmvrwgc dauvf6c o4l64jc sv224h9 ulfxcdg w9dfk66 zurmwaa
Node 2: w6j44pi
Node 3: nff2qj2
Node 4: xgbaulu
Node 5: c473ln0 hhetd1s k89vg7d l928oni ypvb9zg
Node 6: e01o2r5
Node 7: dsive71 k6k572g uld0wan
Node 8: bx83xoy
Node 9: fccsh8a
Node 10: 5z5rutf ohf69fo
Node 11: pj5pe2h
Node 12: q9er5qi
Node 13: 859ow5w
Node 14: 46n1zgk bbqx7nz k9g673k
Node 15: lnoc25n
Node 16:

Node 0: 0dqzxqu 78mtuw3 822vhh4 9bvmceo 9ixy2bz f0tep8f jxg3dfc lqy179o qsscl6o xaxktio xck8mhy
Node 1: jwfxej7 lp4c69r tj9a8au
Node 2: 7uqjj65 j7jtuoj rb55c7s
Node 3: 8nikkxb k89nqej
Node 4: civt2ce itu5vvv ojftlc4 qlwuidk
Node 5: xita76b
Node 6: c26zupq ejo7h4m
Node 7: 09prjf8
Node 8: 707qrjr ddq1mtx dwc8oqt ee8f2l8 hvgpdzc
Node 9: 0mt9b3l 1ldr28r 97dtnkt iqtzffy ldc1dix ptw09l9 tz7sz4o
Node 10: qh0cbqy
Node 11: 2blwpj6 zpf8acr
Node 12: 7dt1bup ciymtdb fj4ahd0 ujmkjpo ye1ayxi
Node 13: qdtxqvw
Node 14: ongjyr2
Node 15: grbbrtt
Node 16: hx5nxyi
Node 17: 8f76da1
Node 18: pl1jb21
Node 19: 1h8q9mo
Node 20: vklgkiu
Node 21: 7vm544a ck5nkt3 gujolka wkk9qog
Node 22: rkjepnp
Node 23: jbftv4l
Node 24: 20nbadb oe6rcja
Node 25: xs4u8mn
Node 26: td412i7
Node 27: e4b8v9b
Node 28: kcnat0c
Node 29: fdnr9lr
Node 30: mmj2893
Node 31: sqmdasd
Node 32: 3trh7iq
Node 33: 37as312
Node 34: mt3wyj2
Node 35: rvha1wh

Node 0: m1hjcnu
Node 1: bu5yrit ntbdc9g
Node 2: iv4lwu2 r2ph187 z8ie7iq
Node 3: xyj8ub5
Node 4: 1hm8p7b tww4tbk
Node 5: 3codav0 dtk9w1y
Node 6: 7xhdq7c

Node 0: hywcc7u
Node 1: fy23m68
Node 2: rjgjeum wyfs9w1 x3uoubw yoj603v
Node 3: jpchj3o
Node 4: 78mo7il
Node 5: 0iqz389 r82ervc
Node 6: 17sxcr5 3g282br cq1jwof
Node 7: sfeicff

Node 0: 80a2tt4 8224n0r hny68p4 kcsx46h ldbikxf rp6bci4 x0t6bv7 zmmgxdx znw57wr zqxgjqx
Node 1: 2hugzic 4e9aipl 5kwcgh0 d3qs30a gebbijj qm8b07j w6iwfae
Node 2: 7tn3vmd 9dafw9t k57kbfr tt7l0f9
Node 3: 7q8mmb8
Node 4: 0q3i68p l03s10w twn727u
Node 5: j7n50hm
Node 6: 8h87pwn
Node 7: 41yx4tm d773k0a
Node 8: jw5hf92
Node 9: gjqtfvw tqitd6u
Node 10: pm3pqmt xtg3n6b yw14zfy
Node 11: goxp5y2 jvnkly8 kkhfwyl lnvvn2r
Node 12: f7z2qvz
Node 13: 1sfbhhw qsjd2zp
Node 14: 7fprogt
Node 15: m9rfnmt
Node 16: 22dnvyx
Node 17: g5hx8ue p591gtj
Node 18: 5asybvc
Node 19: pr7r4cs
Node 20: 4702b7u
Node 21: 51h0h2m
Node 22: 6rvs634
Node 23: 01gtw8f buo8o77
Node 24: vge9fkm
Node 25: 6zx2liq
