Node 0: jbp2nyt
Node 1: oito7cy z91skrj
Node 2: 99fws1n
Node 3: j3wskg2
Node 4: 4jyakaq 9pv9dg6 husv8px rgjz0t1
Node 5: 9e5ojom m5qbkn3 unk5kvm
Node 6: wv0u3ni zhdcaax
Node 7: r81ljtn
Node 8: wkju54v
Node 9: eg11zd3
Node 10: uu0xila
Node 11: qmnsipy x3hszbi
Node 12: dsisv4s ybnork5
Node 13: m7b8gzz pe3gq2k
Node 14: adbt9xe rb7egfa w422mjx wobfh9e
Node 15: 1bx0a3b wi13t25
Node 16: 5jqahmn h9l4god pkzyssh
Node 17: ezjuwjg xrwg18z
Node 18: kxh506j t71gx6s
Node 19: k3wribg
Node 20: 3wxlghm b83r4s6 d1snnv3
Node 21: 22pt5fa 2hsoiqu 2m03iy2 2sjuc5o ekoccas p83ifyz
Node 22: t3w5dvr
Node 23: oczp7mk qz9vd03
Node 24: 5id6p4v usd5x62
Node 25: 5wqki66
Node 26: e4elh6s f6km5kf m9zuved o8kk4zh obqv19q pf9ewlf
Node 27: boqut9x
Node 28: g3lq4jb uhgmmv3
Node 29: 8iqt6w8 cziy39z
Node 30: 93xu5dh rmiv2if
Node 31: 45hvcbw 8hio6da g9gbi5i mxjym09 tqoi6xd vtku5gw
Node 32: bt27hbk f2ldvkt ft77v1c knp8c0r
Node 33: yf37u4d
Node 34: 856d8m7
Node 35: yrbu8tr
Node 36: hwn0p0g pl39gdg
Node 37: uiws9ch
Node 38: ezr8kqs
Node 39: lsaordf
Node 40: v3ev3gt
Node 41: 9el1zp8
Node 42: qb8fp7a

Node 0: zwid1rw
Node 1: murv4z5
Node 2: 2i0yqa0 2zix3nr 3afor6x 6ci6yun 8qchw34 ribl7uq thwcnqq ujdqtnh vekigdd x1rx7fy y0ch9wd y8pyujz ycufy4t
Node 3: nx6pehx
Node 4: 5djpzdo
Node 5: 0a4gyrm beseddp
Node 6: k3epl20 kblplvu
Node 7: rijsqjp
Node 8: 1yh48cc 77yznyx nwcyhs3
Node 9: a1yd0cr rxbsi62 s3mrlc0
Node 10: 093ih7n 7rhe36d ahcooxe l2q5qq0
Node 11: ckf8vw2 cm9grba dl4yvgi w8bnk5v
Node 12: wcc1jp6 ycbnjar
Node 13: 5adtris
Node 14: x7sko2e
Node 15: 1fvou7l 5zccgyg lksyp69
Node 16: gj7xs0p
Node 17: 057jq59 s8h4gou
Node 18: chaatp9
Node 19: 3u8u1vv
Node 20: 4yysyfl bodi07d cr20e2m x6fi9dx z2g8std
Node 21: sh1lcnr
Node 22: igj2bqf m7jyobj
Node 23: mn41sgw
Node 24: ihg9ry2
Node 25: k45bsmr
Node 26: 14pwhum w6mbhzx
Node 27: 0osp171
Node 28: bbnjo71 oa4vf1u vxx68nm
Node 29: qmd1vjf
Node 30: wgnredy
Node 31: yhgwhfl
Node 32: tkbgjyn
Node 33: p3338ud
Node 34: 8vdh08g a4ct2ff
Node 35: mazo0f2
Node 36: k4lmsgf
Node 37: w19lmpv
Node 38: 1p3u240
Node 39: k0m9qk7
Node 40: iwm6dem t0g6rt4
Node 41: 7zj4pi7
Node 42: lzabmr8
Node 43: p9d59z9
Node 44: 5p5wois
Node 45: 2p3qdrh
Node 46: 1t6axuf
Node 47: trw9m95
Node 48: 6bvg78h
Node 49: pi274wh
Node 50: qq3b0i0
Node 51: cxru8hg
Node 52: kpkcsho n1n9qhv
Node 53: aisajlq
Node 54: hxc8rvl yk2944r
Node 55: 6yhubtc
Node 56: x7hs9tw
Node 57: ntmu3pf
Node 58: dn8lstv
Node 59: i43iixi

Node 0: e6skuy0
Node 1: 88k0qzm 9dr72aq btyu8h7 e2qbi7u h5r2l1q pjuwisf ria8phq rwezwr3 vhhgffo w3xfkje w4g082v xb2t3a0 z8q8ppf
Node 2: 1oknnte 345ggvt 9t8r99u caoc7nz edf5bpa eean8cd ovbt54k p9hy03z tm5r2vi x9s3m06
Node 3: kfkrhc1 nl5shy9 nqigx4v pohriz1 re4c2ym s72jtc4
Node 4: n9z2w2f
Node 5: 1jlvvff sfytg22
Node 6: 6lbjg29 f1e0120
Node 7: a4ebuib dvonn2p
Node 8: 1fmm3yb 9nam921 twdkli0 tyymnwg
Node 9: bigkpsd csfab6v gl5ybev qti2qy2
Node 10: 1iucz62
Node 11: hcgm0hv
Node 12: bje1614 tj9evk5
Node 13: 2adgrzd 2knzt17
Node 14: 3bnguz6
Node 15: tuk0bot
Node 16: 28xijxf
Node 17: tv6q4pw
Node 18: 57i3fut
Node 19: 6rpic74 hka28y8
Node 20: q2g46r7 rs831lh
Node 21: j101qng
Node 22: caa3mq5
Node 23: 5b6cqwx
Node 24: a80tnej

Node 0: kcbh1jb pxgcqai
Node 1: 63a0hxj 6bnzubi ml5astf n1s7s14 p82cxzb w4g2azh wi8lxgv x72j3qy
Node 2: 6zbrhrh
Node 3: j2xhe5h vss9774 xl16m1e
Node 4: gib4ko7 ipg8k8a pprqof0 rjtfhok
Node 5: nugd0k9
Node 6: 8vr61c6
Node 7: ewuepz9
Node 8: 1xkee95
Node 9: 649kg2t
Node 10: axlwao8 ot986he
Node 11: dgwa99b qvjpgpt
Node 12: 6yrkhyj sauktbs
Node 13: 6ypo3ht pb5unq9
Node 14: 7zctzln ytps0k5
Node 15: 20tjsun 2chv2j5 41ywp4e 5nb7ift jdw4eoh ow3dkya swva7z4
Node 16: vz9gpyd
Node 17: 23zvstw ysb2vdq
Node 18: us43mxk
Node 19: yrvngh8
Node 20: htuk8rd
Node 21: yfky5k4

Node 0: bb8n47q dq1s7rq
Node 1: 3yoio01 53rshh8 f5krshq
Node 2: 9j46dco j6apdjp n3q6xa8 vgxhxmw
Node 3: jlzvyg1 kyjvc9t s2p3z4a
Node 4:
Node 5:
Node 6: thrqaoe
Node 7: eikfvhz
Node 8: 68ayebj

Node 0: 76jti93 gqqpk49 pqld5kt uzgat1y
Node 1:
Node 2: gnxx6qr hao3eih
Node 3: zsqmbab
Node 4: usb6u4f
Node 5: eqyc1ik x5ys0ro
Node 6: 1kyz2bk 7nzpbo6 9uspfu0 axvw277 jwcbtpy slswv2b
Node 7: aneom33 kz7eu0b
Node 8: e3p5zm0
Node 9: 4ilclc6
Node 10: nekg7cx
Node 11: uru6rpc
Node 12: 5eywrll
Node 13: 7xkayx0
Node 14: bhccnx1 gnleejj mcxrris p6xf8e7 u8fue2i
Node 15: jbw02ez n183cnd q3jc3pb srd10z9
Node 16: 3p84hwt
Node 17: j480axt zqai3ia
Node 18: 1202fpe
Node 19: 9ddv2xq g4cypmx
Node 20: 4qalk9p 6vyfmbn 7cmm6ky 86p1ukk bbt3iiv mfkv54w
Node 21: 3epne9o
Node 22: nqsztjb
Node 23: hy6ixuo
Node 24: s6ai7cs
Node 25: i6sa3ac
Node 26: mdppg6l zpa2n36
Node 27: l6wjbm7
Node 28: uhfun2a
Node 29: 8bsrlam oyge8ke
Node 30: f9b9yol
Node 31: a7np02p
Node 32: kgpbqrj udcj4zz z6i062k
Node 33: krqtkor
Node 34: 0vwm4xx
Node 35: 1s1rzw5 gkcaat4 qxsmtgf
Node 36: 08727fs gl3zhmz ml1zrri
Node 37: dokh7uc
Node 38: hswq5xd
Node 39: fi9ea4y forsz0r yyexxl5
Node 40: 9ii536e
Node 41: qemcfnr
Node 42: o2gm0im
Node 43: ju88gfd
Node 44: 5qvzj7u
Node 45: xlkeye2
Node 46: c63xhd3
Node 47: 4shcg05
Node 48: ulahk0q yh637hm
Node 49: lks1aym t3hjkf9
Node 50: t2khfkx
Node 51: fdomber
Node 52: 8ce3yol
Node 53: g5gryzf

Node 0: 5m0xql4 bfdxoru xu3a548
Node 1: b08gbgn prdzlza
Node 2: b3nxcis
Node 3: 3d6horv 5jd8u3s 8soillg 9q38ppw ht7i168 m3wfssp mblsmm8 rgmllqk tyowbu6
Node 4: rjbzk9n
Node 5: 9yaewr4 d7p6pq7 s0pxhjy
Node 6: 4sl7ssi bj09lvg cbjhjn0
Node 7: 8vtaknw q571c2s qg2213v zxauuqm
Node 8: i6227t5 u5djiu4
Node 9: wl6d54b
Node 10: 5grpci0 xxuucjo
Node 11: zgck46n
Node 12: 8syaxnh br7kbsd xwjc7li
Node 13: tdbteq6 xjp1mhn
Node 14: 0sg7znx imvq5xa smfvlhi tb32p60 vafwv0v
Node 15: cg52zc8 vaiq5dt
Node 16: m25gyi9
Node 17: dz5zt7r o1eoq2q
Node 18: yysvxb1
Node 19: huvgdjm k7ka78t
Node 20: 22h40bp
Node 21: ie1w61f
Node 22: 2pko6s1
Node 23: fskwxsw
Node 24: grmhlsk
Node 25:
Node 26: oxqygl8
Node 27: 2p4hrop
Node 28: 7op58om q1783ts
Node 29: and78ae
Node 30: nwc1y63
Node 31: 17lxxz6
Node 32: aiglrec

Node 0: 51tc5zt
Node 1: 34cdu8l
Node 2: 8r8isde ekjdabv za3shlu
Node 3: 69mxsf4 dogctot
Node 4: 6rugpbo 9emd88m g44bbxp jk6ro2g v0o5ay4
Node 5: 6h4ywi6 n6avvi4 whd29je
Node 6: gq863wb urgffes
Node 7: dsa7m03 h81wpsl m0fycyu o5btfsv
Node 8: 8393beu sih4z5f
Node 9: 0fshwd6
Node 10: 8fmgigs
Node 11: a16id12
Node 12: 8ahbs2i
Node 13: p13ywcl
Node 14: cgoux6v
Node 15: aoip3qm c0ra8y8 fmmqfyb
Node 16: dg9xmag
Node 17: oiqtbfe
Node 18: 2qt58id bm38nrs
Node 19: 205ql74 cwtmh2g

Node 0: 10r05jy at86nse mq8u2m9 popi4b4 r7e0lij
Node 1: 0xjjikr 3ugb3bj 5y9w10m 8j3b5yy bclnwue c7fqu8r em3xuvg glpnl2b lbmnokn o9wpb3d sw7436k tjuld21
Node 2: 29bpq9a 2o1rk2h 7anw733 8c4qel3 flgw1cp kgttpou lkzce7f yt386im
Node 3: dlfiaek zyyvt30
Node 4: 9n3ow01
Node 5: bxypw0h m9eklew
Node 6: f5ny5jv h10c3vf szjmug5 ug2ampk x60wgic
Node 7: 041h1uk kyw4z7q
Node 8: dmyxqsv z8kv8vv
Node 9: c08ssua
Node 10: 5z8x3jv
Node 11: hu2ukei
Node 12: j6hvwlu k0vzzur
Node 13: xcvbsw4
Node 14: 84uos0q aelt9ly
Node 15: 1io0j12
Node 16: 4dyi8vm sbajn9v udkdy63
Node 17: wkjj3xw
Node 18: g4b7ip9
Node 19: 7kr1zn9 jjjq9ip jml41gf l5wl744
Node 20: epyaoo4
Node 21: ooae14w

Node 0: 63904bl i6pn4kb kgpry56
Node 1: pmdqhf3

Node 0: 48zs96j 4d3zcej 6v49306 8o3ob3t 8zj8ohi cmplir7 cvsj3dq e6riz5p fd393vr k2kj68i liwtjn6 lte7vo9 m25y1q8 oxvkixi pdm0g2a q9cftmf r4xghew rf8ra8m stm2tn3 wm77xb3
Node 1: terfdq2
Node 2: s21tpxd wlm2jqm
Node 3: f075g7t gy89xpu
Node 4: 8l47clb csvqesf opd7tyh
Node 5: 89zq03k p5p2hup
Node 6: 45q4u7f rcnzpfu ugt9b8l
Node 7: shmt7c3
Node 8: hsk2tqt
Node 9: 67yff3c
Node 10: gj0kjws h9dl5ds
Node 11: z79u0zv
Node 12: j5v0wmy
Node 13: 1wvc12d
Node 14: c4hwahm
Node 15: 4zmi16e
Node 16: 19f4rmk 9x8qab5
Node 17: 7h3r3cd a3knflc cx6to7h
Node 18: aq7pb2w zb0nye1
Node 19: x10k8jb
Node 20: gjn81t0 ubn1j6m
Node 21: 7pbw7qe xwysx3b
Node 22: mw34wah
Node 23: uaey3f7
Node 24: a2jt9x6
Node 25: ika87eh
Node 26: 2xi5dtf 46734f9 p8cq3xd
Node 27: 9ulwj2k g3u1ei1 w3prwom wwvwgdo zmqk73h
Node 28: n4ybvy4 rxbmam3
Node 29: t1szkbg
Node 30: bj612ht oo8jp8m
Node 31: q0lxma7
Node 32: ow1l1ez
Node 33: iwrmq1k n0trz1d
Node 34: 8wtoycc mv7x484
Node 35: e32ya3y
Node 36: 5sls1at
Node 37: 4691dae
Node 38: iu9mt22
Node 39: 6b4vk19
Node 40: wxpduip
Node 41: 68l9vlt
Node 42: w9qcrkl
Node 43: llok0cz
Node 44: 2mcz2ag
Node 45: 1u3hwc3 mmcbbir
Node 46: r2arxyv
Node 47: b77kioy
Node 48: sopyd17
Node 49: w269793
Node 50: v1jym3o
Node 51: z1gbwll
Node 52: bj3s012
Node 53: 8mesdjv
Node 54: ba7iqmo

Node 0: 6ur9sgt agydehb fzagebs tb7g4r6 tv91pei
Node 1: 2e9bdto 2fqs5hi 57pea4d 6xdketc akdpo24 ic09osk jjwwsfi k1cur3f k9sg7xi ne2jkok nx1kj7n nzu12wx xznf9sw zhr8lk0
Node 2: pm8d9a2
Node 3: 6875iys
Node 4: 7yrqm7p bqrn315 sayjbit
Node 5: 2izekjg nlrm7vh
Node 6: 01x5ca6 2sfd3kg 5dyev7t 7hk49m4 a3pd2q2 a7hz8ep bepprzg jiucmx7 m7yp5v4 on1dudd phly4d1 q31wlrp woq1g13 xfe4tmu z6egaee
Node 7: c0awu66 rae28lo
Node 8: 73u2b40 hkx3qdv nw1nqkg vo5mx72
Node 9: mr5oz4m
Node 10: 380njeg bnvw7gv u7ixgi6
Node 11: 57cwe5r kbvrxuk yvr31nl
Node 12: fkidwqg
Node 13: f36oc60 t0c556u
Node 14: 4pwfacv
Node 15: 35ow5q4 7lopiyx ktasxiq q9qsu7a
Node 16: ozcxm0m
Node 17: 6ff3at5 b08agmo hpaybs7 kthc89n qesn42m sczwwme wdg1hji
Node 18: 6i02bhe
Node 19: 5x3h38g
Node 20: vwduom7
Node 21: 9v1r05f fugpbol
Node 22: bf6tocv czzoeos hbh2839 hshvv05 wzrboge
Node 23: rfc4irk
Node 24: x1wc9zs
Node 25: msnnlvb
Node 26: 5oo4r0n
Node 27: mjpiu1v
Node 28: 6zo4wvj
Node 29: i7jc7at
Node 30: 7o2tmlp 9ccn3ws yumg8ec
Node 31: 45ocl7v ufv2tm1
Node 32: m1g93tb
Node 33: 5bhmm07
Node 34: 4ga89rk
Node 35: nkju0ms
Node 36: xy2pgm6
Node 37: fprfhro
Node 38: qs0j14z
Node 39: puqgwuh
Node 40: uxc60g9
Node 41: h99wcew
Node 42: 0e1kerj rwxuiw1
Node 43: w4hfxoh
Node 44: 1xzl8os
Node 45: ksry7od
Node 46: 4d4bcwu
Node 47: k31zu0v
Node 48: 5t4vltb
Node 49: zjy2d76
Node 50: ze97aw9
Node 51: y7dahhs
Node 52: c9cyqxj

Node 0: 7v58ltt erh04xs f6uel0u ore0orr xpsbu4i
Node 1: 18o9406 1hjojxd aav32j3 etwu8zj f88ki0t p20mgo2 pq4q4e4 qmi918u usoqwnq xo4o3vt
Node 2: y95o1ol
Node 3: znn6m7i
Node 4: 1t3p4m6 hq25smn mem442t wfowxw2
Node 5: 32wp9mq fxybcop
Node 6: 9me12z8 mlkg0ga tx3qfel
Node 7: nsg2h3b
Node 8: 2dk3g7v 49095he
Node 9: w4hl1hz
Node 10: zo8xofb
Node 11: uzkqo69
Node 12: 0d9ldch j3kg75l xnsmosn
Node 13: esvctdd

Node 0: m7boslj
Node 1: ke0gqgb nrso5mm nzijwz9 r0ig5v4 tgwu8uv
Node 2: wd9yejs
Node 3: 222xjmy cec6md7 d5mip0e eq8unf5 g5wa7wg hr868tc kdw3qa1 mlfof8f pofio6b
Node 4: 05w8f8v 0xs8b3c 8r5glen eggozn5 lzhqv9m o0nd4d1 o7nwvdd xfxqkcf
Node 5: c0nn8gt crxpny1 ng611gr
Node 6: 7rcw8q2
Node 7: 9lgnfnw
Node 8: fqmqbvo gkqc6bg gqtzdj9 wieud02 x1tyx23 zge7vvo
Node 9: lpkauk4
Node 10: n35vm1p
Node 11: 56otklv mwshpzs paaqevj
Node 12: xku1g1a
Node 13: 2z6749a
Node 14: fm0ugfk
Node 15: 0hmnm2k ldpadkn svh5l56 yakgor0
Node 16: 0n8th4o y4hu6g4
Node 17: 6j6nimr gx460ba wmv0l6m
Node 18: 5gwgo7o
Node 19: 5ou7jjw
Node 20: 9379zlp
Node 21: 7b812je
Node 22:
Node 23: ntk70bm
Node 24: 3oxckso
Node 25: 9zegr9o ne5y5da tepcz7s
Node 26: zucyep9
Node 27: 0tosz6i
Node 28: hx3wb1n
Node 29: cowet7i
Node 30: 1x3oql9
Node 31: 4zobbxv
Node 32: pth9980
Node 33: 2e9yxpf
Node 34: pz0601n
Node 35: 75ax616
Node 36: 4yxgbj4

Node 0: 1hv2edh ht7xqhl qoa04hi
Node 1: 2ixnd4h ndpe70x pkdy148 sjupuge tq9lv6l un9j7r2 vlfb5m8 vq1iopz yf36rlt
Node 2: bhiv96f bx6fs3c eae8p1z m8t0lps s08jmey
Node 3: 39trlqa
Node 4: hgrl8vb
Node 5: cvi7n7o
Node 6: 1lrxpt8 5v8ugmw yu8w72u
Node 7: gmc47jp rgtmc7q
Node 8: 7y9qbmo
Node 9: dkillg3 gd3rq5z
Node 10: psxcnid
Node 11: imq05dq l59tf8c
Node 12: ovgym66
Node 13: ixsyx4d
Node 14: 0rcspbg b95ohh9 myv8vrz xw6dtnm
Node 15: 0ek7hws 2f89jlc
Node 16: w96k3md
Node 17: 92bvshu wztn1gs
Node 18: 9n9d6hy
Node 19: f6czebi
Node 20: 0i8exjj nz525dj xdbnu08 xq7nnmh
Node 21: ojho81i
Node 22: 9uo80yb
Node 23: lt7uhli
Node 24: bogzpxf
Node 25: ohjgzrw s26sykw
Node 26: 1l6jzdq
Node 27: d5t47xo
Node 28: usgkpmm
Node 29: gh9pmd7
Node 30: o6t1pqe

Node 0: 894lqle 8e0ev0v 9w62g83 amtnf2g nd1l550 rstlpeh yuai0jq
Node 1: 13v86jo 38tkwhl 47n5aoq 9ekdvvp 9snsiut o33cnti sp1dfzn
Node 2: jz1pb9g lns5123
Node 3: geeovsk z3mkxsa
Node 4: 07ol4pj 1khl1t4 32hgk06 9i4qw26 b9v25kt
Node 5: 0512dsp awo5umz ctqo6pk nl288l0 wrl81w0 ytd793r
Node 6: 8bvf422
Node 7: 7faelh1
Node 8: f884fit
Node 9: lqpmzn2 ri2ycnj wxvxvjb
Node 10: s5lbcs1
Node 11: vv9143g
Node 12: 8g1mhqt
Node 13: 8p340j1 urbvbad
Node 14: w18mt3m
Node 15: 54umpjq 6ks4m4e 9ldtvkl nyt47g2
Node 16: brey7bn
Node 17: bywf2dy
Node 18: vgdnn7g
Node 19: 12x13ub fjg6mcx
Node 20: 7sg4thb 9x5118n e23kvbm
Node 21: 2737j2f 4xu5ox7 kxyfpru
Node 22: 0fizg15
Node 23: 1jjrs55
Node 24: nwy5raf
Node 25: 78hwqnh c5fy6cr vag3xjj
Node 26: 4pe53cm
Node 27: ap6cyc5
Node 28: 83js7m7 zath4vo
Node 29: kgukr1w
Node 30: 9oy9y1p
Node 31: 4v2jx4h
Node 32: 7rnvmbi
Node 33: g3mj40e
Node 34: 8lhm99m
Node 35: 2dm5teo x4pu1m0
Node 36: wh8jcgq
Node 37: k7gs7vz
Node 38: qtbudwp
Node 39: 2upteq5
Node 40: b2r267z
Node 41: 0pr28te
Node 42: rxsskkf
Node 43: f0ipz2n
Node 44: 1adz3qa jo7y4x5
Node 45: dazhxoq

Node 0: ihpuwf2 mtbd7kv n4lughu ogcaws1 qarrsiz
Node 1: 1i3dq07
Node 2: s1cmlk4
Node 3: 0wzglze 7mntj9y vw0w5fh
Node 4: v5wj8qw
Node 5: dxijiwz
Node 6: 66fivr8 zvsktrx
Node 7: 3uhiivw 47n21i6 5qcdvle 7uua471 8oc3xy4 bl5gzat ht4u82v t5ex00b uq0r6ue wojfr5y
Node 8: 27w28ox lqdv3de
Node 9: wu38gfo ywtrdtl
Node 10: yxiw2na
Node 11: tp8e6iz vlu16f2
Node 12: b6z1awi
Node 13: 98er97p sb4bd3y
Node 14: ucwewqc
Node 15: mj8av2s
Node 16: qpox0ez
Node 17: 1oyledz f5vsufy xf78tgj
Node 18: dkqwf2f
Node 19: stkvdcb
Node 20: ud3pkuo
Node 21: 0ney6by 5z6ftch 6hzullz buc7kih m280gxq vl6tm3b xthqgcs
Node 22: 12fse59
Node 23: 2qp1ybd
Node 24: 323bwxy xpqsovt
Node 25: 10qoh3a
Node 26: pdakljw
Node 27: x3o2igo
Node 28: 66oda9i
Node 29: 5sti14a b6bz2yo
Node 30: 32ldpto 4uv49nw fla2993 muee078
Node 31: sf3kgmm
Node 32: 7iicb5c 9873e28
Node 33: ubb6pkg
Node 34: ikcso5w
Node 35: 3fa1m6p
Node 36: 2fifi0n 54iba2v henswak
Node 37: 98sp86b
Node 38: 677db3c as4r9mf
Node 39: lav1ly7
Node 40: 9f12daj fge5bt2
Node 41: ne1t6lp
Node 42: x6s7qtv
Node 43: bnk177c oz64lqs tabxukf
Node 44: 1mut0fi om4h7k3
Node 45: ughqj64
Node 46: 4rnuu8l
Node 47: 97l6ar7 rcn628k un6tra8
Node 48: 4fr5zsx
Node 49: lsu81y3
Node 50: r682pk9
Node 51: absecv7 nimatbq
Node 52: ptdtz7y
Node 53: ujk5iuz
Node 54: q46y2mz
Node 55: 8wawxkc
Node 56: 0m7fh0j l9g55ax
Node 57: 4od92b7 gx0kxm4
Node 58: yegna0b
Node 59: xg1hxak
Node 60: s0yu7gm

Node 0: 6xozpjj beyte0l duou18d gyhfqjy pjppru1
Node 1: pnanrtc
Node 2: lmgq2t8
Node 3: br6xhnb loy8usu r1if6nb
Node 4: 9d0q146
Node 5: 1izush0
Node 6: g4wnz35 rzsm57p t8h1muv
Node 7: 32ttvfg
Node 8: df13b9e rgyubgk
Node 9: 4lxp1s0
Node 10: 0bxsnt2 u9ogvcd ujhn2ja
Node 11: dgwcfi6 go7dbd6
Node 12: ij4qxda
Node 13: v3kt9rk
Node 14: l2m38i9 y8y9ytf
Node 15: y9s4qwa
Node 16: l0klxdw
Node 17: vl9osx4
Node 18: jgtah1h
Node 19: b8wnrld uinobv2
Node 20: 204uao6 r63ke1b
Node 21: p3kjk2m
Node 22: rc4mox0 xo2cdj7
Node 23: ewwq713 uvfaz6q w18t5in
Node 24: af7dzxd
Node 25: 6oddb5a s5ebue4
Node 26: f4q4szp
Node 27: kuvq3lh ypb3szv
Node 28: 23b8uqq l2ku8lq m4sx35m
Node 29: 244nxep
Node 30: mulmy05
Node 31: j2wj4gp
Node 32: e4oxjtm eqxamhh
Node 33: qqpfyxq
Node 34: xqonclj
Node 35: dtuh4ls
Node 36: p2ddq47
Node 37: ufprh6i
Node 38: dowz0lg
Node 39: 6fe7je1
Node 40: abqplhr
Node 41: nin3w3v
Node 42: ll19t7f
Node 43: 8mk7mjl
Node 44: m1ufi1h
Node 45: pmmromr
Node 46: td47xrf
Node 47: wn5ue30
Node 48: vuur8bn
Node 49: yctg418

Node 0: 3axnwg8 t47nelp
Node 1: 07vllj6 3n8mzg2 537xxfe aab77hk agie6xn aw23xvp h8hfnp4 k3wzma7 lsviqp2 mloc0v6 mz78sns o2vo3oy rkes9zc wsabui1
Node 2: 767cmis jpdsk3a yqei6g6
Node 3: 4zdrags e3zd3g8 gqhatfz ka9yajk lvul3f2 nfwbjia vi47lh7 wgfcxgq
Node 4: 5rx6p1j
Node 5: 187qrj2
Node 6: 0g78reb 0z4qraa 8can5uj byuh8xe g6syxg7 hbfz76o jedc9m5 yr0duuv
Node 7: cwpkpnb
Node 8: g38a1r5
Node 9: 2s0kbxy kd7yaau
Node 10: o4zt38y
Node 11:
Node 12: 8gjimnb tb3d4ox
Node 13: fxdwgq5 xmbgamm
Node 14: xofm3mj
Node 15: ug11xmn
Node 16: 9vtt3yb f8wmi59
Node 17: bjlrm21
Node 18: 0of4pnc 2j1fqsh 8zzx01u e2fpujm l2aa86w p11zbgn zutxm0w
Node 19: 7jvpqqe 9u97f6t
Node 20: kxvn11c
Node 21: q36lv60
Node 22: ai7rfal
Node 23: tgif78z
Node 24: fzvmruq
Node 25: bvh319i
Node 26: 1loqdb3
Node 27: cgdgzgg
Node 28: ux9xma7
Node 29: reipjov y9cqf8v
Node 30: zbdouiz
Node 31: v1hak0t
Node 32: bunbxad k4t3j94
Node 33: 08994bj
Node 34: 6cy7ahl fs6m9pp hxfr7wr
Node 35: rnhxz2q
Node 36: cx0b1bq
Node 37: dx1f7wo
Node 38: aob8du1
Node 39: p2114ut
Node 40: ewd34vr
Node 41: ebg9rrw
Node 42: 87253ke
Node 43: htdf1ib
Node 44: 1723n53
Node 45: z4wtkrw
Node 46: uvdjsgx
Node 47: 9ovc2ex
Node 48: qcpbgiq

Node 0: kn1601w
Node 1: 0e6i140 2cya2ng 363qwok aew0nue fjecvde rqawhy5 w7k5iyc
Node 2: 2iouvwa 92gxd5b bgpwv8k i6uw381 l8fumwr l9xwdl4 xdfihmt
Node 3: 5mh3s6j l35lsuo
Node 4: cm21zds dcjeuop sk2xwux yqkvbld
Node 5: diu14z4 jdokf8q vot88dh
Node 6: 1xz8t6p dy6kkgx ruj3r8q sxxc1kn
Node 7: bw5hm5l o03t4dm xwp6ynb
Node 8: 3cyppoq
Node 9: 64ddg9a
Node 10: 2giwkdq 3cdwbha xcsx0vz
Node 11: 1m0t0ht dy3oi3d mphntta udqlvpx zg02zvq
Node 12: 44gers1
Node 13: 9jyjotp bn71uyk
Node 14: fl4y0r1 k31fa3c y5wh6r1
Node 15: 467txp5 bozieqg
Node 16: 4gvzvdj
Node 17: 3nb4ceh
Node 18: gfnwahd
Node 19:
Node 20: plfveti qzcnxwu
Node 21: dxin6vo
Node 22:
Node 23: 2djslli mz71hzc tu6gfj5
Node 24: 0izqqsu
Node 25: f0yezo9 k2b6eed kau28e5 p8xu5es
Node 26: r3filz2
Node 27: 4u461x6
Node 28: dg9qgpq
Node 29: n5dtttd
Node 30: zjdzbc1
Node 31: woddkht
Node 32: ip1u0q0
Node 33: ohnzgvv
Node 34: 7j4djup
Node 35: 2v3ds5w

Node 0: 1ttirpa 5f2r7a9 bg6ubnt cpwa40b rzcw5vx ytyc3l0
Node 1: y1jlc9r
Node 2: azt0aqd
Node 3: ih8utmh n5p48ca
Node 4: 0x9qu2l 9yd8vj6 t5e0077 ynr2ysv
Node 5: qwvk96b
Node 6: n7a9dz6
Node 7: 80wc2wx d5p2y05 ycinqc8
Node 8: 5lbqawe nn251bp
Node 9: oe0pk5m ru1r92a
Node 10: xspokcb
Node 11: 1slzdah 2pu3lo5 s47ve2t
Node 12: x7oashj
Node 13: l9k79p1
Node 14: mtk2f8e
Node 15: ftgbps2 mu2g7be pmo2ubp rjx60lk
Node 16: 7wa5ulb tbeeevw
Node 17: 5bbewiz hxfy90c
Node 18: 8a9z52w z2jkpuj
Node 19: qwdgpxs rd8u4bi ulgbm5w
Node 20: m9lgs6o n2cqx0w uyvwee0 wrcck1q
Node 21: db4uzle
Node 22: sekvhgg
Node 23: pffk2gt
Node 24: pdos9sr
Node 25: 302q5s3
Node 26: 1ji72rn
Node 27: 76ukb17
Node 28: 0d7gp53
Node 29: 0n9pj5t d0y3h4h dwu7uln vma1hxn
Node 30: 27th0rk p9x4p61 ro0eeya
Node 31: 1hgtu18 cqnry4l h19ky7u
Node 32: gef8gf3
Node 33: 4t82wmt
Node 34: i50gpns
Node 35: 397wfld
Node 36: vri66bl
Node 37: ujpzsqi vlf3gem
Node 38: ixvo8ga nkus1y9
Node 39: 61u9w5c
Node 40: lwm2v8e
Node 41: 99qgcrr
Node 42: v1q2qio
Node 43: 8c78v6k
Node 44: rktzif3
Node 45: kyhvho3
Node 46: bc4lhqc

Node 0: b293ay1
Node 1: 4i52ctb 7h8wn4e ed6ctev jcmjkqy
Node 2: 8a117e3 y8zgn6l
Node 3: 5o1u2f9 hhocbgu x5cyd0p
Node 4: 5adl394 mbyirdw
Node 5: 3v01v7w 4a3thi8 f4zfaut myhm8ip pfo7mkc ufkgljb zruzoen
Node 6: vps9fpg
Node 7: fggebib
Node 8: q6cu734
Node 9: y9t7r0h
Node 10: 036f7v0
Node 11: gsak18j ur9i31t wqxdqja z9y3tvj
Node 12: org54a8
Node 13: 7ddt2ql
Node 14: eufv7au
Node 15: ync278t

Node 0: 2er0vzn 4p9gbcu 8dzxzav ce73int cejza16 e1mzhzf ivh2n9x iwwd96d lkucx69 n30k14c nn93k8p o5yvwek u16le2q uhcupcm x58q6hq zd5aa3g
Node 1: 76xji9l
Node 2: dyge6s7 uyiz7qy
Node 3: 1xl4ade 30d58tn 3agre4e 3o702xy 3stu42n 8tf9h33 cms8n1a du97zzw gaa2jwd ionhh4r ixxp0vd jpp7q43 m7k22sy r5b38x9 wnddxlo
Node 4: a6ikczi bxgpgne vf7h9ap
Node 5: 5jhjtxw
Node 6: tpt47sr
Node 7: 316alhx
Node 8: mcoq72l pn9oakg
Node 9: d1qjek0 emqca6g gjvxxlf zz9vr7e
Node 10: 5q1lfhi f785dmj sesf2c6
Node 11: 0q67nsz 6y2lqeq
Node 12: a4irzcz
Node 13: d2rkge5
Node 14: 7vrk99w oaomxjm
Node 15: vgqtpih
Node 16: 82wwmyi
Node 17: ist1zu4
Node 18: hfh5jmm vaqds3u
Node 19:
Node 20: epgz2zn
Node 21: 0gmcs4t vd56x7b
Node 22: p6rs74c
Node 23: 3uju0vy
Node 24: 0p3m2x5
Node 25: v1dq2o5
Node 26: 073c6ry j950lb3 szoy981
Node 27: 65yxqk0 hydli57 x4iqcwm
Node 28: ahfvd7b
Node 29: 2ixtg32
Node 30: tpdnmje
Node 31: 132ebyr
Node 32: s8odd1l
Node 33: elf3jdu n2bkd0h
Node 34: zchyxlu
Node 35: 6mjap1a huz03hx
Node 36: p32db7f
Node 37: hbfcrom t9agi4i
Node 38: 2i58wo8
Node 39: nmasfic
Node 40: m43mwo3
Node 41: 523vb66
Node 42: jtukqkz

Node 0: 0sk1ej8 2xv6z3j 7x4if27 8jf9zx7 f7ghj2p gzbowye ng7cfep qgcv3g3
Node 1: bp2h998 pac3gib y6c2r9z
Node 2: b6hi6k1 fuvk51b vxvyp5e
Node 3: os4fbxy xva01md
Node 4: wyoxf9n y4fy8ey
Node 5: 3qfl2bw eltptix
Node 6: i0f19iw
Node 7: u1la2wl
Node 8: ifwnw3t
Node 9: ve2dq9w
Node 10: 0tbzv4g
Node 11: g2jjg81 gkdyu0t
Node 12: fnvu8jv
Node 13: ifiu6cm iwjdcl8
Node 14: fu6izkb
Node 15: kz4wakx
Node 16: 6ynuunn u54vhnr
Node 17: 7lx8q1n
Node 18: eveeyvq
Node 19: 7mufcn2 eb1n0gc tubjy22 zjttrf9
Node 20: fblf13d jrtlrvf
Node 21: 5ibsu3h
Node 22: 9b0n3ux
Node 23: 0cydicj pfd0uut
Node 24: 4ylc90u
Node 25: a5qsmcs tzfpqt4
Node 26: rryvnry
Node 27: l03126c n5k6ib9 xeilu52
Node 28: 7j2hgfo
Node 29: aqio5g5
Node 30: bf7tupz
Node 31: fj6kza9
Node 32: 9kmklyz zkwpxm9
Node 33: 4fo0n8g
Node 34: o25wy48
Node 35: igq2ubt netgn2r
Node 36: r23bd7p
Node 37: 9z2goc0
Node 38: 5wmkru7
Node 39: 4iaqqkz
Node 40: 5zxq6ud

Node 0: 13c0hig 2vy52mp na2djgt oqcm5dj p00erkr pqcgtwa r9waf6a tsgpf6w ucdce46 wkmil27 x4tb4wp
Node 1: u4r88am
Node 2: hi9io43 imqsesf
Node 3: bhkfgeg
Node 4: e6vxmlj
Node 5: w9z0e2t
Node 6: lxccnpn u1to44h
Node 7: 6bafbbc c6vg4uu d7v2aig g63wgtr snw8t6v
Node 8: fdl0vic
Node 9: kc6xhca rcr25zf
Node 10: pa6mjnt
Node 11: 2z1mydx 48i2uz1 kb4wjsz
Node 12: pwwkv4u
Node 13: 8kuanl5 iq1hfgm iq1znkr
Node 14: 8w8brlf
Node 15: w3rq9y5
Node 16: e0er234
Node 17: ef594if joubl8y lp5xdsh p53gnzd
Node 18: 9pt1vgu
Node 19: 81k1zc8 f9ermhk
Node 20: vi5snzp
Node 21: 6f49irl nlsfcds
Node 22: eazauoe
Node 23: 0utlipd
Node 24: xyyseod
Node 25: c3lt4an er74c24 pfl4sng
Node 26: ym8gh1u zyx76rl
Node 27: ui9b9db
Node 28: dxxr19t
Node 29: 059bwq8 jd7dklw
Node 30: 6ot9plz
Node 31: ct9096v
Node 32: 1e4i7a3
Node 33: xzrfc42
Node 34: twg92s0
Node 35: foa4qxv
Node 36: dozav3w
Node 37: z1qxiq1
Node 38: 87yo06e
Node 39: w8l82l4
Node 40: 90ey95j ppjfety
Node 41: qghs595
Node 42: xc22ax7

Node 0: em0sm9z vuxq7l7 ziewd3b
Node 1: 1shbc8y
Node 2: yfluzi1
Node 3: dyp1a28 x0lm84z
Node 4:
Node 5: ie287dz
Node 6: gwx8htj
Node 7: x2w3rfe
Node 8: 8zx6uog
Node 9: c8cq74j

Node 0: np9jcf5 s4b6l64 x6aclz9
Node 1: 061zldf 6peadre 77e636x bpsazvs cqu4pfu dis3vhu gf24kts h7ll3ex idq1eb3 qtvbxw0 se66pkx tjd9g7d xvon2ei
Node 2: evsyjis tpf9dz6
Node 3: d5pthkz
Node 4: 45wdbvb fq6zxkv
Node 5: v7tsex2
Node 6: pxge345 uf6h3db
Node 7: n4s4aj0
Node 8: eaxciys
Node 9: 11c1ws6 bdx9x7p puj3a92 vcq6xig zzra6kt
Node 10: hluof6f
Node 11: rfxflzg
Node 12: ea4vm6p
Node 13: c0mlj19
Node 14: 2xwnpld
Node 15: lc86rh3
Node 16: wg5mrnu
Node 17: j72h54y
Node 18: 8jtnqts n391fxl
Node 19: 2pycxjf
Node 20: x2wm79x
Node 21: pm50ov0
Node 22: 4rgan7t
Node 23: 9i5pm9i ydb438m
Node 24: lw3z7oi
Node 25: 6k3zrg7
Node 26: w56yhq5
Node 27:
Node 28:
Node 29:
Node 30: 4brsdii 7zaup5s
Node 31: hepb2ow
Node 32:
Node 33: jsya51p
Node 34: 490wbem
Node 35: 3cqr0kw

Node 0: 09ztd9e
Node 1: jg1skv4
Node 2: 7fb5oox ed7imxi tmuf6ar wuc6mgn
Node 3: 0j23fkg 6r7jry0
Node 4: vix3fta
Node 5: i35bl0g
Node 6: 42sxdo0 9ay2h72 izbodku oabpkft
Node 7: injsn5f
Node 8: ylmh8r0
Node 9: 0modlmf 7sktpm5 xxmxjdc
Node 10: 37srs5v b6jpofp
Node 11:
Node 12: w09fl58
Node 13: joxhbj3
Node 14: 1gx1z8p h41dyh2
Node 15: in0cmpk s5xqxi4
Node 16: epfzpkz rgdh3x7
Node 17: 6kwfghs xrf83mn
Node 18: fk5nwut y5858kz
Node 19: lcyliuu wyqgn3e
Node 20: lvtw6tf
Node 21: 63xy5bl
Node 22: dp8ic9q
Node 23: 5uey9f4
Node 24: p827y3r
Node 25: irarm3o
Node 26: 5f4l7ha
Node 27: p487zgg

Node 0: 18jxcfv 80yl3ke fecb2pl gcvat8q pu024hq ylgbvma
Node 1: 1ebkvut ax6f62x c9hztct ojoxg0j x6othyc xk23o79 zuarsoq
Node 2: 37qowva 3lejlze 9anvezk ws9z4tw
Node 3: des7plx dqs4py5 xfcvjy4
Node 4: oykxyy7
Node 5: 07bnxa8 6uevxnp n3h3d39 oxvh8wh
Node 6: x6ucr1x
Node 7: 71o6bnc
Node 8: sv162yx
Node 9: k5n2vcb
Node 10: p741fpf
Node 11: h8fzj90
Node 12: 7ygibna
Node 13: cyyud0v
Node 14: 4gbwv5e
Node 15: dntdkix

Node 0: hsyu112 j53441u pyycfqj wmgp7tj
Node 1: 79csjqz 8oanfne gmchifp jw204um ncxllfz w2psb0o
Node 2: srzpkzj vxm1jdz wwip5sx
Node 3: ch077r1 wqq2mq3 zflkagk
Node 4: q0s1fol xl11wql
Node 5: 5s839vl ho69f9p l7ytwma
Node 6: d6tlga3 oosf13f
Node 7: io4goi1 mck1ygo uy9mxlr
Node 8: bmv6qd7 irgpefm qamiv23 v5kpp4n
Node 9: r1tpwmf
Node 10: 9wi1myn ut88jy5
Node 11: 1pelykw lmpzqjt n9al1sm q9t0pjn veyojub xj1nlgm
Node 12: dcsr5g4
Node 13: 3ydxnsn s2lbvmi
Node 14: 4mxjof7 7b2xg8e dq6n5dc fmlk6dw j1ful8a kar2pqf p5o49ty
Node 15: h03w9f3
Node 16: 3103y67 ukzpopz
Node 17: h9seotu
Node 18: 8voxuzl
Node 19: 0xq2fuj hl4p5yp mui11tc
Node 20: 16hp394
Node 21: kzbhvj4
Node 22: idr5uf7
Node 23: 1xwj1bf 6bk9ewm uxyp8hd
Node 24: 1detzff
Node 25: adzh3bv
Node 26: xycnunw
Node 27: 8oqd4jb
Node 28: s3b9cok
Node 29: 7onol4x vqoxoeo
Node 30: bho3k92
Node 31: 69hc188
Node 32: bs1fxig
Node 33: 3ikl620 gtb4c33 k1q63wq
Node 34: jt2j8i7
Node 35: azjzuv4 ssxju5e
Node 36: t3w0ep3
Node 37: ln7eh99
Node 38: 27a6xz9 gv13kaq ucs4vog
Node 39: xz37kug
Node 40: v0aznp9 zrp5kix
Node 41: 88iuihy ij29ayq mq163bn
Node 42: 1739gvi
Node 43: u7um7pq
Node 44: 6vdktco
Node 45: yolga8b
Node 46: k3trexq
Node 47: mm55e2y
Node 48: 1fcqrzs
Node 49: 1z271di
Node 50: 0fonn9e sxkat0v
Node 51: khalezz
Node 52: f0t3bxr
Node 53: 1z255k2
Node 54: 2y6vb7b
Node 55: u6tz5va
Node 56: wn9f92v
Node 57: 6f93xoo
Node 58: pwif093
Node 59: cp6q65o
Node 60: wvwg5up
Node 61: y8lz6hq
Node 62: xvh4zbf
Node 63: 069lq62
Node 64: e4pg6d5

Node 0: 5clexsj 7d8vuk6 axlqxr8 fn5t3k8 fpgk98f ftafhac klvvh9f lvzd728 o04700g v81146b wc7n9v3 z1w8g0u
Node 1: zwc6inx
Node 2: gpyurxo in6grxj m5negpk
Node 3: 9x4i1ym e065qwn rv46tnt
Node 4: eq44dwg kbobpqv prut2ux
Node 5: ix0f76f o0iwjan
Node 6: 2xgi8qw ar8i4r4
Node 7: gz1pauy nccgq4b
Node 8: oat0pwe updu0y7
Node 9: m201su7 v0cte1v
Node 10: 74ztidq
Node 11: 4hvp2im
Node 12: h5lcoam
Node 13: 9ygll0g ot74lds
Node 14: dou1nkk
Node 15: jt6y41h mcdiuoa on5ko3p xujprre
Node 16: dhflu3v va9zxyc
Node 17: bnib593 ewcfxwn jirivum tns2e7m zanencw
Node 18: 20hfixm owd172j
Node 19: 9k5jzq8 fyuoy9v thxdjpp
Node 20: ne8ipto
Node 21: 9eyzswz
Node 22: xc2edhn
Node 23: 3vmac4j duau3hi
Node 24: 1w25yfk
Node 25: gnlke96 x3v0yzp
Node 26: 4vt8q33
Node 27: wwuds9j
Node 28: uz5319c
Node 29: y6h3706
Node 30: nym9qwc
Node 31: vmrev5g
Node 32: t7nrfa3
Node 33: 768zwo3
Node 34: t6mjjaa
Node 35: vjsfzes
Node 36: b6nrmi3
Node 37: g71o36h

Node 0: xjq51sj
Node 1: mglhrlc p8tba7n
Node 2: 14i1klz 1ixfkpj 23tf0iv 82xzopx 83rc1ep 9zr8o6m azbfzgj
Node 3: btj2lhv f9z1ir8
Node 4: d9kmu3f
Node 5: 7d6776l d54uqqc lvp6l36 nk5t25x ok0ky55
Node 6: 1hrk15g
Node 7: tx0wf54
Node 8: 45nuvmd 515v0fy
Node 9: b0wnu21 wmeqreh
Node 10: e33rea9
Node 11: 6lac2ih
Node 12: 2f1401p rqfz9og ryaq6sw
Node 13: yg4oc5c z444zff
Node 14: 5x5eupi hylmde1
Node 15: 7bpji4s xnlaqag
Node 16: il7ghpa o6t5odz yhdvnpe
Node 17: gngnz82 zft4mtq
Node 18: zjsfl1i
Node 19: g4y2xsy ibv6p4r
Node 20: b1yssh4
Node 21: dvt1548
Node 22: bku0h2v i5uyupc
Node 23: 7w0rmtq uxuep5a
Node 24: cu4cji8
Node 25: lqccm19
Node 26: fe704a8
Node 27: 2rixa5a jdyt9gm qri67k5
Node 28: fjxb5y5
Node 29: 5cjnrr4 vuwud7g
Node 30: 9jd1539 rnzqfb5
Node 31: ut0ymem
Node 32: 77o8naq
Node 33: uzsrfkf
Node 34: btk09vh czmh0mt e1guyf4 zqcn1uj
Node 35: llnxzs9
Node 36: 64tvtel k5ocl75
Node 37: e8x5v10
Node 38: zacrqs9
Node 39: v26zv5g
Node 40:
Node 41: mj8c7pw q2ke0va
Node 42: hdpkn00
Node 43: cgybf9z

Node 0: dyg70t3 e1erzfu
Node 1: v9i4yru
Node 2: v2uhy96
Node 3: kqucsxq
Node 4: mhk956m
Node 5: ea14nir gb0zypl hqrxmlo lwqyjqb
Node 6: 6ydvjbp bvqtllz ucjuruq
Node 7: 40oft84
Node 8: i8lma2y

Node 0: ds7iiu5 efhadme gbdhi7d
Node 1: 1qnae50
Node 2: jlcrjs7 pzkrhw2 q2mwe37
Node 3: mvhiy4u t1ddnsz
Node 4: jt2ezov
Node 5: vqm7v1f
Node 6: vdgrnmi z71m8un
Node 7: mormd67
Node 8: 5uo2o5t

Node 0: 3tcl3o3 cdvcftv g68yc5o gja39tb klke4az knffbye rbawohu s4lfuyi
Node 1: 30xa260
Node 2: zfhr4j2
Node 3: 0g9px4r c70n3pc
Node 4: it0yttc
Node 5: evgpllg
Node 6: 69rskz6 a8yh756 mmzydsr xzpdfsk
Node 7: 7304gm6 qjaakh0
Node 8: jtci9lm
Node 9: j9obi96 uqv2fkm
Node 10: s28r3sl
Node 11: 4vfkkv6 ykcqdau
Node 12: kh33mxs
Node 13: z47gizr
Node 14: o2wpp1h
Node 15: aaw5l4u xg2rqmn
Node 16: 80o1s9l
Node 17: 80r25td 8xzwc29
Node 18: h1gawqb qq4k3j8
Node 19: a4o4ep5
Node 20: c3dbgcw
Node 21: h51k9pm
Node 22: 3hmjilh
Node 23: 1jvtxzs 4jxy6fk 7aee4il 8w3zpmw tat3ze0 y4zaxs9
Node 24: 39bgc21
Node 25: ese5jjk
Node 26: raq7umh
Node 27: mizdoel
Node 28: nsxi3em p8nr15s
Node 29: hljonqv
Node 30: rn7d4he
Node 31: s5uijsc
Node 32: oiajsbg
Node 33: uvihjz8
Node 34: 8gv07lv ai17re4
Node 35: jz7603z
Node 36: eb6q98k

Node 0: 9ady7ph jeqyezk ms7w30g wypp5o4 ydf6pap
Node 1: mz7n1ag
Node 2: 1ry05hh 2mtandx 69fj2m8 9xwvh6i a08ea01 iuhewlz x1lppv1
Node 3: 8h3ee24 xq593td
Node 4: c1ilss8
Node 5: bhduf0x yvdztdd
Node 6: swu8uhq
Node 7: b691dn8 h82b1n0
Node 8: by7s40c nwt3d8m t97bgfk
Node 9: ej8iw4e
Node 10: s72b1xf
Node 11: krhvif9
Node 12: sfwm5ph
Node 13: 02myj5o mffxdzt
Node 14: b2h3cps
Node 15: g13sn8p
Node 16: itoraf9
Node 17: m31slvf
Node 18: q22sw59
Node 19: 6za533f

Node 0: 5hmu07h 8im5lov 9w7xfsv az1erg6 isdxh9h kx5ekyg mg5qnwh nw6qgsv stmfm5k stzejn5 uar2kcs vfeg13y y4b3h0r yyajhcc
Node 1: bksc44k nd7pblq
Node 2: k2x3rj3 tn55y28
Node 3: q837pz3
Node 4: 1e0mbvu 1t5wx28 8k1y2th dllr2wn o0t0453 rbe5ich
Node 5: 2hwm4f6 85dg9q2 noon5g8
Node 6: gx1gsv9 kl1p6yk
Node 7: 0xqsjqr 1di5dj0 5oxvznb 93mnj15 ekb2sa2 fxel2wr g78lk58 hc2trjt k7ip3j1 xfel9le
Node 8: 2jwe7gm ke8occe onb9m55
Node 9: h3trjco
Node 10: 0j02n79 m6iqkst tttd8xg
Node 11: bffx4fp n7x2pfu
Node 12: fwwn5qc mi7ldy4
Node 13: y8nm9r5 zvkhvfv
Node 14: gmelfrd
Node 15: 16ocbxs 4fsz5yj 5x5nxzd a5ggvcn tldpigp u55h0sb
Node 16: 27foll0
Node 17: 2p49jbz
Node 18: cz5c6tr k6ssu7p xocb0v6
Node 19: myuz9j2
Node 20: zck1j3o
Node 21: y3643tq
Node 22: 17ylln1 sp1czyk
Node 23: 8e0xcbi
Node 24: y07saio
Node 25: 7aqvx98
Node 26: dbpdwh3
Node 27: y0cw0w2
Node 28: 48ucvu7 j0remwm x9p2v3b
Node 29: usuc5r9
Node 30: ajgetti vem7kk9
Node 31: bwg85tz
Node 32: 95cummy gfzd6w3
Node 33: bxdqmob
Node 34: uhsee5t
Node 35: s2vnkm4
Node 36: bua74ou fx7sv5j
Node 37: yadtebu
Node 38: clhpdo8
Node 39: 399r89i
Node 40: usfyd6c
Node 41: g4pa94l
Node 42: 0c0ntcs al8odcx
Node 43: 1rnwxwq 3o1slrm
Node 44: 2dnf3a1
Node 45: 3vuzrug
Node 46: 62w51xr
Node 47: ft3a5p8
Node 48: l20ec02
Node 49: wdcmz21
Node 50: 8lufm9a
Node 51: t3uxz1l
Node 52: 24z2h8p
Node 53: 8pxauzk 9jczes3 bgzhpel
Node 54: hd51hsq
Node 55: ce5g15o
Node 56: okmfn2d
Node 57: wwd0b0y
Node 58: 9kl9hrr
Node 59: p02bx48
Node 60: 4adfrt0
Node 61: wry4gc8
Node 62: tb5a0df

Node 0: gmrya9x okrkkqz vvlg40m zu5a7hs
Node 1: jiq7hlj muq8w6l
Node 2: v16of9b
Node 3: 4jvdhif g056g9s
Node 4: j3azpoa l4bg0r3
Node 5: 1n4lsz6 7liuq21 y1ikczc
Node 6: 1ot4apv 2vhckws 66apxhj 9sdt6jg eimmcwc f86rzvx ojurwvc x3xtqhw
Node 7: 4ih8zl1 hbesrjd x8jf1xi
Node 8: f1h84b6 qcd2goh za8wxo0
Node 9: tm11lda
Node 10: a80yjaf
Node 11: t81iqr1
Node 12: 838t2jx
Node 13: i2xe6rb
Node 14: 6t2q1en jq9hdmq
Node 15: wkzr1c5
Node 16: ubnwxzc
Node 17: 3rn1eq8 wtdx8fi
Node 18: 6qb6a61
Node 19: 01tjckg 1n191o2 2ziujr0 qtnavnd
Node 20: jebl7qg tt08io9
Node 21: b1mth2t
Node 22: 44xuudb 6adgod3 jph7blm
Node 23: hs3bsou joe1xnk
Node 24: 7f9lybv
Node 25: ndm0e7z
Node 26: sc4p2ql
Node 27: gcblkgr
Node 28: 0plc4mr
Node 29: m01fm13
Node 30: 4sa11za
Node 31: xasxa0s
Node 32: ztn8t7h
Node 33: lz4hzrv
Node 34: 70d2l7w
Node 35: ryozu6f
Node 36: k4ketns
Node 37: c6dq43g

Node 0: e3863fx sqs4xwg
Node 1: 1igb066 bme9apz dywutai es0ix9z p8r693m r76cmdl r7s2y6j
Node 2: avef70p k1m8xsn mpdhvfv sdqukg8
Node 3: e95kba4 h4djfju zngalc8
Node 4: 49c51rt 7fvrs5o 9j683rb cackxul fosczxz hjjwz4k lyfo7ft vrxkjy6
Node 5: 9t5sc21 ea4fmeg hmchpwj htpygl8
Node 6: tckxdli
Node 7: jj34oup m0coicm
Node 8: wjz5r7g
Node 9: 2939er5 a2fhjff o225loz
Node 10: w2q3jgd
Node 11: xmczu1j
Node 12: 3vqiwyn
Node 13: akdfotg fkvq1rl z3uykmm
Node 14: ilut1no
Node 15: dbwxxsd
Node 16: xy6ukrh
Node 17: 9b5zlaw
Node 18: 8u8euix s63cs2n
Node 19: 9x9uf5a o16n351
Node 20: bdjl5o9
Node 21: 40z89z8
Node 22: b5yknvi iuy6csg xah3nw4
Node 23: 4731b7c 4iy9mo8 kr9jlkt o2ivpwa
Node 24: pp6xbze
Node 25: zx19iqs
Node 26: 7kayfzj
Node 27: ldr4r17 wc4hsuz
Node 28: p43fca4
Node 29: 7ued2pm

Node 0: 8fmfngn 9m4g453 trp6jfk y8rlqx0 z7b3p3n zw4esp6
Node 1: ml9v9nk
Node 2: fciyxmj
Node 3: 2kiy2b2 q13zceq xatc6cw
Node 4: wg0ewkp
Node 5: hi9prpj hqb8arr mbcdpyd nveckbt omx8zx3 q7lumgi u78vo7t y7tq3f9
Node 6: ihxlz58
Node 7: 04mull7 e2yecfy plg14hb
Node 8: jnsuw9y
Node 9:
Node 10: 0wtks64 3o4mwj9 8ngy7ai 8tw5ha5 9755j2r ky0j08o n27g7q4 t9vjt6i x4kyp72
Node 11: wqsd5qb
Node 12: pi42ltc
Node 13: 3rl5llg
Node 14: mumfplx
Node 15: 33zluh9 6dtu9su
Node 16: 87qc681 xvznkaz
Node 17: gsqqljz
Node 18: w8as8xa
Node 19: pcf3ho8
Node 20: sc4t6u3
Node 21: eycwphz o5wxp72 u4hty0t
Node 22: 1bpzf3v

Node 0: 08c3mwn 0xp4l9e 7gpgkpm ababwv6 daim941 e74ku6j ktio8hx lu1b0zt mdhrftn
Node 1: c3uzde2 e0ivksp
Node 2: ps67010
Node 3: ib6zfmc s1v6igd ypzw0op
Node 4: aqjpftv
Node 5: id24pai lfeg3tz
Node 6: 6dbgfra
Node 7: 7gyuu3x 9ln9pbb chzciwg dvs3ona f8h17dv il7n30f rz9l41y
Node 8: m1h68h4 s2o7ius
Node 9: oy5dhja
Node 10: eymj1zp
Node 11: g11o0ya uvcyopo
Node 12: gmnb81u
Node 13: yp1y455
Node 14: 0gaovzq ou43w3g qn7cmb2
Node 15: y3ofkl7
Node 16: ngqpshz
Node 17: wijizkh
Node 18: aas9hhh
Node 19: 2b8kg7l
Node 20: azpw7g9
Node 21: 675qfqz

Node 0: 1oc5odx x4qnzgp
Node 1: utl17fj vi6hlw1
Node 2: a6fuq4v yw161q7 z00bcng
Node 3: 0gqceqi 0h8gh81 cn8ce5u mxarf6b szvxsfk tzlxnsc xbvg1a1
Node 4: ega7gj9
Node 5: rtn5eik
Node 6: 1bt1boe 43snd56 btldbyf bxqusar
Node 7: s66d5l4
Node 8: 3kb6d8w jswgm1e m2enck6 seyi578 vz3bcok
Node 9: av5d647 iyf6gwz sq9xl23 t2v4ukg
Node 10: 42lh0z4
Node 11: 4zoogbk euycmm6 i8fm65w lfchyfg pfla1yz pgsdmt4
Node 12: m1r2mtz ywto82r
Node 13: o65mi7t olruopq
Node 14: 116qjf7
Node 15: 3ghm2ny
Node 16: 14cf0rr 2lrogmz 9xg7sm6
Node 17: hpceq06 l93n47s zrropic
Node 18: 7nqxwra gcj7cwf lgcc7y9
Node 19: pjowktv
Node 20: bxo5e4f
Node 21: 1vg0nn5 3pgogqc 9kh32he atxu8s6 jijf0b9 tb7fwwr ttwzss9
Node 22: crm9x1q
Node 23: jzn65ae zxegvtq
Node 24: 12amq1o 2ubskyg j61ioqe
Node 25: 2etjume
Node 26: m67fg23
Node 27: ighilaw
Node 28: sttmfb2
Node 29: 0nl3tdt
Node 30: 2lz5cto
Node 31: orj9g6f
Node 32: lndgbzc
Node 33: 6pp3d8j

Node 0: d82ufp5 o6wb3oo rx9axls
Node 1: 3ny3okn 5z7a3bf fc019au
Node 2: 4le8mqt br8qm2h fb22dse jbw9qqm lbrukxl
Node 3: 4aqisko dw24pq5 wrbfwq0 y89yclc
Node 4: r9tf90c
Node 5: 722q6bg
Node 6:
Node 7: skk4c8d
