Node 0: 79ty4wh zdvbtw9 zoyxys1
Node 1: 0fontzg 17iaiim 2pd0fo1 hxp7iz9 vh9ksaw
Node 2: 1x5yo0n kflpxuz luoxrs7 wn3zr66 y5fawu5
Node 3: cehw6dm
Node 4: eokzex1 geedr2i lxdtwjk rtyfvfd x9dtbdy
Node 5: 8rn1b4j
Node 6: qfpaq46
Node 7: 5t9djgr
Node 8: wfoi3or

Node 0: 0mf51gf 86b90gl
Node 1: 1fklpp3
Node 2: bqxbv4q r9leqeq
Node 3: 5r8irfy mqap3qf
Node 4: a16kbva
Node 5: t55wotz
Node 6: 8k1h0me
Node 7: njgoap9
Node 8: 0sr9dvo 9h2glql a4fs09n em1ekm1 k97gz3n tbkr6ql
Node 9: f58cpjd jc4oqe7 kejitm7 ofaofvd v7h8zvp xt6suv1
Node 10: dnlptrp
Node 11: 63ep86k thtvwsn
Node 12: ssmly4w
Node 13: 0xzzwsr dvti0ki
Node 14: yof0nlj
Node 15: pa2kajk
Node 16: zy4o7ug
Node 17: y3f5toh
Node 18: 5kxnb6d
Node 19: b5aug5c tfozapw
Node 20: j9g22pl
Node 21: gz4rb0e
Node 22: 3pbh74i
Node 23: 4nndevn 7la2fea
Node 24: m7cmyo5
Node 25: tjcbz32

Node 0: tge2ycj
Node 1: gz7qxco li8m373 snvb3ie vdm3jpo
Node 2: 1t73klo 7k4bg4j k0rloj4 m1m98bt ukbmicd
Node 3: bji2akk dp16mm7 ekfn8g1
Node 4: 288p8m5 fylhdv9 gpi6t78
Node 5: m1wv9ly
Node 6: yeaozh9
Node 7: 8ka6koo a9fgb03 cvmj4cu
Node 8: tuhexk2
Node 9: pngguir
Node 10: mylftl0
Node 11: s4lu881 umkx7o9
Node 12: 257qw0z
Node 13: kq1uk8n qxpnk6m
Node 14: 3onewc1
Node 15: 5mq9bro qx8v4c6
Node 16: o4txpaj
Node 17: 99keavb
Node 18: f87jrpw
Node 19: 4g58yy7

Node 0: 2iokdio 454s66d 96jb7sp b99q1p2 edity81
Node 1: hu2kce8
Node 2: 0jh9g90 1l8qbfq 5big8dj 5el89vk 9s9v3kn d4cua2z hftddtw hiehk4q hkjetnj hljq2mn i720fsl jgxfrlz ljm5aet p3arn7r p9385e7 pwlg4hb sxp6zxu t99z7my yekxq89
Node 3: ggzotdr
Node 4: 45lmaei 65zwmlx
Node 5: 3k62qm2 hn69ycu my051e3 n7e7vjp o53gvlh onve046 pahuaw7 qb00kjy steqfps zy4lm9g
Node 6: 98pz4yd igokob2 y5223i9
Node 7: slzxxqk
Node 8: mlwiy4m y7930rh
Node 9: 09ghcqp w1mw6d3
Node 10: 2ou7t5s 4ddlv1k 97zyvwg hvo79n4 orzbgvy uk1pbhp vddked2
Node 11: 4fqly8o oxsw4zs sxq9gys
Node 12: 9o1shau
Node 13: b0s3ceu
Node 14: ueioxn6
Node 15:
Node 16: bsdreyr
Node 17: max2ywh
Node 18: 9sh0uxc
Node 19: 6roa0th nnbn9yz
Node 20: fhs66na
Node 21: x4s6c25
Node 22: 86jefzi gd6cdyb os8mb8v q1zgrum x5isoxe
Node 23: vfr2v0w
Node 24: i04ljkw
Node 25: fsyruvu
Node 26: 32n07v0
Node 27: lv937dt
Node 28: 5bzo4j9 82g71dj a1dppyz e43ux23 r6jjrpc
Node 29: sc7zsm3
Node 30: ddvnj20 kle8hbz
Node 31: eukleqt rdt0o3j
Node 32: 4q7666t ie7zkk0 rssvzmr
Node 33: hgnb28m
Node 34: 7pmo02l wofawmx
Node 35: 5jmwg8p
Node 36: fitnmle
Node 37: 421uern
Node 38: 6lgs0yb
Node 39: 7lt7ox7
Node 40: ec66aka
Node 41: kog2wk2
Node 42: ao1ehi6
Node 43: fcpo85k
Node 44: psmvx9f v7jgqg6
Node 45: 3l8c7r7
Node 46: 0d1tzav
Node 47: eioj35c
Node 48: z6dwead
Node 49: rikgala
Node 50: x8xvb90
Node 51: mmnsknw
Node 52: 918rbt3 tptary4
Node 53: eqq51lv
Node 54: 156t8c4
Node 55: hh0mguw
Node 56: 6v6yyq9
Node 57: ju6g39e
Node 58: 4kyab7f
Node 59: 1gztpk6
Node 60: 3udc71y
Node 61: 4i86g31
Node 62: 8f05dx0
Node 63: nauerkz

Node 0: e79wi8m k3zu9if nljee7b ymluj07
Node 1: 17zeojk
Node 2: gonlq7u
Node 3: dvljo3p lpz2id1 sokw3iv
Node 4: 121g22s 1orqabu 8059nbm cbq0mrv ed5touz eicyx9u qneu1rc rvvkyfn s8m8yet ytdbbgo
Node 5: hfypo9i
Node 6: ekdjp9a
Node 7: 46khz2r 5nnk3vn jwwl8fo
Node 8: bogsqtm
Node 9: r06s0uw ruvku8v
Node 10: l6ilond two1ak3
Node 11: 2ldmmu9 inwuhcr l2y1u82 ptnglp0
Node 12: 0iq3oia asj4ehe fnwujpz
Node 13: rw8g5v6 ywws1ka
Node 14: r8ns4d1 vvya86h
Node 15: 7pgtr17 u37mg01 zapa2aq
Node 16: rlmnhcb
Node 17: 2mljfye 7ld1jds c1mzrzf rt875vf xlkdpo0
Node 18: 1d3bpjq zm5s926
Node 19: nxvok37
Node 20: bop7nch
Node 21: llzimay
Node 22: 79y9s69 th4xxa3 wtzv7zc
Node 23: l1fnjxu
Node 24: 0yvljwm xrd0ddb
Node 25: 4ezs1kx
Node 26: awvh91m mcba0et nmugha8 x8mwqro
Node 27: 9xn2e54
Node 28: fwbc1fn
Node 29: jvvpjma
Node 30: si4zgfn
Node 31: 5aqlpgo
Node 32: xwn2rah
Node 33: rj0yvyz

Node 0: 70h2dzf 8li1lrh cs4lgyj desa9ke ghe9qff iqo573f qi900qq tq15e0q
Node 1: 13w54jf 6pnslqz e3g2xn7 p6y0s6a r2hgf4d snka9gv vrtl3f6
Node 2: 0rhem3x
Node 3: 6a2ou6h vtc59sk
Node 4: pprvh72 wxu6jzs yvb522t
Node 5: 2l4w9bd 8l421p9 t4echca
Node 6: wk4earb zy1c18h
Node 7: qx4xhfg rdykkle
Node 8: 61hi4gt
Node 9: nhibttd
Node 10: 5lcvl17
Node 11: dyjbyex n6qb5gj
Node 12: 1tk77rf 21vgt6s 39sjn2i 5ofj385 8kfxdky g382zi2 nq4tavh oatnxad
Node 13: 137ahri 9t35o4d eyad26d
Node 14: 30m0unp qh9s0do
Node 15: wtgjp0z
Node 16: 3ltqe0k
Node 17: 1l80rw7
Node 18: 8oehfox
Node 19: at9rqcy dn2rd8i
Node 20: ggjfzpk ivwisn8
Node 21: brdpwrw
Node 22: semjk1h
Node 23: uqnr7n1 y9zuot3
Node 24: p8px9ed
Node 25: gewqv0i
Node 26: w3sjcxb
Node 27: 0avjxb1 1awo3y5 l340g0h zmrodc5
Node 28: 7jlk9ik
Node 29: 6wkd3e0
Node 30: aka1xp4 tuphj11
Node 31: eifam0e
Node 32: e4yznax m8jqlhj oei4rpb sfyenbo u24arti
Node 33: xs8ciq7
Node 34: o5rdjvj
Node 35: vfgrfh5
Node 36: wqt46n5
Node 37: tf0b90s
Node 38: gzg5n52
Node 39: fshn57l
Node 40: hgss157
Node 41: jec6vgq
Node 42: 4sutjhx
Node 43: ah7thpm
Node 44: rkod3w3
Node 45: i224zju
Node 46: cqufd0b
Node 47: cm4lfj2
Node 48: ovg8n6j
Node 49: fvapfap
Node 50: 7gzscnc
Node 51: 8wr244x omd133d
Node 52: 2qn7lvl
Node 53: hehnip7
Node 54: mncgri5
Node 55: jxqa0hi
Node 56: dl6uzy5
Node 57: 88v88p0
Node 58: yl17l70

Node 0: 16spmqj 2p4aeuz 55rr0lj 9wfpriy a5qvcfk i10rfrq ils0g5s jeunuar k7s9fzd n0cqjq5 n0oauir n8yue38 paqw4sb sn88xxs vw5v8fh w5d3qpf xn4d6fn yub7uvu
Node 1: 9a8re3f
Node 2: 2gfua52
Node 3: lpz9r9r
Node 4: c4f1tr8 idvzlmq ksiej9h
Node 5: 2usyl7n u3tid0a
Node 6: 7i7z2pj 8gzr7ci b8pujh7 fogjq71 oks6wae trodkv6 wevc8ae
Node 7: aysbo32 u0ovhy9
Node 8: u8knck7 ua577gp x4q9sdz
Node 9: bs2i0wx
Node 10: 5hw8cjp n7wl5uk
Node 11: 65vykkb min74xc o875vi8 q06xd3d zugyoyp
Node 12: 56ry0no ga0kupz
Node 13: u6car86
Node 14: 3z955r8
Node 15: 431nfjk paeq2ig qzg4y1m
Node 16: jxqi276 kh0c40j pu7dvks
Node 17: 8ng2in2
Node 18: h9ulfpm
Node 19: 21aal39
Node 20: jvpmhnd nvnbsfk zmhrkkg
Node 21: g08gr88
Node 22: gxf8kma zo5x7qj
Node 23: io8xqsf oi8id81 qn9g1s2 u4h6jnt
Node 24: oasneql
Node 25: 84oqyb8 r50sr43
Node 26: ck48dqn s2wpnd4 txdjvtm
Node 27: gm3syr5 n8ga2zg
Node 28: ieiheel
Node 29: rhl04v5
Node 30: t9g2zbv u4b2cao vduq8yo yfuabsq
Node 31: ffwb6sl
Node 32: 6pfxff9 cvdfb3q
Node 33: 3niy960 m1ozcp3 qc90fm8 zkibu22
Node 34: pze5ya3
Node 35: fvfgj5s
Node 36: 6a97qx7
Node 37: d35373v
Node 38: hnjjcjb
Node 39: 0t35nvy
Node 40: nch03s8
Node 41: 2mb8p4m sle6xg0
Node 42: 389iusc
Node 43: ljgtwpx
Node 44: opafmub
Node 45: tncalbp
Node 46: kr0n2zr l7yd1ah
Node 47: s25fhsp w5vyzom
Node 48: g32il29
Node 49: 6w7us87
Node 50: qcxa3dz
Node 51: vlt7w65
Node 52: nn27xeg
Node 53: jwbfhgf
Node 54: k17h8hk

Node 0: n9iz3ka
Node 1: 4yya97v 6onw7wu fm382dc izd9unj kc2k2rg kpxeufj n92q82b o1bples p6i4jby r9ooqv9
Node 2: 4zeyefc 5ah25bc 6r6v733 8rwrsoi it0xl6v j5ia0v1 pq9e3xj qxvhav6 szewoq1 vdi8td1 w3zt6bc x2pojla
Node 3: 3r5kdce 9uftaia cvdyant iqfdsq9 ky05ov9 q81brq6 xqv24ai
Node 4: qq22dn0
Node 5: e9r221j
Node 6: sruti01
Node 7: 07wu5qu 733imo3 bm5kdqr k53930q otte373 sssgvrt tlxzpuw y31kz0d y3gicj3
Node 8: 26ex1yo c573ymf w90k2be
Node 9: cvc3nk1
Node 10: xdqy0wu
Node 11: 02fy5oq 4800qru 5gdqo0w 5h4sw9n m7o8vn5 o4lxgqu
Node 12: 5i45wky 84s0nm5 i61nzks mouicma vbbx6ch w3tj6zk
Node 13: 6r29uih gcsdl8a
Node 14: cuq94vv
Node 15: i7y8zvl kfoncjc obwdvog
Node 16: vek7w06
Node 17: ohe57av
Node 18: 8dsht67
Node 19: sxjco4r
Node 20: bim5f7n
Node 21: ubi2e0k
Node 22: lkijeu0
Node 23: wim4v3a
Node 24: 1tt9vja uapy6js
Node 25: pl3it0e
Node 26: chifux7
Node 27: 0k30ebs
Node 28: skz2r3f
Node 29: mwuz0nf
Node 30: sxeisbu
Node 31: 0y8fj79 67n1w9d
Node 32: l75nz1h n5nwp7b
Node 33: t21da86
Node 34: e4xrsei qloxl1b
Node 35: 66qatik

Node 0: 1o37b1l 2xjfix2 7es5ag2 7y7vu6t 9sstnbb bn0k4af couzrxw ekvpqm9 itjbffo mtxncjp sgytdv4
Node 1: vomrorn
Node 2: kdbgca0
Node 3: 29ejxgd n9ey3xg
Node 4: 0lvvi9a cv8d772 fmg2zgz o2zz8jo
Node 5: l0d4mdk
Node 6: 3h73s9k 5khjl9t a8pv2t1 otggen0 p6w0uw8 qc1fkcu xn1ik19
Node 7: 5jjscqj
Node 8: 8hbzwnz
Node 9: gyz4joq
Node 10: x3qg4qv
Node 11: 3goplpz 7nhyzlp 83xuion 8lpal9v fqekn71 itm6bjd plu3i7q z6hf5hv
Node 12: 7otk77i a562fyf dqramt7 iyujmyw uoe8391 y8qsqlh zg8azgc
Node 13: eyy7pcm
Node 14: ub1dcvn ula1h0y
Node 15: u8gzr3g
Node 16: 297ekp9 4zb4y7w l1r77li l2a76zm oxbbviz sv6jg96 zj94tfb
Node 17: 308n34e 3e175sr b32pkw7 b7yukz6 f5nfpd8 ic38fm8 mdflxt0 p1m1zaz qapmu8z rpvp2el swfrm3q
Node 18: jvbdm1k
Node 19: j2iz4yj
Node 20: hdknphh
Node 21: sxsijjp
Node 22: 5jyrgnv uqxpo4x
Node 23: 0abdhe7 0wzhu3z 13l6jb8 1a8leqh 28av24q s02le74 wf99cts yirchci
Node 24: ihc6w6o v6cu8bp
Node 25: cpmohk8
Node 26: 2giqbbs
Node 27: 02hpa1p yon58h0
Node 28: jq5buuf
Node 29:
Node 30: 6o257ik
Node 31: ta1z0or
Node 32: wkn86cc
Node 33: eio3r46 lu9idsy
Node 34: 1r5jd68
Node 35: 0ylcphi
Node 36: zmbhraa
Node 37: j5r8qqe
Node 38: ctq7qhn
Node 39: n6unjdw

Node 0: f3vi87h y06ylg9
Node 1: nukvexp
Node 2: ij0xpuk kbdwjsx sw8drqa
Node 3: 8i7y71l lftzpkp mhb5pd9 ngwjhec s6yk7yq szuxba2
Node 4: azv4n36
Node 5: aoemz2r bveki0s c85fntz
Node 6: k874fbl
Node 7: 9s7bh8l c3v5qug k9w4lss
Node 8: rxs07fv
Node 9: wh2yabz

Node 0: ha6l3a5
Node 1: 1u57th9 x3rnsgb
Node 2: 411gikd 4fb59m8 5yrk61f 7ifowgt bkswrim dkuiq13 epeaiak f0u5b70 idpzyq3 lbug7fx ldomdvh pmgpl9n q8st1iq roim7h2 v2cdweu z5dlbiw
Node 3: 0r2dss5 mqqyuv8
Node 4: 0at0usl
Node 5: 93bjun1 n17ad08 ppb3v4w r7ga9yd rh7lcwi w3eg8xk
Node 6: fkhe0lq kck4l27 r97xclq upg3t5k
Node 7: 0hccy77 21j5j1v 3ksq1yo 4qgtlgl dgn4ia8 dtvox4q f0t5z64 kgdi62e lrdrxbl xk2uafp xtfwecu
Node 8: ycvwrep
Node 9: 6nzcq43 9e6hy26 dd2jf41 exys7zt gs3rtov nc8rymk oou73ym
Node 10: 711u8wc mxfhyxz
Node 11: 7f7611f
Node 12: hnju735 wog31ld
Node 13: 9t429fb mkzx9rw ujj09uq
Node 14: 1iwly8x f5542rp injzuo3 z5cwtbr
Node 15: 55elxpe 8fck2uc 98gks3u
Node 16: 20yxhb6
Node 17: cqne2am
Node 18: 4udnhf7 cxir4jy migda76 tdhnzzx zhjnpeu
Node 19: b4c8lxz
Node 20: 17gry2c
Node 21: guwpyg5
Node 22: cq3bwby
Node 23: 3kuwux4
Node 24: 1ob4v5q
Node 25: extr7fr
Node 26: 1sqem68 cnp2q9a o78n1jg
Node 27: qxbsnbr
Node 28: ffi7hcn
Node 29: p2b1rtr pn9d59x
Node 30: btxyroh xxsrpjx
Node 31: 619020d kdy9sli t7tdoq6
Node 32: 17mypky d0zkzom
Node 33: djdzo6w
Node 34: 5a76hd4
Node 35: msq9s0j
Node 36: hcdvh7j
Node 37: zww6o1x
Node 38: hho94fn
Node 39: 9l5vbxl
Node 40: 9a64p23
Node 41: b9l7jza
Node 42: dceb87x
Node 43: 5tve6az
Node 44: rf0rnw0
Node 45: tejgy3j
Node 46: bulg6ty
Node 47: dto6xr3
Node 48: 79tgyxh
Node 49: d4o9lx0
Node 50:
Node 51: xcj12dq
Node 52: ilr0d1a

Node 0: 63uyr7x 8wm3f61 950rraq f6z88fd jfmn8n6 mwx51zp pb6hhmg u7vrcgq xow1tyy
Node 1: nweudh8
Node 2: 2gkg76a 8klmivg b9hxskh f11a9jl n1fn64d o0msnff y2zo2qy yrka5uv
Node 3:
Node 4: 9rsvycw
Node 5: kewd681
Node 6: 2n7lx7p c2898dd d3q8hvq e9xo8lr rjipj94
Node 7: 6wcvyqe
Node 8: jk081g0 y5qhxc9
Node 9: 1jln7bl c2i2bsx rcjh7e6 u6shib4 zfo9bt5
Node 10: 1oe8af1 8np6qoy jxptdby og2e04s uok3p7l xzzwd9o
Node 11: cq28d0v ne3xbnm styoqkn
Node 12: akiaphr
Node 13: 8v5ur54
Node 14: dau9cr1
Node 15: 30lcgzm
Node 16: k6y8bqb
Node 17: crsm1qx
Node 18: 56a4q6k
Node 19: qdre9my
Node 20: 8kpsew6 8y94so5 geq81d3 melzo6d ra0zscc v55ocox
Node 21: cmt0b4d ddxgu9z ex6adfm
Node 22: by8zt3d
Node 23: aspbbl4 sfzr2om
Node 24: go9l20o izmrne5 wzb98mo
Node 25: fqh92qz
Node 26: 0daqsjb l54kcke
Node 27: sijwetn
Node 28: 0zcs0o0 b7icuji cbfjux2 grz0vm2
Node 29: cdv2xib
Node 30: 4xe66rf
Node 31: f5ssrhy
Node 32: 58ctj42
Node 33: 2uei98t g5nzklc
Node 34: xnihajw
Node 35: h3g93tl
Node 36: 9l6l1my fsupx33
Node 37: nr3xmpt
Node 38: zr593qe
Node 39: rsprork vbog0mo
Node 40: 5z8917b dqj2uab h6acaym q69j1ch yilvg53 zdnpjot
Node 41: 9hnvwzi
Node 42: aopc7rk
Node 43: dqnruwm
Node 44: h6od3t7
Node 45: relm3sf
Node 46: 3mfscwl
Node 47: rtx8hyn
Node 48: ydwyxyx
Node 49: hbvqeg9
Node 50: u04c3jd
Node 51: 7yddw27
Node 52: d91yp7g
Node 53: gutxp0p kucpcyn vs1nsx8
Node 54: 3j6hh01
Node 55: 1ohssqk 7x3y1fc
Node 56: yeippw1
Node 57: k5o48xh
Node 58: s0k6f1n
Node 59: n0ksvla
Node 60: of835fk
Node 61: rtm9v9a
Node 62: w0tx4yc
Node 63: nu4ku3y
Node 64: 2oe0npb
Node 65: kmn4you
Node 66: 5e13opj
Node 67: kipoe13
Node 68: efow8h0
Node 69: n5pjntb

Node 0: 252lq5q 4ax26n6 7i42fdh ms9urtm s6ascwu v8aaawo w9o5959
Node 1: 0luj83o 3s4tjqm 4gogdv0 6xifbsl 8my20y7 90wucgo auphp7d dx3xajp f8fkj17 fdbcsw7 gnhr3i8 gnlgsl5 hxoh0x4 ixqk13n lvfhfy6 p54i1qp t72pgsh usu8o4q vas9g0c wdpt5xi wxzv2b7 z4gzyuc
Node 2: b7w80iz c58jbkn expbbnd fwkyfhx w3ypbls
Node 3: 1shyiil 4m3fnok 572xnbf ae6o7mt c7rk24q dtjrhqs mat9omx
Node 4: d258ljf
Node 5: 4waarsq 5vrq02v 6ba669w f7j73ms
Node 6: 6uqpeac 6xvmoyi jfym91y
Node 7: 2ua2ub8 w2k0tlm
Node 8: qsvjn60 srdon22 xqo6ava
Node 9: 25ulkde
Node 10: navq5x5
Node 11: exae30o
Node 12: f6obl3l
Node 13: 4sjz31u
Node 14: hmxsfc7 su7wxfj vr04wb3
Node 15: iclc8o8
Node 16: lxhsqj2
Node 17: pjrtbu1
Node 18: detpj2q
Node 19: q9y26qs
Node 20: 3gwy66z ojrajhu
Node 21: 1iu16j7
Node 22: nwj0uae
Node 23: ltuby68
Node 24: i3di5kj
Node 25: ifi20pj
Node 26: mh8amxy
Node 27: p9vc3qu
Node 28: j3zhe4z t6zw7le
Node 29: i7kg1e6
Node 30: m3nw5ry
Node 31: 9eaiozf
Node 32: ua9v7aw
Node 33: cax29yw
Node 34: 34mjxmn
Node 35: 24szcy3
Node 36: 9cs2u38
Node 37: 5nx7zxw
Node 38: cxe8owx
Node 39: 7noksjv
Node 40: asvp7dk
Node 41: 1322boe
Node 42: pvrbcr0
Node 43: j3xvx2l
Node 44: aqrgcuz
Node 45: 9bsfq4a
Node 46: axd5h2c pyyepxx

Node 0: 02gm0oz 4clqnb2 5hxwhzb 5pvdokn 6sefjg3 7oyz15e 8ww71z0 dwgrzg4 f4ge8ho hs29pr9 jvvqmrn kjwx7zn kywo7y8 loe4lfl omcp575 s2dg51p v08njq9 y7kgrmn yc6yssq
Node 1: m2xq5ie
Node 2: ts3qtqg
Node 3: 315b7kt 8tw9rty aay3h2f f08sfmt fvc51c3 utq2sl8
Node 4: 1eu74ex b41io2g baij2sh jakat02
Node 5: 3wp1qtq jonxn3q
Node 6: i4nj6is r8l9t9a
Node 7: 0sq9c9b qwsgydr s6gk2ls
Node 8: tnaupkm
Node 9: p6db4vq
Node 10: 1pkk3u8
Node 11: vfdxx5d
Node 12: emv7b2b iizf8f0 nfqju7k
Node 13: wr1i94n
Node 14: 8ovdwz9 bbhb7ch d7otk4e fefd9pu g6luvhd mc9vjxa q8a1fiz qderhln trfwaon
Node 15: cblcbtt tfo6fu6
Node 16: 17didym 7ocguk5 mzys4vd uk3u285
Node 17: oyd8hwd
Node 18: 202hoca 6298gsj m4dj2aq
Node 19: co9mvvb hl16lme lug81fd p5pf6v8 px0ooff s0cz7w5 usxc49n xy7zfij
Node 20: vys9tj2
Node 21: ty3091u
Node 22: eusop2s kp8lb0b umnm4g3
Node 23: inxl3qv
Node 24: z4yjabg
Node 25: 1f47fvc 7g0c6zt
Node 26: d92e29f
Node 27: 2vy5z4k co33opd tbwdolv
Node 28: 8shh0sx
Node 29: odwaaz4
Node 30: jcmeq1c z3p0gj8
Node 31: x4uixxf
Node 32: n6cpvks
Node 33: 62a5ou9
Node 34: vzgclw4
Node 35: 36r332p 3o94a2t
Node 36: 2kcew88 uzf0h83
Node 37: dzgz0n2
Node 38: maucf1o
Node 39: rt67xjw
Node 40: kkj0ovt mdw8xip zgcd1ka
Node 41: 6cjammb
Node 42: dde4151
Node 43: oae9dz4
Node 44: olitsmh
Node 45: 74z00jn
Node 46: 4oyrpue
Node 47: 02eav4l

Node 0: 1krgp69 5hnzztq 9oh963f a89ytlt i7r0wrp nox5kbd qgmsvsf uixk41m
Node 1: 01pjjvv 1dcj2p6 3e6e26t 7dhvcbb h7j4p1h np7ue1c semsy5t t6pjaa4 vy2wf5u w85m33q wtnd9q5
Node 2: hk145pf
Node 3: naoogxg
Node 4: 3lfle3t d5nmfrd hto2tqq
Node 5: ai246yh pe27u91
Node 6: ljrmczh t9p363h zvlqvk6
Node 7: 2kb3kqw 3lb1piq b3aby2p c3nep4e cbiz1j5 g83n3ty h0kef9z juh3hn2 xfzs2as
Node 8: 4cwklzt
Node 9: g5nash8
Node 10: 2nutb7c d6a1f8m
Node 11: 8nutkod
Node 12: gclb7ck
Node 13: gvmhq9j
Node 14: 16uewab lhhhe0e mn88jhz z90nu4f
Node 15: 25p51rv 2vrb0ih 9gd1g5k ewqh69n jryonyg wgbjy4c x832p0z
Node 16: acagfad kl0jyq7 md2wau0
Node 17: 5czimos 5lzb6i6 p05ojlo
Node 18: 06z0jq6 2pvbpt9 96ns2o8 g0t7f2f kdzcw82 mldhgal up58un2
Node 19: i5gd0sr
Node 20: 1t8z5z1 4ugsbfe
Node 21: 2fe8o68 esf08zq qczei68 vv3hrhp
Node 22: g3jlcl9 raa0dte
Node 23: 23lny9o
Node 24: pyadp7e y8307s0
Node 25: 0zveb9j ok4f1go
Node 26: fthot0k lrnctr3
Node 27: q6c79ip
Node 28: fxtpof1
Node 29: w07m9ue
Node 30: 8lp8jum
Node 31: forz47a
Node 32: bjtpbvp eg8wz7t
Node 33: yynlkmx
Node 34: vaxibyf
Node 35: 74qfbb1
Node 36: 1vvpu9l 3rn0wgo
Node 37: ebletx4
Node 38: wklun0x
Node 39: fs555pp
Node 40: awbqsa6 fe9dz2b
Node 41: lolh90i
Node 42: 8cidk6o
Node 43: t8n84y2
Node 44: z190kzf
Node 45: q3cvx48
Node 46: e6vceve
Node 47: 6kcmo71
Node 48: wsqvaqk
Node 49: z1hexin
Node 50: u02lp9b
Node 51: 6hgfpor
Node 52: 9jfh9es
Node 53: 62gsmt7
Node 54: xj5dn7e
Node 55: j2ooqs7
Node 56: gtkj5o4

Node 0: c4u8nmk f4piuzn ldksiv3 n0jtyn8 u3segv2
Node 1: 30wj19h 3pnf07d 3rqbn07 4xov0fu 7gj4r4z 7sl0zyg gs5i7lq ivipid0 jot20un us860ee v3k8a9c wmlv3e6 xv57pd3
Node 2: 5bsx4nh 8q539pa pci8tmb vvsaq37
Node 3: qmufi84 s1r8nzy
Node 4: 68slqbw iroxldl rnuxokl
Node 5: r46tgpt
Node 6: r9mc9cu x2qz7v3
Node 7: ilxufnl
Node 8: 6u0imhe jr22leq
Node 9: 4qn4x3v 5ktbbpe 7y77y8d jf8oooa l221syd ny7avps
Node 10: 23bg1g6
Node 11: dn0d1n8 qhn7afl z7szstw
Node 12: 2llo6ws a0d5rxz c1qrz70
Node 13: bhzyycq
Node 14: azkhaob
Node 15: lkxa94p
Node 16: y28z0g0
Node 17: 80cavhk i3dydq7 njphsks zcoa8dt
Node 18: b0se7wq
Node 19: crrs692
Node 20: y9ijrsz
Node 21: 52czy1q 6o2qhux 7par6gz
Node 22: 9fnkjel
Node 23: 4p2xbpu 94iz8k5 d95i0ox t0bnb7t
Node 24: 639koy8 mpc8br6
Node 25: 7jrtccw j9388aq px2mddv
Node 26: jyl6jh5
Node 27: uuhfi8m
Node 28: k0e22hl sthfvht
Node 29: 0tgkp9d 4d8gse8 a8tivzy
Node 30: 8hb08sp
Node 31: gind04f oz8qy2y qanqrnz ujvwffo
Node 32: 52f0jjp
Node 33: w06yz8p
Node 34: 8yu1bmd 9w2kqx5 eajjlh5 i6a0y02 nj8oct7
Node 35: h3rka3p hvq4ifd
Node 36: 23jtbxh
Node 37: yvtua1u
Node 38: 5fe0qeq
Node 39: z829hdy
Node 40: o63rmvu
Node 41: 6ey5uje 6i3x8s5
Node 42: 073xurk
Node 43: mn1j6wr x42nayu
Node 44: kj1tplo
Node 45: 8olha31
Node 46: 96xx9tm
Node 47: xtk9q8i
Node 48: vrbfdgv
Node 49: 0qkvsp3
Node 50: e3v31jv
Node 51: pxasior
Node 52: 2pyt2xu
Node 53: 1s6hydl
Node 54: omqop4r
Node 55: wc0k55o
Node 56: z6h1p0l
Node 57: 7ghhx4b
Node 58: 638j7n1

Node 0: 24aot3t 6q9y42o xhimq96 yb84091
Node 1: p7q0bfk x6glzjs
Node 2: e3dpj5z
Node 3: uog8zez
Node 4: 44vnyki 8f46qyj nwov164 nzy11rj
Node 5: r3smlc2 usn6rya
Node 6: 2yfvy4l gf9xvm7
Node 7: 209h5vg q0k3zdd wyc691j xowitl1
Node 8: ukmzmwz
Node 9: jrc7sk7 v35k7wk
Node 10: e54up01
Node 11: f87rtvw
Node 12: 4bvo3l9 e0sycgt jxe2w5j ujygtst
Node 13: viovwzi
Node 14: 170uxiq pu85lzp yaq7sgj
Node 15: 1ofm1b5
Node 16: ir763rc
Node 17: gkwi78j
Node 18: u31j7ki
Node 19: v4nmqxq
Node 20: 6b6l6gv b1qh1ua
Node 21: xnf0fcb
Node 22:

Node 0: a1fub8w numy7dc qm1lij5
Node 1: 12nlnw9
Node 2: asz46f2 naphhwf qa96t5p tfwtckr zeoc94m
Node 3: ockqg2w v606xj5 yfjdel9
Node 4: 72vadea ad9p834 deoznq5 f5ilq13 jr88p0r s5js92e vnb881u yr7l54l
Node 5: 321ygqi 4ad2r9v 9447z0m kvlmbc7 qa9jzix
Node 6: cle78lo
Node 7: d7gbjmg
Node 8: 8oh2pmp avwdsje dhtnpqz ndr5ylc nmpdcl0 oujzf8l rmk5zwo
Node 9: xqulvik
Node 10: ux93o2j
Node 11: dvek3tu
Node 12: 29c1ghv
Node 13: w6locn6
Node 14: zt85x9b
Node 15: c3ltapk cxkhmm5 f50q1hf
Node 16: 03no4cw
Node 17: 2betkhk kuplic5
Node 18: axi6wfv
Node 19: g8adi9d
Node 20: 1q04a23 fb1ptzp j6m5tip
Node 21: 7g2q62e
Node 22: 0ssrre0 ppz5vmw ufsft83
Node 23: 28qgbmr sj8rs0y
Node 24: yrh2mbi
Node 25: 7hqpu8r
Node 26: z97cvf1
Node 27: zruv6hu
Node 28: v7bo22r
Node 29: nzxklfg
Node 30: hk9r83r
Node 31: ohpv025
Node 32: c2m88zy
Node 33: wzjviq3
Node 34: 5vpu4rp
Node 35: gqovol0
Node 36: ubr6wga
Node 37: q1d2oeg
Node 38: mc1u3nv
Node 39: lp0xk5x
Node 40: 8mzxfvg
Node 41: zgm57w0
Node 42: gr5bm55
Node 43: j7jungr
Node 44: j06253n wcf5t3u
Node 45: qx1inme
Node 46: r176ym2

Node 0: fpe7qhh
Node 1: 2drm848 53x7ond 5tba1n0 63zz442 664cefp 773a82i 8m2e0kp 8yeutw3 9j3y91d d6nv9ce fbo69gy g2znf0x ldhr3th q59n4w6 tp9wvve usii46a yfv366x z6o3rkr
Node 2: ehucvb2
Node 3: 8eket8w
Node 4: kbsfevq odp06yw
Node 5: jne9arh snbjz9g tam5rb4
Node 6: tmlour3
Node 7: r0qhwb8
Node 8: ni7mz72 v54uywk
Node 9: chvqsra m24fa4n
Node 10: f7qd4ly
Node 11: donhxnm qh9gwen
Node 12: pg7uqt9
Node 13: zkzxze8
Node 14: px077zx
Node 15: 5s13nv2 8oyd9lw k1qhesl soyby1v z3dfddw
Node 16: 4yenavp aqwbuhs
Node 17: 3jk3crh
Node 18: pfk1009
Node 19: w24zsgl

Node 0: 1dhe6hk 6tennvo 93b5dxc hqrxgrh i1p92iu idrzwdn mnhrnkg rlenw1z ro2a80k rxnmne4 v570amt zrugkff
Node 1: 3ulwj7r 7jrk9ef hesdvx2
Node 2: glgkcfx izdo215 sop78cr
Node 3: 57nlyhc
Node 4: 4rgnrj6 hfepq7z kdeg70a ntvg9q0 og09apg s6ujucb t85fxax
Node 5: 3shkupb
Node 6: 5vk31vk
Node 7: 88lrznl cpikvr1
Node 8: 835oglf rgshnhs
Node 9: s5q3eja vxaqmgx
Node 10: dkmii48 gohjzgk
Node 11: 4h4yxwd 4k748ho p9y0wnh spbxxbg
Node 12: krw0uob
Node 13: eakas57
Node 14: 284frbs
Node 15:
Node 16: nwf87sy
Node 17: oik2e0d
Node 18:
Node 19: 9g1uhl1
Node 20: qy13msk
Node 21: sdmx9xj
Node 22: a6ckgkd
Node 23: yzrd3lv
Node 24: 3e99ocb
Node 25: 79b9c6u
Node 26: u6thr5x
Node 27: 2n1y8n2 br9nevm gpa5i18
Node 28: en73gtg mbqqeoe
Node 29: 8qq9f5o
Node 30: rvmet5o
Node 31: bmxci46
Node 32: 0xkq62m
Node 33: liqjuwp
Node 34: 0lkwx19
Node 35: 4qadfst
Node 36: gvugyx8
Node 37: 5gljhbl
Node 38: 6703e9r ngxz938
Node 39: ux45qjt
Node 40: xohxpob
Node 41: ckgittm
Node 42:
Node 43: roq7v1i
Node 44: s7bbgci
Node 45: zmmq70w

Node 0: ired3qi
Node 1: dk0eyc0
Node 2: e4j8vq1 ge5hl2d hswrf3a qmjylay qz1qvby syw7p4m
Node 3: nmwf3h7
Node 4: cywv8ax
Node 5: 94kkiif
Node 6: hwft9tp
Node 7: 00yjlwl 4ng27zh
Node 8: r1dfgrp
Node 9: uy4pu31
Node 10: lzcnuvy m8jydgo
Node 11: sc3pbtb ts5dljm uvrsrp6 xbl2i8r
Node 12: gvl3nw6
Node 13: rhgf317
Node 14: 6m41nkj d318p5a
Node 15: e6ebpj7 hk10xio lido42k m6l2j02 poqcmgu rr76y7a
Node 16: 0sa9wlg icx4827 kmby2zk q3jyguj
Node 17: az4d110 b1e1bct dtc1gno zkr4qeu zx9k1wf
Node 18: xmxltwq
Node 19: ms5w5lf phkcgxe
Node 20: 15jbz2c
Node 21: vqlt8vx
Node 22: zq8inzg
Node 23: 0q0ofpq
Node 24: xijr04q
Node 25: mzticf9
Node 26: jw4unvk
Node 27: 3ecs27i ud11lj4
Node 28: ynutgi2

Node 0: 8rg278g
Node 1:
Node 2: 62ydw1g rww9b5o uxzh0bn z3bugvb
Node 3: 5zbgnlg 8a8cjcw

Node 0: 5z262uw 6frfwa6 lcuytab vt5bbin xz2viid
Node 1: 2hg5u5c 3m40o5r bxcpai5 c1k0g2z kofrbxh ou7a4mq syvt7xe wr7hdp3
Node 2: hzlqnz8
Node 3: fuqnhrd ojqqj4k
Node 4: mryx6q0 oxq9out
Node 5: c9y4f1d fvqrkl7
Node 6: 3ikafiu
Node 7: dgvl68z
Node 8: bnfqy8n htslyjl
Node 9: aoi49ky
Node 10: 19lhp5a ko36l1l
Node 11: fte3fty
Node 12: rvuto9x
Node 13: bpvreid
Node 14: 3wmmtpp 4824vy9 849938z 9too2nu dxag70j gg7ink3
Node 15: 4eoc5dy jv1nt1n
Node 16: 0qhlv71
Node 17: 1940so3
Node 18: h4n7e74
Node 19: 5ely090 ftsys1s
Node 20: d305kha rbvi4sm
Node 21: 370iz3v
Node 22: w7zvx9m
Node 23: 81r6b9p
Node 24: 5w38hdm f77jjlg vjbdwa0
Node 25: c5uesvc
Node 26: bvat9n9
Node 27: hebfjxv
Node 28: jp0jqai

Node 0: 381sfj3
Node 1: 5xyausf dlqtse8 f315rks wu9k1bs
Node 2: 0156pw9 33v17mn 42ychz0 edfz97o halh51a ihwzheh lx98su3 p8zithw
Node 3: itlcg9g jkszi2a k9ikwfa kndxvbz v3ukxzs v9xbtvm z39bgm6
Node 4: 2xj6zan
Node 5: 1kirrt9 bz64nqt ggy6bbk ipodbqh k9u3yyv lnpt4rd yywnh6t
Node 6: hh45bjz
Node 7: 6ntt674 bsn7uzl e375xe4 pbi4myb znpynqu
Node 8: 57jzb0v
Node 9: 4zb54s6 519c22e atcygnp dm4rv5t
Node 10: 1szmto2 21wcfwf 3iofow5 6g4rsfc clc5r92 k9i51lr m44u7xn r7sae8b rsrznkt z904zwq
Node 11: rrgmtpk
Node 12: y5zdrr7
Node 13: 0svxrct lkgz8k4 ohjwk84
Node 14: xqi3f1r
Node 15: hpcta99 u3dpvzq vm0uv1e
Node 16: 8rqkeja
Node 17: tbpusfk y6nzbjd
Node 18: iepcwjv jspnuzs tmjb1mv
Node 19: 35nbcg6 3l4p9yx 9xyam0s mpymkoi te1hrac
Node 20: 51zvphw
Node 21: 1wbdj5e
Node 22: y5r19gg
Node 23: rig2d35
Node 24: umds73x
Node 25: ne4t3f4 nmcdwx4 s0f4jky
Node 26: 4j6owjj
Node 27: q1l0k29
Node 28: 8btx5ny yurd0ut
Node 29: qh25e36
Node 30: m7uaapk
Node 31: m6xhhna
Node 32: 46pe1tx g446yck
Node 33: wtg6j9e
Node 34: t368xxo
Node 35: bqrx0dr
Node 36: tpc5kpl
Node 37: n1v4uj4
Node 38: 02ia0vo 8sn0qot uv56lll
Node 39: 9a3344x paghiah
Node 40: ox5a7y5
Node 41: vvo8f4f
Node 42: vtecig7
Node 43: 7rmuqlm
Node 44: su6h6z2
Node 45: md5qj17
Node 46: f0cdiaz
Node 47: kljg7ua
Node 48: fidfehu
Node 49: j9m43c5
Node 50: ck2eavb
Node 51: crxjr9i
Node 52: yl6126n
Node 53: lzcq6mh
