Node 0: kdcs1ka r98guvh ytdgdtz
Node 1: dhli4bn
Node 2: 6weeaad wsj0srz
Node 3: 539yh0j elcliyw kufsc8i
Node 4: h3opxfa
Node 5: 826yjwn
Node 6: 1ob9eir 9xyu5yh hkkutqd ivanb3z q2lbnm8
Node 7: 0i7sgx9 0pzs85h
Node 8: woh6v4t
Node 9: 6s06rkg
Node 10: js9qodx

Node 0: fqaccix
Node 1: ew3odts ziqoc50
Node 2: 345z8rx 8yarkxc
Node 3: xyiisgb
Node 4: 9iqz6lr d3iqejk gk8tyjm r7tivjs rvf92pr
Node 5: 7gctxhk
Node 6: iowa21h
Node 7: 1fja3np 1xd2aw6 2075q6c 53lzsxt 6tlvrwb 7f3tnkz 9kq8iof cpn4xx7 frk2i78 g32qywn hr3jkya orz8vdf tm6thuq w0gyusa w8e76wi x3nwbrn xkbrbzg zxos8uo
Node 8: 5llilvy 87pey90 ctt3l0m h72n3lx nv9prf6 qxr6hnj s52sni7
Node 9: 8m81fg4 gme3ibp nn4h82j rtuelb5 yz9i428
Node 10: cba5wq9 cozl0n0 et5how9 hqgp0rx nmjocsp sv3316l
Node 11: 17p5jvz 6mprnzd 9qidnmg dellrhq
Node 12: 5w0hk1d
Node 13: 14e14hq ik1fzzy jly9gko m2p1fx1
Node 14: ltw79i1
Node 15: y7r1h7n z5ts1rb
Node 16: ott7of2 ynr3eaw
Node 17: 1y0wb0l
Node 18: 4vvcx7i unla8is
Node 19: khqvvf4
Node 20: 2a06jat glh08of hl4sm1z
Node 21: bm2xvhi
Node 22: qh9qlm7
Node 23: 6f4ugvz
Node 24: hqgftum
Node 25: 4ktv4j2
Node 26: qpjhltz w4sk1b5
Node 27: gy5eicy so62od9
Node 28: 893d9t5
Node 29: 30m2crs
Node 30: 3yzw1d3
Node 31: cg52ckx
Node 32: bu8bn39
Node 33: 0ak85bs
Node 34: rq9bwvn
Node 35: n6ew7gw
Node 36: 28fwet4
Node 37: i6ooxm6
Node 38: kevhg59
Node 39: 3n07k4i
Node 40: 42wq5y4
Node 41: j71lq9r
Node 42: 3rczpcs
Node 43: 94wvzaz
Node 44: frmhldh

Node 0: 4ix8imm v4sb8h0
Node 1: 5dam7u9 eldjvg6 n1f7kfv
Node 2: m6y31ft
Node 3: h2lfkg5
Node 4: 4l4gvzf
Node 5: f0toecp f5ququf fmapy4v jb9fnky pohwgb2 z7wsw3f
Node 6: 7lz6gjm g5jhf9q
Node 7: 79ot0ij 8cz8s84 adilu2n li4hbtc
Node 8: hv3vvkb
Node 9: 464dq3m doax9zj l4eplqu l9h45cs q382gnp
Node 10: 0vhoyct gp4rp0j n4v6xkm w7r9dsj
Node 11: otpxrml
Node 12: ol5cvht xliq95k
Node 13: 34v3ecn zk29xrw
Node 14: 84hf3ea
Node 15: 3f093l8 ccdo1nf
Node 16: j3pt5d2 owm0jws
Node 17: i8alh2v j7fa9oz
Node 18: 4jlhlu0 69dq5nl 9595zqa ii841if jobqdbu kotpn6y ywrw0i4
Node 19: x3f5h2p
Node 20: lfkg2es v9f0jzj y2enrb2
Node 21: p996q9s y7ohbo2 z83y88k
Node 22: xogze54
Node 23: 4t11ob5
Node 24: si3zamr
Node 25: fsftmso
Node 26: 89u0egs
Node 27: 3r18pv1 8c0mdas cgz6xq6 vy49rp0
Node 28: n4cueuf
Node 29: 4fhd9gt
Node 30: xkv2o3a
Node 31: hhf32mn
Node 32: 0zo8iys
Node 33: fpkeix9
Node 34: bzzqcrc ixq63va k6ri84h
Node 35: 2y82p90 pikqz05 z2oyo8k
Node 36: 8lw4iph
Node 37: 52yrbyi rmiuzl0
Node 38: anwmg3v kk4tege
Node 39: e66dngg
Node 40: rj6ihl7
Node 41: cidard4
Node 42: y20xgk4
Node 43: vvh2fb8
Node 44: g3xoaif kjwravs
Node 45: 3r31ab4 b3mryn6
Node 46: aa7jgqx
Node 47: 9m6wzc6
Node 48: srmnq1d
Node 49: l0zha7f
Node 50: qyb19j4
Node 51: spcotzu
Node 52: nh7vdry
Node 53: mfc2flh
Node 54: y0u0fpe
Node 55: iyuhkd1
Node 56: i9iwnsw
Node 57: z49le8k
Node 58: 1it1ly1

Node 0: 820weuq awcg8ym cmjk92b juvwfrw ulvfm58
Node 1: 5x0fw2s cuujgvc obuooi1 xgspned zvjcg3i
Node 2: 5ylfnry rfxjexl
Node 3: avjup24 hpmh4gn r1bmwjr
Node 4: dw2y0bs

Node 0: wcxfa0e
Node 1: 0957vdq 1z5avat 2w77jkr 6xmfwuv 9d8vvqf aroeinh c3dl2rb grrg9s5 kpgg53v njknaaz nkbybf0 qac2kuz r0lu23b r8oww57 rhkx8n0 s9l77z9 slqxpp8 tn23iwf v4t2jv7 x5uy457 xkhp24n
Node 2: f0a1mn2
Node 3: 1d2nskh 26fw1pi akwda2f e7nmo79 jg2bi5n
Node 4: ezh0tf7 lh2j5ok x82g9qu
Node 5: fdi07d2
Node 6: osg31bx
Node 7: wis4zvf
Node 8: 3oszmcp
Node 9: zngc0uw
Node 10: zl13m6b
Node 11: 4b60ro7
Node 12: f7eyb15
Node 13: hasivr6 oqd9q83
Node 14: 5t8i1bp
Node 15: 3twzl1q ntkfx8s qsu2cos
Node 16: cs04hq0
Node 17: p014jlx
Node 18: e74nci8
Node 19: 2yiywo2 q5mfff4
Node 20: 4sh7ub7 g69mm9t ug1cy9b
Node 21: w1isoom
Node 22: xrjgs7x
Node 23: ml4j6w6
Node 24: sk2jg46
Node 25: 7um7z84
Node 26: xmfsgk6
Node 27: 4zg1mxc 57k5amt 87jfp2d b0exonr fopjmdd
Node 28: f4nxuqs
Node 29: 1yqds30 5b0juro hphpfw9 wihua57
Node 30: 2zd8aea
Node 31: 1mbry3p
Node 32: 0qp5bxb
Node 33: 4dl1tly
Node 34:
Node 35: cahj7q5
Node 36: wg59ynz
Node 37: ql6qo6w
Node 38: ip34f5u

Node 0: h79ynfn
Node 1: 8wz0cwh e4vrmto jutqsnr vt70w6v
Node 2: ap39v0z
Node 3: l38lkaa wabuib8
Node 4: f1sdug7 o82j3sz rz4h31h zg4yqit
Node 5: 144fvgo
Node 6: 035k5ee gfz08fs ir07anv l36o1u4 nl2nn9c yd56n06
Node 7: 0j0vw98 fgxbrgw ww59ay6
Node 8: chsl8zq
Node 9: vly1jb8
Node 10: h00wlmy n0hewh7
Node 11: cr8p4of
Node 12: sle6s9y
Node 13: 8v63cl7 c6hxqrm uw13hfa
Node 14: jco76ew
Node 15: n2c5bxe s0a22oj x6ho1dj
Node 16: el0q3k5 iv5x56v neg6d9z
Node 17: l4jwfzc
Node 18: nfaympx
Node 19: rbt1iyk xdwn2e0
Node 20: 20tip5j pbawpyp
Node 21: rr3703w
Node 22: 1xjejd0
Node 23: j5ubgch
Node 24: yrwynea
Node 25: egx3yds jd86uem
Node 26: bulm7vx
Node 27: 4awcz5e
Node 28: xr32w54 ysuy28w
Node 29: nqhkiob
Node 30: 305fcb6
Node 31: 9ks2k4j
Node 32: txjmvvq
Node 33: cqltdhg e0neaof
Node 34: d2eb7mn

Node 0: rgm34rw xq97fea
Node 1: 3uqh6sl euulqxo gax1j1l lckvkyt r2f1udz tx70vmw vos57at z0kyvsw
Node 2: zsd4nyu
Node 3: i268p5h pwmito1
Node 4: jawcic6
Node 5: 1udsg40 ib9g2oe mnu8cnn
Node 6: dgpxt8d gdd6vfh jjuuvow k7fg6gb uh8slpo
Node 7: hopc5t2 xaqxmdx
Node 8: dlipuv7
Node 9: kthoo59
Node 10: erz7s60
Node 11: bipmdn8
Node 12: vn6zqu2
Node 13: ysf6ppl
Node 14: n1kfjx5
Node 15: 7hvh5op

Node 0: pithudt
Node 1: 8e30on5 fu99a0i w5v1wf6
Node 2: jpo47h3 ptl770f

Node 0: 1b4y4xk 1hyntts mzfy8z5
Node 1: oaix94c qriozq9
Node 2: 2vqxj13 993fvwy ec6z8fq jh7lbkz loo0xp3 mjpx4c9 o5bltu7 r59dau5 r5bnni0
Node 3: tk61cug
Node 4: 3raugid em8le5l
Node 5: ww21e2y
Node 6: 36fha1t 58q32lo h3g8bd8
Node 7: 0o16t5p 7lpvsed 84voz3a 8fg5ed9 czslbsl jc03ne0 jpxf0k3 nv4gc20 pn4qgq8 vyk1oxx wtg2dfv
Node 8: 8d0nrbc mpk8xir
Node 9: 10cshka 36s1c1c 401qb1c 5pi0ops i6yczxy nnbpqa3
Node 10: 2325udy 5tadsg4 npp69hx y98xdhc
Node 11: 2bhcljq 319jl8o 5tom1x2 9z9r5dt cwi6745 nx82psv y8g8v38 zl3ts10
Node 12: 0pqzbly fxr5937
Node 13: p4w7w6v
Node 14: 8g32xtr resolzc
Node 15: iursce8 rn2cwx5
Node 16: kihquax
Node 17: e69khis ucyvdf9
Node 18: kpsniwr
Node 19: js1wpwi tamg51j
Node 20: a47vaj7
Node 21: zzgd55k
Node 22: v9ivo3x
Node 23: g8fxkmo
Node 24: 3mnr07a 611idfp cnlvwyx
Node 25: mrsf7wt
Node 26: 0c88nso
Node 27: cospkvw
Node 28: 36a3o93 g3uz5xi
Node 29: 94fqjie
Node 30: 3l1z0ld ityzib0
Node 31: hj1f8h2
Node 32: xh6qtuy
Node 33: mo2rygc
Node 34: o61x5op
Node 35: bg0mtoy d9hdhcr vw86yhe y3q609v
Node 36: j4rq1yj
Node 37: edbouyw
Node 38: 2y2b8qt k4sw8pn
Node 39: u1i3jew yagrb6r
Node 40: ltz8kta
Node 41: cgm7woa pbzi8f4
Node 42: zszjkcq
Node 43: i4akttq
Node 44: njrsv8s
Node 45: bwmdew3
Node 46: mfsrzav
Node 47: vcrujue
Node 48: ag6z3ze
Node 49: s0x356a
Node 50: b5wajzb
Node 51: wzko0kf
Node 52: g7m5mi0

Node 0: hhxnoz1
Node 1: 0wdv2gh 2hvkts5 3ajm5o9 4vlunz7 5shfvtx 7756bzy 8rqjmty a9yzwge b8axgbo bviy02f kc5zeuy lwgegic r57t8w5 rb3s5gz rfkyjgw
Node 2: 1qfs1m6
Node 3: pg0wpz5
Node 4: mk8cz39
Node 5: fnkgwqs
Node 6: g0nmb85
Node 7: ll6jffy
Node 8: d03kxsk

Node 0: 7e6s73f bax22ci gddbmso ug84pns
Node 1: 69qvszk
Node 2: 4m95be7 slqn66c
Node 3: zuwi7m4
Node 4: kgaytcg m85ef7v
Node 5: 1bsgy9f 1zvytsn 3vrkn08 4vo39il 4zk1apw coq60a4 iasglak jq9ps1z kezrmka kjm5uo6 mxriaup mzr01vj ni6fcj0 omaa0ie q29oq8i qlvbzn8 qtcmybb t531s8q vnpkpqc wiyai8i wpg9syx wpy034j z3mbn4a zbub0sb zgtmmjq
Node 6: 1kew1ma
Node 7: ie7bpi8
Node 8: rvv3oyu
Node 9: lwmn3n6
Node 10: 8bbck8h
Node 11: tibj33m
Node 12: zlhjge5

Node 0: fkrvyko xl7fmlo
Node 1: 02fiqpo 1vsya3x 6ndrozf gozgi39 hbarwkf jsfyhsw k7gw0u6 kmruyst o3iv0cp r6s9g1i vjvvr3r vtx0119 w1osiiu
Node 2: 5bk62pj 93rfcf2 lgkz97y pvfh36u vasjh4w
Node 3: hrw8wgk skqpq8w
Node 4: njyg85c pgflm9v
Node 5: 4eqya66 7k0d19h bvtlkdf oowqhi1
Node 6: sz3dnol
Node 7: 1eti6kd 6xlah3g f48gzhy
Node 8: d1v9492
Node 9: 3z6vfpt
Node 10: kpzyvge
Node 11: kb1alur
Node 12: qwm4921
Node 13: 9f6yiw6 r6ljiyc
Node 14: 1k8kzby 2022e7a
Node 15: uhnfjah
Node 16: g8p5xq2 it7nlzq r8qdrel
Node 17: cf3rhl4 q5d98pa
Node 18: zgdakax
Node 19: tn7fczd
Node 20: 3k5pqc7
Node 21: 48bi25v 6zthf9q
Node 22: 36vt8fj jay1rgl
Node 23: ugz44m3 xmobghr
Node 24: 6ivyays
Node 25: ggp4ulu wk9fy1y
Node 26: ty0i89t
Node 27: 4fqolyb hrvhtk2
Node 28: q61vehg
Node 29: jogzlsa
Node 30: e19gxe0 t3jvxyf
Node 31: r9rwdlo tdyy27l
Node 32: 38ld946 zx4ld8d
Node 33: 7cg07td n165z7s ygp5z5p
Node 34: mjxsiym
Node 35: oiteat7
Node 36: wtbr73x
Node 37: 52tol8n
Node 38: 4pnoqmx
Node 39: wbakbbz
Node 40: fjwkqwh
Node 41: b4iyjdi
Node 42: at3v3us
Node 43: jamsjt5
Node 44: u687zbp
Node 45: o16vq5x
Node 46: vmocl1a
Node 47: jt6idcu
Node 48: sacn2ok
Node 49: mw8zwtd

Node 0: 3f8yq6n g4b9hef qyyhlkl
Node 1: 4526f58 9htlwcs amn74ab jby0zi7 lvv17rj q5ajdv7 uw116h1 vhhn1xb vixmvew wa693aq
Node 2: huml859 srh3eu4 ud4dk7c
Node 3: 8ljrh60 jf9bmnq koef52w o6cet99 rqqw9y4 vh5si83 vs712nu
Node 4: bjpt2n7 jjpx5de
Node 5: ioyg0b1
Node 6: cc4mosv
Node 7: b5gqco8 isv60hd
Node 8: 1ro90yx 4jr2vqs fnqcd26 fqw10ax
Node 9: 1mhncg6 stqgu0r ytfngfm zk4qv3p
Node 10: q4tvv9e va80hc7
Node 11: zwbppzi
Node 12: 9y2u822
Node 13: dmqf74h
Node 14: 465tbuq
Node 15: 82w5fld c21mzxi l23pu7x pqlmdhd
Node 16: wbc6a6t
Node 17: cbsjhi3
Node 18: wke0wm4 wv2p10h
Node 19: a9peas8
Node 20: h36n3gv
Node 21: gw7p6rw
Node 22: bi4yidv
Node 23: qt97oj2
Node 24: sagvq32
Node 25: iofheu4 t6f09ry ytcyib0
Node 26: jlx3t2l rhigh0r
Node 27: 8f6q1la j2zwxew
Node 28: lnzowvo
Node 29: amznmqq xu6c4ym
Node 30: l3e4jjf
Node 31: 2qcevr4
Node 32: 4sqalfp
Node 33: v6ragmg
Node 34: 7fcv98g ayb8cij
Node 35: xtasi25
Node 36: ori0hkz
Node 37: jxjtw7t xvkckru
Node 38: 63ll5pm
Node 39: 4sanuyr o8d80ed
Node 40: ve9f7e7
Node 41: kdlodhn
Node 42: 9ub6nrz
Node 43: xtv7hpz
Node 44: jnl0tbj
Node 45: uua8uwx
Node 46: 3ta54ht
Node 47: 8bc6b5s

Node 0: o2cpwzo sgu0wvh
Node 1: 7ep4c6u 7hu9xl2
Node 2: b3jk8ml
Node 3: 0gobxts c8ple4y
Node 4: fk65b2l
Node 5: sg896nt
Node 6: umr7i3e
Node 7: 3914v2o 4awiuxy empjw0s jsqwuoi
Node 8: i573a0l
Node 9: ayvkjci
Node 10: 5dolkvx fo4wt5a
Node 11: hhrnmwt
Node 12: u5rjvdu
Node 13:
Node 14: 66e5s4c
Node 15: n9e47pj vzh5ccb xs8u7sw
Node 16: fmb9isj
Node 17: 3e963b8
Node 18: 6crijq9
Node 19: 3ehu6jo

Node 0: wmhq2va
Node 1: yz29fx3
Node 2: wtl27pb
Node 3: 6tsqg9k
Node 4: idzf33k
Node 5: 0pywq6i pj7x7i0 w281pj0 w4izk81
Node 6: 80xqjta
Node 7: kiz38r2
Node 8: 7sytt6a
Node 9: 8dmp8ws

Node 0: 0ytywhi 4dil91q 8hytayy cmhzzup d8qxxlr nuwlsas oxewytr pik8ace qq8xlz8 qy37f0m s5jqf30 tqvnhng umbkjcr wfd8cdv
Node 1: dewxk2u
Node 2: or8jmvf xgz59gd
Node 3: ogljeur
Node 4: owdsjna
Node 5: 58wxnln kqnzpri v9suecz
Node 6: 6ij39cx dg84e16 eyekwtu j1xccf6 tm6nsiq vehjnqc
Node 7: 0tft5tg 2jta504 9tqnorh j086ei3 l4x718r n4232ys
Node 8: hbx836d ofix0hp
Node 9: 24z176y
Node 10: hrke389 q296rrh
Node 11: 6qqpe3p
Node 12: 4psgsbq
Node 13: vqli8o0
Node 14: i5gaybj
Node 15: jkc6vzc nyf84wy
Node 16: emq9iq4 oj2m1vt sgemqgy uallbac yi9bcbt
Node 17: dau8ix3 hgqi0kx
Node 18: efv7dsg
Node 19: cibjmw2
Node 20: art0tvi
Node 21: 22wvid5
Node 22: vsr3zo7
Node 23: 6plye5l aqcdano
Node 24: 99xmqd6 dcvt1l8 gkep6pj l3q0o0w
Node 25: 1bx0txq 3bhivs4 ebgxlma j4e3ft8 ldypz72 nrd954o xnihzxd
Node 26: 6zbtxiu
Node 27: 57tjzak
Node 28: 5rv4elv asbp2in
Node 29: jofybnu
Node 30: fdgxi8x
Node 31: 8cu142x 90p50xs
Node 32: v8by4co
Node 33: 2g562tp
Node 34: bkm43ut m022m7f qpwutjs
Node 35: payigg5
Node 36: 1drq0wn add3qff
Node 37: 2hmf36y 68pawj0 kxnthph
Node 38: njgz67h
Node 39: icioo8x scwd9s0
Node 40: b95rrdj
Node 41: lq0ltqd
Node 42: 4j1hg93
Node 43: vp1720l
Node 44: onjwc6d
Node 45: p6l8ija
Node 46: dg7m8n3
Node 47: hd1077q
Node 48: gkfkmb3 pg1xuup
Node 49: 0aor5ti 6h8hnwf
Node 50: geynkpi
Node 51: zc9mj3j
Node 52: lnm0jkj
Node 53: ch77avj
Node 54: 6rao3pw
Node 55: dizuoht
Node 56: acqwudn
Node 57: 6hzfyo3 zn6f9s7
Node 58: qxwcfup
Node 59: o9273la
Node 60: 4yxhygd
Node 61: zqi30v3
Node 62: jqaopjk
Node 63: zjsa5fj
Node 64: nkf9aa2
Node 65: j2ls95e
Node 66: hazuvg5
Node 67: m450gy4

Node 0: 2x729q8 80rjiwi 954o5rr 95g9erj
Node 1: 1da1kuc 29t0co6 4a51irr a2jo93s i18ycky npm3atk odji19n
Node 2: 8xrskfl
Node 3: dqmwmaa
Node 4: n8so1hu oo1bckc
Node 5: wv2ne9w ysxi47d
Node 6: 83fo684 e1hcaog
Node 7: kuops27
Node 8: 0yp0rpa 0zvhzp0 c85i7k4 jwb5mea sb3nt7b
Node 9: yvto1sv
Node 10: 2cm9fbk 2ehft9c yirrafe
Node 11: 6wtfzmf rhthyxb
Node 12: nxde32b
Node 13: jdyktue
Node 14: x28p3at
Node 15: 4vkgvng
Node 16: 7suxx56 ntymfvq
Node 17: 12ect76 bhc9i94
Node 18: 7ghljdl
Node 19: 31zyr4f 7ih0n6i s4wobc4
Node 20: qq6vwwb xg2urpd
Node 21: jsqiru2 slqrvc5
Node 22: aqac7pm bz7hbh9 izoiit7
Node 23: 7hvjlho dctk4du mawx3jg nkm44mv
Node 24: n5evegq
Node 25: 0eatd33
Node 26: g2tcx8m nolrqoh vxgdv3p
Node 27: sm8kqs6
Node 28: kk25x36
Node 29: 4fdl5vo 4lk9jai ry7a5lo
Node 30: 08qc3g0
Node 31: lqj99hq
Node 32: 5gawug3
Node 33: m5ybq9o o8coqyi
Node 34: hekeulv
Node 35: 293ijqi
Node 36: vt756cn w4l80jj
Node 37: qxqy02v
Node 38: 0rss9ht ku3g92y zm6joiw
Node 39: 5u1t2al 6gbc62o k1302v7 vtl1m8w
Node 40: mctmkv1
Node 41: 0eb3vnz c581pf1 pbiitza
Node 42: kld53qc
Node 43: 90alnpl
Node 44: yviplxg
Node 45: 4vb2r7y
Node 46: w442ih8
Node 47: yqn22fu
Node 48: wn9hkoa
Node 49: dm1vx2i lh69f24
Node 50: vrq8q4a
Node 51: tn01m8i
Node 52: rl0ptrc
Node 53: buh1edz
Node 54: bcaxg7j
Node 55: yio77kp

Node 0: y1z258k
Node 1: 2tknpoo 50ilj9s cob8d61 ft2evj1 koe4rw1 oxdkz2i
Node 2: 25mmyoc 9wnqzqm b5fvgap ebhhiig fyjm0g7 m2u20mr sr5uw7n
Node 3: u6s2k7y
Node 4: ysjgsl2
Node 5: 3u2s771 notrmq7
Node 6: viumlge
Node 7: a2byzx1
Node 8: nl6ulhg
Node 9: 2il5a8y np18pz7
Node 10: isrsmql
Node 11: vqrnpiq
Node 12: s2hlx79
Node 13: v2b7nrn
Node 14: ghsrii7
Node 15: ud8zrwy
Node 16: lgcas8x

Node 0: ogdr3nv
Node 1: dbhe601 fsrxqlu heaut0x pdzj8u5 uptaldo xxyx676 zllcb5e
Node 2: 11cyhey 1y3lxwd 2k8yl57 5cq4rk6 83pglrw d8m9kpg flipysv ipp5o01 j7la1ui l2fo1yi lgdmglx mc9hy83 nm0ph8j qagr76l xvqd1eq
Node 3: 2vpeeff 486a7re 4ffnalx mh7ct2o qk2mktm x8ix7xf
Node 4: 9fmw2m5 9p616yq eja0zfw hlwnd49 l240sgb qqznimc vaf8hj6 ybutnea
Node 5: 7tldvat as3numi hb40jzo jc7mq59 r5xfxmk zg9sio7
Node 6: f3eg3zw qw0bv5s
Node 7: 3750igq m2sm7rb
Node 8: pda2frn t8t37wm
Node 9: 95f1dm0
Node 10: ghk26ay
Node 11: lckw8et r4p5r59
Node 12: vykzgmh
Node 13: 8h115aj
Node 14: 0qiglxo
Node 15: lh16neg
Node 16: iheb2qj
Node 17: ma1soe1
Node 18: bwawo8q
Node 19: jdk0tcn r0r87hq r1rdve9
Node 20: yajwbfv
Node 21: fzl9nsz x7ai1as
Node 22: 3kc8hu4
Node 23: 7xk79ou
Node 24: 4533oe0
Node 25: 6c4dhur tn4yrev
Node 26: 41zjx6z
Node 27: bs3augh
Node 28: yogzx9s
Node 29: igqg9lu
Node 30: m38warg
Node 31: kyq6atm
Node 32: 5q0d6bz
Node 33: ny20lgt
Node 34: xjetygg
Node 35: 1khugbn

Node 0: nkd4k1e
Node 1: z7jzzod
Node 2: 7n8ywq6 a6r3j2u d1p1ban
Node 3: 4hfeoam bs73gi5 zkitz0q
Node 4: m0kqq8u
Node 5: 1q134zi
Node 6: 1yao5n0 wawo3tc x83kilq
Node 7: cxwssmc qryy085 t6723n0
Node 8: pzdrekf
Node 9: mzk985x
Node 10: a8p1zqk
Node 11: 2pj8770 3s7i09u dw3qooj ouf8ud7 uuilyn6 yfg1265
Node 12: k186rxu
Node 13: 10w9vwl
Node 14: nc6lyg3
Node 15: a9d14sl
Node 16: 8gjpp8p gakg3ys
Node 17: fxr8tzq
Node 18:
Node 19: fsblrn8
Node 20: 8om64ch id6m4qn
Node 21: t21dwt7

Node 0: 5lwi1n9
Node 1: 06c8jvd 6nuhvk5 904edyo fx1wxvl
Node 2: ehx5749
Node 3: unxzkha
Node 4: 8bm544v hkw4hp1 y9k38eu
Node 5: 3bxw9fe 41zg3uy 46wb4tk cug2lm8 hnasexx ik62hix nwe67rb nwpukhk
Node 6: 1mrzj4d
Node 7: 0pff8du r9ur1zv
Node 8: 0a5szt1 5mzs068 bjsmmrz br7x9yb g7a3xre h7hjn8s h8bi3t3 i3j9h87 k463xnp nim9orl sbk4qnk
Node 9: 0ev8pu1
Node 10: jj9bwrb s47t3dy
Node 11: 0zgmkep 7lsso5c et27ifv
Node 12: mkfyt01
Node 13: x2vvsqz yscbv8z
Node 14: 5o5836j esvj5my fadgzj7 l9igca2 nqlfggo vfsrmy9
Node 15: jljx6qs
Node 16: 07j4bhw 33bq2oc 78je1jb epocujf
Node 17: m812mbu
Node 18: kkkgglo o2l3jz4
Node 19: 4uzr02s dmnhodm pc8k45d
Node 20: u8wlk6w
Node 21: gbzo6j0 ooni6lg v9pfehj x3rf6kp
Node 22: 33v009k 8hxvkiw
Node 23: 07l84nx
Node 24: lqy6fro
Node 25: a2pphld c53lq0f
Node 26: 5imxy5t 6c57ytz
Node 27: j7bcnty
Node 28: u0bcy0a
Node 29: uu5mnr2
Node 30: c1jglew
Node 31: cv23a76
Node 32: gywgqu7 un7ow0q
Node 33: 1u7xnud
Node 34: tmv58o4
Node 35: 2lvebz7
Node 36: 2rsf9h8
Node 37: 5vrrcpa
Node 38: h9lbj7s

Node 0: 2nuyota 4jg1e5i 80j6ivu 9dl44lt opepxgw opqr0sa q373jw3
Node 1: 0cs7ptv 5wjhxy4 6x7xmay 7rm86bz 9bi71xc fjz9g90 fwybwkx gjamkwr huea46a r53rimy x9jyef9 xrz3hdh
Node 2: g0fqpnv q0mngdp sz62aly
Node 3: 842w9ww ee4emzy gjivd7z s5m9odp
Node 4: 3garp5k 7twon9z 88x6tiz
Node 5: 5vbfkoh y5a8nyb
Node 6: 8djm9ou
Node 7: 5pu2nze 5s85jes fxeazde gvknvim tbrncad
Node 8: eszcrcl
Node 9: rydnlzu ssuxorz syfgqgj wauxi0t
Node 10: 5oky87g 5z596l3 he4f1ad u2l04yx
Node 11: 0iv6bwc 0qiyuor 30hlvzr 936na7d bbgffho zet7vmk
Node 12: 5nyydcg ctt9zlu
Node 13: 2v7hvd7 7xnicgp ewlhysu lc5l07p
Node 14: g2n30tu gk2zy1m h33rxn5 nwm6xss r3toasq uous4y4
Node 15: 8n50yfc xy1fhw0
Node 16: e4yin9f
Node 17: cp4r4kz
Node 18: x6hj977
Node 19: 6rox3tf n3lcbqv x0y8hzu zv7ibw3
Node 20: eggs0jv h1esebt
Node 21: etlsmvd
Node 22: 35uxs00 cvgj77f gsigz4x poebrau
Node 23: kay4qb4
Node 24: 3ywzblg
Node 25: 1z6kat4 2vv5uya
Node 26: s3kg6dm
Node 27: qlgwbbc yfvgecm
Node 28: 8l31qmi
Node 29: qwvd5nn
Node 30: g3cug22 sdplhpi u9uf72j
Node 31: wjxrvfl
Node 32: etchvia
Node 33: ua56ks1 zprioei
Node 34: 1b6e9zf
Node 35: wh4nycq
Node 36: as0gl9c
Node 37: 9f35kua
Node 38: 9yiz7c2
Node 39: daj1hy0
Node 40: v7s8du7
Node 41: zk92zzy
Node 42: q7k89az
Node 43: nlacip2
Node 44: wsiurtn
Node 45: yrp6ccb
Node 46: 6r7kyn3
Node 47: zs08ghv
Node 48: jf9hetr
Node 49: z4yeuk6
Node 50: k33u314

Node 0: 0hljadl 5y1igdw 710ctm2 77tofbr 914hxpa b19b1x9 c3y2zx8 cc6m92g f7bxvqt hqkpw2r ixqntlj n3ukmgt nt6btoh v3uw8f7 wx161a1 xw883v7 yf00dbv
Node 1: y4u4gu3
Node 2: h3ymz27
Node 3: az5rwdl
Node 4: 1srhzhj nm2ax3c yqvzug8 yrpjvp3
Node 5: axrn8wc gpfoih2 krhvoa4 qvv2sq6 ug61r2l
Node 6: 5nfo6hr jw851oa z61z9lv
Node 7: hd9zk9t i9alfnu
Node 8: puun46j
Node 9: thbmqbn
Node 10: 1447mmi dg7r8pg
Node 11: yd48xzk
Node 12: w87k7wn
Node 13: iq2nqif opm8n5u ta5r75y zjq7ghg
Node 14: 5h9z3lr nygn415 pajvw2m
Node 15: 2ybvfz1 fuea2cm g5rlih3 n49etbj ycblg5i
Node 16: nuzr10j
Node 17: 8t4uvfp xj5vt63
Node 18: c39f4au zzu3esu
Node 19: 1zrkvw7 zacnwqk
Node 20: 2ru8l4a ayowzuo
Node 21: v225pum
Node 22: ba4tsjv
Node 23: gxcy6bj
Node 24: 5ohrxtu p3nsjqr srjshfe
Node 25: fd5bewi
Node 26: m8w9hfp
Node 27: iqe0zfj
Node 28: 85aghfe
Node 29: cz8tqbe j3ym53e nkio3gf obxo5on
Node 30: ksxlk94
Node 31: 9giovs8
Node 32: 3ex4tp6
Node 33: 1av0txm k1183vf
Node 34: 8vp2kaf
Node 35: 3lfkyng a8zzgef
Node 36: dpd1c5d
Node 37: sqzlxjr
Node 38: 2vi149h
Node 39: 47713qo
Node 40: qaj7re2
Node 41: dnfkx2v s2f6644
Node 42: iwxfoyd vkjcote
Node 43: iieu2n4
Node 44: mjz1ave
Node 45: hrtw0xd
Node 46: j63xjmq
Node 47: c2xdieb
Node 48: i8j5so4
Node 49: q1suk6o
Node 50: e6l4qrf
Node 51: dxnbw9b
Node 52: 0assh6q
Node 53: b8spusp
Node 54: ylcw0pw
Node 55: ll734gs

Node 0: kwgnpy0
Node 1: 21si9hs
Node 2: 14ezn8l go4hegu kas24lt tl0jjfq
Node 3: 5ml0hyz ekzhau2 f8dlz4p q2qvnlm s1nshqj tfmnmfl ttvztbx
Node 4: 576n9ez cligf9y o72vnjp
Node 5: uu9tc5n
Node 6: yvfjpjo
Node 7: l5rs7q1
Node 8: 8hkipuv qq3l1mp
Node 9: yo8fui8
Node 10: 31imbt9 4sf2tfm dgbvp7n
Node 11: v6ig4z3
Node 12: chn33gm n8yll08
Node 13: 49z10af
Node 14: 1cyrn4w
Node 15: triw1ah
Node 16: kf5annz phqnxsc
Node 17: c7umdge
Node 18: bainxb4
Node 19: vj4jwx5
Node 20: vtiby20
Node 21: n6nzypq s4kqn7c
Node 22: 7dbp947
Node 23: c7sjq7p
Node 24: 80ontbb
Node 25: ag0kbd2
Node 26: jcd5urj
Node 27: 0rqkn7p
Node 28: 562msx6
Node 29: jwv7ewi
Node 30: s6yjz8u

Node 0: 6gud16j 7t9tz2n 9bf17v0 aognu2a b7ibt8r bufkcp4 cbpuoco esxmb4a gcqx6av hslymzo ic7pn4h j24lsqu kb88kqw r9dp77z tpw6i25 wry0qlj
Node 1: czy929m
Node 2: 2sp64wp 5w73z1g 9lhegf1 bmj3um1 i2235yw k734piz rtj5xz2 sj1tk9r yfzrc2o
Node 3: 73ymozo i6epmpy n619dgs
Node 4: 86jja4u bett9ax s9q6nft
Node 5: qktfnzl
Node 6: 16nnfrs
Node 7: 4i5m13f ey91yfc jngp4q9 m27as62 nx2gjfg vnldf0e
Node 8: j9nlipq
Node 9: 0dfvh9b qyneivc
Node 10: 2czaurk ztf6s7f
Node 11: 6pmhw92 8kqnshh lcqh89p oxgl38w t6im5gf
Node 12: 3hcb82a 7eplwqn
Node 13: xn8tmzi
Node 14: rqqgsqs
Node 15: 96bq4jg lrlxi0f zu5ndbu
Node 16: 04mnwzp 2grk4nt 4x42bpw 66v3564 7is2las phh17im s8ii5pi
Node 17: w2fkqvr
Node 18: 3mzqtd0
Node 19: 4acrbhu modayqw
Node 20: tpqt1md zi67wln
Node 21: j97u4en yuqsadz
Node 22: qu5lnq7
Node 23: 5lv6zd8 770v5ie
Node 24: 48q2n43 53gl2m2 6rll34v rnh2vzc
Node 25: padbhya
Node 26: klni6vn
Node 27: 017grkt
Node 28: 0eb58yt
Node 29: nvvtuh6
Node 30: xbi8ouf
Node 31: eltcsjk
Node 32: tuqui0q
Node 33: 114atud 6man0r7 xg0yfjr zf0fpdb
Node 34: qvrkcdk
Node 35: j1id4l7
Node 36: w5nk8w6
Node 37: k23gm9f

Node 0: sc5tiv3 vmkeoud
Node 1: a3ehnw3 be4wzos tp9psb9
Node 2: ixn2lxc
Node 3: w0ln2n6
Node 4: npxs9vj
Node 5: d3t5g35
Node 6: 063kuib 96tzzfz
Node 7: 4ua7ajd
Node 8: g21uua4
Node 9: e1vz55x uqvd585
Node 10:
Node 11: gvm0c3k
Node 12: 4jkwqx2

Node 0: kgrqzlv rsrmush
Node 1: 9q0henz
Node 2: 1usfaok i872hm2
Node 3: a4snt59 dp2mhrn hhpz3de tjcp4wv v2k48tm
Node 4: 12rm4nz h91ropi
Node 5: 9bojnwb eqobm7j qbim9l6 z5oi93i
Node 6: nwb5999
Node 7: 8lyeimn cye7r5d nu7wqi3
Node 8: zomozq5
Node 9: dluuci3 g1mhkj8
Node 10:
Node 11:
Node 12: erxeajf
Node 13: 24vel6a 92qlgy9 jujlwql
Node 14: vi9vc5e
Node 15: m31upsa
Node 16: bfwlgrr
Node 17: izorr1m
Node 18: xwksizo
Node 19: brjiesa l0vx23m
Node 20: dd7960i
Node 21: a6vskeu
Node 22: 02jd3e2 g5l2514
Node 23: 4ir99yu e2ickne
Node 24: ouuvtum ri6gv7x
Node 25: 8rm4r9g i4j8ht8 jhv5ik1
Node 26: myg0ou9
Node 27: ycrko7u
Node 28: ijoovkq
Node 29:
Node 30: ztev0xt

Node 0: bn1qpoo gsp6s3b ixbksv9 kjaycb8 luzgs1k
Node 1: 2t2dekz 4xilc1t hk8jvnf y3acie2
Node 2: 2fghf3k o204bgk
Node 3: uzbxdz7
Node 4: wkm0af3
Node 5: 4i2ksg7 j4hyszl pkx9jte
Node 6: ixc3jcd
Node 7: 9j2o8eq
Node 8: js6aalk
Node 9: s1qf0er
Node 10: 57bdfla
Node 11: s5wzc2g

Node 0: 9p2ahxp i06ntu8 n86dhoe ncxtjhw
Node 1: 6kigvb6 cciqrl6 f3kaick g0j8w6c n4g17hp nxsohck
Node 2: 10ol1tq 8okmzkl 9p5qv1p acohmic av5wwv6 hvdb4k0 ox9fqxb ureff49
Node 3: 4z4xfm9 9mre83h owaefju qt2rgwo rh3xsf7 vknrs3w
Node 4: 70fwdf8
Node 5: 8oph75k ocjjovw p2j6lg7 tlfz2ax ul7v2sn yqi0ec3
Node 6: if4gsz0 nvb1ea4 w4a658z
Node 7: ct5d8cz
Node 8: 9qxzsnr rymk5zs zczduhx
Node 9: 0b5oqey
Node 10: a8w29w5 eezoupj nhy86ff
Node 11: 5dm39g1 6co6ram
Node 12: 5o16gjx 7bax76p
Node 13: 7jagzet pqy9evl
Node 14: qecdra2
Node 15: 3qgtiuo
Node 16: re02i91
Node 17: vtaqjoc
Node 18: uxws2q5
Node 19: hdvnfrt qz7geww r04bjnt
Node 20: 4f4z182
Node 21: 2oqq7nw muefi56
Node 22: ln401v3
Node 23: onpym2d
Node 24: 67is5if wlbfj4j
Node 25: sfc6huz
Node 26: ujt2i5x
Node 27: cuk5bna
Node 28: p6ek7vj
Node 29: 2n9ot26 5h4u1sq ssu1zvh
Node 30: idc19ul
Node 31: 3f3rqp8
Node 32: 9wh2uux ledfn5p
Node 33: wml51wo
Node 34: 3f1yipm tf8jh12 uuv4jap
Node 35: vgfmxfw
Node 36: 5203srt
Node 37: 2egvida
Node 38: 45kdtxu
Node 39: 1x9b1td
Node 40: d7ho67v
Node 41: pqlowy6
