Node 0: 4h93lwf a1yhbm7 avhokz5 aznqwhk e1kf64y tij0xz8
Node 1: d0r5fkb
Node 2: akwwhli
Node 3: il86akl
Node 4: ikzvrbv
Node 5: 0yjh7yi ch41zd1
Node 6: 4kammmp srtam5s
Node 7: sjsje97 sqx9l7v
Node 8: 0huylus ulyac5g

Node 0: 1lgf4fy 6iczkqw 93q8vf0 iid9hso lvrvt65
Node 1: 6coj55a
Node 2: 5pn993q 693ln9k gr82moa
Node 3: 4flyh1z 5yyjdld j8tarwi k39l4d9 w805eco ypkb1x3
Node 4: 5sd6yz3 eue5a3g kep04su ow5xkp1 pzvbb02 q6t32ao ybwcfct ztme7cq
Node 5: av1toly gy436wu n37jcdj
Node 6: bjo6qhd
Node 7: 7dhz8h5 bro9l13 vtf76ez
Node 8: cogd7ti e8pdybj
Node 9: ujdgbaa
Node 10: gqcq8en incwwf7
Node 11: rzprvyb xyijazo z8g2zs6
Node 12: 47g3gog 8t85ox4 9y5knfd y111wr6
Node 13: 92k67a0
Node 14: z3oq4w3
Node 15: b0e688x hlpqhbv
Node 16: 100jv97 upv1mv1
Node 17: 4oc9sqv
Node 18: 4su6una kqltgxy ukpcsgt
Node 19: 5513jqz hnlio9n i7s031o nkz8mb1
Node 20: r1ost19 wils7nf
Node 21: 2fegijr er8d3bw
Node 22: 6hedqf9
Node 23: p9k5ys5
Node 24: ntrqw3u
Node 25: bbou0ql qw9cw6s
Node 26: j0knvxy
Node 27: khwqx48
Node 28: tb7x86g
Node 29: 4dnxmv4
Node 30: jg5qa19
Node 31: vae76ab xozgc4n
Node 32: ijaipen
Node 33: 8g7uf4c
Node 34: 87qf18q kkkrss1
Node 35: jgj97lt
Node 36: o8tspuc
Node 37: bzy8g3z
Node 38: 618qxk7
Node 39: fodpyjt
Node 40: lhhjb3k
Node 41: 40wksvl 9egw70k fcpjsob
Node 42: tlumkj5
Node 43: 2ytbedn
Node 44: jmhh05s
Node 45: 2387luk
Node 46: rg69dc7
Node 47: tpkoll3
Node 48: b0n6fmy
Node 49: k6d26p5
Node 50: wgp4u9s

Node 0: 0sni4j5
Node 1: i5olgd9
Node 2: 28t5i6i
Node 3: 066msln
Node 4: wqe24yl
Node 5:

Node 0: txq0j67 w6s1h25 z69obrs
Node 1: e08f1gn
Node 2: uu7899o
Node 3: 0187m5v 0csxfe3 0uq7dac 8sidizi
Node 4: 7kc596d
Node 5: 0io3cwj 6cdxng3 h54u67v i89tpvx quye6e9 rgn8z1c v9kdlm3 vrkmqom yg6l1pl
Node 6: 3wfy2uc 8uwqwzk crs76gz xzd5tm2
Node 7: dlf1kac kp5u9ir sxsyqd5 whf4jq5 xdzdl14
Node 8: n97o9c9 w3msd6r zot56qt
Node 9: 22zbuet 2cumek6 m4kohjq xcst9j8 zo57651
Node 10: wzktm7w
Node 11: 3ukioz9 b4lracl
Node 12: 23jhsrv
Node 13: 7mpync8 ff3d7gd
Node 14: 0wl4sbg fo6pd8o
Node 15: bx1rydd
Node 16: 4nxl0rc fq12xa6 h7bpwvn mz5z7s2 sdnqwm4
Node 17: 3wrwbfo 48y8dud nu6cegl p1gudla sav5xnp x205jk9
Node 18: gmc19vi
Node 19: pfpahfz
Node 20: 0k1axcq ewvb11c lstlfrh szby2iz
Node 21: 9p427bn
Node 22: 3qc7p5y
Node 23: 4jmbzdi
Node 24: citx2s5
Node 25: ogno3jd
Node 26: ec9ofz7 nbnh4aj
Node 27: zo16pw1
Node 28: jof0zzo
Node 29: ngy4vm4
Node 30: 62j0wr5
Node 31: dqu3x6a
Node 32: d3oixcw
Node 33: evlqlq8
Node 34: 5x24cnt
Node 35: 7woak71
Node 36: dmkq7l8
Node 37:
Node 38: 0p3uwte
Node 39: l8g0adm

Node 0: 7wgfefm 98px9eu aqe9p4d fbx0ts8 hq5vkup m1ma15h mps6ova ux1dbeg yaq3qiy
Node 1: 6f7akde 8vt42u5 e5xhkdm guypejo impm8fs k7embjb
Node 2: 4kxqjll 52jjkcw cj5yqui ejcxxfw khqxcul l3j3ll2 z8sb8wx
Node 3: 5vwzhiw b086njl l6oe7fp zj3kqcc
Node 4: 6fzs2ys d8hg33x f8u2sau
Node 5: 4c9poqh
Node 6: 3zrh6b2 uxtllgj
Node 7: eycuyg4
Node 8: hmndg4y
Node 9: 0bn3whg b4zq6yj
Node 10: 3cjn5lf 5qreffz 7ke1dtk l2lrtb4 lcgh0qh sers2ta vs3f25v
Node 11: un53gdr
Node 12: 0c8xhts cqfqplp gvosduk i9efghi ubjegcq wu2q4g8 z5vy3x1
Node 13: 2g0x11e rk36s9z u70odow
Node 14: d4s5m45
Node 15: sshrj42
Node 16: 8hnj379 ushshby
Node 17: 4zcqvgr 6a2fxxs
Node 18: lpp494c p99dgc7
Node 19: ebu8jat ryy997m
Node 20: fd8zizc
Node 21: 6ghgkla
Node 22: 6e14fi0 oofp2cr
Node 23: 9wnut6w
Node 24: 42ypxwa
Node 25: lpvt9b7
Node 26: u9sy2fr
Node 27: 1862zkb s4iv22b tvp7vox
Node 28: 5dvg2g3
Node 29: 056cc71
Node 30: 1drajb7 cvr555d xatsvpl
Node 31: 39omx5t 8hcosk9 uxe7q6x
Node 32: zgmjhfq
Node 33: 62iyaaq
Node 34: hr1p3ae
Node 35: 2j19sij xhzkwh4
Node 36: 0ou142g
Node 37: 9kr48rx vwrtqox
Node 38: g67kna1
Node 39: t3ci7d6
Node 40: lwnnt9g
Node 41: gb2dyvd
Node 42:
Node 43: 3yivo6a
Node 44: 8bchpkp aavla1r ejc2ct8
Node 45: 9411iib
Node 46: 16be6qz n0lokmu
Node 47: b517gy6 hg03363
Node 48: 9x4tv3t
Node 49: zcoayfo
Node 50: vhg2l6g
Node 51: 14d757i
Node 52: 0w4jb2g pgam91m
Node 53: j3f4wgf
Node 54: ye2gjwm
Node 55: wpv7wva
Node 56: 4zxt8s2
Node 57: z979p0m
Node 58: i1vrr4l

Node 0: dnpd70p ferekyl
Node 1: fgtrp9b nev9yzy
Node 2: vxvp4xv
Node 3: 26boqid a7t8ans kcbxx67 qhbphpz vy5is9j wsbp0i4
Node 4: 5teum5n q7qsxi3 t9zon5z
Node 5: 9e0wiao ctlw2gf s9wjgaq
Node 6: mgasyib
Node 7: dk1f81w
Node 8: qnw9p1u
Node 9: sjbp4ak
Node 10: 5qipxp6
Node 11: 8yop41l
Node 12: nie0teu
Node 13: 7a655w1
Node 14: dhxdz64

Node 0: fox6gtx teaxxya u4mktfe ydmf0hy
Node 1: 1mkntix 4nmv29w 6x48l4k 76llpta jtlvx17 rqths99 tommc46 wa9fh1y
Node 2: fchmlh5
Node 3: 1r3w27m 32hrika glkobuc jckhaut kn732cs kv3zd3q nlrsj1q pi3r7ti ppihvmw t7kek6p vz85384 z9efbxx zagblsk
Node 4: 0m20y4o 9dv7sc5 l2g5b24 li9bozk sr129qz tjxd7al wv3ipdd yea2i5s
Node 5: mobbkx2
Node 6: lon3wbt s86van9 uwjkop9
Node 7: 15jipsy 674zsor 7bro8yi imwb2sj nv6dffb xdl8h5s
Node 8: hjqm8uy
Node 9: 3izxvh6 4hl2bqz bmvkifq bwtbmb7 eziubbh h63m7n2 kwelfnn l84ua6v o35q1dj r9x372y tace7e9
Node 10: 6fan1bv zpqtuiu
Node 11: 42j10j1
Node 12: 4uzq6x8 qo81e4j x8u6qmr
Node 13: qhaq5t3
Node 14: jarv28l poeu2nd xjd0o6c
Node 15: 1xausd6 6derhs8
Node 16: 0d98199
Node 17: uh8h8a0
Node 18: x563gbw
Node 19: 1zhefx2
Node 20: 6d3ggqf
Node 21: hrv0ha4
Node 22: l0yc86x n1qjhl3
Node 23: r3vido1
Node 24: 3049u1j
Node 25: h6mqq1h
Node 26: jfbyxzp
Node 27: e5unxqn lrqdq2k moqpea7 sg188lw zn9hlnl
Node 28: nm5l32l
Node 29: gy1v81a prz7c3m
Node 30: twktwls
Node 31: 9plaip8 r7bviqq
Node 32: zm87xi0
Node 33: 3w7uh1o nncup6o
Node 34: ct9vkui
Node 35: 2g0nnfl
Node 36: h1q03tv pma5l4t zlocu7f
Node 37: 7mrewak j0iyjmx yrwwhw6
Node 38: 9ob6cnt
Node 39: kaz33r1
Node 40: 9825t9k
Node 41: cpgxg7d fe0jyrf
Node 42: ojx6wic ol07r6o
Node 43: hbqluab n3jcwqn
Node 44: 4dnx3i5
Node 45: coqo073
Node 46: gjo38pz
Node 47: g6qojuo gr1ypr9 t64af31
Node 48: 1e2jtmn
Node 49: d5p85lu
Node 50: 4pmx47t irynnn2
Node 51: vloea8g
Node 52: accqh8b
Node 53: 0mt718v 5izuqsm dywo9qf
Node 54: eq13p2l
Node 55: lhf1jhj
Node 56: wlzajf9
Node 57: sd6ub0k
Node 58: 9uh8ovf
Node 59: yszp252
Node 60: pj6mdbj
Node 61: wm2g3je
Node 62: 2ltwxak
Node 63: 7dnyo3h
Node 64: 1t80aas 65rg7d0 7l7v72r
Node 65: rcpkeyf y95cibb
Node 66: g4u7p4a gua2tuw
Node 67: kd8fa7j ramract
Node 68: uqyghlf
Node 69: p5xw9kt
Node 70: xytcxpm
Node 71: pf778ls
Node 72: av85zhh
Node 73: fncx7za
Node 74: ja748s5
Node 75: zt653ku
Node 76: y2rhdbm
Node 77: 0b329u3
Node 78: djqovfp
Node 79: f8i9gwx
Node 80: swe4kee
Node 81:
Node 82: ing3yvv

Node 0: 4or7c3a lfw51k8 qko3lbb r3jjsx3 s0upb7s yg1p7kr z6thtn7
Node 1: 4hr1d1t 74k8s9f 7vzpj5e n87dgmq whi6fue
Node 2: 9otheta r1d0gqq t4kh125 w3dkogt
Node 3: 6ua4h7h
Node 4: 37tj9il 3i9s0fp 82trmax 9bnz2ic iisabht ls5z6b2 mpebr9z ng1llb0 nulc99r r3tleoa smbxx38 tkarewj u5gono3 uf4jne8
Node 5: bgx05h6 drvvjco lm14gzx
Node 6: 90x3syx bu0nq33 epsm2we sk57n1f xesred1 xnvcfk8 ylcfux5
Node 7: ys4c8u4
Node 8: 4cn7gwd 7ojipdt okcysm2 vgujaaz
Node 9: e9qjqq7
Node 10: jyl864o
Node 11: 5l961f4 6pbr3zc d2sfs0h up5ki78
Node 12: d4a4uil i1cdycn
Node 13: 3zx3gdv
Node 14: il7te2o vqmrtwj
Node 15: e3r0krg
Node 16: 25h0tsw fto57xf rep7y8o
Node 17: 7tmbweb hn6z6pf
Node 18:
Node 19: 1lcgrhd 2izjowe
Node 20: y0xz5hy
Node 21: b7wyjq3
Node 22: kvi2t54 owtp32n
Node 23: 8tijty8 bimznzq
Node 24: jkntoid
Node 25: k584qby p3209hy saoz067 zjj14ub
Node 26: x2icslv
Node 27: 5vwtgr4
Node 28: 83mcjfm 8lv56de
Node 29: a975cle
Node 30: 7tao6el smx8lwe
Node 31: 2oauuxx
Node 32: lo4stko
Node 33: jvuqmbd
Node 34: 15a88gv
Node 35: mhx3cas
Node 36: wxtqojp
Node 37: 6oxkbui
Node 38: xlns25n
Node 39: kg0ojoc
Node 40: tfwj5q8
Node 41: w70egwj
Node 42: pd7pujm

Node 0: 38m6mqf
Node 1: bnp0xxo
Node 2: 39vvl6p abr9hro e43iznp frd7h5c is9wduy jokku5a l8a2cev penii56 qn2nsfc s0to9ze te1wr3v tna0bnc zdcadxd
Node 3: 2i242qn kjkxwkj
Node 4: mz7jy23 xnxmvyr
Node 5: acwdjpq
Node 6: 8hwwuom 9slsyd9
Node 7: v69kd1g
Node 8: k4v48zu rjts3m1
Node 9: 6yvydoa kpzjx19 l8tgz8g thp1e6j
Node 10: 86dnxw0
Node 11: nhm8pe5
Node 12: q3tws7h
Node 13: j7t9n85 m2jfdmu
Node 14: 6u89d9h ruk4ege
Node 15: j7qzech
Node 16: scxlami
Node 17: 6fwy7gz 9y11nos apjr7vj j2knvr9 sraq6zi t3c28oj
Node 18: fdxg43c
Node 19: u071vgo
Node 20: fxgcyi8 h7hnwiy
Node 21: 5bq915e
Node 22: 3k9gbxe
Node 23: 77d1oob
Node 24: 1el1cwb
Node 25: ewkeojv
Node 26: kc65hnw qx29410
Node 27: 4kzvfza
Node 28: lgxeso6

Node 0: 43is5o3 4xd85bo ewfsyez kt90ugr l20uny1 z0x09e1
Node 1: ai9iwlr iak8ad8 o2z50tk us15jd6
Node 2: fy0905v l5b8w5p
Node 3: 8e2mz20 m2d1na3 nn8t05w
Node 4: 7ts7too ceo9v4r j8eeu11 krday5s m2kiykv p5gqlmr
Node 5: 0edzk1c fe1ozsc xee8xmy
Node 6: hk3jrpn
Node 7: imvejby
Node 8: 4yjnjg6 8573mfs gm52wiy hw26peg k4oz5c8 kmubt4u kz4o3g5 nfwas1e qqaud5j vvzv4n5
Node 9: l14u1d1
Node 10: ystld70
Node 11: 66ji8re
Node 12: gg4gyf7
Node 13: 1ith733 b1zcxpd
Node 14: 9ngan95 ezudq73
Node 15: wmcmc5u
Node 16: uy2x1sr xk9j8fu
Node 17: l4udn12
Node 18: f03stif
Node 19: q076y68 v9ooln7
Node 20: 6arkyky jzdsa06
Node 21: d9j9w6p
Node 22: vstl4ms
Node 23: 762v1no ctxc4a3 ehgma40
Node 24: adiog7r
Node 25: ww1kjo9
Node 26: ui5kl8z zfw8mhu
Node 27: mkcz87h
Node 28: e77te58 ftsujqv ruwhwbw
Node 29: 2uczpwe
Node 30: gn2lb90 yla0koh
Node 31: 19b0s8h 3ex77ne
Node 32: mifegwa oyvsb0p
Node 33: bon0ijj
Node 34: 754o54e
Node 35: 9pz82p5
Node 36: 81w1nr3 zsgavgh
Node 37: 9bpewsu
Node 38: 2m041pq
Node 39: yx2nn1a
Node 40: oudfv8z
Node 41: dgqizg0
Node 42: 2nbi8cv
Node 43: 7aoeip8
Node 44: aeqjmrq
Node 45: qy6etrq
Node 46: dnlmbut
Node 47: y2fctpo

Node 0: 01g7xog s937fax ukpwa3p ww0jlet
Node 1: 0faocc0 3hgcc2b 4kuwc03 lpb6dsk
Node 2: 62konvr 6ba9951
Node 3: 48og4v0 72jev7h 92pauag jmbna4v nvlsu3w q4rw110 tvi95oh w7jumxq w8rk3lj x1a2fv4
Node 4: 2rjgo2v gu6nq90 ian18c6 ygs6aio
Node 5: u753w89
Node 6: dpr78ic hvurwy2 q69verb
Node 7: 6tovtd7 bn91amu bnq9kwp m4dn8mv vy85w3y
Node 8: qh1322e
Node 9: j24rrpu
Node 10: o05pkh1 qwxhvru
Node 11: hgbc5do w6at6f2
Node 12: mmxgg4g
Node 13: o2qwfh0
Node 14: 8dxwmte
Node 15: aw6g6pc lkjil4a
Node 16: 0qkfes2 keajn8q
Node 17: 9t3igh9 x1yrpwj
Node 18: 1dx9m9o 8dxky1d
Node 19: yq5qosf
Node 20: ztdg86m
Node 21: lf5ulrn
Node 22: gdicffn zvsnxrn
Node 23: ve0xel3
Node 24: wptxtpn
Node 25: tloowsu
Node 26: huwqhno

Node 0: 3yn3dru g7imzu3 g9bkil6 jcv04wr o1ny1xl p4q6ixf yorhcp0
Node 1: 42axmap 5b7ahb2 ctxcpin hir05b9
Node 2: ye6c6zx
Node 3: b6dbu34
Node 4: 3ic8mnf
Node 5: jo80xfe
Node 6: pfjcx86
Node 7: 3bjm4dc 92ofvfe fxs8vfd opxnvi9 z0k4qts zaqh5ro
Node 8: 8o3bcci
Node 9: fewrzvb
Node 10: d3anj4g
Node 11: d5g4nte rc65zx6
Node 12: 1gujxjc
Node 13: 8nkeevm
Node 14: rml1bbk
Node 15: qxve9bn
Node 16: phgki4v
Node 17: cpq3a4m
Node 18: i3p7s4c

Node 0: v6ujalx
Node 1: 6wd1bno
Node 2: 3blqor5
Node 3: 1pj8mdq

Node 0: 33z0js8 cq5w6ip e9x3xnf ij9c30n kz0jqf5 rwpc0bd y0dywfw
Node 1: 02ntmae evgv0l7 iyz8lnx o3p3wqu oi6mcwn rg677mv w4qoz89 yqoopf6
Node 2: 6nrblq3 6q97h6n
Node 3: 52soz4h ubmgj7r xkf4ans
Node 4: wv1yeof
Node 5: 48df8ou bjd0oi9 j0x3468 s8kw50x xilwis9
Node 6: 1xnj3eo 40kow87 9ir9dv1 e7nrjx1 enmo45h khudkrw kns28r1 nqit905 oxbdl3m qjczn0i u2u81v3 uvq45qk
Node 7: 78jkfow fkuu8ge g3aasjw mnwdaf0 n0ek5ct wjmcv0e
Node 8: lz58np7
Node 9: ltatd2q
Node 10: h8rnkvr ldtphps o4lznji z9r5fpu
Node 11: 9qc9twm
Node 12: 42p4uel
Node 13: r8cbvt5
Node 14: z3azh6o
Node 15: 52n3ut6
Node 16: 9otl0zx l0fgwim qq9on71
Node 17: e3notvk
Node 18: 9nzh9tb
Node 19:
Node 20: ay6pmsz
Node 21: ftfbcpb
Node 22: v37g5qc
Node 23: n8a5nqn
Node 24: dk2dtgc
Node 25: sm5ec94
Node 26: qscwkn1
Node 27: tzs3ok5
Node 28: fdkzp5b
Node 29: tlavzrv

Node 0: btrbsmf
Node 1: n3a05wb p5x92l3
Node 2: 0hrftf5 2jdjty6 79jvgv0 kcnu5n7 m0yt78n rnyhsfx zee09bv
Node 3: 20v7k7x 5vawtd7 a6pnh5y bhlojgp f0eoogv f7sj7a3 n2t187d ym24c89 ypkpo2z
Node 4: 05cq6o3 4qxsk7p rn3153g
Node 5: 4imw1dr qqe0h9f
Node 6: 0bp7chs az44c6o dj9ib6o du5zccd o6m5pod v3p486t x8w5dn7
Node 7: rxn7uu3
Node 8: phfdl61
Node 9: wbxi31h
Node 10: 50poz2q ayyadwt hs60k1v i25wod8 psucw1w pw5ktit yr4bj20 zzqh487
Node 11:
Node 12: skoyhmm
Node 13: 8eu7ldp uh9zit2 xj7js1x
Node 14: tshc3uj
Node 15: hzsrh3p
Node 16: 5lrmnt3
Node 17: j2x9iba
Node 18: 466fj31
Node 19: xzjhm5w
Node 20: tzi660a
Node 21: q9lraqu vrvikwo
Node 22: 0end304 d3er6pm
Node 23: 3mhi4be
Node 24:
Node 25: b9jy4f4 jbi3pwl
Node 26: ultbnqg
Node 27: ppms6ba

Node 0: ouzo6s8
Node 1: abut5l5 pe7qn7v v3b0u6t
Node 2: 6badze1 80bltrn axrysjf ig0vjqg s6cko94 vuobu9j
Node 3: u1rdv25
Node 4: xfxsu6s
Node 5: ejq1d4h rcl8x15
Node 6: t0weruw
Node 7: 30jj0r0 e8mux2p tki2awe
Node 8: bwg0o8i
Node 9: 1zida7d k9zsg1y wl2lj6p y5oy4wt
Node 10: jnq6qwc
Node 11: 1pp3chl a7sd468
Node 12: bheuw6x
Node 13: loc7sxl
Node 14: 5rjx6o0
Node 15: w54cu34
Node 16: h9l0ren jfloame
Node 17: 35pjktb
Node 18: 02io7ql
Node 19: hieprkl v8369lo
Node 20: poizeo7
Node 21: f5w2a8b

Node 0: cf520to
Node 1: 0cvkzd6 1iwkffg 3tetz5s 5eox529 ah8rtmi akri3zm bbhkofw ceyxp92 i195207 qukpgr2 tim36k0 tlnf86t uhhor9i
Node 2: 9y6c0i3 cbku5y5 d42tagy lnobl86 pv8qk5d
Node 3: fkogv40 izuzljx lwerxxr
Node 4: l19sh28 ryu79ee
Node 5: 01a1de9 3wuxaos ajiz9ud box9n3p vy84pm3
Node 6: 0oocwfn kv1ur7c
Node 7: d58b6jb
Node 8: n7423fg
Node 9: am0el9c hihkfbb jgcw65q jieeuz4 zbfugcy
Node 10: amx2ihw fs6pmlp o5v8vdj
Node 11: 1973tbi
Node 12: h4g2hr6
Node 13: 7kyhep4
Node 14:
Node 15: ecxly43 h9mx9pz
Node 16: ldy0e60 o6h9ihc
Node 17: 29qdqhk
Node 18: 8drppe5
Node 19: tovso4o
Node 20: 4yy24mh
Node 21:
Node 22: btyu8q2 v3vec1j
Node 23: trhgqdk
Node 24: 52t81dy 71q7idc q8svx36
Node 25: wl7hgja
Node 26: kz49tgi z2j39cj
Node 27: dbdpvgg
Node 28: eke9hpz hdeerq3
Node 29: hwgswxy
Node 30: 0ftyr25 d6ym9ft
Node 31: 39022fb y48q21t
Node 32: et7iew3 xmfrvul
Node 33: qbihjys
Node 34: b7zo9l0
Node 35: c20gzl9 e92ioex glg2u3l
Node 36: rpy49qm
Node 37: 5ul81a0
Node 38: 0zexn89
Node 39:
Node 40:
Node 41: ssffqt8
Node 42: 0fhxj82
Node 43: t9tyxnh
Node 44: 55jeq2l tgq2ozd
Node 45: sfao602

Node 0: 2h10a7m 5ckvz68 6s4t6do 6xl9q96 87tl9x0 dypwin3 q1hnem9 qej90jc z5yp6x6
Node 1: 289b5ef w1u9j68 xi9rdxp
Node 2: 5vwcojz sszhs43 t5ny4vk
Node 3: tounjm3 zzqaknh
Node 4: wumtwyx
Node 5: 85bkjah b7p3cjp hxxv6yl m5ja0qi
Node 6: 036ti61 ek1m6xp
Node 7: e2ngiiu msoafae
Node 8: fo3wsd2 ls46e5q
Node 9: 3fph39w g1dir7t h9i5m5f iiqkxdq
Node 10: h0f4nve ht5wwxu
Node 11: 2a210r4
Node 12: o6vcsb2
Node 13: z9bxhrn
Node 14: z5cm1l2
Node 15: ukpgqjw
Node 16: y2ehy90
Node 17: 3srdm6i
Node 18: bdqunn8
Node 19: db0rt3b
Node 20: 3plugsd
Node 21: slnfxjl
Node 22: 8uappqw
Node 23: lmxrh0v
Node 24: c6ykq5m md3lkf6 mh42kt5
Node 25: 5f2hsl8
Node 26: lh3athy
Node 27: vziklzq
Node 28:
Node 29: vd0cle6 zlbsytu
Node 30: fqcipp0
Node 31: 1vu14a1
Node 32: 52yilk3 poempi5
Node 33: 0v7bof2
Node 34: 2rwso36
Node 35: 4yo3rh6
Node 36: 15yd7oj
Node 37: vsdypw7
Node 38: ezrz9ga o893sn0
Node 39:
Node 40: n1eu8hk
Node 41: jmzx7ob
Node 42: f1p2ni0
Node 43: lw9fvbe
Node 44: xit2aup
Node 45: 420fyrs
Node 46: 2bz9zl7

Node 0: 10vaq07 c51s600 crxjiqn e0jyje9 eaq1b4w pslgjxb qrabsdv x04yjvs
Node 1: ld2xija omwmcuh x1dmpf5 xry0bl8
Node 2: onw46n9 y4okjsd z36xsmr
Node 3: q0xpwco
Node 4: 2f8stxw a28lpmd it7qttp s1yc4sh u7fm1do
Node 5: e706pvx l41z8bt
Node 6: r6diup2
Node 7: 8sbqbyg
Node 8: lf1c9bp
Node 9: 2s7ihbj 33x94ze 3v45be8 45lcrqd bklz209 fimpo1e g4rzlow lgult8w msiqdlk n0fvilh pnwuq1a vu6e941 wx346f6 yrfcm00 zp2ggt5 zx62a4c zzf2fiz
Node 10: 1knmfjl 3bzm91r
Node 11: zhlmulp
Node 12: h4m92ul
Node 13: 3dinr1n 8m3ozbn gxw2jnf
Node 14: acmp586 wx1dkvv
Node 15: kc0fv9h
Node 16: pctocx4
Node 17: 4y0pfiv qep23px
Node 18: 5bhnlz3
Node 19: fqfs6eu zj5l1n7
Node 20: 8je29pt 9661f7a 9k6s45o k117o2e kiqak6j suu70vw w3uuvlt
Node 21: 0rkt7o1 8s23ein s21ri69 ttb2sdi
Node 22: gwxj0ts
Node 23: 1zlqpbe dne1lg4 jgnn620 sbypfwd udwdehv
Node 24: xyolsf4
Node 25: sqmdlxi
Node 26: o8a33vj
Node 27: fqm5kiu rynas8e
Node 28: eui8dul
Node 29: 2irwlh9 txl8k5x
Node 30: xgebyx5
Node 31: mayan86
Node 32: dmm3eog e2cr4sm
Node 33: r8psi53
Node 34: oknp2j6
Node 35: de0haxm
Node 36: 2htf11n
Node 37: 2bfw35y 8g0edrp ef9vmzf mkgpswn
Node 38: uzldoco
Node 39: 8awrph0
Node 40: a7p3yf2 xabap5n zbswcwl
Node 41: flpzww2
Node 42:
Node 43: 1yjtlgf
Node 44: 3pxbva3
Node 45: vx2xvum
Node 46: 7te5uaj
Node 47: 4fwi4gg
Node 48: knchtuo
Node 49: wi1wd2z
Node 50: 3sxvgdp

Node 0: ds2y8tw ria4dqd vffzf6h
Node 1: 4vk36ul 58hdnld hnmkt3g tuv8ga7
Node 2: 8kj34wi en10sd8 vaivyo4
Node 3: yv8c818 zetldox
Node 4: 0tfipyq 8uup3iw ev65bci gu5gidk jczrni8 kntems6 nj39fh5
Node 5: vnpx5rx
Node 6: 3y0erfx 7l9iu6c bxpb78m dbtbeh2 pqfgkeo
Node 7: us06t88
Node 8: 7lokala iv1v4g5 mus9jmj
Node 9: 2742qsq 4296o5j hpo7d3f
Node 10: r2hvg0o
Node 11: 6n2t5io jnrvl6u pnihelp w4kcljl
Node 12: 78oo322
Node 13: x8t1d42
Node 14: d3qioh2
Node 15: fz5dvnw t7jzfaj
Node 16: d8moe6v
Node 17: a54t2cb
Node 18: jli640j
Node 19: gn7kra0 hcf02pg khkm6pf
Node 20: uvwd928
Node 21: l2mrfvl
Node 22: cpms43x
Node 23: y5kjpzz
Node 24: de2v4bo
Node 25: 64bmhup
Node 26: 33u5c2d

Node 0: 46em064 9gcu8m5 ay703j7 blbrp1j tt2uy6t
Node 1: 4wwxqkc ec3xmat xys0uhd
Node 2: 2zd4yck 7zbtohz bfqwmkw cohwrvg f77sn9h ifqelld paqgqy0 py483p0 xugzs2z
Node 3: she2w4i
Node 4: pqzjp4p
Node 5: f3fiv0n
Node 6: 1o4snea 7jyo1vh 7l4rzc4 gvddgqf kpm3j57 yzvnkxu
Node 7: 3mw7ng0 7cdqpyn r5l61su
Node 8: ero1a3k vaqhom3
Node 9: eo5r4dk t7siwe1 uglhe5z
Node 10: tqu0d3q
Node 11: s5p53fb tj53u20
Node 12: 39gy55m
Node 13: hfwn9b0
Node 14: rw9emwg
Node 15: 2zrv8zv qjez1b5
Node 16: cibt5wc
Node 17: 2ukijb7 ulczrm6
Node 18: 6ui2o0u k4t2z1m
Node 19: 8a9bx7v
Node 20: ry2d7el
Node 21: nwv04jp
Node 22: c66ow8l
Node 23: 846dvk2 mjk9lm8 q512s3y zn4augr
Node 24: c0gb2zo mvjlync
Node 25: 5eu6i43 8qqhdc4 9xslnh1
Node 26: yuimv04
Node 27: 9slrytb
Node 28: 2o6rdyz cb0c6la
Node 29: jdhdljw
Node 30: 1wp7eok
Node 31: ali6ohj ymq4in0
Node 32: wf9cnu0 ym114ih
Node 33: qsnhbab
Node 34: olan8m1
Node 35: 1x2n3ip
Node 36: xtg4g37
Node 37: x7go5jn

Node 0: djppp8v ib2kqfw m7yc2xa
Node 1: 1c38bif 892coe1 brorzlh f1u1lx2 kiga6d9 okp4fn3 u58b5mc vzheef0
Node 2: asa9yso tpv7c8c vmynsst
Node 3: 0po3f0t ipb66u6 kw7btyg
Node 4: ds7iolo
Node 5: yrig4ff
Node 6: 0prbvjc 17jwe9z uohkbbu
Node 7: qtq3bi7 wq2j910
Node 8: fuyltgo htghlmn
Node 9: 8wkfiyx z3vgm8y
Node 10: nitpnlp
Node 11: o61sxqc
Node 12: ukbyg6b
Node 13: 35ykvml c29y169
Node 14: msudiur
Node 15: 8vnbdbk
Node 16: 24b7xdz
Node 17:
Node 18: sd8wd7o
Node 19: sf505f3
Node 20: f4eaet1
Node 21: sffwwvr
Node 22: nf1gdcy

Node 0: 0nm7v1r 42oz98j
Node 1: as5kdxq
Node 2: 3818jcy
Node 3: q3gibyz
Node 4: hmnj0x8 op4l8ds ow24uf1
Node 5: x9ekqrz
Node 6: 0wz6urf 2sc4by5 4zf2pzf 5nw26p7 68abwxq pmdvup0 t7f7vxk z0qwavv zswg8vv
Node 7: 4bcgtfo 50f0ypn 6xz2nro 8svn9lb 9kvm7nb n8ev7bm o6m5kx3 oc05f7t q6zhl7p
Node 8: 3c2lcyh 5m925fk 5twjk3w a5djx5p bnycz3x ifghutk s3qb9uu
Node 9: 6cuvm0g e5d0unq rm7r79s sz7pbpp vqlw7tv
Node 10: seocme6
Node 11: u62p9cf
Node 12: 0wn4aaz
Node 13: fj5tkui
Node 14: zuzl2iu
Node 15: 2uc2iaz 8b5dv1w bi0x3t7 nxc71hq qm1kq40
Node 16: 5t54at0 ey9jx0g
Node 17: r64nxfw
Node 18: 3pawn8f
Node 19: s4zdtrv
Node 20: 15kmnxu
Node 21: gnyy7fr
Node 22: 6o7ki81 6u9osnv
Node 23: dd3pzls fsdt7ww y25hks2
Node 24: zoy0aqy
Node 25: m2adnm1
Node 26: 1sfwpy7
Node 27: 3p6zayb kjn2ows luhx6uu
Node 28: 18o59ef d8okrmb
Node 29: 4qpdbhk
Node 30: dyq8whz
Node 31: w5s24qc
Node 32: hz12jf2 vhuwl03
Node 33: k8bo8vn
Node 34: f5k7syd
Node 35: 4bfoona
Node 36: a8utnxw
Node 37: 8vbsj45
Node 38: ujlpktj
Node 39: 948lt9z

Node 0: vuza8xg
Node 1: dohnztt
Node 2: 331vz9g 3vzfdls 63rxvs0 eevmbnj ge69fth jl72iwy lem3wma qi8wesd s82vb1b
Node 3: 1n306uy
Node 4: 6pek48h nddj4w1
Node 5: xdfui33 ziwvgl8
Node 6: 6k9z95h 7bfuc81 ob43fpt
Node 7: d47jgo7 lepowox
Node 8: va6obmh
Node 9: b38t1px dil7z1y
Node 10: 2b4q9fx
Node 11: 0oplaq4
Node 12: 7qu5m09
Node 13: 949ocjr

Node 0: uhg0vc9
Node 1: 3k1a078 bx8ltj4 c327luw dqdxc9g
Node 2: 97u0rzu
Node 3: 2f9lh71 2t8n8wz 49xhzf8 bvsbol1 ciblzny elcsmbu etkodwb g1oopmc hhm9qay jhvsggb py8dro9 qtr8fkq y6drooz zp0x1a6
Node 4: evuuwzw
Node 5: k7iypl0
Node 6: xkuthbc
Node 7: 3p6n42i
Node 8: xu6kdlk
Node 9: 8fn7wm6 a3lcsrr
Node 10: otzqqyn zkwa03o
Node 11: 8v3i43p e9vj41a
Node 12: e2xab1i
Node 13: jak9zli
Node 14: 3oqhs8v 9wo10wu phbuaez
Node 15: i08u5uy p7krgjb vwspkcb
Node 16: sjgycmf
Node 17: m32sv9x
Node 18: 57rdd36
Node 19: 9nc4aka
Node 20: gzdf6qv xcjadig
Node 21: q2f80my
Node 22: qtuoco9
Node 23: c5f5yar

Node 0: l6cuxwf
Node 1: jeuhylj nk3mvdo qpxcvbr rsygw7f ta9b2y4
Node 2: geu2zzo
Node 3: 01veox5 grtcqwr nfh0pjw sy5ydly
Node 4: 4vo5w1k c1w9jk0 vu4o89h
Node 5: yl8pww6
Node 6: ibftde8 tw3p5m7
Node 7: cq2xz0c
Node 8: 95066ri
Node 9: 48xrxf7 d6gynml k7iq401 wz853zo yemhrfo
Node 10: k8hgkvl
Node 11: h891n2l l37regx
Node 12: 1uh66tw 2qdvwpk
Node 13: 04rg1kc 54e90bw 8l7p84u szfz4bj tnx3vqj
Node 14: yq4kqfk
Node 15: al06lqv b1yzhpr ds1rdm1 nqjjalg
Node 16: z2d82zo
Node 17: t0c4bzp
Node 18: ygtknf7
Node 19: dn818ht qokf0hu sbrj45j
Node 20: 3gc2u5n 9y58w70 ey2ejer no9b5ht
Node 21: i89cdbo
Node 22: 889lqre
Node 23: 4fo8nys 81vfiro nxtgqnl
Node 24: 58k6gdx
Node 25: ozihtlw
Node 26: 6xfwze3 e8e6951 mpxntrn
Node 27: 9dlzshy
Node 28: b1pzqeu
Node 29: zem7w6e zpeuvxo
Node 30: 9z6x6yt
Node 31: 54k3440 nrb49kz vcv3jzv
Node 32: lo8ferj
Node 33: v2zp4dq xygmw2g
Node 34: uk0qyww
Node 35: 8s4emlo
Node 36: 1mmqjt3 f6er5e4
Node 37: e7sfuuu vsx8rpk
Node 38: 7vpu88a
Node 39: 3f15oa1
Node 40: tjp4gzh
Node 41: ctgz7ju

Node 0: 2ami08c
Node 1: 7kjydwo avno432
Node 2:
Node 3: o5qpx6l r58tpsf

Node 0: 087vz8x ik13lps jwtmnrt
Node 1: 6mf09mf
Node 2: wztu4np
Node 3: 5nb1qsh qc5984i
Node 4: 45b7qxk miqwl5w mxbjtu6
Node 5: lqqfsw1 y8dl1po
Node 6: 7vboufr j0ybg4g sdjb9mn
Node 7: 03is0o2 75amsap d1q90nu e1s3j5b gaoj98f vsbbccd vzpj9us zvq0jyk
Node 8: 9lxp2n1 ebzj9hf kgj49jp u158hgw
Node 9: tjyl65z
Node 10: ctn21vg
Node 11: hsbxtwn nu8ncod ycwa1po
Node 12: 1oszgou ii3zts0 jjkpadw
Node 13: 9qkyyap y1sbue1
Node 14: rpt2vla
Node 15: g3my45g mgpq1hv
Node 16: uatqqh3
Node 17: 8wccsma a0zfzhu
Node 18: jngll8y qvvyajj
Node 19: edy8pgv
Node 20: pee41cw
Node 21: hncuz3b
Node 22: 1ngpr2v
Node 23: 6qu4oyk
Node 24: fia4z88
Node 25: u4lvqbp
Node 26: lmz1h80
Node 27: 1p3uhue 4gw13az
Node 28: yau6uuh
Node 29: g0484wg
Node 30: a1jmu6b
Node 31: hijgazk
Node 32: iho2oay ykrisd2
Node 33: 3685cf6
Node 34: 0s0yyu5
Node 35: 0g4ztjv o6dikwd zjkf6k2
Node 36: 5xfgwwr
Node 37: 0bodaug
Node 38: azjb6je
Node 39: nr933qv
Node 40: g77va38
Node 41: ynh8jwl
Node 42: j5vsy9o
Node 43: bhw9f4d
Node 44: aa060tr

Node 0: 5gzibhf a00c666 a90d8ta p3gypo7 rpqahs1 trxr82b urqr93y
Node 1: 024z2xc 4i42ziv 9n14e8y nwqloyr sdzekgp t43fqmv tsbuu4n
Node 2: 4ktkxj9
Node 3: u0lyf3c
Node 4: cms5i5o ctzyarr h6vd7w6
Node 5: p4u6073
Node 6: wpef3zp
Node 7: 5wvsj2p
Node 8: 4f940vp
Node 9: arpox4w
Node 10: y4res7i

Node 0: 4ivsa62 ogwemoh
Node 1: 17s63ff 5b5k97l wimq0ha woyxh3r
Node 2: 1wcomrw
Node 3: clqbj4d itz8mn9
Node 4: 3uc4vaw
Node 5: 2dxa44r
Node 6: etqjx1h
Node 7: 1y2f6tp 2paa1cx 8v8erwe fkx23p6 mw1yitc
Node 8: 2utriij x1ex0xv
Node 9: 3e9yikf dn4e2ry eh36x4k fk3ix1r hqt7adj
Node 10: 4t9n3co m97e82u
Node 11: 2lu3xaq
Node 12: qox8w3y qtjy179
Node 13: r0t5dvg
Node 14: 4ucr6dx
Node 15: 6i7udk2
Node 16: yd6qa16
Node 17: 4asuoz4 j7cx8w4 z0irux8
Node 18: fqqvhg9
Node 19: j45e768
Node 20: j2z46uo ndu0pwr
Node 21: jptae08 ucztohh vs2j99t
Node 22: 0bfppbm
Node 23: kmof9jt
Node 24: 5fxw90d
Node 25: meneaoa
Node 26: 057vnuz z1psjll
Node 27: urrynfi
Node 28: v6l32hh
Node 29: pnokxdv
Node 30: psnml07 uzqkrwg
Node 31:
Node 32: kvd8hke
Node 33: 0q87n7i w1nmthy
Node 34: phs5mnp
Node 35: 76btfd2 qsa61sy
Node 36: xabb2bk
Node 37: 9gj1pu9
Node 38: busxc2t
Node 39: 30hu8w0
Node 40: f1qiy5k
Node 41: f8ww4g7
Node 42: pmm9qao qief7jk
Node 43: 18ltvqi 73t454m
Node 44: a7ln1v4
Node 45: sg91ruh
Node 46: hg14mqh
Node 47: cxxabkp
Node 48: 3q7cgtn awy7iz8
Node 49: cjt4dab

Node 0: 8djuma3 k4hrd28 ws47tt4
Node 1: vlgif7z
Node 2: 6ud89pq glmv32o lj7zupm yl42bzq
Node 3: d3jkpxv
Node 4: 07y8vls 0v8etdl 5wgn3h8 8dg6rpx a9t8wgi auxnopd bh9n5mz de64e8a diepa1u ei1kgne i7ljeey khwylsa lgnfi0m nvcsnel oywii42 sqllb3t yb4mn1e
Node 5: iy4aslk
Node 6: m6smywj
Node 7: jlie33t kyaoen2 ujun7fz
Node 8: 4j0rtrb o23x4y9 pgttu0c
Node 9: fe8cvii
Node 10: 91wkxk0 ngq68fs op2e4u4
Node 11: r7jgpy4
Node 12: 5itvqtf
Node 13:
Node 14: dvgycqx
Node 15: 1yqtjah
Node 16: dy719zk
Node 17: zi7x0ri
Node 18: cq3xpl9 pguada0
Node 19:
Node 20: 2m1edjh
Node 21:
Node 22: kx6a6ew
Node 23: zpzhyga
Node 24: a22imoe

Node 0: s3zswfn
Node 1: b9m44e7 offfp8f
Node 2: 4mu0zwz hwzh5ou ilfmdar t282ka6 u197l21 x1p1r0y
Node 3: 16j8waa 2702uf5 5suyz08 d4tblru eobjily frhflq1
Node 4: veaeeu3
Node 5: bi81lc1 la6784c
Node 6: r94ujo2
Node 7: 4cx3m0v
Node 8: cq20gtm
Node 9: iucyur2
Node 10: 7s53jkv
Node 11: 30usut0
Node 12: 3a6cunf h425vjv qav33zf
Node 13: s3c0qn6
Node 14: 2mk9tcq
Node 15: 58yv2w8
Node 16: yomxj7u
Node 17: 3zl5j11
Node 18: ewtyl5t udvszox
Node 19: jb0so64
Node 20: 144g5d3
Node 21: vq3d45r
Node 22: xjrspwf
Node 23: 8jko0cm
Node 24:
Node 25: 7v6hlpc njq8y8a
Node 26: 4e9uhdq o0t7u5t
Node 27: tq7vept
Node 28: hx6271o
Node 29: tbr35d6

Node 0: dogm760
Node 1: 3oekj12 f5a8c61 lc62gto v20c3ge
Node 2: 6yu2tww
Node 3: 21f3xf4 9k6641p caisim6 xtg1uqr
Node 4: 15bpfrh 4v3dael 5x0epy6 djrvmdo gli120y lm0q45q xyw8z6d
Node 5: 1utiz9z
Node 6: 1kvhma4 qjvsg3v tr0v9zp
Node 7: 4r59nn4 81pdtj8 890bxie jaayzw5 kopbsdc xtfyije zfkglyw
Node 8: dg8wf0d rj81bau
Node 9: tffvnfj
Node 10: 0naypvk
Node 11: ghyp7wo
Node 12: 3azmyn0
Node 13: pf04sic
Node 14: ma7gk2g v77yj0u
Node 15: 9dcc04j h6cpxe6
Node 16: 1km7iwp lu7epol ztr8z97
Node 17: 37vtkpk gi8fu74 hmlmau5
Node 18: 68iqkqj
Node 19: 6io30bs
Node 20: l77ntry
Node 21: dctlptz
Node 22: 37fjhdz
Node 23: k53eidy
Node 24: mjjxpgq
Node 25: cn7j0bd dvdqm9n vn41xjv
Node 26: r8exgue z81qeoh
Node 27: rcx2jaf
Node 28: rg7naha trdeon8
Node 29: ca1v0zp hrcuzoo qt5rwby rkyh4t7 seamv3e
Node 30: p713bdt
Node 31: hto549h
Node 32: bieu3q2
Node 33: chdsrkq
Node 34: g2hkfi0
Node 35: k630ydn
Node 36: ye22wt9

Node 0: e6srsuq
Node 1: lxqldwc
Node 2: 22qxkk1 8uuhq89 ex81317 hkv99k0 qo0d3jm
Node 3: h77ggcj luzmr8c r0b2at1 rmurg76 t6despk yt1i4dl
Node 4: 2og0fff 50q47zq 8a0jq30 aetiwgp s90rjaf y7bzyug
Node 5: qih3n7o
Node 6: cd85alo t88dvom
Node 7: p9fexd1
Node 8: 6n8tm9v s1wp2pq
Node 9: 3rsihij
Node 10: p5n1bhs
Node 11: 4bbflz4
Node 12: dqeg9en i83lvxc
Node 13: bow73ki

Node 0: 2mpzbq7
Node 1: 1uuj6ha
Node 2: 083okdf
Node 3: 3jhf99t 5ztnf4l 9usikey d4hy2dh qdsw4vp smkosef
Node 4: klxmcjy svbxyq7
Node 5: qorw3cb sss20wd tqcompt
Node 6: 1ls50jv 1w8rkv5 li7iebq
Node 7: 453q0tj 73js4b2 jcvx8rf xjdki3p
Node 8: olglzua
Node 9: rdbqkgv
Node 10: 98kjj6j fmtipat h3sblz2 nfn11m4
Node 11:
Node 12: 8c9cbg2
Node 13: 9oeczn5 o5x8pwf
Node 14: 1vs6fn4 jg5n2s4
Node 15: 4ckeauu 5qdgc3e
Node 16: ajhmzjt
Node 17: vvyy15m
Node 18: ufbul3x
Node 19: kpf4zsb
Node 20: 66cm1h0
Node 21: 4xl9ilh
Node 22: kcihk1q p9umaj3
Node 23: f01mhhp wim41vj
Node 24: zsmgqxq
Node 25: 62egxrj rakf2ch yxxbvp4
Node 26: dz4v23a md3wdq2 n9mqwm1 xkfk4xq
Node 27: v6kbmq7
Node 28: 8jxpikb ry9d7we
Node 29: e445io8
Node 30: 7713hox
Node 31: lcj1xnt
Node 32: 0dhnrss gblfu0n
Node 33: qnp1503
Node 34: t243rr1
Node 35: vdqmi3b
Node 36: ut6gvs3
Node 37: u7swme6

Node 0: 43vdq2b
Node 1: gle0706
Node 2: fpmw4cw
Node 3:
Node 4: 792dy0n fkdez9j
Node 5: 6z3zalb
Node 6: ctr1hs8
Node 7: qbuq544

Node 0: nf7hc88 p9b5ux4
Node 1: 7z4ys33 8l4tm7g 92brro3 axycw16 iginrbg k7d89pn kqrxftx lk7sood ndg6w4s o889jir qszl9ek yhe2hqq
Node 2: q1jf8sn
Node 3: 8l8ipm9 r7rt3nv
Node 4: 2rf8k4j lqx0raf mevp7ww mjkvafv vtm376q zffljkb
Node 5: cqm83u1 p0ch4fj tijeav3 uf72y4n
Node 6: gmjnw4j hp3gi4z vbvqc7r w938so5
Node 7: a0li9ue a9dez63 dpu62l7 f64bmrk nr8klj6 v30wxig xpdbh2i
Node 8: nb9j63c wen14dz
Node 9: nknrdin y1l6m7t
Node 10: hg7dzn5
Node 11: 7ofi004
Node 12: xw9l1p2
Node 13: bpj22t9 bxvmnwz gtg0g19
Node 14: eyi2q5z
Node 15: tvmh4gh
Node 16: 5w7zzoo 9rlzj3a c1y6k2y klp9vcp nmw4wsm sykcmz8 wxlpumy
Node 17: 4xs517a o0q9kfo s7grqe2
Node 18: 629r88n 7o3p5gf ftq6bey t84eno2
Node 19: 4j0kaqb 8p9s9hy d4br2q9 mwh1a89 vm8xkkz xbd35zy
Node 20: mgzfzw9
Node 21: br6uwwv
Node 22: aak9lao
Node 23: 3oc2z78 bnz2jjk
Node 24: hmecyit
Node 25: cofwt11 k3ipfwl n0z0qzs
Node 26: evhe06o strm7at
Node 27: 3ziinc9 7yc5cme clcbizd
Node 28: ex6uahi
Node 29: r6pdawa
Node 30: 46u7tdo
Node 31: u1s8cjp
Node 32: h29u5z0
Node 33: gddt1gx jlelz5n
Node 34: 8k8crxu fwc0b37
Node 35: l4kpymx
Node 36: cpmsf0b
Node 37: 1m05zm6 flp9h3t vmylilt
Node 38: jc2ic84
Node 39: tax5hzv
Node 40: gtz4ia3
Node 41: h9fgig2
Node 42: 9hg3dwt
Node 43: n3gkwm1 rz53x30
Node 44: jh1mcdf yg58ois
Node 45: 0lj03ls
Node 46: yqh9hu1
Node 47: 9i518vf
Node 48: 07673z4 8gven2t a0jk3jq
Node 49: w48cvpk
Node 50: zcfyy6l
Node 51: ispbest
Node 52: xjottgv
Node 53: v40fwjg
Node 54: jbwb741
Node 55: pdu0sar
Node 56: tpqh76h
Node 57: ha8l98v

Node 0: a8gp5gx ao3doit bl27mss f8iqos5 o4jfyhl rqstt76 vsxvr8g
Node 1: u64aqp8
Node 2: 2uymzj8 kp496a7
Node 3: e48y9fz
Node 4: li3131r
Node 5: 6fgylvw
Node 6:

Node 0: xas49ws
Node 1: 3987sgi 7gdncpa t998fah
Node 2: 08cvebp gulfdat jp75mof
Node 3: 4p30vlj 8n86vb4 a81qhao kgchjp6 t67ogyy ul7ye21
Node 4: 3eb0ulg daf5hpf gbesajx gix9xqt gqvc3fa kdgacf0 l5c58j4 o994366 pb0exbt pj7ziut qumz7nj rt20rke yade07e yr7g99i yt7s2xr
Node 5: 5q7korr jjpctvi m7qcork secms2u sq50seg tkysnrl
Node 6: b65xsop
Node 7: ex6l90x
Node 8: a17u2s7 e7dn8yu u4weca8
Node 9: q3fbloc
Node 10: 499edyo cj02spd f72v0kn gsg2fbs p4b3zdb wu6ogzv
Node 11: 9j6o4lb
Node 12: 0k1n85x bi0dhzq joomxf0 sioyhyu
Node 13: 6rthvej 7ezifl0
Node 14: 974ken1
Node 15: 5ruefzf
Node 16: hyxq6bk
Node 17: jf37jiu
Node 18: sjl1oi9
Node 19: 4lyinkt 6ybffk1 dutnc5n msytxjm sm4aueb
Node 20: tkszyl5
Node 21: i7w0t5a
Node 22: mpnmdio
Node 23: c1i36yt dwfzpyl
Node 24: d948k3b
Node 25: y08ur36
Node 26: 1f588hv
Node 27: hlqp8ac o6z90in
Node 28: 5tboi96
Node 29: 1cwefn5
Node 30: dbfzooo fvgm6t7 iiq3r2d w15ygcq
Node 31: mbvspag
Node 32: t7h2c64
Node 33: nzfqacq
Node 34: 1yq0jgk
Node 35: ckf7yzt
Node 36: tdca58i
Node 37: co66eg3
Node 38: i4eevuw
Node 39: f6b25cv
Node 40: njbkvq7 q0noyek zr2j8tn
Node 41: tgfkq5t
Node 42: kjo269z
Node 43: 10gdgj2 7emd3rj
Node 44: rchf0bw
Node 45: oic71a8
Node 46: zcdwd2x
Node 47: 7ly0oxa
Node 48: p5tk5fy
Node 49: ziimafk
Node 50: 1du96op
Node 51: 8av0l58
Node 52: 1y92uta
Node 53: mbqdb6d

Node 0: 7phl472
Node 1: 4koqus7 6m91mjq 8pp8nek fkl5xk2 wj5quab wx28ktm
Node 2: 7k9xcbu jxrcjb3 q0giqys x176lff
Node 3: 8n7pjcb bez2s1e
Node 4: 0tg5f7f
Node 5: cp68kd2
Node 6: 6axbo3n
Node 7: 6ieoqi4 tit41om wl9z5ps
Node 8: f1zcafm
Node 9: 775kywz j57jkla y453blx
Node 10: hh09ow9
Node 11: 0vbc4hl egqpo5e swc62lt
Node 12: bqvwu5n t5hnzt4
Node 13: j0tzz10
Node 14: 3c3kknt zwvsmq4
Node 15: 7myj1vd
Node 16: h2dhdil
Node 17: otbf4k6
Node 18: 69ldpey
Node 19: 0qz5jod
Node 20: vrrkmd2
Node 21: hellsej
Node 22: 3e1kzua
Node 23: yf20ssd
Node 24: besi2xd dtdjpp6
Node 25: 3l1fevr
Node 26: ooqoq7k
Node 27: f7d0zc1
Node 28: yp1knsg
Node 29: x7fhe7t
Node 30: aougezd
Node 31: hjuzu1d
Node 32: 5n45o4z

Node 0: b1hz2xm dx5d8dx hpef7jj i6glyte ieidhy6 m4beaf1 nu2nhsh pk19db3 q7156m2 reacacb uu14d2w
Node 1: o3obvek s4tb10e
Node 2: 1l6ygyf kkkjxx5
Node 3: d8he7am g7cnoml jcn1i2q
Node 4: 1k3k5yh 2rx6xo0 3nr4uij ap6nmvc f459qar g41kom7 oz57x7o r8d19x1
Node 5:
Node 6: 0t853w3 2gfll90 720g97y iprx7g9 u4vua65 wyrjsw3
Node 7: 796rrii 8o52zec ax7dtr9
Node 8: 6ghm744 ue04w29
Node 9: k31o2g4
Node 10: vuy6u7a
Node 11: 6oxokfy
Node 12: nh0med1
Node 13: 80spyui
Node 14: kw42duc rr8emwr wkt6uli z9kzbg9
Node 15: 0ibhopw 6zoejaf
Node 16: 26ectoi 3fhfyz8
Node 17: tkcrqju
Node 18: 2xlunyp
Node 19: gmfgbvw
Node 20: b6is8zi kgy6g5r
Node 21: d113m4u
Node 22: pehejh2
