Node 0: 9drp3ak gttu4cr oi3736b x995oia
Node 1: 01c0pdt 5fbiohe 8b6sxjz fv3xf6o h4esxmh ksvgzrn pb1pioa t15qmo2 wahf0n3
Node 2: 7kg320d
Node 3: qmw5yxk sgnbwvl
Node 4: 1mqg8uu 7ch0jky ehh8d3z fw1ihj4 iva8bjb oded2c3 u0epvub ztwumyo
Node 5: j7vslht
Node 6: vv43r12
Node 7: 6gyvd81 euvgnue yy5yrwl
Node 8: zdc2rjh
Node 9: 3ukzekp 4u0ahyq
Node 10: p6oj2p3 r6s2q5w
Node 11: io9grxs jimx7ro lmcrtfx nwcprfn pt2ljiq
Node 12: 7zbjqd7 hrijonz
Node 13: 2b8hftg wkwn9x6
Node 14: apdu1lt
Node 15: qoq2u9n s2qt1ms
Node 16: 5lktojr ybdjtuw
Node 17: fpmy9at o8lx0ve
Node 18: 81g75w9 mq45glr
Node 19: 2k1sfkh
Node 20: 4gacuw8 8iuokf7 pntz8l4
Node 21: 4ch26u5 ektmdqz h92m6fa m41a15r
Node 22: 69zca7g
Node 23: 515c2gu
Node 24: 09v33mj
Node 25: mq22wsv teegfup
Node 26: 076rddh fcsysac
Node 27: 8hlb4gw nv5sg8u p252meu suwvumd z3y2hwz
Node 28: 3ln6uoz w4ipzzo
Node 29: 0avwf88
Node 30: 860j5rw ql6pp0t
Node 31: vgaqv12
Node 32: cfrk04v
Node 33: 2b5lnie
Node 34: uoj6vgf
Node 35: f8vp90m
Node 36: r08sqjb
Node 37: nk7ged6
Node 38:
Node 39: 47cyvfd fnn9a9t
Node 40: w8jyo0q
Node 41: gdb0zqs rpwa794
Node 42: 6ueakkm ua3d1z1
Node 43: studjqx
Node 44: e7lt0hz
Node 45: 61mead6
Node 46: b0p4l46
Node 47: 63wrdz1
Node 48: w0twxqv
Node 49: 7dzek6a

Node 0: 6lt8zbh ch3gds5 cqfn6wc cuuq405 hlumo1z mr24nm2 n97py5e qeo4sgc z7ypxx3
Node 1: 4a2uw7z 6kl0m0i eryp27m fsore5l
Node 2: lmw2p59
Node 3: am4rhbr ejjitcb qp0opfv rvoqp2b sjn38o1 v4716vd
Node 4: 33acztw av0hab2 fcwkdjr fs2xxvm
Node 5: 7p5inz8 xj4nxtp
Node 6: 548k9o2 fq297eu haqujla
Node 7: rmdovrh
Node 8: 6w15wbv
Node 9: 2wbplz2 d7kulns hdpc17r
Node 10: 2rorhwn
Node 11: s3tb6ph
Node 12: 4pj4ky3 orf5gmt
Node 13: brr1bk9
Node 14: rczkqcr
Node 15: sbqyayd
Node 16: fippm58
Node 17: 6is256p
Node 18:
Node 19: w8b66x7
Node 20: kjjgcev
Node 21: 7tptksh
Node 22: 5l5jokw
Node 23: 3g989ba
Node 24: gumtfbe vb8iwh8
Node 25: bl7jyx7
Node 26: tjjdjc1

Node 0: zljohww zovpx0j
Node 1: 1s1x40x 280hlne 7cx4ti0 a6l7mus cqmeysc kxh8aif mer0osm
Node 2: 5jsi4p6
Node 3: 0fi7n46 0pqbsq0 bfpaisb
Node 4: 1rmspyh 2tabclt aqxkhlh b7fz0nr dxjc955
Node 5: 17qlml2 1ng59l5 1yh0srq 6f9ft7e apvot37 ceheetj k2ss26n r5so7eu u0e9bcw wjsrqqx z6nzd3o
Node 6: 5c06d8z 7edvrtl
Node 7: ox1ijdw
Node 8: yo7hw9q
Node 9: bxgcktr sniikp6 splstjh zekh7ut
Node 10: 51v8zue
Node 11: 4aleyqa 4s4vquf cfw14vr
Node 12: rmzrbol
Node 13: 4s24a51 d5m2snw g8gxkr1 n4midy6
Node 14: nfgjxtq
Node 15: 8v1q3vy
Node 16: 7wg3em6 v3xweb8
Node 17: wrv5wyo
Node 18: v75lbpu
Node 19: 0kc1xzn
Node 20: npot6me tnzgs3v
Node 21: 8kztuon
Node 22: lopi2bu
Node 23: 5nuj6z8 xzp3duj
Node 24: oojewoz
Node 25: 7f35dv8
Node 26: 66gf6o6
Node 27: rmreilc
Node 28: qdsmvws
Node 29: 94c79bb
Node 30: rr4ydmu u6c76eu
Node 31: 832ea3e
Node 32: o35reas
Node 33: 8v5ne26
Node 34: it60sq4
Node 35: a42hk0c
Node 36: 9o29in9 mmjyjrs
Node 37: 2zz0x3k 9ayv6in f0od7w8
Node 38: b8dgoyn
Node 39: 2184fox a2vuu7q
Node 40: rttflg6
Node 41: a68dhck
Node 42: xq0bvxg
Node 43: 67065k5 x2osa2c
Node 44: co49p9z
Node 45: iy2n7ol
Node 46: owyngh9
Node 47: 69ive9s
Node 48: wlks65o

Node 0: 2mpue80 9l2ufy4 an3xk5r b5qeo2c vcehfxi zmuve20
Node 1: vpdxruo
Node 2: vvhcqep
Node 3: 7toj82b e4tnwis fbc2o42 i90farq kydnhvh lkrwjpl v8tpxdu x88kkpj
Node 4: 8i6ho8r
Node 5: 04zzo8w ekom0f5
Node 6: 30lamhw
Node 7: 1x2vcnu 2jtzxv8 7maqnny cj6vfhg d44qqtx dq2aezf dq3ssuc jxjqfwq n8b29lq qek8ekf sjb1vgo vho8cmo wu5s6b0 z1ax2f6
Node 8: 3hejutz nm255b0 oqauqw3
Node 9: 38mpae1
Node 10: 23hshfz
Node 11: 700gtgo i5nstsi
Node 12: 05din5x z06qetc
Node 13: 34qoqwk
Node 14: wqxjiz2
Node 15: 0ptmemw 3zumk2l
Node 16: uhn55jh
Node 17: 1tlomjo 9pxpzan bft0p6u ft2aa20 z1alqgg
Node 18: 3o5bkcz wwiyto6
Node 19: cxsusqw
Node 20: 10c087p
Node 21: bb5liyr
Node 22: 6bbgmex
Node 23: 9czwqcp
Node 24: o4kru36
Node 25: kabttb6
Node 26: j804rxg
Node 27: 67haun0 8z2nzzy
Node 28: gnvuiaf
Node 29: hux8iwz
Node 30: of98j93
Node 31: 72e7qvo
Node 32: 991hjd4
Node 33: deh6h4z
Node 34: echy2va vdp6u39 w1pvr50 xfc908w
Node 35: zeiqg5h
Node 36: d1auov0
Node 37: smpq7qc
Node 38: du8p0xk vcykocj
Node 39: i5hc14t
Node 40: txxketq
Node 41: ruewboh
Node 42: 8y59tnn
Node 43: s4txccp
Node 44: qghnjj2
Node 45: 1dz7mkj 4hi709e xz0al27
Node 46: nykv470
Node 47: u7j9sqj
Node 48: bvznr1o
Node 49: hh9s9m9
Node 50: uil4mwd
Node 51: 3lvcogb
Node 52: tf1yj03

Node 0: 13vcact 1hl854e 4s9b56x 5duub0d 8z8sp9f bxkokem cwwzuia nirmcxg phmvla3 pua8z88 x1a375d yalnbq5 ybcapwr zrdvk23
Node 1: 6drwy1z jwx2nvh y1bulvg
Node 2: pm7o3si z4fkyjg
Node 3: d358zni
Node 4: 69ycs2e brdl4dz bspz74p j2wbsyu jmax7hr nmox51l woa7glx
Node 5: 4qxatv4
Node 6: 3ar4n9i 3p2hndm f4ozen2 g48rb8i h5tsf6l hol4kej k0153v5 nibirbe vbzvia1
Node 7: 4h5hxdm
Node 8: 1odj7ef 372g2gg 86j2xs1 ke6opz9 ny7945g
Node 9: b4kh8zh y0q6fvk
Node 10: 8phrqs1
Node 11: 1gjhon3 91y7g8l dqd10wb irrlul3 ktv2ko6
Node 12: 26izuge 2sypr3r abir9oc azphu6c j9d42rt lczrrlw
Node 13: 0xsv08i c8i9n1x d2mqeq3 hdtwdue ov4s2jz rf0wkdf vjqe0fw xpa7fsq
Node 14: a7yo9cg uqswh8z ypyhsb8 z1kgzyb zyudgpa
Node 15: 527y5ie
Node 16: hikonp2 v40hgpp
Node 17: guia8ip jqqjh6h
Node 18: svl0fp8
Node 19: a9mjtic
Node 20: b0lp69p e39w29u r6zf8m3
Node 21: je3y57i
Node 22: ay56kia
Node 23: yvblxt3
Node 24: 6ljb0dv
Node 25: 89matt1 ocqbv4d
Node 26: w8alp4j
Node 27: 4ms1ifl
Node 28: 7x2ffoe oyusvme
Node 29: o7vueqz
Node 30: oudisio
Node 31: 5anui6t
Node 32: xbla10j
Node 33: 3d3bjzx
Node 34: tfp1zux
Node 35: pwjwn62
Node 36: rx53d13
Node 37: dfyzrm7
Node 38: pre5rni
Node 39: rban98l
Node 40: 8rxu82h
Node 41: 6v9o69l
Node 42: 2cmovfe
Node 43: 5xwlonr
Node 44: 7uzgf8t
Node 45: 0diq1vm
Node 46: f0do7qz

Node 0: 2lb9f2c
Node 1: 6ny7kpd rb5rz10
Node 2: 0e013h0 4axv4yt 4vkz3hu 6ok857s fqddcc8 kywkhks o6hh87x qonezoh xogt5nm
Node 3: x6jvdrj
Node 4: g8f3fon l1n6irb
Node 5: nd0pdxz x94joz2
Node 6: yb4fup7
Node 7: 95wd4xg it4a8ch
Node 8: nu1z7oc xavm955 zqzffnv
Node 9: 2snfjdc 5l61xoy 73x8czi 75oo370 d9r5nul fyrr9g2 qkgxxzf wad9urm x2da64a
Node 10: 4rgqiny loc0weu
Node 11: srzph9p
Node 12: 59j3gsa ypkvbdj
Node 13: 5motnw2
Node 14: 0ft1rd4 cphwltn egxlryw
Node 15: bik4lfr f1e6sdq lwx0mqx pb8maly vft3ooq
Node 16: 29yf1uk
Node 17: 6x4vmcv
Node 18: o0f9knp
Node 19: n5oohdy
Node 20: 80xjg7d b1ie304
Node 21: ql16wv6 sm9zp8t t1hiadh
Node 22: 610v7hb 6it3khu b78c91p
Node 23: r7hxr5j
Node 24: 20l3y77 owci5cy pdhfb9i r4f4sn4
Node 25: iffg5cg iwlwz1m pgjqn8u zjswgnp
Node 26: jg7gkfo weye3zp
Node 27: 0ijxecf
Node 28: 12uvy9u
Node 29: 1m63aq6
Node 30: ehyle6x zw4e0x0
Node 31: ekolg0f u668hua
Node 32: gkvpwf2 zc9q5uh
Node 33: nb9o503
Node 34: 8q7jvj6
Node 35: 6ey7czy
Node 36: 2fa4lko
Node 37: 8q310wn vqpbcge
Node 38: kiv7tih
Node 39: zr39zsj
Node 40: 445d001
Node 41: 8akvdg3
Node 42: 8zbq5l4
Node 43: 626bhsy
Node 44: ejr5nzn
Node 45: oappu4g
Node 46: j48dzsi
Node 47: ra2ht7w
Node 48: s3eac2g

Node 0: xiam854
Node 1: 1f02xs8 2w22wnt
Node 2: 0kcs1eo
Node 3: 036dvne 3gaf0ew 79ht8vb 8nn9513 8z778d4 9pi4gwc e18jp1n lweb22r
Node 4: 4heg4m4 9cmlkr2 gjf60p1 vus3fzp
Node 5: xu70kff
Node 6: 2tao9ri v3oy8v5
Node 7: k8hi4gc zgsafz3
Node 8: szjbeur
Node 9: fbgamu3
Node 10: ue0xu4b
Node 11: 2i18mb0 mn9slk6
Node 12: hnxnvgp
Node 13: dao032j

Node 0: 4oyjnkc 9dh2rd2 jimsqru zroiqmr
Node 1: njmi1f7 ti1piof zjodoko
Node 2: wez850c
Node 3: 9c8sxjt bytpdr6
Node 4: 1km8epq rconrc0
Node 5: 6omjqh2
Node 6: 2bdxuc6 5n6xuf3 92rhpri ua0uacf
Node 7: f5mhs91
Node 8: 3uwka39 5e0mosh 8w5fzuv ompia7m p3ht6kk pvubfhy
Node 9: 4mg0xp9 efm7rho hgzmlvp
Node 10: 67xj79b sz34oep
Node 11: n12w2cf tzkr0g7
Node 12: cs59svc
Node 13: 3y5iild
Node 14: tssmo3x ud1o6qn
Node 15: c0ex1bm
Node 16: 2zfchhk
Node 17: 67bxhx1 cvth1s5 d9fvil7
Node 18: ut1pnto
Node 19: 8dvow1j kf7eswy lg2gbhn
Node 20:
Node 21: ksgkl6l
Node 22: am63srg

Node 0: 8dghz7l lrnnaht qzds0b7 zqtngtp
Node 1: 3g6bqt9 4dxqeks 9tjz6iu bepxi2g h175czy i13bs4n m1ws2av
Node 2: 13mwukb 5p8m34y k0d1x0t
Node 3: 8igx5k2
Node 4: 2uksgmy 4vne2kj brbk4k6 h99q1vk
Node 5: pnzequy
Node 6: 4bw9myk 89t4we4 fs10bpj o5um89s
Node 7: o49qels
Node 8: drswt81 eidlswf yp5892o
Node 9: 7vpuk4p
Node 10: x8q2yd8
Node 11: czfb5x2
Node 12: tsdia5d
Node 13: nadgil4
Node 14: gkhjwjh
Node 15: 0ehsdiq
Node 16: stvdnlo
Node 17: kmmb8yl

Node 0: 0hydshe 4905a3h 6h7a9yd b6jrymp e48pzds ikq72n4 j13lxxy mtb1flx o4krndl p82t8kp py8fo0a q0vcfgy q7fnfac rudrv5x t9yf9k8 uiud4gp vjt8rz0 vun2lwg zcflydp zlc0lxg
Node 1: 28y01mi dtr85j8 n78ynvs t624kk4
Node 2: 4pc7pjb auogvv4 eofg9nc
Node 3: 8ghyex1 jx8cx02
Node 4: vbhv2oc
Node 5: ts1gf54
Node 6: 1r7jnz9
Node 7: ia8um3j k1j2075 oo7r86h
Node 8: 9a7eevz
Node 9: gkjbkqb
Node 10: 55j99ny
Node 11: dzl7kuo
Node 12: rg6vrs4
Node 13: b737aoz
Node 14: 0v3rawe
Node 15: elijnoq
Node 16: sj45c4z t4crqfj
Node 17: k6l5740 zoxq26g
Node 18: 1vh35j2
Node 19: 868vor1
Node 20: cb99m4w
Node 21: 3jfuszr
Node 22: q724j6y
Node 23: k53q8kj
Node 24: 7qjzi6l
Node 25: yuh88jl
Node 26: s9ovat0
Node 27: fe5pbkb
Node 28:
Node 29:
Node 30: 749g4wa
Node 31: ayqh7se
Node 32: cw1jom3
Node 33: ao1evfm bv33jdy
Node 34: 7xxuwfc
Node 35: nsc5cr6
Node 36: 74gcnok
Node 37: jgliu3q
Node 38: uvydsj4
Node 39: agxq12p
Node 40: frd6kuq
Node 41:
Node 42: injbps8

Node 0: 9chp8vo b9lqs0q bd8j1n1 df9cf01 imd1vk2 lbjkakb rqbic85 x2q4ijz
Node 1: g12qvur
Node 2: 17mjnoc guzdoha l4gt4ph qa71l7o qd5msen vbbahp4
Node 3: dwntycv
Node 4: bnomcmk
Node 5: qy591vk
Node 6: tuv5l5y vsrsgip
Node 7: 7sl2ir5
Node 8: 4tu7uyn cggnjhj ixlbc6d kmwz7r9
Node 9: 61572ol pudu087
Node 10: s9bnz71
Node 11: 4kp8o00 csk6qc3
Node 12: m8w4jco
Node 13: 9a2p1eq
Node 14: es9udv5
Node 15: 3hpcpnn 5bv9gx8
Node 16: lmfsped
Node 17: 9f12po1 q8rlcbv
Node 18: 158qvxx
Node 19: z89xw81

Node 0: 0atmv73 2gzhscp 6zf2zf1 89ejkl5 aav4z34 c73u2qn cn94xdd fwgvwib gx1vd6a iibia2b lo593gq q2zfzn5 teima4p whtxmw5
Node 1: 1u511cl
Node 2: op3ta96
Node 3: uzu3hjm xhcwahb
Node 4: 10upewd 9mr2jfi d4qt58b ffvf3me j6mf2y2 mrfqybf tnhetjt xhw3bkl zxuxlls
Node 5: 06w3er5 5fz69w9 927kiqe i5rpzp4 qgfi8oa sou9ohw
Node 6: 3uo34gd 441ao4n ps069nc rmdiha6 ss54ccl
Node 7: oblz4uj tnonbqs
Node 8: 2xewmue 7jl5zy5 n0rps56
Node 9: 4t1degh
Node 10: 68x6m6w cwqt8ur fphvtrc gzzc6w4 s6y48t6
Node 11: imsngrs
Node 12: o5un18v
Node 13: 5i22q14 nci8a5x
Node 14: htrnz28 v6eg9f2
Node 15: 2zpoyiu
Node 16: 5b9p0yt 6qb9g4f zy1belj
Node 17: bc2qy9t
Node 18: b54stcx
Node 19: atpyr8x
Node 20: nucbjq2 qrldzp1
Node 21: iqnexp8
Node 22: 51lkdqw
Node 23: uzt7x3v
Node 24: 8oxf0t9
Node 25: 8acralj
Node 26: exntkjk
Node 27: ng44ewe
Node 28: da6fgir
Node 29: g54pbdq
Node 30: uzp03y8
Node 31: ph9rb5v

Node 0: vkinu57
Node 1: cbhzin8 w8rtt50
Node 2: 2kqj3am
Node 3: hbrqpm4 nd0ej7p
Node 4:
Node 5: ofk7nwl
Node 6: gjr93eb hov54xy vpe5rho
Node 7: 3wuubre 5ffcw6r efv7o93
Node 8: 0ro4iwr olotxxk
Node 9: 3qcvkd3 6cgm5kd 7l3aq2p b59vrtb cuwxvdk tzld70m
Node 10: lxvnbxb
Node 11: f8a7tzb
Node 12: r1jtmjq
Node 13: 6lfk8t2 y73e4xk
Node 14: au71l4d cpzt95i e0ukwgh hhhwh48 o74d5pt
Node 15: gabzuaa p509zqa r8yubu4
Node 16: fcrkesf txnsztr
Node 17: kmsky6y
Node 18: hz3hm8r
Node 19: zfo3uyr
Node 20: b1heuu3
Node 21: 64eapno 6ofwpqv fs6vdja fxfbnoz sgcjftm sqoulo4
Node 22: iaucgku
Node 23: m2wcxu4
Node 24: 6qwilit
Node 25: gpcmcl5
Node 26: gykjjq0 nf5roda x7hue83
Node 27: zufu1ki
Node 28: ois0cku
Node 29: 33a1k5q t4c4eao
Node 30: tzia946
Node 31: qfob4a7
Node 32: remdtmz
Node 33: gkrsz0x
Node 34: gjuyzca
Node 35: e56541o ynajdqd
Node 36: f567299 i1t2oyb
Node 37: bcqml1p
Node 38: hju1n7m
Node 39: dte3v6z
Node 40: 48ennb2
Node 41: x8ifi9s
Node 42: r6ddlwa
Node 43: qgtcllg
Node 44: f96m7ph ldxvrhe
Node 45: r7mihjq
Node 46:
Node 47: gjtt66i
Node 48: 0i37k8n
Node 49: zsckyd0

Node 0: 207kwvc
Node 1: j5tbg3s ria8ke9 xhzjprj
Node 2: 10gdo78
Node 3: 8mx8jmk
Node 4: rhi9cjd
Node 5: bx9ong0
Node 6: 4nqjhma 7uz1jvn
Node 7: bdsy0e3 qry1tbi
Node 8: dl4hgnq
Node 9: wylgsvw
Node 10: 3we1jhq 7jm717a
Node 11: msmia9l
Node 12: 7s1fqmc zvzygoa
Node 13: 0idmm5y zzllvzk
Node 14:
Node 15: k0zk2nz w5qfe75
Node 16: k2thpmg

Node 0: 66u1p6r rtw8v19 sgnqevr tnjadg5 uvpg28z
Node 1: 84zzkrf
Node 2: 8wwlc3s ifhk44e kkkej5p
Node 3: tl5oh9v xvmivmd
Node 4: 68uoodx 8xjw9ya re3c0qr zu3f1lo
Node 5: cix9oqu
Node 6: t7pzchl
Node 7: 5qguv2k hopebga z6s5sbg
Node 8: y0hs88j
Node 9: chlyiaq dc10d6j m7n7oxc sotbhuf wt6qk1v y47xpze
Node 10: 7i03qpk 84yjyf7 s7x50f5
Node 11: 011x8sl
Node 12: 4qxepqa 7tuiz86 ss3o78r
Node 13: 4ggv20a 4kik75d azukebb yxiby2p
Node 14: s5l6d0d
Node 15: qrfer3b
Node 16: 2cjk4u4 7pw4rfy rwmrhyf wjx7176 y5yhm8m
Node 17: sgqzbrs
Node 18: ttmtf5t
Node 19: axpdmut bv6qrum
Node 20: vrzv3g6
Node 21: evprx6b og4nyl7
Node 22: b1verrr vuad6yg
Node 23: 7io6v60
Node 24: x0bqvyx
Node 25: kkkl9ub lk839el
Node 26: 8fcsfi5 b324vlr fxe6qdo
Node 27: b4bwrkn
Node 28: d3meoct n3bfxa8
Node 29: hrnq756
Node 30: hftplsl s8wdcl6
Node 31: oo6q93s prc75pm
Node 32: xnjq7y9
Node 33: ulxfzlt
Node 34: 2t38kha 5vdvifx q8dd9b0 vfub7hd vyzgxfa
Node 35: 7xcn7i7 nxjfaqd
Node 36: vdzief3 yd5yqjl
Node 37: pyt0co4 u034yex xnqrnqt ykdzkus
Node 38: r3ye2av
Node 39: zmqhrhw
Node 40: gn5yff1 mj2ufwt
Node 41: ml8jsb4
Node 42: 322i26c
Node 43: jpmnm7r
Node 44: od6rbbq
Node 45: bj7nstb
Node 46: a3r8s7j
Node 47: fac18ov
Node 48: uecm9qo

Node 0: 3rx9okp 8kluh6w acxqpfl belmpnt bklsl2p frslimp i0at8wo n1546xo y3aii8t
Node 1: s5w7mbt ve5nte9
Node 2: 1y0ucv4
Node 3: 0ig8hhn
Node 4: woq8g9m
Node 5: bntghkk
Node 6: pvk5v7s
Node 7: 98071ti f95nht3
Node 8: yo8u3mv

Node 0: 9zdfiip
Node 1: 05iu00a 1q7qs76 3j2wyoe 60mojsi 6sppfuy bx9iozk lrk938k mkmw2zk raii41v ttk04mq y37ffi5 ylc3d7y
Node 2: m2qf8zi
Node 3: n5z0acn vvzyxmf
Node 4: abaf82e ilo98se
Node 5: 7asrx42 922c72j dj6dhro juuavzr r9ffqyf s6xw34u sid7e1b zkdyuq7
Node 6: h50294i
Node 7: 1ovwsvd dx35spo ed4ursq wpj3pnp yzqy0e5
Node 8: bl3fhyu
Node 9: 0ck4edc 3e5w7wo 4p9bfls gfngpxh
Node 10: itv3h3l
Node 11: e2fkq88
Node 12: pqkcmsw
Node 13: 2to72u2 p63sni2 zx82q0w
Node 14: gywalmv
Node 15: jlfs485
Node 16: zaqdf8b
Node 17: cveunaj
Node 18: i53ev6e
Node 19: o7mprwo
Node 20: ffco573 hmg0rcl
Node 21: 0x8g8fb 6egqhad iwx7ka1
Node 22: 253a8o7
Node 23: r9to33z
Node 24: 7gy6ima 8wwrhoy tzek64f
Node 25: 2mod9pb
Node 26: zbuvnrn
Node 27: yokhl13
Node 28: p68144b
Node 29: n411ice
Node 30: 3u8v11r
Node 31: sstq2nw
Node 32: 5xrt4jz kpi1ix0 nn38781
Node 33: 3oqcj28
Node 34: dhjijnp
Node 35: 3rscimq
Node 36: kntwj2k
Node 37: 5p75l17
Node 38: 9swvqkw
Node 39: ps68e3t
Node 40: eef8t4g

Node 0: 54mtyya 84p6zqt 95dh95a 9q8ke5n aaz0isj dpsc0t9 f26f0et fi6faob j2beo49 mjaol78 qtfwgmz uwjfr6x xg4id9c y1im32r ywqk6pb zaf20wb zpeziai
Node 1: ecgsfl8
Node 2: 92lnfco
Node 3: f4h7zeg lgfc5wa ozx2j5g ux0b0zs yhw2axd
Node 4: u76d7yv
Node 5: 8onksy6
Node 6: amyx9qg
Node 7: irgdzsu kqbjsmm
Node 8: pdq9nff
Node 9: srgn0pf
Node 10:

Node 0: il0op6d olrvfz0 zk1q3fe
Node 1: eygdsy9 hg2wq3d
Node 2: c962o2h
Node 3: t7rjdhn
Node 4: 8u4ibl7 eca8dja eu55ijg xbg3e7r xi8lfjv
Node 5: 9nsuehf
Node 6: tw7lp9r
Node 7: 0nc0jp9 57pbihd pktedjk
Node 8: g4rxte0
Node 9: 36g97go cvsu7pl hipuy5y i2571kj uhgxnot urebiku xl3ljcx
Node 10: 1085t81 1w01me4 5qihrhs b2aq2vk e07v408 grehha3 px02zih
Node 11: y25aaft
Node 12: 888l842
Node 13: 5ki8lnp 6y6yia0 e88ucqv
Node 14: w1d6nx3
Node 15: 63dgtbg qaw5qvq zo6xyzt
Node 16: 46s82vz
Node 17: c26wslg n5z04ur x7ezec8
Node 18: 2p4esp6 bofhixu
Node 19: dsniaxf mjrootl
Node 20: nrmbpe7
Node 21: 2f5qsfq
Node 22: 3m7osk7 h120qza
Node 23: wz6t2w1
Node 24: 6kdxhew zw8bbbl
Node 25: seg2lk0
Node 26: 0cijo07
Node 27: i6mv5x6
Node 28: a2o03dm
Node 29: riwhpi1
Node 30: p187vvk
Node 31: 5p21808 st5j13o
Node 32: 7dz08fe bt46k6l rnmofb9
Node 33: efhrhai
Node 34: 2xeninj rujeh98
Node 35: ffxbzpc m5ox95n
Node 36: a8kfy59
Node 37: 6gqiabl
Node 38: 8fib6hx
Node 39: r6jpvi9
Node 40: 5tncjzt
Node 41: r86qzii
Node 42: 0vxwkoc
Node 43: tj3f3k9
Node 44: z92awkd
Node 45: 2syo9ck
Node 46: gc2xm0i ptemlnp

Node 0: 0p9d9zh 0tx5apw 0y2iwqh 3pjy3vx ei9l81a fek3gih ih7sebu v2oedm5
Node 1: bw5098g d28pyfz dfl9eny ebk5e7g x99se8z xy80ona
Node 2: x7cxedx
Node 3: rsb2lg8
Node 4: hbphz5f
Node 5: 1aovtnf
Node 6: psqr3rq
Node 7: 12f5vwu 2jvjrnk io8kwhx ip4qyup pnlcsxo qy7huhk t199syp
Node 8: d33b9bd kw4b106 n4gzo5m x9ki8xi
Node 9: qxyo7me
Node 10: f49pt13 m21flzf
Node 11:
Node 12: 5o2wq2j
Node 13:
Node 14: i6iy0ku samujlw woeuega
Node 15: ja5imoo vuq7q4n
Node 16:
Node 17: e34dy63
Node 18: j5xf409
Node 19: xlyu5cr xrqrfcf
Node 20: 1aqi78l
Node 21: uzzus76
Node 22:
Node 23: xkc169y

Node 0: 87nfxm4 lbbkkl6 u649bp2 uq6qz16
Node 1: 07ipjx4 gho44mu j4w0b67 xmmcsta
Node 2: 9u8vm78 mxxraf0
Node 3: bxhhx62
Node 4: vqlkhvj
Node 5: 2yyivzz
Node 6: 0wqaebh 12hxnw4 oq2swbb r6lay79 smtdd4m sp52lsd upfiy32 utvq8as
Node 7: 3b0zx76 i527uta is49jia nb6lswf p11pk47
Node 8: iym08qs q3ycsfx rmnrahj
Node 9: h0r0d58 ov1fvii
Node 10: ki5utlp s9yggeo sw61syf tg3mp09 vmwn05u y6b4is5 zg6pat7
Node 11: 60bkr4p d423mh4 hi5u3ra iutlxvx lzfgwcj n15c7om ny1363g sisx1rv
Node 12: 4k0m1oh
Node 13: an0jw93 lbflwhq
Node 14: rrtti8j
Node 15: jkh1wea s4p89kw
Node 16: dgofi0q i5shiiy
Node 17: 7wpkvfp
Node 18: pqjc1tu yvcrk67
Node 19: jg6y9qj l7jgcaw
Node 20: 7s7aq8h sbsjbt5
Node 21: onbf24l
Node 22: q5cygyw
Node 23: cmnvj3x v9yxvxe
Node 24: 43nvvxy b4j8gh0 rtildy3 z4h0a1i
Node 25: 0vgxo32
Node 26: rqd8zk0
Node 27: 3uz22jx cnsgj7h fjx2c14 tdvi0oi wzkq2dx
Node 28: vcv8tx1
Node 29: h4hcu2p tdkmain xwaygin
Node 30: 2ybgezc t65xyvh
Node 31: lca9cs0 z7t3xgu
Node 32: vlougos
Node 33: g0h19p4
Node 34: 2k1ywod 4hq679l fao7lui u47hb9d
Node 35: bl651yp
Node 36: 7q66el1
Node 37: ndoyi68
Node 38: 0tmgg4l wqf3r7y
Node 39: 704qq5s
Node 40: bw9gmpb
Node 41: szbhwq7
Node 42: 0yakr96
Node 43: f0xl9hn
Node 44: re9k49o
Node 45: 57n0fhs
Node 46: 7hi57j5
Node 47: 0j8ln0o

Node 0: 1n9x4p7 3x9mwhv 4zn7wlh 8auzsrj bjuj4bk k3ws0ey mglvwen tmmtg8v wc9ga4g zwuohoz
Node 1: o3yoipb
Node 2: c5c5vzh fkkp6wt lmdzwg1 pdqd01l u567whj vj3574a
Node 3: 3chx8ae 8ovgjwv pvysgbg
Node 4: 67f6qq3
Node 5: 2najw2w
Node 6: co05ydm kjg3a14 se8qvv5 tf7t6p4 twau2cc yyu76u1
Node 7: ipm89qe
Node 8: 0dieqqf 2wg8w7e 3x589vd 6ccsv5z 76v0414 llh3p5b m8t5hp5 n699f8n t5z5c12
Node 9: yqazedj
Node 10: k3929y2
Node 11: 6se0yif 7cltxgd
Node 12: 069t07k 2jf1nl0 3nz8of7 5zj9lqm j4zase2 sffukuu t8unn0m w7f8sa5 zmmxpio
Node 13: 3y2sd75 h5jgixm rat4sab rop8dqj
Node 14: kkxmepj
Node 15: m7yu21b ydgitis
Node 16: 8uyiyby
Node 17: l8zvrfp
Node 18: 5hihnil w614mu3
Node 19: ktzmfnv yxfimni
Node 20: 0q0mi9v 7r3ccws rr6uv9k
Node 21: 11tl337 7i7wv2j
Node 22: 0rqsyau
Node 23: a5b4pdn
Node 24: gddxahs
Node 25: vtvzd2p yvvn2e2
Node 26: 9fdkswh pi7e9qj
Node 27: 1dwkagh
Node 28: dvoi63g
Node 29: 2sqa2zn
Node 30: fgxezos
Node 31: 8n2y0pl
Node 32: gvc8dhj
Node 33: zfni2ts
Node 34: x5uyrc3
Node 35: on591pa
Node 36: peegb5t
Node 37: et3d9u3 srgx6gp
Node 38: d4rtcir
Node 39: u5lnecs
Node 40: ekv0rc5
Node 41: zq5no9n
Node 42: tarmbq5
Node 43: ksianhf
Node 44: g7pd3xl
Node 45: 78j1ok7 emft1xu
Node 46: 6zdg301
Node 47: jlegazn xq8l52f
Node 48: uy7194s
Node 49: k1uuha3
Node 50: cde7uru
Node 51: yqwyt9e
Node 52: k0lbg7g
Node 53: cqmhkda od1omjc
Node 54: x5vn3ld
Node 55: wo4ouh1
Node 56: r7e6j7z
Node 57: sil0cjj
Node 58: t96ff5b
Node 59: 9gna3pu
Node 60: 0fz9glt
Node 61: ofk17nm
Node 62: 7b05rtn
Node 63: 3oetpsn
Node 64: i7ax3o3
Node 65: 676toog
Node 66: r0evqtc
Node 67: r2m0wek
Node 68: xl8c1a9
Node 69: x6ney3g

Node 0: 6pc7ynr qlcis42
Node 1: f5blyot v8fatuw
Node 2: gnjcw54
Node 3: fvrfe3k
Node 4: jkq9v1b
Node 5: 951b4wv acbgz36 fwmwcjd
Node 6: 44em4m2
Node 7: 4rvu1vs 5oaret0 jji8csm nqx95pm
Node 8: 413986o 65rewxk dxbfdfn hrr907x joriux6 kd2jwsx
Node 9: mji4kqd
Node 10: v4yo3du
Node 11: jzs4b8h
Node 12: nnhon89
Node 13: 7j3ufgq
Node 14: 5fagprv 9a2pkbq
Node 15: l5lzhaf sam8sn5
Node 16: agxleak dvo8hge mx78xct r9vupvj vhsfw5n
Node 17: tpybduo u9ld8gx
Node 18: xasl70j
Node 19: qq7w8y0
Node 20: 5x24v0p kyjaupm
Node 21: 04o0n8j
Node 22: kym8biw
Node 23: 774f4uw
Node 24: syub448
Node 25: fkw5n1i
Node 26: jzd5axy
Node 27: tcoynml

Node 0: 0pbb6ef 44npc8o 6t7v4fs 6vux2h5 9848v4g 9kfcluf gs2b0oo lym8gvy qib4rns
Node 1: rmvajch
Node 2: 7ri69oy 9a897zb
Node 3: a3ql511 rsi402u
Node 4: qve277n
Node 5: n6ui2hq
Node 6: ftjr0pc
Node 7: ku7d5m5 uoptk1h uu4z1r3 x61btvw y4dkk8a
Node 8: lixsjsx yly5uep
Node 9: 9rqky3b ekf6g6l
Node 10: 50q0p7u m41eyti
Node 11: 4977nfx
Node 12: byubl67
Node 13: akaf8g5
Node 14: a97k7hj
Node 15: 5ycpkr7

Node 0: 6dbk05r cyl3abh e9h8j8q st37gjl ui68h8u y0qx3z4 zqzw9fj
Node 1: lgmonde wis36ds
Node 2: ncue4wy
Node 3: 3lnv943
Node 4: 4xha1sh
Node 5: gz2c4ee
Node 6: jxcnmev x7t9buy
Node 7: i8qvbqb
Node 8: 2y6psa6 gq0wk1p oriq4ea
Node 9: 1dr57ve 6rvdn7v pcqr33c
Node 10: l8uqu4k
Node 11: 5bc8iky
Node 12: 9q712md n6y6l7b zhjj4pu
Node 13: rhsuxfv
Node 14: 2sq29q1 9j0f4l9
Node 15: 9wuefda iskf88g
Node 16: ltoib9s
Node 17: u0xm7d0
Node 18: uwfwmxq
Node 19: exhlxag nkxld5e
Node 20: aqqn79g
Node 21: aq48icr ckvi38m dn8srf7 ty4xzsc wi7d0y3
Node 22: 566eo79
Node 23: xc2k2u3
Node 24: 8m1a7n5
Node 25: xmfzsa0
Node 26: 1jutfa8
Node 27: 7h5atmh

Node 0: 1sb8py6 rfvbezy rvexnii
Node 1: s0uxkgt

Node 0: 3vrry3x fhtbq76 kq6f2jf mkkof36 q5h8pie r9kknts
Node 1: 6b8wvom a6qap5x mtk9nqc
Node 2: 70vn15d
Node 3: dnlond9 me0e2tw uw44nf6
Node 4: affoujt
Node 5: h3g9o06
Node 6: 048itvx
Node 7: dopo45x
Node 8: jd1fec1
Node 9: 31td4dh rgzy1kj
Node 10: urk5nn3
Node 11: ikw2ecc zwyrj16
Node 12: cri787c q4ejxud qzr9jyb s8ws5qq
Node 13: ad4f2sd agbghx3 lxhycwr miau0k8 wi1s5w9
Node 14: c9dwey7 p2r2tqt rg54wpo
Node 15: mbddqqm p4m6y16
Node 16: ak7ps42
Node 17: 9u254x6 pn9rw29
Node 18: 83w4c1m
Node 19: jmj6rbk
Node 20: dzklg82
Node 21: v5jy1oj
Node 22: saiaxwd
Node 23: zr5he4u
Node 24: xik13s1
Node 25: voilnnu
Node 26: v7q7qij
Node 27: 6rl42ld
Node 28:
Node 29: tuzpgzl
Node 30: 05l8hiv
Node 31: wphx3gh

Node 0: meh7r2l
Node 1: lohh21x
Node 2: axvxohj
Node 3: ep850c1 u3wxzoa
Node 4: ya0h9t2
Node 5: 7wk1afj
Node 6: 4uejva3 6aidyic 8739mdy 8bxlwmq gbbefr4 kr7q4t9 rfry8vf sn0bc7q uh167mw
Node 7: jxlbby6 q52l7mc xoyf25d
Node 8: hul7270
Node 9: 5tmw6eb yp9qnra
Node 10: 4d9j5s4
Node 11: yz2jo1b
Node 12: kroozbh
Node 13: 3pf1id8
Node 14: k2z6pl2
Node 15: 70tpnao wuonem4
Node 16: gjklufx j758xik
Node 17: 9zmtmrk
Node 18: mvm1j7j
Node 19: 3gvsa0r
Node 20: qbcbif6
Node 21: zg29h9j
Node 22: gxycpum
Node 23: ly5ml4i
Node 24: eelnd14 l2dl4oz lfywhfm qwm59n0 w9jw2wj
Node 25: 4l9mx75 7589w3z 84d3l5j qd6ttm5 rtxjzro z5ica2u
Node 26: 31eob8u 89qzrlm
Node 27: 4kb2ar5 uh0n7et
Node 28: 77m0ssn l7z8k23
Node 29: uaeoqmt
Node 30: hz8p734
Node 31: 0rfkz8q qymosfi
Node 32: 4wn2nb4 4xwoy64
Node 33: t2i7ltl
Node 34: 9rk4xxd
Node 35: ppkpxs7
Node 36: j1zpyee
Node 37: 5y99l7b e1byf0l
Node 38: in3tnso
Node 39: 4pcbl7l
Node 40: idghevl
Node 41: 4tsqi25
Node 42: c5f7qgl
Node 43: nbr0tal
Node 44: 29rtkqk
Node 45: deltvtw
Node 46: ljto9rk
Node 47: x8qkddb

Node 0: 3p3qamx c4svd7d cc53vv8 jylt2gd w5a1z65
Node 1: sojx33b
Node 2: 10hh6ve
Node 3: iudxyub sdz0usz vioj47p ysujhhb
Node 4: 2e0c8vj r12fdma
Node 5: ci6v0iy
Node 6: aw8je5g e4kef7j qjmh10n uymm2ss
Node 7: 28btw66 4h7xqkn 70e8mfi 7yjj4y6 9ldqi8v ijd43n3 mss886s n6pqldk ox0x518 xe36ous
Node 8:
Node 9: 8iyhp0y 9kpite4
Node 10: 3hdelqx
Node 11: 0sl0hb7 plshs85
Node 12: rp0jov2
Node 13: cnb14vr mv3goxt
Node 14: gqfu7mr grxpr0g h7ub8uw wr8gbff
Node 15: zapsl8h
Node 16: bnz2l8p
Node 17: 427i2bb c28b9y3 p3okl5g
Node 18: o9p6cti
Node 19: d9df2mt
Node 20: sqzjxmo

Node 0: 0x1g4by 2jtkr1b 4khjqcn hydiuik qkgq0bq rbu1bio y0ct9z7 zalwonn
Node 1: eo508ad
Node 2: 4cr1wac
Node 3: gy35n4e
Node 4: bje8hm7 fzimfbl
Node 5: jju6yhj
Node 6: rd0ea4h
Node 7: a6tqzhp uvcfvz0
Node 8: 3kucleo jkfnrb9
Node 9: 2zcyx6o 3a2fods c314605 iibgxo8
Node 10: 5hqc36v 6kaw72e nbdx78s nsgj5rk
Node 11: 7jiv30x
Node 12: rzo8mw1
Node 13: cij383f ow79cnc
Node 14: bn0bmsd k4vjooi t2ah4uu yx674gw
Node 15: am2oa0c
Node 16: 91y1cqo tmc7n0i
Node 17:
Node 18: pii7ual
Node 19: 2auobby
Node 20: iokg1yc
Node 21: 9k1243v
Node 22: efevltw
Node 23: 3yumk9y
Node 24: fk163si
Node 25: tgneg2x
Node 26: kfdayir
Node 27: vxc4r9j

Node 0: rfwq8tt
Node 1: ebprwji mnwkala w11eiyi wxobvsv zjzzsee
Node 2: sj8cela
Node 3: npr1j1q zsfefm0
Node 4: 8gxlgkx gmlzafu u14d7s8 xxvr0nx
Node 5: kc7zcca y32m18s
Node 6: 3nefxwa ikuinjo kj4mwio pcv6fkl rih1b00 w929vru xobma22
Node 7: 0dpvl56
Node 8: 474vrkp k1djkea
Node 9: l0probv
Node 10: kvrf1tp
Node 11: 2cpfiug 56k2jyi 7lo017g 8ls45kz h3tzrp8 jf9mg98 muonkb2 tu4fwug
Node 12: lp5ty3e
Node 13: 78keldl
Node 14: nna14si
Node 15: 05puw09 2mutw79 ax8vtz2 lxw48zp n8tvb1j
Node 16: 9dtm4gw x470fzi ybs8kqc
Node 17: fruz3dg
Node 18: 2sp9k06
Node 19: 09bkjm3
Node 20: p6gdknd
Node 21: 2afn1tx
Node 22: 3yh2jek
Node 23: 57ephbr
Node 24: xvp8d45
Node 25: uqdzs22
Node 26: s25sw24
Node 27: 8hpud1q
