Node 0: pef51aw updda0k
Node 1: exk9c80 mu1c407
Node 2: uqltmvr
Node 3: js0wucr
Node 4:
Node 5: 06ls0w5 wltokxw
Node 6: r76159b
Node 7: 5yvilbd
Node 8: amj1qiq
Node 9: lakvo3j
Node 10: j47q4uz
Node 11: 403hs0a

Node 0: mwb12e1
Node 1: 0zgb309 7ug8ene 867cbm9 cr3sixx j48eban lj7mvz4 x4bt0o1
Node 2: 0wwfhyp
Node 3: qxx5953 rrgmb8e
Node 4: 107yjpv
Node 5: 0stuisw 1t50mu1 kdy96f8 mmamqqk vfxyugo
Node 6: 2wc950h 8rmduic 9kmpkce m7v95o7 nu0xzju p7t15p7 p9z3h53 pabwnfa waur0pc xtj6pum
Node 7: msuciua
Node 8: gmg8ubz jythg1v mq0era9 zx8d47b
Node 9: clb6lzx xzvxar0
Node 10: 85b8zbi
Node 11: o85yv4u
Node 12: 8oovtyt
Node 13: ruoe8gq
Node 14: cn7p1p2 tpdfm4r
Node 15: 9w9nogq b9hn9n4 oocbqu1 rm9wtag uswydy1 xq3m5o1
Node 16: i3ghg2t
Node 17: 39vwsim awl17fz imh2jy0
Node 18: mlwm8oh pj97odd rynwoil
Node 19: 0ay4iil 6enbor2 fgdx736 hvurpr8 u1ryb31
Node 20: j49n73s mw9zy5f
Node 21: 81zwzxo d9iffrq vjfrlmn w0d5b0r
Node 22: a6k8bdg
Node 23: kjcp5ad
Node 24: e5talm2
Node 25: c2hxo1r
Node 26: ztok0d9
Node 27: kia942h
Node 28:
Node 29: m34zl2j
Node 30: h5fd8v7
Node 31: gf5m9fu
Node 32: 0t0r071 4aqikzr
Node 33: 9u7adyl
Node 34: 7evl5gu
Node 35: c8ccdwo
Node 36: kbzacnh
Node 37: 0k15ni8
Node 38: 2u5d1z9
Node 39: w2hzta3
Node 40: r31mfsb
Node 41: ej78cmb
Node 42: tj35ege
Node 43: 0pku3dw 6r35nzf
Node 44: cptoxdh
Node 45: h11m6ht u84x2kj
Node 46: ascr0mm
Node 47: m2u86tp
Node 48: 95pfbq3
Node 49: 3dud17m bcqt42g
Node 50: uyfop0z
Node 51: y4vyz9f
Node 52: uzr85ok
Node 53: f9p6y1r
Node 54: n3qqffm

Node 0: 1lves2r
Node 1:
Node 2: acf0387 po119td vyh27lu
Node 3: 8lxwl5t fnfwp3y oj8eci2
Node 4: ljdnzkl ut1zunu
Node 5: 20fjqsw j7jlwvj xsng1s3
Node 6: qai2mvm
Node 7: n3f52ty snrcadc
Node 8: muq4zz9 qvicwfc wmso10g
Node 9: gsi0gjm ht2dqnp if40m3q o1zx7vj
Node 10: b85o036 wj3xedn
Node 11: 2nzrjd8
Node 12: updzq3u
Node 13: 76v7brn teuotgs
Node 14: hhp5ws3
Node 15: 3ylylbl
Node 16: 110r79x amsoof8 bbw52o4
Node 17: z0ebsez
Node 18: ttpub2y
Node 19: bkgw88e l6akobw
Node 20: 1z6ajii ygiispb
Node 21: qz08x8d
Node 22: cfmazfn h1f8z75 ma8jkgv xjhl9fv
Node 23: on1xwg1
Node 24: 2blpe65
Node 25: hbak8a8
Node 26: mwvrz04
Node 27: iqwa46v
Node 28: jhdouya
Node 29: utikmln
Node 30: zxqot5v
Node 31: 7gnqgx2 xpq5qwu
Node 32: zdhhldx
Node 33: 1tkvebx
Node 34: fj8vhkl
Node 35: y64833i
Node 36: 44bemr7
Node 37: np1wc1q
Node 38: pkwvcm7
Node 39: zt16pr0

Node 0: o06v1o3 x82i51i
Node 1: 6x9dyvt nitz907 q6crfa6 xel6wd8 xiwpr16 yn6a4lm
Node 2: se54rri

Node 0: uw9dpmr
Node 1: jrotqwr mg3q7sz
Node 2: bam6cxs ty0yhhf
Node 3: pn60wmj prcdg6c
Node 4: s9iy3iq
Node 5: 99uh688
Node 6: 9xfmvpb xfddwub
Node 7:
Node 8: 6rcdywj dopzjwy
Node 9: 4ms05f0
Node 10: 7r6emiq
Node 11: 9h5qdii c9hv475
Node 12: 29qc7mt
Node 13: 57oratz
Node 14: k7wbu85
Node 15: 3gbfrra 52gd3gd jms470l
Node 16: 4s3gwp8 svk6jze
Node 17: fxa61f5
Node 18:
Node 19: cubx0ht
Node 20: p96xlc0 ug3u9fc
Node 21: l2jdg95
Node 22: 8ybj27q
Node 23: 1j33p8q
Node 24: ma3flzf
Node 25: 32uu740
Node 26: gp539yz

Node 0: c4iljcd pgf87o8 vk2bl13
Node 1: 80z7eh1 9j02p1x h382cxs r1knbkd t9zkf5d
Node 2: l5zrcjr
Node 3: 35n75vm
Node 4: 5l7sg5n cboe5yh
Node 5: 97an5rc
Node 6: 97cht3c b4pqzmj ivrddej jmem4jg vs2gak0
Node 7: 6ciuh22 76esrup 94w0h13 arpnb7y da2ia1i f9kalok mh58hhi
Node 8: 8jztd4y
Node 9: atgyzpd
Node 10: 9ph0n5p ddmuxyh ud7a51o
Node 11: 33cr663
Node 12: b1nj7pk dgds175 hd8tzp2 iuv8lgz xk9dpbf
Node 13: 3i02wkp 590ywro
Node 14: 5uxb5pr grluuoy
Node 15: jc0o98d
Node 16: 59xs2ut
Node 17: dhqc47q
Node 18: amew2bi evv6wlw f56pmy0 swya0oh
Node 19: xltf1d2
Node 20: jkqx9t3 lcevkr0
Node 21: 1bf01oj asgrkm8 ifq0pwz lrkmow2
Node 22: 67a91h5 gis6bw6 siyjrsn
Node 23: 03fgyv5
Node 24: 06h1k6m
Node 25: vmu28je
Node 26: 06sujmk pdgrxb6
Node 27: 0zyw3ff 972x211 cla2yet wkosujw xni89gv
Node 28: cef0uf9
Node 29: 00rem7g
Node 30: zktzm16
Node 31: 1t6cvew
Node 32: j08u2gp
Node 33: 7achnmd ya5nfut z8z49j8
Node 34: 7y6vw5s gxj2vsn yb75u3z
Node 35: b25a563
Node 36: yqg0nrp
Node 37: y5iqffa yi0cfw8
Node 38: 6zhehff
Node 39: a4ro5xu
Node 40: qrs3i4g
Node 41: j2m590f kc98uol
Node 42: 9ycyd68
Node 43: q7rp09k
Node 44: xxtck66
Node 45: fxk82n5
Node 46: 39p9jgb
Node 47: 5bs3an3
Node 48: 4sq36k1
Node 49: h3ut25e

Node 0: linmyeo
Node 1: 2luv4pf eqxre0t pcpes84
Node 2: mex1rfs
Node 3: 7t88aqj
Node 4: 1o16hhj 83o5dve 9wmyjz7 axg6r14 b1q6n3j dsjpe7w jbygque tc3xd5o
Node 5: hqewk01
Node 6: 7gx7ksr 8cvmp7x hn4e31o ibyvm15 uykfywt
Node 7: o7d7pfb
Node 8: qxmf85w
Node 9: sq7pbos
Node 10: 27k4azq
Node 11: jw7v6ax
Node 12: biuv24k

Node 0: 58w2isq axkff86 c51ma4b fe0yse8 fhfj0dj iq8rna9 lk9c6es lxjnger sbpgqx4 tvmtj7p z9zesxw
Node 1: dudyja9
Node 2: 1v08xsm 26kuxux 30exgdn 3adqgt4 8q2l6cp ceuptct ctu0ewc ew2qan5 hkidjln k135l9t laz00kc qxwigfq soblc96 tki42mr
Node 3: 0hd7mnh 3s6qap9 3xq7zd3 4xaxt5d aj73r51 g241p4w jq7oypy kao5ilj qi2z5iv
Node 4: 722r8vu j83qodk qyig4vz
Node 5: ygj5ubc
Node 6: c061p35
Node 7: 4xfoglq 7mb4e8s
Node 8: 0k7fq00
Node 9: 53tex1a 5mjfa4f omh94wn
Node 10: wvmf9uc
Node 11: bxk2vw9 f7m7jfs lhd30fl
Node 12: hzmedje t41y0p5 vr2ckuu
Node 13: acmgse6
Node 14: k0sxu0i m98fmq6 n1n88n2
Node 15: neulwc9
Node 16: yccr1gr
Node 17: 2ltd9ls dt62ptl ms3nizo
Node 18: 0uaevxg 97rxpgm epduwzc pupl5lf
Node 19: 8ciut0k om28857 qy3w98p
Node 20: 9wpiatz pzras3h
Node 21: 8w52bsv qsd2fsd uu6yv7s
Node 22: jwxfha1 y4ejz2m
Node 23: 2vhwrm2 3un0300 eb3eaqm j5gqogi j6fl6iz
Node 24: 95xd3i3 cg4mpmh xtyi2dp
Node 25: oxzsdae xwgdw1k
Node 26: bl0h7lh
Node 27: pzxdnr4
Node 28: 1a06ng8
Node 29: 0v4l1xv
Node 30: ucioe0s
Node 31: 533bm6k ab3l5v7
Node 32: he5sv9a
Node 33: gi7ow7x
Node 34: hwy3kjr
Node 35: q1xtsf7
Node 36: d5xpakr
Node 37: oghzejj uo6hriu
Node 38: n1d2q3s
Node 39: 2qk0mut klvqcbw
Node 40: gq9ts8e jz5ukiq r54s43p
Node 41: 4rt1bq9
Node 42: 4hm54ub
Node 43: a6uur4w
Node 44: 82eidjq
Node 45: mf406ml
Node 46: 06wv1z3
Node 47: f03we9x
Node 48: vt9w4h8
Node 49: 0g1dyvo

Node 0: tgv9ema v6fkjn9
Node 1: 0zs3qqq 3qx6z8d osjfanv
Node 2: 8puq5es l3myve6 oh9a32u rqqxkzf
Node 3: 23nvs65 5dzdce6 j5egrrc ulcnlo6 yvhq4cy
Node 4: nfc4vus
Node 5: c24th8o
Node 6: 0ff479t 3g6vggt 9hjoexf ehml8dm noc6smg wgaitqd zdauvw2
Node 7: 9nu3l8r h72apc3
Node 8: 684sorv
Node 9: hb0vkz7 zq1jaju
Node 10: 1xm45gu b1rb2s3 n6h4i6c p4ii060 pkx8uee
Node 11: ykbe0ye
Node 12: 2e9aq0y 5r239qy gn15zte yfctq37
Node 13: zw58dcz
Node 14: q6hz4zr
Node 15: xty3w1q
Node 16: 9u2akbs inrvq8y m6zaemj
Node 17: 6zkfywa hamtudt
Node 18: bqc8em0
Node 19: 66p7fl8
Node 20: 3njotl4
Node 21: kqa3rgy
Node 22: 5weeu0m
Node 23: h8l8dvx wwasfkj
Node 24: rk91eog
Node 25: 15y2tvb
Node 26: a76n6qg
Node 27: lf7haq9
Node 28: 9q45j2p
Node 29: fr53oef
Node 30: cjsi3wd

Node 0: 4g14r5n ai561z1 e5ati10 iy2b9wz o395rlm vykhc4l zlpib4j
Node 1: 4hf9l1d
Node 2: 37doexr 6nccyhc 7hukyz3 fliow6j u0p1ew9
Node 3: 5fxvm9n d3hluy1 fibt7uq tx0m7eu
Node 4: 09byi36 2oqb07p lhogu27 qmjd9pg
Node 5: legrphm
Node 6: uwnyj2d
Node 7: p3o57dl y433bc2
Node 8: cfi8tfq r9gxuhc rqcei96 tk8v3qo xkc5tbj yjnsowz
Node 9: 8t0oiyi gylwy5u
Node 10: 7hyyhyr l3wdsbj
Node 11: omqig6m
Node 12: io31k1s kdw6f23
Node 13: sbqocxy
Node 14: 712ww8y thz6m2h
Node 15: 34jbes1
Node 16: 1cya62e
Node 17: dsvzrku
Node 18: 83pngkm
Node 19: dzumr9w pp6xd0z
Node 20: f8o6cdz
Node 21: 7in5i0o h2z9f33
Node 22: 56fv1l7 slag47f
Node 23: t4491fc u0n7egr
Node 24: regssgw
Node 25: kiti5i1

Node 0: 8551vsy ncvta8h
Node 1: dfxtfng
Node 2: 2fi3w9k r4qdadd xj1y3yx
Node 3: 25e04l5 6w50puv g54bkku
Node 4: 5pxpviu 66wz70m d8pxj2u fvzt0wg g4ksbp6 gpqwy9k i5smxgh oseq1ie pptcepi vvu2g8h vzd5rax wqp1ypi wt0ufvu yngdyvb
Node 5: 3kdoq2e 53iro40 t6lcj5d vainft8
Node 6: agp52pf
Node 7: 74nbcbg aayu0ug eok0wft i8jwmou owdvrop
Node 8: buyjjif c33n4jk u9z5ssf wv5imyz
Node 9: m1m6qd5
Node 10: 4k920r4 xrcca2q
Node 11: bjsmj9e r7qr4l0 xzvk1gt
Node 12: 2r4m3j2
Node 13: 0jrn4tq 5b8xkbr
Node 14: hnig7n5
Node 15: 11v9q8j
Node 16: 06qyshf fhy71u3 gqhvelz hjo2a8y
Node 17: uclddo5
Node 18: osmm556
Node 19: jc7urf5 jkmey4h
Node 20: 960ek8d
Node 21: 91oiopp vx2rzbk
Node 22: 61ms2h1 flkwyzg zfd21h9
Node 23: 98yz7w4
Node 24: 7he6re2 y12v6sm
Node 25: b5l9kk9 q3quw2a q671hgt uqcybic
Node 26: 8d5ukde ahfnar5 kk2pow0
Node 27: aotz94m xh0bk9i
Node 28: 1qtedx4 lla9dq4 ltnjomh nfulv6m wva7j32
Node 29: c3p8vfd lstmmyg
Node 30: xjxd9ti
Node 31: hvykyxn
Node 32: 52vuwkm qipsxaq
Node 33: t2as37r
Node 34: 2r0kiwv 9nkmjm0
Node 35: x5d0i4i
Node 36: xbfabxi
Node 37: heh9zjw
Node 38: hr1dua9
Node 39: xa9qvru
Node 40: 7i7m6i2
Node 41: z1svku5
Node 42: 1xu5ki3
Node 43: fvgw2hw
Node 44: flhmdfz s17jkzb
Node 45: ojje31r
Node 46: o2fpkpk
Node 47: 3vqhzin
Node 48: ojbe5y4
Node 49: r5siroo
Node 50: 5abzw1a
Node 51: p274fsb
Node 52: ffgihe3
Node 53: rsfe4z6
Node 54: w3k6plk
Node 55: 499senm k26m05h

Node 0: 8w8od1p aw6crbl y1t84ga
Node 1: hagh4ez hsif5lq itaeuvw
Node 2: 3kg9lwe ocfdnn1 oegqgsu
Node 3: 0glklbt 8e2m0ci 8zqpk7q xakrqxi zh33pzi
Node 4: 8ig4yp2
Node 5: toskeu6
Node 6: l52kkr0
Node 7: q6leu09
Node 8: xvudhyi
Node 9: at7vc1v ch6e0m4
Node 10: 4zr45pz 88lhvw4 edolepu lw0wgqq uj2715o vvdri3p
Node 11: q6rjqky
Node 12: b04pjmd cm3ipkt l088k25
Node 13: r41ohyt
Node 14: xwx9okd
Node 15: nwi5gjs
Node 16: fdwj2q8
Node 17: hfpktku

Node 0: cwkhm0n f47kyte
Node 1: 0s5qe5x 6v0noua l40jpg6 pzvn61q
Node 2: giq6pjl
Node 3: ageozo9
Node 4: 8u3dyz8
Node 5: o9389nq
Node 6: 5k30xpm
Node 7: giqa0hd
Node 8: g3cbt7a pfmsspb
Node 9: fxmeate
Node 10: qknmlsc
Node 11: aklo44p
Node 12: nji31ys
Node 13: gq7w8ax
Node 14: 0jd3mgo mqb6u4x
Node 15: qkzdw59
Node 16: xuaxvl5

Node 0: 0dvm0ya 777lnw5 e025h2m juqqsut rk5gxyt ry3tgct uowcnuf
Node 1: 4l7jwb9
Node 2: 14co0vz 3asdvtn brxipv0 mw91rcw pq32qh4 rs6sumw
Node 3: 8j8s4mg 9qpzelq smy85jc
Node 4: dlw353x oqdf8c4
Node 5: xmjo7p6
Node 6: 9bybjtm
Node 7: kxbo7vy
Node 8: 2uezlne
Node 9: 1s3mlhi
Node 10: 778vdeo
Node 11: sonsimm tjensaq
Node 12: 37r86wd ctt54y7 gleoxe2 myvufbw
Node 13: eu4kmkg
Node 14: hibb47t
Node 15: 4fi0w87
Node 16: abcu3se ecb8ral
Node 17: 206axvf 7gqvhbz
Node 18: 365c8sj g6oht2e
Node 19: 2j87xhm od445vk s4hnvyg
Node 20: xt1583r
Node 21: 1ly6mib 5cepd3t jhdsu88 n1wrnff
Node 22: ruatmo1
Node 23: dy3p13b
Node 24: leegl77
Node 25: 2qv4njd
Node 26: gjvbflf
Node 27: ae5f4xf
Node 28: 3ujc5tz
Node 29: mug50yu
Node 30: 8jmhqut
Node 31: s01ez7h
Node 32: t85zjxz
Node 33: 9hcrmi4 jebcihx wt7hc8q
Node 34: s7zxbtp
Node 35: 0xjo2o6
Node 36: mtis0g9
Node 37: yakzvxn
Node 38: vydgh2m
Node 39: c9oqmh4
Node 40: 1skd1vy
Node 41: 4cm8w7h

Node 0: p2okci9
Node 1: 88rulfm qomnxy8 rsh4b6s
Node 2: 12tsv7u
Node 3:
Node 4: 8vor6ho
Node 5: daj0lto
Node 6: 9434wsh ch8lwjl xoqshpw xxcia03

Node 0: 5dwnra2 6sl1v9z c1d1vy6 iqh6kcg o8bxwk8 vp1wo99 vxi6p83 xx72y8q y6zzf8n
Node 1: 94qgab9 ifoxazp ked596n njbsh84 obry9ze tb8899v vbl3zcp y90561h yjzfheq
Node 2: 9cn62wn ftww745 iqqfndj n22lact rv9r9td udb46mk xkcx8q2
Node 3: 8z8vdsa f3km8or iocc48g vbwwf3h xekairu
Node 4: d36vmis orzwcer
Node 5: 0vy1gmf 3jiutt2 fg3hq1c
Node 6: 1rekflq iuth3va mdt329z
Node 7: 2gd1m97
Node 8: g8k1dbe w0i4asu
Node 9: 0jmots4 qmjir29
Node 10: l0thik2 lav9vzu qerwfhx
Node 11: 9467lmq lsiua4o
Node 12: dx7pl58 wf4s60f
Node 13: icsqols
Node 14: adnymfx buda7g3
Node 15: g796v0f mk3wen7 n7hu75e
Node 16: 3vjzvio fwgrg7y vkv1m3z
Node 17: 83wdg7m euy19fw
Node 18: r93yhaw syik8hh
Node 19: o9mr8gq
Node 20: kbnuide
Node 21: geh25pn
Node 22: epmle0u
Node 23: 6se9215 h7c3eem mq3w3ub ntkhebn
Node 24: qxd81yp rv8kyl4 xnrmx5w
Node 25: k5vgq0f u97u3ie
Node 26: 1uud1gl
Node 27: 1oulz5f
Node 28: grybjp6
Node 29: ps6740e
Node 30: 5330n3q gyjvehe olqylm8
Node 31: xb7y7wt
Node 32: ffl88mr
Node 33: imfzqlo
Node 34: ub96k93
Node 35: tkwunz4
Node 36: kxjb5k1
Node 37: ir5uufk
Node 38: uixwcem
Node 39: jjn3u3w
Node 40: v3gmzol
Node 41: if4ic0h
Node 42: mu6ob0n
Node 43: 3pa1vv7
Node 44: orjbtxh
Node 45: nefys88

Node 0: 53cqcc3 57xwhuw j5psez7 lj2uvxg
Node 1: 0650i7r lqgs0sj uvt0fvs wcxm90b y1yoc2g
Node 2: j35bmp9
Node 3: h0plznc in0jcyu v7x3r3f
Node 4: c6tetq8 pzkqz33 vcv7djf
Node 5: mmk9ftb
Node 6: 2mqpgou ilb7ctt sia20ms
Node 7: 9g0x3xq
Node 8: 5lt754u cor77wf
Node 9: 3if8gox 40o4fk6 7d28d7j gak47hy kv3vv6i pz87kcf u9i752j v774sop xzy6zp0 yuzdxzv zntzp0d
Node 10: 4fq0prx
Node 11: gooflil mlbgqed
Node 12: n3gfucr u2nqy6x
Node 13: 8ubi9tn b0h0dd4 bx1b3oz
Node 14: c45bx1t
Node 15: 7i9ldxd mb6ylwk
Node 16: 3pemzxj
Node 17: aw4jbbq
Node 18: oaekcr7
Node 19: wzylu8x
Node 20: n3elqc8
Node 21: kx8lo01 zsy4qhf
Node 22: regya9v
Node 23: qkk8ruw ux3zz0a
Node 24: mkyf88s
Node 25: xbr4nfq
Node 26: wis4wmm
Node 27: 404t2az 6f2p2so
Node 28: f4w2oku
Node 29: 5tzt5hy
Node 30: er1huvo luavafg rr9y35z
Node 31: r4fe21k
Node 32: jiizyb0
Node 33: fssaq8i
Node 34: ymd3w8j
Node 35: 43w3z7w gynxqn2
Node 36: ubtwo0j
Node 37: 1bysbzr
Node 38: 515o01o
Node 39: nsg1kr0
Node 40: 4eqv30y
Node 41: v20t9q6 wr273gb
Node 42: 1te92jp
Node 43: kpyvfg0
Node 44: dorc8c7
Node 45: bne4mh0
Node 46: huo1wbf

Node 0: av8q5i3 cn7cubt ghhn65w
Node 1: 2whhvrw 31liu6h u1rajeu
Node 2: 3rj5f0f cz0gmyt
Node 3: 1hz965h 2s81o0c 3unr0uj 5jxg09p azfw4ri b6k4a8s en25qa7 ga8j5e4 gtbod2t h7lx04q lhsdpb9 mtkg8pz
Node 4: dnpx52d y8pnzai
Node 5: 1in6voi 4kmygd7 ky7rbyk us1xj38 vtpp2tg
Node 6: ukq4sfo
Node 7: 558yutb
Node 8: fzfolfl
Node 9: qn3w7bc
Node 10: g5imgfi
Node 11: vyac9lb
Node 12: 13026iy
Node 13: 54s9kki
Node 14: lr02btj
Node 15: 1o0c9fa
Node 16: 07gjevd xnfh79k

Node 0: 3f2jgld
Node 1: 9p0qam7 d9qkxe9 g9x62g6 hws1kgo ojqeb2i q8klbng
Node 2: 8p971f9 aesdig8 axcg0qx gaog6kb ljy6fdi qj02tup
Node 3: 2fys7x0 2k8f9i3 kav44rd pxu4t54 ugpmvf3 wc8uwd6 zya7c5v
Node 4: gzdg5rl
Node 5: 162icrv 8qfcsnk jssb9e7 r2ymr4j y5f5gjm
Node 6: 4k07uhz 8pu4ool 9r8jjta x80y4w1
Node 7: 7s9a1pb
Node 8: a5uwm9a h0vri2d
Node 9: 4453zoi
Node 10: 3s81iup 9bohkps
Node 11: 6jaepc7
Node 12: mskuij8 redia7p
Node 13: 2dbakxe 3j6ryy5 47xfhks 6wtrn8r a5ipshc bzp8ao2 hb0xbck oi7pay2
Node 14: zrhgruz
Node 15: xiehqzv y17sy6f
Node 16: zkq2x89
Node 17: 73mqxvh 9sh106v gj36eq5 lcgltdp nxv9slf p6nzpqm q0fln7d wdlbrw9
Node 18: 9gybj62
Node 19: arghu21
Node 20: qto676n
Node 21:
Node 22: qchh7zv
Node 23: 8adrpsr yndlval zoxc5qx
Node 24: dowwroe m7d5oe0
Node 25: p4uvbi6
Node 26: 9bfj5g8
Node 27: 3jtpr7n
Node 28: 10esy74 9ln08cs ksxyvvb s4nhy3c
Node 29: t3lr71d
Node 30: z98que0
Node 31: 3gzrhl3 u41hasm
Node 32: sma3xhh
Node 33: bwxnzpr
Node 34: pgef9rs
Node 35: 84fl1ax toxugbt
Node 36: pq4mpyb
Node 37: d6q0m9c
Node 38: rksszum
Node 39: zoxm0lu
Node 40: h93b9ki
Node 41: ywjsp0s
Node 42: xjfscsg
Node 43: fzhw88c
Node 44: x7o0e43
Node 45: 589mqbc
Node 46: 8zl4ms7
Node 47: 0phjzux
Node 48: 605up75
Node 49: 6vm3hm3
Node 50: xpmeeou
Node 51: 78lekyd a0fo4i7
Node 52: u73e115
Node 53: ldvm1gd
Node 54: 8x2j9d0

Node 0: 1bovdhw 450nazn d00efw0 jrc6m35 kcy31x5 m8c96kl
Node 1: s5ofmc9 z65oyto
Node 2: 9pjgu2q c8qkzgm
Node 3: 23j8y0k 7zndud0 7zvvhza glstimk ky347rn l6noitj pjyvblo q76qtpg tzk0rc3 xf1qs9k
Node 4: 2ig6wkf bz8t6xi jbwbh7c
Node 5: 3lgu5e2
Node 6: 4q3xfyj 6oso7sf fh1y219 grfm7sq gyjgnd1 o2rt5l3 rfo8k9c stqcvvh wjgvkdl wowuc4j y8fkucb zz99k3o
Node 7: 2kuroub 7skimcj bgkqvss iko19sl zaykba2
Node 8: tf7i2kk
Node 9: 1ou6zii
Node 10: jo93h53
Node 11: ef8g9ij
Node 12: 5kfxzx0 di8qjuy pz14x1s
Node 13: j7hjg3n
Node 14: 5j5f1al
Node 15: 3lo5miz o2d8g26
Node 16: wlmu1hm
Node 17: xwtz2gy
Node 18: iw7meds
Node 19: 4ttjzak ji6ng01
Node 20: 63kbo6s gmpvmeg
Node 21: 135gzno
Node 22: b3luk1u
Node 23: uyccj7y
Node 24: ir0y354
Node 25: umxb5gk
Node 26: xe6rfkt
Node 27: m3b39w0
Node 28: mkje11s
Node 29: t961nka
Node 30: vu2lfek
Node 31: 2helyjg mmyqa7k
Node 32: 55vzut7
Node 33: 4f6gdqu vu29cs4
Node 34: posn1qe
Node 35: b9yl9ov
Node 36: 6yhbgwx nc9wolm
Node 37: v6z48b6
Node 38: xvg55ea
Node 39: 5crxwzj
Node 40: am1rn2u
Node 41: c4mk264
Node 42: 1ikyn7p
Node 43: zgcrz3o

Node 0: xafj07q
Node 1: z8fmcfa
Node 2: 25zvn50 38pl2rn 9guhbp4
Node 3: jlp3ffx llmc5xc y8o3wls
Node 4: 64x0nwh
Node 5: klv7n8a
Node 6: eg2b6zu nsg5onh qzfo0eu v6o7nu0
Node 7: 1xgbl7u
Node 8: 6i67ol6 6muojyb
Node 9: xjyzshn
Node 10: 2iv8no3 2nmpk7p
Node 11: bhvgvn0 kl1hoh5 nmmyqzt
Node 12: endm7xv fgqvuiw k3qsnau n43xlqy
Node 13: 4wzjm9f
Node 14: 3e3js88 4g5z0rm 7zqj2c1 r2c5rtj scj2cmp ylueeim
Node 15: 04m3y4b p9qhxpw
Node 16: 9wr2rzd
Node 17: cq0wl80
Node 18: txythvr
Node 19: sw21ny8
Node 20: hcy75z3
Node 21: 8vxj9pz yzaevwn
Node 22: bxu46kr htr8h3h
Node 23: ak8kvu3 lnhnwz2
Node 24: m84ua3z
Node 25: 9evgos7
Node 26: 5tmywyy xnwurq9
Node 27: 7c45g1j
Node 28: bf63m0p
Node 29: qmwae6o
Node 30: gjd5f5n
Node 31: h69rxvu
Node 32: ecz4lhy
Node 33: 3jv9rra
Node 34: qd0vdxw
Node 35: xrge8yp
Node 36: fu4u3yl xd3kh7w
Node 37: juyiofr

Node 0: 1sgnsg2 3ccoccy 73klm56 dr9jmh2 girv7wa jr4hn8w lvyxwei m6n657z mx8qh1h nsfg5dw oaxousl t3auvgt u4u4pnh w0mnewa zsdab03
Node 1: 11k29t5 c62m3yf fgcrar9
Node 2: 2ga57so
Node 3: om7pj0l qa2w3bh
Node 4: jz8oqop wc6jhot ypxyyuj
Node 5: 5tw9pi1
Node 6: hcknvs4
Node 7: 754h2cl
Node 8: 1bmtjv5 n3ff2mf
Node 9: 0l2nvlv
Node 10: clebpiu keqtq3y
Node 11: e2lqyt7
Node 12: 5qugunw
Node 13: 8wlgepj kasmg72 px3c55p r2uypo8
Node 14: elh2gnv m9vga8x
Node 15: 7br9tjt xdi06iy
Node 16: 17qq18j
Node 17: kwg5qh9 m6yo84h tlt571d
Node 18: 2j06xek
Node 19: 47kyv40
Node 20: 0fkc6pm
Node 21: 236vnrx
Node 22: urnjjch
Node 23: wpv9etd
Node 24: yfx0ag5
Node 25: 8l32a3d
Node 26: 7x55hy9 e7nai7r eqfzgc1 jae7n8u vik1rt0
Node 27: 5k4hu95 m30mgkt
Node 28: z2yon02
Node 29: vlt37po y34q7lh
Node 30: 5xtpj6h d8ux64b y9ntls8
Node 31: u48qbkk
Node 32: vb6hfin
Node 33: 0xx82sz
Node 34: hg70zq5
Node 35: 83tc4pt
Node 36: l9fnoso oteqa5r
Node 37: yenb1lw
Node 38: cth3las
Node 39: diy2jo3
Node 40: lznrdin
Node 41: c1kwggr
Node 42: rxcyyub
Node 43: q23ohzk

Node 0: geicmvd
Node 1: 5w5opch
Node 2: 0qq63j7 8cn9cue bwlrvd8 i72sm9n
Node 3: 7opg0uz lqmt084
Node 4: abm0zmw ij24bgq
Node 5: ahrvc16 hisytgo
Node 6: i9ziiid vvnbip1 znj71dg
Node 7: 95l527z 9zo9rc8 b9rbjok fuud2u4 i6rpy4b xjwzlm1 ztcf6gd
Node 8: d10ngg5 rwt6tvn xy2uau0
Node 9: k7j6958 phn28tn v34y9ez
Node 10: 4trgaq6 c8eik5c f9isfkr kdsazwg w53qkwl
Node 11: awsw4s2
Node 12: 9wj49z0 l60ndog ot8xlsx
Node 13: 3ppsuw4 6gxfquf dk6kqjg dzxzeph febfakw y1oid9e
Node 14: d0mpssd
Node 15: ja0x2bg twaamdl vjox75e zjz4grd
Node 16: hc07smz
Node 17: pl7wlie x8tf7jd
Node 18: r7ht3vl
Node 19: 7f11sr3 7i4o3e7 e52wibx
Node 20: bc8nctx wr8r0hu
Node 21: 9tucbdo jp91s8v
Node 22: 2cf654k
Node 23: cmr0ro6 dn0nl7l qpzmcg4 u9xon5n zxcudzb
Node 24: 1230kkf 74ioljc eyzhd6u if7vphm
Node 25: 37inuck
Node 26: by9t7cu
Node 27: 0fyy5vf sbhqght
Node 28: 34ezauw o9n8k0l x0wp4f2
Node 29: f2k47ks q09501f
Node 30: f0q72cv s21thom
Node 31: 16tpzbh
Node 32: 9wyxnwc
Node 33: w1zd9gt
Node 34: s0y79t4
Node 35: 6sp83sg 9capxqp jcz0pbo n15lp4h wpr5boo
Node 36: tpb3qkp
Node 37: m4su6e9 v1ljoi3
Node 38: ie10wmu qrpg4z8 sijuwem
Node 39: 95881qd
Node 40: gntfbwx
Node 41: izdou5v
Node 42: 44m8dpm 78g0oyb
Node 43: 5xpbkz4
Node 44: s94chf2
Node 45: 8kr1nrd
Node 46: oc1l7il tt6vi4b
Node 47: 10mpk44 9ckvidt
Node 48: l0xzkmq
Node 49: 47fi9zw
Node 50: bi2e56d
Node 51: ymh2mkr
Node 52: ghp1w0r
Node 53: az1oy9j
Node 54: 69mkil8
Node 55: qqkym0m
Node 56: li63ue4

Node 0: bkakt02
Node 1: 0aywcz1 0w9ttfn 816cra0 a73ykl7 i20b24o nabpbsi qcyn2m8 qfro9zn r7um2uq x3yl8pb
Node 2: oci16vg
Node 3: 6vjmqx6 9si9u9a d67cnwn
Node 4: yo1u322
Node 5: bwf31k5 mxuub8x
Node 6: p61lbnu
Node 7: hfn44rn j8lkybu
Node 8: 2k84z61 7her5h2 y7m802q
Node 9: 9db30df o4slkja
Node 10: 7l7lvld
Node 11: 6ivzmun 6wmemwn ag55p5a
Node 12: n56w0u1
Node 13: wqggxm8
Node 14: 15d3r1t e2ak9ca hlrn8ra hv94w19 otxke2b
Node 15: djtjg9u ztimw36
Node 16: 2h2ukaa a31m1uj vv42x4p
Node 17: 15wrgpf 22lw16o 3p1mcsi 4h501fb 8zs9rmw hrgvt8i lxrua04 mpa0j8p q4pqxt6 wf5y1kr
Node 18: 6hrad6g 83c943p am562c0 oil6d98
Node 19: xsgg9lz
Node 20: yemjly0 zqxp1wu
Node 21: gm85591
Node 22: x3q0ese
Node 23: 1q6hcvv p8mlgte
Node 24: l8ce0vt
Node 25: 98ow3zw
Node 26: ngw96hs
Node 27: 6xrjzf8
Node 28: n6ug7xu
Node 29: ag00lmt q1z1820 u5rpr63
Node 30: 6brupdl
Node 31: pvhtfxb
Node 32: qwun8vo
Node 33: k5aqc88
Node 34: 2sttrl9 j9ovcva
Node 35: tkxsejp
Node 36: 3qlxcbe
Node 37: xlls3ju
Node 38: kctulzo
Node 39: gkyjacu
Node 40: qr5qynj rx77i8z
Node 41: xc5n3dp
Node 42: d8925g5

Node 0: 2lubhxt
Node 1: 1q9hdvj 5efpy21 6ki35b1 drk7d6v
Node 2: 1l97f77 70nes1e enx3ory i11da6p jdg9q7y m63w8lj
Node 3: 0ihg48d 17aytuv 21gz8fa 45syany 6az7m5p 7ejg6lf 9hnhwbu ah2k4y7 b657f83 buxw92k dij3zkg gj426jo h248068 jei56u0 mp9up6z pafjhdp sdqql55 vxtwjcj ws77hbf xl1i7lr zj103ka
Node 4: 67lg1n0
Node 5: 5s6z3mb 7cdp5uv 9qra4rd b36z217 ewdws4g i4x1h58 oi6qtkq
Node 6: atwwmux yeyryuw
Node 7: 9th9q3h gf4aefu qdq8ycb sbwbfjp txbuswk
Node 8: 41axkni 6bwu403 kmbpmvt usm4bfn
Node 9: 5d7ehxn
Node 10: negdsbi
Node 11: 53hk1v5 qv8wtbn rkdl4jr u378xlh uegejqn
Node 12: td5ytiy
Node 13: c4vxe64 h3l87jf
Node 14: zdqxhaz
Node 15: jpqvjiw t2omfhh
Node 16: 15jkc09 9czr91j iyu0t1o
Node 17: 8vx8z5x
Node 18: 2bju6xc g31qm2x
Node 19: 6knisdy
Node 20: 8x7dtjl k8z57hd n0hsmlt tj3ygye
Node 21: 1scl4qk
Node 22: 0h0hfjm 9nkw7z1 ajbdvvb f5pk1fa mf28jfv
Node 23: gs40zh2 hfme0t6
Node 24: 7hma6y7
Node 25: 9qvexqe v3b62e5
Node 26: esi8u03 x9a95zj
Node 27: 1192c2p
Node 28: i8e60mr
Node 29: 7ranm2o faidl64 h9v7n0n v3n5ub9
Node 30: ee0vmrd
Node 31: mz9a9kw
Node 32: dotc43i
Node 33: q9j383u
Node 34: 1j1gwst
Node 35: y366nsn
Node 36: 2ryg082
Node 37: 3yyu2yw xzj98yq
Node 38: lh4m63j
Node 39: m2zoqui
Node 40: 2qqomwr
Node 41: c40q089
Node 42: gpqxqda
Node 43: 04kvgsy j4p87qx
Node 44: ble2abh
Node 45: gaeukso
Node 46: i9j11sv
Node 47: 01grqjr
Node 48: z984t4y
Node 49: 0zfdsi1
Node 50: gdf6icy
Node 51: o7t3xu1
Node 52: ekjb7uf
Node 53: m2w61ub
Node 54: 5ljwu8y
Node 55: faeth09
Node 56: njnfazo
Node 57: iyn2hxz
Node 58: 028h5il
Node 59: xpv8is4
Node 60: quhrxu4
