Node 0: 22xnpqc 8jrwncz d0hp210 irqmpie odap7oa vnnch8c
Node 1: 6bg6ih7 iw3q6qg kbvmcnm p3xiqif
Node 2: 4for65v bgl4w0e cvvln4n hpb147y kndtj5f lnmj6vl usz7b20 vgvhbtv
Node 3: kzjl0mk x46rklh
Node 4: dsadw1l g687dcx
Node 5: 2yur6so
Node 6: 3mf0sge 5pjg4yt 7e2f00a
Node 7: 6alxrwf aqmhwm5 migsa6m n54b00i xp5fx0e
Node 8: aldikwa
Node 9: ak0goip busxph3 hysn482 wdih053 wmu204t
Node 10: 1a04orc 8ktfypv
Node 11: b33hfr7
Node 12: 9od8hrc jtlqow6
Node 13: 1wsz7eq cqsrjyr cynea8y wspcpss
Node 14: chc9siv
Node 15: 9lqz8ql m4mi6h1
Node 16: 85uo70y milu16g qf731l8
Node 17: 1w78nz8 9oqvc0l e7rkn2z g9gwj6z
Node 18: sm3z6hx
Node 19: 2xyv6mk
Node 20: 5bhi5kp
Node 21: 8tuc3np gl3duxm r5n0i3u yzaccyf
Node 22: jchopmi
Node 23: vfq3pis
Node 24: m7ftlhb
Node 25: lp4hb17 zx9e5k0
Node 26: fam6k9c
Node 27: c4ppvsz ku4hs3j ox9qtto
Node 28: zv1j4x9
Node 29: mkqo6zf
Node 30: 0vqkacv jskac6t
Node 31: bziozhv rv0espa
Node 32: 71gbf4i
Node 33: apd3eia
Node 34: tepdx83
Node 35: ccemech
Node 36: 5akmzpx
Node 37: 1la1sir
Node 38: 8x9vs1t
Node 39: 79wub1c
Node 40: ujonf7g
Node 41: yd4sfem
Node 42: sdysxxa
Node 43: u3jn7qq
Node 44: t2o52th yxvbs06
Node 45: 0myt056
Node 46: x92mc5u
Node 47: 2hpcpvj
Node 48: fc3w3il
Node 49: d27ax01
Node 50: 7eheesl
Node 51: 35380ey
Node 52: g8yedjn
Node 53: bbk88wt

Node 0: im4ang8
Node 1: 5q5kke8 dqey9h4 x3muvsn
Node 2: 1p8uaih 50h9ejw 7fhnxnd jcgy86h
Node 3: 7muwzsh hy8k4g0
Node 4: 6omlqmw
Node 5: 7xwpsa4
Node 6: 7rplxop etgihd4 iw6zipt kzx8fg8
Node 7: 8h03caq y5b92yc
Node 8: fgfge64
Node 9: 3seo5mz
Node 10: elz7k26
Node 11: 3i93a8m
Node 12: 101odi3
Node 13: 94gu73z bjo3rfz
Node 14: 3d6f0ki
Node 15: 86klngr
Node 16: knxcva8
Node 17: ljotc3g
Node 18: eiyknhu

Node 0: 3vlb7oa 4yebx0s 7ndm8c7 7occz1u 8k7ioc7 j85mlpv ux46b27 w86i54y
Node 1: s20yql4
Node 2: 67noj5d mdlnkz0
Node 3: 94camnw rgnoq8r
Node 4: 3865bic jq0nugr
Node 5: 1imlbha
Node 6: sowo6sw
Node 7: 8g2cdjb
Node 8: 0mgcvy4 kbtfrjt
Node 9: 7b6pu57 ambk2s2 tk4yqah w7vsuwi
Node 10: 4a9rs9k
Node 11: 59zn81a
Node 12: 97n11ux
Node 13: 1wynm3z
Node 14: pztfaaw

Node 0: 4mlccvy
Node 1: incwqjl z4f9de2
Node 2: czwuf3u
Node 3: bdx6v2b
Node 4: l186v5i
Node 5: l0hv3ux uvoocdd xdmnot0
Node 6: 2yaxz1w 85smkxb
Node 7: o12lwiz
Node 8: 9wjqhxu
Node 9: 675hdph
Node 10: dbidmde qln3ztw
Node 11: l0axqwi nv0fzy0
Node 12: t2obf2a

Node 0: 5rf6mq5 9i8ib1w d3ge78h dj1a5ya fmg1gqt h52oi2g hluo0he lxn0h31 qbupzf0 qer8bkg v1w0jww xx6coto
Node 1: ha2di5c
Node 2: ntz4btg phaui37
Node 3: n9de43u nl7gmnk t14c47e
Node 4: shp1bjv
Node 5: ru5ee9q
Node 6: csucqu0 zxi24ic
Node 7: brluxeu ghr2ofv lvoft3l w8ntub8 ze9z256
Node 8: xuekjo3
Node 9: lfv04ww
Node 10: 5cartpo de3izmr jbma5bp
Node 11: 4a5x0r6 kqappw5
Node 12: gv8finh
Node 13: mh328o9
Node 14: 12vfos2
Node 15: 8shcmby
Node 16: guqouc2
Node 17: f7q2p13
Node 18: tej020g

Node 0: 1frlcwa b04p9u3
Node 1: iz630zd
Node 2: 2o8fyw6 3rqzom9
Node 3: 2ia695k 8xhtcq0 pqx5kjx y43mng0
Node 4: ad1ey7w
Node 5: 9j7dbp8
Node 6: 2q4ztr4 fq2xr8h puxo1qv
Node 7: eybm6wj
Node 8: yrshlw3
Node 9: 6958v3z
Node 10: h17p570 qb9rfo3
Node 11: segciqx
Node 12: gyrwqgr
Node 13: dkf25zi
Node 14: nrvnmdh

Node 0: 01jyibh 4f93j18 5zvsg67 60qjt92 6ssxf8i 6syzvu8 6zz1n2b 75coaj5 9ihw4sm b6wy5qa bbw9txf byki2u1 dl51yt6 du9w0nq eaciz1s g9aqzt7 grfjpuz hpa9a5x jxmfow5 jye5nce kj7twrd kk077ln l50aa8p mwurjf3 n3ows1v ognkrdi opzh6d3 orf2tec q1dqfs5 sjbz6hh tiqqfmw tuwuieu v2q8jzw wdzkbhs wm6qppr xg4rpa3 xhetxqe zgvvxt0
Node 1: 1v2l9k5 59myde5 fkvvdge j1nj4ue rx6sdpx udihihc ynyya5c
Node 2: 0zngoq7 rkgb2lq
Node 3: 59q3fcs
Node 4: nskj2nx pjl4219
Node 5: kg4r31e mfwp64u z2k0291
Node 6: blbdgl9 pffwm0w
Node 7: h8njebf jx1742c m8pzxel
Node 8: l9w4uam uog5dwq
Node 9: f2q6jda
Node 10: 7ylxdbg
Node 11: b8yp9jk
Node 12: 2ps4iy4 gsdvvlk
Node 13: 18hee81 7tvdk53 9eyqzd3 9zwpixc drz490v kysumz9 re7hqtz ukzbwkr
Node 14: 1akxs4n 52d89au
Node 15: 0gs8a5q j6u2gjh xtxjkc6
Node 16: jhu2x1z
Node 17: 3oexso0 4m16q8z fijxb2o htc8ecz i0k9xy9
Node 18: c703rom
Node 19: foe35k1
Node 20: cvm3oip
Node 21: yg38cfx
Node 22: eov5nnw
Node 23: 0gwlucs
Node 24: 09q9c8h
Node 25: k0vizwr
Node 26: 2gp9c75 e65heco
Node 27: vqkppas
Node 28: 0icfl1r
Node 29: 1yztti9
Node 30: bwv82kv
Node 31: 3p8qx14 lj5gaxn
Node 32: 7svjptc r0xuebz
Node 33: 5civ6xn g3fhn8l mv80mqb
Node 34: g7fqnpo kbt6982
Node 35: pwpo1im
Node 36: b1y6mx1
Node 37: 2cbktzu
Node 38: mixekm6
Node 39: jecfyul
Node 40: y7hn5gw
Node 41: qz3012b sj37bvl
Node 42: yyrj5zd
Node 43: m4797oa
Node 44: n66vi7w
Node 45: rrhbipo
Node 46: d35m6wt
Node 47: sizsmjs
Node 48: yqihxy2
Node 49: duvjp3b
Node 50: d8ublmb
Node 51: z4i4l95
Node 52: 32buctu
Node 53: wat9u3x
Node 54: v6dqwxk
Node 55: 60w9xyn
Node 56: 240d628
Node 57: abmzdwg emwlh9p
Node 58: w6yn69g
Node 59: 6d61g9t
Node 60: 3cid7xm

Node 0: 0qnlnnl 6uqozxr ed2vmcz jb8we1r kw8jwfg p30fxa1 v7j5p5w
Node 1:
Node 2: 61ara5y cm3jpzc
Node 3: njleodi s8q93ui
Node 4: ihrm198 srk54ww
Node 5: jjufctg zykrfw9
Node 6: 4nv362a dy0ddz4
Node 7:

Node 0: y04aot1
Node 1: hab15i3 r92yth5
Node 2: 7x3gy41
Node 3: 29kwouq 7bassw8 9niy4j9
Node 4: 1s5br89 eb7zxrp kll6w7h
Node 5: agq6nh4
Node 6: 9rrywkf d0meudu j37zv9a
Node 7: ihcyusd j7a25qt jzxmn1f z003uj7
Node 8: 6yswpl9 ptwt5mz
Node 9:
Node 10: m3wx6mh
Node 11: ldrcr1o
Node 12: aco1chk cp3jeio ibejfl3 t144jvb xzuse4d
Node 13: nb8chxr
Node 14: zj8bual
Node 15: 2wxlr72 3ljqs13
Node 16: gph59fe

Node 0: 7j5o0gc i15n8bb jgz91i5 o6c2o3q qagqvkz rcyk8dh rih549k
Node 1: 68c5kce 776reqk
Node 2: 5e9zfx2 dv2hlm8 h94t9vr
Node 3: gqydfjq
Node 4: sr86ozu
Node 5: bvhudny j73nr8w
Node 6: 5gy3ueo xs43sgh
Node 7: wjfkzc7
Node 8: leie246
Node 9: 1xjvocx f9nxysm zm8lshm
Node 10: fjm7zgx
Node 11: fku13t8
Node 12: 037kdak 8tt7eql ihk981j
Node 13: yy4vwqb
Node 14: l5zo1lk
Node 15: 8xex2ub a18p4ne mi3refe n3y5v0u yx5hptr
Node 16: 4ze3ds2 5zph1yg 91kiwgg hmiyz7l tsghkzs
Node 17: w0nshlc
Node 18: n49oylh
Node 19: p72yxvv ujygvdl
Node 20: 4ztlvjy 8eo76v6 pk8i8s9
Node 21: 1rxqsuk 2clpw69
Node 22: l9wmdjo
Node 23: rou55ui
Node 24: jp7pg9t
Node 25: 6yk1edm
Node 26: vivc4cm
Node 27: 91jb833
Node 28: jyrv5fh
Node 29: tx175u9
Node 30: heteeqp
Node 31: 472iynp
Node 32: 9umrzq8
Node 33: 7qek1mn
Node 34: 67av9n2
Node 35: 6cr22u0
Node 36: i7vln8a
Node 37: 0337plc
Node 38: 6guz6os
Node 39: 6t4pg02
Node 40: 727qirb
Node 41: o1bd3fq

Node 0: 19x6ltg 1m8xt2s 6nvlzzd 8gpelko 9ehecop a4z8sv9 ascsm30 g4gcouj gya612a gygpqor lpkphuj u79n7uw
Node 1: 2jqtabe 6kh32jj d1cecy2 ktr3hv8 t94eb5k tr326hp
Node 2: 8yg8u6b tyvhozb
Node 3: 12zxtm3
Node 4: bxlq2li dpp2rb7
Node 5: 0cwthci 52ywe8r 9bm58p6 br5w0r3 nkgot1q qqq0qs5 s1sjs12 sbcv8t2 wjphxo2
Node 6: 83c9gy0
Node 7: hd2c3ic
Node 8: 6el2ght jy6pkvj
Node 9: kxi4cls
Node 10: nt71yq9 qwbk4kl
Node 11: nsatlff pq6yjfr
Node 12: nremguo
Node 13: sybzszg
Node 14: 29ygz8u
Node 15: 4gm6jde cp0xe1g czb1caw f5wrgcx
Node 16: 2f3me77 b2xk9gl wtybbn3 x2tvppc
Node 17: 8hudmmd hkqzf07 y442p71
Node 18: 1nk0wth kc0lm0a
Node 19: 7x7ctxh s2u46iy sv75t19 yyqdbfn
Node 20: t7oriii
Node 21: e6ibfov fdcxolk h0dgrwe idoooxb mczg02r
Node 22: 84p3rjn rgs7s5r um1pd3q
Node 23: 48wv4fn
Node 24: u9vhs4p
Node 25: siokkk2
Node 26: 4dmiz3g outlppk vw2c05x
Node 27: qy1n3jz
Node 28: 2n2ob5v 33rh1lf
Node 29: 1f97kiy z92wtaa
Node 30: fc86nf6 odo352y
Node 31: 7zxh52c
Node 32: jy1irjv
Node 33: u4a81ne
Node 34: 3zktp8f tpludk1
Node 35: unjwuzk
Node 36: 81hxzzc zt8u695
Node 37: 5p8g0g5 uydjtg2
Node 38: d9jjjiu
Node 39: ntcgofv s2ccfwj
Node 40: hwgkdj7
Node 41: 96y8jfc
Node 42: 7e7oxg5
Node 43: 4n01qb6
Node 44: hnt839v
Node 45: joizkrw
Node 46: r94uga8
Node 47: ntlo2s8
Node 48: 4ru5vo2 c72rxt7 k23nzpu
Node 49: tj2hwqs
Node 50: 7hlo0ii
Node 51: h3jq4ea
Node 52: ks5vtkd
Node 53: nb6pkqs
Node 54: dxxf7fp pw3igl3
Node 55: d6t8bu7
Node 56: 38a06m2
Node 57: 5udt7h8
Node 58: y348rv7
Node 59: a9xmvew
Node 60: c01wcnx

Node 0: 2fur1hx 4q934n9 52y8uy2 afi0h6r ctvnm6h epy9wlo m53vjq1
Node 1: 18lhot3 6afooah 9jd67l6
Node 2: ej7vtrb h8d3ji3
Node 3: a2l8zog fa6kvj4
Node 4: hczm45o
Node 5: 739ha8c g4dni14 w3ihv11
Node 6: 7zarv6b
Node 7: 06e16lv 3gzu1v5 67jfcib athf8mn
Node 8: 5bwwcui fr9xzes jfne54a n2a8h5w rhz7o1m
Node 9: zrd19v8
Node 10: 4rf22ub
Node 11: oigqths
Node 12: g0kxd9l
Node 13: 6wh3bqn
Node 14: 7gavfed okuls4l orxq79v pka64p7 svbxmlj
Node 15: 3ec381k gj011va vssarq7
Node 16: s0ahylj
Node 17: xmrqh6w
Node 18: 51wd1o5 d8ocdjq gi2q7uf
Node 19: h9ejnru
Node 20: 96uio7g 9h4po07 qc5jq6r qqc3he7 z48tfql
Node 21: 9zl69nb
Node 22: qkpd7ok
Node 23: n8ue3fn
Node 24: 7v029g5 dk4q2ie o876cey yg9dm46
Node 25: 8o4q8yw kx2z5n7 t7hqxcx
Node 26:
Node 27: im6f4xl oc846v1
Node 28: ztdqzf0
Node 29: ohuaw53 vhy0fwj
Node 30: 4hgzrry es7a4tf
Node 31: mav4nnp wzalu7k
Node 32: zy85k63
Node 33: m7hf0oc
Node 34: hlwf84c
Node 35: nnmgnzs
Node 36: 1y4izk7 op50rig ppi9hg9
Node 37: im9fc6k
Node 38: 4xlj4hp
Node 39: 5pz0bcb
Node 40: bfwmq7c
Node 41: oueepop
Node 42: b0bnvl4
Node 43: csnj7in
Node 44: cj8casg
Node 45: 9fhdtns
Node 46: 23o3lkh
Node 47: 4ykc0ni
Node 48: u8r731q
Node 49: 2isj66o
Node 50: ei4pcl6

Node 0: 4kdkrr6
Node 1: 2oh7zx9 7vx00ya eshuph3 ij1ta9i kg9v56t ydsg2hj
Node 2: ev05jz2 jxftaef n2r2qdb s86xxly
Node 3: m13q5xq uvhbpl8
Node 4: eyn5xd1
Node 5: 0en0oj5 79fefnm
Node 6: p11l5b5
Node 7: 36t4t3z icf1zbe
Node 8: f6f15g3 uen2p4c

Node 0: 0clyjv7 87uznkr 928iywr 9q4l3ij b5svrva cqn1xus g4mlorc svlen6j yaxqjy0
Node 1: tv6eddl ylye6ea
Node 2: p6gxrym
Node 3: sn9tumx
Node 4: beqzzg5 ko0wwha w4r8lku
Node 5: 2w3aw2f bsrgbmq fqpc7wj l5z4tg2 p6f7yr9 q8afb3k
Node 6: u3us6xk
Node 7: 4sxqtdx
Node 8: 2wlpaj3 qr4pepi
Node 9: bnnmrfa
Node 10: qz49fdl
Node 11: 4h7afsw
Node 12: 0ifz4o5

Node 0: 1j87eqd
Node 1: 06bpgnx 71llnkl h5guhg9 sn920k9
Node 2: a6zwy3n
Node 3: aajd703 enlsi85
Node 4: lci62qc
Node 5: vw83dgq
Node 6: 70nzpu0
Node 7: mld2u4k

Node 0: 7820y1d 7z0rnt8 8s65220 8uecb4b 98croqx ghbh4jg j4b3kug mmqxyqe qumnvs4 s2xu3no udymkx9 w4eumne ww4jahx
Node 1: 4nv1zp5 gxvfd0v mt73cag vdq82gy vgmvyki xp2ve3u zorzwvp
Node 2: bzjoolo i2481ow yl4iau3
Node 3: 3xlyijj 78urxo2 a0mi5ob
Node 4: iyvpczk
Node 5: 6lv4mbs 8xhywjd bpot81i fzqdqn6 lxfhue4
Node 6: adwu5wr
Node 7: 0rrnzug 2vyr002 aq2ba7i d0wubw8 d2qcifs h8u94j8 xx4cx3u
Node 8: 28p1c8h
Node 9: wxuoqi1
Node 10: ivs21ox sto8ncj
Node 11: l5debyw zbvheb5
Node 12: 3vmflwb m1aieow qtz8a8h u9skjmm wwecfdv
Node 13: 5wmd2x2 jrwxowl
Node 14: dpsbnha
Node 15: 1pb6yj7 kn1n6qq r6ud0mo u0p4h7v zd3juf6
Node 16: iq2c0vn
Node 17: 7ov2tdf p88280j
Node 18: nwzsa43 p33m5w8
Node 19: 6xk5sko e6sa5k3
Node 20: eswcca1
Node 21: 0qygqag 2qbhesg wgt8yka
Node 22: hzv9vsc
Node 23: 3krh2yg 9r3kfz8 jrg85my ruwn0cl zaf1a1k
Node 24: wzoypub
Node 25: ze8x17d
Node 26: 7w9fjax
Node 27: 5mjeyr0
Node 28: gee11ik
Node 29: 7kpiuzx
Node 30: nafaca2
Node 31: owxaxyh
Node 32: j90jy5a
Node 33: hcurdiw
Node 34: hwmduci
Node 35: 4n74jh2
Node 36: 7hyq544
Node 37: 41kydrp
Node 38: c6itptx
Node 39: fs8tu29
Node 40: z0h4l3t
Node 41: rxwd3q9
Node 42: bpbwein win01cn
Node 43: gwcr7mx
Node 44: svwfliw
Node 45: zxt12fv
Node 46: giku33b
Node 47: 1q1c8nf

Node 0: 8h1ds8c d5w6smy vryv4q3
Node 1: if5st7c
Node 2: l3aw326 ssrc0ad
Node 3: gijitiv imcslcx x68c1cx
Node 4: oti6inu
Node 5: dygux3m

Node 0: 1x6ru1x 3g4igd0 6cqhi6n emh8i1v k7b0wni kiejcu9 pb15pa0 r93im3p wv8cwch
Node 1: 56b7euc
Node 2: a70o0te
Node 3: cmy8bur
Node 4: 6je3wjx 8z41hfp y76evsp
Node 5: b9ejw2x x2sab9c
Node 6: afn9z0d cwrulox n1850na
Node 7:
Node 8: yz895r5

Node 0: mnd2493
Node 1: 355aq98 6nbjvr9 e94udsi gyu2fm7 ixfv617 njyml33 tdcjwcl
Node 2: 02btpm2 koxafh1
Node 3: 0ixao6l 5yn04gb fh9hfgj k5vf5hf nef2pb1 t0hjn3j
Node 4: ak9auhh rcqmwr1 sb27had ujai157 vcdswcu
Node 5: anxvwfs
Node 6: aj17jwz cnhznub x7f3v1a
Node 7: 2aju4iv 36rpyrp 43s9a2r 6zfoyih atvj65t o6yi4zl
Node 8: ppj6fme
Node 9: gcsof8l h32cfpn oymjpot
Node 10: pdtoxb7
Node 11: a6jpve2
Node 12: iewmmbg sq9imkx
Node 13: b6nb9bt e7n0gya h69q001 pp1lgfd weqqnkd
Node 14: y1j1zuc
Node 15: 16mtu80
Node 16: 7dmcnmg
Node 17: 93cm3y8 gqft0mz
Node 18: byrnwd2 g5i5cxf gda3m2y
Node 19: 8tu1c3z lkzjl0k nz8tsqr
Node 20: n41ebcq
Node 21: 2bs7qtn
Node 22: f4smeys
Node 23: 5coqmrd 9lzitob pdc3r49
Node 24: 1alnnxx
Node 25: ia6n8e1
Node 26: a7uamyn p95mzzv ve440cp ym9diio
Node 27: 9o28aj3 a4a5q39
Node 28: 6g6oslt
Node 29: rn7xoek
Node 30: jc852t7
Node 31: egckabd
Node 32: iqub3q1
Node 33: u56i19o
Node 34: 8gvh16o
Node 35: 3ew6ofl
Node 36:

Node 0: 1u0xf09 7ffq56a alatv5b b9xcen5 c9y8j63 g6eudle i9zfcxh jiic39n pbsixyt quhc33w uel5h41 uxsvb9z xixbjv6 xiy9es1
Node 1: 3023zw5
Node 2: rxbgsmq
Node 3: ngry585
Node 4: 09xq5xx 8gclr4i
Node 5: m8inyq0
Node 6: 74sr8nu ri04z8u vbj71a6 yoh211w
Node 7: 5o8uif7
Node 8: 5fu1z9t 822jwbc oxv6lkm
Node 9: 8cke66q f8dd9jo gvqxb61 k4roll6 ob10806
Node 10: oo9i2ay q520cfb
Node 11: envsq9p zc0k03f
Node 12: 722cvk4 bvm97tb el5evj5
Node 13: kwcpnhv
Node 14: 85csflo mvkt36l nxzh0ha zj9ifq4
Node 15: e4jej4q r4mfaol zcyhfh2
Node 16: o4nvstg
Node 17: 10w0ogv 2m7elc5
Node 18: 8gqit9k
Node 19: kngbx62
Node 20: atyp0aa
Node 21: m9ss04z
Node 22: jtj38gc tkvxwiz
Node 23: a6gg7sp
Node 24: k5kqyhn
Node 25: rcqqm9z
Node 26: 0eu2zx4

Node 0: ck0kfpo zkgjszt
Node 1:
Node 2: 2zs6mko d8sxrtr
Node 3: 4yx9u9n 75w3kr8 acv6yzo gwhjvw9
Node 4: 4hk5wfh docheow

Node 0: cs3lqbf
Node 1: 8vamd5p
Node 2: 8ut0ypi fukb5ef fyscw97
Node 3: 7v29itn her27lc q6kc15s
Node 4: hcrgots
Node 5: 9iy7jh9
Node 6: umv0qpw
Node 7: g3hefti
Node 8: 70c2zzz
Node 9: launk9t
Node 10: wx8tw7p
Node 11: db49ukz
Node 12: g16tden
Node 13: wv3oku9

Node 0: 4advnow 8jt0pn1 8urz9tr g5zne9x hwo4qkt tldu66r
Node 1: 2wuip63 4ct196t 63npzbg 68lqh35 6jrqsvn 8db4sen bqeqyi9 di65pyp j35k9tb o2eibxx qgocz0w sbrrhcz tcbuino v04n1al wvorone y9xf6s4
Node 2: 4g7r89t
Node 3: xdsxfzg
Node 4: 6ciegrh gid2zqe
Node 5: jp4fgqa
Node 6: 0v858ne d5pfrsm jhfd478
Node 7: x7k4cpv
Node 8: 7bn2rqq f0pbx5i mndtqai ybry4pn
Node 9: 0hu03vm
Node 10: eaeknbm r5vvagj stkf4wm
Node 11: 5cbsd1z
Node 12: 2x6donq 6o90j3h 6z9ble0 fvdvy4b lj0bojx pc5qruy s159pwg sl4c5um
Node 13: ckivxln gzqqo51
Node 14: 4e2a6vs
Node 15: cc7xz68
Node 16: 1gcwucb falztme iknxj1d vmh3eu4
Node 17: bt3rzf6
Node 18: cm3capk
Node 19: ti538j1
Node 20: feqxeqe jiztcrb
Node 21: syk5nrl
Node 22: bzggw3n sw1kgw5 yj2o3un z80tz05
Node 23: pwiuj05
Node 24: hgg5igh
Node 25: hnpmnuc
Node 26: qjcq06e
Node 27: eu2zjqq
Node 28: 1m4a9wv k4wo9zc pj419fm
Node 29: ob5yeq4
Node 30: 10d3vle
Node 31: jdtyio7
Node 32: xxhtu54
Node 33: zhlbzd9
Node 34: vbzitz2
Node 35: qyq0vyj
Node 36: nrqhjul
Node 37: 5qqg69d
Node 38: i17g72b
Node 39: m4m84s9
