Node 0: h9mgtey
Node 1: 3sr8zsn 3w13yz7 4p0vd83 7e6vpas 8v5lgv2 goccgto l8nsvav py3q6ol uc5mlsk whxjf8u y2at3hj ymkvvfr z07we04 zq1pn7w
Node 2: osj2rky ouxee6d ozcwzgd wwuo0wl xlsa98c
Node 3: 7076fus bpwdny9 xp2wkky
Node 4: cm5fyvj xbyzbax
Node 5: apo8qih
Node 6: 1lli3sq 6pvd0hj bncrmie fyhhvl0
Node 7: 3nca7ch q9zy6z4
Node 8: 6rj1a39
Node 9: pz6rysw tem9zfn ug856cd
Node 10: 6r20l3t tlv8x9t
Node 11: ecdib59 pz79wb3 x9411u7
Node 12: qo3nfgl
Node 13: lrkwdu6 wthipe9
Node 14: 84tlg7p dmvftma ka65e39
Node 15: dgxtpn8 eqwgzeh ra3blrp
Node 16: x0qegh6
Node 17: mt0swqy nzswdix
Node 18: 8hdkfbg
Node 19: xc84utk
Node 20: 7ew5q82

Node 0: 1ppdore 52nc48e hc4emw7 q7ds408 t49sjyw
Node 1: 2pk4ps9 3sx13m0 ahqs9tq cnpylps lvedvk8 mrxwnu6 rnqciw3 srjwnkm
Node 2: 3u9xadb v5hfryj
Node 3: py1ysha
Node 4: la0hg5w
Node 5: kpgewce
Node 6: r0oofbd
Node 7: zkfov9x
Node 8: 4libq5i 7mvx7nu 7q9nl04 msoig8f wqibn2o
Node 9: h49pf1l kxi4xlr metnw5g
Node 10: zaqfena
Node 11: j1v8q5f
Node 12: 1pjtfiu 1r7lec8
Node 13: xtnzd7i

Node 0: 2tzo7yi blcik76 br50fnc eitn25g r8rh260 xm3hi3z
Node 1: rk76xxn
Node 2: 3qu4amm
Node 3: 1i4wm4x 2vt8izq 3xf52of e2ld3fi hoixpq0 jcmm3wl ker4mi9 l9c8dnm m8sn6a4 m9906uc nmkc4it o40bn70 vgcmo9n vrjvv4y
Node 4: 0354ald 4r9kq8x 50tpuyo ecfa2cn io46i76
Node 5: wlzov01
Node 6: g8mgo19
Node 7: b9y25dr c27espc
Node 8: irdzc5l xm8m3ua
Node 9: szrqgdh
Node 10: nsxt8t1
Node 11: 6qd5dxx
Node 12: 48n6s9q 6cljitl 7650t4t m0s4u1q tdomfwc
Node 13: onk8ytc
Node 14: 47232fh ip5x5r7
Node 15: ctjbcxe
Node 16: y1t40cs
Node 17: 6ywsy6l
Node 18: jqiwhd8
Node 19: 5ukdr9a dksshsu
Node 20: 53bnfht 8x3p9ss wba06p8
Node 21: 1nx7c9b
Node 22: 81nerv6 mpqdfhb uku0cgq
Node 23: z3ded1l
Node 24: fyuog9t
Node 25: n50zs8c ooi6sfy
Node 26:
Node 27: usu4qhs
Node 28: bc5de4y
Node 29: vacotcy
Node 30: cqnnzg4

Node 0: 0505y54 1wbsym4 20rqcow u79vrhf w3k6doe
Node 1: 1azuc45 9iyscvq h596hbe t2vpclk xf8lj72
Node 2: 8shzpke

Node 0: 0rzhuuh 40r9lkc 5do3dz5 uweawm6 xoqjdwi
Node 1: 52dh5l2 ah8f8ef bx5b0rn cvdcsna isw6c55 m5nzet0 tkvio25 yuxztjc zz14ic5
Node 2: fn1p37n
Node 3: 0912v3o 2comyg1 fua6atw nro374g yic7sxe
Node 4: gz4p8p7
Node 5: ippdmhz
Node 6: lne1dsr wbmg2ed
Node 7: 98ezwrq ggmzaov
Node 8: 7ubgqw4 9uurt40 bdjabbs d3dqlhx pq7xdu4 w8d1u27 x72vv4l
Node 9: 9bqt6qn
Node 10: 28ll5kx 6deb2tx
Node 11: z5m1uop
Node 12: 9jtmfo3 c8uubvv m4j10rb
Node 13: 4hdp3za 5upjdvk l6ywsk6 s1f792i
Node 14: 294sxoz nxiycfs w3muku6
Node 15: te4npnc
Node 16: xwbo2xt
Node 17: 6pzzbmp
Node 18: 5qj0c7f
Node 19: rh3cyrf
Node 20: i8x78sr
Node 21: 96tqlqa
Node 22: tzo7eqj
Node 23: w55qw91
Node 24: k52hyh3
Node 25: 6wf9n57

Node 0: 7wbwh3o gkhiq1l r4jm9df wk2p17p
Node 1: r2332gp
Node 2: gx39xoc p6mopfw y1bl1v6
Node 3: 62060rn
Node 4: hgofdi9
Node 5: 4szp38z 7xl36vi mnve6tl nogob0j
Node 6: ncm3pkh
Node 7: y9d2gg4 zn987os
Node 8: 1fczj0n 4yii1bv
Node 9: 1azdhl7 6auca2x 7ovrk5n 8c5vn5e ixk0f1p l3xxzuh n6c92fb nhgcpgj v0t8kdh wzu44w4 xyp94p2
Node 10: br2hbry fnmkkd1
Node 11: 1d91k9o rljsp94
Node 12: 2hj9m5j
Node 13: 4eovac3 7gyy802
Node 14: difjiaq
Node 15: 2wad25u ldurnh5 sasoubd
Node 16: uxpq94e yi3abh3
Node 17: 2v11yt8 o8rjap9 s0uuctk
Node 18: ep78kk1 upsvnao
Node 19: myt8az9
Node 20: wbqchtn
Node 21: hh4x0rk
Node 22: 40zbcm9
Node 23: zqkcr72
Node 24: 9yoiwpt
Node 25:
Node 26: kf5thum
Node 27: 3nt0k56
Node 28: 4fvsxva
Node 29: 3wgdcd3
Node 30: aqp4aej
Node 31: 9vzug0z

Node 0: 91lzqq2 jjyyozm
Node 1: cs46ugk

Node 0: u4lya1o
Node 1: kkbu42q q71ukr7
Node 2: 1924udn ndn1e3v
Node 3: 4srtmo6 7uvgai6 8a0nf6k dymqqdl jdienks mykugav qdsv74x qi9weom t6dcvcq t8w0p61 ur12pnm
Node 4: gqjnzdw
Node 5: co13tfr ea4ifcm gbccr7e un4ywx0
Node 6: 1837bpk
Node 7: le00dbn tllu4or x9isrne
Node 8: 0s5ywko
Node 9: 7nathwu
Node 10: eb1xtp1
Node 11: nl0kxku zcrfqaf
Node 12: 9ynx218
Node 13: bdokvpa ha837h5 jin1hz1 njh36nx rslhsd1 ufwdcvp vrw3xe6
Node 14: jfo2a1r lvh00c6 ql7vueb
Node 15: 40gial5 4fwje5c 5ftob5z
Node 16: veui5v8
Node 17: xes4ihv
Node 18: zooe30s
Node 19: shlqpup
Node 20: 384avqs ackqun8
Node 21: 1d20o4j 227sn85 y9qq0ck
Node 22: 5f7smc2 9i0po8p
Node 23: 6qp4ixo 9rd33kn
Node 24: 1fshfve 1igrq0u udbxoby
Node 25: 6ti0nou j9dyb5s jns13li xh1zbgk
Node 26: 5vkau44 yacmdfd
Node 27: wo3wjlj xndwm0i
Node 28: pc6tt8c
Node 29: s2u880q
Node 30: aow5ya0 b9ol8kk gj9c12d jt148jv jw04vpo vdv9bbv
Node 31: 9fivyqn
Node 32: hfm9k92
Node 33: 8969l7s
Node 34: rnght9x
Node 35: f8fq7ah
Node 36: t66jphs wzn3ku5
Node 37: ah6zq0h
Node 38: rdm8zx3
Node 39: iomnucy
Node 40: nuz5d5k
Node 41: 7suaq3h lpl0fmo
Node 42: 8h760yp
Node 43: 910z0e3
Node 44: idko98g
Node 45: l1baunz
Node 46: cex2q24
Node 47: 8gin2lj
Node 48: 0zsf9x0
Node 49: hsdnja4
Node 50: ab35bqj tsen67s
Node 51:
Node 52: xnv95o5
Node 53: lie0lsp
Node 54: 76nyn5x
Node 55: 6pkatw5
Node 56: zrd9rz4
Node 57: j0mf4bo

Node 0: 1qeigzi 7s50ts8 c86v665 d9tzx39 ekb2c36 jyrmymy vs2543u we1ecob
Node 1: sqvg1su
Node 2: 1pukxcn 1uwu99w 3oqzj6y 3qu9roq 6fyr4t2 74sej2y 7evuz0n 8ktzmai dkteqhf g0d91x3 guo5mtk ihqggrm k8718w8 o2eayh4 pe7v9a7 pz3a5wx rn8n9lw rndimvv s8rzufn ujvy0jo y1e70ec
Node 3: 6pnsuwx cb12ryb
Node 4: siriul4
Node 5: cfufu6k
Node 6: 1jvwjjc nrzn9mj
Node 7: 60tcznp qnh2se3 wymfd7t
Node 8: fzjjfix
Node 9: l6ww72d
Node 10: 86o45g7
Node 11: k6y9i2o
Node 12: upqrgog

Node 0: 4y9q8dt
Node 1: 14kkbfd s40235j
Node 2: 2azdqgy 8ws9te8 gradesp us6jlag w1qes3u
Node 3: 3wrumez 9mq5x5g d6emcjm t5t0u24
Node 4: 3idnocs 8hj6vmj wix68n8
Node 5: 2o3xu1b cbddkb3 l51kqr3
Node 6: axjphj7
Node 7: d8h1apq ihr2ai9 ptqeufw x018poe
Node 8: gz3egc3
Node 9: 0zkireq 4xxyfbp 8rmltsd h8136c5 w55xls2
Node 10: lmc3y3d ngblx40
Node 11: 4c9rp3c hyw48nz jz4qajw mxfbrhb nbgrwl0
Node 12: l1kf4zg yaj1jlp
Node 13: 5riztl6 7u1z0wr cprz6oo
Node 14: 89yeu6k lbcgt2c
Node 15: axyx7gb
Node 16: imj5u6u is9v42q m744m7r
Node 17: xzwx5i4
Node 18: 0jiv95c sw1cyld vlk2dj7
Node 19: kvsklic
Node 20: k9g3vlm
Node 21: z8w3uif
Node 22: 4z3dysm p0yw2ic yzretrr
Node 23: aji0va5
Node 24: sgpr5aa
Node 25: c4184ww nu0ibuy
Node 26: ticq7tq
Node 27: tcfey7t
Node 28: g31n7zn
Node 29: jm4665r
Node 30: 389vbtn efbe98x ngkf9yi
Node 31: f3e182l
Node 32: h9iaoja
Node 33: 1d5w274 453xk3w
Node 34: mqv2eg4 rb0yazw
Node 35: 3iv0cay 7jfl5dz
Node 36: ugro7af
Node 37: ho43j0y ktevafv ouwt9a9
Node 38: osc9cxk
Node 39: 6y5m5ec
Node 40: 7mlpacq gmpem63
Node 41: f96xsmq i7apmr4
Node 42: 0wbg571 f4pefok
Node 43: aj345ht
Node 44: fhb8nwn
Node 45: 5fh8rk5
Node 46: p9nqs1j qj3u9ow
Node 47: wo7rt10
Node 48: 874ccvt
Node 49: 32tphib
Node 50: sp0jjtl
Node 51: 6uxabi9 ghff9q2
Node 52: jaqje0y
Node 53: f2yf0t2
Node 54: 5wu8euz
Node 55: ndlstz0
Node 56: x5y65fd
Node 57: 7iy319h
Node 58: ancupqu pscdbe7
Node 59: yarmtjs
Node 60: vr8ius8
Node 61: 5j83587

Node 0: 1i0b1o5 f4qqgs9 fvjta5d h8pocrm hwr4jnu ia9njfe k6ry0hn kltcxzq
Node 1: 46pqbta j9zu89j nbcndmk rezvbwo ul2nj9v wtlk0zs
Node 2: huap809 rc2dlvk resyi0s
Node 3: nkn8h13
Node 4: 73b49ol 8xvf182 bdjy5qu cb92zjt cr8tcvy g09exva k45nfgo npww2j4 p4zpmsr pvyrst9 qifr5r8 qvsvw2p rovzxim to9kb50 ubt7fij ws6gue0 x29z22k
Node 5: 3l4rswp 92nwocp 9h9ogiu da3m7in giev8fg rgtqqj6 ugkhzrw wj9k8kc
Node 6: zo5lgdt
Node 7: emsn68x
Node 8: 4kh7nn4 86m3aab
Node 9: 7o75zor 9q9sjq7 v0xqd56
Node 10: fcieocb
Node 11: 9m6tbgl e2xk9zr jivcnzx
Node 12: 3illgq9 5hqbvpx 5rigf3j 7cxxo49 mlugdiz
Node 13: 581ntp7
Node 14: 4qmd0fz dsxeuqc
Node 15: 3u1782z
Node 16: 2p71rzo 6dlkn6v
Node 17: hguzeo1
Node 18: w6iam6l
Node 19: kaxy99o xmye32s
Node 20: 3qhrkbx
Node 21: 2g0t891 6o12c50 eor1knm rd4l1s3 tfqytl1 wknnbqo
Node 22: 43c2own
Node 23: 5wnoaww gdstim3
Node 24: or8ld15 z2odi2a
Node 25: 5egh64f
Node 26: 0yt7cfn 7f3pzko
Node 27: c7kwafm evz0c7n
Node 28: cg0e7q1 p85ar7f ty08jes xn31voj
Node 29: 0ymdnnl
Node 30: 8q60pk6 xvsbe6e
Node 31: 6i47buz m0epbb2
Node 32: i68dhlm
Node 33: d8hadhg fyiqfcj
Node 34: 9ynx5ll ec3sk1s
Node 35: guxdwdm
Node 36: l93a1tv
Node 37: b7qljix dnyfceo
Node 38: 8inic3o
Node 39: 1p0zaio w90hsyd zhspzz9
Node 40: lt3mtpt
Node 41: oxkdyrr
Node 42: pgdsli7
Node 43: pucn3fl ukysmcr
Node 44: vxvruhb
Node 45: 1eoxtbw n43c6ok
Node 46: a8ky44l
Node 47: 49udpd4
Node 48: 0p9slti
Node 49: a8rzl6n
Node 50: xq49mql
Node 51: ffhvfxq
Node 52: 3qizbij
Node 53: 5hscl06
Node 54: g971p12
Node 55: lxhtrwo
Node 56: 88ap9px rkp2d2f
Node 57: gp0xpbm
Node 58: iubh1n7
Node 59: f0ruza7

Node 0: ro4pghh wp606wx xciqxd7
Node 1: 8125und 8n0byq1 e5tfync hohmx8t kpw8al6 lxtz3wk nozpio8 q6higyi rv7bo62 tpq5z3s u9ux3cd wcevd2b xlwwup5 xnoo9ze y5zcw4p
Node 2: 87tnofg af4n78a or6aier szr4vho
Node 3: fxani7z okvfpu9
Node 4: 29obeda 335o5fj gjl9yl1 oxf4ypz rs82g36 sl301th
Node 5: 2m2jozr 3gy35fy chci1wa
Node 6: 1qn9m7r nxvzid4 ql7iiqo
Node 7: a1yj32t aenucdz bw5og8a e59tjb5 mcpypay qkqo3du ws87a3y
Node 8: 0k280au
Node 9: 8psmkgd
Node 10: 2wr2y2g
Node 11: 5i5xxx0 wttdcrs xqneoc6
Node 12: 28edfhb yzhwtwg
Node 13: th7iwtc
Node 14: sk8lhdb
Node 15: 7fmg6py ao7xjj8 juxkke4 vtws8cs ylnx3nu
Node 16: bu3c6jr ii7uzhg
Node 17: 0ieju4j bd4df46
Node 18: 6a7pa21 77v5sy2 vjazbnt
Node 19: 1v6mh5m 6eyr680 dnuu0te nhsg5sv
Node 20: c01i2od mpr2udc wine5pa
Node 21: 6l2b10b
Node 22: 6iu3ynu cpbyh8v pzhr3y2
Node 23: 1jxibr3
Node 24: 7fpnkcq
Node 25: x91ie1m
Node 26: pqo5zmu pv81cvi
Node 27: 0tqhthc
Node 28: bu27r7d
Node 29: uy9s156
Node 30: dmtwdbk k1m7lir yebtjax zm9pmtx
Node 31: lfenphq
Node 32: clx8fkw ha6fvvh
Node 33: lxzjpzh
Node 34: u5rejvf
Node 35: g789nt1 nuo60r4
Node 36: yzowekx
Node 37: eyy3dlk
Node 38: 4naatkr
Node 39: laqw81z
Node 40: tc2rjzw
Node 41: 4aghrh8
Node 42: 7kue7eq
Node 43: 6tdg126 ep4xlc5
Node 44: 8jjoe6q
Node 45: olcjlog
Node 46: 3rv5k1f
Node 47: dsvt0wi u1i3f4o
Node 48: nqs2rqp p7giqjo
Node 49: 664rm9c dl0uodn eczb14v mq84qap
Node 50: wix7mop
Node 51: sv9eae6
Node 52: 9hx9wft
Node 53: ytm8675
Node 54: wcm11s5
Node 55: wyw5mcc
Node 56: 31e2iie
Node 57: iqnf9qf
Node 58: 2po8kv9
Node 59: ut0wkvj
Node 60: ld50v2z
Node 61: 93ih96n
Node 62: z99ashj
Node 63: btjmeka

Node 0: jfepod7 tti6nnx
Node 1: ftrwh36 fvch09j
Node 2: 2608s1i 6oj2ao5 fnxhvyp
Node 3:
Node 4: r86mrse
Node 5:
Node 6: 23qe5p5
Node 7: 4qbb0ns

Node 0: 62xfcv7 70fkcyj x2z821v
Node 1: 2o7twqj s2foo3b
Node 2: xisyc2t
Node 3: 3tzdoo3 6ev4rnd ckujsuu h07xpkr jysqak7 qdu5fnx rny0ze0
Node 4: 88l3nmq qrbcqwr x4ihkb2
Node 5: 6tmybaw 7jiqh33 dvyd9bl u09l0jl
Node 6: 6kx1i1o n7ef6pz p7txiun
Node 7: ccv0l6w exsysxb
Node 8: rca2d9b
Node 9: ap0mrga e4zou52 h29xsy8 qevmwzc
Node 10: 7wsto1q
Node 11: jl8hqqt
Node 12: 96cjref i9n1dei yxyu2xm
Node 13: 6d8l17y
Node 14:
Node 15: b4znur6
Node 16: 8nwrsro
Node 17: 51iv6oa uvs182b
Node 18: wi5tpyf
Node 19: 6hv9wq8 9dfkp37 bcyhza0 c9zsdkk i74g5pa ln5h19q t7c2g31 z4bs6qe
Node 20: mofezzx q59p1pg xpdnge6
Node 21: j48jj8c
Node 22: fnyz655
Node 23: 92aileq
Node 24: cwy34vq zlifftw
Node 25: 76pcguc 99q4nak
Node 26: bxdsjrm x7b6kwo
Node 27: dbbz6m4 g63b64i
Node 28: qvbd1pu
Node 29: dsvydwz
Node 30: jxq5l11 n8avldc pzp8o5h qwcoodi
Node 31: uctpryl
Node 32: 629p5q6 oi89wao
Node 33: s4410vq
Node 34: 5zh8zo3
Node 35: pyamk6f
Node 36: i39j2rp
Node 37: 1ofca17 79ygyd9 q2x5jk8
Node 38: zw1682z
Node 39: ghlqqfk
Node 40: b1casr5 evj5qef
Node 41: 4ofdcqf 4rs70on
Node 42: ue3fq7e
Node 43: rb8f5ai
Node 44: 38llvze
Node 45: 43w285z edk4g0k
Node 46: da4heny
Node 47: fdnb3lz
Node 48: utfizc6
Node 49: rfmsc3j

Node 0: 9efvs31 fz6ymi1 q4751l4
Node 1: qs71rgw
Node 2: w7bhngu
Node 3: 5a4osh6 sl1nrkt
Node 4: p92mnu2
Node 5: 28bks31 861ab40 cy1nm16 ymhv9h3
Node 6: sxnark3
Node 7: prhphpd
Node 8: 74nw7wx
Node 9: 9wsrou8
Node 10: sj1u9t7
Node 11: pcdc52s
Node 12: 6h66mtu ermazks noib5kn w24xs4d wllsvoz
Node 13: j0qearv jg850nq n8xdz2k rslwzql ta7ymhq
Node 14: jgs8670
Node 15: 1m7ydhq
Node 16: uwry92g
Node 17: hi2my20
Node 18: 2z4u4nn 760mhgm 8gz79bu fpttsgv
Node 19: hg5k33z
Node 20: 0czg8g1
Node 21: 58nkp3r pa51tjw
Node 22: brwexx2
Node 23: b8dugap bwrd8c2
Node 24: 7xtdv9c hdrpgnu
Node 25: g9d7xir io9hlmm
Node 26: omu7co6
Node 27: h3ybnoi
Node 28: 8d7zln9 dkqevm0 ecnsg7u gin3efa nib6nyt
Node 29: ohra61x
Node 30: 4cdsrtf gvdlhvg
Node 31: rfbz1ek roh9ymw
Node 32: 8yp530m
Node 33: qmmox85
Node 34: yoqgri5
Node 35: w5889g0
Node 36: hqrq2ft
Node 37: q20squb
Node 38: 5w1fklw u76gxdj
Node 39: n4j44d0 xlol7oi
Node 40:
Node 41: 96yw0ew k2bp7mo otji2fm
Node 42: rnoxzbs
Node 43: kr7x1vn
Node 44: e5ppuyi
Node 45: ns592nw
Node 46: don3dj7 hzxzwfy xm8jvrm
Node 47: 1sgxb9p a9w4sls
Node 48: rhlrva2
Node 49: ztgi4ri
Node 50: gy7bloe
Node 51: gzikmgn
Node 52: qkrzf2e
Node 53: voe9u7n
Node 54: hx3geh8
Node 55: cvnhllf y0amafz
Node 56: offsswo
Node 57: v5uyypi
Node 58: wdfjony
Node 59: v2nipz6
Node 60: b7pewe4
Node 61: wlwbky4
Node 62: vyn4ezj
Node 63: f9rwdl1
Node 64: obq7wc0
Node 65: 5ft2a6r

Node 0: 95dfk71 cy45u0f njssrlz ph05556 ub41o8v uhl243b
Node 1: 2r703c0 4wkkzrf 7foejbj 9q9u4ks bgp7v3b bk9k3ot mnoo3dk qf31xtk
Node 2: rx5cody
Node 3: ohyjpqb
Node 4: gquf3r5
Node 5: o7mo1wr p3oq985
Node 6: 2svhbq8
Node 7: lpwd0e8
Node 8: ppxwply
Node 9: 8ol9un4
Node 10: 30kr8k3
Node 11: zlcm5l3
Node 12: 0ic9os2
Node 13: be40l9o
Node 14: h453ocr

Node 0: 4j1ew8w 78hd0m9 azmwh74 cbsxkf4 d3j0kh3 wajl8jh
Node 1: dc5v3em
Node 2: 92laptn e2iengw f98apw6 xr6329r yer16sn
Node 3: auvb7de jnvnflz yc0srft
Node 4: 2uuxr9n 6xzpv77 7e6ms8t 7nvvih6 nj2v2u1 q9lku4x un6kwl4
Node 5: o3h3fyx u37ruzi
Node 6: 0gnb4yb 1a1eb4b 8xmiofo jfdfwx4 jgq1sdh pjb91s0 sqnftdk
Node 7: w3af4b5
Node 8: 19k7ua7 6w4j30a hpprvly krmob9d
Node 9: 6p1ncrr pobxmet
Node 10: 77l7n7p d2cgubu sf8tfqw yezdszs
Node 11: 43yqzz9
Node 12: aqo8gxu b8lhh20 dfp5188 kqrmtgl mkszytf n6h7x4a t5ti4jt ziqreso
Node 13: 9s1qj5d
Node 14: p181fmo
Node 15: 5d1fc8w 926qwkf s55kdqz sdh5ua3 t79ytbj
Node 16: 1z7ajme 6fp9is4 r1tm89w y8kplat
Node 17: 8t3wgzf 8vcpj12 9rdqpno b2b0vjm jeaysea sj36arr
Node 18: f6mjp6l
Node 19: fgrnbu6
Node 20: 1epnvvh hc7pd9s m2gkt9e q31uzm9
Node 21: f469z2m
Node 22: 3y9ityb oq5m0fs
Node 23: 3czcxwc
Node 24: 32ylkg3 qpnbpzr vym08zw
Node 25: ot73qyt
Node 26: ru2yikj
Node 27: h2owt4o
Node 28: cwa2pa9 ny0xlxp
Node 29: ff15rme u6ooetx
Node 30: ortetn5
Node 31: fxhgojm
Node 32: 27fcs16
Node 33: uqxof98
Node 34: 0tfonnm
Node 35: k6cm2li
Node 36: jfqrjc7
Node 37: rmi7ji2
Node 38: p4oeuju spgrny0
Node 39: 3v0svmd
Node 40: 6kri0r8 l765od3 oqsqlg1
Node 41: so2snih
Node 42: 60ssjs6
Node 43: xsuduzn
Node 44: zrfd4dv
Node 45: b7cyoyv
Node 46: 75y0lzu
Node 47: ylw1fqv
Node 48: uw3r1w8
Node 49: e575ig5
Node 50: 0tcthx3
Node 51: hxli38r
Node 52: 68dgujs
Node 53: k4wm4yh

Node 0: viwenvu
Node 1: 5dbab6z
Node 2: 5w3f0w5 cfpvdqh gxh02oe
Node 3: 06ckbbx 0ho4kw5 96xcyun 9dy0p9k dwz5oou vfkwvoj vtey5x7 wtd7ktr
Node 4: dg99gvm e2zxu0p gvj6zy0 l7hvo86 r2oydcu
Node 5: l8p6ped m9bv91c y6rj97w yp5155s
Node 6: 9z2qa4b sukabjf v9h6bxl
Node 7: docz8el
Node 8: mzv5b3g
Node 9: 1vyq8nl
Node 10: 0z00yni 4b1l5t2 4bqmz9l 4oic8de 7z0ihrs gefeqqt op7df5c uof07ra xak1b23 zmd6r0b
Node 11: tsbayo5
Node 12: xzfwdky
Node 13: bjp0elv
Node 14: 7325nnb
Node 15: j9p9ka1 oek5egj r1qh68r
Node 16: p8lapi5 stztcfz
Node 17: ft9czc9 l37xidh
Node 18: w2fx8q7
Node 19: diui6va
Node 20: 0c7kc12 u7bo0q0
Node 21: 3g505at
Node 22: 15su681 kojk28c ozvrbp2
Node 23: an2hpar
Node 24: 151ylc6 218dy3g 68aq31g g0ehqag
Node 25: 7cultbw
Node 26: 5za9jeo gmb7ims kzcuk54 nu5fyrs wm8r7wp
Node 27: 0e3x427
Node 28: ogxndpc
Node 29: mm8ahdo
Node 30: bbl9qki
Node 31: 84gveqy
Node 32: c2l33zd
Node 33: lokcp0p
Node 34: 8yaxjv5
Node 35: yetr6wk
Node 36: 0um1gdi
Node 37: 921mdck iv46d46
Node 38: a60xvqh
Node 39: uxoqpjc
Node 40: 43o32w8
Node 41: 4z40mcu

Node 0: g4kzzfs guupoxq
Node 1: ce173ho csglt4y f4hvqen fyq6rs0 q214chs r0eswwa tezurqc tqu01vi xwu6l9q
Node 2: ryyoc8u
Node 3: ggm43mi qhzbdra ybmh4li
Node 4: 783btc7 w5ehacj
Node 5: jg442xr
Node 6: o0x7xf0
Node 7: bpm6rhs
Node 8: 0c9tt84
Node 9:
Node 10: rbuuf8l wgsbwc9
Node 11: 4kwzcjw
Node 12: c11dvo3
Node 13: 1ceagho cbetkxc fn4alew hvb1sbt jpgsbhv
Node 14: wb063r5
Node 15: u3avzi3

Node 0: 6owikic aoq26uc n7vdc6g
Node 1: 05694ak 0mglwvk 39ygri8 9ytc1m2 h01xplj itig5h3 mzy0y2z sf2vy74 u926830 x2xr4fg zknvmw1
Node 2: 1trzfxd
Node 3: asdw7yb ctav4yj ghsf9z3 gptprly itofjop k7yh52r kx3buuf ltve3t6 n4ejtvz v3fsmsv
Node 4: 18lwu8u 1tfg433 3qeqshm 9hxn3xi aqj3v1t mm987ay q2v8m1c r68jrvp u4d228i ux79cfv wog2v9d xspcrcc
Node 5: jr3xuqj
Node 6: uetqip5 zsouaxw
Node 7: zuvsok6
Node 8: e8l1wyb ptajqcq
Node 9: 5ve2100 cgffvte o0cduls u036xq5
Node 10: 3i0e0wu
Node 11: 9i9n869 u9jb4do
Node 12: o4d3oll zqp376w
Node 13: gclh3va
Node 14: 8m4ll4w
Node 15: 3lk5h8u 66gymn9 r53xwid us3hmxc zrsiyju
Node 16: ppmfm4c
Node 17: 2muuayc epljlga tb7tlk6 vgjdjxb x1l1oqt
Node 18: zc4mqnt
Node 19: ajbv88c
Node 20: n8d4vcr
Node 21: stff2d5
Node 22: h0gb41h
Node 23: 70ywrci
Node 24: 7lpxoij
Node 25: 2ge52hd
Node 26: ft55f33
Node 27: 41b578k oio0oht
Node 28: 8suzmde dlfkhzc qvmlgky
Node 29: hwthc6w
Node 30: pgrgtdv
Node 31: 5pavdmi
Node 32: eoi0u19 ht271uw
Node 33: 57hk4ki
Node 34: 38k85v2
Node 35: l6bnztq
Node 36: 48fpjje 8efsi6z
Node 37: klz8er0
Node 38: cooqbie
Node 39: tq421k9
Node 40: 3jw02tj
Node 41: jz9z48d
Node 42: larp35k
Node 43: be03fd9
Node 44: wopdmnq
Node 45: gxzuzaf
Node 46: o4qilz0

Node 0: 0p1mbzk deq836g riksbrh
Node 1: 04g9kbi 736r5jz jxkr5az zqhyhdf
Node 2: thl7jmf
Node 3: 0lr7c9f 2itdiyl 8odah7g b582iiv eg20l1b khqriih n6odadk qp2rtih tqs3ckn
Node 4: b92vqgs bjcdwiv bxn8d7y eqe1e1o ymlarcn
Node 5: 0z0juzs 4btns3q 8fgs2jx b02elgf e152ezi i3mtvfy ungczyh
Node 6: 0om3zlq 45g32pk ds4kr7x fx7eg5g jc1shie jvhpcz5 on0ndcj qjzz5xi r0urhnu
Node 7: c50sbod gy0wci9 vc72d5d yrsusix
Node 8: fvtzlxq
Node 9: 1frdv9k
Node 10: lvahpu5
Node 11: 5a6mv6p s6jqoit
Node 12: vedieyf
Node 13: 99kbok1 q8rywo7
Node 14: av3tg6i cv7b6kf gbhs9oj
Node 15: 9e6mr0l
Node 16: fo2jksx
Node 17: 44q68uf gjomhkp itva6vd
Node 18: ue41oy6
Node 19: pf79mfb
Node 20: a84nvgh f0rjolh wuuwey4 x8pk44k
Node 21: pe10tar
Node 22: 34slsr9 8x993j7 9akebbp vz1q865
Node 23: w3tgsic
Node 24: 49zqjby eitii84
Node 25: 4i0d3e8 8c7jatm cbnunov rtxj588 zzq3l9s
Node 26: wfah7wm
Node 27: feihftj ux197u4 vx69ox7
Node 28: 3qqrxnm
Node 29: ehnwcdd
Node 30: llmu513 t5ov09z
Node 31: 8gktf59 e1xi6of
Node 32: xodgodk
Node 33: ks4ybxy
Node 34: i1t31nl
Node 35: kedyxji
Node 36: i55xvpp
Node 37: 8sm6uam
Node 38: fk7o1rm
Node 39: qtifl2u
Node 40: ris9575
Node 41: an21xi8
Node 42: 2cg4a1a
Node 43: numo9ew
Node 44: 4g75pxa nfhpqaf
Node 45: ysxki5o
Node 46: viksig6
Node 47: rp1fafm
Node 48: pq7siu4
Node 49: sc3mcdr
Node 50: 1pa4c0y
Node 51: js7tufv wxq8kao
Node 52: v3c5ily
Node 53: fe3v415
Node 54: 2fytao0

Node 0: 5iave5r 5voa2pt 8e39c9x cy39zgu ix4svkc qmcb3yk s5r8k3l uwac6gz
Node 1: 1e8btyl xk4oltg
Node 2: afazmqx y6reon2
Node 3: 5ubivnh
Node 4: b3dcsu1 j0j1d8i ktcl01s mrujap1 ogowsm6 sd3vh8x
Node 5: dlsbdvl dmwqvxi dvmroyg nkk97qy p2qtke9 z35g7ub zcoeawi
Node 6: d0nwuu2 o2jeuxb vgr70a9
Node 7: 1ldws3d 30zeegu
Node 8: vz3gr69
Node 9: 726sqes
Node 10: memks9j r3u40o2
Node 11: 254w73g eg5ky5l qpl6duf
Node 12: 6f9obcu c32wzsi igvdvvw ogteudv
Node 13: f49mzm3
Node 14: ldha7pz
Node 15: 4bbxj78 f142xvd ygp9pj7 z5fsjrv
Node 16: lurd4m1
Node 17: 2bm9p3g f1ugmmg jpbba27 mpwg7h2 qh3w110 smfc7p3 tutwtic urjjlks w4pw41m xwdaego zotjryt
Node 18: 6vw9kn5
Node 19: 6xp0wxr
Node 20: zu0hpeb
Node 21: rkekbqe
Node 22: gyba3xv
Node 23: 9h42l1n
Node 24: ps4ax8y
Node 25: tubtidc
Node 26: osi5phr
Node 27: hx70uug kp2bkdv yxm9b93
Node 28: kgj9y2j
Node 29: d9dwhmr
Node 30: 7jeb7x7
Node 31: qm3b2w9
Node 32: y70w0fb
Node 33: vxbvvk9
Node 34: rs33zpq u34jk3d ztrycgu
Node 35: 9ki9qx9 klcqufd
Node 36: la23qjn
Node 37:
Node 38: x76ahok

Node 0: 08jr0n5 4pf5d1u 6u822nc 7pvqm20 8wnwq0s eojc7cj fhs38rk gwq24fb itbniqz n1s82nd o2xl8me qpo05hs
Node 1: tw1tt6k
Node 2: 32oab60 cp4yizt
Node 3: u8b9awp
Node 4: cu2wjqp plyi1ch
Node 5: cqkd11v e73tour vqof6en
Node 6: hf3k8sc
Node 7: 5trf6fh
Node 8: 7u68wav s85lvl3 wjjp0tk yhog9ly
Node 9: 8glqzw1
Node 10: 1gljfwi 3nqr7ud 5kd4svj aivejk6 c033x6z c69tgjm h423ctt s1e82sl te7rlhr
Node 11: tma4q99
Node 12: 3cqljvy d93jlr7 djyz0dy k0c0435 xbpsnet xmem65n
Node 13: iizwofh
Node 14: 77tl8j3
Node 15: hqj8zjt qzzbyhk
Node 16: q87uo0m
Node 17: hdnmqkp
Node 18: 8w44b4t
Node 19: 2pl4bp7 8lkotp4 i0ni9cn j8je8y9 s86ydb2
Node 20: v0i4dzt
Node 21: fdlpf6f
Node 22: mffjx13
Node 23: 99sjvkv ixgui5q
Node 24: c9y3ror
Node 25: pl7jw4s
Node 26: ypvtmbh
Node 27: 8dgux0f
Node 28: 4jv65ag jk71azj
Node 29: dfvapj8
Node 30: m9w813l
Node 31: 4b8iopt cmd3711
Node 32: i2q8cci
Node 33: dn0tafh
Node 34: fc0oj4o it3j53n x3f7r72
Node 35: 7tuez9g
Node 36: jedqelg
Node 37: w2rak1o
Node 38: czpv12b
Node 39: 49nmn78
Node 40: ccne18x qu2ms4t
Node 41: tlxk0o2
Node 42: us29z7b
Node 43: k7s2v0s k8h3agv
Node 44: 4582idc ljk591y
Node 45: btxm09t
Node 46: py4ags4
Node 47: 8whpaun
Node 48: uj15whn

Node 0: feg9es8
Node 1: 4rd6vg0 5jtjsgq cxu3ozg hwszc9i thg6jm8
Node 2: vx6wnhj
Node 3: mhlycsx
Node 4: 9wxbm0w f78vnhx
Node 5: ea36tbk

Node 0: 2l4fqin 8e8ter2
Node 1: jd2nsjo w0hc27t
Node 2: 0a6h5p3 6g486z4 7qhox4a
Node 3: 2cbzbnr 2dxvvqr 47ihodb 7caquek 942551o feeb06b gm3gjpr kjw53q2 n2a1l4p ndi0sm7 oexem6k pwoq8r5 w7u9sdp z9hf7ki
Node 4: gfttav1
Node 5: 49q25ws jdylqsf xs7ix4p
Node 6: z27wc1t
Node 7: 01snp77 qgkc20g waclcsg
Node 8: k6pm6fj
Node 9: uhiz5s4
Node 10: 45y5a6u 4jrmvto
Node 11: asbbmc1
Node 12: z4ixnjh
Node 13: i9m9quh mu398md
Node 14: zlfzoif
Node 15: eithfae
Node 16: 2yw4urf
Node 17: 25s2jxj
Node 18: 177mbla
Node 19: g60czd9 s5c80o9
Node 20: ypi59ay
Node 21: 3n894tz
Node 22: ks7ggvq
Node 23: q9up5wu
Node 24: 9j72uof ixdvmea saz4xrq
Node 25: x9l2eiy
Node 26: jpwugr6
Node 27: cdw745t rb244iw
Node 28: sf29une
Node 29: yx4rqwh
Node 30: hy77pkm
Node 31: y554rfh

Node 0: 1tcsxv8 6755zp4 7mqvsu2 8id0f92 i8wobcm lf6s0t7 vvmln2v x3kht13
Node 1: nanjke7
Node 2: 3fogyku

Node 0: abk9d3u zb0s9er
Node 1:
Node 2:

Node 0: 0tjz2fx 6j9mikf ecntvk4 frscgdl h4t7xpg tf9tasm
Node 1: 11i7r4d bl1280v
Node 2: i4cecg3 k1a0238 nhz87r9 nm6nzjd ojfbf77 rnpseok w1no80x
Node 3: 4ob3yr1 k990quh
Node 4: ihh1pai
Node 5: 020ondw 0l1mq5w 5c39pum 6wdfcmr eqeatp6 g24ysct nzfk303 pqdud0l vevgd05
Node 6: 0o7bzud g61ip3t gi77i8z z2ntbzb
Node 7: 9wkkfnl ok9n1vj
Node 8: 50gtd3o
Node 9: 0wkaxqo c9iwdcs e9aau4c r0dfj3y yv8fny5
Node 10: 5rstklz 9bvkaqx
Node 11: nzzz2ef
Node 12: 2dpgsvz 3gafi33 6lewvc7 efp41ml g2mcftj
Node 13: vnupkz0
Node 14: 9t7a3on k2qjicd
Node 15: 7rzzjl7 vn355vk
Node 16: 1d4ayyb
Node 17: n2eju2o rgjif1a
Node 18: rajpv6q
Node 19: abox3dh
Node 20: cko7exl e4o2zfs
Node 21: lrtgdv5 ya8ao15
Node 22: vp3nzet
Node 23: ncr2m8u
Node 24: 9beic4x
Node 25: ngngfwd
Node 26: yb9gti0
Node 27: 9c23w1h wpbz55m
Node 28: 6aaxpda
Node 29: gotgc16
Node 30: jv35bnt
Node 31: 1izqztc
Node 32: 2qirwlp
Node 33: y9n5jgz
Node 34: 4jioldw
Node 35: o7ht4xp
Node 36: rko9zww
Node 37: es2vcew
Node 38: apm2zeq
Node 39: p58c5b8
Node 40: tqw56tp
Node 41: 96blss2
Node 42: juy2nn9
Node 43: t7prcht

Node 0: 0g2yux8 2z5zxgt dkyou3z i0jh1mq ufnjnt1
Node 1: jcsz7ry waz9ab2
Node 2: e40kmjb
Node 3:
Node 4: 8oiy3i3 dbdxrp6 f3y6siy qkah7a6 rbeqjqa tmvdwhi
Node 5: 4jf5fzf
Node 6: fb8lacz jda7yu3 owbihdw
Node 7: iti6ply
Node 8: 4htnvlh
Node 9: kiulqsx
Node 10: 6iw795n lr93v3p
Node 11: re7nl9b
Node 12: fv4ylwj

Node 0: ba4r0lv n5xvnsn ohgwn4y svi468j
Node 1: d8ontoc h5mwb3x ip525v5 pku3cr3 x7nqx5x xtklbht
Node 2: 24hrenk
Node 3: 1766djm 2fzispw audrhns
Node 4: 6g3pw0k
Node 5: 3ikxh86
Node 6: kzdbauq
Node 7: 53g0gdu qeno6ib
Node 8: bjwghua yy0b2oj
Node 9: 8ztz3u1
Node 10: etqbke9 hgu8z65 i9frkco
Node 11: lxrs23j
Node 12: jkll4dh
Node 13: 29q4g1t 7gh8hms
Node 14: 91n0lpc uxw5tri
Node 15: wyp6x7m
Node 16: 3wi95rh hv3thhc
Node 17: xn7r1h5
Node 18: 1a2zman pmb8a1v
Node 19: 2p6qfp0 ke35pak
Node 20: hoo4wuo

Node 0: 50el3tt cwu050q d3arvgy m27fyr2
Node 1: uexj19y
Node 2: u126ukv
Node 3: 0ua503v
Node 4: 835vtip j9l9nrh
Node 5: 4rkvm3s 79kppcb artdodf bfldji6 oeiw3y1 pxt9z63 vx1yi4z y8f8a4n
Node 6: 85mmysx ub9p3p7
Node 7: n5wfoqo
Node 8: jpqknxw
Node 9: 60bpwut
Node 10: 9xpd4xb
Node 11: 8t078j1 m9uynd3
Node 12: sckxhog
Node 13: uy4vj7i
Node 14: os458ox
Node 15: aqak679
Node 16: 6bwhava
Node 17: u76m0lf

Node 0: 9r5etey
Node 1: q3m5skp
Node 2: 2eqeegm 7snwlfi ap5i6m5 b9fhsts ctad696 f7ssqvj h1qq9vg o2z978s q8klb6s rk407wy t314urv wijpuau zdxyf3g
Node 3: 95e2zg4 m9udii8
Node 4: 0i83kxc 6ch2qi0 cwltzim r3e5cz8 xa36d89
Node 5: mtwbx1d psn0zd7
Node 6: intxta5
Node 7: hjzuhoz xe8k3s7 xk1n4a6
Node 8: 4aqt7rc cmssky0
Node 9: xmmc08r
Node 10: 5uevreb ow2kit9
Node 11: l1qivb9
Node 12: jf9yf1f tferkqr zogz8bj
Node 13: 9te5c4e 9v0te59
Node 14: pkgpkdn zumugf4
Node 15: 0trarwv 7p2rc53 84emsl5 dwu7mmb hv4zset ikm8qqp majjkc5 mdyf81v
Node 16: glmzry6
Node 17: peidsb0
Node 18: 5trz2sh gkbnwvh jide3yd v3dwcr9
Node 19: j4utgq9 mn5gf29
Node 20: ozwn41v
Node 21: 7270nkc
Node 22: 8nvlvy5 djvd6jb vho5x5w
Node 23: hv919rf pbryyao
Node 24: i2ru9a8
Node 25: fp2z8yf
Node 26: bia4vfs
Node 27: vs1hbc3
Node 28: ngzlk2a xcrresl zpr8ohi
Node 29: hg6vo4i
Node 30: u89nb28
Node 31: 8eo1jmg tw8lty6
Node 32: 2063aid 2zfsn0r 6jqw84l porlef9
Node 33: kc3siyh
Node 34: vy26gbr
Node 35: 9crhtvi
Node 36: 09hhjj0
Node 37: ljuefcr u7rib5o z9qraml
Node 38: q9q3cps
Node 39: 2zzs5g1 m0bpxa2
Node 40: 4gjfylz
Node 41: 4zqo1qc
Node 42: torwc98
Node 43: 51num9i
Node 44: doy7wz0
Node 45: tma3vjr
Node 46: zgwpc0p
Node 47: mjud0h0
Node 48: htxhrrb

Node 0: tgcd4kq
Node 1: 1nnw5gt 7cvbdkl wwskjfb
Node 2: 5to4rme dl4blet hoffveb nmtwm6z nw2wfi5 ouliaae pnppwa2 zt4iba6
Node 3: wu46wza
Node 4: 1o1csz0 1y3nff9 lvy4czc zvk8ifj
Node 5: 0zvz9mu 1bdnal0 3e7bscl
Node 6: kdseeiq
Node 7: 36sbgmc prwbc6g
Node 8: 0s258je
Node 9: krs94sf
Node 10: nva2ufa
Node 11: v997gmk
Node 12: 897ik10 api0jhn exvr586 q6iekts
Node 13: bmaccos sj5l6j6 sxlz94z vk7eglu wy6ekxz za6b9v5
Node 14: 79g07cf
Node 15: 9mio8rt
Node 16: 6vpsmo7 gtweh0p iad72mv kxvvbw4 pejrydm r1zlfm9 un6beme wo70u4o
Node 17: l3cthm1
Node 18: 0dsx9sj ebyr0zj ilapu1z omsll6b
Node 19: 6bdokvf
Node 20: 80o1a1m hylqz36 k533w21
Node 21: 20bbp8v 6jkrmml glvjo6s
Node 22: hubzyte
Node 23: sdzpp1w
Node 24: d4suacm
Node 25: x41gcfx
Node 26: 0nlkmck cn4ew1o
Node 27: a0vko82
Node 28: w2ndx8b
Node 29: bkkdrjx
Node 30: 22jha5t
Node 31: cdtg5wx
Node 32: 2vjs55b
Node 33: n8vjw9o
Node 34: v5bqu81
Node 35: ij0idlc re1nn1u
Node 36: 1isi4bu
Node 37: 1jzp8jw
Node 38: h4rb46c
Node 39: 1ianl5l
Node 40: mycuyto
Node 41: tfnwn7k
Node 42: rmgj7iy
Node 43: lagmndg
Node 44: rp4h8qy
Node 45: 84ibqht
Node 46: qgs4oat
Node 47: hkl4ku3
