Node 0: ecfrync hypqkbr
Node 1: 7vn9s64 b8v8pxb h7ntvfn nskj79d tl00lvh vrqhvf4 wtzls23
Node 2: 1wfq150 2qeqxy8 64xqrly a4x2noj amxk26a aoscm41 jrf9gz5 kzrgktc reuzge7 sd68pia x8y55oz y200z40
Node 3: dfzmwtu fecnszt gde9rjp i11oq52 udleney xgty2r4
Node 4: 7r2wyxn d8ha02w fbe5506 t7zokvd
Node 5: 8kvctl7 i0oxkcp
Node 6: 5r824u2 6qmu3lu awtt2mj bar2oe0 f0g33o4 f191pq3 fwk2rmy jtnfwwf sk1woae va19o1f
Node 7: eq6aoln
Node 8: 7pe6zqw mi75ic6
Node 9: 2an8bkd
Node 10: iaays75
Node 11: 8myvzz4
Node 12: g17b3aw h5mzkwa
Node 13: w3qjekz
Node 14: 17rromu 54j84p7 89nzdap 9lwr0hk eljl1yf vawb6xy
Node 15: ob4q62f
Node 16: ls7pu5l
Node 17: 2hhpwl7 du28tdq sp20y1t
Node 18: b4x5snw fm7l9oh ipadioh qhhzuxd wnvsp7p
Node 19: 4sx01w9 buvmkzi
Node 20: ko7y7d8
Node 21: i5d09sh
Node 22: a02eu54
Node 23: igjuxfm uq9u833
Node 24: x3utctk
Node 25: 082o03s kh5iodv
Node 26: 8ocvkw9
Node 27: 49285ko
Node 28: ny8bmeu
Node 29: 66rsr1a
Node 30: 1kpovys x50iihb
Node 31: dwoz326
Node 32: 7ggivt5
Node 33: zat675n
Node 34: 34zma8c
Node 35: 08ymr21
Node 36: 8j37jxs
Node 37: k6i96kx
Node 38: rxe812r
Node 39: c62pw9d
Node 40: szr1buv
Node 41: yi73eyb
Node 42: 65pqw71

Node 0: za6k9uu
Node 1: 3ssldm1 tb89qp4 y3s680m
Node 2: 2rhe8y9
Node 3: 5590f00 917tkdl dwyd524 g6yh9pl gd71dd9 he5oip1 irygkg3 mo374p6 om78aix s9ywg3m v8czu1w x0lon6m zynezj1
Node 4: 4q0d1tv cd3uias rcsr8ar vamql8p
Node 5: 6koa7lo
Node 6: 3tq3ewo
Node 7: ksy3wcz m48bcuw myqscu4 qbz2ynl yow7xf9
Node 8: 1fhvyw9
Node 9: tcntiyr
Node 10: lra2z3x
Node 11: btsfhgu
Node 12: pti8qgm wb4j5rp
Node 13: np53u68 s3hhqnz x0oklgo ywzovht
Node 14: cvot6f1
Node 15: 0u0ziaf q72oosx
Node 16: 0pxh2uy 4jtu9vx sxapajf
Node 17: c0js7eo
Node 18: s4srmi9
Node 19: c28ubyg xub37xc
Node 20: j3vis21
Node 21: 334d2lo ul5ndjn y6pnybi
Node 22: 951i5cx
Node 23: 9um38pp
Node 24: pqhc5qu
Node 25: gkrgngz
Node 26: fdkgjy2 m0gqxa2
Node 27: r23v1q3
Node 28: sshlzf9
Node 29: ig550ld seg4ghu
Node 30: dxqrf12
Node 31: 8gryme2 9dmhbol j7t0csc
Node 32: k4ty486
Node 33: q6cwz7n
Node 34: u436jmm
Node 35: 748q5d2
Node 36: r74bxlx
Node 37: d1bh2cg
Node 38: xsj1xzt
Node 39: 8ey3fhn
Node 40: vnd08fd
Node 41: pefqiuq
Node 42: 3ijrqti

Node 0: 1wm9qfd 3iu5us4 7x4n1mi 8vav3rs ah2m4z7 chkspy9 fdkprhh g8syn5g hippyov i53uokf kwtaefl l97fb07 lghz0am pw07qx6 q5ofkht sxuzo0n syrot8l wdvwe5o xp4mhcf zjpdu9b
Node 1: ghfahzd
Node 2: 3yie08v ezjtkic izqi7az
Node 3: 4unbsc2
Node 4: 200cuq3 6vyqn6h ih9uvqq ldo3hqp nxlpjjb rdpvfjs
Node 5: 72zu3bt gotqqql jangm52 sl66of5 sqqxqpj w8l2ufk xeqeesq
Node 6: 1qe874g i2k76t6 qcrq2h2 qfx2uor w685m3d
Node 7: w81lhtm
Node 8: 3vltrcg bvmkg9k whdg03f
Node 9: 7ncismn cr549m4 ws0plyg
Node 10: 57k8vt9
Node 11: jn16p1u
Node 12: 4nzgts6 m4pbkn4 ovkwncl qxixqxp
Node 13: 2d76cwk jq0ofmx
Node 14: 8uhwcmk
Node 15: bt86gxh nmrz24n
Node 16: 8kndygd anl10zj
Node 17: eq2genp
Node 18: lqnjkv7 min2wjb
Node 19: h8fsddy
Node 20: 2vf0buf
Node 21: 4fsltcy
Node 22: 3eo1qm8
Node 23: 2tliuwu 9nvx2v7 lwvsj2r t3ed03k yp0gwga
Node 24: 9u7akhn
Node 25: v7xmaer
Node 26: tmgpvp6
Node 27: dz1d6ol
Node 28: 1kscxcr
Node 29: j5jojfd
Node 30: 7yn8395
Node 31: unzddxv
Node 32: 9d83o29
Node 33: nb7xny6 vz5d872
Node 34: htmecal
Node 35: 4xgtink o614ldq
Node 36: zy1qjkq
Node 37: 4ss7ul6
Node 38: 7j71rqs
Node 39: zzwgwi1
Node 40: dsy94k7
Node 41: hxtqwna
Node 42: mcb2njt
Node 43: 3wvhjpv x7ss8js
Node 44: 9udxn52 hg7pmuo
Node 45: 4jqz3pi
Node 46: 49y8eu9
Node 47: q0cluui
Node 48: zknoyfa
Node 49: x5kkrd4
Node 50: c0f0hya sizqgyk
Node 51: p1s62k9
Node 52: jdaey23
Node 53: kydjbtp
Node 54: kyay9de
Node 55: 3ga0fk6

Node 0: 2fii04o 9c1l9jf
Node 1: dez75f1 inqcr5i iz4b73p
Node 2: dx81lu3
Node 3: ek4kg8e r02ahtf
Node 4: 05k26fz 7hdw0ij phssscp
Node 5: scswc7t w24oeu8
Node 6: 0oki64y 55odd5t bdwwhtm euywj07 fcm45hn xknphl2
Node 7: 0piuclq 9cweq1g d3uyyxc osgxf7h xqoz5lv
Node 8: 5qw9xwy mxusjbm njhzuq3 vcxt5sy
Node 9: jevup5z m6dcmcm rkzschl vezsihf
Node 10: 1u4ir0b 77mf9wm 7zx268p ac2df6v ypgos6h
Node 11: 6sy2vjp 7c2vort lllx63a r75ceby soesbbc
Node 12: 3s8hj8r nmnu6lp
Node 13: 528rede
Node 14: 5m0qjz4 ag9mmxj h78szqa l37r9ee rnvqwt6 wk3gkgn z3oq0yt
Node 15: 6xhpuw2 nreqkmn
Node 16: 07o1yq4 7icczee aqnnem3 qjndz3s
Node 17: aelo130
Node 18: e94xepg
Node 19: 0qmzhtm 38uj06p 4kzdbtr 8wwdeid bzh8osg k3ubvvs l6wab2z s1i6yw6 wszha3x
Node 20: k2o1hyy
Node 21: xnsc3u6 xsk02a9
Node 22: mtz6uwy
Node 23: d3wthi1
Node 24: h826cme sp6vkee
Node 25: 80ib4ce
Node 26: 7zuybgc d6lr1rn t8ljn7n
Node 27: n73fjvu
Node 28: avwfhlo g8pzam3
Node 29: taqx7v0 yt7jd2t
Node 30: jjhvj84 vd0udvu yvvt0zy
Node 31: cko0v9p dw3p20p tiisa3f
Node 32: bi51l88
Node 33: 4xmdcjv mf7qbux ov1zkgm xwgv6ml
Node 34: nomwb1i
Node 35: tv7avz7
Node 36: 8q6hc7n
Node 37: kwkqtz1
Node 38: 3vf8pnx jjgfmwm
Node 39: 95nwg0x
Node 40: qcq6j5p rcslxt1
Node 41: kx98ci6
Node 42: 8cptjv7
Node 43: k6wzbbf
Node 44: g6d5qmg
Node 45: bykeaq2
Node 46: vczf54w
Node 47: 6o56kj2
Node 48: uw5vn7g
Node 49: in0c0lo
Node 50: l6qayix
Node 51: tvd1all
Node 52: fsjh6m3
Node 53: j06nvy1
Node 54: ahlfh41
Node 55: m5bt24n
Node 56: ypneaut
Node 57: m7hl0l7
Node 58: wcu8bpu
Node 59: lb9i12i

Node 0: 1xtdi2c 6h9ii7s b60oze7 dzwo4v1
Node 1: ahuptwt kub3an8
Node 2: unra7eh
Node 3: 8g0kr5m firmbuu ftlus6j g98t55y ko4k19u ni40owx p6o8nk7 ubr3qsk ult4jz3
Node 4: 80nzdoo smtvjcc
Node 5: 3kysxle 45n32og
Node 6: 4fq5uek g0jz76w
Node 7: wyr8sm2
Node 8: e1h88tr
Node 9: 9oinz6o
Node 10: idcwbml uxudeif
Node 11: 8fkna6y
Node 12: znsrm13
Node 13: ykcoosz zz3emw5
Node 14: 9ssi9wn
Node 15:
Node 16: isuusb4 nt5bo0g
Node 17: nv3fj9z
Node 18: kgg4k7t
Node 19: kpqcb83

Node 0: 2lva2nw 4noeqek 7o9zwhw 85e797y amfjbi6 b3hmdom ehumjnt l59wz33 pyvntwa vu6lkxy xq0ll2d ybwkhmg zvvymfh
Node 1: 2800sah 38s66hm 3ly7gqo 4uk9kdb bdu4wxe ffl0th3 hy4jdac kgidxcl ovsl2o3 t26p3zd vh8omxy xzr8p5k zb87d1h
Node 2: 8elttx1 93ert42 dkuhxq4 mvkt2lz ynsh9vm
Node 3: 2xo9hff
Node 4: 4z5fakv lxax6pv rlkc32p v68p11j
Node 5: ijnf6jm v8kejbb
Node 6: 5jsfbh3 bvxx828 h6qj1vg lyyl580 u1jrzjb
Node 7: 3jhrbsh
Node 8: xkh17yf
Node 9: 3sgyion c19ckyx t1svykq y1odied
Node 10: 17wku1e oj2vsd8
Node 11: cyvqr46 e64qe70
Node 12: wtj2w8q
Node 13: 4hisa5l elubj52
Node 14: mdbl59w
Node 15: 7v9jyb8 imw9vus n6vm9up qd7zlaq vpha1sj
Node 16: fsjtqjq
Node 17: f3vrnyb
Node 18: xpgm0ti
Node 19: 9i1624n
Node 20: c7biavn zqvgqsp
Node 21: owoahxw z5lfhg7
Node 22: 2f417yh 9jk7vnp hekjdcx j7v6c7k qkegnqq sr7ixgu xdhsvtp
Node 23: d4ek7ib regfgqu
Node 24: 9sm5bq7 nuyj3pa
Node 25: bwyv7jz uz4xnw7
Node 26: v7zp97n
Node 27: dzz9ab2
Node 28: bkap18f c7luxgl
Node 29: dh5dsmy o9c0z9g qr83n11
Node 30: 75b5ncz
Node 31: f98r4oi yvmi1s0
Node 32: gvdh7ke pa2ptnv z3yvxjr
Node 33: xk0hbso
Node 34: 270j60f
Node 35: aqcjlf1 zrz36au
Node 36: 6ueitkw h9rxugy
Node 37: vod1kb2
Node 38: a0zpwim
Node 39: e3x7q38
Node 40: i6626m2
Node 41: 87bwhab dwppfpe
Node 42: torhrlx
Node 43: pyyxx1c
Node 44: rhrrbu2
Node 45: m3c4ese
Node 46: nfq1clh yivuvzb
Node 47: stbks5x
Node 48: mhls625
Node 49: lgxzdsg
Node 50: dajq2wv
Node 51: vd2kgv7
Node 52: ng3i437
Node 53: v7z0xor zgnxt3d
Node 54: aaj7vzq

Node 0: 8y4ld6c
Node 1: 16zhaxr 1ja3y31 2mp8sna 6fz0rkh 7lbfnfu 8js8v69 oy4h4vh qwu6d5k spg7f7d su1jhxm tn5v6y9 wohvgrf
Node 2: ypau03e
Node 3: hxk49pn
Node 4: 1l2htmr f4qjpjm fk866dt
Node 5: os8l1tt
Node 6: cmb80ca cu4iw8w kvcjv4p p9t8to6 rkixc8i urvy8d2 x2auxx3
Node 7: 15kmkvz dc5jdrx ek4x7ge
Node 8: t719hg7
Node 9: 8kzbi51 eokypig pgjm1l0 y49qf0v
Node 10: cm45tja wotq31u
Node 11: 0ny749z d4sf8ow jqv8je7 xrczplc
Node 12: 3brg0mb cia3f51
Node 13: h5uzl2g
Node 14: 2z0chqi 72bf8py
Node 15: wcy16uh
Node 16: 6328mip
Node 17: tswvst7
Node 18: rsmxrzq
Node 19: 1vash69 4w21d8u 7b5ofqv 8a2dzg8 ejilej2 m5wk13n na0rhdz
Node 20: 6zrq1g1 luo0wl2
Node 21: 3akm5ab mryots2
Node 22: kqukkcy q32nuvx
Node 23: cg668h2
Node 24: vktrwkl
Node 25: o5elqd8 uof2t5t
Node 26: zllyv3d
Node 27: dsrd5w2
Node 28:
Node 29: 52ywh8u
Node 30: aszk40j byrqxax
Node 31: d9fi2ar
Node 32: ad4oyqj
Node 33: udkcsw5
Node 34: f1pwp5n
Node 35: mkr3cxi
Node 36: gc8zcsy
Node 37: fv0630v
Node 38: wsda509
Node 39: 3rk4prt
Node 40: rsg6pve
Node 41: w52tz3g
Node 42: 4zfqe8o
Node 43: cjbn91v
Node 44: 7pnaigo
Node 45: f4j8c0e
Node 46: qwk3ip6
Node 47: wfp5703
Node 48: f0vjtmr
Node 49: bd0xpm3
Node 50: jww55h4
Node 51: uovpkgb

Node 0: 2xho6pt 5h69lwb gg0ou1a n4gcg3p uamybaa
Node 1: gqiclh6
Node 2: pl754u5 t75dyry
Node 3: 19sf8xy x6yr5ga
Node 4: 2xe7p2n 7xbryaz ed5lgym oneh0vs q1yit0x x4m8hq3
Node 5: 0uw38gx fkyse7j hj9izn5
Node 6: 67uuytx cti3jj7 nqg2b0o
Node 7: oqk9vii t0x1ek9
Node 8: sqju1pc vyfyl1h
Node 9: neiv1ub
Node 10: thpoyaf
Node 11: sxw2bua
Node 12: y7qi6h2
Node 13: k8yxepg
Node 14: vhv1qfz
Node 15: 2g0rawr 7ymcxju
Node 16: ptdrci4
Node 17: il3b4yq tvhz0jl zfd1y8a
Node 18: tvci14y
Node 19: wfdjniv
Node 20: l1hdasu
Node 21: ok0uigm
Node 22: pe8xdq0
Node 23: ud79ovp
Node 24: rc4f97e

Node 0: ues3e5s
Node 1: 5dhy17f rlmccel skrr7fz xkq0cau
Node 2: bsimot6 l8korf9
Node 3: 3kqweei
Node 4: flhze8o hny4dst la9wvnp mk5qkf8 s5eovz8 yog864e
Node 5: 43xwgl7 7wbzuff
Node 6: 66mfcrg h4amo3h
Node 7: 3sp3a8c zkvqs5d
Node 8: 2qm4fou 6inqh4o 9ijz6az
Node 9: ihua78d z90b2xh
Node 10: 0y1zoyw 16r51rk
Node 11: losaar8 z9ylpcj
Node 12: 27o648l
Node 13: 6x4iwul 8k5l5xd rmn6hu9
Node 14: 0lvy54b frh3rh0 ptmj861 zquosp6
Node 15: z2szetm
Node 16: gg3u9hn p1vldl8 pv3n966 seidy3u wvw2p0p
Node 17: 05u3hbm
Node 18: 0k7wn8e 80b3c6s kb2fjb1
Node 19: 9u4hq66
Node 20: 3xntimh 8xo103e yeufprv
Node 21: cqjzy1d
Node 22: gotnqeq
Node 23: cspqojp
Node 24: whag9wo
Node 25: jtn9500
Node 26: bhmtd1k
Node 27: 7m33i1o jdoj5rn
Node 28: 7vfo05s
Node 29: 2n523bd
Node 30: sn192kb
Node 31: cb8jnhk
Node 32: o5k3bs6 z433j8q
Node 33: i5475er

Node 0: 8tuk2fa mnf96v8 pi27ldh
Node 1: zfl5dy3
Node 2: 6ms79zy 9v19vsk d7mim46 k4c58jb myamoo2 nc4l0zf nct5exf
Node 3: 1fki8pf 8coegpz uezgvi2
Node 4: c7p24bv jz2bjzx
Node 5: bx1g4of f9uel5l vf60vdn
Node 6: 5ek8hik
Node 7: 31e9f4o 44mt9d3 7vi8wa3 as4t5ic az7flvm vqw5lq5
Node 8: 83wae24 fu718zb knvhnbd l1ij3jl or08x10
Node 9: peqvxd2
Node 10: 8j53fzp c67p57a lbsrvuh
Node 11: len516i
Node 12: lan7dmz
Node 13: n1wt81t
Node 14: pz0jpq0 r5x0z25 vk3p98a
Node 15: iv94hbo
Node 16: aigtztc f2jpgj7
Node 17: gr6z899
Node 18: xiv7muv
Node 19: 89qnrgu
Node 20: vvr4k6m
Node 21: 7i2an3q
Node 22: 2zopq1g njx39c2 o8ajr7b
Node 23: 4vu8vak a4ot29n kko91lf mga97lq
Node 24: bmg3c4j
Node 25: exkwoo0
Node 26: aoxnvvq
Node 27: 0dndfs9
Node 28: yd3y52z
Node 29: eyovf60 o7um9kl vql3e1o
Node 30: zmrss21
Node 31: 3g9lbca
Node 32: 0aayqff 0sb7a6m
Node 33: 1oitr39
Node 34: pl4sjm2
Node 35: k6vyrmf
Node 36: 2qjzo31
Node 37: 9ldww7j

Node 0: 4skfcar 7e8gdzu 7hhhkpz 8plaquo ksrn97w qhafwna suamjvc ukaj5e5 vrg22t4 y8603em
Node 1: sgq0rv4 yxoja2y
Node 2: 7cul4ph jjxgyr0 p3akagp
Node 3: 4a5xmsl 83ex7y0
Node 4: 49r3xm1 gbjlju1
Node 5: 8ridrji
Node 6: v9dxkwp
Node 7: iemi9kg

Node 0: y7ykfv4
Node 1: jtgltwn
Node 2: i4opqx8 iagfuv8 k6uz43a
Node 3: 21ki1a7
Node 4: iuj1wvd y0mtc4s
Node 5: 8qwc48u
Node 6: hawrvyz
Node 7: jthol9j
Node 8: 4nousgp
Node 9: hlps23h
Node 10: 34duoyg 5b1721c 5zqfyvm lpx6w59 qjkwo79 vlyh6g6
Node 11: t5xay7i zzxoyp6
Node 12: vqic92e
Node 13: dhtcbw2
Node 14: nuzxepn
Node 15: a5b0spf
Node 16: v77dqoj
Node 17: gmbafbg
Node 18: ciajnov
Node 19: v2x4qub

Node 0: zewnas3
Node 1: mr9p0ix
Node 2: 4p3fl8u 4yoqvgq crz8wk5 erxgx9x ghy4q9v oyfb2r6 s63gts0 u5c4bpe zndb6of
Node 3: 5tdek3z h746w5s
Node 4: bkiybuf cmmx3pm
Node 5: cpj9qci p509hit
Node 6: 6v297cs 765javo 8e1v68j bhw4a4n j2ohn43 mmi9uwa
Node 7: 30v145u 9agp575
Node 8: 4g8beym 535nmjj d4qu9hh i27oobj j1qmtiq kr8jcb1 lqz0ift o7abtem oeprwpx p9jhj5r rcn1hzv rn7zy6w s6dp09l su08c8y v3omb7h vvsdgch x6vzuzu yamq34x
Node 9: gbwi7ts h4ct4oy
Node 10: oyzcgxn
Node 11: tzc0ls9
Node 12: 8dgw3qj
Node 13: ilcl5zw
Node 14: 5krsw9i uio7dbh
Node 15: 0xciczz 4yg0llk jwvphbh
Node 16: k0ajuxw
Node 17: 6gkifpu lhyjzzj
Node 18: 5pc4pg2 j4pvkzr
Node 19: 2pxs0qq
Node 20: 9d65v74
Node 21: agwdqs4 np11d98 ry6lubr
Node 22: l8bqvzw
Node 23: 5xfjhck
Node 24: 7oemq4p
Node 25: ddo6pbr tsgq22e
Node 26: 6fvwpxu
Node 27: 786umbs lxu32sy
Node 28: pvs3a76
Node 29: 4l5lrzg
Node 30: 20lxzl9 pe7jz1m
Node 31: cyw2f10
Node 32: 9y76ce2
Node 33: 9q6305x
Node 34: c74riwe uj4t7os zxbcfv3
Node 35: 3gfdgeh cjga4ra
Node 36: g3oeg1q
Node 37: lkwqb9o
Node 38: 92eoerh
Node 39: y16zn4n
Node 40: 3yfcxfu d53354q
Node 41: 7y2ujce
Node 42: 44n1ltq j3r3m35
Node 43: 0lfwyf5
Node 44: wahl7e2
Node 45: v9hnv0j
Node 46: sfizpat
Node 47: nvo4lpw
Node 48: 7r3dxom
Node 49: xc9xxy8
Node 50: c5vf4wr
Node 51: ncnfixc
Node 52: eidt2mr
Node 53: aajgoll
Node 54: x1lndml
Node 55: 5xaor2a
Node 56: lezp5f7
Node 57: yuqbqc3
Node 58: 7ulh3w1
Node 59: nqx1xe2
Node 60: 91981l1
Node 61: z7nqyp6
Node 62: 1zlrm6h
Node 63: 18xi6cg

Node 0: 1ff1ao9 2w0xzpd 2wp53dj 32yfitd 5ji3hpw 5toazn6 8dvezi5 9dv4x6s bu7mdfa cigmht1 fksastv fthwv46 kn2ft1s lv0pk8f nvp1r15 p2gsebs qajll2b qk00c4k scr8zbh vocsr6f vqnj66t x1o1qxl xcog46u
Node 1: btcwpu3 kexyx5w llcw87t stf1em5 tm8t73c
Node 2: l7pmcif
Node 3: 4b0882a dvpe9ov fs9khga h2cpiev h5jlqgv kyeyyr2 n3x8ao3 nqouukj qep1bmz tcbu5rr witpz62 z1v4wxh zm8dxqz
Node 4: 4gcgnd6 axigsit lnjzhpi pkzp07v tkgdudn
Node 5: 1fzzjid 45h28et 98gwwk3 b2ua5a6 qrj5aqy xhlppwh yv5k7ka z9yxw9g
Node 6: z4yrh7u
Node 7: lbbg1a1
Node 8: 1coa5sh
Node 9: 0k1d9rz
Node 10: 5rme04g
Node 11: 191rjng 2a30hy7
Node 12: q66ij4b
Node 13: 3nlz17v
Node 14: 7s3j11f eetpemb
Node 15: mecxup2
Node 16: 8d5lvwx 9xt08pp b4zc0rg celkm4y cnrgnft gudot8p gx56dmr zzvbytj
Node 17: o8k6vqa xs3bps2 y9vu9fx
Node 18: 2dbznj9
Node 19: 4a9y7wf trhjq8e
Node 20: l7qlbns
Node 21: knvta1k
Node 22: 8nlm827 agbtwas cd30v4p zbfguql
Node 23: uu14g7t
Node 24: qazoqho tv1qhe7
Node 25: 4rz8hdq
Node 26: 2qefq0p
Node 27: 37jj9ct 5f6yzlp 9dp1n97 xmdmgu2
Node 28: bk07ifp
Node 29: h39zmce
Node 30: sgrk0pd
Node 31: fdyf745
Node 32: ydaxnop
Node 33: eq6yzae q7vla0v zlji7d2
Node 34: k9q1ftx
Node 35: 0cchpl9
Node 36: 225s04u bhh1eb5 dj8qaxr
Node 37: joy05b5 kl5j8nz
Node 38: s4j6zux
Node 39: 5crjtn4
Node 40: adkgn7h
Node 41: k7zmqao pr57771
Node 42: z8vraxb
Node 43: 2hyg68d
Node 44: 222ct0o
Node 45: zjmecuu
Node 46: 0wpr2dg
Node 47: txuweq3
Node 48: aq4j2qi
Node 49: 0hdf6i5
Node 50: 5tcv790
Node 51: 7bkae5c
Node 52: hy3trln
Node 53: 5cmkjza
Node 54: 84lv1x3
Node 55: xso8vet
Node 56: 3tfa0hz
Node 57: ddm8c5m
Node 58: 0re4i67

Node 0: 0p21478
Node 1: 1elswns ob7of8q
Node 2: ohukexo
Node 3: 9h2nhoh
Node 4: o7i7nue
Node 5: 02p603c
Node 6: f3dp82c
Node 7: 8m39dp9
Node 8: 3kkx6cy
Node 9:

Node 0: z1o2ckd
Node 1: 1p26fje 6srmt4j 9mnmjfo a3jq1up ap3rg0q ay326ht c4izplp cega18t cs3lmc3 d6t7os9 fm8njm2 jcm95pu jiaowk6 jnv2pku p17kpq0 q9fd0e8 sx800sw urt9kdu vk9mn7g ytbdwm3 z3ihrkr zq4o9fb
Node 2: jjj4j7d mnzs6hj nzwtlff
Node 3: 0nf84r9 9b2j2e9
Node 4: 1tjhlt5
Node 5: ay96l8l
Node 6: 50ocbe3 skq5v6q
Node 7: xrtt4am
Node 8: fumd7ss
Node 9: kcilkrl rk9pbmq
Node 10: rck3mtb vmk9byd z2qv5fi zpoa1up
Node 11: c8jcpaw
Node 12: 9ppfywm
Node 13: vnpzbdp
Node 14: adzcu04 yr33uta z60lpa4
Node 15: 54hndq6
Node 16: kew82uh pvk33ai qunbdwa
Node 17: yyic0qw
Node 18: mmwbpqo wqh4f3c
Node 19: cckz229
Node 20: 2xx26eo brp5v7x
Node 21: gi28b0i
Node 22: d6nyn7g
Node 23: 2l0ooh9
Node 24: n4au7k0
Node 25: azikshr
Node 26: 0oagz5k 0tc9zs7 78icdim qxxufvu
Node 27: nkkb8f6
Node 28: 9qm0jv3
Node 29: 11n4n13
Node 30: qgfd28y

Node 0: fnh6qco y5hlgeu
Node 1: daklvgn
Node 2: 5slvv5d agb88x1 dk0ukqy r7aiqqj y8lk6ce zkb2b31
Node 3: 7wsyhkz 91x2bmw dkdw26m ibs84jc k45lu2k zqsdmdz
Node 4: mc9dqtw
Node 5: c5lv1z4
Node 6: r6yajg4
Node 7:
Node 8: baf6tni h3r2rge wx89b4n
Node 9: g66cv9k h84iqt2 zzgtinv
Node 10: b5m63ih bp4umom xvy8laf
Node 11: r2aybm2
Node 12: 5tmxjzp
Node 13: smproap
Node 14: 77uj9mu k5sjsxu sndrhvh u3kyq84
Node 15: e805myh
Node 16: 1xda3g6 2yb4fyg aeyz5mk
Node 17: 4r7q12h
Node 18: on3zdbj
Node 19: n1rkfrd
Node 20: durvi0k y4uak09
Node 21: eszsqc1
Node 22: icrn3zq ku26e0i
Node 23: 23xrhfh
Node 24: 2lysaza
Node 25:
Node 26:
Node 27: zjd038l

Node 0: 3eqhuj1 43vpm9k
Node 1: o66diqu udc1ex2 xw2swa2
Node 2: bgbrb5m
Node 3: 068byaz

Node 0: pxrklnw vy3uuwr
Node 1: xf2guak
Node 2: 7koj17w jcjh0zp novc3tc
Node 3: 6gsqv4x dhikgw4 qc848kk
Node 4: 9sagog6 hoc78dr wf4mahk
Node 5: 64kx8pi
Node 6: 4hnrnge 81t7wys 8m4513t cyxiyq4 gr0qxlq gzkrz44 hc03itt i53g55o pt7veeh rgcdbcm t9c5sn7 udd0iw3 uplia76 vwbzhbh z9al7z5
Node 7: nazinu2 o7gamna v2mpa60 wul41a6
Node 8: gx2ybwf
Node 9: 52rkuqw 5x1prlp 7p2o52h aqdf8in goqso41
Node 10: 1msyn7m
Node 11: 7drmltr
Node 12: 3b54xd3 9g0a0im 9usl9x2 hxq49y7
Node 13: 4iugh5w bjqn4jn efzkstg nn1kptv x6p6ul3
Node 14: dz1fzwq u5bjnm0
Node 15: rok437h
Node 16: z7neso8
Node 17: dcgsk9z
Node 18: fnw37fz npsja8o
Node 19: z2l6z1l
Node 20: ate0c4l
Node 21: 29epeve 8lfcrzw e2ttyxh j0lhxd0 ve92r5f
Node 22: k6vugj8
Node 23: dfh522w
Node 24: n8si6cg
Node 25: 1r3v07y
Node 26: 2gtj06g o914qvn zmn47mm
Node 27: xvpt06f
Node 28: xdwa4mi xiryjwy
Node 29: fkyn3ku
Node 30: 4odg8sh bwfsb7u cmes26m
Node 31: b39xsgm
Node 32: r6wczxn
Node 33: 1127224 oczoj32
Node 34: lqe88fr xlcrh5j
Node 35: 3ixdeyu
Node 36: y4g7368
Node 37: 8yju87s
Node 38: v98o0ds
Node 39: rz02cmk
Node 40:
Node 41: x0irojc
Node 42: alva1bi ejbved7
Node 43: i8h2z9x q060o7f tuagto0
Node 44: 97eofsm jz6y1xg
Node 45: 7dxlmlh knix703 oyp2hq9
Node 46: k8o8dqx
Node 47: hzhyx39
Node 48: 2l449to
Node 49: mha3qay
Node 50: wwq79kn
Node 51: gz6kfcm
Node 52: gt08m22
Node 53: cs2fyzq
Node 54: 7e4l4xi
Node 55: s203lzq
Node 56: qvewr0y
Node 57: bdks56s
Node 58: 1ejkcny
Node 59: ckhbx9n
Node 60: 5p5kjxd lc4fw6z
Node 61: 67h1cfk
Node 62: rge2t5f
Node 63: qyu6teo
Node 64: rhdex7t

Node 0: hpy4jdz
Node 1: a8kqlie bef5qni elyrpah g8jdiuf hbw42wi ijodg18 n9jq63t rv1q949 txn78fv
Node 2: 0qpfn6r 6gcj454 av8zixe e1fs2wd g2zs5jn my0jh61 q3pjzec
Node 3: f0p8g15
Node 4: s9mh84t
Node 5: 7saq0i9 kpzqnqf utjz1aq
Node 6: 14fcxcp r9m3lex
Node 7: 0rx353w
Node 8: kwx4ash qrfvx6c r26gjmx sri9uf3
Node 9: 1ilkzuw
Node 10: 8e8cco4
Node 11: 3jxi8i8 5gwo7ry
Node 12:
Node 13:
Node 14:
Node 15: fqgthxw

Node 0: 3fgxdaa f1nrdoh
Node 1: ya4t7v8
Node 2: g2npakk qbpeo9m
Node 3: 6l7unze a7z9k0v
Node 4: qxos4p2 v4kbsp7 yrw4db6 zqpvctj
Node 5: 1851dvn i7q4ihg jmxhulv vq19jpo
Node 6: b1m4j2k br2ge86 ph25obv qegzg8x ysrdciz
Node 7: 8j9ksc5 gh8lk5w iabikjj kcntp9w lwf63pq u2t75qu x544yal
Node 8: 5ecnlsz 5xytuf0 8aykd0j 8g883n5
Node 9: dv3q3r9
Node 10: wae8m9v
Node 11: de440f7 k66wa0r v65u30f
Node 12: pegt6gt yabozxb
Node 13: te1q17z
Node 14: lwyluoz
Node 15: 5crsadp vtoo0lo
Node 16: 0oqc5i7 tlbeayo
Node 17: jhij5gx
Node 18: 9ey51hl ythupub
Node 19: xy4uqn8
Node 20: ehbg9jk mei6dce
Node 21: kswsdya
Node 22: 5pmrz5w
Node 23: b7zdjih
Node 24: rmcvv3r
Node 25: tgflro3 zu0a6qr
Node 26: 4vr29x1
Node 27: lz7l6xi wkxsoay
Node 28: k8yfv5z
Node 29:
Node 30: kiatcav
Node 31: hdhnzc9
Node 32: x4ycx2r
Node 33: f0gpm5t
Node 34: zk2oe41
Node 35: nxyiiag
Node 36: e8489jd
Node 37: ohbqsd8
Node 38: 1pjmph9
Node 39: xjy9as7
Node 40: hqaw0a4
Node 41: 6duj2tx
Node 42: 36wtsyc

Node 0: 4fk7xxi 6id95nr 8seaqmi 921o24x x5v2rmw
Node 1: wesme02
Node 2: 9d1j5zg ak2dajn df52cej jpg95jw kjezpo7
Node 3: pl0m2z9 zynvxw3
Node 4: 6ac1g15 pt5r6t1
Node 5: igub5qf srycfxb
Node 6: e4uabkv
Node 7: 9u6cfys
Node 8:
Node 9: ciw3tmx
Node 10: um5k9v8
Node 11: 8mzcy6w jwesupj o3dmm76 yobo2cz
Node 12: kybwj44
Node 13: rg29jmq
Node 14: 0quh2n7
Node 15: y7ik7ie
Node 16: m075xf5 th33gcg
Node 17: 5e7gdi3
Node 18: c5ysh8g
Node 19: 0aaobun 3p50dsc n7j44ql
Node 20: 0mjkib5 jlo8yvr r447hrw
Node 21: kjsdclu
Node 22: hk5owkn
Node 23: 3yr0lqg
Node 24: ul30h87
Node 25: a7hryh0
Node 26: ft4lbts
Node 27: enp7fo7
Node 28: 0sd065h
Node 29: igcjkby
Node 30: hu01jjf
Node 31: qbxdk97 siv8k65
Node 32: g32bt6i
Node 33: mkw0svm
Node 34:
Node 35: d7qfkch

Node 0: 9fhz9mq
Node 1: sh57zxf
Node 2: 3z67dia 9f3tdzi d88bd5j p73d5os x5p5enf ygdwrsc yqdraxr
Node 3: g339zoz j6km08k jwkfj3a pwujb1k
Node 4: 2livu0l iwtlyy4 lgxohg0 loe5xql
Node 5: vcdq81v
Node 6: c16i8z1
Node 7: 5zkdsm7 f08ip7k hww5q23 z0kj1b7 zbh2g13
Node 8: 1o2m85v
Node 9: 6m7j84u hb0m7s5
Node 10: leoxarq
Node 11: m40l7zd w88pczd
Node 12: d02m5og
Node 13: la61dif
Node 14: y200kyn
Node 15: zprs6nj
Node 16: e2hrten ecx7l4p
Node 17: 0gy9u5z
Node 18: 879s3l0 gjja4bh
Node 19: 2rkvs7p n99j2q7
Node 20: samg8ml
Node 21: c2nzro8
Node 22: lr4lojt
Node 23: zwsjspp
Node 24: 5724mos
Node 25: 4wqtsic
Node 26: 6myoem4
Node 27: grg1s6x
Node 28: 3adf1k8
Node 29: qvp7f4l
Node 30: a8qd14b
Node 31: br998lc
Node 32: 7r563pg
Node 33: p4gku2a
Node 34: rt5d90s
Node 35: a4tn4np
Node 36: 7m49kw5
Node 37: 1d5246h
Node 38: ckykwjn

Node 0: 6sctlhz uh353lx
Node 1: 1amigqe rly29qp
Node 2: 2n3luvo z84rhic
Node 3: 0nn5tvn 1vvt72a 92al2bg d7f67lf f7svhjd glhhwq7 hsb8iwg hy17g26 jb2usi0 nvpe6vx qc8ukcx rt6uk18 uur12w5
Node 4: 9dttxbj
Node 5: kh11izb
Node 6: 1s384bm
Node 7: 3p9qvpr 6qz78f5 vmdje2y
Node 8: csb5zhc jgbnn2c
Node 9: 48wcy4f 4scvlai dt1539t
Node 10: 5x70lfs
Node 11: 574zk7a k4k58u4
Node 12: 628lmr7
Node 13: g3nn4fv lmsssgu s1dtt37 ua0adlp
Node 14: xpmayrn
Node 15: d6omy0k hcouhyl p1z4ooa
Node 16: sxcc5lg
Node 17: 7611j5e oa10y5h
Node 18: kk90jx8
Node 19: 7azmiht
Node 20: d0u9aay
Node 21: v9qex7y
Node 22: 86efpsi
Node 23: eagr091
Node 24: 9bk4m3i
Node 25: nu1242a ozgbwrg tn7tilf
Node 26: sq9z6qs
Node 27: t97d7xd
Node 28: 48q7maw i36fnom
Node 29: 59iznwx
Node 30: x6m1f2v
Node 31: uccdqmk
Node 32: 5rsjavk
Node 33: ohxrsn4 pak08xi
Node 34: 9d78pqi
Node 35: g1p82k2
Node 36: exgvz2z
Node 37: lcz3eke wbrlg7u
Node 38: zzomng6
Node 39: 9gr3je1
Node 40: y0cbihx
Node 41: vv0o3bn wt4rti9
Node 42: a6xe9sm
Node 43: 9xiw460
Node 44: hsgl0bw
Node 45: snork7n
Node 46: 9x7hznu
Node 47: 5dfs543 5qa7odh
Node 48: 43gw6vy 8qjba64 h8u4g92
Node 49: 02bnto2 cnpo0gw
Node 50: 2oh2lo5
Node 51: fsewo1d
Node 52: b7e6hrm
Node 53: 2yk8daw
Node 54: j4dtsue
Node 55: 3wmjg62
Node 56: 7x1t1fm
Node 57: j2zju1x
Node 58: d5ri30l
Node 59: lt8s717

Node 0: 7vo1p27 b8039vk b9n0sk2 eli5szt midcdct obj9m5x q0dln5c q6rdna2 rg389ei t6mvr7h vjjeri7 w2c7xey
Node 1: l6yg2ro
Node 2: iu1xo14
Node 3: 016bmow 3yvk6ca 7ercarp 82gnmiw lfuu5b3 uz7h4av
Node 4: vznj1vf
Node 5: 2sjbrf5 d5rzbuw g7yloth hy2yds8 oa39etc wryegcc ybj3q39
Node 6: 0ohpwyc 6oyxg3d 6uiz2f7 987zosh cflubom elxqzr6 ia0x8as ktnwabg m09gpsv rodgukr vkw7gop
Node 7: 3bk5r8l e6l5fv0 hd90tlc x4l85fv xgwjd9y
Node 8: gl5otxs
Node 9: 8cou0pd jh1ulm4
Node 10: 2rgjazz 9sjhjxo
Node 11: 6k2330o b9bizxl bdsdwv4 k9luzpc
Node 12: r0d43v7
Node 13: ciqakex yxcbmw7
Node 14: uduh5dh xr85nos
Node 15: 1dfswc6
Node 16: wq6621t
Node 17: ieg6dfz
Node 18: n611vhq
Node 19: c2t015g
Node 20: to7c8cu
Node 21: ce17yv8
Node 22: 2fyjoi2
Node 23: wne9b55
Node 24: m8izcgi
Node 25: 76ype46
Node 26: h8uoirl
Node 27: j1oxysj
Node 28: h7sni78 ikmltis
Node 29: m3t3vpm sk6sq3a
Node 30: wblj75w
Node 31: 1j4kwmb g6e75lp
Node 32: ihpove6 ji8a88m s561loh xl0vir5
Node 33: l653m8g
Node 34: ubkem9k
Node 35: e52iiot
Node 36: nnzeh6i
Node 37: 9h9qn23
Node 38: 5aklcn8 xglpyd1
Node 39: elgseq1 mgl4eib
Node 40: i17ip3g
Node 41: nq3kt26
Node 42: t9n5vxo
Node 43: rn3v33h
Node 44: sdia24l
Node 45: zkhfsng
Node 46: qu6xt53
Node 47: iuhtiux
Node 48: 44sxqwc
Node 49: gh8ahlw
