Node 0: 0avmy10 1y40ev1 399fjrx 4ebuwcf aqpw4va bszikgt ev918r1 f8jjpjv fn0pvhc g8lruz2 ka9yx42 kdp6ntt nuu33kx qyqinrz xuoq4ci
Node 1: kuecg8q p1xssyg swdxfwy
Node 2: lftx3ub
Node 3: pfk5q5q
Node 4: rbtdx0a
Node 5: yqqwf74
Node 6: ims7fop
Node 7: 0ba4wq2 c3q3vya
Node 8: 7i7t0j3
Node 9: iucztsf
Node 10: 4oc157w
Node 11: o3kkizm
Node 12: yz3od7w
Node 13: n459jw1
Node 14: rg1j24g
Node 15: 8xvmoto

Node 0: ockdmla ysaxhtz
Node 1: 2vjrfl2 51ivzdh d6y7rhv m02stus xk1m3u7
Node 2: g37tx4j
Node 3: avausaw
Node 4: gt656y0 kvx309m
Node 5: aevvibu b4492ps hapnhmf laes1nc m4wfgty npbyehw onpa0u6 q1tk3yc yfouw0m zw69gij
Node 6: fy2gftm
Node 7: fnjb98m iiqkn5u ts1nc48 wmpth01
Node 8: e7h5alg
Node 9: yuma0ft
Node 10: 75ph1i4
Node 11: 5zwsxh6 vj4nn8i
Node 12: acyx0gh
Node 13: v6m73vs
Node 14: j7j1n2b
Node 15: wwvm08y
Node 16: wddu23c
Node 17: 35v2zff 8y8c346
Node 18: 6i25urm
Node 19: vbndwvz
Node 20:
Node 21: 51e6yfu
Node 22: nzbov3c

Node 0: kxk535y
Node 1: 0msfii8 0sbfcrb 25dm68o 2pxg8fz 3p3yip8 9mtu2bh ap21tso arkr4yd df94u2f eyd8q5m ezqbg5w kar0s8v lwqghkp o0uk7iv p5iobdh sf8yk31 xw5o3o4
Node 2: 4xazh3q bv3pgle f52mgjw n9woage qwp1d92 wecnw7k
Node 3: 2kr6iab w9yuzck
Node 4: 6vfdc5p
Node 5: 14diw4u 2xkc84b 7btt4oc a1gdfvc fxf1rub mv2he0f rwhmo9r yr4r2jo
Node 6: jtxlcp5
Node 7: ybqa9aw
Node 8: ge1gwr7 i7nggrs
Node 9: s1onhgk
Node 10: d0ibudq
Node 11: 2sb18bk 3r305o2 4oaccfe
Node 12: guewf1h oo7hpei
Node 13: d4ehq1h dbkss7o
Node 14: fr0cjut
Node 15: 7dns2u2 f6i8gzm okcld0p
Node 16: vmxoqne
Node 17: 1lm4x3b e53c6rk k2iubba ywjndpp
Node 18: xwmcsnw
Node 19: azx3lb0 cfcqe35 jx81wmz l99r9tr
Node 20: 21lhz7o bq43kfv
Node 21: g95m5xw
Node 22: mylqv2u sb2pjit
Node 23: uq0b1za
Node 24: 10yn9hm dtrhly8
Node 25: s3xauzo
Node 26: dkmvhe6 pqt8x2h
Node 27: x0x2u9f
Node 28: icuiw10
Node 29: 0dwjan4
Node 30: s9oi01r
Node 31: 045cjvw 1uu1xur o0osae9 vjinhpg
Node 32: 9dgi2fn
Node 33: o1u5cex
Node 34: 0f0cyp2
Node 35: 0a2mz8d
Node 36: it0a4g5 nei36k0
Node 37: swoslgu
Node 38: 603uupn pwbc9g0
Node 39: 1mtz0vg
Node 40: g3fwl9n qjdfnld
Node 41: hc96048 k243wcr
Node 42: mvmff1x
Node 43: wro3xw9
Node 44: 9ru2n8m
Node 45: xdsm07k
Node 46: slnmroz
Node 47: oeqhdn7
Node 48: gaywtvo
Node 49: uon7lck

Node 0: n2r9jdv ngutzvl syooq05
Node 1: buxpv57 inpphuf ps25s4b u1l4rjc v7mkgbn yhrvx8f
Node 2: 8sicvko
Node 3: bbjlzc7 t57r9xi t5ettfa
Node 4: 6jw8tuf 7d764s0 895f1ps hlt4sms
Node 5: e96qanl ikgyo5s kip69tp
Node 6: 3g1uexz 5dpjxzx 6erhbpj 7ss750k ugwufim x4l6cp3
Node 7: 234itt4 6af4w2f 8d4n00u c126fz6 ekllxwy f4rh63j fwq4ivb ghhes20 jtzkio0 lzorkgj p8ph3h4 r5qfjv3 ufdtybp uxdhr8l w2lwbl7 w8acqvj
Node 8: 1hgat3o 3eq26mt 4xh1jwr 6sosz94 byg7ivf jeo4s3h jzymdgx
Node 9: 21ukcd0 8a5rul0 bctkvc5 jg0obvk
Node 10: dyrdq2f
Node 11: jl5hd8r t5ob36q
Node 12: rybxyz0
Node 13: 0mrw575 3m2gj5s n306zdz ttqccrb
Node 14: imo7v9i
Node 15: ci5q3q3 wousgeo
Node 16:
Node 17: 89yfqta ip9qbcz
Node 18: 44vkujm erch4s6
Node 19: g2vmi6f
Node 20: 3bv566q
Node 21: anxzahn
Node 22: 7hqkuje
Node 23: y74lmi8
Node 24: jnpy3u2
Node 25: 4k2vjg3
Node 26: fw2p1o9
Node 27: 84p6fa1

Node 0: nr0slqj ui0fh1q
Node 1: 5ov3kag 6kqgsuf 7zkrcxr aonya9d c1f4wgs hcnofpa i01fmec j40gbks jlld6eq lc44f8c pzm1s27 qaukgur rv5jzko si02gt3 t79kxja wazdehw xtuqmc8
Node 2: 4gnmmvw
Node 3: 2eov4pk 33avtxr 5xj08es e9z8aua uptme0i ydbyqxa
Node 4: vm0egch xseog94
Node 5: hcpuxa3
Node 6: ldx23y1
Node 7: sfo3op9
Node 8: wixhb8m
Node 9: 8yp8wdv
Node 10: t8w0u13
Node 11: bompo6v jrne2le m60m2ee r77argo vl351qh xezp74c
Node 12: b2v9zt6
Node 13: 6vumwz3 8myvy28 c44fzvr kjjn46f yvxtyc4
Node 14: ncgo3m4
Node 15: 59qboz8 9akl33i gltj062 m6x1fjd ttiyssk
Node 16: qmqh3rx
Node 17: 7sv9cwu d6yka0x
Node 18: z0ltg97
Node 19:
Node 20: v7yi4a2
Node 21: 2ru3mg9
Node 22: rr8qzup
Node 23: u5yrbik
Node 24: 0uscvo8
Node 25: arnqhyu uwn94dr
Node 26: mwztr2b
Node 27: d052ps5
Node 28: d13h7nv f13zhei
Node 29: u4nmb1z wqj0ej0
Node 30: gh52jjn rph8om8
Node 31: dd5zbof
Node 32: 2xdkicy
Node 33: 977yi2m krws3mn
Node 34: t13ltag wik6toh zgurggm
Node 35: btgfhnd
Node 36: 6ky2yfa mqatit0
Node 37: 5i30jwb l566czj yimhytz
Node 38: 84933y7
Node 39: 6vcab2t
Node 40: slcc3v1
Node 41: rzyhvhp
Node 42: 7ighkdg
Node 43: mchg10j
Node 44: 9otie7z we0kv6r
Node 45: 8t0jsoo
Node 46: cn1dd11
Node 47: 3k21sx0 93vxue5 fixokkn
Node 48: a6c7d6u
Node 49: h81m198
Node 50: qonp6nv rdsekvw
Node 51: me4muon
Node 52: 2330x3w
Node 53: e269sj5
Node 54: g668ogh
Node 55: 9na7mnq ozunkh7
Node 56: 50wpidg
Node 57: 90mdiaq
Node 58: qer4rah
Node 59: 1weplce
Node 60: l2p1gfw
Node 61: 1p8p5fc
Node 62: pudp6m5
Node 63: ozhh9qu
Node 64: v5cjhe9
Node 65: i1bvtce
Node 66: 5hj6kl1
Node 67: zh5h1ne
Node 68: tiaparx

Node 0: 30p0ych 8l6q50v o0h3rej u5ca7gx
Node 1: 90q71um svl7rbv
Node 2: i31me93
Node 3: 0ib5jko 7g5jiz7 f1z1ns7 h07ibf1 i02s3ku mntm1pd w174du6
Node 4: nhwlfum o63n8bs
Node 5: hib5gmm jxuqb6q
Node 6: 32uqco9 nxalkrp vk6q0e8 xt9pyb2
Node 7: fo9uwke jwnb8a8 lbu9jfp pewta53 rt20zyb
Node 8: ft95pf3
Node 9: v4azx7j
Node 10: 1s50er6
Node 11: mkdpkvo
Node 12: ekhjqpc
Node 13: biivzbd nr8kqp5
Node 14: 6pjo60e tv5u512
Node 15: zc9sf82
Node 16: biddwws ivuz57q qe1mvjs
Node 17: 05ljfty
Node 18: 1tqqo8a 454v3es
Node 19: a9704b7
Node 20: 0patx1j
Node 21: 8x618zp fxpl4ve
Node 22: lehwc2f
Node 23: 1vauc7r hq1u8aw
Node 24: jabvby3
Node 25: jscljb5
Node 26: or1wtp9
Node 27: vb0ahfr
Node 28: fap7b4i
Node 29: d5cs5rs
Node 30: rtbju2t
Node 31: kjs8v0n
Node 32: ynnsznb
Node 33: kcb99an
Node 34:
Node 35: ee8oe88
Node 36: wld5j80
Node 37: uio3bls
Node 38: 3sdp69e
Node 39: v1cmzez

Node 0: omrsc94
Node 1: nh7113g
Node 2: toa5q15
Node 3: nndcz0y
Node 4: e77d13c llw13it uolxjf5 xmcfzn8
Node 5: 59f1rf0 i6knapz te6iyyc
Node 6: 6vfekq4 ay6slnq ub1ucqj
Node 7: vkzk5xf
Node 8: svd2166
Node 9: 2jicxtv
Node 10: bmunoiv
Node 11: jlqu0il
Node 12: 4m4rrke abbrg7m
Node 13: uk7z3x0
Node 14: 26xmlyv
Node 15: o8lbaag
Node 16: 71skz6h vcyyr65
Node 17: i2w8ca5
Node 18: 12kz2c8
Node 19: 0bykjpo
Node 20: guu5n71
Node 21: ppnzcsr
Node 22:
Node 23:
Node 24: ohw56ul

Node 0: 1hxdsgq a5f61p3 kfszs0s kskqs60 pe6vw7d
Node 1: 5ak4ogg w3zpu0z z3fqkrg
Node 2: drx4g8z xg1devj zq47nrw
Node 3: ifeyh5g pxeq936 xxf0cym
Node 4: p0jstpk
Node 5: m5f3hl2 zg6phby zlnzcyf
Node 6: 3vfw4bg 5sg2ja4 eolzf18 usmxdpq
Node 7: qgadvus
Node 8: 6j589he d783wmn io1lg8n ovw7atg vpgb7ad
Node 9: nxyxlh3 x24rruj
Node 10: e4p1w9f
Node 11: bsq5ll3 dcx62o6
Node 12: vho0ho1
Node 13: m8mu5fc
Node 14: dfbz5in gti32zx jrjlgl5 xpt9ag7
Node 15: svopc7n
Node 16: qt1wymk rmoa0ki xmj8d2n
Node 17: fs3b42e
Node 18: dfbcrs5
Node 19: bfme71m cxq7l6j sn9vj90
Node 20: ec3r0e2
Node 21: 7d2t259 i3wno1y jmm2n0y
Node 22: 871loza mswg9ij
Node 23: zd463nd
Node 24: iamn465
Node 25: 8amwov3
Node 26: d0cz5h1
Node 27: oxyigi1
Node 28: ca5hpnr
Node 29: aqbqiov
Node 30: ht68sp1
Node 31: x6z0j1f
Node 32: lgud0sw
Node 33: 5s51fur
Node 34: l46ctfk
Node 35: qhx1e82
Node 36: 55jmh6r
Node 37: y1267z4
Node 38: 070n13l
Node 39: z2j99yw
Node 40: 4nrdptw
Node 41: bon4avd
Node 42: 58mnbnr j7te2ds
Node 43: jzpc465
Node 44: hsq3dh6
Node 45: c6ocd56 zt07690
Node 46: 9le24sh
Node 47: gqbqbth
Node 48: j6m6k8v
Node 49: owhp9ho
Node 50: 4i8rot6 btiuif7

Node 0: 96tqx3j f3rvfbh qyb6wvl vtsqc87
Node 1: 0r9ww4q
Node 2: 34ulinj
Node 3: o53dkjm
Node 4: sascjcu tcwewyt vg71ldy yu1cgj6
Node 5:
Node 6: 01nd8qx
Node 7: 7yclz8a psvx1yv t06p9j1 vwm02tp w5w34yw ymjduz4
Node 8: 0g51yc0 lt9sahl
Node 9: 81w80ol

Node 0: 4i8anuo 8vsn4ui ko0szf7 l2g7tej ojub7rx ormeoj0 s6iiiq2 vgoljz8 w3to1ae
Node 1: f8cjrrn jybe5ki n34d80t zg3vlg8
Node 2: 7adfv9d 8pv5ick 9sgd1gl bpjat00 pwly31y vsdpm4r vzxzy1p zanv54g
Node 3: oryu50d
Node 4: 2kfmy85 7uikwe4 8dlbgmb f6hpaa0 rjjs30g
Node 5: qpwu9oe vun03nt
Node 6: ar5vv8y g1si4d1 zmbffge
Node 7: 8wd7o9u
Node 8: 085khus
Node 9: 251djb6 azg8tg7
Node 10: 7miqptw fli9mpy zatrhyi
Node 11: psy7sk1 q3q2293 yfui6y6
Node 12: 1sgmmcn
Node 13: w58k0kj
Node 14: 1o7imub jaodmgu mq4arji ua92gwl
Node 15: 6kg1140 9t3b4zk kcvqieg zmkmdvz
Node 16: 83wwxn5 sz9s5dz
Node 17: s2boavj
Node 18: 3u0gqhe
Node 19: b6kj60o sw8pzl3
Node 20: by81gxo
Node 21: rlegd9n
Node 22: i7r4h5e
Node 23: kgsfa73
Node 24: rjsn9cy
Node 25: 67jfpu7
Node 26: otstv6g
Node 27: m50a0s3
Node 28:
Node 29: edm87jf
Node 30: zcsldyf
Node 31: weremjd
Node 32: jo6pu2s
Node 33: lvmimgj
Node 34: 1mps8au
Node 35: tt6k6or
Node 36: 57abmfi
Node 37: ooe4waj rhdrhq3
Node 38: dthcnp0
Node 39: 7wtqfyn
Node 40: egnm4z6

Node 0: llig5w2 x4q61v4
Node 1: jrzymiy nwk656k
Node 2: cgzlzzp x3ajkyo
Node 3: 7mgnrqo 8yxxz45 ay2lk24 edx94do h3twh3k m7cwoug qpau4zc sdbnxoe
Node 4: 1729cct 49n170y 5ykv72n he1m42j zb47dlh
Node 5: 0qoe5i1 22o1jfk 50x8pr2 gqm2gdr jl8q9rh pla10zr tktqg08 vvm6c9m w5gccpd xy6k5ke
Node 6: seyw4re wfsn6t1
Node 7: 2nbxz0o d9qdkla elbtdnu g4m36pd uew4ja8 w1gxepv yfitov7
Node 8: ndpkvms
Node 9: 0fqhfw3 p93w9xa
Node 10: jqn1sm7
Node 11: 0bt15rg 5b8lhoy 7x31nm4 konmuvz
Node 12: cc1utjo snriuv7
Node 13: 7owwqte rboju5a
Node 14: 2jhc0kb nz3eocn u8w6ags xjxldug
Node 15: f48nw5q ho1xvtm yuafgy7 zqmx89f
Node 16: 615m2yy mskdwgy
Node 17: ddwwpje wxexubs
Node 18: 9tfpsts m6nqwcd rhsjrlk xen5b1b
Node 19: o8tovr7
Node 20: rd7vkwe
Node 21: rkl5lty
Node 22: ef8al5i j2vd75v p5t2ru8
Node 23: yvfifwn
Node 24: xz9gwv4
Node 25: 36hue48
Node 26: 0s65u0b
Node 27: grxht11
Node 28: 9db83bj w6b7tuc
Node 29: qc3nxp9
Node 30: oe48w67
Node 31: gmszcx6 qylemap
Node 32: f7rw22i
Node 33: 7on7pwv
Node 34: 7ot6t9k
Node 35: vht53wm
Node 36: z9nrr2v
Node 37: 4x7mvp9 5mglz0p emadisg
Node 38: 8ore5ny
Node 39: umz4993
Node 40: oeh532y
Node 41: l6zvioa
Node 42: or61sp8
Node 43: yqv14y5
Node 44: z1r1k1h
Node 45: egudq67
Node 46: 5z5hae2
Node 47: zf369h5
Node 48: tz3p029
Node 49: 9m2ju4y

Node 0: 4cmk11d
Node 1: f0dw2kg gg1eh7a lljiy9y wahutj3
Node 2: uebyd5t
Node 3: c800uez hycrha8 u8cocsl
Node 4: ic32ta3
Node 5: 1fqtuse byk4d8i kfqb3h4 lc6e724 zztvag5
Node 6: 5vqzcjk
Node 7: 2n6pbdh t8par3a
Node 8: 6m76pce ubj1l0p
Node 9: 0t294yv kx3ls8b qypws7z y7bxqfg
Node 10: av8p4wd
Node 11: 66nmsr3 84pucri bnqi8he but3h85 d7i843c dtko968 fwaha0p miiyn3k qdyekwa qhkefkb qs19kkv qvaiiwr
Node 12: 1qlzn03 66jmr9j gs7ua56 jomxkwf yynbh76
Node 13: myog6zu
Node 14: 697ilid f1oitvv
Node 15: kesg0vq yku8ewc
Node 16: 1h1zj5h cp1kgae ldubq2i nekcncn olhxubc
Node 17: tcu8pmw
Node 18: o7krgsg w8o4dx9
Node 19: br3z38t lqpzh3e ne71e52 odv43wu
Node 20: gs1pu7e
Node 21: c77jecl euiyupf tl3hbu8 wx2vycq
Node 22: ye5ylfj
Node 23: yehznvk
Node 24: yj72i2g
Node 25: bk6574k nwnaieg
Node 26: 1jdd7c4
Node 27: 1e1x3l1 mnltr8y
Node 28: gi4i7zb
Node 29: 1gxmtyl
Node 30: zq3da6a
Node 31: xgld5mt
Node 32: dvoof6q
Node 33: rfnju6g
Node 34: mkjwgdw
Node 35: kywocc5
Node 36: gq6d7hq hbgr9zv
Node 37: 6vtmv10
Node 38: t5qqio3

Node 0: 6bxeoyc flklexr jsibhko krv6s1y l736wz3 lpp6mas ouktps3 tlg5rhr
Node 1: 02t8zz8 408jrdd 838ksku dandx9h grjh056 k089uka
Node 2: uvtmu01
Node 3: w9quutk
Node 4: urnqaq8
Node 5: nfgs0kk o6mthzr vhs1vee
Node 6: 5ulm72g
Node 7: 386xh85 g31pi9b gyr6ofd tdnlfen
Node 8: 4mg1mw4 a0sbc71 e610wdc gwwjc7a k0gwpth o95zetp
Node 9: m9inxo0 pel460c
Node 10: co8zpec
Node 11: jgeq7bu qg905f3
Node 12: 6b02645
Node 13: 695wk84 xngyflq
Node 14: c3232sw
Node 15: ipdsni2
Node 16: slx2rt7
Node 17: twntv9j
Node 18: kznj037
Node 19: 5un67tx kf6anyb
Node 20: 3ziphgg
Node 21: vng4pqz
Node 22: ihfxt3z
Node 23: 50ywhz3
Node 24: dts4qnx
Node 25: s7j0l9z
Node 26: 5wevc6w
