Node 0: n29tiwi
Node 1: 1l7odmb 3mm8psv a003eo8 bcugevh da3w109 djc4mcj fjpspst j6194lm jnrd2vr oe5tjqh rwb9vge s89qhsa uv2ntem w1lfy3t wxk9fga
Node 2: 1zy30ag 4bau5ek lr8mvm0
Node 3: 3pccfns nd6le9o
Node 4: 702g461 pldx2p3
Node 5: 3ht5uiz 8r6t3xs a7j1gy6
Node 6: ds0p126
Node 7: ac452i6 oxldeis
Node 8: jrv546f
Node 9: 8g85pj0 rapvd3n
Node 10: 5o33vwo
Node 11: qgoanl1 u4iyds8 wizqy85
Node 12: ipwqpzm
Node 13: 86c90ms y0dzdzq
Node 14: wrkne4a y3qlh40
Node 15: g23084l
Node 16: be9o2c9
Node 17: o35q8pb
Node 18: 0mkdhsx
Node 19: 2xhm6hs pmextvx
Node 20: kffgpwu qhwswf3
Node 21: ceqwlgg
Node 22: zbh23e5
Node 23: 4lembry
Node 24: 5f3p8tp
Node 25: 9d6vk6g
Node 26: 88lw18f i2ilgl2 t305z5z
Node 27: maso3cp
Node 28: jmp8uop
Node 29: j7ixsq3
Node 30: z9gfz96
Node 31: rdomowb

Node 0: n43385z
Node 1: 045wari 2sgok0e ljta30v ojkrtop plgszrb sd4m6r1 uo1x86o zz12az3
Node 2: tkw1xsb
Node 3: 5ilewmq
Node 4: 6d39855 6q5k22w 7oicbft bjpuqvq lioxnda tfumyud xkgjv6l
Node 5: e3w5k7k kh9z97n
Node 6: asyha6u drsp81m id2jsvd u6tgbmq
Node 7: vjujvi9
Node 8: elhc5jj
Node 9: 0q6w95l
Node 10: l586kra pkk3dtc w6byk2z
Node 11: soq9ch3
Node 12: 50z19s0
Node 13: g7x2r2c w4tm0pa
Node 14: y8nokhi z2v7m97
Node 15: xm52goq
Node 16:
Node 17: 7pqoj2i rns1450 v239khw
Node 18: 2cu6vlx
Node 19: w5wva84
Node 20: 639owra q4tb34x
Node 21: 6arblkm bmvv6t9
Node 22: gibtwfe hbhrdr7
Node 23: y0zaq9b yu0jf8f
Node 24: nhspa37
Node 25: hfj3lks
Node 26: wyg6k1x
Node 27: bfv9lc8
Node 28: yj6ubvp
Node 29: zlq9s87
Node 30: fheyy44 siyq7c9
Node 31: lf20fpa
Node 32: uolw2o5
Node 33: ndei45f
Node 34: jbkqqa0

Node 0: orxmxs7
Node 1: fxqayy1 lw2841c svmcfde u3gkuli vskrhzb
Node 2: 64z763t dq5vjc7 ieqhfls o86b7fi rgf45i2 wr51fmk
Node 3: 0hcd5xy 5uvv5wy 7ad5y32 9krf4tv bdd566q bfj7n6w ms8jfmv ogsdkqy okoy2u5 onojkrf s7p43i1 xi8c7v5
Node 4: 4az0amb 761icy7 it51z8i zyhbk74
Node 5: 4ynm7q9
Node 6: 5uwc3y0 c9gxt50 egrpsn7 gftiifo
Node 7: qttoiuk
Node 8: c3ae4ls h9kxfgi i1zmulv l1dt7yx
Node 9: jowuaj1 t81y9j5 zmhtyu4
Node 10: pqostg9
Node 11: usj0bkr yut0zbm
Node 12: sbbxu33
Node 13: hujjo16
Node 14: 8g9gco3 dta1y1d
Node 15: imgavya ofgo37p
Node 16: ihntqdn
Node 17: mgcy5v3 w359k1l
Node 18: vlvztb9
Node 19: 3r03844 glvrf5d
Node 20: lzyexe2
Node 21: mhq3cua
Node 22: 34hmpeb m8w5muk qtgazhf wqw63wg y7tnlm9 zp1w2p7
Node 23: hfup5fr
Node 24: l3cu0ou poa5ym0 s7wsbm5
Node 25: jag6rf5 rclo91d
Node 26: 8ww6yy9 j09ccbw
Node 27: tmd7kfn
Node 28: 7bmi74r i5m58ri wx1i3m7
Node 29: 6sqhn29 v8pqok6
Node 30: psnbjyl
Node 31: 44rio1g
Node 32: pbspus0
Node 33: qtsokit sr39ht2
Node 34: iwf8y5a
Node 35: i1gycq7
Node 36: d61y7ve zax1ayn
Node 37: 85av292
Node 38: jks6qx0
Node 39: qcfxq6h qf6aojm
Node 40: n4a74sy
Node 41: xg8iz82
Node 42: wnl1ik5 y5r8wwg
Node 43: 1bhz6ls
Node 44: b152ov6
Node 45: gt4au9w
Node 46: ej3m7s5
Node 47: nze6juf
Node 48: kqigyyv
Node 49: j6zb1lz
Node 50: nalxn61
Node 51: 4zc5b31
Node 52: arsn7c8

Node 0: 1wdk2w2 6ef78wc 7qyp9cg kb78cqz
Node 1: 62l4ibu
Node 2: 8fh5d2a ndti765 sjjwk5y
Node 3:
Node 4:

Node 0: bljy2yi x2h48rr
Node 1: 9wm2l3s
Node 2: a6n1aye m0c7201
Node 3: awywvb1 femz5kh m0jeun9 sjtdf9f wyci3w3
Node 4: mwer2v7
Node 5: pg2jh1u
Node 6: nleh049
Node 7: 0bsg5pf 0x3mzao 1f1p0wi 50mtj2l d15g21n iflyrat l18hnpp r5hyfn5 t944qw6 xn171ga xqz8pl2
Node 8: 3vp0zg6 66ri54r
Node 9: c81o2fd x3uc2vp
Node 10: iqty2b0 xun5apw
Node 11: 2tz2tbn ubdg2x9
Node 12: 9xd6uwt
Node 13: kmg6lbe
Node 14: k6q9bld
Node 15: int2d8x
Node 16: rg9jy28
Node 17: uk2gdlm
Node 18: 7i3pfcm
Node 19: v48qn7m
Node 20: 4q84oju
Node 21: aeh4qy6
Node 22: l6g1yih
Node 23: nq15bwe

Node 0: 24oj3gq 9celzwo y15trap
Node 1: j2zgqq9
Node 2: 28u5usg 4vfjswr 4xahuij 7q1q81p i2b5kna yjouszo
Node 3: 56yd53q 79y888o 8fpkpr7 bddegg4 e12oyqt k2zf8zh k4g5bdu pxq7it8 rtvjfyt
Node 4: dvckshu
Node 5: lzinvrq pbpxcy6
Node 6: x29l38s zfc9u61
Node 7: q7toet3
Node 8: pzohrkc
Node 9: exok9yi
Node 10: 00uslyh 078aoto pihjhpg
Node 11: k3z8xn0
Node 12: 8oip6bf g5v9tih
Node 13: s3m3dlu tsp8vc1
Node 14: abd9lgn gvcb5wb oyhj3df s0f6u5w t8xwr11
Node 15: 21vvhvq zqe3ryz
Node 16: e11r0do lb9o2v6 nzi9iij p69jd5q u6e917a
Node 17: i9s7z8f
Node 18: b0q38h0 ixgaenw
Node 19: 2728t5d 2f6181c 3xgavfe mpg9qsl u54xxlq
Node 20: 430midm okp9yn9 qmowlue
Node 21: bl5q6ak
Node 22: 2yb82u1 aoq12wz
Node 23: 4bfrr2q 87w7tsc bmq7t2u
Node 24: 9n1vzbt n0cyill udv8qgt
Node 25: u5niowf
Node 26: l2innlm z6sru6q
Node 27: jpfpidj nvl94sm rjc0hvc t48jaqc
Node 28: 7bn8rnp
Node 29: j0yfx1u
Node 30: dhx2c3d i1xkujw
Node 31: tk2wdu8
Node 32: r3fr9d4
Node 33: lsof84y mc1g8ns uyttze0
Node 34: al7u9yp
Node 35: goc4qj2
Node 36: 86kkfd9
Node 37: nz9usvv
Node 38: 739nkm0
Node 39: nwnxo4l
Node 40: lnjbmsq
Node 41: hb93bcd
Node 42: jprb356
Node 43: uj9isw4
Node 44: 55m1st7
Node 45: 3gcw3g7
Node 46: pij4szh
Node 47: uxc6i6w
Node 48: a2qc4mt
Node 49: b9i6gy4
Node 50: ava06f9
Node 51: 5yno2qo
Node 52: b9x5dc4
Node 53: b45zxtd
Node 54: m967nq6
Node 55: c4a15g2

Node 0: 1ryjtcu gc78ccp i2bhy5s izizrg0 o126zj0
Node 1: 2l5hwzl
Node 2: 3jne13c 3ljy6jo mcb1cfj
Node 3: gjk4o0w
Node 4: 6mobss0 eoex7m4 hfoc487 letb5ou px35yyc sob9eju zzjviwh
Node 5: swidvpo
Node 6: 1n00yxy 4fujztp 8oait4t ben953p v8npara w6307p0 whp8ipd xbplwo1
Node 7: 1o76qts iajit7y idqiyu8 nt5ruhm s79jb04 u4okljq
Node 8: scto6o7 uuicwe5
Node 9: didqamc rh6o4y4
Node 10: iq9yv8d v3efhoe
Node 11: uyafffy yg8qh00
Node 12: clygapz h9goahv r8j0zp6 uvo2rlv
Node 13: cv882z9
Node 14: 23yf7e7 jyk9pis xtx2li9
Node 15: g147sua o3pttec vjlxai8
Node 16: acy0wjs
Node 17: eswncx0
Node 18: idaa0cb
Node 19: wi1ssgk
Node 20: 3wy3lmw 6snsm71
Node 21: xyfkwmy
Node 22: h5re0rb
Node 23: 1g0aoxa d3l9krd
Node 24: p8l2uhh
Node 25: 1b4ziis
Node 26: 4ud8io0 fljs3eh
Node 27: 2416jgk gay3cz2 t0ly3j5 wikhiig
Node 28: hsi0qnf
Node 29: 9br69l8
Node 30: 8v5ewng
Node 31: jinl6hi
Node 32: q0d0yq2
Node 33: wdig6rp
Node 34: rbu6esg
Node 35: ltutxk7
Node 36: byp0mym
Node 37: so8mdo5

Node 0: 5nwmc05 nincfz1 ppgv5uj qqndf4h
Node 1: 446xft7 4icn20k 9r868bn uj535s8
Node 2: k2j2umk nuxqq3i wezwjma
Node 3: xfmfmpk
Node 4: b44u3ol sjahdwf
Node 5: immufha
Node 6: mxyyio6 qvwcwrn vwx3e1k xxz93mh
Node 7: 3ctdu0k 5clgztv
Node 8: cmdgjyi
Node 9: 1dufsi0
Node 10: uwl6bgs
Node 11: 4iu408h
Node 12: qw8bjzs
Node 13: g2dhokc
Node 14: 5c0gg9k
Node 15: ermnmmo o9dlnno
Node 16: fx1186z

Node 0: 4la66vc 6q6d96v b2l72v1 bcls13k d7bldw9 d95b2c0 dy7ybgq i6eaz68 mw14hel obeh5ls pupy8ks y27oy10
Node 1: hg3q0r5
Node 2: 0pbeu1l 76y8w20 d2p1xqk eep7mah h546feo hsqkt24 qq7v3lr uhgbijv uroco9d vcka2mq wuv2ijk
Node 3: wwlgw3e
Node 4: 3ir4y6w ftjekqi rzww140
Node 5: 1mjpi0v 9elp0zk nwctnjv xu4vg4n ym2cje9
Node 6: 13x4fyk awz53ey ygh0cg4
Node 7: 51iqp92 jxmxewn wrljk7x
Node 8: 69pyp2m
Node 9: 2j0fj5u cbuie98
Node 10: ese0a1p gz72e4x
Node 11: 82oa8qy vr4v2pp
Node 12: dx27xnn
Node 13: g48u2pu
Node 14: gmtpv6w oq41boc
Node 15: q3l1391
Node 16: 296oiib
Node 17: c4bpfwp d6s5qc5 eensk1y q1niuq9 tokt5jj
Node 18: 2dw48p1 8lwk2sy nzf3oye
Node 19: vxpht8k
Node 20: 5l81ssy
Node 21: 3u18yo5
Node 22: 173epuo o3vh5ji
Node 23: d3i41dq
Node 24: mndcg12
Node 25: rj8qsnt
Node 26: fuuw464
Node 27: af2jd2o wexfgnu
Node 28: wlvcoav
Node 29: sxfhw76
Node 30: kvxa6vm
Node 31: l2ei5s2
Node 32: x7jum7q
Node 33: uhb2mzy
Node 34: 4igcmd0
Node 35: fetls05 o9hka56
Node 36: h2tx49q
Node 37: i9ul2yh
Node 38: 3w2fnaj ixuncqr sr3zhfn
Node 39: yqlwfiq
Node 40: k3t4vh0
Node 41: egywpty
Node 42: uc62swk

Node 0: 5b80wjb eyh0vnx
Node 1: ypgkx6g
Node 2: 3hrue8a 5b31wr3 6mqcat3 96fwqd7 bf6hhbf
Node 3: 6q4zhmk
Node 4: f6s9bu0
Node 5: o40w96g vd8lp8x
Node 6:
Node 7: ftcrpzv
Node 8: syphk6d
Node 9: ocub6ts
Node 10: efajbzd
Node 11: hm28vyf
Node 12: o9l82y2
Node 13: 4jziauz txysps2
Node 14: zv5q0hf

Node 0: atei629 hx7ingl l0xio72 mon85hr
Node 1: a3cg207 t4vi8l6
Node 2: 96qh0jx
Node 3: eppw7cq
Node 4:
Node 5:
Node 6: zt15jy2
Node 7:
Node 8:
Node 9: a9yu326 x4bsdlw

Node 0: fah69gf ihl4rn5 lgy69i3 qk76wc5 zz8vk3g
Node 1: 6u5yj44 8agkdxi ago34r5 dfr5y3n edofvb0 httl8kq i7uzqa2 nr8c4xr
Node 2: ftiufhh jnba1n0 oluq813
Node 3: 446vapj 8gt48cd a1zevnz b0e4e4u ozxt7rx qh3p1mn r1fyok4 vzxht4x w2abuy7 who54u1 yqq3022 zx73eve
Node 4: 4ezvcfj
Node 5: goj61z9
Node 6: 2j3prob 870qsez 8nza7cj a3nwiw2 cwmo40c dy8ume6 o8l6har
Node 7: 5yvdfu9 f5fo97r y1zypr7
Node 8: g814x68
Node 9: 5vyq6uo c4at8hk mkb9op4
Node 10: 45vh6ym nfiore0
Node 11: ltlyxg6
Node 12: 4546y26
Node 13: 28vsho5 8ilp9va azsvguu waiv724 xx70bhe
Node 14: nbnljse nd5gzm2 rbeu26a
Node 15: 4i6183x 990qw1i ezlk74f ftlormp
Node 16: s96s6dh vwl58dt
Node 17: 2a0eka1
Node 18:
Node 19: nx3x8f1 svjokyw yye03fd
Node 20: vpks01y yrn1l0y
Node 21: nuh3xmh
Node 22: a2n66mw
Node 23: w7gf2av
Node 24: 4wotaeb
Node 25: 179gbfe
Node 26: 7abehcu iopd7ki irtl1mx vlqld8b
Node 27: 8dv5shi
Node 28: 998kn0y
Node 29: q84cn17
Node 30: s9ylqvf
Node 31: y1ukx1w
Node 32: 0bezesf
Node 33: ubuq3o2
Node 34: 7qia6xe ans974r
Node 35: moc1cov
Node 36: 5ufogqi
Node 37: dv01bds i8ny666
Node 38: os8c73x wolk1q7
Node 39: nyu8y1x q1qtytl
Node 40: 9iayc0z
Node 41: 3y7qxd1
Node 42: fy0sx7y
Node 43: 5sy2k5e
Node 44: yrx92rt
Node 45: p8w0mf6
Node 46: 2nstpge
Node 47: zqx9c2m
Node 48: b1y6nkp t0wqh9d
Node 49: wyu4oza
Node 50: amkpssl n94765g
Node 51: o0etd4x
Node 52: 4kizgu0

Node 0: bftu0ah c4a8oli kkuz5ar qa5336i v38tl9a z16jc88
Node 1: exsvr9h xt4n80c
Node 2: istdyqy
Node 3: 67vxd0z
Node 4: 182g4ei d2okz0y
Node 5: bs2ajck
Node 6: 0zqeaed

Node 0: 4yaju6x gzee4ci hdlr7zw iwdtk47 jkm1swy x7zn97q
Node 1: 55kilii 5tcwycv 7zl0abd j7cpuaf jl3b6bz kmpua66 t2sftgn vk1fub9 w9059bf xf56vm4 yk2aqrm zdpjwmo
Node 2: 69yql5w 84evejr 9qkzoeq e6w1vcg fwsjga9 i8820kw kt16l1f wa10sc8
Node 3: bkftp30 kmi4qxq wr39kya
Node 4: j6t76mg kbuo67r xi4ex29
Node 5: vlpv7qw
Node 6: 7mprssb sw5bd2r
Node 7: 1bmek8j 562tels bmbwjnw y40midl
Node 8: 3dremgr mm11jpy nfw098u xp3kmip
Node 9: lrqkn3x
Node 10: ltmrk0w
Node 11: 129gqhm 12oay81 7iw4y5n 8wv05gl g1mber7 p4466m9 qczp17x s1zoohk vbysq56
Node 12: qiqfzxu
Node 13: mmhvmw0
Node 14: qaq62b2
Node 15: 0i7lbxp 2duj5aq
Node 16: g0vvma0 zpbadu2
Node 17: qjyn865
Node 18: lq5r33z
Node 19: dnpo0wm
Node 20: 1in22xr 1oeas6p d47qnx4
Node 21: yc6z0zz
Node 22: waf4h2k
Node 23: 7cfdi3k ejfnfmj
Node 24: ytwztob
Node 25: htt86ap
Node 26: 0ptn73n plv2fmw
Node 27: mvx49wz
Node 28: pyv3f0r stba0tr
Node 29: 2vzvh3a
Node 30: 4xk1v5b
Node 31: b45p4b7
Node 32: umn2xpg
Node 33: zynqk89
Node 34: vjaj7ik
Node 35: o5uam7h
Node 36: uyn34bu
Node 37: 9yjsq8y
Node 38: 5sh1w79
Node 39: 8y6kzu7 euk1191
Node 40: 0f22kc6 6dybecn
Node 41: 6nmk1l9
Node 42: 7tvb4cq aw2ds07
Node 43: vk0cqef z14nr2s
Node 44: m83hyva
Node 45: 747li0t
Node 46: loirbfd
Node 47: tkx9ad2
Node 48: 4jk45ex
Node 49: nr3to9x
Node 50: hwy6w4v
Node 51: w9tqcxf
Node 52: blyhvvy
Node 53: qsadlzd
Node 54: zi2gqfg

Node 0: 1dajeu2 1o0vwnf 2wc0xvy 6uy66bc dgskjwd hxfau5f jcj2j6p kj3egth lmlk35y mj7m5g8
Node 1: 8y1fijm vg93z4x
Node 2: 0lfw1hd 4ya6508 8yluha5 o0ych43
Node 3: cswz97g
Node 4: hdw3cjy j0bgajd yzmvnt3
Node 5: 1xemig2
Node 6: anqzo31
Node 7: hxuym94 u7dppc1 w61rn0t
Node 8: 3fnb08f
Node 9: 8bpp3up c4mf35w
Node 10: 2legk93 6ilvcrh l7e18b5 opugjdw
Node 11: rlvdm10
Node 12: 3xymzme hw1jt01 qjqt019
Node 13: 9idmujw mzyqyml
Node 14: 5879x1l
Node 15: g1n00zg k1fn5bp
Node 16: 3ksqzdp cgfojpi
Node 17: jc7hqra vnlzjll
Node 18: 7g31asq usy5tgn
Node 19: 18tpfjs
Node 20: j3rhv9z
Node 21: 2v31k59 5i8ilx8 7seczhr i3o2a3s lrnfjtq uhqommy wyofsl5
Node 22: jdkbugi
Node 23:
Node 24: 9wsmj68 vxx84az
Node 25: 5ubopph
Node 26: sh5pmiu
Node 27: 6vqtri7 gfz9tzp
Node 28: p5s7r67
Node 29: 55qw7t2
Node 30: 8nauaux
Node 31: 6dv8ub1

Node 0: kfiqvpy of82e04
Node 1: ojnlya2
Node 2: vdnleaa
Node 3: 6q0l1eg
Node 4: etm7v0l
Node 5: biu0v8a
Node 6: orsa6ba
Node 7: 3bgsdta d7c3sn8
Node 8: ifg916m
Node 9: e5fube3 g8d7no8 luiosbx oc08a44
Node 10: 8wg5ac3
Node 11: 5xbt53b
Node 12: 1es715s qc1034q z4yllf6
Node 13: y80m5po
Node 14: 5edmk63
Node 15: ezhcoon
Node 16: 0v1dfgn
Node 17: b1fhmbh
Node 18: 8pf1nzv gsn53g8
Node 19: 49ys6f8
Node 20: i7r8pab
Node 21: wfqklbo

Node 0: crjv1jr
Node 1: kvdzmy1
Node 2: 723gdh8
Node 3:
Node 4:
Node 5:
Node 6: 78hgajm yeelv3f
Node 7: 56olpnm
Node 8: dkq7wkl
Node 9: jnfmoqa tcu9sr8 wpu2pet

Node 0: 50zlzx9 75nv3vc b8h11dk c0mnez5 qq5k17g
Node 1: 84gcgia 8xgp4k5 l9l1el2 uizq5mq
Node 2: qpiz6qo
Node 3: 3xgh48x
Node 4: 0kvltod 0yjflyh 54xo4sf i0x0pzq try5tc0 tybm476
Node 5: 666wyzw cp6w7wy wsg8zvo
Node 6: e3rcs0w
Node 7: o0jdz0u
Node 8: 2dnohdn 5b4984r xc1xq2z
Node 9: pigz25b
Node 10: 2y34bpb
Node 11: 7sivual inue4k0 t5rjfoj
Node 12: cxrka3n odjie6d xagdcle zkp0vsu
Node 13: 20o93az 4mhqqhx dgse6zg
Node 14: ce7jiw7
Node 15: 6bkfp9x
Node 16: x128vfk
Node 17: z0t4eln zrschdu
Node 18: kd9c8hk mfo5bbb
Node 19: gi4sks5 tr4qtpc
Node 20: bu25qp7
Node 21: 6z0lpya j2nlv16
Node 22: c74g3s4 gl7trzb
Node 23: ktu4u6p
Node 24: hxh8rnj
Node 25: 7n2bmpb
Node 26: 1orsl3v ptlfhln zrz2hku
Node 27: uixp0jv
Node 28: zr1l9ls
Node 29: m7fr323
Node 30: w6n81yi
Node 31: 3mk1xa0
Node 32: 1j3nn0r
Node 33: uk153g5
Node 34: ekyazbe le651ur
Node 35: 3zkf7sz o2mn2th
Node 36: przzwhh
Node 37: bf12wwt
Node 38: jj7zxik
Node 39: onyjagw
Node 40: 3nbt4k6
Node 41: oo93t7d

Node 0: 02sv46e 33yasqk 85teq2n axwonvw jdjhhbk mvzzumh nha2nn6 oxuqpa1 t4urly8
Node 1: 3lqedzy
Node 2: x87s9sp
Node 3: 64a4v2v i9gvc4w j7rx575 v21iu4o
Node 4: zrpb0xz
Node 5: fuc5eg1
Node 6: 2xkths1
Node 7: 907xgax pwlphtx
Node 8: lbr9l33 lbtd8ek ls84ggz m4svn0v
Node 9: 87z4js1
Node 10: cs5rv6c ic0uc35
Node 11: ndwfkst
Node 12: 6bfa41d
Node 13: 5c3l7ev cw8mg43 ox9caby
Node 14: bt1s6qz
Node 15: 3ms6bw5 edlw5y4
Node 16: wmw7pzu
Node 17: 4vi3n06
Node 18: 56pqwhm
Node 19: 3pz8xdg l82d5xu
Node 20: dhkxvas
Node 21: g4jnbmn
Node 22: 9hb1xt5 qruqzf5
Node 23: goua8t3
Node 24: j91x71j
Node 25: f3mf9nz
Node 26: ovnzyl5 yg8xi2t

Node 0: 949wukf
Node 1: c9kl3ji cuf0zf3
Node 2: 0zkkw8n odnp01q
Node 3: h2mk6zp

Node 0: ju2wnow
Node 1: 1rvz37o bkq7rzz c2x57cs fsxh7x5 h4ntjyu nf1weox v8ck9ul
Node 2: 1etedi3
Node 3: baguze9 d1dmlnv gky5x6h v791uki
Node 4: uakmt6a
Node 5: 01cw2g9
Node 6: 69xhm2h
Node 7: cj1thet f2vu4ju p03e89g
Node 8: 6ihmc9d bmiintt eb082a2 wph43kg yljyrg4 yojpjkk
Node 9: uvto7u6 yb58cs0
Node 10: fp10v1d
Node 11: 4qo1cd7 p3figly
Node 12: 0ipbvsb 4je5wbq ax8u9dz s5nj4vb
Node 13: vnrnq8x
Node 14: epgf522 j2l3moo
Node 15: hn7t0dz
Node 16: zlqofqt
Node 17: s94m96f sflcrv0 xm4z0f8
Node 18: ty649ae
Node 19: 335wpug
Node 20: 9enpknt c9m57b4 js2ye9t p7tv309
Node 21: bxgy4ib g8crgip k5vx4t5
Node 22: 9aw88r1
Node 23: 2y6eh9e
Node 24: kxktduq yji4bo0
Node 25: 2n3zcnv yg546kp z9vzr5k
Node 26: jpm36mt
Node 27: cdlkcgz jez1j4j
Node 28: 0f95m2d 3co8fg4 47r7nam lliosf6 ss9t6gd
Node 29: 4d94pxv
Node 30: 7buy90c 7jryyw9 fpbzgmf krfbqbn yt8fh9e yw91mp8
Node 31: 4in1bjz 721c9lf 8ukkf0z 8y533cf dc74mbd dq53kv1 lz6b8np n2ab658
Node 32: ninuhff
Node 33: d8t8jq2
Node 34: 0bm31kd inov47t tc2lpi5
Node 35: r3t0wc6
Node 36: 7oqux02
Node 37: eeri32a
Node 38: t1byky0
Node 39: 73s5ltz
Node 40: h53y6ji
Node 41: yb2tafv
Node 42: o8ftqkv
Node 43: 9zmdpox oz3r66u
Node 44: qlu48i5
Node 45: 7ffjef9 x2e37ge
Node 46: 2jd5rds

Node 0: gn19esn wrqnqv1
Node 1: syakop3
Node 2: bmhn4h6 wi5z5gm
Node 3: 22m7hq3 emjjwpn h057b56 ptb0ycm
Node 4: z2grl1w
Node 5: j160f55
Node 6: a994rlg
Node 7: j97jhcy runvi37
Node 8: xr0i3s3
Node 9: eczkww9
Node 10: uzmgylu
Node 11: hzmo4e7
Node 12: dzwvp2o fk5e5k7
Node 13: 2azrn45 51dorp3 8uqjfkh vo5v2cb
Node 14: gtq9jni
Node 15: 05mm7g7
Node 16: 7u7x9wm knn0rtn
Node 17: hr18j2f
Node 18: hctsvcl
Node 19: 20akwre
Node 20: ceczqje
Node 21: 2oqa090 wth3fls
Node 22: jafsbgj kzcsmi8 vb1f5ri
Node 23: qgc8lyd
Node 24: 06z7h3i
Node 25: et739wz
Node 26: 8nl1vd5
Node 27: 6r2sbtv

Node 0: hj2r3cf thow6rj
Node 1: 6j5t1ay 972csvk ah3039k mjv3t97
Node 2: f10nyey qfvoy29
Node 3: 0ddyer4 kwony8e
Node 4: b2f07uq
Node 5: 06us93e 6ie1pvf a82fp62 ang1u46 csinqxz d0oqqfq q9xgb1g voq43nl zk7vx7w
Node 6: 4e8pf80 om6kkm8
Node 7: 0uyhyb3 71jarnb 7j3jeu8 wokyuy2 z7mlfek
Node 8: e3eztmd
Node 9: lkfhq10
Node 10: 4u1hpak
Node 11: qy5fwub
Node 12: 1mcdqtp
Node 13: gtq1iq5
Node 14: 856smv8 cy9p53s lcr8r2k
Node 15: 8suzqyj k241lyg
Node 16: 6j07skp kppg5mi
Node 17: irquop5
Node 18: o0qvtwz
Node 19: 88qdejr kuvq2tb
Node 20: cfgpwe7
Node 21: nto2wkg
Node 22: 0zb1ebi 18ee95j jrsatj7
Node 23: 2a3zxbg cb0maek coxmuyr
Node 24: kqaq6so wirf0uz
Node 25: 2upp9i6 5otbsqp c8qfv8v g4lpfs6 rafqq4y
Node 26: y22pzy9
Node 27: 3gay999 ldogqa3 r0k4d8y ugacrvd
Node 28: pq10keu
Node 29: el2ev2p
Node 30: wk0r99k yqar27c
Node 31: 3fgh4nk qe86qt7 tl6by52
Node 32: rn4q2ko
Node 33: k4x2eck kwvzn66
Node 34: c7tvvil
Node 35: 52zwvl4
Node 36: 6rggi4h z16dau6
Node 37: j6rksmz
Node 38: j1d9khl
Node 39: fw6os6x

Node 0: 64003wr bn2hvyq
Node 1: 0kg5pwj 21tq7ap 61gxrks 8pk7ffx b0g0otb c688um7 e73gfn7 el5t8n6 g50f0iz mk4u0pl o2tfopp ohr6616 ozpar5x pk5oc2z pow5fh9 sffjq40 t9hoz9c v8eyh4z w27wvil zy6mhup
Node 2: 4nfs1ce 5dn7ym7 72kxccb vwtqrtt xhiz5co
Node 3: 1fx90ws 3j1mdwa 6p9fq1u 9mb78w1 akrmjvy dsqksx8 eaqt2cm fhfltul fj91cqj ft97a4r h765lw0 md4ciyx r556inr su6whvh wyuoet7 z1k16p1 zaqyter
Node 4: i1fieib myqz3rf
Node 5: m1el74b vjhsk6g
Node 6: 9wpffvc
Node 7: no0uowl
Node 8: dk5ofyc
Node 9: f18va8z
Node 10: h1grzkb
Node 11: j1bfwp4 rvdymc4
Node 12: ufr2reu
Node 13: doa14gd
Node 14: galcdli
Node 15: k2c9hax
Node 16: y7nghp8
Node 17: 8ra38fp yo0xxbe
Node 18:
Node 19: aidm201
Node 20: 41v5oq4
Node 21: 5tymwdf ui21u3i
Node 22: l9gbvsh
Node 23: tqal9fw
Node 24: wvrbovb
Node 25: b6zguue oj10gx6
Node 26: cda26px y54u4se
Node 27: 30pdis5
Node 28: bubjbbe
Node 29: e5ywymn sykhtex
Node 30: enfndae
Node 31: cv47usl dmohh1j
Node 32: k7sy2t0 pqej96t
Node 33: 6043zo0
Node 34: a6q32lo w606kzk y3a1j1q
Node 35: ltbbdu1
Node 36: 3qnsomi
Node 37: 969qxs1
Node 38: xivjqik z5oh4ni
Node 39: yh4gm5a
Node 40: hcmzpo7
Node 41: 07npw11 idqrcez
Node 42: nb0hi1z
Node 43: 7z1a7d6
Node 44: qu946ht
Node 45: g0q3qlm
Node 46: drudqdo
Node 47: 8i6fg58 p44p0zn qx3ztlm
Node 48: 065s190
Node 49: lq8ji7y
Node 50: 8fe15sk
Node 51: drmj53e
Node 52: l7yglzv
Node 53: doug1wx
Node 54: p4ro3cy
Node 55: pu0ztj1
Node 56: otjnoti
Node 57: 1neiw9i

Node 0: 3bvnrel lkv6rzd oj8wwur
Node 1: a6rzfaz e9l09g1 i1d1vht
Node 2: 5vm5nub
Node 3: 897fpgn
Node 4: usppput
Node 5: z0i79gs
Node 6: i35ss8c maxr5li mlbf4ob trs8zmo
Node 7: w2gtbaf
Node 8: agtx495 svujvc4
Node 9: 0big4sx 7w4l799 h2904ib q0oytnl sh9ynzc y3sel5l z25wm3p
Node 10: 84uafcv s4xw5le uqircdq
Node 11: 9wykint csc6xo0
Node 12: n7vmrkc
Node 13: a5zxh0e
Node 14: bunbux8
Node 15: fp2emse
Node 16: sfeg8s3
Node 17: epxktpt
Node 18: 2ftnvsf
Node 19: 7vs1f8w jvp12d7
Node 20: b7zy4rs
Node 21: qvak94i
Node 22: 4onqiik

Node 0: nijcsz1 p9ct6g5 qxs3pqh vbiqtos
Node 1: 0gig5ek 60j2p5o 6aw59xs iwif5yc l0773hm o56g11p wzb6wkp xlh2ih3
Node 2: cqv241f
Node 3: xnd8zje
Node 4: d9gp5xu fhxdjzw g2k3kmy
Node 5: nliq0fd
Node 6: s1sgvup y78ighv
Node 7: b5gxntl
Node 8: cq6a88i osn40lv
Node 9: z874p4n
Node 10: czoo3fu kkvw21l razjsqu
Node 11: 626pf1b jr9n3g5
Node 12: o3bgct2
Node 13: ode6skv
Node 14: w8yrom6

Node 0: ogt6tna
Node 1: ozva8md
Node 2: 473ht0m myua4x3
Node 3: 2zyl6s0 34nt429 b1k8yqv g7a0637 j8rknos momlfc8 w26uoza
Node 4: y4padvf ylzkod2
Node 5: 2bk6mie 5fwe9dl 5gzj2xp 71qdq4y dx25ld8 i06rkle l1gwd0n mfz34lr qb0qcgv qlbwzit vkdhnkb
Node 6: z9xnp58
Node 7: 76opt1b
Node 8: 3v67n2j chtqn7s frh5dfg pq4u2tl
Node 9: axawtgg
Node 10: psnfrnv
Node 11: eyxou7c
Node 12: jpljg9o r843p1o x7bi5i4 x7hhshv
Node 13: 9pmq0uz
Node 14: hbz0gnj u8itcip yxumcgi
Node 15: ebo0p2n f0yp9zm m0vpytu qlowklg
Node 16: d58n645 te7mhuo
Node 17: f5d2rkp
Node 18: 6bosq3e 7efap18
Node 19: gkhcbxx
Node 20: tikl2sh
Node 21: fz7poe4 w9dzill
Node 22: 4qes51g
Node 23: fpfzc6o
Node 24: f56wxkh
Node 25: tx5rt2w
Node 26: p9jdauv
Node 27: z3udbaz
Node 28:
Node 29: nt0iurk
Node 30: t3ap5cv tea8ni0
Node 31: x6gr565
Node 32: upk9ahk
Node 33: 1vbz0iq
Node 34: dr0nqa1 g29wvyo
Node 35: f3fr5th
Node 36: syquhop
Node 37: be9jfil
Node 38: mlat9qb
Node 39: 9tjut0g tg0sae2

Node 0: jbq3zw2

Node 0: fc4cysn hffwunt wjp59q3
Node 1: r76ofot
Node 2: 45ywy1x 4vnp41i 7jxtd52 env1s85 mcnaiba qkkhsr0 z77xu8i
Node 3: 0wh6fwo 0xku3j8 1bgnwnr 3ql4g8t 6cy1jlf pwbec93 ufrw8ww
Node 4: qhzqno7
Node 5: 6y0l6bb bmijc9h tipc1mr
Node 6: 2dezhdv 2gnvpzw 5i1opek 63udc4n 7nx6yq4 8jwjyho a2zhckn bcahqj6 cm3poht hdgurgg kbeid2g n8de6y6 wgaeykr wuf8hum yy7ia1l
Node 7: 1t0pgxo ar4m5mu
Node 8: nhxnflk wfl0gzc
Node 9: 4y8oy92 hx8dftr vs9jq5s
Node 10: 716g3l4 svdp6lc
Node 11: gpreocp j8wmr7x
Node 12: oiarbut
Node 13: 21sdae3 96p9y77
Node 14: i6l7ww0
Node 15: bjxhrh3 iwhvjov tt5r2sb y7f32fr
Node 16: f9gervl
Node 17: en6o7ep iyeq63f vau4x22 xjzwllo
Node 18: g0i92gp
Node 19: keyoadv
Node 20: 46kck10
Node 21: a8e8j53 rg737tw
Node 22: ot60y2u
Node 23: s1yema3
Node 24: g1hlkp1 p43wejn
Node 25: ay4n2vc vuktdtl
Node 26: 1wqubw1
Node 27: hat0c9r s04yce5
Node 28: bk8nwjt
Node 29: lued163 snpclqm
Node 30: 80lbncq 88zjny7 kajm4nf uwp7qn9
Node 31: rfyodco
Node 32: kxxpo2o
Node 33: louspbi
Node 34: dflin3z
Node 35: 25qkwd6
Node 36: 3c3gj91
Node 37: 57a1agl x1m7rov
Node 38: xmvluwu
Node 39: 4iku2yh
Node 40: des21il
Node 41: 2vse7xx db1kkni pxjjz9g
Node 42: 38o1i1m
Node 43: ej6u2qb
Node 44: ec1kbvt
Node 45: rizex4x
Node 46: h33veix
Node 47: ld4w2oe

Node 0:
Node 1: 9c8864i
Node 2: 4y7eid5 o5tpvne w3jjf0b wr4jjku
Node 3: pbrec6q

Node 0: 363rv16 e9c9fcz je75lbz
Node 1: 93aevpf xw0s56o
Node 2: ilbw49s os4lujm q7vty29
Node 3: rm33cz4
Node 4: mx0p9um
Node 5: 8o28dux
Node 6: 2y22811 nk1q3wy
Node 7: n7d9nv8
Node 8: 6qkul3h 79rekoc h7m98s7 yl7pwl9 ztvf0cm
Node 9: i6bqte1 ll52stg
Node 10: 7o9vjqu he6ekzj
Node 11: glxrxi3 obi500k plc6cln
Node 12: de16ykw sxe184a xtr535g
Node 13: hv33dik w6aase2
Node 14: f4wixpi wccoala
Node 15: 7bw9pbu
Node 16: rqzbzko
Node 17: 20jkenp uepkj99
Node 18: vm3el6r
Node 19: 4965dtz 7q26oxf
Node 20: wxbr87x
Node 21: b6mdc4i
Node 22: uxeto9g
Node 23: mcilp6q
Node 24:
Node 25: hr3893f
Node 26: slncu27
Node 27: gm71t0l
Node 28: qge5yq3
Node 29: fw87792 ivx7c0g
Node 30: 8kr1sql
Node 31: v24oeax
Node 32: jzmzn7t
