Node 0: gp8ff9z r5kph8a
Node 1: 7z1rb9w abty2tp cycqxlq h7mhpe4 z8me2ti
Node 2: 1ibrn2j afcw7vd
Node 3: 6j7kxux oakm4ml
Node 4: yo2zp48
Node 5: 3b15n1n kvyrvid t6wsl59 va00v4u
Node 6: mb0ui0o
Node 7: 2tlpclt 4fmjh0n j540oel og1jve6 qfda3eo zfjij5v
Node 8: 5533rgz
Node 9: 0i5itja
Node 10: n47yepr og0wxu2 owxvslp r9y80oi wjxef49 ymyt1t6
Node 11: id9urtx
Node 12: 4dqgwd0 4japdw0
Node 13: rzhkank
Node 14: f7kllzw z86cqnp
Node 15: id8tjro
Node 16: wdfv3h6
Node 17: 9lpccha
Node 18: mro65vb
Node 19: qwvh8f8
Node 20: jc8x0rp ru7u9be
Node 21: 2y7fpor

Node 0: 8uwxbnk bfqgy32 des6vri i5z89ma p512uzc
Node 1: a909clp
Node 2: bbc38vs h1lvcso k87d0f8
Node 3: 31rwbq5 5ds0yx3 bx7nfxw u1wka5g
Node 4: lyh36g5
Node 5: jqqianw
Node 6: 7dwznpn r7osgl0
Node 7: 8eppiu6 an4wvhj
Node 8: 0iwp3ei 63qoryu 7bjgs60 c2hcyd2 cban18n g51ungh mp2gmui uosqp0q ztks3wl
Node 9: 9ng3gzq
Node 10: vj8jcct
Node 11: triopgw
Node 12: 55okhwc iegk64t ifnyor6
Node 13: 288t2ni
Node 14: 0gl7i1s
Node 15: 1ywyyuf sqo0mzq
Node 16: n1f61pz
Node 17: kng697o ksq7wzm kx8vjk7 lul8kxa
Node 18: t914qq9
Node 19: orgtx3w
Node 20: tijlhyx
Node 21: vyghy4c
Node 22: ng1t1dt nzuewln
Node 23: 77cfw7v 9c0qi6x
Node 24: 4q3b496 t4a0ujz
Node 25: 0n136cd
Node 26: 96mzc22
Node 27: 8pylcav igvbqk8 jproudj rqxoc63 ygwurny
Node 28: rqe36zy
Node 29: d22ll0p gntc1p9
Node 30: 0l7wuzf k21uiuy
Node 31: 74d8c44 ib3yuls w1bbaf4
Node 32: hb77bnk
Node 33: 0ww5pbt
Node 34: cnmnbnj
Node 35: bc8lzvf q1vhr8v
Node 36: 71thk2p
Node 37: 0xutrfj
Node 38: rx70v5h
Node 39: b7b93y7 uwyjbg6
Node 40: epzhwkn
Node 41: oga6l84 vfdcie5
Node 42: cu3hpl3
Node 43: lvzrwwc nxgkhhm
Node 44: q1eokz9
Node 45: 8pssew9
Node 46: b62847o
Node 47: 56szwet pv93whj
Node 48: lr1kpfu
Node 49: zofztf0
Node 50: vwm0sqj
Node 51: 846ojlh
Node 52: 5ttkdai

Node 0: jta3070
Node 1: lxhlsjn mpzys3t ygqh7sz
Node 2: 64z069y apxn4s4 bi80hf2 ff20p16 gkkqkoj i4579u8 y6w19gl zj3w4mi
Node 3: c91pr3e qjyd64u
Node 4: 177hnrb 2chgzbv 2fjhh0r 3msie2t fu580dy kdfv7xp lq1tey9 oh930m7 qys2cg2 saeo3k8 x6cv2an
Node 5: 82zphsh muccdqh q7cosyf
Node 6: ig8kx64
Node 7: 4vx1zub anax3py
Node 8: a5m2pal bj35hg4 kpijddc
Node 9: uzarpxn
Node 10: nzehjkl
Node 11: eac7srg
Node 12: 4rh7b3f
Node 13: gzgwkz3
Node 14: fiq8dfc
Node 15: n58z76x
Node 16: 1a2tqk9
Node 17: 510fuj8
Node 18: xxgi4gj
Node 19: xna3x0g
Node 20: jfzqb3z
Node 21: ih7og3t
Node 22: 5hr06ua

Node 0: 3bnjiz7 7kec8j1 84yvkzh fif3oas fw17d4n iqv5vqx kj67uc9 kn73a43 q8jdr5i rcmy521 u3qngu1
Node 1: 6xkzqnw 74j8opu kjowpib mearmyw xlkfpt6
Node 2: qt0qkfs
Node 3: q0wv8n9
Node 4: kvrp959
Node 5: 2yhe4e5 3qai9t3 ki81a3a
Node 6: hv2i43u il0lfpc im3c6t5
Node 7: hj8lkt1 kkxq1f5
Node 8: zzg5w7m
Node 9: 670arr9
Node 10: 40kv1iq 8bvwswk
Node 11: 06xnomf
Node 12: ptxub1z q6tg4vr
Node 13: qdaf1pc
Node 14: dpk9sp6 kem5gll xrgkoih
Node 15: b8klrbr em8u3r5
Node 16: jncs2t0 z9avok3
Node 17: t38rtmt
Node 18: 03delxw
Node 19: mxlrueu
Node 20: pucp7ct
Node 21: nfkfq1c
Node 22: 5xkcimk g6x2far
Node 23: ofopd5v
Node 24: 4dc5m8u

Node 0: 0s64m6l 5zeltty ywbeu9d
Node 1: 52p21pj 6fqcrdp 77ilz56 82gfdv5 c1jo306 nbe8yuf pwcy8a3 pzcprs2 q30exo4 yvukt6n
Node 2: 1qwjruq 3zugsp3
Node 3: 0kdjnc4 4aw5b9f 53emw4i aegxire bpvezhc lcxt18r mj7sfit ywk4q4w yy1ignf
Node 4: m050p5r
Node 5: oiqtqb3
Node 6: ha5t4hv qpk28o7 s4m7lde v8i4yk8
Node 7: qmauu3e
Node 8: 0mggoq7 4xldu2i 7e2pyjf ckbfsl3 faq9lli hqast1y n5is6o5 pher98f rnmwfos t655xco uaxxo5u
Node 9: e0vb1x8 oeqo178 phxtf9y yvww7z7
Node 10: 0imfwwb
Node 11: 2nb4y84
Node 12: goiw0tf sq27qza ytsrjaq
Node 13: n9oy8y0
Node 14: 0aizm0s
Node 15: 7py0tet
Node 16: 8raiqhq
Node 17: oxsqk1b
Node 18: cz89wjm myjfq1q
Node 19: 9pz1xz4 c035102
Node 20: rwaghn4
Node 21: agwb3wq
Node 22: t785pf6
Node 23: qtyykfq
Node 24: sb0cxa2
Node 25: iiqpxlw
Node 26: 83poehe
Node 27: zwntq1o
Node 28: otjryoi
Node 29: k0dlect

Node 0: s1ij9ug
Node 1: eg8f0y4 l4bdqfw rxwpa3f u33zngi
Node 2: 4vnlpmh b7eyb78 ds71iag ojgo0ry
Node 3: 4q2vdag 70nqqrx 7vs2om9 9lytfz3 gcxgdyq ghobxwl moqoid3 nematvr
Node 4: njxdgxp ojs5b2u tqhqqoc v7zi992
Node 5: t86ib7l
Node 6: 6jbriey
Node 7: n87nd47
Node 8: jru4ros
Node 9: 0md9yff
Node 10: 1wpq85m
Node 11: hkerwxu
Node 12: wmhv5iy
Node 13: 7w0e3t9 b3rrmkl p03wrsh q84rly3
Node 14: 61vpk24 bavf5mu d0164v6 yk9da84 z5wkima
Node 15: c10bhva gtq9feo mna0ybb pct0ulc s8stsd3
Node 16: 5pr6dul f430nb4 kttjfat
Node 17: akze4se qfxj3py vmyujjo ydlet74
Node 18: dxzhufo
Node 19: 79pap43
Node 20: 4dvfd75
Node 21: 57wrkam 8n0sovg f89i3q9 mzy2u81 ol79quu p6tprnb r3frvvn
Node 22: v08vijw
Node 23: kl2j14f
Node 24: 6sg6395 bcl1tvi sm5jkpc wwmrusw
Node 25: 3flgnie 3z8r1n2 b671qof exzco7u
Node 26: 1syavfu
Node 27: lvvx8qc
Node 28: khq4e1x
Node 29: w9xdyb5
Node 30: 5yl7t4b ypqxd05
Node 31: cn4whbo
Node 32: ewuwoc5 kxjbmwy
Node 33: uklponi
Node 34: 8fdbif9
Node 35: 37w5mx3
Node 36: vgfnmux
Node 37: 9yvlq3a zkkjyna
Node 38: 1ceb1z0 dj9du7b f4kudbz rxouaw2
Node 39: qvt6wmt
Node 40: krvq4tv

Node 0: 2cygrl3
Node 1: 1zqau0n 87nqogz ajb3yzp dwnln0a o085lml ptitvwh
Node 2: ckjck3x dljjeca gjuogqw p2257tr sk14juo thzfj3e
Node 3: er5gi70
Node 4: 4p9708y c550kvt dq3gl2f gnisf7z v3vrbb9 wu4ku3w xn1zht9
Node 5: q3ckrz2
Node 6: h8nneke
Node 7: gfvlmy3 jphefmn mth4cvg oot16e3
Node 8: y74x7k0
Node 9: 805bg3j 91176fw bxwngpw wvy7ve5
Node 10: f3fwom2 gp0moxs t8yx0np xq1bxcj
Node 11: 7yzryd8 au343uk xl8ox1f
Node 12: lfvodmg u99hula
Node 13: vzt3gou
Node 14: i0hncsm u1e195z
Node 15: ln8lz6z
Node 16: bbr4jcj ito33u0 ju7uqry vkv4xbo
Node 17: nybe7al
Node 18: ecyod6g
Node 19: 8zpk0ju b9bivds qs5d7kf
Node 20: npmgae4
Node 21: laz9tzo nbc7i6g
Node 22: 4e5bzdw ebpc21c
Node 23: 59saezj
Node 24: t5xsc8e
Node 25: c2ijdr6
Node 26: r71r8vx w1pgdch
Node 27: 7phyhy0
Node 28: 435mte6 luo08ld
Node 29: 4o66dka
Node 30: x1gq9t3
Node 31: 6iyjcfc dqug4c9
Node 32: brnoqj8
Node 33: ipasm54
Node 34: ehxzsdc
Node 35: s78incl
Node 36: ge7r8rl
Node 37: 8ko6dzl
Node 38: ffxu5wx
Node 39: sukj6rw
Node 40: pm03mc2
Node 41: eaxjnyd
Node 42: hk8cexw

Node 0: y6cqkmh
Node 1: 86aucil ony5y8x
Node 2: ys6z5bz

Node 0: hjgpwwy jpwl17l lngfmpi ov13be8 v1kfj6l
Node 1: 5hvb8fk 6vbazbs xmyf0e2 zyux5zz
Node 2: 0xpg30o 38gh10e cng8z8s hg66j8j loc184z rk5hrkv zdgsafb
Node 3: 4hqp5sc 68veypo
Node 4: d1mms9c
Node 5: e49dehd
Node 6: 5ottq56 8csyaxb
Node 7: c55g60u dons3tq o3kp085 ryo9nsz vigtvqh y0mvwjj
Node 8: 7gva446 ufrceyc w36lglp zl226wd
Node 9:
Node 10: 6wei7yj
Node 11: 1jc14qv
Node 12: rvuklvp
Node 13: l0ps7zg
Node 14: 9ad9szs
Node 15: m1e31ie
Node 16: g84rk4a
Node 17: unqz71f
Node 18: mvxzux8
Node 19: wrb89cc
Node 20: imngoch

Node 0: 1vggq6l 2savafc 8wvm5a2 b28b3qo gyucb7m m2eesqi oz8xvdv qoduvsl zk3j42v
Node 1: gtqpg0o
Node 2: 0vuv56f 3ukp4oz 4g2r49r bcr4hee f786r9s i8rq5ft njqe4ow shk4koh
Node 3: kqa7z84 qopqonh zvw110b
Node 4: 4sgzmk1
Node 5: f835pq1 o35mm7a
Node 6: algjafe g7kfwav m5f866r mqk88je
Node 7: 3630qz3
Node 8: ntn9s03
Node 9: g1fs88a qw717fz rpydn99 y49w4ki
Node 10: 7rysknw djd40xu iump0uw jygey1s
Node 11: lsmi8ao p5ieqgo
Node 12: aeh6if4
Node 13: 1uhyctu xdijvzd
Node 14: 29pyime fzirzzl pvrn8p0 t18zd01
Node 15: 3mbipph am8byr5 nobt0y5
Node 16: kb2tfip
Node 17: 1zmsl1z 7z457qq acvt6wf b39c0jv bfsofu8
Node 18: 0deuk6h 469zc30 7m8lxa1 a46ehvy bboxoug jasqgzx x57g9tp
Node 19: ova8w12
Node 20: 7bymj0e
Node 21: mhqmgbb
Node 22: l4j8tml
Node 23: ysnc1me
Node 24: 3a9obon b31si12 g8nev85 zvupvgm
Node 25: n9yneak rvyf9j4
Node 26: u5ifo8a
Node 27: exkpiyy
Node 28: 205c3x8
Node 29: vmcqk0l
Node 30: luflsur
Node 31: 01b3z60
Node 32: 8iv9m2s wkc1cac
Node 33: 6bx5bb6
Node 34: fmns0gj
Node 35: 6x011sb
Node 36: upafllk
Node 37: 3h9m4pq
Node 38: yqtn013
Node 39: 9ddp5h8
Node 40: l49x449
Node 41: eba84he

Node 0: nvdsgee
Node 1: 2fzw22x 89tjvty lvp9rbn my9gi1z
Node 2: 657egnj
Node 3: guesedf
Node 4: dyts3y0 kfttubd zx0rm52
Node 5: 6gdsyhk 7xxes1x
Node 6: 1yvcl34 u5njcrn
Node 7: 54kfhgt
Node 8: 4loxb72 579h99l 5vkmoj0 6dtdesm 6mo0lhd 7lp2met 7rr279n 8vl1mwl f90nudn lwdea1f wfonpm5 wrbuo2q zg7bw9k
Node 9: nijqwg8
Node 10: 564vhn7
Node 11: 1tg21mh
Node 12: ef4kt83 fujn3de ugglj05
Node 13: hg8kg37
Node 14: bkzivfd
Node 15: 22w2ei6
Node 16: bu6nfgk
Node 17: ke5p88x
Node 18: 1i1k1h3 1kbjh1v 8z8hjjp am1b5kr p9nnjih
Node 19: t04izxd
Node 20: 3h9pdv5
Node 21: v5hw06g
Node 22: 37fbqqw

Node 0: 78kv6xn 8lcsniv
Node 1: kq21g6n
Node 2: pkp4lig
Node 3: 1e9ilj8 2qz7stv 3oc011l tgw155r
Node 4: 9y6boy0 sfppkzd
Node 5: aevb7di ern85hr rwr29qb
Node 6: vvcqd1v
Node 7: 2z8w4o4 41zpchv d9cxdsu qk4z0do rj0vgcb ufhmqhf
Node 8: suaorby yz5m4xr
Node 9: k3twzmg p10uvac
Node 10: zrvysno
Node 11: 6uhnvsv
Node 12: 86a2l60
Node 13: tf0rqb9
Node 14: ihcepry
Node 15: 3r6j4wz 8cquqxs o137wm0 owjrmsk vby3051
Node 16: 54ra6vn
Node 17: q32p7eh
Node 18: b6mhrxa qdmg79a
Node 19: 6i1fku7
Node 20: sknccyg
Node 21: 7nldecv
Node 22: 7mmj6pd
Node 23: tlwqw8v
Node 24: aactwl2
Node 25: e3a5lmu
Node 26: 2uljpzj
Node 27: olx72w1
Node 28: d7kvpgy
Node 29: ovuss5z
Node 30: ze3ytyh
