Node 0: iltuxq4
Node 1: 3rmhyza 52cx58r 67c9ke1 i5qvf8k l6tqkqs o7ljteo pfcslz3 qzj2ebc rgq7u0d rvw0o4t stl64tb wwh2fp3 xctqge8 xkbr5yv
Node 2: 2e3axgt 8igoa5f aukvpdb es0v67p jb1rpwg lzh0vrz ox9eith vl8iq4m ypfnu0f
Node 3: f98doxa oxq6tfp
Node 4: 9vjs08h buv6tmt m88edxa o7gls0g uzgr2za z7fvspc
Node 5: mk14ra1
Node 6: 7sjg11p
Node 7: j52cgyx sw6y1yf
Node 8: 3605m0d
Node 9: khf5igs
Node 10: 7jhv90k yrzc38h
Node 11: rmrfkce
Node 12: 7o0prv5
Node 13: 6ip9oxh
Node 14: 4xyffm0
Node 15: bayz0hl e7krooc n25ahl5
Node 16: q5lvlgp
Node 17: 1kxja32 ohk7wxo
Node 18: 0x7682u oakxecm
Node 19: 9c45oaz
Node 20: 4mmyq5m
Node 21: yll9g1p
Node 22: ej8rsvn
Node 23: hh6ssio urog9qw x252wuy
Node 24: 7kob5ey
Node 25: 0851jrl 3t5c2bi 94z1q08 ckirtz3 p2l6mxs yt0zuui zq0u2yk zrcd7lw
Node 26: 0n35tdp
Node 27: 64jvbkx c6nq9vr crd0vls
Node 28: ou4dlm8
Node 29: 3bacme2
Node 30: fh9vmf2
Node 31: i4pdm1e
Node 32: slceoef
Node 33: abvomw8
Node 34: sr9amhy
Node 35: pbeeg0t
Node 36: 06d22ph
Node 37: 82gotr0 lw05nim
Node 38: lhtpktn
Node 39: wrcf6js
Node 40: 5w33zq4 evixrx4
Node 41: tzr0dcb
Node 42: ey99dyo
Node 43: iuh491t
Node 44: jhc9vvk
Node 45: me23cz5
Node 46: yih4rn1
Node 47: 29jnneu ftavab6
Node 48: 7btngma
Node 49: dmka9g7 o1ju8se
Node 50: 6vkx5xj
Node 51: f3vtimr
Node 52: 6g19wmb
Node 53: 9avie4z
Node 54: y4fnltp
Node 55: ifjz871

Node 0: 0923ws4
Node 1: 2uxx4ju
Node 2: qgocccr
Node 3: stc7lxd
Node 4: 2ocs790 2tbfyc4 6wjan0y 9j6d4cq h1i8s92 lfo0vdy r27ctkv ukz4zli vjqq3ai ybayz41
Node 5: avun24r s66v89h
Node 6: 4cfqtuu 56f3g89 ka91aix pijcls0 ptpkwmp zlis4ir
Node 7: xzjqi0k
Node 8: 897jb2u
Node 9: zcus5fy
Node 10: 4csls5x
Node 11: zv3zy9o
Node 12: 5o7ddm4 6kmk9am
Node 13: 024u2bs
Node 14:
Node 15: jexe6pr
Node 16: 6ztlgw5
Node 17: 164jy9a fbn6qrn
Node 18: 1ikd0a8
Node 19: z1m90mb

Node 0: 0bfm0gu azwqb6v y5hb6gr ymt9ldp zwug6vh
Node 1: 179ubgv 782u3bi ccrsd0p
Node 2: 0uh7e4l 392izxz 8gteg8u d7eb57c f4jhxq2 g14eb5s k92bzw8 r0jfl3h sm8xw84 sxc41jw t1habo1 t7v9r52 trr7bal u233ns0 u7pwdnr ypw6pd8 zang1oc
Node 3: 5kbc090 7ljernv 9fvotd1 9ubkqs9 lyq21q5 mehqndy mzm4av3 q9p8gj8 z8wnmt7
Node 4: 2kchn2o 6m27nwx atgvkjo
Node 5: 9pq4wpb
Node 6: 5sgfgo8 qb7d4gr
Node 7: 5b2hm8n w0bfffj
Node 8: d3fidpl zyabgc1
Node 9: acklipi kyd5l32
Node 10: csg1bh2 rvawm85
Node 11: 4btavn0
Node 12: 1iml5aq
Node 13: td28oak
Node 14: j88ishi
Node 15: kodfyat
Node 16: 1vmawbs by3zpb8
Node 17: ljs86he rwzs8zy wnxtn54
Node 18: l9svdmc
Node 19: fzahkbr tabh4y5
Node 20: 4gfqru0 786infj
Node 21: 3vt6k0m
Node 22: ahw5mse d289npf uniql0u
Node 23: 9qt7ttz
Node 24: dw5mm3p gbodtq7
Node 25: 9p34tyf
Node 26: zld7fck
Node 27: 5mzpbbe ts28jcg
Node 28: 5wya0m4
Node 29: 0zxqxij
Node 30: 5xn6rsh qrhcc88
Node 31: lihrs0j
Node 32: 7h640gs auejlp6
Node 33: sd94ce6
Node 34: 9m0rsc4 dovrfap
Node 35: go5xptp z92zynl
Node 36: pk4g9ll
Node 37: qkhcuhu
Node 38: 0dkk0vh d1ehx5n
Node 39: wnrhhzy
Node 40: s3fij1i
Node 41: f25g6xh
Node 42: fzuf4as
Node 43: 20f1fot
Node 44: 5nnmjn1
Node 45: 3aclnfq
Node 46: n5tspfr
Node 47: krh5avf
Node 48: 6pwnwts
Node 49: 2bi6zpi fg10w2e
Node 50: ivezxx9
Node 51: if7kxt7

Node 0: 0kg5tyr 25p3axd 4vwn4oh 5e3uwjd 5hywka6 7ei5tbf 8utjqrx b1z3g9o cy5b3b4 d8udo60 gw58g02 oitvhe6 uclu9cy zq2qwaj
Node 1: 3ky2imo 73tfy50 erpuyje sadlrgq
Node 2: db5l289 h7kan25 krmej1x qldgn46
Node 3: ap3fgho b0kapqp
Node 4: 9eahl4j kku2co2
Node 5: 92kxlzy i52zuoo s9eca6f
Node 6: 6lrmipp ly4ti6i pok05zd xtweo9k
Node 7: rphu1ak
Node 8: ttyq3nw
Node 9: 7da59l8 ibciylh kr65f62 qt4277h
Node 10: 9jjy2uz 9uhetde tz8h720
Node 11: 53icw2f
Node 12: 11uwqeh b4yx3hx c9sisko ovjucdd
Node 13: 0m0dpju
Node 14: k6aomg4 smxjw0r
Node 15: ezhjgxx
Node 16: tfi4glh
Node 17: thrtpzb
Node 18: 2bfpywf fzo6k2w juzpqmc ncged8u pwxuycl
Node 19: siz7lxi
Node 20: u1b6tpe
Node 21: zh3rckp
Node 22: bzcrxjs
Node 23: 8szpn0r
Node 24: 21sbwdo
Node 25: suypymh
Node 26: 0eknxus gbc0qk5 kbhujq3
Node 27: xkmltj0
Node 28: yevaqg8
Node 29: d67ndxs
Node 30: xcw2r36
Node 31:
Node 32: o6dlgvs
Node 33: 831v4vg
Node 34: 11q0o39 d10odo9
Node 35: hprwms8
Node 36: hvvou84
Node 37: hbcns28
Node 38: btj705j
Node 39: r5p0fb6
Node 40: slrdkjr
Node 41: ghtjesc
Node 42: k5s0n6r
Node 43: 0qmambx

Node 0: 5nwfggw mfz863x
Node 1: fnt6pzp
Node 2: 11lr8tz 2iqdep2 44jjctk 7wk26qw af8hxuz hhyfmao jsrngix lixxbca mvu24pv nm3q760 nvp4sv8 q6hz5ou qpd0rb0 vxbuh78
Node 3: 390p0k8 7apmtsr al8p02d bydi6b2 ozhpagz rs42cn4 xs5sqdh
Node 4: grfevgl pwpvx3j y6rdp7u
Node 5: 7d966v6 ruffh9j yvbqhid
Node 6: ni73x9l
Node 7: 0haebin 3o9uh6s gyomqcj izefji7 oaanuws
Node 8: adxcntg
Node 9: i4sqoro puv4z5d rjp5mtb
Node 10: ebtiaqf
Node 11: h7hsmpp slh074d
Node 12: 1ywl6ze c63z26j phtum5x ramwfa4
Node 13: 20oshau ctbcnjp jscuzc9
Node 14: 00da8wn dgc6j7t m8osd1k n8nkabl
Node 15: 1tqubdm
Node 16: bj16ecu
Node 17: q1nq8g9
Node 18: gpzxg6g
Node 19: a99ot1q tyddr7e x14urdx
Node 20: 47n6nuh n6ltz8e
Node 21: 8h91mnq
Node 22: 9x0jz33
Node 23: 4m95vsi 6dsdsop
Node 24: 9iu1poa
Node 25: 7u1knmk
Node 26: 1jywvh6
Node 27: sw0tfxq
Node 28: j6ti18v
Node 29: 597n1jc ly0548v
Node 30: 5brav5y
Node 31: daq1tqh fc1k0nl
Node 32: 3e7mw9z
Node 33: qc81y4s tseehlr
Node 34: qhrllpm
Node 35: cut1ukx
Node 36: 1lrl2xb io79x60
Node 37: mgzdq21
Node 38: qnnen8s
Node 39: zancvvs
Node 40: ip9x7t5
Node 41: wocmxc3
Node 42: t09usnt
Node 43: 7xwb7n2
Node 44: iafdmg2
Node 45: eqn0we1
Node 46: 92ycmsu
Node 47:
Node 48: tlc2c17
Node 49: fn3u0iz

Node 0: mwvzdiz
Node 1: 20fk1qw ldyncjl
Node 2: cnygv5h
Node 3: 09n8h2u 8fn7h5y 8pl4ugs ci4pzl6 eyuuf2y gkk4c2r gkr38fk hjt0fzz kz7z9b5 myer659 p519y2b qztw12t rkwwx2m swmjgqf xdcjsoq yv4lma3
Node 4: sekgcpq
Node 5: 3bhnpw2 81yavo4 cymj068 q3j2sfl squmfdy
Node 6: obg5wbw
Node 7: bcxcgnh fz46jj9 m6cjxpe ubzedsd unx2123 wbrwobq wq0ntap
Node 8: 8pv6wsg
Node 9: rkvsdwg
Node 10: 8lpy6p0 ialneg0 y1ukbwd zirvzi0
Node 11: brxo6ht fga730a
Node 12: yktk2wr
Node 13: t6dsro4
Node 14: f79jyn7
Node 15: vixshpu
Node 16: cgtknrs
Node 17: hpgvlx1 il4o7f1
Node 18: 3e5wyn8 9r7tnk2 imszqhh ircwxan yx0cb4y
Node 19: 1yt18xt ono1euo
Node 20: nzh8fs1
Node 21: 29cfy8l
Node 22: a3e6tcb gdso88f uwg8du2
Node 23: mhsazxe nrlcgg6
Node 24: 2wiq0k1 sv222p8
Node 25: 8qnumqy fcz74yi h015ae1
Node 26: w5f90lo
Node 27: grmyiw0
Node 28: cb0jwhz
Node 29: rprfcye
Node 30: ctx02ex
Node 31: kbh9mwe
Node 32: u5m084a
Node 33: by9keim
Node 34: kq86j4e
Node 35: wda331z

Node 0: 2bj2icy 4pdyxa7 8o5dwek 8uvi5rw kb453br pg4mz72 sys43uj udsxlin xah2z1j
Node 1: m8eyiqr
Node 2: 0ka82lq b6jr5y9 c58wkxd fwbi8pc k3gl0vl oiy8yl0
Node 3: 5uqvyzc uws1nca
Node 4: i5xnon8 pf4a8ov
Node 5: amsuiv3
Node 6: m5j5tah nwcmo6a sg5w4gt
Node 7: f1xflr6 woz91fm
Node 8: 4gbda5l 4i8y5l4 lnuksq5
Node 9: ue1tu36 ysry19g zdxt46v
Node 10: eonx54o nld4h4t pvs90ew upslxgr
Node 11: 55g3sid aru17l9 y5ai9u0
Node 12: swmvqh7
Node 13: 444cdgy
Node 14: jt880ku rnfu8lp
Node 15: ez3atxt
Node 16: ubraybg
Node 17: 2y9vc0n o49me8k
Node 18: bzhctea k5xoqgq xfu14ep
Node 19: 2n20j4d
Node 20: nu3zbzs
Node 21: q4ldnaw
Node 22: qxyx8xf
Node 23: wstk6kw
Node 24: 428fhiw
Node 25: cfo3a9i jobjmlf k853rjp
Node 26: q94jskp wlp7t2l
Node 27: creu1re
Node 28: wirwe8v
Node 29: ldo7dqa
Node 30: eark17p
Node 31: oepous3
Node 32: avnjc04 x8kfi9k
Node 33: y1xgghf
Node 34: ejkthi4
Node 35: qf0blej
Node 36: jejcr57
Node 37: 984hgkz
Node 38: zl2niq7
Node 39: 5128kfb

Node 0: 21m42lw 2owidsa 3kxdg9t 9lqysry crcew14 j5ppjeq l1rpqxo m6wi1bk n8u7mrt sr5fqnu t92tgpe tev58gl uh3vqep vb7qvyt
Node 1: dh6zyfo
Node 2: 5cuqnzo 6vxvzjm 7mtbbvw lkaarvs m9f3e5x r9lr4bw
Node 3: nm9opvp
Node 4: 9889v21 ig1rm7o ukzanve
Node 5: u0truos
Node 6: omjh8db
Node 7: yqjmgpe
Node 8: a6gs7kr sgxukjs zh3vau4
Node 9: 83d9iji si086d8 yjavnkf
Node 10: vmqan88
Node 11: 2ym3887
Node 12: 4eytwuh y30156i
Node 13: abvrdlp
Node 14: lsg4s6k
Node 15: d7znbpt
Node 16: jbqip2y
Node 17: 02n0m4c
Node 18: 6vcnu43 nv7gais
Node 19: w31s971
Node 20: a9cx01x
Node 21: fwcypae
Node 22: ta7nd24
Node 23: 79nqvsw
Node 24: d91clo9
Node 25: 5frf6nu

Node 0: 5aj7wpv 75qdss1 aa6taxd alm1lnd bo3dkns efpnf20 n2mg6ch nds3bu1 vpof0f2
Node 1: h5dpx82 ozhi2gc q135j4e
Node 2: 3aq07nx 5hqn4eo aqafu58 pel3wuq
Node 3: pan8i0t
Node 4: lcg41gq mj384sx ns4k8vh xawuagt
Node 5: 1lag6r3 i6vwhxo ina0gye krrgtsr tsv1z1r vbg1ooi
Node 6: 98yllz1
Node 7: e5j1xut
Node 8: wqyqv9t
Node 9: 9baw4fc
Node 10: c4j60x3
Node 11: ktoopw2
Node 12: d9scbty dntfr8i
Node 13: nnb20g0
Node 14: 7um1k28 n18rqmn
Node 15: ag1ioez
Node 16: l2zjywd
Node 17: uiif7ma
Node 18: e4dsv3z
Node 19: 8p272h4 t5p6b0m
Node 20: lmm2fpv uuwbwt1
Node 21: 3buc5tc
Node 22: 39zdf2i j9iatns
Node 23: 7uihfde wjratz5
Node 24: h0sxiyt
Node 25: 5in6tio a9zstfk
Node 26: 85v2o9y nhm08ie
Node 27: ydkgvvx
Node 28: 2o7g6bq
Node 29: m5cxfv3
Node 30: uflv0vw
Node 31: u2z245z

Node 0: 6ffoibu aq45uun h892tst o3nzm01 uzp9ia9
Node 1: fhpsidk jrdl5gs
Node 2: cw2qat5
Node 3: 098vhog c2e2aan hbbzppi l0lbgo2 luwz3ie ol1ylyf q1saagt s5y43wj x24396m yhp7835 z911sk5
Node 4: f2rr8l9 lghqkwx
Node 5: 7om4jgb 96xoj2u e1il4e6 mws7ymr u1aadct vcjjuj0 wr41ute y9vh8ws zk0r54d
Node 6: wyhn4pn
Node 7: aonxk09 v8rqj99 y898igi
Node 8: 6snurk9
Node 9: wl1ldwi
Node 10: 4oa8wi8 usk9m32 zu59x6i
Node 11: kf6i5zn
Node 12: dqcd03z
Node 13: 67t7o5j z3f2lij
Node 14: 145d9x9 mfn6ddi
Node 15: sjxyzsx
Node 16: a90btz9
Node 17: 3e6l372 e938zd6
Node 18: ot2qifj u7gz7gs
Node 19: 351ckud 5k7bk5h od5su4s px81x66
Node 20: kmdobel vrx2qdy
Node 21: jy91aay
Node 22: 4qz6ugt
Node 23: 0hva9o1 f1zc9ip g8x42vr
Node 24: 4zmhnh3 9empqdr
Node 25: x380cbx
Node 26: tg0j323
Node 27: ai7yboz
Node 28: 2rj821l 3m7w0ik fr0i0ri qu47e1e v44s787
Node 29: q1o2jtl
Node 30: rddclj7
Node 31: 3gki82u hnxckee
Node 32:
Node 33: eon71km w4r51ki
Node 34: q8ecvkx
Node 35: cyovamy
Node 36: 4llqzr2
Node 37: kbe72bh lx28uba q446zuq wu2xdj5
Node 38: 7vfknl4
Node 39: xyesaqf
Node 40: 77ju44b
Node 41: fw3p6x2
Node 42: 1cv4unk
Node 43: 8e4cjl8
Node 44: quup7ls

Node 0: 8j2rqt9 gvrs9x0 tnrpnzm
Node 1: ywa6nw3
Node 2: 17uf6yk 1zq2t9g gqvbah6 kbf7bn2
Node 3: yy4pk5e ziapuzr
Node 4: h38zlkq lcsnecf
Node 5: hm53ami wfwlobs
Node 6: knqxqwh
Node 7: 30rtlbq
Node 8: flq89jy
Node 9: mmun3fq
Node 10: 3n4svxa z7fr8cz
Node 11: 9c4lrku z48ze4p
Node 12: 5ghavw6
Node 13: ja1axgl
Node 14: 4lk1kjw s7qh63i
Node 15: 9sq4wzg cj4wx61
Node 16: 0d12q0h aqrq7kq bldtwmc sal5449
Node 17: 5gqdema k6cijzu o1ahu8l ytv2f36
Node 18: 05tgy64 8dypv9v
Node 19: tdgv1mx
Node 20: hh717v6
Node 21: 061nfc9
Node 22: f7dw6bw
Node 23: 48tux7d sksk2lq xqz7g68
Node 24: d8nxyqo
Node 25: 5e83evj
Node 26: vyx3rxu
Node 27: z633jws
Node 28: n83t2bo
Node 29: 5ng59f4 npz8d0v
Node 30: srr54jy
Node 31: 4u7yklc 70ih7l5
Node 32: 7b6f0d9 ykgeo0q
Node 33: g7ofn0c
Node 34: 434scus ntg7krt
Node 35: sluhzee
Node 36: 7cn6m8n
Node 37: l55a002
Node 38: 8j2ord3
Node 39: xavlykz
Node 40: z9p3vi6
Node 41: gwwjipo
Node 42: h5ve9sd
Node 43: 1seb9ru
Node 44: snzdd8n

Node 0: 8t04j5z auagefl sma9p3o wfg6bjf
Node 1: 3u304e0 dsx9bpb ptfpky6
Node 2: ezrvq6s h0g85e0
Node 3: 8vozcfs hnym4yv l5qymeg zxv86k1
Node 4: 1avkupx 9wgfgxt k0k6hwc q0yj4u4 v5r6l9t
Node 5: 1di8hie nyba1dz
Node 6: 2k3m6rt
Node 7: dqiqeys
Node 8: 71mql4w
Node 9: vgbm6is
Node 10: v4vasr2
Node 11: wgwj775
Node 12: h03zuom
Node 13: 7dqfqtd
Node 14: of78vod

Node 0: 0gzv92l 1kuk8uf 3olle6b 4lv24ur 5nz96e0 7tpqd9v 85ij5ho 9grldq3 9h0vcd4 dz6jsfe ec18qs4 ecoby1l etsk37m evonz1t fnj33ha gdy07yt hy4o3s7 i6ik8b4 lbm6h4w lbpj9mt lc0eypm n2p6t03 oe4qgqx ojknwu0 om67gvi pjy7mfj qq03abj rd2bj2j s0gqwzd sc9uyne u288on1 uk7th7s xgal4dg y8jykzr ydbb430
Node 1: h1vn1ta
Node 2: vjrc3f2
Node 3: ntqa8ug z1a581y
Node 4: nkpbhrd v2m8yq5
Node 5: 0exfln8
Node 6: 6emgwsi
Node 7: icdbnym
Node 8: alf63wh
Node 9: mhxgmma
Node 10: qd1h72c sj1ihso
Node 11: jfk8chy su4xrgh
Node 12: axq6pe8 of3cpeu
Node 13: 7x9q2hr
Node 14: f9i7zkr
Node 15: mnq5e4n
Node 16: qjq0yv0
Node 17: 39qv5jy vjcoyzq
Node 18: mv2n448
Node 19: co8n9he crv8rr1 pwxegb0
Node 20: 9s8rexz awrgykr fcjjfoz q91cd3m qyaivyz ylsmoq4
Node 21: kpnezw8 ujlrs20
Node 22: a3hxhik ezlyxfd
Node 23: 4te9w3r
Node 24: 9o4onn0 bf8ah6z
Node 25: wvp5omp
Node 26: b1ov071 b7jndx7 dnv12oq x5df2o6
Node 27: 21gqig0
Node 28: mv39ina visyohd
Node 29: wo1f567
Node 30: xb8bga0
Node 31: pvw7s6g
Node 32: 85w45ke nr2b4tx
Node 33: sosubs3
Node 34: xgbta95
Node 35: yc8exly
Node 36: 2bq538g iuhbw9m
Node 37: 44po70s
Node 38: 71lzvvj
Node 39: 1l8o14t
Node 40: 2uy3vwv
Node 41: sm74fog wbauvpi
Node 42: bmsh5os jokxjpp
Node 43: vunflam w6y570j
Node 44: 6f9x4qd a4vhrxk fhd4ydf
Node 45: pcypah0
Node 46: j0hk6vh
Node 47: r1d822e
Node 48: 6bqbvzb
Node 49: znxazpg
Node 50: tvor4d4
Node 51: irxz0u7
Node 52: n5hhp02
Node 53: 0xg8buw
Node 54: vuhmcbg
Node 55: fxniugt
Node 56: 2mscapz
Node 57: gdw4e4f
Node 58: h3rr6cc
Node 59: 0j8kkiz
Node 60: gszcuqu
Node 61: ga42wzm
Node 62: 3v73baa
Node 63: o6jstm1
Node 64: axv5kqw
Node 65: imlcljn

Node 0: lsxsb9v
Node 1: 0udfw83 0uz7uss 4lhx1um 4n7gd2m 7cgpujt iyu6yba m2vhe5i magq58k odw8xqi yr7w2wt
Node 2: tzv9b44
Node 3: 2h2wshd peuyzxi tfwwvgc
Node 4: 9eqo179 pk505sy
Node 5: 4uwb9q5 hi6xuxl
Node 6: ev8rp7t
Node 7: tffm49e x6mj1pg
Node 8: 49hok8f
Node 9: rzntwzb
Node 10: 0bfrnio 0ipgrva 1z6lyv0 z1to8yk
Node 11: fmdqr29 u3or8g3 u6jcuzu
Node 12: e3b9g7m hhco6kc sw9t4ho vpzsik4
Node 13: 39043vq ft4z4b1 ulqcyaj
Node 14: 8d704f5 b4en50a cwzbozp etnuxw2 khqj3eq shgsjj9 uei3hnz uu632yy
Node 15: 6jlrngl cia0g3d
Node 16: jbddc5b
Node 17: hvor799
Node 18: lwgfhsn
Node 19: og14o73 shldnyk wq831ce
Node 20: 5d3f8zp
Node 21: vbvgp4m
Node 22: c9vc82x
Node 23:
Node 24: 6k2737y
Node 25: vlhuel4 wqnjsew y9s850f
Node 26: a1iowup
Node 27: fjp9twk fyhikg3 mm8og2o
Node 28: zjnq4tc
Node 29: joy5h7c
Node 30: bn5o17j yku1d0h
Node 31: ene1ds4
Node 32: 9z2gq95
Node 33: v4aamyb
Node 34: jzay7u4
Node 35: 2rvtnss

Node 0: 56x3crt d7rq73p
Node 1:

Node 0: 4ivh2x8 dm3wv43 mbprp1p ulvb1oo
Node 1: 627o3vm 9p0vw7j ap0b3j6 asku82h bznlo6q d9h6u7e gz7dkzl hdmrkgy jlowpcc wqpm85n
Node 2: zb1jmqo
Node 3: vk4co7n
Node 4: 2e2shcc 34ezfgr 3w4ruix
Node 5: lub009s
Node 6: 7sazb6j 7xdd0uy nappf4a so5mu4w vcyt9kl
Node 7: 3obf4hd 749ufhm d65efmv jahh6t9 n0tyc0v rbk2gj3 sz2ck3s tt25xhi
Node 8: 03md4a1 4093nsx
Node 9: a7y4dj9 mm37dd8 q0m9mvx qpvjzan
Node 10: b8t5ef3
Node 11: 2mh8yvc
Node 12: 4eaum0a 9dkgw9q ubvjgn3 yqvnvkm
Node 13: hjpjn8j
Node 14: kr8y7o4 zcata5o
Node 15: 0f6g6nq
Node 16: 61shpc5 xra3445
Node 17: 68n73p6 xkerv43
Node 18: a1d1jep
Node 19: 406tpmj 8bhdtm0 c3we47k ijuhgyn n1dxw8b wcxmiwi
Node 20: rpe3ifl
Node 21: 5rc3izc
Node 22: 9m4wt7h l946to2 w2dcrfy
Node 23: 3ojp4u7 e9m0sy6
Node 24: 4yiz0xt
Node 25: e99fj3r
Node 26: 9cv812a
Node 27: aiudi6w bwtpa5n pbuzcni
Node 28: m5i8m26
Node 29: es2g2vi
Node 30: fld3a0l hhzswpo
Node 31: jkvmppd juz5b7t omw7nml
Node 32: w882v9y
Node 33: 0arzapm
Node 34: fwc90pu
Node 35: fwiksum
Node 36: 5plozgg e2jxao8
Node 37: g8zpyl5
Node 38: pphejbs qi0da23
Node 39: ury2xb6
Node 40: eespr2m
Node 41: qhby9pu
Node 42: d2zlkom
Node 43: tpt6syj
Node 44: 1c0ns2j oye7l59
Node 45: kvihjk6
Node 46: cbeq6n2
Node 47: eqgkgth
Node 48: 1xon67v
Node 49: qfjzvow

Node 0:
Node 1: 5wttlha 77sqajj k96k4ko py7zex2 vye00il
Node 2: 8ypdmbj
Node 3: 9md9ilj fnt2lhc u21i6ql
Node 4: 4e7f61d
Node 5: zo1zsdd
Node 6: j3armb1 kwh8079 y4y3j97
Node 7: skcxkt1
Node 8: 69g7da3 7u2ouzo dg89d1d o80vekx v3usrov y23ap6a yyhs4ml
Node 9: i0jnlnb
Node 10: cicnlpn ujogqx7
Node 11: 36gihj4 cezngzd
Node 12: cndl54n
Node 13: 4e2wf0p m5loiue
Node 14: g2rx29p ghgf7ul
Node 15: uqg8f8a
Node 16: 7fa5jm7 diox6q3 jcmdq1l rtym2p3 vzj73d2 ytarrzp
Node 17: a7nf8qd dith6c0 hakuxbk
Node 18: aw10fao lue2ao1
Node 19: bgw836i
Node 20: r5jrkb9
Node 21: skovv17 y47gkia ysxwsk7
Node 22: 378awlg whmegde
Node 23: c3e7tkb lq3ridc
Node 24: o3j2ck6 ow2c33b
Node 25: iv9pgio tlmbaes
Node 26: 7js6n9w 7wwq2l4
Node 27: dtbhtfr
Node 28: yu4ierj
Node 29: two02yw
Node 30: ww1d3v6
Node 31: z0r1fn2
Node 32:
Node 33: 1nig2f3 h4ewec1 pfr9l08
Node 34: kie92x0
Node 35: eqc072f
Node 36: g1i6ra4
Node 37: 3qyvqx2
Node 38: uqqhqbe
Node 39: o46y4b4
Node 40: 3kf5e9o
Node 41: qs0pbmj

Node 0: bxi4z65
Node 1: ir1tla6 qiyppe9 s9wrnvb t1yneno
Node 2: fip1s5c jmip164
Node 3: 0u2zv1q 4w7x5m3 7r00d9n 8i71g5e n0c9tt3 x2j1jwt zcfivkw
Node 4: 78vhhjv
Node 5: lp34ykd
Node 6: a5wxjl0
Node 7: 7c6eurf dztjgpz quv16oq
Node 8: fhg2aw8 j1nfft0 opqqbta uy4w9uq
Node 9: lgv8z6d
Node 10: 5i1nuix i4v82pc omkjedz ul0iu3f
Node 11: nvappsz
Node 12: cvtx3c9
Node 13: 0r1hu4h 0svnkhz 2od4j9f 63ucl33 h8h5hsv
Node 14:
Node 15: pllxmch s670qpr
Node 16: kqrka01 l877er0
Node 17: ilo227n
Node 18: 9jn2p0s itr8l3m
Node 19: 5c3ndrg
Node 20: ynyowl2
Node 21: c8vyolp fsmrf1a pmut8lz rfdh9uc
Node 22: mezfdf9 u0xsl26
Node 23: qtofmds
Node 24: joihuqs zn85jyd
Node 25: 524l98f tsbbihr
Node 26: ddx9ipa
Node 27: mu75ye8
Node 28:
Node 29: 90c07mm e91ovxt
Node 30: c2slgmv

Node 0: 9ley3xr
Node 1: g7787m9
Node 2: aa48gur xzzn5wb
Node 3: 5v65mer m3orysv
Node 4: f2bq7m0
Node 5: x4qq9cn z3ahh6y
Node 6: l6pv85k
Node 7:
Node 8: 6jhfo5x
Node 9: v05bcca
Node 10: 017as7s ntm23ct
Node 11: hss5eo5 t6zonia u57h49b ur55cjh wnlipqp
Node 12: l7xw3r0
Node 13: td6r2ws
Node 14: wpkw14t
Node 15:
Node 16: ecsjrss
Node 17: wwrb1dk
Node 18: 93ckhk6

Node 0: 46m6pgz 9p5d3he ad0k5w9
Node 1: r5m77sb vcq9npr
Node 2: 042mcz8 31g7aeq 5aue1dh 5vl59ab 6ra0shw 97xn8wh a2ysl68 b59hozq cg0wej5 fzym4rf i7r5oxs jcslcjc l69spzr lnnwyvl lxb9sd1 p64rt0u sk0ag3p tm1a6bd veu2di0 vflsc57 xuxpuj4
Node 3: a031jga atv9pft qb85rgi rbp15rs
Node 4: 6kvobj0
Node 5: p9chx4k
Node 6: scm209a
Node 7: u1yw3rm yz3fg6i
Node 8: 136xx9g eys9t82 m406s9q olwm2aa
Node 9: 2jipakh 8p39cr3 afv2c1a b07mdt2 hw5bsos jyxznk4 lv2egbz numat55 ojz2que ovy0ayh
Node 10: c3zn6le
Node 11: gtsqpmy
Node 12: 85dasr5
Node 13: 79vjs1q wt7kjdp
Node 14: 82adrqu v3lgnmk
Node 15: 5exbdkk 810gl5e lz1ni11 qk15y4m shhoej0 vhmka1f
Node 16: 1p53nm1 3j2wcq3 kiz2chu r17b4sj
Node 17: ae3fdy1
Node 18: 1onmvp0 2suac86 c4jdbjt p89q3ti tbtxczj
Node 19: bfhz4zz hqzzze8 r717j1z
Node 20: 2zxqtub
Node 21: 7r9b921
Node 22: qqy9c7n
Node 23: wehml4d
Node 24: 78q3zl4 cw4ln02 pm9w91n
Node 25: jl7o6l5
Node 26: 7849kyp q0zfxq2 s32kxkg
Node 27: 5wm6qig
Node 28: 2jnssll
Node 29: v7t7r76
Node 30: kmv4ei0
Node 31: auwpgc2
Node 32: 3josu2x e1pu54b
Node 33: dvo87uu rryh1zz ye55jqs z7ohp3h
Node 34: lot9yy6 nl2irmc
Node 35: ds1xjyf k2m6hr1
Node 36: dj1vjn9
Node 37: 3v5m07d y98efd9
Node 38: tnqpnca
Node 39: ck39dqu
Node 40: 2zt15cl
Node 41: 9thedpq
Node 42: 7htq18c
Node 43: bpksfkb
Node 44: gs1zxkm
Node 45: fp25l6r
Node 46: wo6up4n
Node 47: 9jf1f63
Node 48: j32h68q
Node 49: ehnb419 qtlo1c6
Node 50: lse75kx mfv44ty
Node 51: k3c2tum
Node 52: 3d33koh
Node 53: rdqf7a7
Node 54: ayzbocn
Node 55: ass8cw7 eorj8r3
Node 56: oibi7ct
Node 57: a2a59g1
Node 58: z1900bq

Node 0: 1ntwwii 4k8extq 63dh4zq 7mn7hb3 l2xiv7w n8k56s5 nriu0c4 rte4obf shay8xs xwkzvuw
Node 1: p4ws7bd
Node 2: 35iaio1 5ikh5zy 6nnnos9 9o6liar g218izf hg0xvft imu8uyy lc86yru lv7xg54 n1wrecy
Node 3: butgcep
Node 4: ii27vnk
Node 5: lypfd3x
Node 6: m67z00u
Node 7: scbiq77
Node 8: krdfk2e
Node 9: pfxt6tz

Node 0: g75i472 urekvci
Node 1: 8dxr38m vdtbz45
Node 2: 8oyl9q7 k7tho12 qot55wx
Node 3: 2elsptg 3vybdoe 4zwt8wc 5w9xrzn 9u91xq6 9y0b93r b7ykbgh ej6q67n w0t50l3
Node 4: 4xyk7hk 5xe5j1u 7hvqhfl bxg35fz d0mpp2y hl81mj4 ilk6f7q kvt3l8u o7vzenx pmdu6xv s9cv339 u5nm6gk uxecqkc w76c52d wmnevd7 wux9qkt xtxtxiu
Node 5: 74witzv 8dztw5t lnny2l2 tcd2d1h zonzf6h zwfjn9b
Node 6: 4saqqmg
Node 7: 6lp2mxw jyv7v2q
Node 8: wjeladp
Node 9: 658mhl2 99cprrq ceuv9s1 tghif24 umsl9g4
Node 10: cvpxet1
Node 11: wovv88z
Node 12: 5cfpclv
Node 13: 29l756n h4qzpon qd63y8c
Node 14: 3buyg7y tdv4775
Node 15: 9nzs82k
Node 16: fs5e0e7 kwizv2v qjukvci
Node 17: 3vnwg9b rzwez57 v1g7ddj
Node 18: adwwjrm immemmy
Node 19: u5dsctk
Node 20: z6r78oh
Node 21: vm7aq6m
Node 22: g8mwbv2
Node 23: rxaamsz
Node 24: qcnmick
Node 25: 5351kud
Node 26: 3mhic37
Node 27: 8wtjaom
Node 28: db306mm ks7sl4w undzq70
Node 29: 75a8q00
Node 30: dfhtnfs
Node 31: f8m76m2
Node 32: xkdjdsa
Node 33: vuvt6jv
Node 34: 532131z waksn59
Node 35: jla5r19
Node 36: jdl4ehr
Node 37: 64ky6jt
Node 38: aid1q3d
Node 39: t7boccd
Node 40: 912oqyj
Node 41: azsoogu

Node 0: h9eopp3
Node 1: z3q0mcr
Node 2: h73ep60 uel6b6l
Node 3:
Node 4: 6z5d5qb
Node 5: zhb7d54
Node 6: 2n93ub9
Node 7: m9i5n0n r1v1yat r6sz93x
Node 8: 40t5dox
Node 9: 743uovr
Node 10:
Node 11:
Node 12:

Node 0: 59lt1yd 82mv4dc hn124rg jce7ytz nw3tk7h
Node 1: 48ce1am wn4hjhf
Node 2: 6vzvxgc 7e5rvgu
Node 3: 4alilwx
Node 4: 78mbk8x dbq4mxu uyzmw01
Node 5: vupabtu y2icxxj
Node 6: 2l2dlrf 7kd43xi e69nvaw v8sfvc5 zf9yuw0 zhbk9rk
Node 7: dsbja1e
Node 8: 7j4tkm9 gowggpr
Node 9: 2xayqdd 48fzdwp 5g1xkcb 63s56on bbqxxjh cp8ftt6 h4utqzz iiguwgf iudvlhk kxrqoer vfeua6y vtxyp01 wh80e2f
Node 10: ccavowe
Node 11: 7foojrb 9as1dwo uy45g4j
Node 12: 241lv00
Node 13: 7muax9u vk539b7
Node 14: nu6oihd
Node 15: zso1dks
Node 16: n2coh4t
Node 17: 12aacqa
Node 18: laz0ony
Node 19: bfcnq30
Node 20: 6koa3ch ayk2pr9 gwpcnzc h5hlvoa oqw7owy qin9mmm vyyygts
Node 21: 61s7ucw
Node 22: qpf74v7
Node 23: mnyh4i2 ravlwo5
Node 24: aowp7hr
Node 25: 0izq9ok uekl0xz
Node 26: fvty0wl intwwtj v011rvl v91gpyn vyfzt6r zpx7o72
Node 27: urltcyf v7sjt9q
Node 28: r0g8fw2
Node 29: a5z0f19 wug2pbi
Node 30: qmnkimz
Node 31: 9s82mzl bfiwloe rgd0bc0
Node 32: g9n09k6 pnrmi2e
Node 33: xl774w7
Node 34: cfs5art
Node 35: d2x2g96
Node 36: 7stnzo5
Node 37: 3k6c6oo
Node 38: m9sxtmq
Node 39: mef7d6z
Node 40: yqs9zhc
Node 41: f18trcq
Node 42: qo36bq0
Node 43: mpqs55o
Node 44: 7xe8z9x
Node 45: clgy1rn
Node 46: b163p3q
Node 47: v6j0357
Node 48: icfho7z
Node 49: fz73bun
Node 50: p9i6j83
Node 51: h2skn98
Node 52: jcqqkq5
Node 53: g4ip7pi

Node 0: 0w5mz2s 1xjbbcz 5rpdpq0 bhm36l0 ru7p42y
Node 1: gy79nmx
Node 2: ablas6q qn7cf3j
Node 3: 7p9izvq h0wd0sk o9d121f q5f65g8 vg87y4x ymngg26
Node 4: 42z91t5 lfloiz4 on3scsl tz367qs
Node 5: pc35sbp q1fm3fu
Node 6: br7b06k
Node 7: dfhem91 qzf6wiz
Node 8: 0zdj43g
Node 9: eq2rm0r p7eboeg
Node 10: 0cuyb8m h013a3q k1xd1f1
Node 11: bhm86y8 o76a8l8 xvtwl8h
Node 12: qmxw1qb
Node 13: 0f8nhkz
Node 14: h43w6g6
Node 15: 6fzzu93 6q588x7 77krjlw 7pe463y cepoiur dh3n6qi h6b0crr ipo84ll lc3saf3 lzwadj0 mwa3c4v q40mvdr s5x169z sp3mwrz th26itt wdonzwl
Node 16: 9a5i38o
Node 17: 6vkzipq pjgwihk
Node 18: 89z7otq
Node 19: xh9p5s0
Node 20: m2qtvvw
Node 21: b5zy02i ks97kpu
Node 22: o5g7bzi
Node 23: m6f627e xzfxs9v
Node 24: i1aisel
Node 25: 4jgvz3i
Node 26: 56masmr
Node 27: xlllgvz
Node 28: a43nvcm
Node 29: lm8w7b3
Node 30: z3e6s0d
Node 31: ezlg3m0 x1kj9kh
Node 32: 3oedm0g
Node 33: tth38qf
Node 34: n56my6k
Node 35: wi86ayw
Node 36: ibwry06
Node 37: mx5lnts rsuzquh
Node 38: l81ynv7
Node 39: wg4j2x8
Node 40: iap8uoz
Node 41: 9eeqg9w
Node 42: p0su8rp
Node 43: 5un4tbu
Node 44: zqrbf0g
Node 45: n80sf81
Node 46: d7kvkyf
Node 47: 8nfk290
Node 48: 4bokrnb
Node 49: zork0hv
Node 50: nco7iyl
Node 51: sgrslab
Node 52: bcmt80m
Node 53: yid8roh

Node 0: 1xgnngp bq9j31r c2866xl ditn89b f2o9trx g4x94xt jw6wmij k0i6dmu nbl56go q3mfift y4hzcca z6rlx0w zanhlyr
Node 1: 0rk0fje dgt2hb8 jq3mf69 yq6dzvm
Node 2: 5q5pbkh dwna3pv j6hd42m
Node 3: wdibdir
Node 4: 8s04xsf ammzx6u rk2367v ubofqfv z37fw80
Node 5: ldfcseu
Node 6: 0atquq9 2nis31f 676xmjk fqan75z njb19u0
Node 7: m6ahbp9
Node 8: g564ukp ucqxr1d
Node 9: ama023c
Node 10: o1qny0u
Node 11: k6guv1t
Node 12: ct1b165 q29gj4e
Node 13: jteq7wr k5oy1m0 zqezr3p
Node 14: bjwyx8e
Node 15: 7mq52f5
Node 16: 3pbvrv4 i894mjv p8iusa1
Node 17: bngd133
Node 18: 5wmwvdo k0849de
Node 19: pnlntiz
Node 20: 0whfq94 mb1992r rt4awf5
Node 21: 05sonz8 hs88s8i
Node 22: 6fqto3y
Node 23: bimp5zb v1gzcn1
Node 24: k67wgam
Node 25: zp34zb9
Node 26: 8m7fyt2
Node 27: 5x0n847
Node 28: x6bpldm
Node 29: 6iyjby1
