Node 0: 1v0zoha g93h9sz
Node 1: anugjn0 h8zk7pq hsncqx0 meyy43z mijiqsa s6vdqg4 tsm4qyh xg2m8cp
Node 2: vqjq026
Node 3: 5fcpz8z 6ajn8js eqb7er5 rm9wgo8 vyi7v37 xt9ipi7
Node 4: pm9fqll
Node 5: 5dbi2fc i9cxc5u ll1zltn n55s15b qm2x0ov yyubzm2
Node 6: g03fxj8 o5idhyk
Node 7: kq75vr1
Node 8: 6bxpmgn fp5g3ng t0kf1jo t544adz
Node 9: 1ap8xda 7b4b605 cxi7tr3 nrvyfnk
Node 10: ee4tfdo
Node 11: 4wg8yc2 7p2qb3y b1bvp0z lfztann nfkkg54 pjw7o51 qwwjpak ycymgo8
Node 12: 2ykxarm 54rlfuq bxnrwas e61snoi mg08gr1
Node 13: f5rxm64
Node 14: 9ashfnq eu10mj4 nkng3r8 nzsbqos
Node 15: rye9asi scx7bwa
Node 16: 82n1zuf
Node 17: gliizx3 h4d681o j7rv0e2 me9cr95
Node 18: a5r3zcy r2kyc0l
Node 19: 1fr3kv8 1qply8f 6e0ychv cmumutv p11r5iv pqoetry
Node 20: mzk9hkf ytn9p5v zywqd3v
Node 21: 683x2lv lyj88ro
Node 22: 7jd0qjp
Node 23: 8i016sz
Node 24: 297v0kl
Node 25: aw1lhtq
Node 26: gkwtpg3 qzrhcv4 vn30e9h y182dez
Node 27: efcl3hy ezkqbca zeizzl3
Node 28: 5eskx9w
Node 29: zwevewm
Node 30: ah01x0h
Node 31: 5br6lh2
Node 32: 576oc1q
Node 33: cxnnlhx
Node 34: 3pefm0d
Node 35: 1pqkqe5
Node 36: 34z4ez8 jla2on5 rjsca1f
Node 37: c57y866
Node 38:
Node 39: hfj6wiv
Node 40: uxa8jl8
Node 41: 1u138c8
Node 42: qxcbzog
Node 43: nemndq8

Node 0: 3cvfrp4 55csh33 5wxap9i 7zaurb5 ajl1k6i m4gosyn ztdcciq
Node 1: 7uml5u4 d56qfe9
Node 2: c9yfen3 lg000r9
Node 3: 6tzjiz8 bk2vgwq ghreht0 kpfoi6j vqwvaxe
Node 4: 3968s0o c3e19he cghkx5u d7odqw2 f38lf79 g3yhv1j pxpt075 q3w0hm8 qit5uks qy6p0jt t3ft239 xt9ku9p zqssn5f
Node 5: 0dd3e47 323x4ew 4fm1wd5 6269iwz adr3zjm c0lyzks exw84tw hzgeazx lhxa51i mn7av56 swrvhch y3mo2vr
Node 6: t5q0kn3 v85dgdi z2jgv66
Node 7: n15ilwj p748yke
Node 8: c5njk7l
Node 9: 1ugfe1n
Node 10: 0hz3smy
Node 11: ajqpkxi
Node 12: ikp2s9l
Node 13: nxbmnn3
Node 14: 6gv1fe9 okuq6uu
Node 15: n0mlwv0
Node 16: 9t04u6r wt8sfyi
Node 17: 61b5qfv 6iqc4l7
Node 18: 7xsrg15
Node 19: 2vtn334
Node 20: sci8snu
Node 21: iru6n28
Node 22: v7kumm9
Node 23: 39p5wij
Node 24: sw6rhzt
Node 25: 48jhujq mkfunf3
Node 26: 88rf2fu
Node 27: 5dqfim8 t8293e9 v28skzb
Node 28: 8shoqt0
Node 29: 3q4gwtc 4sjtpyd 9xzga3j
Node 30: tgmk34o
Node 31: 4egum2v jt8llvs
Node 32: 2h7k5bw 7a1dxwv ivysjai
Node 33: m1phtrm
Node 34: yx45p96
Node 35: dqidkgm
Node 36: 1wchrvq eo98pyj hraglzz piaijhc qd8m22m
Node 37: o2ecy54
Node 38: k5s7dqu
Node 39: vkqv8an
Node 40: 31e78ov
Node 41: qmsxde1
Node 42: evwf9aq
Node 43: fvtq05d
Node 44: s61c7ve
Node 45: ecksqqa
Node 46: tqzct1y
Node 47: 4b7lcie
Node 48: bimafr2 uspeie5
Node 49: 296typm
Node 50: vj5ku6x zh08mq2
Node 51: z7wxy3y
Node 52: t7prx36
Node 53: v4kmo4b
Node 54: 4zhdcw5
Node 55: b9meikl p16bpdm
Node 56: py9jf00
Node 57: 5m48py8
Node 58: 4rtkck7
Node 59: xpmlggz
Node 60: vtozgfe
Node 61: 1ulv7ht 67kvm3l ui4h3qv
Node 62: afhip4h
Node 63: 9fwgqq5
Node 64: ezb9n89 ululdua
Node 65: 2lmuufz
Node 66: mmo34gy
Node 67: o1ahhtb
Node 68: hkj00yh
Node 69: h38fc8g
Node 70: 25n6ukw
Node 71: 43kc56k

Node 0: oe4jjhu qr56pew
Node 1: 7g7a7fw a9hcuv1
Node 2: l11bijk tjovb80 txvxvq9
Node 3: bo10zw9 cpzribr cys7qsw oys040a v05g0by wxqh0fr xwuoyc8 zc77s3d
Node 4: gak8aqq wvheita
Node 5: ao7o1ii j4omn5v sl173i4
Node 6: b35bg7b fguch35 g40435j ugypxiu
Node 7: 8096fzp yl2riqx
Node 8: d6uyfvb
Node 9: sssr12z
Node 10: 87m32p3
Node 11: pzy6poj thbw4nf
Node 12: 3i1dpfk bingnhc
Node 13: habq1f7
Node 14: h1t2git te61p8e xf5w8dx
Node 15: d8wf288
Node 16: 5bm4gp5 8wu1lmp ayj6vfi di7l5gx ee64w3k ex4f080 ir27yv0 lr7qdsz vfu0y4z xey4pkp
Node 17: jz219gs
Node 18: yzdukdc
Node 19: 3gj38uk
Node 20: 0j55h0k 3btjszp 5aimsg7 a7z8sak dr59egr p29db6e x899xi9
Node 21: 32u3yp1
Node 22: 1lbqhhr 2r669f9 6et5ik3 8ydyxr1 qplrii1 vdonl7b
Node 23: xsh8let
Node 24: 7iffqkt h1iq832
Node 25: mr1c7qe
Node 26: e2m8anv
Node 27: ggorwu4 swzju5a zem9hjy
Node 28: 5r9n4bw
Node 29: 1r7ge07 ssv4vb9
Node 30: 9mgiaiq
Node 31: c3xpz4l
Node 32: eu5u1io
Node 33: fehad8v lb5jb2a
Node 34: wt4b02r xcd1seb
Node 35: 20fjzl3 b0ejqdp baaxmmy n02me8i
Node 36: aq1rc7g
Node 37: 1m7skik
Node 38: s5sjfvj
Node 39: 4gi1fs2
Node 40: miv9n7y
Node 41: 5hjbcqz
Node 42: eedyhm9
Node 43: apsyzfw
Node 44: ip57qpy
Node 45: afhxhj3
Node 46: dohjwit
Node 47: 4gasv2g
Node 48: cdrmgjz
Node 49: rj640xs
Node 50: 6skcrcq liwhi6n
Node 51: 30dbgbt
Node 52: a90ldbb
Node 53: u9tzr30
Node 54: 1umfdei
Node 55: z9hvo8n
Node 56: rzoa67u
Node 57: 9nphc28 sduby69
Node 58: no3lbtm
Node 59: hdpc6qd j67do9a
Node 60: jfyrjlr
Node 61: 1iqkdr0
Node 62: 26o88pk
Node 63: 9x73hw6

Node 0: 8ownvsh i11dgwf lq48tnv qebxrp8 rda4w5e wkdcu1c
Node 1: vjiz0i8
Node 2: 1mthtr8 68ih7dv 799wq96 q63pwl7 qd67i8r
Node 3: dgr0upo
Node 4: etsbj1v
Node 5:
Node 6: 04z2vaf 7uqxlrp ud4znru
Node 7: 0jomwu5
Node 8: m8mj0dp
Node 9: 66qe810
Node 10: hgvrtlp
Node 11: e5u1ie9
Node 12: 5aaqex0
Node 13: piygktu
Node 14: 01ateff 0e1zc7y 39uh48g 8h330hs fii33l0 g2okgov l51ctb4 sibp4nn
Node 15: huob1ex
Node 16: htfxtag xzyrn8u
Node 17: 5sl7qjk bffj43e gqnxwpc vi3vr5o
Node 18:
Node 19:
Node 20: pzel9qd
Node 21: zomnzaa
Node 22: cs68cl7
Node 23: 8spq82l
Node 24: vubi4ip
Node 25: 9iy4sud
Node 26: h9bkovx
Node 27: thkg2ry

Node 0: 9x5skou
Node 1: phrvmk2
Node 2: 61ukq1m
Node 3: u68r99j
Node 4: iotyq7a nyk3xdn shr8d8m
Node 5: 4lbosv0
Node 6: ko2t462 ycstdwl
Node 7: wuberbl
Node 8:
Node 9: js0ob8l

Node 0: x6zu0jp
Node 1: s8k85p2
Node 2: 1qknriv 8o4xeaw f8w1aiu fwzey72 tl33hib x35cyqx y6ru2q9
Node 3: dgl5uln
Node 4: 51it33f 6mp67z0 kqivpfz tzi2hvv ujvuqwi
Node 5: l7om58c xmmjuqy
Node 6: 9ll98xa b64ur1n z6cp3fv
Node 7: 0l04egf ccb30un

Node 0: 19eszt6 3h25gnu 8qx3fo0 a9kf6y3 asxvb5n c2aw39r hya2g0t rp7qc1e tn2qqvz vr2d2t2 vy5o4ji wnhtg3d z0zpc38
Node 1: e4rdyc2 o66hmkg
Node 2: 559zct0 6liuig8 hdkqd5y wuu7ot2
Node 3: usbuvgx
Node 4: hrbrhj7
Node 5: 274seky l8g2xpk l8o14s8 mwae49v
Node 6: liyihrn
Node 7: 2nxsazz g3l9ghs
Node 8: xklnif4
Node 9: xblwf1a
Node 10: cr5grwv
Node 11: e18tvp9 e6p43wa nnhy9xx
Node 12: ijfpesy iug3yeq
Node 13: 11sxxlc
Node 14: k5dl7rw
Node 15: 52hqjp9 8jz0srp musw4gy q6apd53 qvej2ku y6l675r
Node 16: qgpkbnl
Node 17: aie7305
Node 18: c6fzj3h
Node 19: 4pqsuhg
Node 20: 2fvun39
Node 21: vrtj0tk
Node 22: g4qdb6l
Node 23: 1p775o2
Node 24: viga5b3
Node 25: xhdr1yz
Node 26: kxxqcra
Node 27: dj6vn5f l53i4rj
Node 28: 00bafej
Node 29: isbu63d
Node 30: msu5xkb nlkqiaj t3jqgis
Node 31: yacwb7z
Node 32: ph45aa4
Node 33: vz6iovw
Node 34: yg3nc5d
Node 35: r40av1u
Node 36: qzg17xp vytatjs
Node 37: xttj0mn
Node 38: t4s9jh8
Node 39: 78xau8d
Node 40: r7c0hfy
Node 41: 38mw4qb
Node 42: xtjs9v6
Node 43: f1q17m3

Node 0: 3x66o0l 7h80alr br1vyhc
Node 1:
Node 2: twz29c8

Node 0: 356f58g fbbw6ol wxa03xx
Node 1: 75kc0ac oamv6bc
Node 2: ckdbnal
Node 3: wk5mv8l
Node 4: cguup1n j78nx3i liefys3 ockcppr qvy9b7y xg4s0nd xh4ro75 ypm01ou
Node 5: 8yx1v7g 8zrmhjh og2y1m9 rjvr2km tfftwkq
Node 6: g08ftnx lbc9b4o
Node 7: m963n6i
Node 8: 49qr9i1 7ghyb14 81eopcp 9nkq6eg ag2s7ht bhg78rh gvn8qo5 kbzjqis kljlt1q lhfqth8 nw66dvc qrtejad tdhrug5
Node 9: og0p292 sicwizx
Node 10: l0ma4or
Node 11: 4i8n4bc a5l80ie dt61bsf oo3v7qb
Node 12: qsd7hl9
Node 13: bb8audy jrx3say
Node 14: ed50qc7 gkm5yyn i8aw6py mwhk8g8 xqjajca yxdpfrz
Node 15: r3ylrf5
Node 16: 6uyyy8y
Node 17: j0s9tam
Node 18: iiaskh9
Node 19: 6d8updo awsmkoc f3ix2iu
Node 20: lp7lx38
Node 21: 6m2284d 804dlde avnk6iv
Node 22: d2vy2nx
Node 23: pov4rru
Node 24: zd3gkia
Node 25: zj5d10v
Node 26: jy5jj4m
Node 27: gcucxnn rntt2x0
Node 28: hp0345j
Node 29:
Node 30: tna8nrh
Node 31: 7jy5hrm
Node 32: y5fdjzh zrcn3zl
Node 33: 67ukvcb najvp4c nvpz0os
Node 34: f8x2r2u
Node 35: 37rz7f9
Node 36: qzy82p0 wkxvi90
Node 37: licint2
Node 38: emoa2z7
Node 39: ixmrdp3
Node 40: t1r1240
Node 41: 07w0kov
Node 42: iyzz5qg
Node 43: rw1b9ey
Node 44: 6g2itir
Node 45: zrv581a
Node 46: opukuj0
Node 47: pjqb35j
Node 48: tq36nhi
Node 49: r18vqlm
Node 50: 0d1vdcs
Node 51: mv4n4ci
Node 52: xuev5ts
Node 53: qxt6yl0
Node 54: o52jb66
Node 55: b9o77gb
Node 56: wtob3vu
Node 57: pn7ldwx
Node 58: 40d7dpm 43tsl72
Node 59: 2ks0z9v rmmxk5d
Node 60: pmdb5my
Node 61: gh6xqja todbt7h
Node 62: oix6xc0
Node 63: mixohod
Node 64: gqmu80o
Node 65: lm9j328
Node 66: qrd39i2
Node 67: mcz495l
Node 68: tax1uz1
Node 69: rukjhho
Node 70: dcrasoz
Node 71: 584o96u
Node 72: htkxjgb

Node 0: 5yscoau
Node 1: 3xniarq 95vcj1u byj6drd gioijfp mgy0i08 q04abs4 u3oeu0g v5s1jql
Node 2: ph8qnyz v4rlbc2
Node 3: bcedun3
Node 4: 0o5wq5d
Node 5: e8rjkz3 p1rpz6c u7mgzn0 yewxd69
Node 6: 7jw1jsm 7t1gy0w ftx5ayq xdrukh7
Node 7: p0dh4il w0p74qp
Node 8: 5n2bmii o5itrt0 o7zzaft s25nfji
Node 9: 09iq3e6 43zqjig bzftq83
Node 10: i8tb8fe
Node 11: 2bf50za
Node 12: sd4zud8
Node 13: nkimvbv
Node 14: 2zzhp4z
Node 15: rhulnmc
Node 16: n4jxsey yv4tuqj
Node 17: yolsz9n
Node 18: 3pu72e0
Node 19: kxvnqrl o5kd0c5 r5gbedv
Node 20: tp57ix7
Node 21: 59p04yx
Node 22: mi8dmyl zqmc1fj
Node 23: pujntm6
Node 24: f4r88re
Node 25: kafu5dl
Node 26: e1hzz9q
Node 27: kor941e
Node 28: ot7ipla
Node 29: rbtqkua
Node 30: 24qrsfz

Node 0: idzv2c3 umq8pz3 vs1kzt4
Node 1: k9zk23s l3j6rcl ll7qkw3 qpiried xceo5px
Node 2: 6jrej76
Node 3: y9sz7ak
Node 4: iq0p02g kdkm0b2 n19tkrf nkyv62c o7756lh tnlotyi vnyz1o7 ykxqys7
Node 5: 5qj0ofe
Node 6: 3zoh5bc b3sucnw czp1zs1 g2on6cr nfh3w8y rot53u9 x30r550 x5fd2bo
Node 7: cwsjkze v40wwj2 vk36kvx
Node 8: 0749flw 16q8qdd cflgi30 m41zt24
Node 9: h59ea9t l9qc5i6
Node 10: 0jxd98c fvtr5ux ox6dskl r9vnv8r wfr55bz
Node 11: 2i7sp80 zlemvmj
Node 12: 9hvp6ii
Node 13: 5vyt1to
Node 14: eafmdjo kmgkbqh
Node 15: 548aubm 7onmvq9 844of0t d4t4p8n
Node 16: trkk0hf
Node 17: 5g8ysml p9pf93h
Node 18: 8nusyfc
Node 19: ppwleey
Node 20: y3oi4o6
Node 21: 69u9g0g
Node 22: 224nrd9
Node 23: d4m4ggr
Node 24: he2a164 mumpwvp
Node 25: ijv4ki1 p2t3615

Node 0: 14ktz9h 83po7pg 9qqgq0l atontga aza21bw iofn0hm lqyp9ip te2zo98
Node 1: 1mct5ph 337r2pw 9pff222 aiw1w16
Node 2: d81l4zo
Node 3: mwirtnv
Node 4: a0juyxv pilrkq2 u95w5dy wb7uzov
Node 5: h7qfim7 xfqumg3
Node 6: nr3c6wa
Node 7: xv00hnl
Node 8: 2qs3asd

Node 0: knuzves
Node 1: ykrfs71
Node 2: 54khx8z
Node 3: cm3y6t6
Node 4: 7ofqs3c
Node 5: 57r8c71
Node 6: 03z02cj 66qjym8 awzs9y4 b4fcq7t
Node 7: hp9gx1z nfsmbm5
Node 8: duaqp0q o12kpds twxu563 zmvp3m2
Node 9: 4a64k90
Node 10: iamsmg6
Node 11: zapsldp
Node 12: 4xttuhg
Node 13: qt1y2lm
Node 14: 4eysphi
Node 15: 108ci6l
Node 16: 02n4cf1
Node 17: oghmy09
Node 18: eewapm2 j5lq59h
Node 19: 6icy38n
Node 20: f779ez9
Node 21: e914iz1

Node 0: 7uhejpm drr2ibx e96jsjf q2btkh7 rkp9syn
Node 1: 8hh2swu 9f4mat0 qb3iy2o sbn8asz sqgz0ni tnedr5d uba6dej vsnr76o wyvyg3w
Node 2: ydwgf8c
Node 3: rcegc98 uz0xzh9
Node 4: 6boy8kn a7m4naa ec72lp9 ji0hcd0 n54g5gw
Node 5: 26qhhey 7rbtb7l otiu37h wezoa4e
Node 6: 714iwso bttngj1 lro4m8u
Node 7: 6k5jxmo
Node 8: 5tx1qkl b0xldoo rk7kc6v tcso5t4
Node 9: 4zaczm3 70bxxxd jiye4k4
Node 10: o8p9nsw uwzu5yf
Node 11: oq6tb8h
Node 12: cokzbr9
Node 13: ksi6hwq q54ly61
Node 14: 4fkywlw 5egz341
Node 15: xlmx0h3
Node 16: 638k1yy
Node 17: cxmmw95
Node 18: 9o7wgk0
Node 19: 812may4
Node 20: b9ft6n7 is6rirj
Node 21: 1wq1z6u
Node 22: a82qxpp
Node 23: onsgxvt
Node 24: qw29r2q
Node 25: mdbuc1b
Node 26: uaomthn

Node 0: 27mqhw1 l29n82a mdf5r3w wgixb69 x67wo4y zuboib5
Node 1: 1urgcsb 8mn6jv9 c0mnpvb clur8xm l2l1mo4 nlbexya o9rxsbu qg98oqk x2qwpio
Node 2: 7uctja4 c1stlx6 n9fm9r5 tyeaqkk wf51d4w yunu2mj
Node 3: o1v8efe
Node 4: saw3zrq
Node 5: 0py9lul 9mqw3pf cbpix9j r7uqdw0 rfd39k9 sj0ha7v toyrk5a
Node 6: 5mnl2bb kjuwn5p zh9yoa7
Node 7: 41syxqp
Node 8: 8hx4k4h dxv4hjx pvecz92 wc37k2z
Node 9: 44girn4 4iwo0rd 7it2hcz rq4b8vp
Node 10: 0nuk3xc u59o4t3
Node 11: 5cbinxp
Node 12: c770cgp
Node 13: t4aauyy
Node 14: 9kz8t6y
Node 15: 8s9nr5w tyhrd7y wzp08bd
Node 16: h9f227a
Node 17: eeoe8ae
Node 18: i634qdw
Node 19: v1fj4pk
Node 20: 3vd7p3s
Node 21: wt8mpvi xrf2mhz
Node 22: gbe3c0h
Node 23: wmsk7nd
Node 24: 0g04st8
Node 25: 9lg17m8

Node 0: 0f1hiwa tnz1lqj udgi6nn
Node 1: 1rjhk8e 4mus0y2 6pke3os 8sr8udl ciul9jz emoo6tc hvvmyao jsktqs0 nnzgikr ymziics zfu8eb7
Node 2: bkx6kty rqtv813
Node 3: 6bk20qv c31zv0m j7d51lo nonpabz pcwyp1g pg6uzkb q5nsnko qmrlu4p
Node 4: 7xilgvj h77hlk3 xdrdlxu
Node 5: al9uf6s
Node 6: 0ikw006
Node 7: iaxlsqf
Node 8: 3yh6rff 7yty4h8 ctgo1mt gxu5vg2 m467hng mq2x8wn oxh4yy6 rvb7k1b
Node 9: 8jaco13 nh6c8fz oz1a7a2
Node 10: 9met5a7 o7wdeoc
Node 11: sva1lxb
Node 12: cbkxi42 t7tcb7t
Node 13: 32iktzy
Node 14: 9ltem1n rdf14k1
Node 15: od9r0tk
Node 16: 1q7uy6u
Node 17: 8lnpvhu kiaihp7 l50imfx qf77i5w w0097ga
Node 18: p3o8cst
Node 19: d11ofqn d9wp3tr sdn6t14
Node 20: mto4keh
Node 21: owbaxb0
Node 22: vw8ov7m
Node 23: tn59ap5
Node 24: 6usvubj phd9eon
Node 25: nv5fgb8
Node 26: 1ptskgm
Node 27: remu8fo
Node 28: vcjc0sg
Node 29: 4lgk9ye qc5gva9
Node 30: eijs6hs
Node 31: a0e0eox
Node 32:
Node 33: qmu9juf
Node 34: ak0w0w9
Node 35: e35eolm
Node 36: 1k49xyf
Node 37: 0pl3rmr
Node 38: ktsqcpt
Node 39: okl5e1s
Node 40: qgb6oqz
Node 41: hot6q60
Node 42: nmq3g8n
Node 43: upddeal
Node 44: 4tbgidf
Node 45: jcsuswo
Node 46: 0yexm7h

Node 0: dw9xkyz v5zly4z
Node 1: 0n81dgp 0vuwamx 19wpgqa 2hz80zs 3fz2wec 3pbp927 h5moyot ld1iqrw qw7ngpx vcllj1k yefg22t
Node 2: 7hwujvs ebs4rxv mvzgvhn pcq672n
Node 3: bx9dx56
Node 4:
Node 5: 0o5zp7w k0hbqyi lgqaiaj
Node 6: k5ftayx
Node 7: 92o160u
Node 8: 6zasguq fko5o34 j1z6uqo y2hy5gu
Node 9: t3tsdha
Node 10: vlauw6b
Node 11: 2j16n7u 5zqkvbb g3e0fko gzocxoh he5umsc rnele04 yfq9td1 yvf87p4
Node 12: edq9qjw ngqqdir
Node 13: digyjc5
Node 14: c35rn7q nxubor2 z649vm8
Node 15: 08j751f 4jk4dj5 a34xmlj frp73js qoxcx7n zpdp7kx
Node 16: wpwy7mb
Node 17: 8v520em pegqfuo
Node 18: 4ecxry9 j4vmgnq w1ikc1a
Node 19: 8yjmlak fziefzv i0cdr6h k6nzq0p ll012m2 msnfz8s opoizsu r93vqm4 wbwdp91
Node 20: d6o2mug lez70t0
Node 21: h1nchs9 m5dr73s vcemv07
Node 22: d41ybma jbaqghq s7g17ij
Node 23: affkkxe
Node 24: 02wmriv
Node 25: 62aypr9 etvpyj8 gcwkr2x y12ey9x
Node 26: iguhdet
Node 27: t1isneq
Node 28: 5mztttl
Node 29: 3iq7xf0 95xzzwt
Node 30: bx8yjds
Node 31: ga5jw8m
Node 32: 37p9h9z
Node 33: wglx8i3
Node 34: vnr0gij
Node 35: wgx71gf
Node 36: 5pm3325
Node 37: 4px9bzw
Node 38: 8e19tuo hxgr9w5
Node 39: dxuu6id
Node 40: 234noba
Node 41: fh2yjkv
Node 42: jn032wt

Node 0: 2175u31 ntj0c3a p93a5wj qmejj95 v773gk3 wdf51q4
Node 1: bnafnhj gac3t0d zx24lnc
Node 2: gcdlyhm
Node 3: mpxqmdq
Node 4: fs68aed
Node 5: r1r1y0g xnp8f74
Node 6: 11fhbwg
Node 7: 07ltb7p

Node 0: 43415t4 8rcj5cu 9elcr1a dapgtqc e4b5da3 nxv9lfe p68nau4
Node 1: 6niir3q bywlxl5 d13j34q
Node 2: 1c8iqa1 700s6bt 9zg38j7 bg0poud c6r0v0x f1rn545 hikv06h iir8qgv lxck5g9 np83tos oi9w2m7 ul7q8t2 vpzi2yr ya20vjr yll4z3x
Node 3: 0d1iend 34xmqr1 bpa4tgb
Node 4: 7rg6cln
Node 5: 7jnpl1v i46js1r nibmruw yhe7zm4
Node 6: i7i9i4b ss4yetc
Node 7: ce6i2sm k2cc7dd s9aswgv tv3et42
Node 8: ilogamb
Node 9: ir4fk1r
Node 10: a6h5090
Node 11: 5zu82t5 8to4bix t0od2tb
Node 12: qnfq0k8
Node 13: k0rkzhw
Node 14: i2wa079 pnlncu6 tbs39r9
Node 15: qk6x1pv
Node 16: 75e51rh awotwr9 nnsupr6
Node 17: 4ux1s1w s68xd26 us3h7ee zps2bo6
Node 18: h8bf9kl
Node 19: wbijmy9 zbnqioj
Node 20: ujwss7t
Node 21: 5fyx3aj no8l9k6
Node 22: kza3fo2
Node 23: wtbob0l
Node 24: uwi6ecp z33h9fa
Node 25: ed49txz
Node 26: e2se41a
Node 27: h1h13ln
Node 28: gsvtmb5
Node 29: rjqg6lk
Node 30: scfx046 zpzu5u6
Node 31: 9gz9iqv
Node 32: 3jbqs99
Node 33: j51xkr2 mj3kt89
Node 34: tfd875p za9lmzx
Node 35: g27qjpj
Node 36: lmepbxf
Node 37: q488pl7
Node 38: koc2iub
Node 39: 1wr1vfd

Node 0:
Node 1: 9f0tuic
Node 2: brh151z uc1vf0y
Node 3: 5b60xgt
Node 4: o3k9k4r rlyai6d urj02nu

Node 0: 6a9ozlj ixp9cz3 jcoubsx rzncren tiusy2k
Node 1: 2m4d1gu 3e4vnwa 9aji152 bk4grct ew2qq8j s6ey3ae u5rjrou
Node 2: ajo0q78
Node 3: 06wv5rf ah3vql5 cjn2jtg o06x0bk yzew1ty
Node 4: 6djflqc bu6xuuu
Node 5: hk8xnal
Node 6: x4j9tga
Node 7: cqkr4qj
Node 8: c1h229e
Node 9: 3i5q5cd rrlv2l7
Node 10: rgyfmss
Node 11: a9oywai t3uhte9
Node 12: pu72233
Node 13: emqmq29
Node 14: 8mhrxw4
Node 15: e6vh1ud
Node 16: o9uii1m z94mv79

Node 0: wkoqrdw
Node 1: z4hyen2
Node 2: ghm3sxh i8016xz kmberx3 qre5tz2 wrusaju zfw2ldj
Node 3: 6l4jdst uta4c80
Node 4: mr3ou7f
Node 5: 12ocxv1 6h4yrkb
Node 6: 8zn4pp3 f0qe9ll ywtz1yc zuw3xy1
Node 7: 3m7owol 5irow3a
Node 8: ch1ey2h fbi3l0l
Node 9: au647uw fnjac2p
Node 10: 7arehdo 9eyb5d5 cpj4kuo gejqpz0 jchb509 o04z8qz qiq0ntl
Node 11: dejl31w
Node 12: 212ckao
Node 13: frouy5n
Node 14: 54i5hrj k1ljdsw kzvprt1 nie1kwv rrdnwba svqtg8p teopbf7 wbd1tdq
Node 15: sadws0r zxgabdo
Node 16: 79swjau
Node 17: 46igjak 55f4pxp 94jthwc rwh5no9
Node 18: x0kb5xr
Node 19: pp1vg39 zy2pxbm
Node 20: q9cndrk
Node 21: 7ip6hkl
Node 22: 67hfxxo f9v1ut0 vntoeyg
Node 23: vo9b7uv
Node 24: bo8x2vj
Node 25: 7lniz72 aoqmqjz
Node 26: p4zv53w
Node 27: 0ezhwv6
Node 28: 7h722bz
Node 29: cfacj9r cs67yau iras8sp
Node 30: zjot6v4
Node 31: f19meyy
Node 32: 1yecco6 6k1gwhr
Node 33: aeocha3
Node 34: z2kwpio
Node 35: 9i4x5qk

Node 0: 2vrz7ji
Node 1: b6kbafm f6xh9xb ft6ujmq h055fow j71gu3x y0kdsol
Node 2: n6sh9s1
Node 3: rc11mwf
Node 4: 3k22228 9dwqsw5 ib7i81j kdo5bny ypwfcvd
Node 5: qdeue2e
Node 6: 0yq8pm9 5bfchk0 7m96r1b i9elgkk idjr4ah q0cvoo9 v3iqd6a
Node 7: djwf6zj
Node 8: v7x53tx
Node 9: 11bp8iz 3776kpm 9txowdf d2xm7vw k0tlmqk lps8g9u mf955r2 nv3c16j v4i44i2 vprb4ds
Node 10: t90rztg
Node 11: us023za
Node 12: 2bwjw3f
Node 13: tqpz94j xwltl99 yl5rlnj
Node 14: qspxhmy
Node 15: 77wb86p 78z7tna q6yuwmz
Node 16: citvnur ghrjq7n kzhbxob ldxym44
Node 17: 5lh73xx 9o391hu bise4gq nfz94l9
Node 18: ntwo0qj rf9j6oy
Node 19: 1t79ply
Node 20: egopqgi kpz73py
Node 21: 0430492
Node 22: m367syw xno58qi
Node 23: 2q3nte9 8kgx6un
Node 24: 5wl5cmj ud6imus
Node 25: iiahwsw
Node 26: 32j9hqp e7n71pe
Node 27: nlmm2h1
Node 28: 6337cmw rn7wbv6
Node 29: inwitzj
Node 30: 5n5bcan
Node 31: iei3kp8
Node 32: b9fuzxz
Node 33: 90mhs17
Node 34: agfjzy6
Node 35: uglieqc
Node 36: 1voqtzr
Node 37: 7cmk2z3
Node 38: fslz6eh
Node 39: 4kpxx5q
Node 40: oa02k2f
Node 41: pu5b0yf
Node 42: c2qr1gf
Node 43: pt41fvz
Node 44: mppcmpj
Node 45: n9gwvog

Node 0: 14l42jj 2f24672 44p3sjv 5f67u2w 9kqp9bu m5o1ur1 q70j94j tmrt7nq
Node 1: vcvmpxd
Node 2: qhbc07g
Node 3: 1wyxg9x x39eat3
Node 4: 2hzrhaw
Node 5: lcad5ty wn3ag0m
Node 6: gp9jeva phcnnlp v1jzkam yuk8h8u
Node 7: jz8na6a pebjs45 v4tyaxf
Node 8: eiswol4
Node 9: meqqppq
Node 10: 2kpikho
Node 11: k2umyxq
Node 12: rmlmkg5

Node 0: 73tdcv5 7eenynh 9px2qvu dwj44d8 ght7g5n l4olosq
Node 1: m7trqpd
Node 2: pz3uccu
Node 3: 3d32wst 72igj07 941svcr jxhdsrc kb0ya0k rd48n7c
Node 4: umw8wlu
Node 5: ysp9ndy
Node 6: 0xjc6mv
Node 7:
Node 8: 6dygmgr pnahjhd
Node 9: 3khyvav t5234qy

Node 0: atllgps bsbx6qj horvspb jgyx45s lrev271 nyt4b5i qaudw2c t5xf9x8 y5ae6y4 zn3j9u5
Node 1: 4zompwo 54wgd4i 74o3umn bdswoh8 jzjmvgf ndecc8m p61u35v qo6gbp1 ro3syxy zt4znwp
Node 2: 03cek9v 7urjcjs 8ji1bmw f7308rc smcbdp2
Node 3: fxei35h
Node 4: hyzvrtz
Node 5: f521ylz
Node 6: 2n5nvsa 7axou83 cdw1vw7
Node 7: dbjlnbb
Node 8: 071ql4g vc388co
Node 9: it12f5w
Node 10: gswggne
Node 11: 6azom9i ck0sxas
Node 12: 892tkbp
Node 13: 8glfg22 97rksex s2fa6hy
Node 14: 6i90267
Node 15: tea9hqc
Node 16: fo6susr
Node 17: 44godbm
Node 18: 9pmqfqc
Node 19: l5od308
Node 20: 7s3l3yj
Node 21: yb4db09
Node 22: 7s2nds8

Node 0: 0vs1gu4 20wws1c 5jb8hs1 db93e1p egr0g1n kzzprr1 paamz3g ryov4v0 se1sxdr zcj11gc
Node 1: gxpvt2h nov0rpc
Node 2: aq41wx2
Node 3: a2i82v1 ihmruz6 nmpo0hm
Node 4: 0jdqyhq aqo15lt h4210xq ue7vu8y
Node 5: agxlu45 wcf7a40
Node 6: 0392r6l ifip4br rgayk5u
Node 7: auqy45y c6vd2fb fnpiv64 tuki6uc vl03vah
Node 8: u06zo39
Node 9: jfjl7xp
Node 10: d2jxeen ufwurvd ve30j3d x48tn7g zimz380
Node 11: uaiaz50
Node 12: 4fa4ai9 94m4cnw thpo8lq
Node 13: o0fakc5
Node 14: 31rcazv
Node 15: jy148t5
Node 16: usdt15z
Node 17: 3ue52oj

Node 0: aocs7q0
Node 1: 2pyz6mh 3iaa6vt 5yf0aui ddo519e gqa0da7 j94takw k89c135
Node 2: y5mmjcz
Node 3: 3kl5wnj 9btry8s npygnxm p6pawve qkw4v58 rxwmhlg z8jzbe5
Node 4: 97bl5p2
Node 5: wzr7guq
Node 6: wqgw7vi
Node 7: ftobcvj
Node 8: nfeu4ci
Node 9: gmrarkn
Node 10: sagn6zq
Node 11: x7twc04
Node 12: eoe5uxy
Node 13: n2ay5kx
Node 14: sn4f410
Node 15: 7fjjf5p d2r0zla pcpc5i7
Node 16: 50n02yw slkak3z
Node 17: g9yn0cv
Node 18: 40ppxx6
Node 19:
Node 20: 4w28pqd kv4wqkq
Node 21: 9lmxnrd
Node 22: empl89h
Node 23: 3jwzeab zojshf2
Node 24: yv6tf54

Node 0: 1xbviez 31rfo0x 7wx9ack cgmmdes ey6y1mz hvaurby k19sg78 k93cp9w mbspl6c pg9vrxj
Node 1: igf1ehp klbhsgl
Node 2: 6vu35wq i0an38i ulz74l2
Node 3: pn83s5q
Node 4: u1qxmjr ujo2fyi xlelk0y
Node 5: amrefpg d4hsq53 t8xw0tt
Node 6: 50e67bs a7sizwa jzm70q0 lu1fzbt t0re1fc tu282hv y1cv7s5
Node 7: 3erlmbr 464rew1 5ncktyf gzwwc0j irql97y ksq6ceq v50nm06 xu2r4j4
Node 8: v6sqgif
Node 9: tdou4y5 ukxf1cl x8om33o
Node 10: 1hk1wb3 bzuisa5 y1ht2gg
Node 11: cuxv713 p412c0l
Node 12: mbh6m8n
Node 13: f0lblp4
Node 14: 7jaq4rd 9y2ecfx c21eqjl ec8kve7 ggxhvdn uocx0jw
Node 15: zi0qpys
Node 16: 3g10id6 gt5b8pt
Node 17: 0ii2wfv 4rb3s5b av08fal
Node 18: 2tdt0ob adbwdvh hvlmvgt igngp7t
Node 19: jllmnra
Node 20: j9h1v4g u3o10vf
Node 21: 4xlc9w9
Node 22: 690nekd 6gtdzg6 9kpw8a0 luey7j7 tv89kbk
Node 23: 8wxmc9t
Node 24: buib5tk feetitj
Node 25: 22jwx9h
Node 26: 5b4o4p4 irufpqy ot5g8r8
Node 27: rapdrf9
Node 28: bz2ctd5 nup4927 scj3t8f
Node 29: ltspv6j
Node 30: l11u5kz stibhv0
Node 31: 3tf4kjt 4nrgn8w wua4c8h
Node 32: gajftue
Node 33: 8bkoexo
Node 34: 2dvme5z
Node 35: w5dc4wx
Node 36: hdggdbe
Node 37: jip6efu
Node 38: eck08ht xgqy96c
Node 39: 4rydusu
Node 40: 63zeydw
Node 41: d6srbk4
Node 42: c3yg0bf
Node 43: 7suuzri a7hvupy
Node 44: gkykg0s
Node 45: 55lkk9e
Node 46: nc27kny
Node 47: v5hr3v2
Node 48: 0tz7lvf
Node 49: dpik879
Node 50: 3mcz1th
Node 51: 25roi9j pu1y9dt
Node 52: zz1oygd
Node 53: 52n2yj3
Node 54: iqr7bvf
Node 55: yibkx9u
Node 56: ijush6n
Node 57: 3pbdnsd
Node 58: ao9nbco

Node 0: 7aiglgw 7xmm4qs 9665fri b3nu28n dh9yzsv jiz97r0 lindxl5 m24maau q44em97 r2ba2ug rgjzhy6 s6jmrbi tsz8p6y uh4w4z1 v9qau2b wvid6lx zdfwmdv
Node 1: cs3b8zd eja8gpp hii2x95
Node 2: ios7aew keoa82q vau4oic
Node 3: d9vgilc
Node 4: a3tb5je
Node 5: 0k5qhv5 1vcokq6
Node 6: a9epx0g
Node 7: 9jz7vgu mt89z2v wglodu2 z6wruis
Node 8: 5bsxcsa 9ay1vfl c9fcx62
Node 9: 83eyk63
Node 10: 0lfj6vd
Node 11: ssuthgt
Node 12: 39z0bp4 7t172mt gnmwr93 m11hus0
Node 13: o1a2j18
Node 14: 41k27xd dh770xi hvda3k6
Node 15:
Node 16: 2rpwtqm k74qkf8 lxdfqfz
Node 17: 8kdxk47
Node 18: a7jrfss e5a8uiy
Node 19: 5445pcv
Node 20: dug5z2z
Node 21: wdc3l7w
Node 22: sughf6d
Node 23: yh530v2
Node 24: gbl67my
Node 25: xoym3oy
Node 26: veisp7v
Node 27: 5i6gr1f

Node 0: 231rzhi 6bvt1g8 7n0csa0 aas0nd2 cfayz8z gubiwvf k4vg1sl rjkw9xs vjyyhr0 w7sisa8 w9329wk yx9ijsm
Node 1: 6hvcecc 6ti0r0w 6ygaqd5 e6ay0zf ispi880 kyqjg9s laxdd8v nqvzvuj p4p5xnd phbxk1u s50i2zh y22mm0p
Node 2: 7ggbtir bllgh4o
Node 3: bc9kgut
Node 4: 2s9zeel uo48ods
Node 5: ad602rs d65l139 ru4vxwk
Node 6: srp8uu8
Node 7: 370b0lk fq483ij im697en jf8gvtt pi5r42q porxxsz pvr7whw wy3ltbo
Node 8: ds5lz9y
Node 9: 7ypu154 f2fhoea ppuqyh7
Node 10: 3594izo o1sw9gy p31with qimyaty r8zbspr
Node 11: hslr022
Node 12: 21w2t29
Node 13: aj8lro3 dslk0x6 gluiw2h ofoevfq s9nzq5o
Node 14: abzqkp0 nvqt44n
Node 15: qi3tqem
Node 16: 5aq1ij0 bvvfue0 qd55858
Node 17: 9ogxyfr
Node 18: hi90ce5
Node 19: gk79rgf
Node 20: kognyyw
Node 21: 7fq8543
Node 22: arz48o3 bnmezxy ehshbyw
Node 23: 407yvpx 83g4sjx 8ejnmyo lrsovod q8pf7ze
Node 24: 0lb7mu0 5g0l8ls 6zo6dye ghmxe0j s0b0ajb
Node 25: lu4bgsu
Node 26: 69766a6 daxymth mnsmxgb xmq9kgg
Node 27: o58dlju
Node 28: d6pwi20
Node 29: 3h7u6ji
Node 30: 6yr2whk
Node 31: 46u9fiw yakspv9
Node 32: 4fkfivc zan3klc
Node 33: 9x3bs8k
Node 34: 29xrcu4 uhqha57
Node 35: zmwh9wx
Node 36: orhill7
Node 37: ey03rr5
Node 38: 7alcqdt
Node 39: ggij1c4
Node 40: 18hyhk3
Node 41: vudll02
Node 42: hr4gi8b
Node 43: o1sax1q
Node 44: euif913
Node 45: echuidp
Node 46: 4wvij9b
Node 47: twdy4jl
Node 48: 61as7hw asyrktm
Node 49: 2b52bn8
Node 50: lg6g4ml naf5jbd
Node 51: 9av63hd
Node 52: eokayru
Node 53: 6fmc8ek
Node 54: ircvkbk
Node 55: miekjt6
Node 56: cfkqt0c
Node 57: 8gpxpnp
Node 58: eoiimd8
Node 59: 8b2sodv
Node 60: khyuxsl wq3lymh
Node 61: 0ubj8l7
Node 62: tvj76e6
Node 63: i0af9mm

Node 0: a3wwgs4
Node 1: 1nit8uc 2ldmruc 7fvoqnc 80w2vlx 8bcct67 92dbj67 bjvso4n bz06duj c4wvf8c k8yql5k n9qklfu p3g07ra z0vcr9h zhi0e6p
Node 2: 5akfq0m ggluomb j3kenyg
Node 3: 4r3izrx 6qtybpu nn1uc44 z1t7xx2
Node 4: 1uxz9ac 3wzu0ub
Node 5: 2iebw1v
Node 6: 8iytfij 9idb4zc ev9dnx3 rswku4c
Node 7: io5bedu
Node 8: pl0ijng
Node 9: qmfff2j zrq57nr
Node 10: psakexn
Node 11: bq08fsk
Node 12: xh98pjd
Node 13: 9drspma bf21utp rd0aach
Node 14: 21kphrl
Node 15: hdlnv4c pvmqjqt uk57qzz
Node 16: 4aio7wx
Node 17: 2mmafbe 8vqnsoj
Node 18: pe1odmm
Node 19: snpmrb5
Node 20: 34iccvu
Node 21: 4gdsew7 gzt72h0
Node 22: puocn7h
Node 23: 47uezic
Node 24: 0sepi9f
Node 25: 8mbzb9y c0rkyro
Node 26: 97lpkgm
Node 27: 05lq2wg
Node 28: vgdgrah
Node 29: y9ofkzq
Node 30: gmw5upw
Node 31: p7wr21l
Node 32: 4n68a3r

Node 0: 3iec1dk kbwx5w5
Node 1: 0vnkziv 3whwzue 5wlku62 69ql3kb 7uac5ad 81767gv drxzx6j mezezjl n446b9e qiyfdef yo8x19x ys1m0um
Node 2: 04xdtyz
Node 3: deufy91
Node 4: 25xjxhh bj3ga5p f9dyeqb
Node 5: qfbc2e0
Node 6: o52hznh
Node 7: ccinu1o f4jbxh6 w86xlq8
Node 8: hrpmild l9a4g7i qz50uer rfmi4lk svz8yjf xou7w3f xupktmz
Node 9: tplcci4
Node 10: curt36t
Node 11: 2o3q2kp
Node 12: ohpmlza
Node 13: 4roo0br
Node 14: 1u0985x tj314lz
Node 15: 8ef4gbj
Node 16: n1pyfad oy4t43l
Node 17: 4eag1ma
Node 18: d0rlpva hmghugm in5bjm6 plzs2lg w3u1nte z4ohtl5
Node 19: 7tybtcr z20bbuu
Node 20: 4mvk6lg mq9ovz3 o3miv9n tr3zftd
Node 21: 8robttd
Node 22: 7yqdtwi
Node 23: bcsottb
Node 24: 7y3h269
Node 25: lwuu15i
Node 26:
Node 27: boq1ui3
Node 28: qzqalax
Node 29: e37hdaw
Node 30: kc7md1s
Node 31: hrgfyo1 nszkin7
Node 32: kv49ovv
Node 33:
Node 34: ovg22ys
Node 35: agczf8t
Node 36: h58pq17
Node 37: crc60ba
Node 38: kh30y92
Node 39: 9k4ub0t

Node 0: 03rk1np 7cjgb6u 9llw31w ckcel54 e9d6ari icrqd46 jze1u01 k311cl4 ox1nmuj pfi1crn qes9h4a vad2jn0 vnez7cg
Node 1: m7mbadi y5ih92t
Node 2: oejm7eg
Node 3: 1zp8onu ixqntkk
Node 4: 5t91qwq eohniz2
Node 5: dnitxkr
Node 6: nsw3xna
Node 7: e5z6rjr
Node 8: m7kvpvm
Node 9: mgc0r8r
Node 10: e5zaqi6 k4g12rc yqmh64h
Node 11: 2wz5w3e 3jr4vj6 6igc84e 9kj4veo b0wbgsf gmh3lph tdmwjg6 wxv9178
Node 12: 3r7i8qc
Node 13: hsdymn8
Node 14: hcu7us3
Node 15: h7a8x62
Node 16: 6ieg72e
Node 17: 3get6x9
Node 18: 0xz0guz
Node 19: 5ik6ux3
Node 20: 9oz119h
Node 21: w7m0wtg
Node 22: s5as8l2
Node 23: w3cao43
Node 24: s4xje73
Node 25: 4zjj435
Node 26: 42lu87z
Node 27: asj5vt5

Node 0: 9ijlab6 c0hdydk nuv1g4k r7q3cm7 z6odzft
Node 1: 1u6e6ny bw5wegn
Node 2: bkbfvp5
Node 3: uffej5m
Node 4: 55nhkpg
