Node 0: izv75lm
Node 1: 65we6d1 6dtkukc 84n63kk 851tpqx j32205z kq7mwz5 ndu3a8b zsf71x5 zza1nu1
Node 2: dfq7847
Node 3: xpavgy0 yxgsgkz
Node 4: fyuyc5g
Node 5: fbacs2y irdmtet j38emuh jidj03c rvh5a5u
Node 6: cvm7uen qzishah
Node 7: fwvvhf7 uenlv1s
Node 8: kdb83y2
Node 9: asr8jrz erqjq9i
Node 10: x9af6ds
Node 11: 2p8zhmw
Node 12: mbqr8ks
Node 13: 6z7urdt fukhaj3
Node 14: f9mszy7 z0h78tu
Node 15: 12qjwwq 9y7l2ek gdehaf8 h799upt inlhp06
Node 16: 9snpt28 eh2sdeo
Node 17: 0y3zsua p59sgau
Node 18: cinpt4z
Node 19: kcvv9m6
Node 20: 6zrzjm6
Node 21: 9h79lho wsectk0
Node 22: 1g5a0j9 qlefj3y u0k4x2w
Node 23: 994c6wb fsvjkft
Node 24: fiunj9r
Node 25: gvtfeig
Node 26: s9zxfyq
Node 27: 0o0tsbl 0qwsz74
Node 28: 9e3jypq
Node 29: oy0nq1b
Node 30: zbs4ghi
Node 31: qf00b3e

Node 0: 3fi4imh 5jutjwp hox9m50 ij1ns0p mhofkr1 olfbk2b pth4n3b
Node 1: 26rkmvp 6mktrq7 9a23jka
Node 2: 0m246ub 1bqnc8f 9b3lwer t8i6qkg x7y3mcu
Node 3: 03bycow 7of9tqu fevkytj r1a4u4p s20dpcu
Node 4: 21mzxix nepb2ra
Node 5: 25z4y5k 5jc0pys 6oayuwy bnlju5c lyl3rf8 oz0shgf seeq8g6 vf833zd xcp6gkk zbwcgn9
Node 6: 5r8x0ku yz0d5lh
Node 7: 876pykw
Node 8: ltymq25 ywfhdiq
Node 9: yeg09lt
Node 10: 3mer0jj 4dykzkx 8shkn8a h3vu2qt s8qscmh
Node 11: p7p49q1
Node 12: d4a91h4 fk6w5ba hl8fiza uip9sya
Node 13: jk4myal qygx64h
Node 14: v2i1wtr
Node 15: v4e9g5y
Node 16: fhe23r6
Node 17: d6k7aoa ymguqtd
Node 18: 9bxopa3 b97ct8q
Node 19: d0vdsg4
Node 20: 7fxynab y62oo2n
Node 21: d72w9k1 jfcgfum
Node 22: 95xf9jr lz3n2t8
Node 23:
Node 24: stk4say
Node 25: k384ac1
Node 26: el2fn74
Node 27: 5gn26k9
Node 28: 979z381 jh5x0wf
Node 29: c6jej2w
Node 30: dqj2f9e
Node 31: n8x8vmh
Node 32: y89g2tc
Node 33: wv65q2q
Node 34: ckhh2o9

Node 0: 0csprj4 0r7hmmi 1qinsm9 2856z4e 2n7hfod 385ozgt 48ttr26 4sn8ipc 5k1wze3 8aj0gdw 8m46izb 9i7aq20 a8dqi7g ak52ry0 ctx8ujq e33r202 fu3mh6g gx3fcdz l3vm6s8 lezy74i mcn0tqr niqm49f pbi1kx6 r03myeg sdrcep5 uu906hm z2xrltm
Node 1: or903n3
Node 2: klns786 r468t6e sfc39ab zohlr1f
Node 3: 777qbmj gasg4rh t10xsj0 ux3x1q5
Node 4: hv5ohc5
Node 5: gnx6w0y mrnn9pc
Node 6: 0nzbbtn 7pe9ld8 qqry01d rpo6yfd
Node 7: dvy55ka
Node 8: ynxzqs5
Node 9: jg5moux xw53pkc
Node 10: dhw0nbh z2sqius
Node 11: v45sku3 x5q4sdg
Node 12: cdsek3a gy5im1x i3pxpch olx35e7
Node 13: ad8x5is feuc3q2 xj8xdf4 zkwhxvc
Node 14: 3mdw1fk
Node 15: 7aq2n3t
Node 16: 5d1yms4 l0r1i9z
Node 17: e9yb424 eis8749 m3262ct rdptoi9 wk2x2sb zwgbw6u
Node 18: e4lhcgj
Node 19: mjce4l7
Node 20: ky2dfps
Node 21: oeqy8pe
Node 22: 5xrzfke sz9k6ox
Node 23: 0fprhzj axv8bbf
Node 24: a41nkm9 lc988bz
Node 25: mxk56b6 z806l37
Node 26: 7v8yr5r gyz4toe n0fv4je
Node 27: wo2orme
Node 28: gqcuh42
Node 29: e5ja9kh
Node 30: 1yh5rc7
Node 31: 03m653b svhlwnl
Node 32: g5d1foh
Node 33: jqf2od1
Node 34: fsk3xl1 zx7k8hq
Node 35: v53bx1u
Node 36: iyixg50 svzed6p
Node 37: q472vzr
Node 38: 6b34yjp
Node 39: szx67to
Node 40: o8rijue
Node 41: kdlis8h
Node 42: v6z9zec
Node 43: t0mhn87
Node 44: s6v8u35
Node 45: lvpparv n0lw9n5
Node 46: 3lhdars 4hba1fo
Node 47: ff5qaeu
Node 48: 1hi0lsu
Node 49: 9b2ig53
Node 50: 7ffakfo r3icum7 rpzar7f
Node 51: cpw04k0
Node 52: 30jeb1n nb4eqy6
Node 53: bxokjzg
Node 54: 3zmny9f csetffn
Node 55: 5u6uj1c
Node 56: ky8bcdj
Node 57: u7o6n14
Node 58: rr4grn8
Node 59: zfeefnu
Node 60: jwcl63a
Node 61: 9xnfg4f
Node 62: zn4e6tc
Node 63: 65ofoxc
Node 64: 276dx0c
Node 65: e38cdmh
Node 66: yxr6fsb

Node 0: 1sut2bs 7v1spli 83b2ene dd88by6 gpkjhxv k0oyrnn lbhdfr4 uv049k0 wzdjmlb
Node 1: 3060un8 3ukfq9a 4uh4366 8nbjtkg 8vz7vkk cfcw9jh eypxqzb f6ipjun fou2deb fqe7nae gkotfqn h88ud2z hfd605y i0i4a5i l25a58i odm2po3 p3usu2l pfkda0p pxsce6n q6vnhyl q82e1ym qmantmb riihh9h u0jr1y7 v8dis1h vyreryy
Node 2: nptaxms s3yiyn6
Node 3: ruas1jd
Node 4: 4al18ej
Node 5: ayb2l64 i9vnbfi x1dpg8d
Node 6: 2xhlqsf f3opf1c h8kwgw4 tddkm7y tyddeu2
Node 7: 37cszv6
Node 8: j9pqdj4
Node 9: 56siyie ay5pp82 txg505f
Node 10: 4cvh2dj 4ij51in l6rdl1d ubcr80f vzy5hed
Node 11: xbyhoo9
Node 12: 0t9mqeh
Node 13: 6rzk1ot khek4o3
Node 14: bm8qb63 pqqevnr vi370qv x4s2ar7
Node 15: woan266
Node 16: 3nbuat4 52tg5s4
Node 17: 9yj8tkd
Node 18: d2sap2f
Node 19: kxysjps
Node 20: dpmedf4
Node 21: 9x10xb3
Node 22: 84ihbr5
Node 23: jfa2yuc
Node 24: phcvlla
Node 25: gwjkctq
Node 26: dc312ih
Node 27: biyfdaa
Node 28: ro3xalg
Node 29: welwvi7
Node 30: swau9xp
Node 31: prp4eau
Node 32: rkiw5ge
Node 33: 1t5a2q1
Node 34: 59d1iyg
Node 35: khym206
Node 36: p3liwtg
Node 37: jbbadov
Node 38: bw3zqvb
Node 39: zz2npzr
Node 40: r4brdyr

Node 0: z42fs2e
Node 1: 0fhbfrb 2cgz2n7 2wyuby9 3cla74h 6259smw 6gl7ahx 8xsi3dy 9xw5ea4 ajjrv4y friknym kabwnft mbckj0k qmjmy0p qmr0s5o rpmpfvz uqr5hyy y9311k9 zd1hp42
Node 2: cs4hjfb fgoy3oc fr8bi1r llrptbo tk8j4x0 u4y04uw vipj8qo zxqdcqx
Node 3: 50tk3po
Node 4: eumza9m op8ze48
Node 5: a6zkq4m ivfxw2f l74477a pwpr2t4 qeofqbg v8duyg1
Node 6: ows1q9j
Node 7: lha5pbc
Node 8: 4sphtn9 ijtus6l
Node 9: vpz4hdb
Node 10: lnk02qh vjjhiw0
Node 11: lz0z0d7 tfj3ob5 vl4cnt1 y7m4asb
Node 12: 5i1ko2e arra4gs ea0aqbo mw68k78
Node 13: aufxopi gtx3vwh
Node 14: 9rmj66g qbldggl
Node 15: gn5ykvy
Node 16: 5iou88c ojdrtw7
Node 17: bkljt30
Node 18: a3gadk4 bcjzt4x
Node 19: dllfu87 e4jwo8t hlp8gzp
Node 20: k9fkkkv
Node 21: odbd18s
Node 22: 24bpf68 ifv5z6o oh4x2c5 zns8kng
Node 23: bhvrj13 dyb8077
Node 24: 7e5trro
Node 25: 9j69bn9
Node 26: tdh2cct
Node 27: 5votr10 n1yb958
Node 28: hq2b91w z2bht2g
Node 29: 7o2opp0 hbf92ac
Node 30: nv5hy94
Node 31: 8tzlm6g m8ub1cc
Node 32: 69vwjzv
Node 33: psdfuy1
Node 34: zd692t6
Node 35: r76qbec
Node 36: 4k997wd
Node 37: iizv3dy
Node 38: ascf1en
Node 39: 1u4nmzz
Node 40: 5ma8ujb
Node 41: n20qoqv
Node 42: 4ijk4a9
Node 43: 8jfl4rc
Node 44: nu9rq65

Node 0: 0950lq8 4v9ulgu kvfqhei l15kzgt smw8uio vl0ymyr zqmfwzt
Node 1: h49ian1
Node 2: 1rhqzse 3s8n88i 873mxhs onzdr6q
Node 3: 5l0yu13 e84nekk u9z2y3w
Node 4: 0yyr2us 3ro5vsv aop8ese sxpz8lo
Node 5: 1m6wsz2 wmvdlom
Node 6: 1jott2c 1jul8m8 7mwi489 vyfumxo
Node 7: 727vk6d 934aybs fdoxi1k v98w1e0
Node 8: 95358yu
Node 9: zlramuh
Node 10: 6u8xt0k
Node 11: 3twxty6 a8ixfva
Node 12: 245e5by
Node 13: xintr8t
Node 14: qjs6yfq
Node 15: f4shxh3 gvm624o m5hgc33 rjsqcmc utdvwwt zfqezji
Node 16: gnanoyc lih3g4x
Node 17: 7vq8xwl eliuowl
Node 18: 9kwsolx slqpxvc
Node 19: 1v73haq
Node 20: 86rvjpm
Node 21: 52dpcsf
Node 22: 9sdf39b
Node 23: dm69ikm p2jytvy
Node 24: 6hjszt5
Node 25: 29dll2z fg00fw1
Node 26: sj4qinm
Node 27:
Node 28: 0iyukac
Node 29: gs7xzp2
Node 30: 4nvhj71
Node 31: uczz3su
Node 32: 0e7021x
Node 33: efl0gge
Node 34: yr2151h

Node 0: 8pe2xl8
Node 1: 6a59isl 85spwf3 am2yczo gdgkk86 hxz9671 msly9sn wcqqjuv x4n9nzp
Node 2: mos5d47
Node 3: 0b8hqz8 eye0kzq oowepxq vxpy9y5
Node 4: 54ay059
Node 5: 4h8pojk 4idjfch 6nxugb7 6p590pl hzjrf9j lxg20ev lzydc43 m4vz9dz n026trc onihplz pblbyo4 tnkd85n vcv9lwh wuc22wr x2emmr1 zdgcwx2
Node 6: dycm1h9 io4evg1
Node 7: qdxf839 vfrye3n
Node 8: bxw1uqf
Node 9: a2oij2x
Node 10: 4gj7k5m go0po4n
Node 11: vli09ge
Node 12: vd2064l
Node 13: ys1l85m
Node 14: glt3pi6
Node 15: fbcc9b7 uc1vaek
Node 16: e9s4asj
Node 17: ns8bgux
Node 18: h4tvqvn
Node 19: eb1wuaa
Node 20: qu8z13b
Node 21: nmk9qbn
Node 22:
Node 23: lby0pvv lwyvjrw qmphgph
Node 24: 03anszg
Node 25:
Node 26: h65olxe
Node 27: hv8qdc7
Node 28: 4jk4y0e hk5pded
Node 29: 0vx76sy
Node 30: p7feabo

Node 0: 8vapv6q
Node 1: d6ip6fv i529xep kjuk07z nhuo57v qpdazyh
Node 2: s4yidvl
Node 3: ac4omro
Node 4: ew4eg5o rqznqks
Node 5: hwpmmrl jy15w8r uduka6t
Node 6: 56jizpi iyl75ob o8hc9ag sw4cjoi
Node 7: 4thdg43
Node 8: b9wjcfg
Node 9: 3q5fvoi 7r9kn12 an0nylb umzlvqd wrshtwe
Node 10: 9r4qj4f l1npzrf ojlmuux vhj5crm
Node 11: 6moob53 ibzhk50 qk2ldj4
Node 12: 5n5kkz6 9miyapo bpgbun2 e7h9k6a t0c5j1l z3k1g4x
Node 13: 2tjel7d
Node 14: 1maz1sc 8vvjpnh
Node 15: c2gzv2f nnu59o6
Node 16: 29mrgqb
Node 17: 8qvo0e6 e23kc0f toyw4dy
Node 18: 370qk17 568pu8u 5xgt73z dyfyy0k skpo9gx
Node 19: cdftplm liw05by
Node 20: fiyun7z jwd8y4l
Node 21: 0lksu8g dy70njo ftdgz1v r63y2js
Node 22: esh4wwt
Node 23: 1xkwilo t8zfocy vn5njdp
Node 24: p24219j
Node 25: 61saq83 mpraj8i
Node 26: c3q6wsv dkmiret
Node 27: 7v61qbs bmnjw35 o7d26cp tdmm7rr yehs75w ykfovg6
Node 28: oskic25 qwbfnz2
Node 29: 1cq95fl
Node 30: 6hy10fg
Node 31: v7nqwx9
Node 32: 350u9ct
Node 33: ahbnoej
Node 34: lr3ldzx
Node 35: 1kh097o
Node 36: k8k780m
Node 37: bsw85r1
Node 38: 4xg079k
Node 39: 0sfufwi
Node 40: tsn83hc
Node 41: 5ak4czm 8ku6550 fg3sdgu qsmk0h4
Node 42: 47b2vpa dxncz40 uh3jvec
Node 43: e4esfzc
Node 44: eit7vn9
Node 45: bo7oyjp
Node 46: 0v4pr5y
Node 47: zlzsvpm
Node 48: obsd0q7
Node 49: 5pvepdg
Node 50: n689lvq
Node 51: 1cpqp97 yvokeuv
Node 52: jzvzen5
Node 53: coplmww r91xrz6
Node 54: 789foi8
Node 55: r8enlak
Node 56: 5ilv4mp oau0yja
Node 57: hkswpdh zdkem5h
Node 58: kb316b9
Node 59: 598q8r1
Node 60: 26g4oct
Node 61: z4xo0hi
Node 62: xjwvj53
Node 63: wko4yfj
Node 64: qh3w861
Node 65: ebltdrw wl0k4di
Node 66: 4th1gn1 d4msyjj
Node 67: 7lnht3c
Node 68: 61a8kiv
Node 69: 944f9w2
Node 70: hmvxjdd
Node 71: 559jl7i
Node 72: 12hp5gw
Node 73: jyfdvmj

Node 0: 0wc3uq4 eu6yybj hr3w51h n0uuts9 n43mxoa xgvf45r
Node 1: n6t7khn
Node 2: lrd7w60 pmy461q uyyblzr v47qw2x xm8mpx1
Node 3: 4khy4nl vo4nqdw
Node 4: 1dcu5fj qxslq6e
Node 5: 5gjqhua iranxha zwulvv0
Node 6: t4t1qj6
Node 7: od4359l vhlwwdv
Node 8: 1zi10qi e3hxs11
Node 9: 4vnrwq0 npih7vm yehvsbl
Node 10: aim6c7v
Node 11: 5ouzuw5 97hsx7g cophnzi
Node 12: rp8lguo
Node 13: 3hbkucg 9o7qucj e1mo2zp
Node 14: 9hcv1zt nnfdlqt txi0brv
Node 15: i4flm08
Node 16: eggjp0b h76mmuo jfsva65 u87pxo7
Node 17: 7suwomf fv04fdb
Node 18: hbijc51
Node 19: d4pzuq0
Node 20: 6u85gm1 q2msaph
Node 21: 0gck4em 3wj6ona b37q7w9 ogoeluf
Node 22: 0qy4enc sfnp94x
Node 23: x42f544
Node 24: 8bs6k64 b9t9tp6 hxsit9m zyhvt3d
Node 25: g67eru7
Node 26: hjobpj4
Node 27: fm7rafw
Node 28: 0giycx1
Node 29: 92rtdh3 lhxctc1
Node 30: 1l0myhi 7krp1j1 a3e7225
Node 31: zp1y907
Node 32: pe7lpf7
Node 33: ov4ypf0
Node 34: 25chlwn 47mzvmk
Node 35: qgfezzx
Node 36: s7on6dt
Node 37: k3f91pc w9dkq4e
Node 38: c4pkiu0
Node 39: pb96cyp
Node 40: 3ed9jgq orqewxt
Node 41: xnjrajw
Node 42: wnecoyn
Node 43: rvgmhum
Node 44: s7p5mhd
Node 45: 0od5p03 0wghybb
Node 46: tbkgo3o
Node 47: om1v8ga
Node 48: kaqssvg
Node 49: yse78bq
Node 50: wwxkvmb
Node 51: 20909di
Node 52: 6jjvios
Node 53: qlocv02
Node 54: g7qk5zx
Node 55: w8wk7yf
Node 56: 180p76i
Node 57: 48s39tm
Node 58: 77svhbf
Node 59: n3rmk4e
Node 60: lt45qs2
Node 61: 05ew6d6

Node 0: 7im5wy9 7te2xif b2h75gh ew79y62 fb0p54m hk2f8ey i4lbkol invkxdk n129fen pydxixk tfldc18 tmx34u7 wmxk822 wnyp5t3 xgshz7r ye73wfk
Node 1: 50wzp26 avbu837 hotbz82
Node 2: o17h033
Node 3: cf98m8b e8m331b
Node 4: ijhj01o
Node 5: mqlb3pp s5nmk06 yaiuxnj
Node 6: v09699q
Node 7: cm565bg fibwkpe i80wvn6 n5a0f2v oduje7m tfmmo95
Node 8: rteuthb
Node 9: zyd3l1c
Node 10: e1nsnci eaqbcvz kp2px7f
Node 11: ge9iw46 x5z0j4z
Node 12: 6m3efw1 gpvh8pi
Node 13: 3xfr1rs
Node 14: mpfum96
Node 15: 5qcmjvv
Node 16: 3siqb21
Node 17: 0kktq25 at19oj3
Node 18: zddqu76
Node 19: 6lwpcc3
Node 20: a1hkmet
Node 21: canm50t
Node 22: 1cvh3h6
Node 23: cco9r6w sb65qac
Node 24: 8l1io1a
Node 25: 0rdt6p1 60y4s2k
Node 26: l0tqe10
Node 27: t1eoqw9
Node 28: 25rh9o0
Node 29:
Node 30: ks2id6o
Node 31: y58oz0l
Node 32: 2jbz5la

Node 0: 9y2mt81 frqe3pn
Node 1: 60j2pf1 69bo589 7dcrgj4 dnnd86y g4c03hy n8fdnia ucwbvie wle1oiq xw9bewh
Node 2: 0jumd5j 0zewlx8 1ktxakb 63720jl e9qw6l2 j5njq19 n86i2ad q6wuz3n qudclr5 upkalwr x5xp3bl
Node 3: jp73r8z mzz5j24
Node 4: dngje9e es250za
Node 5: ea7b3ns
Node 6: 6b3qaic aczvlt6
Node 7: mtywz1l
Node 8: mr5r5ig tl72vze tmqoz68
Node 9: ae2he15
Node 10: 61amtpo 7rr9q8q kf28f2k qq9dyvq
Node 11: 2mwwj9d
Node 12: 10czc03
Node 13: c0gcwjv
Node 14: dxper4m ltuucur
Node 15: ypqht5v
Node 16: co79mp9
Node 17: ocmd67d
Node 18: g336b2l
Node 19: s4b357v
Node 20: t7uqcv8
Node 21: 09nfrl5
Node 22: wfjamn7
Node 23: qb6slvf
Node 24: 72if8f5

Node 0: 22tf61k 52wefoi auk965n e6ceffl
Node 1: aif0uqm cj3l79l dblsb2s f05gx06 uz82gf8 v0hmggl vp8p9q6
Node 2: 1q3b76q 4sjm8kp 6sm9j7v cvg180z dtwozux mest3c5 movxqah qahg68m s1wgiza z4qa40p
Node 3: czoj4nm
Node 4: 64ta5lc d0071mb
Node 5: rrnay0b
Node 6: l4lycwc
Node 7: si6amjf
Node 8: ze6ikg0
Node 9: pp8l1wu
Node 10: 9cviedg f057akg fatffpn mqedm9u rpglfx1 s3ugu0f zfzsri8
Node 11: 1o26vd7
Node 12: lrn5hxc
Node 13: 86vorv7
Node 14: 65trl4f ofcercn pjcmfyb
Node 15: 0uj8v6o gsb97qy kge98rw
Node 16: 60dralh
Node 17: 72zwpwd 9fldija
Node 18: 871tv3a
Node 19: 2twu230
Node 20: g8riv9i oeu582x
Node 21: cxm2y2p
Node 22: e3gb1rd
Node 23: g149z1j
Node 24: o4xluvf
Node 25: 1u1cybm
Node 26: 24vmoe1
Node 27: xbnw5eu
Node 28: u86k5px
Node 29: 66mw5x0
Node 30: 4w1xowm
Node 31: ynhc67v
Node 32: jr41es4
Node 33: 17675kw
Node 34: vz22tjs
Node 35: y1dxs52
Node 36: 17vumcp

Node 0: 2kto9tr ad36oce imzzs26
Node 1: 0mmwil6 csribd4 xf6lj1s zigd0bo
Node 2: xyjjcxf yjcl0o3
Node 3: 845nlud
Node 4: h5pibu9
Node 5: m81dnj1
Node 6: ae9jemb tvclzzh u0d185t
Node 7: ctz43k7
Node 8: gcrh4ps qq7egv1 w876f7e
Node 9: 7d8tx7r
Node 10: gkqbrgz
Node 11: sfnm7dz
Node 12: btxx3en

Node 0: d6k03tt e7ql81m gmanmhv gz9hanx jozu82s k43cz8r unokn9g
Node 1: bqw8jf0 vqlfkca
Node 2: 5lmh3rq cqlrqmm k382e3f t49z2py wjhenyl
Node 3: 1miqugz d11cx9n nx906i2
Node 4: vpuboa6
Node 5: 81fbbk6 aovfykf cal4rb5 fklxl3t fsi1cjl kwcnexp l0uec28 r8eisjc w36npq4 ybfbvnz
Node 6: aq4lqnt rjp5oo7
Node 7: hubabh6 t0qozjl yj1cabq
Node 8: 6nlhchg ra2xhdf
Node 9: xiyrrxf
Node 10: nb1pjrb z1q9lwg
Node 11: 0rrdegv 7folm8s ces0roc g7zajiw ickdwyq pdfs8yd
Node 12: d7vj6o3
Node 13: 9056hk8
Node 14: 58b1l9a
Node 15: v97afqa
Node 16: 8fhlby4 qx325uu
Node 17: gn4353w n8lisrm q8tkuhd uxwwjeq v5vx9dp
Node 18: 3xxlehh 8lmcsgn i33h0x4
Node 19: c8n2s4c f12xr32
Node 20: 0p2z9cd esnzn4l
Node 21: 09qu3mj 0gmzj1l 9zot64s dwl79ev
Node 22: 4g8l1wt tx70zpi
Node 23: r3y8pfj
Node 24: uyrfscn
Node 25: 0arfhe8
Node 26: fyy0u85
Node 27: dt5vlze
Node 28: 133nj9r
Node 29: biqun0t mk0dw0k
Node 30: r62nbwt
Node 31: b08j2tp
Node 32: gnqz1s6
Node 33: 97u5493 wi0shdm
Node 34: 7akig3b
Node 35: m9w74nf qgek7md
Node 36: 798ws61
Node 37: qpiv9ih
Node 38: axf8g56
Node 39: kthebjm z31hwgq
Node 40: 34bcsl4
Node 41: ykx459s
Node 42: 92hbi0d

Node 0: 8xi6nn3 rbkz80n
Node 1: 2fb2hlm 3ds5djm 41u64v0 5gk09ti 74zdr50 7hu7yyl 7kx6zdw 8zfhjfa b73q27t egnizvq fstq7wg hfwpl1n hrnrtj6 if4leih iwbui70 jlbrjgl luz49on mlwb9cr odkc69t ogo5580 ps4azep qvut30e rfh07vi s8h0od7 saoksy1 tryiynx tuz2aqg uu2042t uzu53bp vcx2plb vtt1ljp vvtxz0i wmtvw1s xdctjiv
Node 2: zsxyf22
Node 3: 2yh1efh
Node 4: jysw1c7 yc8g8s6
Node 5: aia176i
Node 6: cu28rub fqgng3n iwfes93 iznmifw puu6o3h
Node 7: 4bkproy
Node 8: 3neq15r 7yhn9hk bt4890c ccfu4a7 w56zf5a ymzdxlr ynlsowj ywj56rq
Node 9: qoe8nau
Node 10: trv2f2u
Node 11: 4k8jl0b 6oclf74 ga7071c qqi5sjr tispjjc
Node 12: 8x1cv7k
Node 13: 0wmi1ez gm9fqef uie7vfo
Node 14: f9exhae
Node 15: hn1pp25
Node 16: dpzp3s0
Node 17: 7mkwksc qb4uh3h
Node 18: wf5270o
Node 19: 1c9ssji
Node 20: k27rp3l
Node 21: 38paz7w 86szlnd cdnah6r
Node 22: guucoqj ytnc32y
Node 23: loudv8k qaoz82b
Node 24: 39ky9cf 4sqbs15
Node 25: ckc8f9q
Node 26: l04ciq0
Node 27: x996lmc
Node 28: 2ok1uyj
Node 29: nxnwm62
Node 30: vdang7g
Node 31: hovzdyi
Node 32: lad1sat
Node 33:
Node 34: v8u5b5r
Node 35: liignha
Node 36: 53w8axm 6an9dsn 92w7d5k
Node 37: t5ohmlp
Node 38: 9sfb3sj cvg36rx po8peaq
Node 39: 47izsyo
Node 40: xw1h7eq
Node 41: tglp3ge
Node 42: p96fgvr
Node 43: hshw6oe itaj8ax xm63fbr
Node 44:
Node 45: 9sabxv7
Node 46: fark73s
Node 47: 2c719i6
