Node 0: bm9rlie
Node 1: 00sz55t
Node 2: aystvca gr52srl j4vsjfw mjrj8lt yreln8v
Node 3: 4pgqpa6
Node 4: 18g4xr9 4onsqu4 mb3yei6 pw4tvgp rto3fk6 rwk30r6 sb1hcud t39n1va wkcb2tn
Node 5: ejra3d9
Node 6: q3w167o tpdfoyb xnvrfof
Node 7: 22e4n2y 3ue2stt g7fp1kb rpqtkc1
Node 8: 2v9f96f hvvh0qz ml5mciu nqm447s te74tnn
Node 9: 7xm18ei
Node 10: fmtt0ti
Node 11: ueuon6y
Node 12: c97zhpy
Node 13: 7lcjk37
Node 14: 8fbu8v0 95ds2ge o2ad6ra wp2qosx
Node 15: wh6l2fb xuth7xa
Node 16: 65ds68d
Node 17: 8rhnezh
Node 18: 8xtwjyt
Node 19: dhhl2s1 th8xf38
Node 20: cu7jzkp
Node 21: qbz3361 u7l103x
Node 22: ha9moxm
Node 23: gh7750c
Node 24: kw6hr6y
Node 25: wctbj1n

Node 0: 1yjjnoz bar0cup gwo6mcb r09pnlg
Node 1: 2y0oqhb
Node 2: hjwyrav i1770ob r6vd1cn
Node 3: 35b3eqi eo8fjj2 ey87men o9iqrns pipmxzd
Node 4: 3w755cz
Node 5: l2s7mo8
Node 6: g0sns2g
Node 7: 7bdbzp9
Node 8: 75671go
Node 9: 9maet7l
Node 10: xabor1a
Node 11: 18rxvtd
Node 12: dz33cbu spj4jbh
Node 13: xkj4im0
Node 14: 6j0lwzn
Node 15: pqepfer t726fyz
Node 16: 4noogbt s52z994 x4in0ne
Node 17: a4odqu8
Node 18: 0g7n1vw
Node 19: foptlk6 iikz1cb
Node 20: zip83n5
Node 21: 7gmjc4p

Node 0: 1t7kz93 2oujtx0 2xqbofi 4iw5up5 7blz4wo 89mm4cd camymkn dfvu8mr fdzhb9b fi5briz j9regro u8oquqr v3hdkx0 wlemlbi
Node 1: nx80bg2
Node 2: 52927p2 bz0pw2h h4c57d2 q9lje22
Node 3: uvox1tf xcja6kb yqbjcna
Node 4: ckl31l1
Node 5: ce026sv
Node 6: 1bo1c8y 6at97k4 iytbsfq
Node 7: u21bpwk
Node 8: 2uszf2l
Node 9: 1g5jras 9aa23da zdv9dkn
Node 10: 3gogz9d hgc3oek psrogtd ttl60wg v9shctn
Node 11: y5kw2v0
Node 12: j05t55u plgwbpo
Node 13: 79wd56l 8ozjzbu 8xjkubv 9vkoioo bg2mm7g d5esgtk pb3tv5s r6x4qhk
Node 14: rgt0uxj utud2sa
Node 15: jmsnlvf
Node 16: 4rbq7c6 cx8bogh gg591rg n14b17b zhhh0hj
Node 17: iiwrtwh mj0pfra
Node 18: 711rpku cdqyquc
Node 19: b767c7q v5fntav
Node 20: 43ivvpa 4l6999j
Node 21: bbrmgh2
Node 22: 8ni8874 8rj65w7
Node 23: qp6lsnc
Node 24: 7an6sd5 v7kl2ga
Node 25: 4sl8398
Node 26: tfnqf8n
Node 27: 99gz463 mq5zycw nvezhzx rxqw1zp
Node 28: uv6ifsz
Node 29: y7jt7z5 z9g3mpz
Node 30: oleu2i2
Node 31: 9krs81u
Node 32: et7q80u
Node 33: pg3ohg0
Node 34: y6147iq
Node 35: i13fr0u m5n5aaa
Node 36: d2g9uyn
Node 37: kqj6m06
Node 38: w0442en
Node 39: 0ihczsj
Node 40:
Node 41: ygizi0w
Node 42: de3sfdr
Node 43: 474o347
Node 44: tndapwe
Node 45:
Node 46: yy70536
Node 47: r3yuf30
Node 48: s8j7plt
Node 49: q1cf0vb

Node 0: 2gxtq3n 4f9e2nc 4k3wcav 5b3f7w0 6bx6xif 72zsmbx 8psqmvy abuwobb bt4m81k bykrd3n f6q2pt0 hawsu3l hk8z00z jz2uulk kwzbkmq sph4ivw v4pporp v5g4l1t z3cb3yu
Node 1: 93zwh6y ryirepn
Node 2: bxexrv7
Node 3: eoyyp9v h0lappq
Node 4: 0wxrdn7 2fqgvrj 9ox5yxt ecpxlqq gt9ezhk om1zdzx upbtg10 ura1pru xhxq9jw
Node 5: bdhzyrr gq0qits
Node 6: zuwmvda
Node 7: aaqyjmc
Node 8: 3l138hd us61erf
Node 9: l9crdks rj3cr6x
Node 10: z0of2cs
Node 11: viowm69
Node 12: 6fv37ev a9t682a k3fwob7 utc5ssi
Node 13: 1128t46 3gfqf0d 3gilgag 45k52xv 82hiy40 f2cmkmn pso3dlu xm51a6y yaodfxz
Node 14: sgu7nn7
Node 15: 0wn5byq
Node 16: zn5jcv8
Node 17: jx1xb1h
Node 18: stiswr5
Node 19: 7dmmpnt bq553pk
Node 20: 1vh69do
Node 21: 2hr764e
Node 22: 8ogd19y
Node 23: prvnv7e y5p51dg ym4bbpt
Node 24: 8i9eivl
Node 25: 15x6njc d66on1l x7qcw88
Node 26: 4ur0lxa
Node 27: qm728bs
Node 28: bmi9x82 jq3uzfj npfyc1x
Node 29: 5u6m8qe
Node 30: 8xfc1i8 akp0d4s l7je2nw
Node 31: dws2kwo
Node 32: k446gsn
Node 33: 9ll7zdf

Node 0: 02hcwpb 467cs52 aiwbxvh an4j0c8 buj8nxf ja0adau oi5d597 oijur5v p79sgaa s4if6e8 ubumg9i
Node 1: 6uvguix lpswznw
Node 2: np46fdi
Node 3: ivl07vh
Node 4: 05xgr7j 87pmya3

Node 0: 4ri6de2 a7qho13 i6mofuf re8muws vv5fzci
Node 1: 7l84252 lziux9q mmjpbri
Node 2: bl26j0x er74f96
Node 3: 1hn25yk 2iry1lh 4edwbeh cg4sqyp drwrbbd j8ben4y jqj5p65 wiibytq yp340bl
Node 4: i60cqdl
Node 5: fjlayx5
Node 6: 4x5xxny 79po3zf amd903c bl4q7pk c5oau73 d4nhbjy h1we6ur k4pb41u qu8udc3 zrv474e
Node 7: 2bblk6z
Node 8: tzhu2sj
Node 9: 9extclu www0lae
Node 10: 48yhnfa 66r1k2u h128uw2
Node 11: v5wz042
Node 12: c1lq49w
Node 13: j8d5fpd ojzkkih
Node 14: l6y6j65
Node 15: otufdeq
Node 16: 9hnwh29
Node 17: 3sqbjy5 5stikhp
Node 18: gsc7rl0
Node 19: 1lddl28
Node 20: 3uaiepd
Node 21: nf9bapm
Node 22: fpxr64j
Node 23: 5tbu6s1 d22mpnm
Node 24: 1j89eow
Node 25: jp79l7j
Node 26: f2zw6eh
Node 27: tltu4h5
Node 28: zujcm85
Node 29: 4z5um0d
Node 30: gvuym6f j26g95p
Node 31: 3ssxtry

Node 0: h5bxgbg slsv5pp vasyr0n zc7frpx
Node 1: nvwht2o
Node 2: afmqlfy
Node 3:
Node 4: pp8xymc rkvhaa8

Node 0: e8gac79 wvs904a
Node 1: htoj7q7
Node 2: 2tw79lz 34tukpb 51sxxwz 7npqqw6 bfr3sx1 dfd7h5s jgiktmg jwhv3wg q5gwiw1 qb4enth
Node 3: bw3sv50 qb4ydfc
Node 4: 0mzqivq 21o7w1l 8git1uc pwy0c35 usnarmu y6m3xgf
Node 5: 7f2gdwe arh9r1q h96hal5 jppra8t nlpd1nz zg1iejp
Node 6: b2gdfwa f77yegj f8llpab k383w88 mul71pi u2t16ni
Node 7: c3cfrgk
Node 8: 8bwdkn6 cxgfrem
Node 9: 0txajro 9bpln7j
Node 10: m9ep9wm
Node 11: pvq2dhb
Node 12: 4vbmtxv
Node 13: 81nlhh3 nbx3fy2
Node 14: 3veg85y duxdfiw umnjjj8
Node 15: 355u70y 9qlfh2g gxoi5mz
Node 16: 6jhx9z9
Node 17: 2en1xxa 5igkwyt o9yv6q8 p043t06 ri5i2gs
Node 18: m8xlapj
Node 19: fva6lhh
Node 20: v5o3xfl
Node 21: 3erizoc
Node 22: h9exl6o
Node 23: yngulba
Node 24: 3ee9do2 4kwnukk a3w1gab f4nycph j1gva7o uptdqt7 uqg7t7w
Node 25: 09r87zj 2tebld4 s4yhwg2 t7hm52p uxbalrr
Node 26: 8ng0qdy
Node 27: git6qp5 zm8f4nh
Node 28: kpnwc35
Node 29: ryqpipd
Node 30: 65tcf1r
Node 31: 32umxam
Node 32: fqud5wt
Node 33: 3mmigxo
Node 34: 4izwa6f
Node 35: 9j88hku ukz3tlw
Node 36: 9pkg2wq
Node 37: mq3q9pt
Node 38: p2shhh7
Node 39: rkl7z6p
Node 40: 67rigih
Node 41: 0h00xp2
Node 42: 86apwvi
Node 43: 2ql4al7
Node 44: 69p6rah zn29kip
Node 45: d03zf5w
Node 46: 3o85xwi
Node 47: eq6cs8e
Node 48: o08pbaq
Node 49: eo4ipto
Node 50: 5f4tvnc
Node 51: evo96nh
Node 52: 6hj8plq

Node 0: 2xhmm0a 56aptjm g8etvyo p981a2m rwaqk4b
Node 1: txrn3mo
Node 2: 3fg0cvr 8g1e7f6 dcl86n5 lgu49id mru4od6 omhge7j po04u1e qtfh28u u5zdb6r ycli2wj z1hiwku
Node 3: 5rhgduj f5zzj99 o17nws4 ouhkltd zd5m2zc
Node 4: p78ebmk
Node 5: x7euw7b
Node 6: 2ldjhfm 9jlv8yi cjrws3g fh1q67e ssag1hc w2rn1vp
Node 7: wizn1lg
Node 8: 5gn6qar
Node 9: fesiqh8
Node 10: 5hrykoz
Node 11: 30vujpr 61ipi2k apwli38 nq8hfgg
Node 12: 3dvcboe fd2a5f4 jvffotl paq8od3 xt0zzqp
Node 13: 1prz027 hbcbepz
Node 14: 5mxk4yw p8no6qx
Node 15: i7et1sa
Node 16: senon0x
Node 17: 5tg40zs
Node 18: lkettgv o0xj25k
Node 19: sapablt
Node 20: 0n26kx0 i0gys7c
Node 21: 88lw4d3 pcbvb75 r2udtv2 t4fv41w
Node 22: xedap05
Node 23: vcafecv
Node 24: nmp73t7
Node 25: vdeohnb
Node 26: 7ptxvsd
Node 27: zvo3ilw
Node 28: b117b6g
Node 29: cqn6re2
Node 30: 9n2ibk6
Node 31: l1s5lbq xowmf0s yyrc3zn
Node 32: 8mioyxr
Node 33: wdkcnf0
Node 34: muxuvpw nk746mv tcaq6yd
Node 35: 2oam55j 59d18pm 87cdtik azb5nt6 dzoam7a sd4bipz
Node 36: ja37fcu
Node 37: nr1q5gt wtdcix2
Node 38: b5afumf
Node 39: oy8hm9u
Node 40: 3jnenvp v55znkr
Node 41: g400ezh
Node 42: 7hyeu7a xl2wkjg
Node 43: han4xld
Node 44: s5gio70
Node 45: 4sjd5vj
Node 46: vivvljd
Node 47: 674rw7j
Node 48: dopco33
Node 49: 0egiruc
Node 50: 5kx6xbu
Node 51: g4zvxe7
Node 52: 2sw8c8d vuyao3i
Node 53: 81ws1zh
Node 54: cgr16iw
Node 55: bxskrqs
Node 56: 1bp2zlp ybwm11g
Node 57: ceeb051
Node 58: zyecyud
Node 59: 7fj3tso
Node 60: iobizwp
Node 61: 7rqx0rk

Node 0: dg2wlh3 dw4dxo8 f4sgbxy tjhn5ta
Node 1: 47e4p6j 86259op hn2znkg hnh4ijf ium1vga xixpw1d
Node 2: 2gmt47z rvyhyij xqhdohs
Node 3: ls6hqku
Node 4: s73iyy8
Node 5: 6nbugt4
Node 6: bz81brz e851qrw ef3hctx h3qpvig ur060zf
Node 7: 0vjtzn6 fmldtts vjqvhjm wu1dx5t
Node 8: bxxon5p xn53b9c
Node 9: fw0wpfh p2bnxj8
Node 10: 6zb5fyg i779fpw mehj6zg zmdz5id
Node 11: 75ho9yr
Node 12: 9pe9kc8 ff7pzmu u05qyun
Node 13: 4slyllg gdrg2cx pb11tr9 r0nqlk5 zbfw7md
Node 14: k5pifhe
Node 15: cxxco9j whszrwv
Node 16: s7ygnfl tnsws8j
Node 17: gx6vues qbf2qar wvy8gmh
Node 18: 3wl25dt 5zqjcw8 d45ry0s etflxiz i1d4edz j79enj9 r6u7tzq
Node 19: yp1rua7
Node 20: i7h4bs7 irs6cf8 tgwiayu
Node 21: oplq0v1 q0kun5o
Node 22: 7zptp6n ke0gvre tawo5ff
Node 23: s3xs97d
Node 24: 51dvbeu t8ecquw
Node 25: 9sdqznd rutn20z zqbxfms
Node 26: x608tuw
Node 27: 7vuc43b dzyazu5
Node 28: h1qwxzq
Node 29: acbs4iw
Node 30: fa7vner
Node 31: iez327f
Node 32: qwtbo9w rmmop2j
Node 33: pvjgzbn
Node 34: bm4wf4b
Node 35: jpz3uah
Node 36: rzpucyl
Node 37: 03gbdut
Node 38: 64jk8co l7e03xv
Node 39: 9w4l5wb
Node 40: kyl6991
Node 41: madhgg2
Node 42: oupd37v
Node 43: 4xnu3va
Node 44: p5vv9x1
Node 45: 47aj7rg
Node 46: 6i8xxo2
Node 47: 2vtqz7d
Node 48: r23yrqr

Node 0: e3om6mb
Node 1: 6kx5alm 95m9sg8 9miki76 hi5deb5 ojohksv wcgr0ht
Node 2: 1rg6cys 2amusid 70fnb06 7eemeny 8rn3y15 etgr39s kww5t45 oy1dtvc s1wzcmp vd2ajm4 y1h21dj yiytaji
Node 3: 6atk13c b0bk2k0
Node 4: 10hru5t ftm0s7r h2hz268 nhfrcnn pws19sa ratxarg y3x5t5f
Node 5: 9suju2e
Node 6: wn2fglo
Node 7: feme25o idbcpr7
Node 8: nt9x9u0
Node 9: iedb4sp
Node 10: 2r9tayw 3ef97aw 9fxb40a
Node 11: gjvzgu9
Node 12: r4ujujk
Node 13: xj2zq8l
Node 14: 6wqelop ni9ez92
Node 15: fne0op7
Node 16: bkd8vjh
Node 17: 57mf82d
Node 18: 2w6jm2b uiytjoz
Node 19: l9ijqz8 sfor8db
Node 20: 8xchh15 filnt4d
Node 21: u7gya6y
Node 22: oi6d87t
Node 23: mtdzrhy
Node 24: 7uas2vi
Node 25: c06i251
Node 26: np9urg7 vayjhin y47vfhj
Node 27: w8seu1u
Node 28: sww5e5w
Node 29: 7nw1jmy
Node 30: bybapor
Node 31: 8neinrn
Node 32: kvaekm5
Node 33: 6x27rne
Node 34: ikv0gqd
Node 35: r0mhhog
Node 36: s33q04a

Node 0: 2jub1j0 3ukqnlj 46lzwj1 jnra2ez tm05ens
Node 1: pd9xp6m
Node 2: di4yofu u2q7noa
Node 3: vntf2vu
Node 4: 2if7szs afq6nft ayck7fy c4ovc76 dr8g0st jdork9g kck74wk kopiwz9 mo0bxub r3k4l23 rh149hj rx27809 tz09jpb wy9xs9l
Node 5: ec7wunc
Node 6: 6ikkdgn kj60cz5
Node 7: qatzxk7
Node 8: 0rb6ntm dxjztyb ta2f7kw
Node 9: nqqk7ok
Node 10: amtktqp
Node 11: 6fl3og7
Node 12: 6yd16iv gbrnind
Node 13: 51t3e69
Node 14: 4yatp7m 63n4xfv 6ysp3e8 jonqbfl miytkh9 tyuq4of u41nx99
Node 15: 240kkzb
Node 16: q1isg72
Node 17: ebjna0y zhgrz21
Node 18: tima2oo
Node 19: ba1iu8v fmgvo05
Node 20: 1ymhqlu
Node 21: 20j7o9g kjhzzgp x1cjim5
Node 22: 6axg6fn u1xmsms
Node 23: n2n0rqq ob8v0c8
Node 24:
Node 25: logyeae xgykmtp
Node 26: 13fqfnh psusosk
Node 27: gytw82o wo5j9t4
Node 28: eeux6mr
Node 29: v16rd00
Node 30: buvwquc
Node 31: ixbt18o
Node 32: bq3nlum
Node 33: bdnz4hi
Node 34: 4p4o289
Node 35: m1t7he9
Node 36: 17hbye7 mf2eqah
Node 37: exty881
Node 38: lyfoxv9

Node 0: 1prib1w 5exd4ti eadkqpb ntkwurg
Node 1: 0wmzrys 1x95m7x f9h2mcj ijefn36 zyt2gli
Node 2: wpnhmvc
Node 3: 4zpx7zr fhqjh4q sqzql7l v0bxf8n wncvjp8 yh8epq4
Node 4: udt0u2u
Node 5: kedmm9k mn1aksm zft52xn
Node 6: 3sbh6i1 7m2s0vx d1vb9wk eaei96b f4qgtjx jx5drlc uxvhdfs v76k2vh
Node 7: 6xjx1jf
Node 8: oh85cbf
Node 9: 0fapzmr 1865i59 6lbquwr
Node 10: ecqbq91 uvsmepx
Node 11: jk6ooul mgz13js oax6ytr
Node 12: umkm3ve
Node 13: kgou3m0 swsun2z
Node 14: zotp748
Node 15: xscxcbs
Node 16: xvmjg8e
Node 17: f7s7200 ma2d0z0
Node 18: 62yy1l0 myr9ed5 we77b6g
Node 19: m8zp8nh
Node 20: 7rcn3dp jvh74os
Node 21: w66d8n3
Node 22: stb7ttu tagy9zx
Node 23: n65p5qo ps35pti t4ytyjc v9pq61n
Node 24: bzoo992
Node 25: 19pzvg6
Node 26: bz5w51i
Node 27: qxq3xop x5he5rz
Node 28: txlfp53
Node 29: by3jqat f6bxorx mjp1hyk yt6qwmo
Node 30: 3o3vmur afvtcd1 llpf25e
Node 31: cs06zq7
Node 32: cdtoz53 qcqky45
Node 33:
Node 34: 55ogwoc
Node 35: pdelgoh
Node 36: msxx9g7 wpuzqbt x3hhm9a x79v9u2
Node 37: xhlwa6s
Node 38: 922tft8
Node 39: 7vj3y62 ojgzmrn
Node 40: buza573 mvmtchp vwqjs5w
Node 41: 4c6mv3l
Node 42: 858bwox
Node 43: bjnlh4p
Node 44: mjqxdql
Node 45: 9kaqy23
Node 46: 3cosycm icv90nf
Node 47: zrl1eov
Node 48: m3q1hyl
Node 49: e48x133 h2j46nv
Node 50: yw6mk15
Node 51: srps49p
Node 52: qk20x1k
Node 53: glnsofi
Node 54: eiprsy4 pl9m1om
Node 55: mjob7tz
Node 56: c4zw2pa
Node 57: fxvlflp xrostd7
Node 58:
Node 59: l908l9p
Node 60: 4qa6p7b
Node 61: vrj199f
Node 62: gk0hx0c
Node 63: 0vjcn2g

Node 0: 6cmxoyf
Node 1: puh4ekl q4goxz7 qcspz2x uymkdwa
Node 2: kkkbaxc
Node 3: 496k080 52gqt3u 62peuuh 8ms7tk5 bzgfz92 l1tnd85 play45i ptu7pse s8zlqg3 u9r5nwq xapfp8g yj0aa3r
Node 4: wc2i3pc
Node 5: 2xpepv5
Node 6: zn92o7w
Node 7: rukjy86 slaiasf
Node 8: 0b6gehu 7j99fac gtbt32v i2plujz utnep3h v4gw4pe
Node 9: xqlvalv zna1cpm
Node 10: 5xseqfp p6tqre7 r6ea4t9
Node 11: lfptdzi
Node 12:
Node 13: hmqhke5
Node 14: a69wxr2
Node 15: 8m44djf bg25y45
Node 16: 2v6lqic
Node 17: vu67yns
Node 18: bjkb6a5
Node 19: kydblo9
Node 20: 818y3ec buyzl3m
Node 21: 0l00sj5 fw582ry n1p0mc6 nh7p59q
Node 22: 2s4lwg0 c8opait ltil4sr nqi9ohc
Node 23: t3jooo5
Node 24: 55771ry
Node 25: hcdl7ks trb6bra
Node 26: 5zzd3zu bb3406m vgipxop
Node 27: 4h6m3eh iq875ys kvg6xj3
Node 28: 1sbx3o1 9pw2khb
Node 29: 2hnd07z c7gmf3m
Node 30: 3uyesvz 5ekerv2 kr692hb m3uad3x owfe78m rzrusb1
Node 31: 9i74gk6
Node 32: 3onen24 j96kty6
Node 33:
Node 34: b0c8fhl vtocbv2
Node 35: jv5jixo
Node 36: 61rfiqk
Node 37: ctktphb xoclhyp
Node 38: mt2d5vz
Node 39: u40krwi
Node 40: qh2zngz
Node 41: txz2lb1
Node 42: mfas7bx
Node 43: 4fafzu1

Node 0: ha8jddd
Node 1: vznaulq
Node 2: 2i0ixg0
Node 3: eynd9q4 ke3zvgm v21h3wn
Node 4:
Node 5: ud4aw4j
Node 6: lp7i4yd

Node 0: wynhlgx ytvv2uk
Node 1: 0625mh7 4h3f6hi 5r7sij7 li8ln7u ss635wb
Node 2: 8sz4vjh jvjvp4r k6lud4c
Node 3: 6slg3sh ezn4uqx
Node 4: 4bp6wph aka09zz o19q98j qjkou2j sud2yvu tzwbyfx
Node 5: dihg4gd qalujqz yo50bf5
Node 6: bif1rog
Node 7: ab80oc8
Node 8: k99u20u ll7zujb
Node 9: z35falm
Node 10: a6mvw5f gw3j1kn tladtbe x3egnai
Node 11: tp55pks
Node 12: 0h00pov r5mzxq8
Node 13: ur5fu9g
Node 14: 9k0jhug adhbawy amvn3gq o9atho7
Node 15: u73dmd8
Node 16: 9erwnem
Node 17: l40wcq7
Node 18: 8azxijn e5nc6gz
Node 19: u8niizn
Node 20:
Node 21: igw79nt
Node 22: 9w7cslm
Node 23:
Node 24: tutec23
Node 25: idzpgrt

Node 0: 0n8zg9m bbomxx9 yprb6nf
Node 1: 0tf5nml 5wv9z50 ao2j3k1 c9ufy3q zqfpt3a
Node 2: 6b2mhgy ev8hk57 f30wvjp h1pbgq2 unrn35n
Node 3: tz8gf6o
Node 4: w8p6s4d y32sdxi
Node 5: cb57fgo
Node 6:

Node 0: k3wq2pj ko1ocai nx7obj2 s6mgsm9 yh5qcwo yt1a7wf
Node 1: ajm2m9e c6zvalt ckedwzz ih24494 jynblg7
Node 2: 0fkgrtg 7qu1es1 r3w72f5
Node 3: 1firb1s 1v9rny1 c0nnd66 wcfw3ab
Node 4: 10mrlbk 1en4tw9 zqehtdr
Node 5: qvxj1ry
Node 6: 2l3oz14 5w2kt5k gepk6pb koptyp9 r210hip ux7xs5o
Node 7: w5ui06a
Node 8: 4w8dijc
Node 9: 743xjb0 hif94rz
Node 10: 5yvsh1i g3al7kr gk4yzzr iw64nke jacoe0o
Node 11: 2l2sd7y
Node 12: ziynxyw
Node 13: a4bh476 jbhqbnz pv3hq9k
Node 14: 9dtqh9w
Node 15: 7lbihdp obsed5z
Node 16: 0qgvvu3
Node 17: 17gwq91
Node 18: ebzn479 iitb72d
Node 19: gqq7fd6 s6lsxhi zfu8whq
Node 20: 8spi1t1 931we8g ckygwcm kv42d4s vlw51ro
Node 21: 2gx4sx3
Node 22: 0ljmpb2 fr5d4da sqx82hq yrxvqxk z90zspc
Node 23: 0cvjr9m r95c2uh spbpt6d
Node 24: 6oi55b2
Node 25: 4bopwx7
Node 26: p4stytr
Node 27: uqoztqh y62t23b
Node 28: l6k8cdp
Node 29: 8rodvf3 j0o8yqw k95n09w rq7w5wy
Node 30: g4xoh85
Node 31: xws8bq1
Node 32: azmn1an hoikq7v
Node 33: gjbl76g
Node 34: q8f47fz
Node 35: q7hk2kw
Node 36: m2b7lde
Node 37: 683x2o3
Node 38: m65ctj7
Node 39: 8zb7g8x
Node 40: 3hqcfvt
Node 41: 70x6xlc
Node 42: 6ohg2s3 r0iwsyc rl5wch5
Node 43: ww4ckjw
Node 44: 0j8wy92 z7rjhjv
Node 45: m3feb7b
Node 46: 2p15cdo
Node 47: b1mja5n
Node 48: x2ocqie
Node 49: 4dsgvco
Node 50: qmc25wo
Node 51: 4ks6njc
Node 52: 2b78wsn
Node 53: p1xhq40
Node 54: xrsk31i
Node 55: 9n4z5ih
Node 56: ux3fodr x54qwmu
Node 57: g7brpez
Node 58: qz3n863
Node 59: wbmqzc7
Node 60: ivk5ar1
Node 61: wg0koqw
Node 62: 5mn9cub
Node 63: 5hf556h
Node 64: 1lo32ld

Node 0: 3v3zamu o1ssgfg xbv1k7i
Node 1: i5bqqw5 ptehisa
Node 2:
Node 3: hjlt9u0 iyap3v9 mhjsy1j v05644f
Node 4: 8dtjxz0 ap4o42n mk74zhn p1786ft
Node 5: v20r2wy
Node 6: oiu87c0
Node 7: scbck90
Node 8: p1406ei
Node 9: x4jp53r
Node 10: ulncce2

Node 0: 2snc51g 2vb51h3 4e9shxw 4jux1z4 5im5wp0 5unpxq8 60omnrk 6q5ajr0 bgzti3z elq2ezu g48hjln jhjl8qf l28oh4p n76y1g0 off4tjd p61vtki tog4a21 x1b6ac3 zt11uas
Node 1: k6lq5tu
Node 2: 0m14huk
Node 3: 00yot4z v4816wy
Node 4: flmlopx
Node 5: baxio6g bkdg71t pweyckb
Node 6: 4l0xs0x
Node 7: 3yfx9py 52ruj64
Node 8: 1d2inzd bcsu2sy orhbwdx wv8miyi
Node 9: nho25ne t9fc7fg
Node 10: hx1eu4i
Node 11: tjlb6b7
Node 12: wv46k9g
Node 13: vyrfp1j
Node 14: 0uxyic4
Node 15: jv4fobb
Node 16: 1iq31qy
Node 17: w7m1ja8
Node 18: w5y454q
Node 19: fvuoqql
Node 20: qayrxi5
Node 21: 4is4m30
Node 22: 4bdqwob z4958zs
Node 23: uttluye
Node 24: xpxhhmr
Node 25: 7lvx96q
Node 26: 6os2bg6

Node 0: 57walnd 83i16l7 903ptym by66j9v dzu6zyy
Node 1: 2wx31t2 7kl2gnx 7osbyui 9vp2fud ai3oeo3 d5m4maa ne3f5g7 zp21qn4
Node 2: 85lfzej un08srt
Node 3: 15zhf8y npqjfds
Node 4: 2dz2sq7 35nlomg 7ig5xe8 fqe60a0 v1zla3f
Node 5: 5bhc32n c7qntmy gl3o7o3 k1v8r61
Node 6: 02ir892 mqppvc3
Node 7: d1ear1v slb13u5
Node 8: 0n6jzqv jrbruqo
Node 9: xr5kc5q
Node 10: ogmjvh5 r4fua4h rty3tb0 s3j741n s81ieqo zvy8fiw
Node 11: evsoewl z0hj0ec
Node 12: xzhxmph
Node 13: sp4ga70
Node 14: w11nbdz
Node 15: 2hilg68 6j91q9r mndbhe5 q7oca7v y5mf3y1
Node 16: oguohl7 u7dygun
Node 17: zprczh5
Node 18: gzfamtc z14raco
Node 19: knr08nk owoent8
Node 20: 0gy1o4h dujwfby e1iuo5c tvoqta1 yp08ljk
Node 21: 5z6c9bt jqbudf9 quxkry9
Node 22: fylzct6 h8n4q24 n7gawng wmmny8n
Node 23: mird7xg
Node 24: 3y8yfe4 t3h57c5 ubi49t2
Node 25: nh5amga xn1n987
Node 26: n97bbqf
Node 27: bkq6e4h
Node 28: e44jnbs
Node 29: 4k0v4ol 8bewj5w euxsr8t
Node 30: 8kp4udh
Node 31: 9mjanjy zoud2qk
Node 32: gkbr4nq
Node 33: 47ka88v
Node 34: 1wqiy7o zb6obor zvhuq8i
Node 35: e3lw2ns wzidmfz
Node 36: 9kccu9y
Node 37: 4qug4ug 51p21zr eblglcq uoj4dpf
Node 38: oqlbg8v
Node 39: mh4zwd3
Node 40: ipulq3i
Node 41: at83p3k c8xqi30
Node 42: ii09uwm
Node 43: shf8hfy
Node 44: pff9x8f
Node 45: hw4cwjg
Node 46: 4ui7cgh
Node 47: q8m081v
Node 48: stv2jjx
Node 49: i2xofr2
Node 50: jeovdlz zjqf0oo
Node 51: o1tt45o
Node 52: 6cxzc6w ix6qhf0
Node 53: 1izsipk
Node 54: lain88e
Node 55: 11sviv9
Node 56: zjw1vev
Node 57: 33dcwik
Node 58: 1stp3u4 uck3uav
Node 59: jysqz4h
Node 60: 07hwlrl
Node 61: noovlou
Node 62: pz4kk7x
Node 63: 7bhs5fv
Node 64: 6kxi045
Node 65: 7ah567p

Node 0: 16agnbh 3tb2ohk 3vf0bf1 4ewg9fi 4h2af8u 7m3tlw0 afp4kin b62tgpa bvp29gc c95ptpj dnttm3w dpgf5ip hpxl9qs hyj76m5 ioeu9oy kaf7hyf ki668jt m83otcl mhn7nyq r8bo3m2 szgtitv trjihfr u5kxnbq vjr4p2o w59vg66 ww9a0sc yszbff5
Node 1: 5qhyxaq kcs06je xo4vqgs
Node 2: zfp9wjt
Node 3: 311l6jc
Node 4: ihnveod
Node 5: dyf24kf jey5f98 w3mk3om
Node 6: 1lbxn78 6ki242v
Node 7: f29xi2m
Node 8: b5sto5b faov9q0
Node 9: 0p0tmy1 dg2tfjl nvjdnly wyh3969
Node 10: gy8211a
Node 11: ufdmch9
Node 12: sdz5yjm sso9r9o
Node 13: qxpv7ao t67txu1 v281l30
Node 14: hqcfgmf qiwlz7j
Node 15: hmj0hjk ja9vgsh
Node 16: 08mlwex 26wlqg6 caead0p g4z6d9z iwrxko7
Node 17: c41i00p
Node 18: gpu9lbh iq7he6x
Node 19: 935b4v2
Node 20: 3azax2d
Node 21: 06k70ch 7qk1pu2 83cohws jbvyj2p tgn52mi zomgq5h
Node 22: aqglzbj
Node 23: dtq6rci zw7ogu4
Node 24: lip6ldw
Node 25: 269qjcr k3z2yr9
Node 26: vqevjsj
Node 27: k0ji218 pi8phqv uacgp0n
Node 28: vv3apbc
Node 29: qmz3j82
Node 30: 5ymzub5 t24eqxc
Node 31: dkp55lu e9wq3nm ng9nwy9
Node 32: niaf8q2
Node 33: 92otit4
Node 34:
Node 35: bx0lo2f
Node 36: obfrfc9
Node 37: rj2lirt
Node 38: 598kozf
Node 39: 81x6uvq
Node 40: koqnmvj
Node 41: qiksgjg
Node 42: i2aga7x
Node 43: oj973lj
Node 44: na7wp2t
Node 45: zbdow3d
Node 46: t52at58
Node 47: h2v6hrq
Node 48: fgq4fla
Node 49: jvjbd51
Node 50: 6poat0p
Node 51: 5ms5kc7

Node 0: 3ky6t1m 3m1mn3v 4cax3k7 4xz0w4a 5u9nvr6 6isqtjn 7mz3ol0 7poyx7r f6ku3zr fbms98t fusgt8e gcxmnq6 h8q2fg2 luzmalx mlfksvz ouizmba qe0xoa2 t4xs2w4 tdgtdkn urc4d6j
Node 1: 7667wdw oias142
Node 2: k7zep9q
Node 3: 93s2zui b86gwxj fxz7kjk ge8ijnt jz6llsp wql0dgb x1g8wty zmnlrpc
Node 4: 37e1xcs 6hncenc mtx946s
Node 5: 2674km7
Node 6: pywyt4q
Node 7: 67dicp8 fztw9ah jvwbszh ozvihww qqckvro
Node 8: 5paxbo7 7w82dbh
Node 9: csq1ios
Node 10: 0ytxvvu 5qjo6ek 5zx25af 8w3lteo ata7h3y b84u1g1 ghmyrrb l9c0vt5 uxqgs8r ycfd6wy
Node 11: 5gdhyds
Node 12: 3z81db7 pm9dfuc
Node 13: txz9jz2
Node 14: 4yjk4gr lm8fjhl
Node 15: nelfi3u sd8fr1a
Node 16: frkmrjv
Node 17: a31ee0k hgyujuo rlchwg2
Node 18: 1t7fv3h
Node 19: 2d3zl3g 2w9fouu hhi8adw
Node 20: 50n2df8
Node 21: d8kdj94
Node 22: nnjkr4h
Node 23: 210qfc2 7jatyvd enct1x2 pz8htln
Node 24: 9csdgf9
Node 25: 4sout7m
Node 26: exsv2ku tedtpac
Node 27: rn5up20
Node 28: e9wvon9 oe5h04c
Node 29: yf40cc2
Node 30: 38uqn79 rktgjge
Node 31: fa1wa3c
Node 32: dpd3njo
Node 33: klwo85n
Node 34: 5rhx8vy
Node 35: 7rqvdfr
Node 36: 8g8ohoe
Node 37: 5ypndru
Node 38: xdksa2u
Node 39: cw0mk5r
Node 40: n59s2od
Node 41: 7qxluq2
Node 42: 5siis0g adv6oyr
Node 43: 52z3ue8 inmbyij
Node 44: qscjemn
Node 45: ho94wi8
Node 46: on4y7nb
Node 47: benbhi5
Node 48: ta63sml
Node 49: m0j3uiq
Node 50: jwyqqt9
Node 51: qj965d7
Node 52: 9thg8zy
Node 53: u1vn1wx

Node 0: bnw0pfw bw6vw14 hc7gykg hdz8ryn hh458cr w99fo6d yixwp7a zuud0ke
Node 1: 9q7a9e2 jzkqt8o yov8jv5
Node 2: 0amdq8c
Node 3: nqz654q ntisqx7
Node 4: 4x1b8dd qwjmtt3
Node 5: qyh1tir
Node 6: k6b168a q80ob9l xwhemqz
Node 7: 9jxti3n p2zcqma
Node 8: toq63ph
Node 9: bhzggoo
Node 10: u598p5k xwppeog
Node 11:

Node 0: eiqvfft
Node 1: 0m1ub7d 0n5kf9s 0wv9m4g 6nu40ym cvot7l4 g45wl3m ixv1fmb q523onm u70kov1 y5ho06h
Node 2: hnqqk2s qcwtpi4 wd549t0
Node 3: a84uqbi
Node 4: 96mzblg
Node 5: dhb5z6l
Node 6: 1yr29fi
Node 7: cwjj01r ueezxh0
Node 8: uh5chf3 xt7v0gk
Node 9: imzjfym
Node 10: q404tk7 tj49bcg
Node 11: adzia67
Node 12: wgaqle0
Node 13: ftu1xew y3jhhrl y4avoxl
Node 14: 4y9djop
Node 15: q5i2k0f
Node 16: fmsqfs5
Node 17: l6fx58y
Node 18: epk4cao tcj4l0n
Node 19: u7swjed xfv7jt0
Node 20: cpvs4an
Node 21: lne0jud
Node 22: pt0mclv
Node 23: 6n6zxqr
Node 24: x9im6eq
Node 25: mt6q5do
Node 26: 4ge4l15 yge9prl
Node 27: 8g1g4yx
Node 28: 3m01jbi

Node 0: hu0tn4h
Node 1: 2mdbbrn 3vasw7z 4419tay k6q9wru
Node 2: 4hrjqtp 960f05h hutoa88 px7lhh1 z875yhp
Node 3: z5pqk8m
Node 4: 9mklb4v
Node 5: 6jwjlk8 o3lc1dc
Node 6: 7xprqt3 db00myd egaztww fklt705 ki3wo26 lsqzy69 ojgso36 rsymazy xvtt45p
Node 7: b3f2x7m ni7szhw
Node 8: c7plphb
Node 9: ec6jmra hhh8ryz
Node 10: nbk7vze
Node 11: xztbu9l
Node 12: 0sipkx5 dhn9t0h
Node 13: 65f9cig
Node 14: tp26r4k

Node 0: vprvsje
Node 1: 18s2wp5 1m7atmj 8dq4qjx 9k51xdp b5wd2rv ch7p10c qj9hf1y qkmyxgc rm3a56c xreieue y67aogi yv55nw1
Node 2: u0o74j7
Node 3: qqyl629 ul0jixz
Node 4: jjp8kjl
Node 5: 7q5g3sn
Node 6: 8e9d87r
Node 7:
Node 8: 3847tsd
Node 9: 9dweh81
Node 10: 54ekdqv
Node 11: zdmw5f4
Node 12: 6p5e0nh
Node 13: 2dcyzbq c9pxoyn
Node 14: hesjz2n
Node 15: t2z52ru
Node 16: 7krwoev

Node 0: 11gr3qf 216film hjls3l1 olrqp5e
Node 1: mb3xlxm woajr5q
Node 2: 5yumj73 zksoal3
Node 3: 1p2hoos 9p5yokb mi3132y o9u4get
Node 4: 8l2trgu vcojuay
Node 5: 443cw54 bmta44x
Node 6: 98n7hon mciojxk
Node 7: xgjhpkq
Node 8: uuxvyc8
Node 9: yi6hugv
Node 10: 1zshy6v
Node 11: vf720jl
Node 12: 6gn212f
Node 13: o2sacul
Node 14: 27bwjxg
Node 15: hu0a1ad
Node 16: qpd36sg
Node 17: iuhms2p

Node 0: q4bumvb
Node 1: ebq4gt0 ub16tlk
Node 2: cvf5x8v ijpwf8p
Node 3: fic0s45 rylzbu6 snb8dtd uiwcmct
Node 4: 1jzj4l9 5v8rrmi qmzo6cp
Node 5: 6nqtiqt g3z43vw
Node 6: exeeynl
Node 7: ctz410d e6bqoau
Node 8: 1xwh4xj 356u2kz 64twnlk abl6tpc baw9xwk cf90jrm h73m4si qqy2xdy sfvfme3 tg8m0vl vy1jsnx
Node 9: 3dg2zno mjvo24t
Node 10: 66vvmbi
Node 11: hkbrk4i
Node 12: hdy606c
Node 13: 6w9p0qb hyi3hzu vxh1xi2
Node 14: 0al0f90 bv6w5ac kiua45c vdkf5cj
Node 15: e1u56di
Node 16: 2n1mnge 6bdn0r4 bdvsnfl fzcxf5j p8j73rd vjmdq6v
Node 17: b8uuckc p9wlbrd
Node 18: vq3mfxi
Node 19: g1shvay ifuir5s
Node 20: 701uthx a49vddt
Node 21: c7wwx3m
Node 22: 99kkob6
Node 23: edmaxt3
Node 24: kktpjew
Node 25: gyluz82 l908dzy rbmcy8x swmaign zcqfijf
Node 26: 2qkkyn4 7irfgkn 8rz701g huj5ve7 lalhq91 na8bf10
Node 27: dqy7sja
Node 28: 0l3zo70
Node 29: ut4ow7g
Node 30: agu2emx hbgyh9n or0yogb
Node 31: icjeqsa
Node 32: 343r55i ch86aij
Node 33: 6u41afv jjcqtjp
Node 34: 0u7jg6l o1ottb3
Node 35: 7g0192v 9w75m3d
Node 36: 9ty9502 tw17rqv
Node 37: e0z3pqu
Node 38: obin80i
Node 39: 8zri1wq ad9iut4 mwapdjp sbs6nnl vcwesoi
Node 40: 27jxd19 d3d4txm
Node 41: y6u0m5m
Node 42: hvk8oi4
Node 43: 4aqs146
Node 44: sgdc988 xnqe01f
Node 45: m0mxmdv
Node 46: 7nckz5j
Node 47: egqrhr8
Node 48: eppmzl9 x0dbg3f

Node 0: 18hh4dp 32uz2hn in32uwj ju2x6ch nntu1mx r6cq69e v3w9cwn
Node 1: 4974wz3
Node 2: b3pwj6f ejllkk6 l7cvqq4 q4bncqz
Node 3: 6jcytr3 82ubm20 fepx0xm hjtoici jlayob1 mkplo6y nd75e0f ovdq6zu pid0dr3 qldjkcu uvvisas z84j2ho
Node 4: 89rnhz2 eub1kku hssh0w0 lo18lr0
Node 5: 3n8bfxk q7bk4sa rv0wiz3
Node 6: 414h0cs 79yq73n tau1rih
Node 7: ahqk64u w6e7u88
Node 8: 92dof1y
Node 9: 7ara1ba 8a2g1q5 jv353ef p0go8a0 p2utb18 rcz82t4
Node 10: 1ef7zuw w22f6uj
Node 11: 924hvlh qbr4dy4
Node 12: c4fnkmh
Node 13: g50ilq4
Node 14: gbvap86 r379s95
Node 15: ybo3b2f ygcs6kh
Node 16: 7em6eh7 kcx7doq q2sjegm wyrjm7d
Node 17: vuly3yf
Node 18: 8418t3w 9cahb6k b6unr45 eyw1iia fkg07gs p2qbdot ub2ov44
Node 19: 5skbiun 9d0o2aa d9zr0a1 kgavhgr vswcube wnrwmzw
Node 20: xplzr2j
Node 21: viv427f
Node 22: 8hmtqkk
Node 23: rl3c8nf
Node 24: uzoto05
Node 25: 3garyx4 6bpzmqy aa6pko2 afqgqr2
Node 26: 6xgurqa tfyq02h
Node 27: 6s6l417
Node 28: 87dbedh
Node 29: vj5t1e4
Node 30: 7vh1h31 s7bg77w wxpsbkg
Node 31: p97atfi
Node 32: 4q27h1c s6048n1
Node 33: 5g28ugq
Node 34: 0uwgvgd jywqg8m
Node 35: mu5ndtv u98rkh7
Node 36:
Node 37: bu6y57o fhzr2ks
Node 38: wu0d06r
Node 39: 1dl1kvu
Node 40: 7nabe74 z1f2mp8
Node 41: inhcevh
Node 42: rhp27qz
Node 43: wijfuu7
Node 44: yumnbri
Node 45: bfkib3g cj04n65
Node 46: juquqbt
Node 47: 1nr60w8 vi6uifa
Node 48: ee3d9xg
Node 49: xt28wpt
Node 50: id57fsq
Node 51: 4xjbu0d bt8csli vcoyndr
Node 52: wb4ju6g
Node 53: kbwrnse
Node 54: tnz2pyt
Node 55: l6etbsc
Node 56: 9lq911h
Node 57: k2n93sw
Node 58: 9wi9ja3 kj89l6s
Node 59: j0agbld
Node 60: 2ye12i1 tahlllb
Node 61: kcdc20b
Node 62: lwpduyl
Node 63: 6gqvbba
Node 64: fdkti8r
Node 65: 5hkadkh
Node 66: g14fwn2
Node 67: hig5k8k
Node 68: wbgtn70
Node 69: 17vnbqm uca1v26
Node 70: pldhujc
Node 71: s4liw9p
Node 72: s48hof7
Node 73: 0fayi0z

Node 0: vih3i36 zesak12
Node 1: ca29wyz
Node 2: 4emr3wg 66zaxb5 k1xcic3 rwvpkyz v77qb9u
Node 3: vmn8ewf
Node 4: 4gwthcz 7stgx7m iee217l jtod3a4 l18pzhy v9mhper
Node 5: 0fzvf77 58uxkva 735hoz6 9eh9kuj mj728cb
Node 6: ef8r873 gdllhqs gv7gmb0 h5jtaat mg1u75n nwnt1bf
Node 7: 7n90iqx
Node 8: 2yx8i5v ghtyydw s8bo5w1 y1jh7o3
Node 9: h20gk7i lh6p5g9 n8cn2tg
Node 10: 5gkwar9 f16jerq k7q1coa nsbhztq rn67rjw
Node 11: qkjigj7
Node 12: 2metrxo
Node 13: g3ve1cz uv1ccer vgcy9p2
Node 14: 2aievsx
Node 15: w07yli9 w2mndxc
Node 16: jrjtko6
Node 17: dfkowc7
Node 18: teqcsrc
Node 19: 0twg113 flq8n7b p5xzqp2
Node 20: olc2q1b
Node 21: 8j5zmh3
Node 22: 0ktibs0 ujy2ccq
Node 23: kptxxry
Node 24: becdyr1 w6juu7y
Node 25: 368xqpd
Node 26: 31daisn pafz6w5
Node 27: tscx1jo
Node 28: r3kgli8
Node 29: 9updbsr
Node 30: 1o5vwpt zd3itcb
Node 31: iqsp0jl q9aq9ot
Node 32: mz816gq
Node 33: mynzgpn oaqtwfr
Node 34: wfqzibj
Node 35: evdhe55
Node 36: k8k1nue
Node 37: agdazu5
Node 38: e1xplzm
Node 39: 4osf6yu
Node 40: d4gesht
Node 41: 8m1fcmm
Node 42: y95xzmo
Node 43: sbz4kap
Node 44: 5675wrc
Node 45: 87p08i6 g5hxflk
