Node 0: 31q7c0k
Node 1: 14e0oms pf0r5gn
Node 2: cw9xsgp dhbu9qr j671gro khh2avn sqbnt7m ydz0nni
Node 3: 13wc3hq 674letd 85tetwb 879w9ld 8qwj1y4 d38zyrj jtqsgkl kk75svv lcq4ift lwr1nfg poeurcv skpbxm9 ul1pfur
Node 4: ej6xrg8 mmg9tiv
Node 5: bpjrqqh hzfabr1 j5cnxnv u1bub6c vyo4jii
Node 6: g7wsd6e z6rwqf9
Node 7: urhc6ro
Node 8: 5p9yh7j gwhcymy pgqepmt
Node 9: c64pd0n
Node 10: j5khhe8 l0qy5z8
Node 11: ehk20qk mu3e6n3
Node 12: cgil9dp mar4wll
Node 13: 8b68f6z
Node 14: 35cymm9 xcnhayx
Node 15: 46dvqzy
Node 16: nb4vi83
Node 17: e892lgn
Node 18: 6uph6wk aqn0q3g t41seb5
Node 19: 34fmt7k vp1jbwk
Node 20: 8s6bp76 neeinxv
Node 21: gzltv3s
Node 22:
Node 23: yh5bdto
Node 24: wxqh0f8
Node 25: 8mysenq lh7q28c
Node 26: 3sninyh
Node 27: mhv3ltb
Node 28: 4gc3wp6
Node 29: vytxt8j
Node 30: pn02ywv
Node 31: orssgny
Node 32: 6xp1dua
Node 33: g63i72j

Node 0: 7vuqxwy
Node 1: hj2o8du okcf9fe
Node 2: 0jizmur 34mzjt6 d095ypx d9sa6h5 m76aw0y ovxctji x06aey5
Node 3: rrme1pg uv2q988
Node 4: 9dwqxdt ph09tn0
Node 5: h3dhme4 rlxkrlp
Node 6: qwsvdh1
Node 7: 33zvj1q 4c6ul5v 7cct36r f7rtcyu ladh3c8 pdl2dei qc0l65g tved3z2 zdhubhj
Node 8: rokjqnu
Node 9: 4cfcz2e 4duo7zo
Node 10: xj6fa6g
Node 11: cr8xj7h
Node 12: 82z536l h6yr3a6 vws6vuh
Node 13: bww8g7j exs8xma
Node 14: 3330rmx 3zpyvtk ey31bs5 j3drvq2 w5q324y x9yk8b7
Node 15: 68w2muu ycp9rz9
Node 16: 2v636av dqumoeu
Node 17: 4ycwg8b d4zhsqc hjliehz n9szd8d tc68nk0 tpcallb
Node 18: 3e5eola iyn36bz mguote5 qgygvqb
Node 19: tjxcfbl
Node 20: 2fkaxus 7zp9l6w oycfvje
Node 21: gka4rwv
Node 22: hcddbxz
Node 23: 4sbyxyl z8nwf7p
Node 24: 2ztg3as hh5h7fb
Node 25: phs5s0w
Node 26: 6i1a4ag dpm2wge qjxsyrq
Node 27: 9owzl2a
Node 28: 7quvwpy
Node 29: fu71qy3
Node 30: 1ykd1dg m2wgomj
Node 31: c1upsvk oghq8t4
Node 32: 5rl0ssx
Node 33: dnefhkl nygs8r5
Node 34: cywg91q
Node 35: 5vwfhzm y0ttzmg
Node 36: 760a6yh
Node 37: ef5j9n7
Node 38: ua0iuwq
Node 39: 0rvgzaq
Node 40: 4328p2j
Node 41: j7l7r81
Node 42: v7jdi4k
Node 43: 7z3v2nu
Node 44: ce8k5sz
Node 45: 8tyzvgf 9d0zl7l jgy8sty
Node 46: a03a0nh cekz09m
Node 47: okkehvd wtk4hjt
Node 48: g606smj jlwwja6
Node 49: 2t5ffvg z0xxqv1

Node 0: 9v6d4av o2y5la9 wlmwhko zd0ez7e
Node 1: gc76rx0
Node 2: 56qs5o9
Node 3: ojhe7bv
Node 4: pp29iax

Node 0: 0rjjx9g 0su9iur f0yjw6i lx0lmao zf2bn9c zvlwuv6
Node 1: g07xcns iadeya8 knmjs3f
Node 2: 6wkk1hs voc3ydx
Node 3: cgr0kv8 fhsu73r mmb0foy
Node 4: 3t5b7dn grttjn2 n3h3qh9 wsicr2v yhbu2wl
Node 5: iyynlrr l5dysyv
Node 6: w0q6oea
Node 7: 1kjw6u7 lvovxrh owakclo tojj7g8
Node 8: 50wuh7t 7fsmw1q 87ui9z1 9fnkxqy a79cpqz cneohht hcigkjd hexvlej j14myy6 kfaevuu vtjcj1j zoarr56
Node 9: 5myeo7o 7o8z8cj yz8y07m z5c7822 zrq6pae
Node 10: x6ry6qq
Node 11: 50vmhra iojfy71 ukf3a7s um629u4
Node 12: dnalajn nm95qw8
Node 13: 4ts7pvd
Node 14: i05kpkz
Node 15: bufafj0 r3pmx68
Node 16: a6kejbn
Node 17: 4mwl0sj w9w5ekv
Node 18: ddlgc50
Node 19: nmoyndy
Node 20: cuxgyuc
Node 21: qu8jm7e
Node 22: 0vjte1s klxlnpt
Node 23: xc1hv11
Node 24: 7zrugrc cx3qm15 f9k2x41 gabsgng t2d40y1 z0hxu5y
Node 25: 19zgrrn mhpxjfw
Node 26: op2jejg tlmka3e
Node 27: 536u1xa owurvbg
Node 28: enxe56r
Node 29: 38uaso2
Node 30: g0pfklv
Node 31: cz9yax7
Node 32: vqzgzna z0le2sr zspnr6o
Node 33: fo75o24 xae72go
Node 34: qea1ewl
Node 35: 2zn60fj kvm9por
Node 36: wy0sc2w
Node 37: eggfrlj
Node 38: h8p32yv
Node 39: 6i3f7s9
Node 40:
Node 41: 1nxpkgn vhgwv7l
Node 42: hi6a1wp
Node 43: ila2ijf
Node 44: bn6zjr9
Node 45: j6y9hcp
Node 46: 1lkc1co
Node 47: tguawl8
Node 48: xhju78t
Node 49: 91q54rn

Node 0: i9hkcbz
Node 1: 53fz60s r8g1a7z
Node 2:

Node 0: cr554vu dn3wd0e sxtn1r6 vv37crg yv0y13b
Node 1: q6dkxef
Node 2: semawe6
Node 3: 7dox3nd avep21e
Node 4: gpono81 gru582p m93x5d3 quwpf4f
Node 5: 0bjis9n
Node 6: h9j8at0
Node 7: 55svny6 do7f515 lg5k28p
Node 8: 5esjj39 6p9h2al 8ah1cnz b6jv95e df9v0oi nk1md9d pqbhlle zfdvllj
Node 9: fbesgoq zriv6s0
Node 10: fudzzhz
Node 11: 7h7lksm
Node 12: fk5amyi
Node 13: 1z4fpt2 rtzic9g
Node 14: rd0m79t
Node 15: km4pz6c
Node 16: hytlv34
Node 17: wdx51r5
Node 18: 72vwlqv
Node 19: jnp3tmw krzevm0
Node 20: 13ca3u4
Node 21: 221oojg wixwktt
Node 22: 8s48pnp 9lzmjio ftf3lsz wkcaw0y
Node 23: ez11p44 ucm2ruq xwy95pw
Node 24: 0lhwfve
Node 25: ab4dcrz cmn9pof
Node 26: n5w3qcy wndnfik
Node 27: zhqraiw
Node 28: q7z7tlc
Node 29: r6q3vpr
Node 30: 6d8skhy hq404rv
Node 31: 15yuq91
Node 32: ennbv90
Node 33: d4zqueb
Node 34: d58xa8v
Node 35: mbq530n
Node 36: okqfda3

Node 0: i4d5f4j
Node 1: 38z2bl9 ezas0oj shth4jy tkuhc64 vj22by4
Node 2: s75s500
Node 3: 740bc8r 8ubdtqf wgtn15a
Node 4: cxso8fl
Node 5: uavdxt4
Node 6: econplq hb41qmm u43cqs0 x1p1u63
Node 7: d3zp2wf
Node 8: 6ul48im
Node 9: dytw82l shce35w
Node 10: wk7o9l4
Node 11: 98wx5li
Node 12:
Node 13:
Node 14: s0vhdk8
Node 15: 2u14r04 zqqcodh

Node 0: j7drlrv
Node 1: 6z892xk n5xgbfb
Node 2: 7iic1v5 gmjyffc hdw75so jgrldeh n6b0o01 odn57iz
Node 3: 43bmmzn pyzlbi2 smqdpci sxnyvf2
Node 4: 19q0wlv fa2j1re owksfrb
Node 5: 93m3a9r rshzxm4
Node 6: 6h8mz3k qgdkgft
Node 7: sdgovdl
Node 8: i2lbh0y uxu3874
Node 9: b4vcsuz d3m47lj hifke8p y4vvtav
Node 10: 3nof2jb itp9e6v uz3ygp7
Node 11: 8zn5b5q nfxpzbi xfjy9ob
Node 12: otr2ote
Node 13: thz4jh3
Node 14: 0hlzlst evu6g96 g3sqibk swhfrly yg131w1
Node 15: e4fn4o5
Node 16: r304n6e
Node 17: 09xykeg 5laoo0s 888aru2 cruetfy dces9k3 hb3xqus mi7evsg r8o7kks
Node 18: a3lydq5
Node 19: isyynsr w9os5ic
Node 20: aykdct9 fp9fl51
Node 21: p0vcamw
Node 22: n11aobm
Node 23: 7iqf4ji
Node 24: 516guzs bz8a2mf
Node 25: gihtcnc
Node 26: im8id4c
Node 27: qki56fx
Node 28: 5sesr68 xfkfm85
Node 29: skjq26d
Node 30: 45sembk p1ufksu
Node 31: 5us84d4
Node 32: i4k6e71
Node 33: ookr0ze
Node 34: izzmffp
Node 35: 4bm1eqd
Node 36: 1hohecg
Node 37: w9tfju5
Node 38: anwpte7
Node 39: dalz3oh mqd54qx
Node 40: kpvjrtj
Node 41: aw7ns66
Node 42: fpxwf6x
Node 43: mwktvii
Node 44: d4ofzv0
Node 45: 579xktc
Node 46: 67fhv8e
Node 47: q1aszyb

Node 0: 3p0rucl 5dkj8l9 5vyxo2h dwj0vhr fefqnae ugto20m xb6gddj
Node 1: 1u9bsbc 4zi8f0c ebql651 nnjxe6p vxazkts wfy5htn y9zg5xm z3jygsv
Node 2: 6zp6iz0 js6guyn
Node 3: 4rhrbud 9oxrhwu rh95z8a
Node 4: pwbm6vw
Node 5: 122izc2 5g3k21r 64jfbom 73wbudl 7ldjxjo gnxryd8 izt7tmk kci9dmh nrrtnsy tlv2iqh
Node 6: jlhv6dk
Node 7: 1oh5uhx 9q2dfs8
Node 8: 0yxc52d filyexe v8kgrmg wg89jgj
Node 9: gyos3h8
Node 10: 1nvmcaa 3nbm3ng czvsqbw emguem4 hwjj12z mtbbonz pdvpdcp vnipk3b
Node 11: 2jp6759 rk5s7q5
Node 12: x11rcng
Node 13: powwz02
Node 14: 2wlrzyz
Node 15: k9ssevo ymq929i
Node 16: s5ia7bw
Node 17: do906qu
Node 18: 8zkgusw a1tbf53 h4na542
Node 19: i4c4zrq xqs8zxp yfu0s35
Node 20: fogfypg
Node 21: b09sry2 oup05fw
Node 22: 1lvqceg
Node 23: nnbma1a
Node 24: h2mw06t
Node 25: 6p2ba2k
Node 26: 34b3qof 6wx978e 8jj2luo o8rg3qf
Node 27: c2iwmhr lgxn6ef vghyw6s y6o14f1
Node 28: 1fxjm0g
Node 29: p1h3wjw
Node 30: j9yzax3
Node 31: mmjdfzk
Node 32: 2mooff0
Node 33: 2tr72u6
Node 34: apfenat
Node 35: s2now8m
Node 36: b6x8w47
Node 37: nidapno
Node 38: anhkvha
Node 39: w45fsv9
Node 40: bdgx7ro
Node 41: 4u6pzt8

Node 0: 9g0gq8c
Node 1: dz1a9im oe0izjs
Node 2: 32dk32e 6dqcjnk ju9q7vu yjqgy50
Node 3: 2oxpk6j 9rxdxex mzlpbbn senhw2l wg382ia yual4d9
Node 4: blw50br
Node 5: 1ukmnn0
Node 6: 8htn2ji wgleuww
Node 7: 3r52eyx 4xjfw38 nki0213 zsmqjgi
Node 8: 5ilwjwi
Node 9: xwtfx9a
Node 10: 54veux7 zrl01nu
Node 11: z7c6i9x
Node 12: 35gfof5
Node 13: xsg8k61

Node 0: 8n1otyb dbcewcz m8w4gsd up3491t
Node 1: u8z1dsw
Node 2: klo9hbf
Node 3: 09jgowy l9n4u94 lnhnt2e u5shsly

Node 0: 14uut44 9go6ywq
Node 1: 24jtyu0 3a7lugb 3qa7oed 7knhm7c dbyaakl ejv4z1s itfhvp8 mgmgej8 pzpijqg wvzhibh yynktla
Node 2: bmt99mb i2x1xxl jl0xsrm
Node 3: 0hdgffr 5nutt6g nw9affo opcr6jf
Node 4: 95ty7pn t40jmt5
Node 5: bkdaaj9
Node 6: 9v6udqs ktkt265 v40b9c6
Node 7: uri3n75
Node 8: bg2538r celmzsj d44qdu1
Node 9: m84pbr9
Node 10: k6qi8ht
Node 11: 4g51nu7 5444074 8uc6ocs e9ahcv8 f2m36gu us5wg6t
Node 12: 3dzd016
Node 13: 0a50ub2 v77kecg
Node 14: cyjvox3
Node 15: iero2mk mp5kom8 pu2uhca xfgvhps xi20d1h
Node 16: 1oyruhs
Node 17: d2yktki
Node 18: 7hx30kd av18a27
Node 19: 5odk6zf
Node 20: mcdpxne omimref
Node 21: ef33dup hlhy8gb qsj401n
Node 22: eikwdwc
Node 23: ssqsvhd
Node 24: d9owjpr djm9cnv
Node 25: a9ogucl
Node 26: d9qiv47
Node 27: 0xnuyx6 v15bfp3 yqqeqo7
Node 28: x2jg9jq
Node 29: pniazhm
Node 30: f8k8gn0 fc30cy0 h5z363o zf9s9yj
Node 31: fitcooi
Node 32: 743lat9
Node 33: ahd4h4p
Node 34: dj1wp99
Node 35: 8qddpj2
Node 36: 8an0zmg
Node 37: 250v20f
Node 38: oqcprio
Node 39: du7wnrq
Node 40: lhjimp1

Node 0: 4t0mv51
Node 1: 0dbnfsy 5cwmtt4 5kw3rlr 62yga4b 85mqd79 aa1cksk ht6uu5v icjwb5i m65pq20 mkinx4y z9mfa2t
Node 2: 9mchmbp e38kxyx f769y9n kgi3ywr lfrphd1 ocyjksx
Node 3: 7ub3lre 9run30l
Node 4: zt0gzhv
Node 5: pbvf8lb
Node 6: 66xcnmr bhhhasd
Node 7: j7c1zv9
Node 8: npcfx8v
Node 9: 6l1u3ts fhfml34 lrn1pr7 scnbmj6
Node 10: h4ppy3z yqgi5ay
Node 11: 0sa18q6 9faf4q5 ft0r0kt
Node 12: nta5fom
Node 13: zhown57
Node 14: ah4irb1
Node 15: 7hda5hw
Node 16: 6ypc02k
Node 17: tquow3p
Node 18: 38gb729 i9wpfbu
Node 19: 627orgw jnaxxcl
Node 20: nvxko8q
Node 21: pbpj6u1
Node 22: vr9a2r2
Node 23: h8co3nh
Node 24: wr60yd2
Node 25: 6hi0vah
Node 26: dd4ibrm it9emoy
Node 27: wc5i5l2
Node 28: mhwofir
Node 29: 5ua5hph bp24dj1 pw7vz4g
Node 30: 8ceuqcf
Node 31: ltpvkgt
Node 32: x7pdnh5
Node 33: p5l7k1s
Node 34: vff21m3
Node 35: 974oje1
Node 36: ppuuc1o
Node 37: aia9idf

Node 0: 1uycrk9 25qo7u2 2qlbxa0 2tx1tdg 4i50by0 9o1mu85 c2bak5g exjk3fe f0klq2p fp5o2zi lsxctqp m5e4b66 nh05tp1 rnlzr9x
Node 1: gm0rke1
Node 2: 23h8lpx 7m688d4 8tlhcvg j9osdwu o6kxgzl
Node 3: 17kwjw0 8r10ens jsqes7h qr16avs vygp6jo
Node 4: hh3n9jx
Node 5: 9d9u2rv 9uzroms b6b7opi d3a1vlb fgoyrbc go8v9jl zrc1gb8
Node 6: k0y3f9z
Node 7: 4ghz86o d437jk2 sgxn4y3 v8h724l
Node 8: a2fr0x6 iu8bg00 z0jurcd
Node 9: lyznwa8
Node 10: 9jfu1ml nc40git
Node 11: dyj4b8l sck38u6
Node 12: llfsiqo tq2b2mv
Node 13: 3siivaw p99wggu
Node 14: cu2budp
Node 15: zqdbuxz
Node 16: tbs87sc
Node 17: 7j0ngfi
Node 18: h8rtsai kil7f5g
Node 19: xefqfes
Node 20: 1or7ube 41iqlln
Node 21: zcl0q4x
Node 22: secjeqf
Node 23: r4vrkxx
Node 24: epokypl
Node 25: ssq900g
Node 26: 9ca0amz
Node 27: 3qyghef
Node 28: 9qotth6
Node 29: 7nneb37
Node 30: emlvyzg
Node 31: df3svxa
Node 32: 1hf2jb6

Node 0: reqxz51
Node 1: fdwwagy qc3l9cx
Node 2: 2wqs8i0 eia032q fci1ijm ffmc5pa i3hk5rb o1vcle7 usi3dk4 xyxrtny
Node 3: 74gs4m0 aq3mj67 ay3pj0z pi2ew9l po4zpjz swwc04s tl54lx3 voa07pa
Node 4: 5xql6dq eo5tted mssemv6 sjrf230
Node 5: 294nzht 8odwmps
Node 6: fl1z5ik x095ls4 yi63lz9 zfcutie
Node 7: 896xpq6
Node 8: 0xysj7b vulxl6z
Node 9: 02ke69b 7rlvmbx lyph2a6 qp80exk sjhu4l8 tflv3qf wa5xyfq
Node 10: 5uxum8o
Node 11: 55aiof0
Node 12: enldsat gi89su6 vnkmyx9
Node 13: ms639a1
Node 14: ax4ruyc cqwv7tz nx2op0q
Node 15: a6wyd8a
Node 16: grc86aq
Node 17:
Node 18: v2v9wdz
Node 19: ec9facq
Node 20: 1dopimn 7kknqmi
Node 21: 3xfyqng d2lq3ey
Node 22:
Node 23: k0dc9ko
Node 24: a61qxms jlocak7
Node 25: rckhf2y
Node 26: corrtzh
Node 27: 51ga6j1
Node 28: pdcw1xk

Node 0: 3lljb0l r2ydy9d
Node 1: 20zc5p9 4zk737z k0ismx0 u62hgo0
Node 2: 3belqfh 5b0x8bo bfu7j5c dg3otz5 ib6l5fw kaopyr8 lx09hzt rmssnb2 ud2ktvh ut0exup ytch2r4 zaavb77
Node 3: ssbuun8
Node 4: kf12f7a
Node 5: 0eooiy0 154x2rh 43fgpkx zo1x3r7
Node 6: pwo07w1
Node 7: 6lxeirw
Node 8: gykqt77 wi3hhz8
Node 9: 2bpbumz n8qdno9 y823qbl
Node 10: 2a3j4z9 fn8u0se ybj0el5
Node 11: c310sa1
Node 12: 38efr1p
Node 13: 35b86cx hd75rbf xyeoabq
Node 14: x24w5do
Node 15: etmznow i2qkn3s msrszc5 t0rnj16
Node 16: d0vzff5
Node 17: xxe516m
Node 18: 504nz3i
Node 19: s23xac1
Node 20: hsw48mw
Node 21: n6bjker
Node 22: dccjsnv
Node 23: h1e59yw
Node 24: vx6fu44
Node 25: u1bselt
Node 26: l0vzynh
Node 27: jy7gprh oms64yd
Node 28: 8260hyo 96jsums
Node 29: smuh0ik
Node 30: 2bwb4h4
Node 31: hjv3o1a
Node 32: aiyep1j
Node 33: xrhxnh9
Node 34: 5arl7r3

Node 0: 2u6k6o7
Node 1: 32cm6jd 74fjkuw el93idu j3rckhb jvmrqhp kltu7yy r577jnj y5k92s1
Node 2: 1g8h6zn 1jp3rc9 jwi38gj
Node 3: ivgh04h
Node 4: 4hpi0zo g8ifjw9
Node 5: jmsayh0 ktvf3jv ofbl95w v1jedtj
Node 6: 172xx2o 6m1r5zg nprgr1j yeu6hey
Node 7: 3qx6il6 pilvdrd
Node 8: mrcxfm3 tuhxje0
Node 9: 8g20si4
Node 10: 4uh6s4h
Node 11: pa8qfks
Node 12: 0nah01s a3ridhx j4ocnjm udov3vb
Node 13: yjq4ji9
Node 14: 0axm1td erzzv1g
Node 15: krjkf72 vg1zou0
Node 16: djstsos sslj8vo
Node 17: 3asoatm muluuu1 q25p13i
Node 18: lpjrudp uoh4y50
Node 19: u11lktp
Node 20:
Node 21: 42dy10t
Node 22: vfvknr2
Node 23: psgkdi4
Node 24: zbez2yr
Node 25: u4g5jc5
Node 26: ti4br5z
Node 27: gr0k75y

Node 0: 1sznymw nj9c2bt uf45ihf
Node 1: 8u7npao i4eikkp jht85w6 ko793zd
Node 2: 3l792c0 i61umnc phqziw3 pobncbb
Node 3: jeyanod
Node 4: ae9x42q gqfw22n hxezghz ml3pkf4 nnmt35r nnv0dam ruqukkz u3osxto
Node 5: a7ovkwu
Node 6: j371b7w lklqwlp
Node 7: 6k25sz0 g87t7xr ijl4se3 jj81bsp phc5i5a u6c76sp yrfxr7x
Node 8: at2xxk5 kwwe61l
Node 9: fq2sjvk jldahl3 l0fsn2e niwanxq nma4i6n p3tc7f3 qmmqifk
Node 10: 2x9fyit gxrw5jd nxs5ja8 qzo5h1d
Node 11: 2kmwrrp 5f1bht1 7ih10ws 8lkc9q6 91w6086 cbvvdcs iqf4179 kj0yk2q oannj1h x0zbw0a ze9nur7
Node 12: 5tc594x v0j5l5w
Node 13: 2hij9tf 3lwo13h a841v4n cw8uv0o hvegdmr kcxqiym wai7r0i xmhnu30
Node 14: 6dpg5el
Node 15: ad9a6u3 gamwt2e nt8fqfs pe30noy
Node 16: 6mmw4tk 86kqmof as7bx24 bmzx7zq frl5lbb htta5vs lurae2h u4zbs7w xb1r3kd zivjmy7
Node 17: 3opz75m i41ihq3 woeqoza z6o8mgi
Node 18: ft8s8g9
Node 19: 66qyh3c
Node 20: g702bqf m1zahwo zrimixh
Node 21: qor0aa3
Node 22: eer93mm
Node 23: buo6jtg
Node 24: ajnhz8s f27qny8 jphcu71 p75m0pn
Node 25: 7ymr1j7 9o8413f mcoky12
Node 26: l9z9oub vj3vt1z
Node 27: oqgjxmr
Node 28: i9xdznl zhv5ac7
Node 29: i5z7ti3 v0hjyh1
Node 30: 4gayai9
Node 31: 1o9x5d8 ec93nj9
Node 32: y907m79
Node 33: h8fzahc qeeoku3
Node 34: h4t4g8a kp9fc3l
Node 35: g5n1rsm
Node 36: yu5xvx7
Node 37: paaihk0
Node 38: 401hgxq
Node 39: m8gbart
Node 40: czkw240 y3eu9aw
Node 41: 6k9tzc4
Node 42: kk2o7jh
Node 43: sgtumb0
Node 44: tydijfy
Node 45: xobawvh
Node 46: udfz1qr
Node 47: i0pfzld
Node 48: 6q8jzfs hbbzwpm
Node 49: 0t85wb2
Node 50: hgdpm78
Node 51: rmfv3m3
Node 52: j46lqus
Node 53: t5jkkol
Node 54: nahvsk3
Node 55: 8erbzcx

Node 0: ds8h2w9 gkxoi79 ppu9vqv qrg92bb y6vve0z
Node 1: psu9tkt
Node 2: 0wa34c7 181jwge 1bxp1ck ly5apnx ovzmh7c wx1kj6m
Node 3: uxd9z66
Node 4: 50gm7pb 6x06c0n 7gdqmbu 8ck4vh6 8klf56v csc1j3n ego9ut1 jy6w0a8 kp2m5ul z9llbua zb5yxjw
Node 5: zp82s4s
Node 6: 3d9lukh 936xl4o enad02e mk0k9a1 p5n9ezs u3fdnnw vk8vz5r wexjtay wvzsxxp ymyn8sx
Node 7: zvfthc9
Node 8: 7z0rbx0 l5prtah
Node 9: 1h8bjdb
Node 10: 8qb0t13 avj5kza ebka69p regf45p xgyg2vm
Node 11: u1t1d6p
Node 12: 4yx4tp9 tofr9mz
Node 13: c7nodwh fblx5gk uhxzzga
Node 14: myzey45 w9r2m97 xb1xphc
Node 15: 5drz39m 80y6t67 9aecrjg azvbctq vayosiq wgbsv96
Node 16: 1v73w95
Node 17: x2tmfrd
Node 18: f962qh1 rpd20iw
Node 19: 1wkbu70
Node 20: 5tw8f5o
Node 21: 0hg6hzu tamah2h
Node 22: ebcbctl
Node 23: 952spcr hg2pvtf hzev6su t1dbwwq
Node 24: 3v5chas
Node 25: 1hzcvqy mwrx25y
Node 26: 81xyx8l
Node 27: 0jssloy 9qfcg2l kgi5b1k yav6g4z
Node 28: vgib49l ya27av8
Node 29: wl0yh1v
Node 30: 73v35z3 e9lzzsf vbsghyi
Node 31: 5e2zgei
Node 32: h3l4i8n
Node 33: 0tddp4e l1kcbjx
Node 34: gkjx5nq
Node 35: fkh4tsc
Node 36: 26q9y6t q442jmq
Node 37: pwxd1h2
Node 38: 7u38wg7
Node 39: idp28xx
Node 40: eau8wao
Node 41: l4xg3z4 r1ejryc
Node 42: auyjptq
Node 43: 0st7dv5 w5ndqxo
Node 44: 21la8s1
Node 45: jykhzhx
Node 46: 398kbim
Node 47: rzmarz1
Node 48: 6cr9f9f
Node 49: f5n81e2
Node 50: dud6tnu
Node 51: vwnamnp
Node 52:
Node 53: mu7t1y9
Node 54: ocb3gp2
Node 55: iu1fukr
Node 56: a2i0tjo
Node 57: 0ywyx52
Node 58: q66i9zc

Node 0: bzxfo4x c5crhop x29ez2v
Node 1: 3sx5od4 44d0lk8 62xj43x 81injkl ca7locg h7c8926 hipmces mhasa85 n8m69jo v5goz7m ytksqmk
Node 2: ymuru6j
Node 3: 0s9mjlg r0ommt7 t6quf2o xvn1lga
Node 4: 5h7ayi6 8vrtptb amnhceb x53ak81
Node 5: f9zn8kr o6bm8hz
Node 6: lxnt5r6
Node 7: 5k7tom5
Node 8: wl6m8vw
Node 9: a7b8y7v h9cbnga hi31vb4 mhp4u9c zard72i
Node 10: xt33vrq
Node 11: kqcoyfs nen9vjr
Node 12: eize2qz
Node 13: avvim1m e93h9vx
Node 14: dpijufp
Node 15: i97jjg7 myh1mvs
Node 16: 84yjfaa
Node 17: 1sfk4s3 jzksxzt ter4fkm
Node 18: 25bif9p 3v2zf49 7uvurbi t0smglx
Node 19: cqud3lo
Node 20: ptthg1j uk6e7oq
Node 21: u8vho0i
Node 22: 5ce1wed
Node 23: 5kah9qi
Node 24: ncckafy
Node 25: mflpaf9 nuzxk0a
Node 26: qe7u5x7
Node 27: ywj84no
Node 28: nmqme9o
Node 29: qmgbl15
Node 30: qk7uw9w
Node 31: stp19zf
Node 32: frsy0f4 yq2z5xu ywrmyrp
Node 33: xz6zouc
Node 34: wzzjhdk
Node 35: 6t4hjvs
Node 36: x6d19hh
Node 37: 0xp3wxm upvbkhw
Node 38: hs5k1ae
Node 39: iqzpsu6
Node 40: ak63fkk zpbkxs5
Node 41: hm9egcx
Node 42: l308n7c
Node 43: hecux8m
Node 44: 6iun09p
Node 45: 93ae0cd
Node 46: uab104q
Node 47: oioxaog
Node 48: 94wfftp
Node 49: pkmga8x
Node 50: 17kh4v7
Node 51: wp1htln
Node 52: svl4q2i
Node 53: 1l6eqsb
Node 54: wdk4mfb zb4e15h
Node 55: iz71x8v
Node 56: loyhov3
Node 57: 5skj2xr
Node 58: 9z5h73h

Node 0: 8dxzhch bqjd7e6 lel21wv
Node 1: fxil1wo ry07l30 v8ri55b
Node 2: 1r3toua
Node 3: 227yx8y
Node 4: fmdgh5b in0ibi0 rldspg4
Node 5: c8v4x17
Node 6: eirv814 irwxsih
Node 7: b69i4fx
Node 8: 32e75xm mwb4zql
Node 9: g6jugs7
Node 10: 4vv2pqq 9dx06vs 9talysi gnutdmr
Node 11: f4cujxx
Node 12: be3lhyi
Node 13: 4uwqvrt v9ivw7h
Node 14: xbmpxcr
Node 15: xlo9jzw
Node 16: umsoumn
Node 17: tz32pbg
Node 18: 4zbkvom
Node 19: lv476gm

Node 0: 9xci5cw
Node 1: b2c1fle p5ztwty vihv0iw xbysxlc
Node 2: 5db8p1g 8q4oi9h e0bzo8y frpu2ue kw36kqi lzmh5ht uchqw3v zcfm09z
Node 3: 46h5d8a fqpe4p5 iz58y45 l4zr281 qcyaibx sb0i27j
Node 4: 2uc8e5a 9pt3k0f exave2k
Node 5: meuj4vr th19fx8
Node 6: thpkps6
Node 7: l3v27q3 mo4sth9 tw5s4ju
Node 8: polpxr4
Node 9: 00zaskw 0v8mwta dc5n149 hzysp1t j729ihz jx6s00s k6qs6pr r1uyqge
Node 10: mcmk8h0
Node 11: 3vmdbgo 7qe68zy 95e6cu1
Node 12: gu5hjtq ifhuees kn5o9fm pxgs84v y46lt3j
Node 13: j6h5td8 nn5ntbi
Node 14: s7oihtx
Node 15: h4hz8zl
Node 16: aezmk8t
Node 17: 561nmru
Node 18: cy48hml
Node 19: qw5e5t3
Node 20: j0d1bvc la1fw40 sle0jn1
Node 21: ekpu4rm hwbwiuf
Node 22: avpvrru
Node 23: mei7abh
Node 24: m1onsls z71uw1u
Node 25: 9hpt4kc
Node 26: 1aywhdc gv85idq
Node 27: gbouhnw gml1r2g
Node 28: lo55l6k
Node 29: 15qcbip
Node 30: 2s0awcj
Node 31: zxsi82q
Node 32: 0emvoqk
Node 33: tb7vd8p
Node 34: u15i4n9
Node 35: 3plq70u 9jkj19b
Node 36: 9zivhyb
Node 37: sgv65t1
Node 38: m86ndix
Node 39: rcydtje
Node 40: zbdtl3x
Node 41: 2lwjx86
Node 42: qni2gtx

Node 0: 0x3eins 6cazvyx pj1mxo1 q4julj0 tv5szlu u1gq4yn
Node 1: 8l179kh u4ypv8t vbjvtxi yvh23l2
Node 2: kn8sfsb
Node 3: hxu2g84
Node 4: dhrvlmt
Node 5: c2unv1r lmu85ag
Node 6: ksrxk0o
Node 7: 3kroqfd
Node 8: q1kosvi
Node 9: 3v27vkn
Node 10: puopxwj
Node 11: bs5tlww
Node 12: 7ldo8st bhh8as7 lcomzgh
Node 13: akf7sgb
Node 14: 9t41mdy dlep1vb
Node 15: w8zwu7t
Node 16: 2nbr2qv m3uhv74
Node 17: ocwgt0e
Node 18: t85pn8x
Node 19: 0rq41vf
Node 20: ghjzm74 lkceaaq thkly1z

Node 0: cpxqjx3 llz5ybn
Node 1: 6rl4wy3 8ajsrte 920h3a0 pbc8mue qmzg6vb qtca0b6 sh7fbin uyodjsa v3rjjmq
Node 2: 5g7kkzp 824cy6p 8h9khu9 9wrhlg3 fdoag58 l4xmw1o m9mdn6m n3ntqtj nt4ydat pfju3df
Node 3: qsxgzoy x5z9ybu
Node 4: a1e1x8l
Node 5: b82bsjv e17qa6x wxmuruv
Node 6: 44hpysv 6pu1x63
Node 7: 1zkfe3m dtf5trn e8lyh4r mb1bza8
Node 8: 714wf0p 9gaemwj bp6695v g7ty5ih p7x6t4n
Node 9: b7lg33b bdqnizf
Node 10: kawirdw ncf1qfr wspsbpm
Node 11: xp4zxev
Node 12: s60azfa
Node 13: hrxv89f
Node 14: gdnlt9e t162k02 xtqg5xl
Node 15: slsh9su
Node 16: ffi9y9w
Node 17: ji86bf9 ke3khwq ltxjg4v mdzxekp wm4laih
Node 18: 4fzyleh eai0mzk
Node 19: 0r8fq5d
Node 20: a9auekg
Node 21: 4sxe5pc 5zs45no i2372vs tlmvwcv
Node 22: 1usx4j4
Node 23: o1au8yi
Node 24: uknm4f1
Node 25: a1x2eh2
Node 26: 85xlbl6 hio7rz9 kp12dd7
Node 27: l48aycc
Node 28: k27aqtn
Node 29: b1qr0ly
Node 30: m2cv3k3
Node 31: 3t34223 kj90prl
Node 32: a3wk7mq
Node 33: 95vyejd
Node 34: iouxxb6
Node 35: vxf32ar
Node 36: sgy2h08 svpef2d
Node 37: i806ocp vffctrc
Node 38: nban1y1
Node 39: 0mnwq1j bppyb8m
Node 40: 36vv6pl
Node 41: 9du4ex5
Node 42: uhzyh2o
Node 43: 4b99jof
Node 44: 9smf33i
Node 45: dwuvyhd
Node 46: x4g2v54
Node 47: u24iefd

Node 0: 7e4dlot
Node 1: 01q389q a70upfr hzy37we m7aoffq n9771im oc7kp3y rfgypx7 ri8yxcg
Node 2: 4qccgyy 5cfwftm 6h2r9em 9w4wf5b jjc2jtq
Node 3: 717le6b vma09ef y7igyik ymg0xf0
Node 4: ip707g9
Node 5: mpkwmab o6kxjkz wlrn93k xjhxuzq
Node 6: jipy3cg
Node 7: xmoign3
Node 8: za4t1fm
Node 9: uygjxj3
Node 10: cfnwf7j t3o4mqu
Node 11: foo0xzd oti9g6x vgs408t
Node 12: bjo8g11 cn8zabt n5vt0vw
Node 13: 9p7imd0 p7jp1hp
Node 14: ob35srh
Node 15: fj2lpg7 kuf5usj
Node 16: 26plzrg
Node 17: gt7allc
Node 18: fxy1i0u

Node 0: i9n8b9a iasbsg8 ilbm879 jmuhaf3 k13pyt9 ovkpbm2 t0vh2i5 ue41xlq yzrjrqs zsrfcmj
Node 1: b6hdh39
Node 2: kzrtmmp
Node 3: 0jxfv91 y7kjoau zpup1nd
Node 4: 9ekfcpu 9m3hg95 rvjne9s
Node 5: 32n7iwt 87vs5gm b3fqtk8 ei58exq g8f3qm2 h6kiqr4 igx38gc qomy5og
Node 6: axf915d shgwq0f
Node 7: 01izlbi aislv4p on4sq8g qeew106
Node 8: 2qsmomr 5cs20t7 dig006v ri1nqi1 s46d9om tyfwirj
Node 9: 8zcai3o
Node 10: trpkfje
Node 11: 14jj7nd fyaxfn3
Node 12: 6ejiux6 rmsdo86
Node 13: y63xlgp
Node 14: sw2t1id
Node 15: 6enkrwt
Node 16: noo2b6t
Node 17: p8och8j vzdfno4 zifvsoh
Node 18: vm5jmzt
Node 19: wr4jinh
Node 20: 37srsg2
Node 21: lwq93al
Node 22: welt19z
Node 23: 4yq7wpw nvx64nl
Node 24: hw9aj0i
Node 25: qk634yl u4a7mlk
Node 26: rfecwll
Node 27: o126jhw
Node 28: m8jxizh
Node 29: 5q9c4f4 zw08lf1
Node 30: 4pc9vjr p5sjn95 y6a8bch
Node 31: 79ohd06
Node 32: ridm1ym
Node 33: d954wbg jab7cxy
Node 34: vfdxukb
Node 35:
Node 36: cbropzb dcf0z7p
Node 37: p0cxao0
Node 38: ocmsb4s
Node 39: phkzeo2
Node 40: micm5fc
Node 41: t0xnj5e

Node 0: 1rpq5gg 3pysds0 51bb6ry mofrxqg q8280n2 s7lgx3s yo5t8tz
Node 1: 5c0jbwu 7ycpmw5
Node 2: kn5oim7

Node 0: da3ha2p mp7xz72 z0xfle6
Node 1: acw7yxv fovapwd fxxrydn xuc3klf z2kni7y
Node 2: 993ren5 eg6mqu6 u97ipil ydgsq8e
Node 3: im4hai1
Node 4: omucwbt
Node 5: 2a49zdm
Node 6: 3p75992 lw4fdi0
Node 7: e66qm80
Node 8: 5hgmun1 kcsck2l oxqzd62 sk5cwhu
Node 9: 22p78f0
Node 10: sspf8r5 zplkinf
Node 11: 7yac55l
Node 12: dmar5na
Node 13: hef4ug7
Node 14: 5393mkb 5dszu8k 8hq7s2d ad7z2nn z8q0h86 z9qvqat
Node 15: m04vte4
Node 16: tnut6xt
Node 17: 9etbu5w ucesqz7
Node 18: 6u8ydbn 6yhpuqq ryyt68t skinqn6 yyvpz4y
Node 19: ut58bk4
Node 20: 6cy0uo4
Node 21: u7sd8fp
Node 22: 284pbjq
Node 23: 6bkjeje bfb9ji4 cqdijyn f5cwdym gwfeyjx
Node 24: e1kgtpk
Node 25: 8g9qnf6
Node 26: fqivtkn k4zjk5i kcmq3l2
Node 27: mqyo3v1
Node 28: 1v28vui 4qvowkj
Node 29: 1zi7cii
Node 30: 0wut0mt s92j9i6
Node 31: 2k8czwu
Node 32: e9b2bs3
Node 33: 1kpq9j8 im0gxx6 pq0t8h8
Node 34: pv7v9do
Node 35: r1plveo
Node 36: 1md21ns
Node 37: ghwugpi
Node 38: q17kjvh
Node 39: bf716cf
Node 40: cucunae
Node 41: tc4kv11 yfuj7bp
Node 42: g6nhel4
Node 43: w22yuay
Node 44: 68vb55r b2xvzou
Node 45: jts1upr
Node 46: lcwa2b9
Node 47: ax4brsj
Node 48: 061taan
Node 49: 7n4orj3
Node 50: q81fok6
Node 51: 3ao13u0 6kbeooj
Node 52: 4uufe4t
Node 53: kvryi9a
Node 54: qlqrk30
Node 55: a32d4ub

Node 0: 2zta7d2
Node 1: 9gzijd0
Node 2: 1n9gay4 p9g6rbv vokfffi
Node 3: kip9u1v nsl6w0s ut311kb xf3vk5i
Node 4: wlgu4fw
Node 5: e74nlz9
Node 6: 4l2376w
Node 7: 0ojzw9k 7warhq1 gvv786e h37il4x k1bhxon pxaqqiz
Node 8: ske688p
Node 9: 3yev1vd
Node 10: orn6ese
Node 11: 14g781w 1xqlrfl 8ax1ued ptiz5it pw6ihuj
Node 12: m8c4t52
Node 13: yyhsv0b
Node 14: 6llypdn r362rof
Node 15: as296jn
Node 16: 07enqim
Node 17: 16aiw0d jt3lwpb tcunms8
Node 18: 30p6t0s 7n841iy fgd39o1
Node 19: hyw9lt7
Node 20: ak5qmvd zr56tq6
Node 21: 6jyrh9l
Node 22: 2pekw1g
Node 23: 79jeczn
Node 24: dltotqa meaiydu
Node 25: d78n40r
Node 26: x6qu2m3
Node 27: 749wxuh
Node 28: fjc2whg
Node 29: 93omnly
Node 30: rxs7oah

Node 0: jd9lcpf mg2z207 zcqa8cl
Node 1: iiey5ue li9gh2h
Node 2: fuhbqmy
Node 3: 262ryxf 486a9sd 8xa0xak 9ajsejk a2ohkiy aje1t7b d9qv55w dkp2dbo lmarwzl ollt5n5 rhag594
Node 4: c8j9ztj dy8xu2f emtk6l4 r89r0fq
Node 5: 0bpn75t
Node 6: j1p8zfs wjckeds
Node 7: deyxy1u urq3a1p
Node 8: o2yvq41
Node 9: hejvh26
Node 10: 76u7km7 kbl6kmd
Node 11: 3jcrkd9 3tgxepc 731pa8f
Node 12: 153wzne nvibp5r sw0btr7 wuz8lwj
Node 13: 9cji4if
Node 14: wl6deo6
Node 15: 0b8fb87 8hv0yue zbkf39a
Node 16: 0ysbe67
Node 17: fx6al4k
Node 18: 0dkpb9g iwxcuj0
Node 19: 93rn2ju c6euazr r0bqlky rqx67n3
Node 20: s14rtxv u5itrd6
Node 21: 10yhoq9 k79z46z
Node 22:
Node 23: xi0cfah
Node 24: 35vetrb
Node 25: 30f5cuo
Node 26: zxy5m7l

Node 0: 7dseosy 9gdzl5v knfnl1j ml7nbso q4bjuo4 skepqxh sztxc0j
Node 1: 9fzqtg4 a0bxraq afnk9ge
Node 2: 7rg92y2 fhf2j1i n6cya87
Node 3: bhsqk7y dmccpyk q0skvh7
Node 4: 02hhll4 2klvz5y 5c1k4w4 nv7awij
Node 5: 30jfzic 5e16f0b 6hjdces r8p3gnv uw09ejv
Node 6: aavlysv bxns0dl k388o2j lt302g6 sjymu1p
Node 7: 1bmzkso
Node 8: gt11jxv ouvep0t z2v8qxs
Node 9: 2w039y5
Node 10: qg2vpd0
Node 11: 3d3m59v ikzqg0e
Node 12: lsdzaek
Node 13: di1jt2b
Node 14: kpaed3i mlvfmno oozws85
Node 15: 5dgcuar hc0ymr9 xc3coqg
Node 16: 99bm3y9 dvnsqis i7iuhws
Node 17: ato188h
Node 18: nvj6xo1
Node 19: 6f973br qef72q6 ysbx7hi
Node 20: av6o12o
Node 21: owlg88p
Node 22: tvj54bc
Node 23: wb5093z
Node 24: qy516u0
Node 25: l5iq6qz qm06bu8
Node 26: ozjwu28
Node 27: cztuxnt
Node 28: ssbzh2h
Node 29: bzb6m5g ubar17d
Node 30: 6u3v1yl
Node 31: 88anhk0
Node 32: ayblfzm
Node 33: j21vh2w
Node 34:
Node 35: lrzssd3
Node 36: l2hed50
Node 37: 57few34
Node 38: 9u42mud
Node 39: blpmsyv tpkntvx

Node 0: 81na296 cdo7rae clxe01c qys0riv tj8bbzr
Node 1: 36g362s 80w17u3 fg38394 q2b6uwf svfioss t6i5m81 tly19ma
Node 2: sgp2q2q
Node 3: 1t384k6 nmoj1ut q8515pb w5sev1m
Node 4: 16ounys
Node 5: 07rzxh4 cp6dsj2 cryjseb sk9omky
Node 6: bfuaj80
Node 7: d5wyum3 vbrk2el
Node 8: 6hz3030 7sz4rnr 8seipq3 gnkj3nm hp38x0v rqy6avb so4h155 u14fhpq zen69e9
Node 9: 1477cwt
Node 10: l6xyule qtepz5e vmlxzvu
Node 11: nik5oae
Node 12: shzopvc udzgy3w
Node 13: z9u705w
Node 14: 59lommx 9xtmvro xu8ab27
Node 15: xjk40b0
Node 16: 7103m3x utqh2b8
Node 17: wgk2om8
Node 18: crw0z7h ex12m8m igy7ism ny5z0bi w81ipg3
Node 19: piyb1no
Node 20: m9z1u3l
Node 21: 6h0rnir 7uacsqt gjguo5r his8xal koamiz1 qflp5k7
Node 22: kl6vwbr
Node 23: jimgw44 ok7mxye
Node 24: tlig7ro ylso3p8
Node 25: 544ye84 9dkpcoi mred1og spc6epe x58qiiy
Node 26: 16ooeoa emmz02k kzrlbf9 qrgo489 tu99k2c
Node 27: 42iidlx ud23xns
Node 28: xaxc2g5
Node 29: 28vvuih iw4ihs6
Node 30: dy1uv15
Node 31: agn6xv9
Node 32: caw9kwd
Node 33: fdeec0f z3j20h9 zw0gmla
Node 34: ubbdxc0
Node 35: vt1i02s
Node 36: jzmqcbu u8ylpqw
Node 37: r6sfae0
Node 38: 7ajeeoo
Node 39: hfzr2e8
Node 40: qefhpz7
Node 41: ahgqtkq
Node 42: 7ogafvm
Node 43: tu3zyib
Node 44: g5o8db5

Node 0: 72tgrgb bpcsgwc j0cem84
Node 1: 2ka0j3i i5726dz
Node 2: 9vvnu2b cw7xlg4
Node 3: uxf9djc
Node 4: 7wuvbgk
Node 5: 334rbmy
Node 6: ezpa8gu rfigils t8k0wym
Node 7: f6jvibf
Node 8: fgmihwp
Node 9: umo74a9
Node 10: j5f0c8r
Node 11: nhiq3sf
Node 12:
Node 13: irofta0 wfdgwsb
Node 14: dmxx6pk g7c4our wo4p0c8
Node 15: 4rn2yrz yndw1gd
Node 16: cqojagq
Node 17: 4fayvq8

Node 0:
Node 1: 3vdj4kj
Node 2: 4vrp6tr ajfprh9 d755az2 dmbsn2k exre39r fymdszh gmplqhe i0wj0aj ijyxyua m1dtz2m o0keifa rwep1hz u0d57l5 vxhdoxn ygzoixk
Node 3: 0ep09re 77pzc7j 7odowor 8e1mesk e9j74we eaywe9x f1je8sj jkkgyhk m76tnv4
Node 4: d6unpkt
Node 5: 78be35l
Node 6: t3zq41p
Node 7: kxntdwo
Node 8: ua0rzzh
Node 9: 1yebx22 cvr1foc li33af2 m7cn0pd shqatbl uvndfni wex8z36
Node 10: 30ybc27 4zwgwj9 g6e4hjj iicnd0j ossm379 widg66r
Node 11: hrx4d6b s3yhsdi wx8a0yv
Node 12: b421hcx mbipxr0 qgabgxv
Node 13: 4fbha85 7xdqidr
Node 14: jx37sh2
Node 15: iz8ehqq p9r8fa5
Node 16: 49mzqss 83cyna0 u65hvn8
Node 17: 0epln1g 7af32w3 7dc24il tpcgvob xoyfunz
Node 18: o5b5cgc
Node 19: 588m15n 81bhgq5
Node 20: 2f5lwkd
Node 21: m66vb64
Node 22: 2634oi1
Node 23: ye62fy8
Node 24: 4vlmpi7
Node 25: 4awoaxk 892zw3v 998r20r
Node 26: r67mucj
Node 27: j6rlatr mwcs7jm wowfehu
Node 28: lbbbc6m
Node 29: j4lm9cd
Node 30: p6kfiie
Node 31: wmkgotr
Node 32: p5rbq2j
Node 33: hnw8rot
Node 34: s7fu8tz
Node 35: 2bw2jbr dfwnjni
Node 36: wmrdabs
Node 37: rlzrltv
Node 38: tsh7v6g
Node 39: mwf6nwf
Node 40: p7yw88u
Node 41: 0ervw6y
Node 42: t17x6y6
Node 43: n07vkm5
Node 44: o9whdeu
Node 45: a7kgo52
Node 46: fpuoqu8
Node 47: nyp6xi1
Node 48:
Node 49: pkyanhu
Node 50: knonygq
Node 51: 5kmfiqj
Node 52: 9545hlq
Node 53: 3xk3dtl

Node 0: 1qopom8 2eirn62 2g28m6k 5ufv7vn 752jf4z 7dsdwtr jglbzjr jq6zuyz ju2oif5 jy01hut kgf4t16 lycb7uc m341m5d qrwltg2 trk1hij w0knobq wzabd9f xs2ubz3 zadulfx zhlewzi zuaxrfh
Node 1: m31sw87 pmd80en tzvl87e
Node 2: 70bdvk3 cizwt6f
Node 3: 44gmy7f az03slw e67ikv0
Node 4: r2dc34o
Node 5: bfqey5q
Node 6: 3lg8wmy 9v2nu76
Node 7: 048chla 0e0yyj9 6mrslui doi7fvf hnvm4l4 kgidy0a r5rvoun
Node 8: 6dimr44 a9ol7b1 eiq5kbm
Node 9: mz7iqkx
Node 10: 6vy024s u9dgf8h
Node 11: 85s3jec 943up6f crkmmjw nwmn6oh refm8ru yo44x26
Node 12: lpcqu7o
Node 13: nh6jnmh
Node 14: pmsl5xx
Node 15: t0sdiwg
Node 16: ggnbol7 lqb2x58 uw1mgqh
Node 17: 4aji0jg bmdbe5w
Node 18: uu6n7op
Node 19: gqmqspa
Node 20: qc1hkaw
Node 21: l9oalq9
Node 22: jm3sa24
Node 23: lf4lqdw y44z7po
Node 24: dgc6155 tk0ipop x8us79d xgypdue z0om83g
Node 25: m97yd8z r0cjfxb
Node 26: 9fyihya ez9nb2g iv5pr59 r9fat8m
Node 27: 3a0pgkz
Node 28: qlj7uqz
Node 29: 9mk8stc
Node 30: 27unbrk o90pqao
Node 31: 07jnzt9 b2y6tyw
Node 32: ilunk62 j8uarfo
Node 33: whul6jp
Node 34: 00d8cyd
Node 35: 0tzmhg8 pnob2wb
Node 36: 2zp2j1s 930txj3 a5l0u73 nogr2lv
Node 37: bmk0mnf
Node 38: lkgj4bz
Node 39: gxc0qc4 ze774rb
Node 40: duk1duu
Node 41: onu2r0b
Node 42: 0thbz80
Node 43: 3mifzz8
Node 44:
Node 45: f1r8ujp
Node 46: 7dfsbvm
Node 47: eprymu0
Node 48: uo5tt0g
Node 49: yx7rn2s
Node 50:
Node 51: kkjj49j
Node 52: 25b4smf
Node 53: tq0y9gd
Node 54: fjbh2iy
Node 55: zmd3dec

Node 0: 9r4k6m3
Node 1: 28m07zl 2yf1dl6 34m6aqn 3nf1wn2 4hx9hql 4hxb0ql 52t1jxq 6l4nish 722418f 7kgy5mh 8425mme eapseqm ew5b8yr ge5mhal hz0jn47 icnexn1 j7vzd6j juovu34 k9butc3 krqzlzw lehk1lw llnjkgc mqun6b2 o3w5v6y qb5q6ux r9235gd ru5bmf1 ssuxkxv sych33d t4disa9 tkljfar w3ken34 wuheon8 y1crjb3 y4h8h86
Node 2: ljlxk8n sl2hilz
Node 3: 1i49s7g
Node 4: 20mr5ov 33de9kx 3ixaczv 3pqhwjy 6g7mu1n sfithdx wcc7zrh xlgkv1g xt03p8m
Node 5: i0xs5lw i6efjxg
Node 6: 1msg8y5 3rmm92i 49jgaoh
Node 7: m8r0f15
Node 8: 2yk7p7r mvij9tr ufr9bn5
Node 9: 6mmbz9y b3i56jh vd1sz46
Node 10: 7mfpice
Node 11: sgaxvpw
Node 12: 1vsl5au 24gcp65 28ua2d1 8qzwdpx d4uwt07 fwplzto lbdfwlb sy8v2zp
Node 13: hg7yepv
Node 14: j8dfyk8
Node 15: hos30zh
Node 16: 69a7exf 6ltfp0g kvtzvcd uapi9b6 vh7x8el w9jknai
Node 17: eb6068z
Node 18: 7si22fg mtgt4gw
Node 19: ukmj493
Node 20: 5rshese
Node 21: lh7igkg p8zd110
Node 22: 8t2gja2 fet433z
Node 23: v7sk6vt
Node 24: ikpi3z3
Node 25: j34wpzn v0l40pw
Node 26: w6i08l8
Node 27: 79rjnez
Node 28: rb07adt
Node 29: cuxqfeo
Node 30: cb8m2if ya0trgn
Node 31: ankv57k
Node 32: jp5ea4g
Node 33: cljmq84
Node 34: v392rsz
Node 35: 845xmj3
Node 36: 1u668sl
Node 37: 8eagj9r xcyapvd
Node 38: i5e1333
Node 39: knrw238
Node 40: tcprj9z
Node 41: q73f5ow
Node 42: cra7hqa hcniyq1
Node 43: 4i4929t
Node 44: ic1pcpx
Node 45: vp17ut2
Node 46: ldfrt86
Node 47: 42dq4vs a6jg7uk
Node 48: 28bkmjk m7bspo3 shsxru2
Node 49: 96as0e7 y3vh5c2
Node 50: 5v6tdak
Node 51: i5m50yw
