Node 0: l3worcy
Node 1: dawjqig fesorld igi9df1 ihsy7jr kj8gb1t q5caajh xh9h06v
Node 2: isyq2uv juht0kp lq80ji0
Node 3: 5mgm5ee
Node 4: 1ozx3qz 62zh4nf gskmvvd
Node 5: 1cr0ni2
Node 6: cu5f9ph xdv4m5p
Node 7: b9fey86 efc9thx r7hivpu vlni6aq
Node 8: 2qrl6tz lvnumi5 v418k3s
Node 9: pffzq2g pjnd216
Node 10: ggy2uii qnw9s3x
Node 11: 3trczem 9yhf5c6 if9kql3 rl8tl3w
Node 12: 25gqwfo ahpv16w axieqzp ireu0s8 rzwtw77
Node 13: hj0ss9w
Node 14: 9u5xlpj
Node 15: d2d2ynb xt17nnf
Node 16: 7tgj2qp tlcizs5
Node 17: s4p3m4b
Node 18: 0z4hlxh 881nefc jwhgnsh
Node 19: f0zotmi
Node 20: 1x6di5p 4jfb6tw
Node 21: 66pmyaz
Node 22: 1y1ufhc uys2fsy wteylmi
Node 23: pmbwsyn
Node 24: 7wwxeqj
Node 25: fhzfuqi
Node 26: julxst6
Node 27: hl5lw76 tms1npu
Node 28: mt1wwc9
Node 29: r21z8ph
Node 30: v13iiyv
Node 31: k8tlcr5
Node 32: l5g3kct
Node 33: mlcdryj x3mi4cs
Node 34: 1g15dc4
Node 35: f646ufj r4ex1hp
Node 36: uifo5fd
Node 37: d61kagt ioi363k
Node 38: drjz0q8
Node 39: cykswgl
Node 40: peodklw
Node 41: 4zf23yp
Node 42: 484rhq5
Node 43: ja5p3yq
Node 44: 4o6kvn9
Node 45: 37mui2v
Node 46: q546pqb

Node 0: i0v2j7y
Node 1: djv7uwh
Node 2: 4afc774 4vpwskd ct43k6w f38c8ox vbtutcl
Node 3: 36a9ftk
Node 4: ueje8zb
Node 5: pw8wgvx wg0ylx7
Node 6: ndahpdt
Node 7: t9reztz
Node 8: n86n0ms uv74a3r y14pwsm
Node 9: 0lrdxm6
Node 10: h3jjc1u nyuogzm
Node 11: qzhf2mi
Node 12: b0w94ey d1tbf2k dits7ff
Node 13: hn337re
Node 14: eef3pbg yovd8ky
Node 15: 5tlin39
Node 16: fx9rurp
Node 17: 5z4jmxj
Node 18: 7mv2et2
Node 19: 160mped
Node 20: ahn9dzq
Node 21: oof52ec

Node 0: 924zjgy owio1s3 p213yb2
Node 1: 0y30lc4 cbouai7 d43rp58 qztqx2p v00zp67 yst7720
Node 2: yjgukpu
Node 3: 3yjpvdv 9ju0evk dnlz9qp gaovi5s iy8shd2 n4v1di1 vip490a w5s6zvf
Node 4: 697okt4 s1mz9o9
Node 5: z3k0xi4
Node 6: 4n2iuin pekhrbp vlvw6xy
Node 7: 1yi4eaq v2om38b
Node 8: p5p4f85
Node 9: fuohxqj tvqxix8
Node 10: 6o6npyf k009l94
Node 11: rcpv4n8
Node 12: 2987aqm 4glnnmw
Node 13: 6bibkob
Node 14: 0jfmxfx 3bmnyzm i6o06yv qjkjpez
Node 15: xivay6q
Node 16: p469w1y
Node 17: 8pzmqil
Node 18: ddmr96p m64mndq ohfelfv
Node 19: pypnd1b
Node 20: i4dfab9 v1q5qiw
Node 21: 2heohhj
Node 22: ujwg2w0
Node 23: 3xnebcz
Node 24: fb8hsrb
Node 25: 1fmewk8
Node 26: he7gqcy
Node 27: a8abomr
Node 28: l6mqfb5
Node 29: bqbvaoc gl7hb1p
Node 30: 981rare
Node 31: 0rot2tj
Node 32: 0btr4ix
Node 33: puzz8mf
Node 34: znc60rg
Node 35: bj4x4af
Node 36: azz1zl1
Node 37: 8pcg99h

Node 0: f5jjxm6
Node 1: 57lhrmy
Node 2: gewfelz yorz57a
Node 3: ga6q42l h529c39 xqjxi58 yepcg74 zhaeh23
Node 4: 03g76sr 5ts0cir eilvrgx ezpbga1 h4xzfu2 of6pmn1 szd8gm6 tc2xfoy u4l893r urrg6gs
Node 5: xprnn6l
Node 6: gu90srm
Node 7: fd56alt
Node 8: asj49dk d9do514 s8q2vhg
Node 9: 4poejet rfn1uio vzuwilh yeh7cgg z7hoo9n z8a47df
Node 10: mbh56vn
Node 11:
Node 12: agyws1c
Node 13: k7lyzil
Node 14: ecy1fkw q7xp5fr
Node 15: bei5wnz
Node 16: 7uirbar
Node 17: 5npnjz6
Node 18: z1g8czi
Node 19: p1kwv0w
Node 20: jtop7hl vcduj22
Node 21: rjfix4o
Node 22: qi4gu50

Node 0:
Node 1: 40804ll 4k6xoe6 d8ampd5 hmnt8ch mh83q1g
Node 2: n4zi6cp
Node 3: ksitzm1
Node 4: gdyt07y

Node 0: 3pikmqm go6dwpf kvemedo q754l2x ta05ohq
Node 1: 6aiycs3 m3e7rsf
Node 2: 0s4crl1 vrdxe8n
Node 3: 33ebddb 7rawohu
Node 4: 49j7gtb
Node 5: obvv71s
Node 6: 0yqpdm0 kwl3wln
Node 7: 422da90 nis2qho yg68m44
Node 8: cyfxyxz lta0u4e ukx6tj1
Node 9: 423liqy 4zqtjtz
Node 10: cirvrdr
Node 11: cwr161s
Node 12: 2mqtq3p 5n9g2nt iaraehw jllwoee xyx5cg7
Node 13: mb1bcct ncrjowi r1yp1if v0wkrzu
Node 14: 83bxxql 9iu3c1n mwetgbo oi98try
Node 15: qkrnwl9
Node 16: dg9uhvj uvnstvl
Node 17: ghe9cdf
Node 18: k2oq1pu k6vb41n
Node 19: txkctym
Node 20: tnigj9i
Node 21: 8p2nijv
Node 22: n85874v
Node 23: c9h31qh dci2sq1
Node 24: grvgm0y
Node 25: u79gp7w
Node 26: c5olcce
Node 27: 7xc5wqg ocbfzw8
Node 28: 53oxj0u
Node 29: xv2tzzc
Node 30: lb5fnkx
Node 31: oufk0xa
Node 32: lwosqqq
Node 33: lzei80x
Node 34: 4044bq7
Node 35: z4qlnlj
Node 36: 4c2x5e9
Node 37: 7dcafzt
Node 38: zin1ll2
Node 39: rv2kvbt
Node 40: hnkb6h3
Node 41: qnlqt74
Node 42: fzptuho
Node 43: 65783cp mt8wuv7
Node 44: 3zji39s
Node 45: tty4en1

Node 0: 8xumrff eoynb47 f9ov2am gyhm2w7 s9zfan6 waf89ji
Node 1: vhvdai1
Node 2: 457w35r hzyggrh vrsxzeg
Node 3: 1ya056j 5mnvrvf wsgwld8
Node 4: d1s8qe7 hqcjq5g u4akygh voj1hoe w04yt4u yio9ktd
Node 5: 8dvuz0v xshlkhn
Node 6: 4973s54 6eg3blk at1qlxp c3480ra g34fvbf g44trsk nkx841r
Node 7: 1jxgp5c 30f8ria h3p1lk8
Node 8: uqkt7tb
Node 9: 4g7n6fq intk5z4
Node 10: au4agkz
Node 11: 6j7pylu
Node 12: puik1va x8w6h8l
Node 13: aced9fr gzvdvgd og3qzla zlilph5
Node 14: gdbmac9
Node 15: legifvz
Node 16: o6ws6qk
Node 17: fcs4jl8
Node 18: iry4rwf
Node 19: xepvjl6
Node 20: r73bbfl
Node 21: vi48aqc
Node 22: qwfb403

Node 0: yp9df1h
Node 1: 8hd9rw7 agt0li5
Node 2: 23dtwj2 49ixddq lulbi7n
Node 3: iewzxvr
Node 4: ckw4rc9 mdcycpw
Node 5: 28j42um 2xyq9fd aminxtb e9xeqc3 frlrjv7 gok9v8v mmrf8i7 ws0dhi0
Node 6: b9twcsn
Node 7: db7l0bb ikylyhj r3tq4u8 xbo5ogw yp1ehkc
Node 8: r6y3daw ve2m3gs
Node 9: n0gwdzk rgrwzee zs92shj
Node 10: sb2lg1c
Node 11: 100bo2i 6h7f7k6 hh4jkpi t6wzwc3
Node 12: l2zb7eu
Node 13: 6ykq8rh 8rqhdd8
Node 14: cscpvia hwiquiy mclqdrb ojuha58 yfd4p4c
Node 15: 71f4lke 8x7959d kay6mvi la9krpk mu2n7bt nkj6w7f
Node 16: 8cz1l3k
Node 17: a6z63sn miufdy6 weie45r
Node 18: 8v9s8w0
Node 19: por5t8s xnzjc3n
Node 20: z9z3027
Node 21: 3hevc42 9ui8v87 barfoi7 g9mgeb8 k202573 nyxj9sa
Node 22: hk8b6m8 lot7hn6 uryrbza
Node 23: tnsjvve
Node 24: 1h5z0qf
Node 25: 1pz1tyb
Node 26: 6wkionb slfzdny t204tys
Node 27: 0lydmrr
Node 28: iia1hl1
Node 29: zilb4ko
Node 30: moa1rvu
Node 31: tdgax29
Node 32: r7wtciv
Node 33: 5s83g0v i4n604d
Node 34: nzopuqx
Node 35: udgmj7z z044auw
Node 36: 0ukgtr0
Node 37: 11w2e2o
Node 38: 83zychr bsgk2df
Node 39: b6b792s
Node 40: pik432n
Node 41: vtyivkx
Node 42: qwp52rd
Node 43: ckpb772
Node 44: ii7rq2j
Node 45: k82nnoh
Node 46: qmne52z
Node 47: l3e74wx
Node 48: 86dk9ei
Node 49: tgbwek3
Node 50: cxrxn9i

Node 0: 2u4pf2q tetm4tj
Node 1: ej5sxzs
Node 2: 1t40214
Node 3: 2niepbh coinb7m hc0lp9h k9hflct zm5ygbn
Node 4: 3otcmb4 4ap5oj4 bg5fqwo pycnt8a tjhxmuw
Node 5: 2duazwz nswuoif pbyh3w0 ukpk9jd
Node 6: 3jj1jon n00jg4g yrw8y5e
Node 7: mzrvk8z vwfw6cy
Node 8: 3r4ck72 buoni9n
Node 9: 6zv50hl
Node 10: gnj4j56
Node 11: 7cab1i4 h7pq0g4 pu082i4
Node 12: jjsutrw
Node 13: 9a9qkos
Node 14: 231ahww
Node 15: jo2o250
Node 16: qxdsem7
Node 17: i8ve649
Node 18: mvavzzx
Node 19: ecz83qz
Node 20: 7uz3urz
Node 21: 79olkt1
Node 22: ydsmncl
Node 23: pfx4cen

Node 0: 1vakde0 9b5en4u iblo6ex z820ztt
Node 1: 2n8dyqy 57zfq5o 89pl5mq dj018l0 nnr15w4 uiif994 ztuhjmw
Node 2: 7xfeufq
Node 3: 6rdbj5u 7b5jyud p1644o1 rci9d6b
Node 4: itzbndz
Node 5: 953n12o d9muvrt maghvn5 us09x9m
Node 6: 0nwylar io13kgz rnylitt
Node 7: 2n3o2hu lgs72vs
Node 8: 6amjt2b 84sdbu6 iyo7omm mexhq5x qnkdm9m u9qkems
Node 9: 887w80i
Node 10: 59bkfs8 c98rixq dftmjau dqraiih judhdag jykzcaa q2bbd85 qcqkhzv qvnn7d3 r9qv0ds to9h70q vqyc7jb z4uf0rg zkovasz
Node 11: 457hr6m
Node 12: 6bfqtib isbs0vl
Node 13: eur0i96
Node 14: f13na3w hogq12v iiw2wja mb0eh42 zpif1qp
Node 15: 4yhvrq9 dgirrsq
Node 16: e7tynnm wguuate xtaqalr
Node 17: 09ewe0z 2i1oksj id9eys0 kaxfoh8
Node 18: oftf6e5 pxbh9xe tlsw2pf
Node 19: aj2bno1 sfpd0fq v3d3jr5
Node 20: rsgk7xe vm0nsnj
Node 21: 443dd7m h9efzj8 naszv1a
Node 22: f3yh34t v50no0z
Node 23: 7ulzrqw cik5550
Node 24: aanqdvr hyu3mm6 wdvq5gi
Node 25: obuev6d
Node 26: 1rktow5 d2s3hsk
Node 27: 8yxehbl
Node 28: 4zhmgb1 n007czv
Node 29: znw1bxt
Node 30: 36mlxsy x88d77a
Node 31: 7zhf1fn chkc4me
Node 32: ut4x1r6 ypa3nt5
Node 33: atdihcu s6mlh5j v1gg7ft
Node 34: lx3zxg5
Node 35: irc3s2w
Node 36: 3dh4fmw zwunt8a
Node 37: fdvw4yq
Node 38: bj16xqp
Node 39: kp8275s
Node 40: nucfb2x
Node 41: 6x3g254
Node 42: 8qh90kl g52humq ns7qia0
Node 43: 7yxkq58
Node 44: nrrnwg4 z88tncp
Node 45: u8aobvb
Node 46: ijosdsx t1lsjuy
Node 47: jo1w4wj
Node 48: suwcblq
Node 49: mee97wk
Node 50: rgjfj48
Node 51: endtuhr
Node 52: 1p4ffgk
Node 53: v5sia9v
Node 54: 518ypn7
Node 55: k8ci73y
Node 56: yspnpkd
Node 57: z9r2mja
Node 58: 63q3b9p
Node 59: 6sgwxni
Node 60: key9j5g
Node 61: p1qwo28
Node 62: x4om5kr
Node 63: 8f0y62h
Node 64: par2524

Node 0: 18uf7yf hk7pkfr r5kri5j wuu69je
Node 1: gni1jbn wetyxqg
Node 2: 5nebumn
Node 3: jjyswr0
Node 4: d9tqsl7
Node 5:
Node 6: j4wlpo4

Node 0: 2eoi7hy 5wdocv0 e4mqr78 f5ctwpb
Node 1: a7xg7ih
Node 2: 3nacfh4 4kqk72g d55diop dmhs9xu fs7ny6z rcys7v5
Node 3: 1py2v42
Node 4: 4py74rh lqhnigh m1fqtm1 m2mex7d t4t6hvb yc6ypdg
Node 5: amfr70y hzufvz9
Node 6: q5l9m2x
Node 7: dpcg9mu
Node 8: qbhvttj
Node 9:
Node 10: 89n8d0l be0b22v q8qwuly qr560t6 yvab7aj
Node 11: 4kost9r
Node 12: 700a1cy
Node 13: syhuat6
Node 14: b972a4z p6rqtbr p81xezc
Node 15: 06w8lp5 8hnhs31 i255g6e
Node 16: x8q7obx
Node 17: 2gjro64 3gqqpro p524dow r5w9out
Node 18: 4b1ps9s
Node 19: 3e5r3ss
Node 20: ithpll4 u7n03je
Node 21: hxnd2v8 ick2tn3
Node 22: dis5506
Node 23: 3otqnyn 983fwxl ar2odcd ptdcgnt z4196de
Node 24: 9bo45ba
Node 25: wyvdmrv
Node 26: gioaf0c
Node 27: 6mrfst2 8963309 s6bf0l9
Node 28: 3pri17n
Node 29: ps3u23p
Node 30: hx9v31q
Node 31: h2zh92j
Node 32: vhlu636
Node 33: 1qg8x2j 7ncqjen qcs8sju
Node 34: lj848l9
Node 35: 5gayaac dp6xwy4
Node 36: pb4pjj6
Node 37: bergi0t
Node 38: aqksifq
Node 39: a1kyyqm
Node 40:
Node 41: rdn2bql
Node 42: o3wwhbu qo23te3
Node 43: b4xq95t gaxi6yo
Node 44: bh9bdij
Node 45: 3ewnhf7
Node 46:
Node 47: 86hnh2h
Node 48: c604mvf
Node 49: 3b78dk6
Node 50: 16polua
Node 51: hu1ms55
Node 52: 3aeieq2
Node 53: o8v217t
Node 54: fx8zss7
Node 55: jvq1vmv
Node 56:
Node 57: c2j0kht

Node 0: 2d4xf58
Node 1: gblvtd7 kjb76bk lh1memk
Node 2: 0gebacy 2fqtxxp fvt5chp gvpv87p pvlrlv2 qffeca7 ua3m6xj uxen57t vmq2hy5
Node 3: 8sujt2i rvgondj
Node 4: llkzxmj mk06nfi o0lienb wmanlg5
Node 5: lofinv9
Node 6: 14nrbtb ou1opc7 qh961yq t761fdt
Node 7: 8d4rn0l
Node 8: oat91g8 sodca2f
Node 9: q9jv0k3 qzdpyxy t8ts3g0
Node 10: 1cnx96w 50xckc9 92944mm a39gukx p4nq73k tuh7nj8 zxnr6mm
Node 11: 83mhp5p mfdk9zp ovr5eu5 zhjp819 zx44ncy
Node 12: nlghyzc q6xm93l
Node 13: rkntt08 rv4mbpd
Node 14: vtjte3b xcg6i0a y6n9hma ysy5lqr
Node 15: jczjp5v
Node 16: o9w4h54
Node 17: le0jnlz vdoqs2y
Node 18: tp476nm
Node 19: 47yv2ki
Node 20: 85km97x
Node 21: grxpmph
Node 22: shry3sr
Node 23: wh9mdop y9b3m61
Node 24: mi78xpk
Node 25: m6zf5xa

Node 0: 2a3m7pq 5o5wkur l3yl7fb txhpfbw
Node 1: 099qyoq 0ma65m8 3ahvpyr 3dsn5iy hxdztf2 kcome5u y3uddzs
Node 2: 162if4r 69ufewj db9elms gb4h3s8 khbdnnv taa6x4f
Node 3: gqptn1l hpfcffn
Node 4: 8f00igf fk35i3k i74920u kt5wplz rvo3ltr
Node 5: fnx13tc
Node 6: 6ju6c99
Node 7: ucq902h w30tk99
Node 8: 45ysoaj usn9lgj wbxiked
Node 9: 19at4es 83jwnqk
Node 10: 4lw3cti fxpe44y xlbnwkv
Node 11: 4d5x2q3
Node 12: pl8g445
Node 13: nfhwos1
Node 14: yuawgyi
Node 15: g9d8gxh
Node 16: enz1y02
Node 17:
Node 18: db3kxzh

Node 0: 2vyajr6 3od8mv8 aow8hi2 c0p9ncq nk5epw3 sjye35w wxk5b1p
Node 1: ir772j0
Node 2: 1tr8zco 6qmy3y7 fzpzi4t w508jfg
Node 3: d9ser69 wenbenm
Node 4: t4vsgo9
Node 5: 33i80dd b0vr8ic b31thj6 m7joy4v
Node 6: 3rd3byp b36pb5o
Node 7: 1od2lb9
Node 8: 7g7fjqv 8ncowfy gmzzuar mcs5umi taqighg
Node 9: i43q2sl
Node 10: 6fhc3y2 82ib0p8
Node 11: tghl73g
Node 12: e8a8wve
Node 13: 63zy7o3 cmcn18x
Node 14: wy4sdos
Node 15: 0y50kwa
Node 16: 9lrbr6p wpwwmx5
Node 17: xtj2u1p
Node 18: 2h1lki0
Node 19: xdzbq6k

Node 0: v50ml85
Node 1: 0j8d3vs 21fnflm 3mbgvco 4sce1gf 51t6uzt 8p2bogb 9yugbz6 bnly4l7 c4h5716 ip031g5 lwq033z m6bgxon oqomjg3 sph1uj8 sqmhy2u tugt7j3 zmbpt9e zwxatei
Node 2: fskxem2 lx088ed vktd3xn x6jj9xw
Node 3: 1sei1pg f5knx37 jv82sew y8kauta
Node 4: 4onk8kq dbfry0l
Node 5: 3x216it l0cn6m7 mqtb78z v77ejne
Node 6: gheiuyb
Node 7: 26s5jcf b2il439 e1lkzg6 hq74oky z9no0tt
Node 8: cztv0t7
Node 9: tqq5ivx
Node 10: tox1of4
Node 11: 65821sh feaz4wa ujqhd9c x2g3e69
Node 12: 0umdec2
Node 13: wnypm6y
Node 14: 14wmhge c1hhrm1 nadw97w u2jygs5 vkt1x98
Node 15: iyq0754 s6wwg72
Node 16: 7kbkmxw
Node 17: 6q17lb2 8tcyqtk
Node 18: km8iuap
Node 19:
Node 20: o7pq9bp
Node 21: 90ue0hn
Node 22:
Node 23: 8zdvcwc
Node 24: cuaxsl0
Node 25: 2xy5n5t
Node 26: tnsu7vo
Node 27: cx7xvg8
Node 28: br3a6j3
Node 29: chmdtb7
Node 30:
Node 31: 2k6jtql
Node 32: hd1rw1v

Node 0: 2b3t0bo l9nolet
Node 1: 4os0g4l 5y68ffm 5z659bf 7hbasva ct8r9vm ewa55kk ia07jx2 l0yexx0 se5jhi2 u8q6s7g ym5w2yu zbhwlx6
Node 2: m5vbliu
Node 3: btksrsa
Node 4: 9y8wgrf p63n7kt uiideds zo5w1hf
Node 5: 2y4dic4 axcatps ieogud7 jhrjiqt
Node 6: dzmckn4 rmoxbof
Node 7: sh9qunh trs77ph
Node 8: mcpqjjl pxsrj7d
Node 9: do5szi3 zkrrgyg
Node 10: 9c25mnu barmwbf bfihai4 f1jrgpj naydodq nzs7uiy
Node 11: lyhxj5p
Node 12: spfxuoq
Node 13: gm1fy3q xa8y66h
Node 14: bb9a0o2 jgvfgv2
Node 15: prfigfd sud0l13
Node 16: m3lgm2z
Node 17: w05s31p
Node 18: a5js619
Node 19: cv0xliy
Node 20: f80g8w6
Node 21: e87je5x
Node 22: 8o2c4uc
Node 23: j8knj6a
Node 24: kav881w
Node 25: le1wgkn
Node 26: omm5w81
Node 27: guem22l
Node 28: bszdzmk
Node 29: dx61kfl
Node 30: p5zbo2c
Node 31: 2ibhy8d

Node 0: 1mgqsic 6kp524z 76npfq5 flk25gp new5bm3 r4d2jjc r5bsn8y wntu672 z5u3bvt
Node 1: mjbhyke qoaazne x6z32zd
Node 2: nrgvmp1
Node 3: bwk6nq3 d6ri5rv e351a18
Node 4: 2mf8s65
Node 5: 6v1bnse vu8z99o
Node 6: aauvd1y
Node 7: jigmnhh
Node 8: cw857qi
Node 9: mmo7la0
Node 10: sb5y94u
Node 11: iqba8ib
Node 12: oxzmctu

Node 0: 4kh8jh0 7uekfj7 fyz1u3i w2bu9z4 wexz9cc
Node 1: 3phybj7 4rxyjkl gzl3g4i lgvb7n4 zuue4xx
Node 2: 5tczo7e 5useup3 dbzhazy uduyl9g
Node 3: 6xwwu4f
Node 4: cxi9v9z
Node 5: 0zig8mh
Node 6: 8shhrs5 b045613 gt8bjro whv8e7h
Node 7: 3pzdjj2 byz120g mhsh7wy n5gktqt pbvsg7q ugcxfh4 vuv38fq
Node 8: 9wkqs1e
Node 9: 676m9ja
Node 10: g32n49t hp6sr1x
Node 11: azal1tq jtvi16b ompt0cc
Node 12: 3rk3vy5 5a4z82q l19w361 ok4qy08 wah3cgo
Node 13: grg3lsj
Node 14: 5ii3or9
Node 15: d6qei17 v4m78lg
Node 16: 6mzv2jv psagztd
Node 17: 60d4ngw
Node 18: msspjao
Node 19: kwt7vlh s3gdo1o
Node 20: gyzbxv2 jxvb2ee w0ojof2
Node 21: 5oiqwwk e3c7noz i5py48p qtzar5d
Node 22: cy5atn0
Node 23: t1f48u8
Node 24: 3squwno hr5fvmh q5p4o8b
Node 25: 2h4fffv o3xwn6p rtnvizv w6ztybt
Node 26: k6q2xmi
Node 27: ytnr64p
Node 28: 8995joi
Node 29: 9dl8gfh qobci6e
Node 30: r7n2kr0
Node 31: 955cwdw e7pnket j4qtwrn p3txet0 tjwwz13
Node 32: 82250c7 q1br2eq
Node 33: 7r9mzmr
Node 34: 8xrjimz zcqs4q9
Node 35: sipef3h
Node 36: yci8s1f
Node 37: tcok1av
Node 38: 0g9f8me
Node 39: c4in764 tkmg714
Node 40: 5jqbg5n
Node 41: sfncmys
Node 42: t1ypobk
Node 43: oczhyxw
Node 44: ivpzjff

Node 0: aaygdb9
Node 1: 04syb9s 0xa0yq4 3f2rx5e 4mhurqj ajrxa97 bq9sggf bqugnl2 elbx16d j8wyz3z l3pmxd6 pheon4n rc4nigp rc8kfcj s1tlye8 sc2dnft waqla85 wdmvs3l yynpc07 zd9zqgq
Node 2: inr9pxs qrrbh67 tkhlf1z
Node 3: 2vur9s6 793mm50 zg4wa1u
Node 4: fmlizlw kosy4ck m23wxkl pvo8esf qz5ml2k wi6bei1 x982nv8
Node 5: 5ui0nsa 5x2lw51 9svttdu cl7klfk kpsfkox nzyr17e oi7egb1 q108ezp qy1cvr6
Node 6: c696zka
Node 7: 75d55ef
Node 8: p899b45 z3xq75m
Node 9: cohv0or
Node 10: 3gzoa46
Node 11: ctj1d9y gmlpehq k5ze31f mehxr2j qy48j0s
Node 12: 8koy5kr
Node 13: gi62ipa
Node 14: xu6ugcq
Node 15: sbtb8nj
Node 16: 8uwgg9f
Node 17: 6b5yidj
Node 18: cz7t0t2
Node 19: 09ji74m
Node 20: uwda7ac
Node 21: iuuuu39 tomeit2
Node 22: a9r7xj7
Node 23: a052qpr
Node 24: utp4lzo

Node 0: jcq178w mbp29fx
Node 1: 0i6f2yu 7ivaf80 8etktac cfn6ccy d1qq3d3 d4xiu54 jot58az jvop46e kiftzmb lf7o9km q13w9nk urvhcww vwxuld8 yvakqn0
Node 2: u3ch1w0
Node 3: 7ukwsly ac7atao aqfuty7 e3puscz kmnfers nlimzed
Node 4: 085w4w0 5lio60k x0fbz7j
Node 5: r8b487h
Node 6: cisimj4 jd4onjy zo5enle
Node 7: 3p3aku0 d39bdhu i3rbhqe in49159 iw8yz2y jff1pev o7kyt82 pvzpuqw q3p7pk4 qp3l2wt wxdxi1h xmqauf2 yrs7hyp
Node 8: ztyfv55
Node 9: ij0n0oj
Node 10: pl6hhdf
Node 11: ib29w4e
Node 12: sebrsd1 sef9nb9 sl59pyk
Node 13: gbirz47
Node 14: wjq1q12
Node 15: uusmm8s
Node 16: webjjft
Node 17: ixdfbli
Node 18: os385ab pf1u542 tefywdi zcmxh71
Node 19: qj5yc9k
Node 20: 6bzg699 ip9ac93 zgr3kiz
Node 21: c26lr7x o4myzrg
Node 22: eogpawk f57bx7l
Node 23: 2rhkdc4 6coo4ux
Node 24: vvzum1l
Node 25: 8zsirsb
Node 26: vjql9si
Node 27: qig6776
Node 28: 4kujvce
Node 29: iwr6a6q
Node 30: z4aly2j
Node 31: rl9jlrl
Node 32: u72lfbg
Node 33: owknojv
Node 34: 3u11pv6
Node 35: 00k1vg0
Node 36: tb1aru0
Node 37: rxp3pl5

Node 0: 0nr9pyq 2hye6zd 42n8jja d8i2bjm es9zu3f mkhwml6 y6xnade zg94hxu
Node 1: n26tjo3
Node 2: n4qgfue zdbr5cg
Node 3: bb5ll2u
Node 4: ehnuixw sn6s0on
Node 5: k0o73wk
Node 6: 28sxocd 4jg5my5 amm7wb2 cxybci6 kp6amwx z9dgvbh
Node 7: cgvr399
Node 8: 0831cir 0tbt2ue 9mbjj65 pz61qef qvwg3hu sctdwdb
Node 9: 7u29m8s
Node 10: fhwuuop
Node 11: 0ugdi28
Node 12: 1sz05on
Node 13: drnhhwi
Node 14: 19v1f1x ygmdbft
Node 15: g9y2d62 iiadhay j5xbnxs ujscnjx w0dix9c
Node 16: 1ilxfzq 70mibwq d79lolr e5miz0v k8jkvws wblu1mz wqgs26m x3exa0a
Node 17: niecj8x
Node 18: blta40e
Node 19: 9buhz8q
Node 20: 33g4a5z jsp5e3f k4pt5cz lag5h4e
Node 21: duxzd1e
Node 22: 5ex96np d8ux5c2 l33b6d4 wr740iw
Node 23: lj8ctoy
Node 24: czztow3 hvwsxkq qjgybl2 qrw578d
Node 25: kwek1vy zob0e4d
Node 26: 6a12ly2 91etuv8 a4ijdgu vdn8wio
Node 27: ej4wva4
Node 28: jb6nrjn
Node 29: b15v8f4
Node 30: 1gvzwj9
Node 31: 3d7az6w
Node 32: 83dwdj1 qo38d9a
Node 33: 1uyh0w2
Node 34: b7w9p70
Node 35: 6qtwnjk
Node 36: l20v9am
Node 37:
Node 38: oaz492x
Node 39: xlues99

Node 0: 5pc4rt7 fx0mwc0 itnma71 q2fg9xx t9e10ck tczo4rl tf7pskk zaqn3su
Node 1: lhp4xm7 nyh6eqv rkrkv7n tmnerna vcp29cq
Node 2: omczpzs tz9mj8t
Node 3: 00tm0rm 0kmepiw 1tbyl5b 2gb5xrq 2xxdb8e 39sqrl5 4u7jisj 5e4az1k 8c07euu aigivhr atyv4a9 av2he1x cv8zh0g d59wcil e10s7w0 e2w1tfs eiop8qx fxt4l3v h27f9td h7zv3x1 j8osmry jb9rtkp jzh3j5k k5ijdx4 klv89jh l2dprjq lcwoye2 rbyeyg7 rtfvjbf uyx577u v7lt698 yezk64u yx6bhu1 zv504pi
Node 4: 038dnwx 042gfj9 6ptnske c702kw6 ebmams9 xoyp8tl
Node 5: 5vnd6rm 85cya23 jq4i8zn
Node 6: iganmwh xe5ki8c
Node 7: c0isgss c9a6lxq mjduyqn
Node 8:
Node 9: dw50mxd
Node 10: 1mw56ko x8rkcy1
Node 11: 7zbziys
Node 12: 92csqbr qjk0ui7
Node 13: 753vwvp jgstii9 ljls2v3 lz9ajrm
Node 14: 88c0h82
Node 15: uwfwm0e
Node 16: xwaiw3z
Node 17: d5dkc6o
Node 18: g1y0k8v
Node 19: 6hdu38w
Node 20: r6m02jb
Node 21: ozcug0l
Node 22: e3sj1uo
Node 23: ad7byp9
Node 24: 93yjxzc riznz6q
Node 25: 7mn0fi1 aoxyuo2
Node 26: qtj0669
Node 27: r5j8exb
Node 28: hhk3idl
Node 29: ct3fn8i
Node 30: qeiyryg
Node 31: m3krcro s4y4l7l
Node 32: ybrr08a
Node 33: barsque o93bsuq
Node 34: dvrnbf1
Node 35: 7jyqoqr
Node 36: sxvl29i
Node 37: ludh7a8
Node 38: 1oh5h5r
Node 39: rkf9fby
Node 40: ke0hiwo l5mytor r6oaybn
Node 41: pkwjpdf
Node 42: 5rf278o
Node 43: fg3ra1s
Node 44: 3vwfrz7
Node 45: ctdx4gb
Node 46: absuv5v
Node 47: w2gl78w
Node 48: 5t04y1q

Node 0: 11ch789 btydxkt d2m4br6 ic54ckx ie01k7b jljgvmn sx8ooua
Node 1: 4qzq57x ajtszrg alwmmag r5d94qg uj7kkv0 x2aaw2z xhvvipu ys5vicl
Node 2: q7agpon u61234g
Node 3: 5gddu5i b0t3sny
Node 4: aiq4ucx
Node 5: 4borpnt bqp5nyo lmwzzir ttwbp8x
Node 6: sbf3296
Node 7: al4107z
Node 8: 9ix75x6 mhxozq1
Node 9: ldopmn0
Node 10: 4yqvn5k
Node 11: sn9dc50
Node 12: dqpv6sj
Node 13: hdcpbv0
Node 14: z5bxeo8
Node 15: mhsnpj7
Node 16: rwe2ns0

Node 0: 264qbwo 9ojnpth khzavd5
Node 1: ht87i77 p7lfnac
Node 2: 0mdd5z7 2pssagz 44zz835 i8m2vtm
Node 3: shndulh
Node 4: vhwo044
Node 5: skoghbz
Node 6: 94tfeoz w0l7lcc
Node 7: 4bvesrs
Node 8: kbdfxwl
Node 9: b5mzos8 de59jkc htvvqlg ravu9ug rygalx4 v2pw0d5
Node 10: 8d7qcdd al5kvh2 h6wvmcr uacbm4h uhkuqjy x3j6vwy xoo6mqb
Node 11: elj78n0
Node 12: vt3olay
Node 13: 9b57arz x633l7i
Node 14: k3oopr0 lpjf0ux
Node 15: gn9xjv4
Node 16: 0ip4mrj 4d5r296 ar36p7x ihevhvg le2ujrm ubw1ss7
Node 17: z9pdzba
Node 18: ieo4osq
Node 19: 71oakuz shco4ai vr0356x
Node 20: f1kt5t3
Node 21: qg2x6oi w9gsqfg
Node 22: xgdn5fy
Node 23: hv547mt
Node 24: fv94hcz
Node 25: ddhjxjv r3p4473 yf9qfuz
Node 26: u615i3w
Node 27: ywe38v4
Node 28: 7kujmfs elzl5o6
Node 29: obj0u1j
Node 30: 0jnv3jb
Node 31: kuz1pq9
Node 32: hyejl7j
Node 33: 78njrc8
Node 34: owe55in
Node 35: 8nd79r1
Node 36: 81fbtjv t9pc70j
Node 37: 6b1wxba
Node 38: g12aejb g1c2n1t
Node 39: 6dkwd3e mkz7aif
Node 40: 67et3zs
Node 41: i9g10vb
Node 42: 0d68ge3
Node 43: wrn7tri
Node 44: taoaven
Node 45: zvzzpgm
Node 46: y5ez1bd
Node 47: cy8jnc6
Node 48: 3z573fa
Node 49: seatcll
Node 50: q4t0rwi

Node 0: 7qhrqnf nshl4n9 plalu7b
Node 1: httsarc
Node 2: 0pvwwlf 4i46tex fq6pu11 iy9xmsf lr7sxiv uer6lg4 vkmgxwn
Node 3: p9xbhwb
Node 4: c762xlf goo4rzj lqtr17m ph3y4hh podgpio uch9tvc uvo290w ydzcz5w
Node 5: oarwk3m p9zbcir
Node 6: cd18q8s jejmmfk
Node 7: rexxwf9
Node 8: 7bcauv4 bbypw5v e5alkwi pcn4y3u r1uw9p2
Node 9: dwhh753 w7dv5xj
Node 10: 8dxme5k cfgmfwp
Node 11: bp8iodx ev908hm l1knvjm nu5eapk
Node 12: qu8koth tpw4s6c
Node 13: j47ag0v msemczd
Node 14: 8l1gafp 8ur81nr vyiunex
Node 15: k4765sq
Node 16: bkwgqe7
Node 17: vuf6b9c
Node 18: 18oxxmz 5u869zo v8mrszv
Node 19: ppd62jw
Node 20: 4bjqhop
Node 21: 89pm9jl fzwi3sv
Node 22: bdaz30x
Node 23: zovyvtp
Node 24: 0h6pfci
Node 25: d86s60f
Node 26: vfyd4e8 zthnqkv
Node 27: 55tqe2n
Node 28: idke0lj if9mkuj
Node 29: bhknnxt
Node 30:
Node 31: 6hiueh3
Node 32: 2l07bq1
Node 33: gftdst6
Node 34: 6e1zhv3 cr20rin
Node 35: fp4w0n1 peldx1a
Node 36:
Node 37: mk61btc
Node 38: gvdg8bt
Node 39: 7ovuzxe uf2l3zv
Node 40: xsb7ve8

Node 0: snkk9yi
Node 1: 3ybg2g8 i329sr1

Node 0: aysdswo
Node 1: 1nry4ap 5ws6d2j 7rwy5ns 9h93k4d c8zl59n hhq6hsg swtirse tlmrn4i vbhcrgy vgou20t
Node 2: 21dbe0f eb0xq06 uzzx9iq
Node 3: 9jvnbfx
Node 4: 1u6eml7 4z3waz9 5pj6s53 7rq8puk 91vtlu6 a6fiw14 dbpn9re dd0s5ek e4x1uqf hjhe680 jkcklzq ka37hil nk4bljo nur9t1z owsfl9n pxhain9 qvlro9o scqpmtr xa6r82z
Node 5: 2i7ks7y b11b38h mbc7bsj
Node 6: q41mc22
Node 7: mo64rez
Node 8: w60hgiv
Node 9: ritw3vy u63xnva
Node 10: hu7n687
Node 11: dh8buu3 mykhfzg ogznpep
Node 12: ei6pr63
Node 13: z2gw8nf
Node 14: pk8795d td1fhe7
Node 15: 466d52t 7hb53e9 ak1gq46 cts27ku f1x1u0s n7vub28 z5rhvwc
Node 16: 3btce63
Node 17: 725ei10
Node 18: 864rmpv uhjhwr7
Node 19: 0smvssq gqdwity
Node 20: rt4ncs5
Node 21: 6epior4
Node 22: 4md4azf 9d19xws
Node 23: 1l39v3c
Node 24: hssgk0t xltapa2
Node 25: 03spkwc
Node 26: fh8mf61
Node 27: 8eb3rpv b3nf6b6
Node 28: fcb039o
Node 29: k68jx1t
Node 30: kq3qeqh
Node 31: tn85lpw
Node 32: 67mffx7
Node 33: 8gp3y44 h37383r
Node 34: vkf8xiv
Node 35: fwcyob9
Node 36: jirnzxl
Node 37: yyo64fy
Node 38: vuoa8n3
Node 39: gvanx7o
Node 40: 725f7bj
Node 41: xmcuanm
Node 42: 5yli13b
Node 43: 3025vuh
Node 44: gnr022k
Node 45: v5af89k
Node 46: etj63v2
Node 47: asr7zqb
Node 48: tv4jmsy
Node 49: 8vosvz3
Node 50: 755hs13

Node 0: 39n2u5u fx1ixwb lruk0t3 ntqtyer peg9qks u70pq08 wlit9ww zdx2y0a
Node 1: 1o6736r ic2js0i pdqcbnl px6b2jc trb31ca u9fui6s v6ajjb1 v8z9uvn yfh7p9x
Node 2: l5i92me
Node 3: 0mg5303 8iqy3lk jykvq11
Node 4: o4l7o5b xrnmyh7
Node 5: a2khm9o
Node 6: 090gjwf 9ufwskl u9j2wcc
Node 7: 2jf8wxk 352m9rn egrnut8 etf2p5z liw7v63
Node 8: 5v9hf52
Node 9: 1e1v6h3
Node 10: e4jgq2j lirn08q
Node 11: 6zby5gi w697b01
Node 12: fcoryh5 omv7yay uuyrsb4 y4uvwq9
Node 13: bd1nx9n
Node 14: 0oli7j4 lm5y8yf nkbgv9a
Node 15: 237d0hu 2vpnlpu 4izxrdw d5lb3yu jn9je3r lrx22u5
Node 16: eepfows epsd5bm jvpha4v
Node 17: 3vmrot0 60trwcp 6rbze8l b02sxqu ecq8npz j7dwfyo xjihirl
Node 18: w1rc3of waax40e
Node 19: 7d7vbwm djs1t52 o6smn5j rvbaomq
Node 20: ym87oh4
Node 21: 3ajl1o2 8vhk0qf k2jg381
Node 22: z5qt0y4
Node 23: 0nyetn8 0zuedf3 i9ehl1o mqzfjiy o8g0e3d vf5kprg
Node 24: 9o1zupv
Node 25: laams79
Node 26: cssrrfo dik2amk n5v5zcz
Node 27: 5pdu2hk
Node 28: aqrswj3 mhj5at2 tsyj923 wfibezg
Node 29: s75kok2
Node 30: j1k7gy0
Node 31: l3rl7ii
Node 32: 2u35j6j
Node 33: ukb8fvn
Node 34: h5jj2ia
Node 35: t8v09yr
Node 36: bpav152
Node 37: hqqeqe5
Node 38: t3jl6eg
Node 39: p8lorjd r4wew6g
Node 40: f8ymdkj ss3468k
Node 41: 99son19 ptlfqdx
Node 42: 0lhhi84
Node 43: 2yq6xyn
Node 44: h7h0ktl
Node 45: gqtunhp hz5woqb lcq74x2
Node 46: q0x5n5b quyctu8 yf0rbq6
Node 47: g3qup8a
Node 48: fs0r7jl
Node 49: rldlcma
Node 50: 3e3oyaq
Node 51: aw1cz32
Node 52: c437dyf
Node 53: 8sit9qz
Node 54: r02p3cy
Node 55: ce1e7hn
Node 56: 2f6ujfj j5zym8l
Node 57: 96t7b9u
Node 58: i2krchz
Node 59: p39x8n0
Node 60: te70tel
Node 61: cz3zv34
Node 62: ioa8m52
Node 63: 5hwd7qz j8x080h

Node 0: 4zluppy jl7msns jtl5963 nc2xr84 r271yse s9jl9ok tqmj8p0 ub544u3
Node 1: 7h906xl ls66sin oqpah9q wimd10i
Node 2: 1mgj3sm
Node 3: klrc2tr t9hi3oz
Node 4: vevnfbn
Node 5: 6977fx4
Node 6: 49lbwxp cle2q3d kxmbdha l664uxf ps5l4bx
Node 7: 9evfuyb awbmwqb
Node 8: 0x7o5zk 6ceigcz dqylf7k iwk4fvr tvq35y6
Node 9: 7g83g9u hq2fela
Node 10: gsmfkb5 i3szzz4 wn70l6b
Node 11: 4bfu1d7 aul0t9z p3hgifp p8bw7em
Node 12: yeimsrt
Node 13: n1phuwi
Node 14: u6z0pac
Node 15: vd9hyhi
Node 16: 1ahhy52 1llt7u9 39awsuo 79yvwly mcivb68 qivktod r0k74lu
Node 17: k35yhho lei4bcc
Node 18: zgjik6q
Node 19: njn34os tkr7sa2
Node 20: 1vd6w8x
Node 21: 1xk74b6
Node 22: ak3su7v p4przyq
Node 23: geiif4y
Node 24: l9pp5fg
Node 25: eo2u72w
Node 26: bzr2m1c
Node 27: xao9klu
Node 28: b0oawwr
Node 29: fw2h1lg
Node 30: o79t1eq
Node 31: 13dy552
Node 32: ysjda14

Node 0: 9s6363d
Node 1: 1hds76j 201lysj 2f18o2v 2vjiq03 3pod9qr 4q968ba 5k0gkx2 7q4vcfq 88aruyp 97ycxlu 9us8wzy b06ktil cybxzsz e298i37 f69tytk fzujg1e ga5f194 hwib93g kxb4zz2 ofjk3cs oz2p8m5 ti2joeb tmmkgc6 v5k1lu4 yxxevw8
Node 2: 29sn8g2 3j8nw9l 6i906qz qz1sulb rebviic
Node 3: l5hkpnc
Node 4: as3n747
Node 5: jbseu3k nljxkb8 rp6cumm
Node 6: z28yjdi
Node 7: 56fllzk rqa9b1w xzicf5l
Node 8: kvk95ts
Node 9: ci722gd q6uv4mt
Node 10: qmdbgx3
Node 11: 1ywrts7 inyg507
Node 12: 1ww3kne
Node 13: 6bdr9ru y7mabzj
Node 14: kci9ug5
Node 15: 4rkp4u4 pj6ubb4
Node 16: dr7a05j
Node 17: 70f9gpw yktkcyz
Node 18: 31d4b8m 3a70l9g grffg8q illdgs1 k17cv6n l13huel r3ow8qx rnejyja va6gasr xl5wiu4 zm7g7en
Node 19: 5v2c5oy dxbm5cp
Node 20: invw6ac u7i7j9m
Node 21: 1ju3rcx 1rexlzr
Node 22: 1gp5oih
Node 23: 0a8t82d hsn0apa
Node 24: 33nw0q4 v3ep55r
Node 25: 63w16ht 8633wyl bb0fh5p d88yizv ggf6ad0 gt765yg ry1l9g6
Node 26: 4p0ecyr
Node 27: 8kyq8sk nh2kas7 rb4p9iw
Node 28: cj1z859 eqmkepw nvh9mw5
Node 29: 22ijv62
Node 30: 11yt4w1 crguq1f
Node 31: xgog933
Node 32: c8btel7 gxvf50p ztm0w2b
Node 33: zqanrkg
Node 34: 9ygudpl
Node 35: ygeejt4
Node 36: zrz8eex
Node 37: 4vyeg1t
Node 38: 87cmram n6pqa1w
Node 39: 3kx2yym
Node 40: v2l7v0f
Node 41: m43ie4y nbexfrb xckm2sr
Node 42: 4817s4d
Node 43: 7mqyec0
Node 44: 0c19fod 9a07l5p j7sn8i5
Node 45: nqp7k55
Node 46: lmlno9f
Node 47: les9z1b
Node 48: cnrw1u3
Node 49: fsbdicp
Node 50: 21z0a4a
Node 51: k2rza3h
Node 52: uanr173
Node 53: uebwqrt

Node 0: 44jbrfy gpdtpiq kxkjgd9
Node 1: 9v2y5h9 an0p8bm b6t4dzl jhh427u
Node 2: dhy3ebf
Node 3: gtp34gn uxb92j5
Node 4: 5birddb 81pbozf bhjm1mt crq4luo pqthq6s sfp1s1p
Node 5: o85uzyt xygspsh
Node 6: 63rxqvt 90n1ye7
Node 7: gycyjp9
Node 8: 7r1eyi9
Node 9: j62l1je
Node 10: x7egjxm
Node 11: 71528in
Node 12: 02x179t 88i4qmx il2hrjs
Node 13: zchyjls
Node 14: wssh1bn
Node 15: jgvzk77
Node 16: 5e7642o
Node 17: w2quj6z
Node 18: d3pkce1
Node 19: ltds7cr
Node 20: 4c8z014
Node 21: v0geksf

Node 0: 0hu76je 2qrxcjy 4ax0xlr 7i7ues7 e5ilrxz eyu76yk pvzvy29 t5hajca y0rql1a ykrkh9w
Node 1: adf2sh2 kftmuto
Node 2: bsui0wh
Node 3: ext52fd gf6vych
Node 4: 3ijlgwf 5imkjha fk4ooml j5x42cz zali2ca
Node 5: abg5o9w
Node 6: tlban01
Node 7: 0izg2i4 fleawg4
Node 8: 2ei466i lx0bi6a
Node 9: 5q7iv1e 9x5poid ovt4a1u
Node 10: 6n1fbeu mpiswsx
Node 11: pnfkbf1 sfhk9vy
Node 12: 9fr23ys glvpnyk
Node 13: 0cwx4j0 76fpys0 7aw1kcw kn1h6wv wl46w24
Node 14: 26zbpi1
Node 15: 19zxjxn sm40m3w
Node 16: 4hehkjc 986t201 gppxks3 pq5qul1 rgv5b38 t9tda5o ulcq0h3 ymx63n7 zh572tr
Node 17: 2bce1ra 6i1e0vw ur6mjgi utfumj0 x2txbl7
Node 18: 9bgnjic b7ko64p x0qjrrk
Node 19: 0vugg9z dfc6hql jio57d5 muv5ui8 wrynw7x
Node 20: ev8a7bu id30jed
Node 21: sz3p9ie
Node 22: h8orkez kho2af1 rxch3m5 uuy73dc
Node 23: py4c9td r4gctzs
Node 24:
Node 25: ryhiv68
Node 26: 0hw21o3 vwi5aiw
Node 27: 6a1i7er
Node 28: cdojf43
Node 29: ut8ev7s
Node 30: 3dvm9v9
Node 31: 6hm1tpy 861tckw vj3fpin ycg9g82
Node 32: gy7lf06
Node 33: b83wsdj
Node 34: kxxxllx
Node 35: x1e7j5i
Node 36: f47es8e
Node 37: fl54nl7 viuq28f
Node 38: j1j6g02 zhi8omr
Node 39: oiq10y2
Node 40: 2spre9j l4etpfd lngydir lpdc56e
Node 41: 2ayu2dl
Node 42: 7qlz7q9
Node 43: m36saiu
Node 44: bc2tn2i
Node 45: 6pgxb4d
Node 46: 0as22j1
Node 47: b79ndyl
Node 48: lw95hem
Node 49: 605s974
Node 50: mwfz2ph
Node 51: jvup476
Node 52: 6q01ohv
Node 53: ocisupj
Node 54: ex628h4
Node 55: lns0bov
Node 56: p5hcdsn

Node 0: 04d0wtt 2v4u0v9 dhd9p92 p33icnu ufg891p wqboh57 z0j8hb0
Node 1: yuywd5o
Node 2: vzwa0rm zkaohiw
Node 3: 6qpnwol
Node 4: e9af03y
Node 5: sax3ncn zyql4vr
Node 6: srbjxm8
Node 7: 7gdqdbk ifnk1wr spnifb8 xhw8zzx
Node 8: uynl9cw wx7j5j3 z2nduop
Node 9: rn0avbr
Node 10: a3e0lub
Node 11: tnqh608
Node 12: li5ecvv
Node 13: 4ndc8jz
Node 14: thtwvkt
Node 15: bptt8uh
Node 16: dvfdw2l qdupmtj qg0fxos
Node 17: 8cd09ss
Node 18: k00jecn p57fyup
Node 19: 9bmlwce
Node 20: 3zbz8mo 5qen359 9gd0i4d j6o5z9j n83lfso qgwu4t2
Node 21: g7eo3bp
Node 22: 8xrp18f qbxvit9
Node 23: 59p88nd vgtcz3t
Node 24: 1c87eaw 2wpezwi
Node 25: 74jx8iy b1ar6x9
Node 26: fmlm7tw gd3y5ma lsraxwz ulvofmp
Node 27: xq8kptw
Node 28: ce68ye2 v85crwq
Node 29: s28e100
Node 30: e5kq91m
Node 31: xjwfuwr
Node 32: glf8fk1
Node 33: md28bm4
Node 34: a298907
Node 35: 9dli6gy
Node 36: yekmrvp

Node 0: acuh60u g0aylbu h66cpkj nh0udlq rir8nwq
Node 1: atu71ox d7552yk fgr293e tnuz8mr
Node 2: 5yb2e6e 8lldd6c g7f9d4s im6wf2k wtrvbet
Node 3: huwl0h2 k60l9au kz41mle
Node 4: a04mmwc g1wh33c ol6eoo7 w0rd59l
Node 5: 0c4hec5 l7micvw shdyf1c
Node 6: 3smyn0x
Node 7: 8d9d7ig
Node 8: 8hh1yq9 kkbr77p lvctofm
Node 9: 7ck7qho 8vlshhu ezwnumr h9quj8n j0vuep0 qvzqo3t t7tkd4f wtn5wic
Node 10: 8ef9w5j vu5fdu8
Node 11: 4y2a1px qikajsn s6ejfnn utehdhu z4i5j0f
Node 12: 3sb3ad4 6dvk0ir b16zkr0 bxvgrai e84r8ro nqkl0fm ql814cf qyt9tkf sq39lb1 uwoxox9 y65mk2m
Node 13: cz76aar
Node 14: 8nkwd0r
Node 15: 1ievg06
Node 16: gtdjua2
Node 17: jceq1yc
Node 18: bqp8wz3
Node 19: 58djbz9
Node 20: 26gvtw8 jyvl6qi o6n9efo yvhmpvo
Node 21: 9xvxn82
Node 22: 9rvw5gn hmeaoq7 kgjkwmn lhfyvro
Node 23: 6zpbvtt ligffv0 y0tmgec
Node 24: kt34fqv
Node 25: d5cs0e7 sq85oxr
Node 26: w06ukhx
Node 27: adrvyfy p0zxysi rm5o12d
Node 28: bym129c jga0tfj
Node 29: wki4udq
Node 30: 5568fl5
Node 31: 1vv92zu 9v4psfn petiz9o
Node 32: cj9gm79
Node 33: 6ciirty fq36n5y yzh7rxl
Node 34: qlnl5kg
Node 35: but7vz9 ly53dy5
Node 36: gnqbpr9 rbuldeb
Node 37: 9xkbsm8
Node 38: 5o6hzuj
Node 39: nlpjwiq
Node 40: t9xn82j
Node 41: 3x55k9a
Node 42: 1y4galm
Node 43: q5o5zub
Node 44: 1ju1e4v
Node 45: cotgq1m
Node 46: 91yyji9
Node 47: 3uy3mpc
Node 48: 21sgmr8
Node 49: sxbdd2b
Node 50: l6rdmhc

Node 0: wcapvb8
Node 1: 5oto7lk 8st8k6k 9yyg663 de95ipt yk6gwqw
Node 2: gkk8i5x
Node 3: kok8vw3 vwsxxvb
Node 4: lrx0mvk
Node 5: eaubr0v
Node 6: ye6063w
Node 7: xx1igge
Node 8: uzl64gs
Node 9: dlk2h1i
Node 10: ejr0yui
Node 11: 79g1u03
Node 12: lia7jha
Node 13: w970jqw
Node 14: 2cjqmk1 4ilznbi kw8caj1 o23i5so vwc1vu1 yxvn6r3
Node 15: x1wr2qy
Node 16: mcvg7bm v9cue3y
Node 17: npql72t
Node 18: 21o8m25

Node 0: 1baa776 1lttyw2 4pjr4zl a8itwe2 c4rc6d6 dubtbzn paul8kj z79k1mo
Node 1: ba38myv l5yy9sb
Node 2: 1p4qy5t 2jfgr2j 8madxf5
Node 3: benxcy5 jirekbd tmzhs0s
Node 4: ooir9a8 t4h8ssi yuxhevp z7mf1sm
Node 5: kuftcvw vlfqwqb
Node 6: e0h78ib nyp0lf2 u5lm0j5
Node 7: cx52gag mpioqbj y5w25hq
Node 8: 5xyjhd6 g6lf94h qsxwhak r5gyjdw rbnpwrv
Node 9: 22cq9re 72t9kv2 g24rvmj jpt83cj
Node 10: a2f5agh cq8mbba
Node 11: 1ckcvjf 3y15a38 lbnyrl5 wokj0bb
Node 12: sh32fwq
Node 13: qkg352h
Node 14: mom1bi2 u9exhex
Node 15: cg50s33 egs797v
Node 16: rfrvbt1
Node 17: kqqza5d n4691bn
Node 18: 55l95vo 5z9rotx 8xy2j22 bqfkk97 i62n0yc i6bcytn pvhe2yn ty0059o v4ekv9c
Node 19: odpq04d xuna1kd
Node 20: r2g1z58 w3g0c3q
Node 21: i2ud17o knqsmhz
Node 22: 30yi71j kvqx61x
Node 23: 0tzxd4w ej7wwgl jrs3s6u riofe1f zrw3a2o
Node 24: un4irei
Node 25: prafbas
Node 26: l3k2ty8 r0xgkva
Node 27: 9mgqipl hxrsw93
Node 28: jmmuqt6
Node 29: 5x7r9ae
Node 30: 09mmzrl 3vn7kz8
Node 31: x81w078 x85snmp
Node 32: onia54r
Node 33: yxxu32w
Node 34: 01rckby
Node 35: 6sfoa1j
Node 36: hib9sdi
Node 37: jwu4vq5
Node 38: awvm9ju
Node 39: k7s9vv0
Node 40: k7exd3b
Node 41: j8nyfc1
Node 42: bbxyj1j
Node 43: ms56zd9
Node 44: 84u038s
Node 45: 95d864n
Node 46: 0vdg34p
Node 47: rpsfuaj
Node 48: n6rdczk
Node 49: q07vpft
Node 50: r69yr1c
Node 51: xcw36ry
Node 52: cmkwqk8
Node 53: vjxuokf

Node 0: 10v78bz gcupfzv
Node 1: 0laeck5 5opjrwx e44y4gy hzujv7y
Node 2: 6ezen5g xjfv0yo
Node 3: 8xhse65 vl6bosk
Node 4: is8m8gt lyjpb7v sctln1x xu78ofh
Node 5: 5wq9rwj 62e5h0y 7kovt1d 8y3lmvy cv717rf dqcqm7q izgn086 le6cnwu
Node 6: 8a1gnaf
Node 7: dyntmeo
Node 8: 18z7wbf
Node 9: 5t1rm1f
Node 10: c5q0hj9 xam46ol
Node 11: 37wac3g h4ptqfk n42rg4q nhcosv2 tesq01q ynzql0k z4mg4v3
Node 12: d59fxoj got0vxo qjufej1
Node 13: oi7dll2
Node 14: 6x1voio kwel5le
Node 15: fs3br51 mkeuew0
Node 16: 7m5t1q9 lcmcsx8
Node 17: 48dp6kq gx2lllu m7h2xep qnz2db6
Node 18: nvgxuzn
Node 19: 1qrzeg5 gv7x9wv hyj0whw uiab1m0 xsnrqz6 yksf7ly
Node 20: qocqjgj
Node 21: q7sfkbh
Node 22: 4haqur5 y0rtwpc
Node 23: sbrrwfu
Node 24: wz771gf
Node 25: 8h30pdh
Node 26: ts5hk3k
Node 27: 0kj0eev
Node 28: 0rhzw3f
Node 29: o47jkce
Node 30: nni41k5
Node 31: oi1nfx7
Node 32: p6k9hd9
Node 33: 40icck0

Node 0: 03eiu5z 1f57cvg 2sxnlct 4car5vj 9ipk739 d163jkc dgl8iw5 dnolwzd ixor7yw jb3c2tp jhhtd7b lnggl8o mro8hhx nmsbzwu o4zhzgf qg4utf4 qih120z ub5dito ynhf6o6
Node 1: 0k7178i 53qwoox 7rgngpc cxb4qml fc7phop jbfigko u5c406n
Node 2: 4xe7typ l2nqfd6 l3was5b
Node 3: kqtdlgy
Node 4: pwonbve
Node 5: 0hdhd1y 1zq4nke lelayyt
Node 6: 6i1wz9f
Node 7: 0mbfe74 8qply33 hu90hfl o27hmbr oq47x1a rdbo174 sfhcg6q
Node 8: 90zxju5
Node 9: 8ke34ka ilmi4ip yohv2l8
Node 10: lhwwyln
Node 11: nn9noj5
Node 12: 0467h4p yut77f9
Node 13: g3w6y8x
Node 14: 5v547uy
Node 15: z68jei1
Node 16: na92wsk
Node 17: 27ioiqn
Node 18: 5u1hy88
Node 19: 3i83mvu qmagh3l wj5106v wo0mvnb yfa61n0
Node 20: vbnbd6n
Node 21: 1ppdog6 3f9bv69
Node 22: 3xytp91 yltsjw3
Node 23: 16c3af5
Node 24: eh6ezp3
Node 25: rou1im3
Node 26: 1ku8s5v

Node 0: 1tqsuk1 c8anitx f42y8ke hteg3gb i2dji52 wlc5d32
Node 1: 6dacpdi 78gemjh 8vcyofn 9x0fdfr b3kmbtv dtlvrqc ny3566q ohzm6xo sa02d9m vo2718e z3iipx9
Node 2: 4zu558z fdaz7gp gp8sxhw hqcw3v6 om5iv80
Node 3: 1vah3vi
Node 4: oktmlgy rnuy99s
Node 5: qaz04y9
Node 6: 8ijw9j0 xug8fvi
Node 7: vmxlci4
Node 8: 129by5h kbzrnsb
Node 9: c4a9e52
Node 10: 7ub4ppo cxgxazf iqjjd1r
Node 11: 0gy5m9r acopkob assistz gu6me2l gwufefx usj4b36
Node 12: eonbudj fixkjey gtog3b8 ln52k8k
Node 13: 2fv9w9r j7um80e
Node 14: 79dh25h cdkzb0a
Node 15: llcf5hi
Node 16: 8hps401 8oavm77 p58iz5i y6extfu
Node 17: h98uckp obn675l
Node 18: 60frtw4 chp8hi2 h3w2lk2 s2cqfy3
Node 19: gc8g4nt
Node 20: cxaoal5
Node 21: q93huaf
Node 22: lqcqzi1
Node 23: g0e1gv9
Node 24: erm5jzn x29g989
Node 25: 0svh59i
Node 26: 1z6uljy
Node 27: u5xp5c2 wnu4z6p
Node 28: a1evvby
Node 29: 5st72np
Node 30: wi9vxjt
Node 31: anyk1x6
Node 32: bvomtwp
Node 33: 2rewz6k
Node 34: 2tsff10
Node 35: 1t9o6n6 23byk4d
Node 36: dz4i2ji
Node 37:
Node 38: m3fy7lx
Node 39: 5r5j4ev
Node 40: ihwdfbt

Node 0: 0208tkn 1g9ivm2 78ymzzp abawrfw vc0g896
Node 1: 2lwjkjs hpc42vu y7g6k0e
Node 2: k53oxp5
Node 3: atsvh8o f3nd74u qb0nugz wybp7zh
Node 4: 7tmx64h dyvv6la h0ekyld ozpnw0j qtmh753 tkb8hz6
Node 5: olg9676 tx8re3v
Node 6: oxvcj7z
Node 7: 0iz886p 63xfg13 8i2zbxf a8u8tjm c9pis5q m5vyfi2 nynbdun tfi0khh
Node 8: eb6ow5a
Node 9: 4y9jr14 rkj0roy uruf173
Node 10: 1t250b2
Node 11: 4sg6ss3 dte4dmd k4rg5zv lp6tict tqau7wz
Node 12: njaq4w3 vcjlc5y zwlx9t5
Node 13: gzob88p
Node 14: tge8g3g
Node 15: 8lajcwq l8i9uu6 ow64r3t
Node 16: zc0nfhg
Node 17: 8do7oyp yzkljsi
Node 18: 5lz8o0q
Node 19: 0xb4m70 1t8623u xa1x7hr
Node 20: mb4uzsa
Node 21: hsglbkl
Node 22: 07p0rpb
Node 23: 6qy1f7j nvvxgtc
Node 24: e83uf3p
Node 25: nljy040
Node 26: ei8z7xu tnr585r
Node 27: cz5zye6
Node 28: 8yql1d0 cu4bqjy xk6wo63
Node 29: qcxazmk
Node 30: 3fp7wy8 i797ew6 xou5t0x
Node 31: dp3qgct
Node 32: u2uvzjn
Node 33: x4zpkmm
Node 34: j1t5lok
Node 35: wt33vi2
Node 36: lqqt0by
Node 37: djp12kh
Node 38: bi78ckm
