Node 0: 0i8zd97 1uy3592 47nvc54 5q70g51 87k4c24 94d9qnu a016nur dd2lv7l g236kw9 h5tyvw3 n3ybfox na1ka6f nd4rtjj ot7pppl pumt20o qh6jkm2 s94slxx xtqa4b9 yl3dfiu
Node 1: oqwael4
Node 2: 03zws0c 64co9s3 etppebo hm8q1rj j2lofpv owibm2e sc1digs v0w0xjj
Node 3: a7gt4q2 t97iup2 w1bwo7f
Node 4: 5jnwb2p do9kikr h6f1a8y yqmwlyv
Node 5: v66oa4z
Node 6: jzke1ar
Node 7: yrr1r13
Node 8: eqxw6wj nr99a7l stqqjhg
Node 9: ajj82by mcscert n35ed27 nd9xy9c tojqnv4
Node 10: apyysom krc212z mb15bvm uevoenu
Node 11: qsqov6n
Node 12: g1veh62
Node 13: fihv9du
Node 14: 4382fnf
Node 15: fgk0wlg prqonvk wqyk7b6
Node 16:
Node 17: 2xu0xlw
Node 18: pbylhtg
Node 19: qtips6a v3ew8ub
Node 20: 77h56qw 8m62p8g
Node 21: 60mvpl2
Node 22: 6k7m069 9fnqjnk
Node 23: 2poq1lk
Node 24: 4eglcr8 8in0uxx zs4rmpb
Node 25: uqy2lx6
Node 26: eadp7vi ga7sjmh w2auch3
Node 27: qx90ocl tqg9a6c
Node 28: farr4ot
Node 29:
Node 30: 5sgv1kq mgkky47
Node 31: 82tnu23
Node 32: ayy769y gtk4ahg
Node 33: ihkdpiq p9j4pm6
Node 34: 2ynspej
Node 35: kj2cy4t
Node 36: k61vrk3
Node 37: m45sk8x
Node 38: eel5tu3
Node 39: nqzr8me
Node 40: 2sgkmi5 5nn40gy g8z1axv n4z75nc rt3c0kt t91c46y wenumys
Node 41: 64dlv22
Node 42: 2y54gs4
Node 43: 5yqp7t8
Node 44: xpnyie3 ziy2jbc
Node 45: qdcvxu6
Node 46: 7ys2blm
Node 47: 6zg0dq4 7uv7q2x zi3gr3x
Node 48: 4z1g9iw
Node 49: ojff5a3 vnuchnm
Node 50: wjo4fxd
Node 51: kdxyjyo php7pjt tpk5bcq
Node 52:
Node 53: f585ek6 q8quflp
Node 54: f2dfury
Node 55: edjagd3 h77h6dd
Node 56: ytjq7i4
Node 57: hg8e8z1
Node 58: 4a5vbms yvtfr7b
Node 59: 1neg9ff lyb79d1
Node 60: 6i25pqp p1gd0mw
Node 61: p2729k9
Node 62: 4gynyx1
Node 63: 0fzm5ab
Node 64: ljcqre3
Node 65: zda14kd
Node 66: qjlq8u2
Node 67: 68f2cq2
Node 68: md7kvxv
Node 69: ou5nzpf r01dp4k
Node 70: dvxsluy
Node 71: ahddsq8
Node 72: g00j599
Node 73: 7j0n7ex
Node 74: 5hezs4e
Node 75: tddaac0
Node 76: qswzs7b
Node 77: lcw6xqj

Node 0: gvfmlpc i7xsfsg ohj0z21 qmmth23 y4t2ae0
Node 1: awvlbj5 crvbbca iffjd51 lou50nd lprb49w qr1xhac
Node 2: h1ap092
Node 3: 4c7k1c4 l2pcffy shhsk11
Node 4: n9fw62u xrnwtlw
Node 5: 5lrqsc9 6adze62 cfbe0n7 gf565th mb8ere8 u1id6er wrdinph x9nkybg
Node 6: 8207dgx vt7hesg
Node 7: qyw7i3j
Node 8: jxis5o5 kjmooga svjn3sn
Node 9:
Node 10: 78a3fgi zw66s32
Node 11: 6vn8n8p 9iijufn gohgdpl
Node 12: 4ml8qgs 6nn2viw amtewvc b10ijpt bjjqgns dpwgi1r z3z7cqx zlfilsb
Node 13: es44xoy
Node 14: 0vraa5u
Node 15: 4xqsy9f
Node 16: tofdt0p
Node 17: k2137tn
Node 18: za89pfw
Node 19: 9dth9q1
Node 20: tn9dwdb
Node 21: qyazf19
Node 22: zzn0b8h
Node 23: mz2oh4s p5inwol
Node 24: r3k8dnt xmcer9a
Node 25: hqe9pdc
Node 26: n5a4v2y
Node 27: s7cxaxq
Node 28: 973zln3
Node 29: f5gyaem
Node 30: lqtemk8
Node 31: 07puywi
Node 32:
Node 33: 4pnx8ne
Node 34: z8za4rs

Node 0: da44qad
Node 1: 05pk4l8 3eve81r 58o5zbi 62sxe3w am6pis5 c3yvnuw dlkhfms i94ghhy k7pn0v1 l89i4do rsd9ym8 s0slc1d yq1a2je
Node 2: 3eojzi0 5horr4r ccwantk o3d6mx9 o413i2n t2j7ipp
Node 3: hfguml3 pncwe9l
Node 4: u36o936
Node 5: 21fg9wi 9ze5z2t cvdbhzp
Node 6: ke423q9 z8tzvnv
Node 7: 4bm5mum
Node 8: bw2pdan
Node 9: rvxql3z
Node 10: 97pxa36
Node 11: hjloyf2
Node 12: 40jtxk8
Node 13: gwiy30h
Node 14: h9gsfmr
Node 15: e9vazx5
Node 16: mlqmloo
Node 17: 0377mp3
Node 18: ylr9jht
Node 19: sefhjlj
Node 20: w6cdt2b
Node 21: sbglvtj
Node 22: ol2vt7c
Node 23: upeg4l3
Node 24: 442kz0c
Node 25: v5bzd0i
Node 26: 3tpr35u

Node 0: 0fylrr5 0glxt8z 19m5wqx 2lh9uy3 4szvy74 5mdpyor a6wy6ya gjcjsph jaf62d7 oue6e2w sc1y0ft stwkak6 tdxes1e wn1cwh1 z38alk7
Node 1: nepp077
Node 2: 2grbgzq
Node 3: f21tvl7 vior5l1
Node 4: viwgqso
Node 5: rcfa7aq
Node 6: 8lvp17s hfx0ocj vo5s0aa
Node 7: f4jm2zm
Node 8: jan3mbm o7zpsjf tlqnd7j
Node 9: 7aojiwq
Node 10: 2h5juff r17zrlu
Node 11: ntwjmm2 uql7tpv
Node 12: 93ln8cj
Node 13: e98b26m
Node 14: gxvn9vf
Node 15: 3hboj5y
Node 16: c6uo8xm
Node 17: msmol8k
Node 18: xun885o
Node 19: 7gavh1e

Node 0: 5bwlhnc 61fm8lr 9f47itv m48putw offos8u xlk128e zc73g6t
Node 1: kzsn7a9
Node 2: 0kk3zlf 6970iv6 9z6fntj i5s8zcd lj1i4zi lpy02yi qqa1nxd t0w6c32 uobawvj z4jyfy5
Node 3: 4je56te c06yrkn emrqack q8ruxxe
Node 4: e8x3m3y ze08g3k
Node 5: 2pfqji2 3bjq3yp khy1swf oi800w8 ttpnb8o v0nloem xdk68c6
Node 6: 411hlop a1bg1oi axp3w47 czrmtf9 nxgvin1 ox9uk49 qnb9o88 r25gqfb uy9i49r wpizw57 y4jez2b
Node 7: 50yjh14 wa89jay
Node 8: 08bjbqy 5xgtv5a vfive6n
Node 9: h4i4pt0 ipxx0e5 ya8mzqj
Node 10: af6mk0c gcexjxl
Node 11: p1tmdgi vpgkoa2
Node 12: ovwz8qr pd7szo0 vu5dtb4
Node 13: 4rbbdhe
Node 14: 2woz50w
Node 15: jv55wpo
Node 16: jrfyk1h
Node 17: a0yzeze
Node 18: 1xv3hc4
Node 19: nz4yvz8
Node 20: ogvz97y
Node 21: ozxjrjc
Node 22: uzjdnxm
Node 23: vb0a7z3
Node 24: 4fnxsl9
Node 25: 585cydj
Node 26: s9aehcq
Node 27: c2ige3y
Node 28: a6cxjxh
Node 29: aag9p8f
Node 30: hyzucc0
Node 31: orxbsrh
Node 32: 1c4na8x
Node 33: zvnmo67
Node 34: 7hd64du
Node 35: hj0l34u

Node 0: gsnv3ri zw24hf1
Node 1: cme89vs h1w4j4x ldzk0pf ojc6rd9 qjct4lz w4om5jx xrs3yjy
Node 2: vvziwd7 ypmwikc
Node 3: i5alx2k
Node 4: kzhrcst
Node 5: jd9lix0
Node 6: 2jna709
Node 7: tfnh9xx

Node 0: 2lewfk3 rp8fw2v
Node 1: gfj6nj6 gyg6a4z omlqsuc suk52qa vg6o5xi
Node 2: nsy4wwu
Node 3: 048u6kv
Node 4: 6gu15v2
Node 5: e1718wk
Node 6:
Node 7: 0eu2laq 4vvm0vh 7946ojm gyxkp92 ij8xqqt kps8ida mkjsjfo wcvwvxv
Node 8: m87r1uh
Node 9: drp0luo ip9ebze ivywwav je0aqiy mkdenbk sjqfvhc tyk8klj wgzs2qn
Node 10: 1k9xmoj a6wx1ax ch6r6b7 ehzson8 iphppya lo4xjus wxtxi9l zvkjppf
Node 11: 2f8sxk0 2u0a1xv 3cgbqq1 53axnjs 7z80vr6 9y26z9k as4iyfl cia3dir n9sf78o npvh7m9 nu13t8g u5w3d6y
Node 12: 5jvonne gmq1nf5 jcsjgtg
Node 13: hpox4wy
Node 14: zkeqqv6
Node 15: 4kzt9xu 8xn1jo3 whmcpfh
Node 16: 3cp8b4c
Node 17: 91eo5za l0jq4i0 w3kmtgz
Node 18: n3ts6fy
Node 19: ezp8ms3 wpvbu2m
Node 20: 8n3ydd7 j0ch8ey
Node 21: fnandwa va6fr2j
Node 22: lmti940
Node 23: a4082lr
Node 24: i95rdd9
Node 25: d4jv2tx
Node 26: 4aw91po okagzld
Node 27: 80bosj7
Node 28: gamegup u4yonjp
Node 29: 3ssrfln qzlez6o u9vc7dm
Node 30: c89j31t
Node 31: obwbnxd zm0uzcd
Node 32: 8b11h7q
Node 33: bmoyngl
Node 34: i9wiyz8
Node 35: k2yajwm
Node 36: 6a9xufb tjalili vnkq8i5
Node 37: p0vk8oh qh0ewwp
Node 38: iav6xlx
Node 39: lbwqpct
Node 40: z8ajjzu
Node 41: 6cl34w6
Node 42: zm0tpr6
Node 43: 2a7go0y a0u6fsm c2p55f3
Node 44: 30j2z0m 9i1vikv
Node 45: d0864hv
Node 46: c8nvln0 psahn2j
Node 47: 5rbhxae lq7vcvl r9n7ihr

Node 0: 4t7cq4l
Node 1: 9e9xb9i 9r044mu 9y4p058 hjn6qpf hjq5y76 iy5f6de oqtyq08 rfuqq62 tqaphgw uvarskf w2zn44h zl62oo5
Node 2: 6vfr46k pssuq0l
Node 3: ctuypcf
Node 4: su37uvi
Node 5: f3v1bz7 ucc21zo
Node 6: m0awqvg
Node 7: 2c9xy1j 2vs46vo 4d0suxv 4e82pbp 7bzdkv1 dbve2on ezaadbp flnzdsf gtpqk2d jux7ize l5hwe6d pkwy921 pualyvz slh9wa7 wcdqr3y yaizt6k yh78btq
Node 8: 6kha4di
Node 9: 1nkpl68
Node 10: 1dftbka 36pi4zu gz387ot jsm0nh5 kj6th93 pjtqiif zn09cpx
Node 11: ebcdkvs on5gozx
Node 12: ojmfpky
Node 13: 6mkd3m0 mmv9puk sm1m4xz
Node 14: 9c0906p maig9it nv59hhw p8xzhnm tl2xvjz
Node 15: 4kfnnef uwcegix
Node 16: 9iiwof9
Node 17: w07dixd
Node 18: 7tsh4x2
Node 19: y7669rl
Node 20: 1h41g23 62gxk8g c4d0x01 e27pxa9 o1drhsi onohw2p vx6lmat
Node 21: vpzo87c
Node 22: dzaaek6 lmhkjln
Node 23: 4nhbi4o iipv6w7
Node 24: 552kw6r
Node 25: k4rgcmp oik3sks u7qytx3
Node 26: 5fuixdh
Node 27: jx715z5 qf4zhsx
Node 28: 6w3t10w
Node 29: 53jkswn
Node 30: 0ceczax
Node 31: 9wta3jr
Node 32: 4q1xyxy gljirzt qyktyl2 sujiggs y60ya30 z76bq6k
Node 33: 9hblvya dbt6iky vzr0fla
Node 34: liau2nw
Node 35: c68ikkw
Node 36: 7mg2irw
Node 37: 8sjimez
Node 38: o1u4mi0
Node 39: 3b9ip5d
Node 40: mmvr3ls
Node 41: ypetfbu
Node 42: djestkr qsxz204
Node 43: z8n6zga
Node 44: gdxfl12
Node 45: mk5r8az p6w1cfu
Node 46: 4bd2qmo
Node 47: or6vsqe
Node 48: o3c2o7k
Node 49: 6qpoxcd
Node 50: wfa1n2a
Node 51: 3j7ll20 p6doqlp
Node 52: htwq17r q13mpb5
Node 53: pdhmsrt
Node 54: uqnkj91
Node 55: kk1k1ku
Node 56: 27un8wz
Node 57: h533r8m
Node 58: qbwqknx
Node 59: xidqb81
Node 60: 4e6u3v1
Node 61:
Node 62: 71qkb85
Node 63: 4ke2s2j
Node 64: 1dp7a2c
Node 65: 612xd3w
Node 66:
Node 67: cg741wr
Node 68: t7i5b24
Node 69: ss9yvbt
Node 70: ltq0v1d
Node 71: s1ikryv
Node 72: jcdyo6r
Node 73: oluoyxd
Node 74: 1mplg6d
Node 75: yv7bfif

Node 0: 40esbft 4rlrj6i 5zqs2kf 69r5vac 7vuhpdo ibj66sr pj5ez5q vyh85wj xeoroz0 z1fxnzk
Node 1: h913jxa
Node 2: 0l6s5wm o6iw2zy y5re6ff ywfi5zd
Node 3: rqgv6vi
Node 4: 0he0gp7 ah41s13 w5rbc1l
Node 5: 2nmopc9
Node 6: 5wr828d
Node 7: xfsnmku
Node 8: i4o5dam
Node 9: ampa0wl
Node 10: 1oc7b3h
Node 11: 8s9hv45
Node 12: 1510sks ghjf399 tz0v4v9
Node 13: h24ewf6
Node 14: 0ubyomb
Node 15: f1rly6f
Node 16: 37ep75l 93h0hcp d2aa96o prt533d
Node 17: 28gwgsd yj2uo7c
Node 18: 9yek2yg uv2tb0k
Node 19: 2paoj9o
Node 20: rejd3y4
Node 21: aecq0g9 qmeh60w
Node 22: ddlsixr
Node 23: gb5wo8k
Node 24: fs2pjyx
Node 25: bxixj8k
Node 26: 2qw62sh
Node 27: rit7e4x upl92e6
Node 28: x0x67sf
Node 29: wq7jvsn
Node 30: eqn65gs
Node 31: zuz18hl
Node 32: b2nau5j
Node 33: hld39i8
Node 34: ew6ais2
Node 35: hr58ugk
Node 36: bzm57v0
Node 37: n0vqii2
Node 38: xwet3vk
Node 39: fi4ypxj

Node 0: 2fmkloy osohef0 r3poju7 s9oli1h vopbq0g
Node 1: eg328cf
Node 2: 62m6f1k 992dvh9 gxx7keu weebqir
Node 3: zm95pgh
Node 4: 1jr6u2f
Node 5: fishlke
Node 6: 42npwj9 g5tqe8p jfdrb6h s2t6cw7 vlt8oy9 ylf2nmb
Node 7: 61e8l39 alm6qgl eja4umj hp2lps7 k2xifzm p8iok9e vxht07i
Node 8: 455fjjc
Node 9: 1if0lkr
Node 10: 2orh3qx p63s6dq
Node 11: 8s0jjfk xnw4hmf
Node 12: 4emy3lb ch37lkw o1ouwtl
Node 13: 6n6znss huo7vsg o5158tl
Node 14: lgirx6s
Node 15: eyuboh2 ypyna4a
Node 16: 3kxravg e0hs35d
Node 17: 24mb9zx fjftep2
Node 18: 05y8r37
Node 19: renespd
Node 20: 7sf5d4t
Node 21: 3lyalvq qw3947k
Node 22: 9egqpx5
Node 23: vyz3n7w
Node 24: rm5c96s
Node 25: a56n0u1
Node 26: 9m9357m
Node 27: 7xxzuj8

Node 0: 7wjbqid 95k45mn 9qqqq6x bz1ijup cp2657a gs7mh9b lq6v3v3 ndn9pqn v57dok2 vmcgen1 znt49qo
Node 1: 1iyjb4j cp1ig36 d9oj96f dln3dd1 tu9nnbl zlwrp8r
Node 2: w3xryp0
Node 3: aormyte p0f0kdd
Node 4: eqe8gyt mi9iqj2
Node 5: cf19goi
Node 6: 0v8j3fr au3z4wn b14gf9b
Node 7: uzzze17
Node 8: 6y73nrd yolvkup
Node 9: 1o677wj uxctrar
Node 10:
Node 11: rj5b1kn
Node 12: i4xow91 tq4ym3r
Node 13: rzbfnyl
Node 14: sisogk4
Node 15: cpdnjo6 opu31bx
Node 16: 08je2cm
Node 17: duaugfv
Node 18: kv8evyh
Node 19: s80trla
Node 20: nyl1bs2
Node 21: p61letd
Node 22: y4mrj4b
Node 23: pwlq1ak rwea4ik
Node 24: 2iz87dn pvhvutf
Node 25: 0zb10m1 c2wboom mj1nwif
Node 26: pltxqjr
Node 27: m20j0fv
Node 28: 5t8dh5r ttwextl
Node 29:
Node 30:

Node 0: ydd9nop
Node 1: rveuu2p uyj7usx
Node 2: n6ivstz z9fsp6q
Node 3: 0duxr0y 209hevu 2kbiq1e 5fh6r0a 8snet3q 90ee987 ch36fvd q7jiqm8 wubzqh4 wywxrqe y51brjj
Node 4: 2d8uep9 gjlk9qs
Node 5: l2ziqnp vg37gzs ye9c8zm
Node 6: hlf7xic nkhxrfj sau4emt
Node 7: 8142f5g cwq479c jhfqfhd
Node 8: sln2eyf
Node 9: 3x02nhe jwapojk l3jd1mt
Node 10: yfg4lnq
Node 11: acgxh4m
Node 12: 4qlkls2 yo39541
Node 13: zrrsign
Node 14: o30kam4
Node 15: 9eue5p6 cpoinrn
Node 16: 0lovqvd 6rfra79 ce4jbuc
Node 17: 2yay58r 6s34hkx dmdilkj
Node 18: 2nb11ih qn8ir2x
Node 19: 3m1nam2 88snpk3 gg96ehp s106iae
Node 20: zb5177m
Node 21: 8j2fd84 xot21wt
Node 22: x9u2674
Node 23: cz6ugos sinik2j ww9x6qe
Node 24: zq5fz4r
Node 25: rb95var
Node 26: 2ij5vqy 7kzxqwf b3gnvxj dv8pxha
Node 27: ni16k9z
Node 28: c0nzbt3
Node 29: 6zetcrb 7rcloin
Node 30: 2vphwel slwxj3m
Node 31: dyxk59t
Node 32: 1shx0gv eri1y8h h2f6uwh
Node 33: tra8v3i
Node 34: rgbio33
Node 35: m87llpx pi62d8z uh7ii0w
Node 36: 0jjxtgq
Node 37: rmtirsg
Node 38: 3c4ot9m jz9dril
Node 39: 1om6btu
Node 40: 2nczd3i f44hqcb t8exfx9
Node 41: wlejmu6
Node 42: pa9rip5
Node 43: 3phxq0z
Node 44: envf2kk
Node 45: 34wjwkz
Node 46:
Node 47: ooe5ato
Node 48: 9xn1ixb
Node 49:
Node 50: y23rne0
Node 51: deekkto
Node 52: y6x1ehb
Node 53: e0a8ovx

Node 0: 6rddu1r bq6t5go vk0u7s8
Node 1: 0hc051p 1dp7zoj 2ci5e1z 4n7aksb 4t5q02d 6qinsdf 6y6sbpj 91hs4ys b2bbur5 beqb3bd comnpx7 h0hdg4q jiglshh mt1u1fg ny1qlk8 rr6l1tw upaqia5
Node 2: 0utwjdk 1loqtss 73bb6gp bn6t7ip lxrl6ep ywii6yh
Node 3: 4fv0tmx 6tln8z7
Node 4: 83aky22 b3jndi1 s6gcm2z ztcl69l
Node 5: tj49vjf
Node 6: 1zr45ea 5tt9h1g gxa0ds7 uo2l0aj
Node 7: 4eed98c m9h4m5q v52bfc0
Node 8: 3pb1ya2 bz6o2z6 fijtfck zzeftsa
Node 9: y0h4lp0
Node 10: c12vvt2 z28cmyg
Node 11: 6ngeo09
Node 12: 1qr8fg9
Node 13: 71bcuhv
Node 14: 8aweikf mpc7hcg
Node 15: 1vrbzf1 r0luwlh
Node 16: ugf61sv
Node 17: lax3e23
Node 18: ct34kxs
Node 19: zzxtswz
Node 20: 49ykn9m
Node 21: axb8p1p
Node 22: nwwg2d1 pk4f7pu rkmqo17
Node 23: 9y4kqoq
Node 24: tnj5wrb
Node 25: gkes501 hg3qhc2
Node 26: 57avujw o59gl2i
Node 27: 385i5zf eytuzj5
Node 28: 85bn1r9
Node 29: pcqthtj
Node 30: db3s9np
Node 31: c4zdpuk
Node 32: 1qd1txm
Node 33: d7m2icp
Node 34: 3f02wa6
Node 35: ix0f3vb
Node 36: 399fw2b frf1yc3

Node 0: 7omv9pf qanaj3c rsdd7oj svkn8ax
Node 1: 9351e61 xztbtfq
Node 2: rvpvpcf
Node 3: f77mmqi gucsgdg l1v9o54 wguefxc
Node 4: 68hy8co
Node 5: 5bpoq1p 7fwv0sh yhu4kdy zv2i77c
Node 6: lybw2q5 mfspi5d pm6z31i qiujvbg swwusnc tes3oew yyvqc64
Node 7: 5ysdqhx 6b65fd2 t4c0n4y
Node 8: dsg3l86
Node 9: 89h7ni7
Node 10: ejtk7mr fwaxngu reoxj9h w9g5c86 y3yz0lw
Node 11: 5fxgxqg e2a9j9f my4fj5p ud88syb
Node 12: 2r9hqbw 7lqq7hm 9lg0t4f a49of6u g9yzwo6 jabbzp5 o91njnb zhlhfc0
Node 13: 2856yx2
Node 14: hwtj736 n0lj62h
Node 15: lqd33zk
Node 16:
Node 17: h4egaqs
Node 18: 75thbbw
Node 19: f0z7pxu
Node 20: akku7jf cfb2n59 tuhty4l
Node 21: 1pddfbz 623lzgp b1rtimb
Node 22: bcu9935 tlcbdh5
Node 23: kkipbla
Node 24: 9p3goqj byfp9yw hbocxj1
Node 25: jgblj8q
Node 26: rwgi5ch
Node 27: 72fre71 8g8mvhe
Node 28: hkiiv3s
Node 29: 6sxam9o
Node 30: f9z4mf4
Node 31: ij8n4dm
Node 32: ftcznab
Node 33: j1e73oz
Node 34: 02i85vf 7v589s0
Node 35: exk5g3i j0ixrw6 r25s02b
Node 36: l118lfx
Node 37: bnfw8hz
Node 38: 14mzbi5
Node 39: p0rkdi4
Node 40: bdhl1eb
Node 41: rgiihff
Node 42: o51scc4
Node 43: 06irhrl
Node 44: 12kfgbi
Node 45: zesdpvb
Node 46: bgtgmrp
Node 47: 124he81
Node 48: 7kf5efb
Node 49: nglifz9

Node 0: fvmpl19 xgsdfaz
Node 1: 8pdujf8 rt7ma3d
Node 2: 52n1nmn owseg1c p90h6q5
Node 3: qcrg19e

Node 0: n6ktj6l
Node 1: n4rz08r
Node 2: fr82y7o m3sxikl mm7oefr y2pnlzh yalzets zjd1l8q zjgfv16
Node 3: n6xrm10
Node 4: wvy049u
Node 5: gl3ipeu

Node 0: 792crfj 968y3xd o092mlr oirqi8u
Node 1: 30hnv5n
Node 2: 3o9faa7 f4itved jg1bew9 zjvwe6d
Node 3: o3f34w4 swqrodv
Node 4: heyi34f uwp8ckb
Node 5: 2d0r1v1 ma13eb0
Node 6: 57e92iu c738vd2
Node 7: 47skuhv 9mpouu8 vgdf8jv x399kj3
Node 8: 4h4r8re oidx9sp
Node 9: heie3m8
Node 10: 0vp9b7u
Node 11:

Node 0: zm5ic97
Node 1: 3tdxeqi aj9zs13 cr2rtp8 f64gi2v fl6z37x g2fd46b jpcfqfz okptc8b oqsjcop sey65pw
Node 2: 13dhunh 1m829au dt4fcsv jb2ra1j jeg2z36 ko7p483 mhv8xpg pew56p0 totle7t vs71gdp vzima3k
Node 3: 3ynu4pt 6p54841 kkhzunl lpq6tq0 npkt7go t5x9bw9 zy3vr88
Node 4: 69mmh8p 6azuk9n
Node 5: s6s7eov
Node 6: nmx0drk rtmnzd2
Node 7: dt78xgu
Node 8: lcta6yt ro0jnww v98dbb3 zrvvgrz
Node 9: 573m4hy
Node 10: 4ljngy1 v1qkrws xwwjvra
Node 11: ifq3fyc
Node 12: a38adua
Node 13: yi2k3py
Node 14: e4ul1ku
Node 15: ng9afpq
Node 16: g2ux5kb jmd1y78
Node 17: l4iyby7 oc3saae r3m9vvz xfgy269
Node 18: 4lk2zah v4a2u43
Node 19: q8inxwz
Node 20: 52hwxdz
Node 21: hazz398 irwa02q wnu0pa3
Node 22: 5cp5cqf cohkc9o eabf7z0 ewj521p
Node 23: a2c0xuk
Node 24: kyvvj8j
Node 25: f39i6bx zxi36cl
Node 26: 0clcrf8 b0sz9e0
Node 27: u0wuxyf
Node 28: e4f0u7x
Node 29: fgkavf0 oap3fj3 suumpif
Node 30: 5ks7iux
Node 31: opkpx6s
Node 32: ik23m91
Node 33: 46tdlrj
Node 34: 5nukwv2
Node 35: q4vgtxb
Node 36: 7motjs7 ojadk3b
Node 37: mxzzgvv
Node 38: 6klhzrl geotx7s
Node 39: qlsokd9
Node 40: 3hgjelj bd38i06
Node 41: 9544ov0 aas2ncr
Node 42: 08kxcqf 1ck9hts c43n60r icwm2i6 qbqn9oz veuvdra
Node 43: 2c7dj8x
Node 44: 6vx0e21
Node 45: 7auy0px
Node 46: 2sjqj6h
Node 47: 9mm3pn8 fgzgl66 yurgn8h
Node 48: k1qj2v9
Node 49: xpqxvgm
Node 50: crciqsz
Node 51: f4f0egy
Node 52: n1wziez
Node 53: fjntuxl
Node 54: knvk9ek
Node 55: royprxw
Node 56: a1nborq
Node 57: uknozdc
Node 58: lso514m
Node 59: flj4z4f
Node 60: hx7o0ut
Node 61: 8der07e
Node 62: wi11ko1
Node 63: q1fbj9z
Node 64: 1wtz6ja

Node 0: 06rac04
Node 1: 8kzuqzw pyt9ny1
Node 2: 437b6eb 9m9nuir i2m5my8 iwxjoh2 jp6ake6 zbihi3t
Node 3: x40qb4l
Node 4: ji1osr6 psy8ccd vbdva79
Node 5: 2clh95v achgaod
Node 6: 51f8cq1 ov5rxko weqov90
Node 7: 41g1s8i 764h7h1 93w3xqb jizze5a kkjy4lj mosypjw orugbe7
Node 8: sm77r59
Node 9: 0e5upfg 9eyfm9n
Node 10:
Node 11: 5lldeev ja4dy7w
Node 12: 0lyfzap
Node 13: gqxiveu
Node 14: a3r8krk
Node 15: sf7nejb zdhn2iq
Node 16: c6jyrud
Node 17: 7y8hn8t bb4hbaf bt1nxov kxh6v91
Node 18: yclr39s
Node 19: 3ta9c98
Node 20: p8g3ytx xa82vq0
Node 21: h79qtko
Node 22: spxkyq5
Node 23: mw4gywt
Node 24: 3tn9qou
Node 25: puslhxe
Node 26: arl2x1s
Node 27:
Node 28:

Node 0: 07a0sm1 6ijzrv0 74h4q2m c3y3i2x fbr9ewz r9a6h5p x6vrwq9 x9in0md
Node 1: hgm22hh
Node 2: i1bsn4i
Node 3:
Node 4: fqiqszh

Node 0: 1goj2pi dg1fiq6 esrasg3 f9djest j7h0vvh jbbwge5 lvir1f9 rrpj2lv rzreitg t2eu158 uiekc09 wlropa5
Node 1: vcrn9nd
Node 2: 9ft7ynr rwy0988 tdxww76
Node 3: jne0joq
Node 4: 5i8boaq 8hcbycm
Node 5: 4podivb
Node 6: aqfzs9r iexdrgf
Node 7: f690nsd ye9r27n
Node 8: 0kzdo8k 17vb0v4 c27etj3 d54me55 g0gfpew k8zpxs5 pdchqyq wwhauic xywx47y
Node 9: 57xf3hx g1xwcxb h9930t3 w6shk0e wjogv9l
Node 10: h3dxej0
Node 11: yv7lktm
Node 12: ml7hkct
Node 13: h33en01 sfs0hwk
Node 14: 0l9qb4m
Node 15: h3ytgle
Node 16: df75uea xnueg08
Node 17: rmzdys2
Node 18: 84umzpi 9ndfugw
Node 19: 2vab625
Node 20: 9r2qewj fdk1h31 g546ji7
Node 21: m74sg2b
Node 22: 20wbui2 g3l5bir j8tzt6p
Node 23: 2597bw7 avtihmp j6yfus1 oxhx551
Node 24: ikq69eo
Node 25: 941olop 9911hpl
Node 26: cmbywtx
Node 27: fgkucel
Node 28: snsbac6
Node 29: xqae5kz zg7tkhe
Node 30: 9t6t19a dk9td2v z8b22yq
Node 31: qol17a0
Node 32: kp66w0v
Node 33: k8d9fls
Node 34: iz9k0q2
Node 35: 0ikd7ox
Node 36: gi5j3xq v062v9d
Node 37: ek75lh4 g9vu6gg
Node 38: ej87dlv
Node 39: tvb0ckv
Node 40: 0tv15hk kcqqh8n
Node 41: dx5xufu
Node 42: 6f99jw8 gktsjfa
Node 43: o9kbkw2
Node 44: mehfko5 mi88p7b
Node 45: 3mxv2o3
Node 46: 4ga9cyy n3x9tej
Node 47: lfpcpbw
Node 48: huzkn7w

Node 0: 9u8rs75
Node 1: 3jcen4k 3oq3r4z 9amxm1e a727ivp ccj7dfl dac7p3o enr2yuj q7nhsbo qwvtdi1 t31zdy7 t8v71l4
Node 2: 6eb7k71 ew12ujq wn32cbo wpv36zq zpr0xuk
Node 3: euwd6qj vf1htvd x7yjab6
Node 4: 2frmiqn 7x34j33 fxfu9jr
Node 5: 8yqsn97 cnj1vs0 mi5257p tb6abnk u1lbguq
Node 6: ztxc48q
Node 7: 1alpw8h
Node 8: zpenjxk
Node 9: qzxmmk4
Node 10: 5ozzgto
Node 11: 0tjq4r8 kvx92w9
Node 12: zcefbue
Node 13: 0l7wpo4 2qfl1xi d1btxr1 kdjvlur ulrzd7t
Node 14: 3uakbqu
Node 15: hys9vy8
Node 16: il3i6wy
Node 17: 0nmywc1 8svpp77
Node 18: n237m0n
Node 19:
Node 20: rhtt4pp
Node 21: awaz375
Node 22: 4zpgzjd
Node 23: 5svern1 rrw624v
Node 24: d5o9o9x rhs4g94
Node 25: 6xc22mr 9dxhwpp
Node 26: gsuamx7
Node 27: mhkrsgy
Node 28: ggoza3c
Node 29: e7i4izq
Node 30: wt7rerg

Node 0: 0oi7ytl 26hx113 2pasrx4 4xsm05j 7ib23n5 i7d6xkm jpkk3kd jq1zm2c jv5hlym k6u9ra6 mhcyurp oj09kkb qzjxq7j
Node 1: 1lcxlrp 62crmhr 708uln1 ckxccvy i213zrp kroo1ut le5e5x4 lfcpuf4 mqlfw2i tdq5mon us584dh zzugzsn
Node 2: m4dm67x o665gjm qtbvl12
Node 3: kx3s9hl
Node 4: 99aoskv
Node 5: lscdt5h lvr6clr zeqijsw
Node 6: 6ww5a2r 9sql3hh dw71s9s kk337au u0ln65j
Node 7: 3psn8lc
Node 8: q7rplyq
Node 9: 98n0e7u
Node 10: n8fzlac
Node 11: 04rzywa 0aqa97m 71c63bc
Node 12: 83qhjs1 9wpvye8 sc1nzkv
Node 13: 9fq1xlx gztkuwx
Node 14: 0g59eml ed53uru y821e8u
Node 15: 7m5qp79 pogq7s5 ttzi5cj
Node 16: 8erwpbz cd6jfqu
Node 17: vm2jg53
Node 18: hxg8gif
Node 19: yrr754k
Node 20: sxofxcx
Node 21: nra78nb
Node 22: jg9b9w8
Node 23: v3n8uhv
Node 24: slclmaf
Node 25: 90d968c
Node 26: i9kg9s8
Node 27: inyvvul
Node 28: rc087cc
Node 29: yv6tdk7
Node 30: wfeh2xi
Node 31: zmzro0x

Node 0: wguzz9j
Node 1: 87tdw89 bbf2poq z2c5i4o
Node 2: b50n7hq czkp668 t4ejabw
Node 3: 613vl5j
Node 4: 2fd3dsh
Node 5: 9cxkt4p i6z6nj5 kw5vyte mdxn69b ppeqn1e st1hgew
Node 6: 2bxx0tm 2e1prmp 77p18xl bmawwf2 jqz02v9 kq6ui85 lu3pm2w pr8exjg tvzzwd6 zgory3f zi30ez0 zt9duun
Node 7: knpled6 nvzko80 tx291js
Node 8: gx6nrmq
Node 9: 6xfu1rr 6xsi4as 7128vjf c1i72gw o47r2od u7mp0xh zs4eek8
Node 10: 4gg22pq gvldrgi sg1696v xcoev6o
Node 11: seel2jl w03tql0
Node 12: ti3xbew
Node 13: z3ig9gl
Node 14: fk0d5ud
Node 15: gb4wxcq y4aa8bq
Node 16: 45k92w1
Node 17: u5kqjn2
Node 18: dyzx0sr
Node 19: 55kr65d
Node 20: t8edyh3
Node 21: ng0jur9
Node 22: 3o7am7e 5az1bqs
Node 23: rx8xws7
Node 24: 57rogn4

Node 0: 3rsqwa9 qy1bl83 uxowm8k
Node 1: fwts1xu kz6d63g
Node 2: 1tpcveb 5hyvdma 5zlhryn 65shzhw 844h0nu 8kt7stw 9pozhs6 f0ymvw0 qakzmu2 xvmi5ly zchukru zfl5k71
Node 3: 5xugsfw 7sq5413 9yj5j5o clkdm7s fy6y8tj usy05kn
Node 4: 2vrg4uv chk3sbw gs157cj sb4ee9v wkw2anm
Node 5: y5rxdke
Node 6: sg1db5o
Node 7: wa79csi xcbee36
Node 8: 9vfysnu
Node 9: 1btpiuy ovldn0v
Node 10: wwcbv1y
Node 11: pvi2fad
Node 12: 5ufn9z1 gl7adn0 nagckje omfnmax q3nr96t qi3wq0o
Node 13: 6xwk4do 91ap8qw
Node 14: cggas1a
Node 15: pngsqel
Node 16: rjz6ew7
Node 17: fsz73am
Node 18: xlx4oem
Node 19: ay6sldl sn4riyp
Node 20: 69eu3rh st4967v
Node 21: ddyyqmn
Node 22: 5lhi77u 7mj8ycg bfvyhel zhenkgl
Node 23: 18sotkl 6o056y5 a2vpufn f87sa2c lz99xtv scrxdhu
Node 24: fwkpyz6
Node 25: lec03nt
Node 26: 4k6t9rt
Node 27: izwp5ek
Node 28: 7sbmyoa rbgeuhz rn0w8da
Node 29: w3572g1
Node 30: 5v8i7tb
Node 31: 9nenpct
Node 32: t1j0ilh
Node 33: hy22rgu t28r7un
Node 34: 97m2126 nc3p3np
Node 35: 0hf41br thoapmz tru8qww
Node 36: 4iif5c2 uy81cda
Node 37: aptnl6h pxf2gj3
Node 38: do3dlyl npmaxjo yiepuyn
Node 39: qtq7i9w
Node 40: qt56sz3
Node 41: 3cxf98v
Node 42: 7k789is
Node 43: vyoq474
Node 44: xrwxn2a
Node 45: chd1kzh
Node 46: 2ol8to0
Node 47: eqvectc
Node 48:
Node 49: uqyq43f
Node 50: 1rjzs5c yargfa2
Node 51: h06j570 v46nvc7 vzle78u
Node 52: a9a0sv0
Node 53: 7gugvjb b6xfybl nlkqys5
Node 54: q6xwvu0
Node 55: e2k8eqe
Node 56: 0rflmng hmaltu2
Node 57: ygsmsuk
Node 58: tc94egs
Node 59: 9b5s2jk
Node 60: 8aesqwu
Node 61: u16ywca
Node 62: y6lx7n5
Node 63: st6vtgx
Node 64: 8cqyfuw

Node 0: 2qk2kzf 80rvoue 9nmknz7 9po1wez abt56pw bjrnr2u gqm7h0l gravhz5 hh1yaf4 t1q2rwo vui2cg8 w6pooyi
Node 1: 8xv3vjc jjkwu7h ugtb85c
Node 2: 42kl6p7 dxk6z4n erh67q4 lwrpjwu nmvf29u siyd37y wwg7xab
Node 3: dicbzs0
Node 4: ck17rb2 e0gbqg4
Node 5: tar66zg
Node 6: jg0p3s1
Node 7: 0m17rv2
Node 8:
Node 9: hcsuzjg
Node 10: g6r0qzm ofsqi6d
Node 11: cak7i09
Node 12: hlysm5j ttrmldj
Node 13: 0fnbzfn 32hvj2y abqkb67 bc0872n ekq2mid kqgm6xf mqldyj5 vfguuum
Node 14: f3ql37m p6o04xq t25klxi zpig0pv
Node 15: 7954z0j 8ihwcgp s2ivtra
Node 16: 08rjo2f 154q7dz 5adh9bd tpiobnn
Node 17: c7kjsnm wubriv5
Node 18: af8s7ds
Node 19: 0od3bgy vkv3aq7 vmc5y6q
Node 20: 8zu1q6e
Node 21: 18wzcek id4waf3
Node 22: wsk7ds5
Node 23: 2nlajyo 3297czh 84w3m5q tpazhkz tzrjhy3
Node 24: 6qip13x
Node 25: ahjfrgy
Node 26: 20z9yka 43ukj5m
Node 27: e5g8wam
Node 28: 05lct2n wygyhp1
Node 29: 7z5twse
Node 30: azpkr7e g821cuz iuv64sy n40lrj8 r5w5vcz zdrkr9n zvjbdx2
Node 31: 8w26pru dukxjv7 gx291no
Node 32: 3xgvl41
Node 33: 0pfukx8
Node 34: viqdwmt xbknddx
Node 35: nb9m8di
Node 36: jp2ma7h
Node 37: eav5i4z
Node 38: y7c4t0p
Node 39: cxidmom r657vaw
Node 40: hoc7mf5
Node 41: ni0p3bk
Node 42: 65c0gm0
Node 43: turjwd7
Node 44: dmts9ad
Node 45: kt6gtl9 z6m77hw
Node 46: 8hvfw0a
Node 47: vnefg1k
Node 48: 0p4xjs1
Node 49: r1yxq03
Node 50: 5w789f4
Node 51: 19z0hkp
Node 52: v0bhrz3
Node 53: 6hip45a

Node 0: 447v0bc 5ng70m4 bm8gke7 e3e6dbm ku70nj6 mf3iahg pype7ad tadbn9s v78iscd vsl1x8z x2uatco xvt5tle
Node 1: 1l7jlxr 2j14mjm 5a7a7mp 9ckzfou deufeth ixo0u0r ku0rxac n4psmbg nch78we zgo9ln3 zjlwvhv
Node 2: zfsaxql
Node 3: p6s7l5c
Node 4: b9f5wdz xcusp3h
Node 5: cjzexmm gjenyr4
Node 6: iw2w4m5
Node 7: s5h59ot
Node 8: cx9d70p
Node 9: hrt45qc
Node 10: uv287f0
Node 11: r39n0yd
Node 12: 3lxku2p
Node 13: hzv5w4z
Node 14: czdhkiu
Node 15: hi8dg6m
Node 16: a0zrsep djors4e i8p8099
Node 17: evycq1e
Node 18: 8bkign3 g0ue8ep
Node 19: 7kryf5a
Node 20: cpp9nja
Node 21: 6nhznlf lfkuepk p2b3qhy
Node 22: akjynyc q804tbg
Node 23: yailp7g
Node 24: ic77lo1
Node 25: wxejnhg
Node 26: ceenv4t
Node 27: q8coaqe
Node 28: q6ltpce tmazs0l
Node 29: 3jyjq7c
Node 30: vzvrpea
Node 31: li5cpu9
Node 32: ankncrc jwdofjx
Node 33: p2md7ig
Node 34: zzl1ysn
Node 35: f672vho
Node 36: wdmuum9

Node 0: ce2gk23
Node 1: 73wsoa4 jupi4w9 vo1ee2b
Node 2: 3qh6fmz 5thrj6b 8hg6noe a69u2sr xeao69r
Node 3: v9lchx3
Node 4: 4zmfbyt ie822qs uimphak
Node 5: 5o836wa x1je2pr zqjm32c
Node 6: ye8apbs
Node 7: zomduc8
Node 8: p11a0x6
Node 9: axlt2im mesyvwe
Node 10: 9cn8xyh g7as2na qzeete7
Node 11: fqzpksz
Node 12: rs9vrpp
Node 13: y5mk5bz
Node 14: 7rs4tll mxjo502
Node 15: f96nxd6
Node 16: f4pbziz
Node 17: dmj1l3l ri017v7
Node 18: lxbhzae

Node 0: 0gpi8yq 19zzw47 1gl1h4c 4rvuzua 7nigak6 7vh2jvv cqzwmq7 dy8fkhl e6mf20j epwsz0u huw1efw q2subfm q33fyxe qcjnx6x rvaltcg rxxirry siss8pm srqx44i u5soyx5 vgm9c6i w6hbdht yr6trq1 zn040kg
Node 1: imdn6hb lnyo4u2 poga7d1
Node 2: 8k8zi5g
Node 3: 1y3y1tz 5fclpew
Node 4: 25d4p4i 2jlbqj8 866tp59 h5e49fi psl9uuq
Node 5: 5m2r0p9 6uifksb 7nky0bk 90t6ec0
Node 6: t7f1vlz
Node 7: taquf7z
Node 8: 8y7fg15
Node 9: 8zydu2x bjyi9ld bui9m11 cgq6iop v3p35tb y70dauh
Node 10: kinrgra pg0ejr9
Node 11: d840l9m doxm486
Node 12: fvg4a0o
Node 13: bxd7hlh vhlty8g
Node 14: 28anh1a 52gtf69 6emvf3s h7y8i97 ixiar2c xsiijtd
Node 15: eqgp5wi
Node 16: 10zssim jbazq7k ksn8kzh
Node 17: igrdzin
Node 18: hds5x53
Node 19: 2048b3w 5sbvuaw mpij5ta
Node 20: g4ti2ha
Node 21: 8hh8xow
Node 22: ytjg12v
Node 23: mk0g4qp
Node 24: 633nl07
Node 25: 7f1vbe4
Node 26: 1t34g0e cljg498
Node 27: snjkztp
Node 28: 0yzhn6r
Node 29: 07s0wlm
Node 30: du0qsqo
Node 31: qgw378e
Node 32: fstg0w6
Node 33: ljcn559
Node 34: 4vjhcd1

Node 0:
Node 1: ia677ft shzmsuh
Node 2: amnnh3z l2bq5lt
Node 3: twyu9m7 xuynkti
Node 4: mo34607
Node 5:
Node 6: qy3x7mr vpcktzx

Node 0: 0ewbjrl b3jihgb e4jxzuc j9gc1jh l3ir2is ma8vfhz ml72ujh nnf0ih5 oh3hr2m qq5fs2x s1fne8d tq7lmt6 u20zx80 wk6k08y
Node 1: 5qkgt3l l5qgp36 mrl6sdj znsmgix
Node 2:
Node 3: 7ehlpub
Node 4: qgj66yp vkioqw3
Node 5: 1payd1n br0lwt5 knu3rsm zdk25yh
Node 6: sr1mwqx
Node 7: 52joz8p bh1j6i1
Node 8: g9tu2kt k6ciidd qpxxmiz zxyvg7s
Node 9:
Node 10: eyne0j9 gfn0dld
Node 11: 9qi65cz ktyqu35 m7iktnr
Node 12: drro6zp
Node 13: 57e1aa9 amu73c2
Node 14: xdpbn5i
Node 15: ib0spcl
Node 16: lhecasg
Node 17: yro09ns
Node 18: 1oentn8 nwwac9m
Node 19: 2cy5pxx
Node 20: maiixfy vz8q4dy
Node 21: 7nizo5r
Node 22: k6sgowe
Node 23: bu8wg8h
Node 24: w0nrubm
Node 25: v5nbidi
Node 26: h3rsftn
Node 27: ldtq9do

Node 0: d0u2h1r teypvwa
Node 1: 09oen75 1b353wk 3ce0gcs 4peyzko 9s6ex92 atcbhpf ccfrgbn jr03bye li9d92e mptagn8 o36eswv qzd61sn slk2fnx t4b8sxy x3px8hl x4xka95
Node 2: 1tgsrtt se8b9y5
Node 3: 146jjw6 ku2uov0
Node 4: 92s4k3y
Node 5: 19uz235
Node 6: ixo64s0
Node 7: 38tm2he nqye4cx ry0ru2p z7so3yn
Node 8: 3mpe2q7 92qi1tc ezr4y04 ls5zlts wpeswk3 zs82qbd
Node 9: lruyxfo
Node 10: 1t7tjcs
Node 11: l73bd2u
Node 12: 6bdbf6p 6gvj6tn e7pma86 mxuw8eo
Node 13:
Node 14: c1vvf0l
Node 15:
Node 16: ihdcsr7
Node 17:
Node 18: 5spjl4q
Node 19: yiqzo1b
Node 20: aaox7id
Node 21: oko3vw2
Node 22: 41hk4vd
Node 23: p3biufz
Node 24: 53smtid
Node 25: 1hpfj9a
Node 26: bkmhwjr edvdm6i
Node 27: oi5h3lh
Node 28: m2g0tle
Node 29: k967nse
Node 30: cm7t21s
Node 31: cywyg9l
Node 32: spf3rla

Node 0: 6n50v9z heqp098 kcr2yjf nnn6yys nt2hq2c qpxoh4b sakl14s tbplksm w1c1n0q wjffiwj
Node 1: 3mjw9ac bjej2g6 d0rxx66 n7z02fv ya4qz3t
Node 2: dbbqexo dcsq8og xltsg35
Node 3: i5xbujl lcofnzn
Node 4: 2ecupdz g8mzqr7 qnscbi1
Node 5: zssejga
Node 6: 17rmvk9 1yt9hvh 29d0mjm 3mwis9x 6qn8bm4 ep2j1go jjq7d08 ksdsh3z retvh5s u6e3kxz xp2qmxy
Node 7: 4dzyq05 ib2bleg ljjswjk v1f6d4m
Node 8: wk4u4bk
Node 9: tc6icdi
Node 10: jaoozz4
Node 11: y11xnlb
Node 12: dqol9xf voafde5
Node 13: 9982k6i
Node 14: bf88q1l
Node 15: 2zs0biv b3tqqd5 esooza4 ur109p4
Node 16: 0ttxezg 3lzk009
Node 17: p8kikbk ygknqwo
Node 18: 0b1zig9 efyjm2i
Node 19: jn3saf4 moozwwz pyuhofn
Node 20: 44y3vqe
Node 21:
Node 22: hvixnzg
Node 23: gsf0w4j
Node 24: yuxlw52
Node 25: usn1nse
Node 26: 5x8ja3v p54gbvw
Node 27: 8b6tyti
Node 28: 2opspkz 5rju7xz 7k8y5sa c8a5jis
Node 29: 2wcwtow thlk9t4
Node 30: xfodxep
Node 31: k3j05hm
Node 32: 86k4jrc
Node 33: chk2mco
Node 34: l5ofl7y
Node 35: ldpmwk6
Node 36: o00g0lr sg13vnx
Node 37: 6v7dx8c wipw2s9
Node 38: 3is2oep
Node 39: 1ihohpz
Node 40: g0a121l yv0jycx
Node 41: r42wbvn
Node 42: n6h4ehn
Node 43: 7ugnjf2
Node 44: dy6b86a
Node 45:
Node 46: maya4t4
Node 47: zvnvzcs

Node 0: 1q275sk 3vo7f3b 3y5ltl1 6natea5 6vxohv3 72vwtl0 8jp3lh1 9ha8pjz a00512i b78hv31 g4kepxz i0wjryh i1jzrb0 ipvqpvj iw0hz2l jhbglgj jj613ny k9we6kh kfdfc71 m5j142g mlntj3q nqdhmxh p5cbd8b qzgx2uv sfkr7vk sg536o1 st2qf33 u6o6o7s u8m63tf ve7j993 x9utg4a y13xjh5 yuf725n yvgbxav zh66bdd
Node 1: kjusyoa
Node 2: 90qxesp
Node 3: 7zjdmy9 9uaphoo
Node 4: 5seu7v6 q6p54b8
Node 5: 95in1xq nn4ssf8 qef6c1k u1ygeug yxofm2p
Node 6: auhs8cf eircxut yv6jfzh
Node 7: f1iuv15 kw0ukmq
Node 8: 2j2just 4ieal0c 4qmko5c inab9jb pfd4i54 so2sdon
Node 9:
Node 10: eyjo3w3
Node 11: 074477h
Node 12: wojrly0
Node 13: 75b9bhs
Node 14: ft798s9 jsbldpf
Node 15: miojeo6 ool0c1l
Node 16: ryzdnrm
Node 17: s0hwxs2
Node 18: nqfdg38
Node 19: geejbfy td3kts8
Node 20: p1jg9y4
Node 21: r235oim
Node 22: 57fjn09
Node 23: bc5ulsh
Node 24: qv8181p xowzorg
Node 25: his5o5b
Node 26: hdiydkz j7sqfsk xqgyvdp
Node 27: h44f1z9
Node 28: 7fmkm5v n3sojqm
Node 29: ilv8437 jhulg57
Node 30: vaqfki7
Node 31: x3hx3mv
Node 32: 29nxbb9
Node 33: lyok445
Node 34: de0gbqq mgqj6x6
Node 35: fm129dm fzftq56 mwesz38
Node 36: a0bmkq4 eye47ak l80qrqg w4rd6q1
Node 37: ediswnf xs4eh52
Node 38: r6819m2
Node 39: zj2p1dx
Node 40: vxrxwu9
Node 41: 32snxzt
Node 42: jxy7hwc
Node 43: pgu2l4d
Node 44: qwmi7ex
Node 45: 3q00x9z
Node 46: 77e3w0j
Node 47: 00d436p oebem3k
Node 48: tu5s9r4
Node 49: 80u3rkc
Node 50: as2xcmb
Node 51: 19xx9hc
Node 52: qbcpdud
Node 53: kw1nf3c
Node 54: 8d45n3n
Node 55: es2sxd5
Node 56: 6o7851m
Node 57: dpxyd3p
Node 58: 3q1s6ll
Node 59: 595h9fc
Node 60: 24jemcg
Node 61: 3mqm1sc

Node 0: cix8c2w fcgypl8 g3r6hiw gdlmwtz km6rxcz tnlrjkn ub4ek1g vd13idb zpv5car
Node 1: 5jblvpl feusela h7q414k s3tcykw
Node 2: 31srf50 4c2t0om 8kdgj82 dwggom7
Node 3: 1n9xr2q c1v35en
Node 4: 879dvuo ishs58m w9krr6e
Node 5: 3n3dlcf kcfhjv4 n794v0l
Node 6: bdt4gyt lupxp8o ttrgi9q
Node 7: l4jtpkd lf8pz2j
Node 8: 73o53ry
Node 9: 7tzxc50 la2b1uy
Node 10: d02lfw1 ykx0cpf
Node 11: 7i6cypo
Node 12: 8x8hjiu ujkuhs5
Node 13: su7hmna v4belkp
Node 14: 6h36vdp 96mhity flwgxup sufptr2
Node 15: xfm3fxv
Node 16: p0r2w19
Node 17: 42m0f9j 5el9kbt am0wwjo r5yvhbv zhtlikg
Node 18: eu0xyt1
Node 19: 8wb0qzs chp0ydl
Node 20: 64mokex ebrevbk
Node 21: tmrafh2
Node 22: gdffnk3
Node 23: it7doo1
Node 24: 0497k2f 498grnz 4oh3nuk qdoom18 r68bic6
Node 25: i3s2fcl
Node 26: 2p007ma
Node 27: i6lgkfj
Node 28: kc3g95f
Node 29: f8q3gf0 lawb5j9 mxtebpd
Node 30: jg75da7
Node 31: eg3au1n
Node 32: 4nre3po lelfmym vngacch
Node 33: 4cp0a6w
Node 34: el1j1yu
Node 35: 7rfsqls
Node 36: 5fnilu4 m6i8eza
Node 37: 3ks6mpm
Node 38: fh8yx7d indjffy
Node 39: es0ml74 riywnz5
Node 40: ewiq56j
Node 41: crp61n3 ekoldlg zdrd466
Node 42: o9umhmr sw8g57b
Node 43: 1nantj3
Node 44: 90u08on
Node 45: rrs48bj
Node 46: 1h37am6
Node 47: mkxozrv
Node 48: uhpaz4g
Node 49: 1ucr76k
Node 50: ox6jmg9
Node 51: d2rd8mv
Node 52: lks3wk1
Node 53: npdo5pw ooqespi
Node 54:
Node 55: 4vwgz3w
Node 56: sdsxpmd

Node 0: kg8vpjc
Node 1: 44z48f3 f2r7e51 iubntar lu4zhxx r43j8xr tiudo1g wh5at1q
Node 2: 5wzvzij
Node 3: 71g37lv 847irug c0h23zo h9bxd3z j8ucc1m lzpyt7b uwwihja
Node 4: hd6obo5
Node 5: qhqw1zb
Node 6: 6bbgg75 diescln gdec1h3 li2gg5q oh8o6ey
Node 7: arqqalt d9yvm90 ywh41ii
Node 8: 5kgkett 8tod6hx 8va7tg7 rnyijxb wmit3gw ydabb64
Node 9: 5nfy27t g5z2ypz
Node 10: 3h5dnen rp4yuym
Node 11: 4dmmjkl 6baw94s 70tibvr 9crg67d
Node 12: gck3v00
Node 13: phl12la
Node 14: 9iv7cf4
Node 15: 8fwjv1b rgoio3n x9efoev
Node 16: f0214gn
Node 17: s2q1gus
Node 18: ijaa8ta
Node 19: f59b2tt vuny51x
Node 20: 13wfdw4
Node 21: 6cejh7m c01jxmb mce4k88 yhf6kc8
Node 22: y77nvd8
Node 23: w34pya8
Node 24: qvzmqfp
Node 25: d2s5ota r2m6b0m
Node 26: yldzcfb
Node 27: 71falli
Node 28: 0pkkfyf f6pchhl ltmqmga wisqk79
Node 29: memi2xd
Node 30: 73ck665 d7cdeul
Node 31: jrdb44f
Node 32: 9a0oay7
Node 33: xrdqb0a
Node 34: 9c4hq0i nm2peeg
Node 35: h0i15e3
Node 36: b64ogck lunr3oi
Node 37: 49d8dii
Node 38: e8mzqwj
Node 39: 329ie8x
Node 40: 918i48u sevy46n
Node 41: dd318jb
Node 42: dbcktvt dns7k7t
Node 43: moeai3v
Node 44: 1q4frd4 8x5p45a
Node 45: 23gseyr
Node 46: ftvg5en
Node 47: stw1eyh
Node 48: 4n50eo5
Node 49: pmnujyk
Node 50: 83g7c6w
Node 51: oud75l9
Node 52: y30g7dk
Node 53: zdzwa3c

Node 0: rh34agm
Node 1: jrs0ejr
Node 2: ak95kay
Node 3: p40sgba
Node 4: migi9k8
Node 5: ak88npp b4czydd i3nok48 oofd08i q50h1cc x4ew8aa zqk1fj9
Node 6: 1ztrmmk lxrzeyx s52jtjh
Node 7: 7v8t4du f3ntfbd
Node 8: 1s1ijvx
Node 9: n9sc8zr qrgspw1
Node 10: 1oyrxem d1611xu
Node 11: jnjfoxt
Node 12: o3ai1d5
Node 13: 20rvv97 c5ng52b i3k9xa5 sfe094z
Node 14: 4szown7 jlon0cg
Node 15: ohj4bs8
Node 16: akcfh5b
Node 17: s7n7yv9
Node 18: wgj8lhl
Node 19: 1q1ux9p
Node 20: 02z5r7j
Node 21: a7y5aqf ke3d6on
Node 22: rgmqirg
Node 23: dre386z
Node 24: 5cf46dc

Node 0: 00vr5ox 14l7xnm 5ocdbbi go5nenq naekdy7 qyu37wj rebhp3y ru5sdj3 ykglqrg z1075h4
Node 1: 3gjt10o
Node 2: 6m66q5u bydl2to ixdn9m3
Node 3: 1tvcvmh x1d6lcq y7yso0t
Node 4: 04sadxu 0dt8qtp 5cz3x4k 5w59cn4 73z8dbf 9hhq5c3 9uvy1z6 d9fbrdx nq3zvur u47aou9 uhbrmjc y9oy6m3 z0hnm3n
Node 5: 4c4xq0z ctpmyew kfqfu0o qbatet2 yejxo93
Node 6: gxmickb kewwojh ujmt7si
Node 7: uu3dxjq
Node 8: djfsyjf
Node 9: 1bn5yjx gj5ypbh
Node 10: wp5w1ig
Node 11: rl3t76c
Node 12: lhmirhu p815okc
Node 13: zvp7m6b
Node 14: krti9x0
Node 15: 8cshumj
Node 16: yx82v07
Node 17: a2ffv7a ay7ycrv plyqtze t3umanm
Node 18: eolppjy
Node 19: vte0ytl
Node 20: bjznhnz
Node 21: ga22pvy omuql77
Node 22: p9yf6po
Node 23: tt5ge7a
Node 24: clzlmoo
Node 25: s8ikrnd
Node 26: 2at96em
Node 27: q4qcbyu
Node 28: kiy3rem q4nvnfb
Node 29: lx0jmp7
Node 30: t0x6pu2
Node 31: 0p9964v
Node 32: 3ns5704
Node 33: 4pw7e5q

Node 0: 3dwy5gt 8t4up0n iklvfiv k91zdc1 ka5nlw0 lght866 noug4ee ubo05cx x591h2y
Node 1: 458dlt2 575tg5p 74768x0 a3y606o akkartz baigomw kl4b2s7 nysk4r7 x9l58eq
Node 2: 0x6f2h3 3h1xhy1 cty5fas iysu09m v5rrhyf
Node 3: fjq0xk6 vfgqkuv
Node 4: 5edecqh
Node 5: dyouc0b
Node 6: 8elqw8t dd8qgxe
Node 7: cjcafk5
Node 8: jvnu0cu
Node 9: d312b6v
Node 10: 1xurmu8 ahsc47b tao3fem
Node 11: 14bn6ub
Node 12: 4hflux6 zveuq3u
Node 13: qws5zol
Node 14: sps9mpk
Node 15: 34b3a64 voyhqfz
Node 16: zrn05wj
Node 17: ksy3syq vj76pjr
Node 18: csesrmq
Node 19: 8icx6in
Node 20: 7orsw44 8he3z4z nh0zwst
Node 21: yprja1h
Node 22: 4iwyqgi 7v5xtgh zernx83
Node 23: is6si0h
Node 24: 9dedbty lsc267z
Node 25: yhbfr48
Node 26: v4xpury
Node 27: a1po1i1 iw6ykk0
Node 28: vf15q7g
Node 29: tw3qvmc
Node 30: 96y5ha9
Node 31: ega8rg4 shivuqb
Node 32: 5nr7bvz 97xiz9r
Node 33: 1vkk3gq dpy4j2q iewm4a8 sxua5fh t6if511
Node 34: vmy0cs1
Node 35: fp764ic
Node 36: bbuysja
Node 37: fd2hqmt
Node 38: j3iy9ha
Node 39: 8pcsf0p
Node 40: 2n5fl4d s1sieap zga0wlx
Node 41: 8mbpl7b
Node 42: 9flkdm8
Node 43: 9jsamy5 j5om18y
Node 44: okg14eg
Node 45: l0ipor7
Node 46: u75tt0x
Node 47: f14g2l5
Node 48: ialtfkw s7vd5bj u66xgv2
Node 49: sqvx5hk
Node 50: pzx39ln
Node 51: fof02l6
Node 52: gj4hta7
Node 53: s50p0va

Node 0: 2mao960 47g7lyv 4mgo58o 5esljr3 elluo2q etfynrw jllba0w rfq3oee vc5iy5x wx7hr5b xv55x3h
Node 1: u33xgai utx17ua
Node 2: v2lf5iu
Node 3: 92xdanq
Node 4: 19rhnpw 4zxl41s b9le4z9 f6qnsva j7cscj3 op0et11 qfrhsqx s2a8dut s80oxig x09px7c zuy2gdk
Node 5: 7i4qsxu
Node 6: wo9qkig x8bhfl8
Node 7: xrv6bi3
Node 8: 2k76t19 3tsvdnu f7jgovd g5hi32y j5w6l16
Node 9: 8gl8ab2 8v75n5t fz7isg6 p56mxcc zzzypq5
Node 10: 2dz9sse b70avg8 v1phevg
Node 11: 54tkzdv 734kj75
Node 12: gp4u4l0
Node 13: 5hvivkp c2u5m8q
Node 14: 8hbpfeq f7wzg1u fea2dm9
Node 15: 9pln461
Node 16: omc28pe
Node 17: g1i6usg
Node 18: vbgxdmc ylpx03s
Node 19: 86lpd35
Node 20: yrn4uqa
Node 21: sn1jnsr
Node 22: x62ipoc
Node 23: 1fjiud1 meig6pc y6i69g1
Node 24: p4wv3j6
Node 25: 1sbfljs
Node 26: 4sp0ci1
Node 27: urz1ipy
Node 28: 50dekcg 5d4jig7
Node 29: ipfhbvv
Node 30: 79j9lds af1010m hlr1drs i5se3t0
Node 31: hygod60
Node 32: 0wb9k9q o5vy7wy
Node 33: lss53j0
Node 34: ulrz4tk
Node 35: 5m1gpk6
Node 36: utuh5nq
Node 37: s3nio22
Node 38: xi5fgzt
Node 39: hntowle
Node 40: egbu5tf pbk7jkz
Node 41: gwxlboi j4zeto6
Node 42: ms9r13a
Node 43: b21bba2
Node 44: 8lxbt7w pymgvz3
Node 45: bjmnu0h
Node 46: omcshjt
Node 47: g01qm7b
Node 48: rvuof5y
Node 49: xuhecuy
Node 50: tp6phqv
Node 51: y5mvvbk
Node 52: czm1m85
Node 53: k5w43xc
Node 54: s4igopt
Node 55: 39fewsz
Node 56: 5hs61t2
Node 57: f04qm7c
Node 58: 7rotvhc
Node 59: pelrxvg
Node 60: cu5da7p

Node 0: 05nttyh 3w6qn9j 9qaqe8a nlbk4px tqo007s tsf1epm vb5hv3d zd1nbgk
Node 1: 4r6g30m 6viga0c e510zah g1d0cf8 h3yat4l h8h03a7 i48vtbg jicv9op k8vemku mbsnw55 ngvxf7h oscjz3q p397ftf qofowg6 r6z3pbd rjouefo wkt4mvp zjbcgb5 zpofvis
Node 2: yttlctp
Node 3: 4k8qhao
Node 4: xyqbrug
Node 5: duzgxfh h7v04h7 rmkv9g2
Node 6: hcy6so4
Node 7: bzmxw26 i5berx6 v44jc2c
Node 8: dbf7hta
Node 9: cx34k9a ow574tz
Node 10: ehfssr0
Node 11: q9k7wps
Node 12: 5bvsdqa
Node 13: pygae0z
Node 14: llcafg9
Node 15: 24fe2yx
Node 16: 78vw3hi
Node 17: hxv6bzt

Node 0: 72vzmcz 7y9do0o ayiyovr gu42rtu
Node 1: cch6w0s cdz9s9r rvvvyp5 t3rikir t5y7nrf xv0j2cw ydr5dtn z3r4wqw zu9zruy
Node 2: f4n57bq rp907fp
Node 3: 454fb7s ggjkrmd ggjxsr0 ulr0drp
Node 4: 5aia0z7
Node 5: cmc38p2 oc53u76 qwq41m4
Node 6: yblwlil
Node 7: 7e4kwfl jht9pic w5apdgb z84rqgm
Node 8: 8babol4 rap5zy5
Node 9: 5j7qu0m 8q7f2t0
Node 10: gwk9z0g y8n3zxw
Node 11: 09s1smr 9k5cf7i c6ds764 proz4xg qjoxdjm vw3p6gk zg51hfv
Node 12: 5h3x5np
Node 13: lano4r8
Node 14: oijejam qcb2r0g
Node 15: qmrdnhi
Node 16: kl9qom3 zygikuh
Node 17: dcbujvv
Node 18: ldjtkr0
Node 19: e5hzt74 wmguqgx xznutmz
Node 20: 3j0wjkv 3qw685a 60upuqj 8rs30jp cpz1ojm dtp82h8 ixvjuj0 m19wsig rmsg3sx
Node 21: r3dnae9
Node 22: 0qthv5p
Node 23: v099509
Node 24: beyszsk kly8s9f
Node 25: rb1t43p
Node 26: 3tourei g3hfbl0
Node 27: b9mpwp8 bo9w9fh
Node 28: 2h8777n
Node 29: 2fza9fg g228hk2 q34rzkd
Node 30: tkfvfvo
Node 31: 0sdst0x gbtk6rz
Node 32: bn98drq
Node 33: jcxa6bt
Node 34: 30m8f4r d556tqq
Node 35: psq6en4
Node 36: a1y9qy5
Node 37: fl3xf1d
Node 38: 2kpay0n 9wus5kn
Node 39: 9gnbk8m ow8b6dd zy48bv3
Node 40: qnjr2yz
Node 41: iesxo08
Node 42: 8dyrlu0
Node 43: r1jv4ft
Node 44: m927ysz
Node 45: lcggw3q zrpsmk3
Node 46: tnlt2nr
Node 47: m7472g3
Node 48: ogvcb84
Node 49: 44u2ohx
Node 50: f7zdvwd xb8nfqx
Node 51: vwog3oj
Node 52: ry5c1cl
Node 53: cszs3cr
Node 54: 79qxkmo
Node 55: a4bpt83
Node 56: 2e8fvco

Node 0: bl5a8ra ttdcyf7 u0apc2c zwg6af4
Node 1: 4a9i66m 6y781r8 72dkwde 83jog36 860i35l h7w3b3l hy36x8v ktsat7b lycj55p ogz6xaz wlfw6mc wy0arh2 yo7ukfh
Node 2: 08ve25x 4biv2hf 4qmp1bg aqxbfb0 dyqfi5t elo27ui n4d97oa nl69zox qfgsz4d taoixga
Node 3: 3di8l6p nvs2e4o psajkcz
Node 4: ht5u7cs
Node 5: 4pw351c axjitbq
Node 6: 4lsf284 91oufh1 k3eging
Node 7: rvdkhjz
Node 8: fnriik5 mej7ixg rv3cl39
Node 9: 2txog60
Node 10: 0wdv77e
Node 11: isrhgef
Node 12: 325c7ny 70ibf22 epf7iug ggr0zwq hc9uul8 xmzuejz
Node 13: f3f06h4 lpvuc55 m0xvzpr p3ujdhc pptm9lx
Node 14: i5xoi1u
Node 15: 1ovb187 e68qao9 wbb1uoi
Node 16: e3htxwn fpqrp5r
Node 17: 26y6v8p kcr84yb kom5axg ul5d6qm
Node 18: fe62dle
Node 19: xgun8di
Node 20: 3vmitrw
Node 21: cyj6czl
Node 22: zxi4ni3
Node 23: m51sd34
Node 24: c03aji7
Node 25: eecqz4w
Node 26: brxao59
Node 27: b325ekm
Node 28: qweibso
Node 29:
Node 30: rrtgha7
Node 31: vcx7v0w
Node 32: 21n4bvu mcq3xhe
Node 33: 0q3ycuv
Node 34: 8ve9s6e
Node 35: sej8gsg
Node 36: q5g5laj
Node 37: tvggl36
Node 38: 3grntt3
Node 39: 884ko6e
Node 40: hazzk6f
Node 41: xfkg53h
Node 42: gryp6l7
Node 43: am70wk0
Node 44: l5d1q6z
Node 45: q0bgopm

Node 0: ft7j93t
Node 1: led2rp3 psd2y38 qpsg4ow
Node 2: 42albj5
Node 3: mm9f4nl
Node 4: gqgw8xj hp84jfs rxjfvoh

Node 0: r5o5eif
Node 1: 46en48t itk3fqu m59svwn ttztfyw
Node 2: 9ocn7lr ka2l2f4 uebe9h1
Node 3: 15p2f4x 2p51a5y 398glih 4lnbf56 5m0ezto 5p9jje3 7yphr4n 95suyh9 f7qzlii fv58mc1 hffeaul l7dmv2x naemuej nvryl4q wva2jay
Node 4: z28wggw
Node 5: b0vc83m ef8d4zl gh1bauh
Node 6: t4idv5w uo0ngd6
Node 7: abzcrvd eft1cgm mstics1
Node 8: 21ua65h jc61fb1 wb22f9m
Node 9: wx1rrfz
Node 10: tm9tv5c w3guuza
Node 11: i9x5yus rierb4n yngxcfb
Node 12: 9sl3h17 n25ieeg
Node 13: uy14l4u
Node 14: 01rkyj8 2hxfpba 4pm2iz0 mohpcpr
Node 15: k37pi3p
Node 16: krsqi6r
Node 17: oljvlur
Node 18: 6cjowsj zls4l0v
Node 19: v928idi
Node 20: vs8jjp8 x8qropk
Node 21:
Node 22: 2syivte 8p7hlu9
Node 23: kjy0owd tm4bjzn
Node 24: wchxugm
Node 25: 9a2l863
Node 26: qegin8i
Node 27: nidhkcq
Node 28: ne5y0xc
Node 29: op9tw9y
Node 30: 770hk16
Node 31: enawmwh
Node 32:
Node 33: hrw6oba
Node 34: 1sqcx7g
Node 35: vo7d0n6
Node 36: ju2c14e
Node 37: if0t3il

Node 0: 3bbik8m 9d7gwzg c0ya1jc mgeh0ft
Node 1: m8fmdwh
Node 2: xsnw1kt
Node 3: vn5mx8f

Node 0: 3yqtyi1 43nid6t
Node 1: im86pl0
Node 2: 2wnh53j 6pbmp8y i86fai9 o2bwwjq rtfie9w u2hwb2q yisnruj
Node 3: 9vwtnlt ile9np8 ki65vbx nh4nn3e tw82qug y4sa9mz
Node 4: 2ge4f0y eiwptub kxkzzin ky6ego9 r5z2chh
Node 5: 8s8y78o fvdiqxn ix1k4op
Node 6: 79n2blu 99tbekj mmr93tt ngb1phs yo6ttio
Node 7: pbu6wv6 y1xnei7 ycq96cq
Node 8: d2s2sxp vorf7co
Node 9: l14poow
Node 10: 5xi94c7
Node 11: aslgvu6
Node 12: 3y97324
Node 13: 8zualr7 b4lmjwo capxmyh cy7wyjv h2u57q2 l3272e1 n2npftd n64izrk vxbg4pp
Node 14: en6aefl q8i4aen tbzxwwd
Node 15: 1mwt1zc bu92ruu cfzzqys cr3pxvn dcqme91 qzrmzpj
Node 16: 2rgqgkn fyc8zby k953vxf
Node 17: vj0q4qb
Node 18: 2xtox5u tabcnpx zhkf449
Node 19: el2si4y
Node 20: 6w4gub6 lzdpb4v x3n9qao y8vp65t
Node 21: yi62m4p
Node 22: 5tp1sgn mizpzpm
Node 23: cp0bev3
Node 24: 1qy099a
Node 25: dp6hw8i
Node 26: 861xmrd kurcqke
Node 27: csvlovl hw01eb1
Node 28: d4f5kt8 klu2t9u
Node 29: b7omic5 g9gxype
Node 30: 8laldqw
Node 31: 3qfwckg 7axlls5 gp7v8qk ukpabda
Node 32: pae7ynr
Node 33: 7ki6t1c
Node 34: augnt6d
Node 35: flh0xxs
Node 36: jcxqc1o
Node 37: cod3p8s
Node 38: 7oohwb7
Node 39: 6noo4bm
Node 40: 2057ffg fidgvts itvg9vf
Node 41: dfarlab
Node 42: kmk175m lm3o250
Node 43: 83obg3l
Node 44: n3lxylo
Node 45: su9fmdv
Node 46: ilvk1gs
Node 47: ar9z9g9
Node 48: vz0pype
Node 49: oxeuewz
Node 50: o83u5kn
Node 51: hznyw41
Node 52: soea8q8
Node 53: vrl0ap1
Node 54: aid1q2q
Node 55: 31nc8c6
Node 56: t3vfngc
Node 57: hrifaxx
Node 58: b64tfmz
Node 59: z4975fr
Node 60: 6ie8ewy
Node 61: p8k412j
Node 62: ttyilsh
Node 63: pi3a1xm

Node 0: 51m82ny a27v4hu d1p07g0 m7dyl15 mjy60og nsm3rn7 q66zejf
Node 1: fu75m7a
Node 2: 0lqzvoy zskjf1k
Node 3: 1p21r7l highxvk
Node 4: l4l4ga2
Node 5: 09zfgpx etc35zl i62c3bq u01fyr5
Node 6: nn3cw7z
Node 7: zildb7e
Node 8: 9g46egh
Node 9: 2hw76qr rkqvmi5
Node 10: ksw0h2e
Node 11: 7j46abo orhxb3f

Node 0: aeawmkx
Node 1: 6xosg0h e6kvoty qek4ozf
Node 2: a8hqxr3 f4u7pvc ghd47j0 izkbetu kw2rr5l ngwpxu2 pk6puf1 ppmvfqh qbw220x tkj27iw y7jywln
Node 3:
Node 4: 3nis04y vctmjoy
Node 5: 904zzit
Node 6: elf9mcd
