Node 0: bqw7u4q cspfwwb hrkdbjm k1tydjp w4byf4q
Node 1: 3g9fzsz 64nibp1 6co0j0s pmgf4gs sbl4319 vohle7l x7bxo87
Node 2: 09f6pat 3t91vqn ai0tiye i8kd2yd ta566sn u7phtwt ug998ih zt88eft
Node 3: pizowz9
Node 4: b0i39xn bd8ypd5 p66bjuz pb09vw8
Node 5: dbduoc9
Node 6: 0fvtebc iiuuo42 ldtwoxl nzp7250
Node 7: g3v7j37
Node 8: bml0lqd
Node 9: ihg26s7
Node 10: 9ltbxb4 py9mc2r
Node 11: mpwc1t6 w7ooub7
Node 12:
Node 13: insx5dw
Node 14: 04wzjev 2ciis2g zn8w59q
Node 15: tat4xlh
Node 16: a1ubmwf
Node 17: z21nm02
Node 18: tl7i8rg
Node 19: 5b5s0yi azcuyf0 crivebo u9xxqcu
Node 20: omv18ds
Node 21: c7i8850 csp7qt6 isthwwe maa7tet
Node 22: 14wgxih 230wckf
Node 23: 1iktb1m
Node 24: ty23tnq
Node 25: esh7o5m
Node 26: 9mjskws kpf43d4
Node 27: 8fh9t7u
Node 28: gs47oae
Node 29: gvszbb8 pkmym00
Node 30: f12hyml
Node 31: ro68vcw
Node 32: ga0inxz
Node 33: 15o79hw
Node 34: efhl170 qqhmmkl
Node 35: viihc25
Node 36: ube9htd
Node 37: xfumyni

Node 0: 6s3xccv bw3u7l7 fo2j89x os1y19x
Node 1: eh3gcn4 kua217f
Node 2: kkj9h04
Node 3: 1rll2sc 4f9ctju 5iqwu96 7iddjtr 86xor9l 98l71vd 9rscuna ad7x59z debym9x i9qfk1v iguj0nr ii5f3qi j1rrh73 jn8mpjk l9c64l7 oicyra9 scb50mu tpz7m2x uksaqbr vbbw2dx x23lst7
Node 4: 1w3w1ma 31g56kf 9k789mm b7eel4j gboxwpb kf9lnqz
Node 5: tkrdmgd
Node 6: 3i3dxjx bdaf74w ex3x9mt fz5xnkg
Node 7: yeurddx
Node 8: ob8qwwn
Node 9: 9uf5gyu
Node 10: 0rg2nye
Node 11: tjhk3m4
Node 12: 92gmz5v nzqg8tw zs2tlps
Node 13: nvjhwmi
Node 14: a9mnywr
Node 15: dbi7yvd p1x1014 u69pt1n yhl0lqh
Node 16: av60fkm
Node 17: irknsu1
Node 18: mye7ntb wxsajy4
Node 19: lke0p03 luh2km9 tiskc9o
Node 20: o6qgnmn
Node 21: 08z2fcz
Node 22: f6o0i31 fp0c4ps
Node 23: emn8dvb
Node 24: rtoq8cz
Node 25: m4o5uer nghy488
Node 26: escvjeg
Node 27: sahqf34
Node 28: jdvojyj
Node 29: wq98hce
Node 30: 6i6kfhb
Node 31: e6wfiup
Node 32: fneho08
Node 33: 96lglxc

Node 0: 652egbu i5r518t nudnjyx rgrwtm4 s5tcvje
Node 1: 3799nnt 3tutfh1 a8nm5wf
Node 2: cfjga83
Node 3: i1ko2a2
Node 4: 8tj7fup

Node 0: dzyvyuu
Node 1:
Node 2: lxhtm8r ww6243l
Node 3: 5mr4nat 6h741yf

Node 0: 4b11m1s 4ocuj7c 6dbbre3 8e83jyc 8ypweov b076dls dqarwek ezu6u76 mr1xwd2 rbn303p
Node 1: 4ftuva0 5kpx1xw 8jfhn9y 8n23z9h anm42d8 at2ghfr hugnvj9 lqoro5g qtx9vey tzjypk7 v9k7rgk xdjbwzm
Node 2: 327sj9b 3bkqpk9 5mzu2o3 bsdv59d c4it72s dy2cili
Node 3: 4b0knpr
Node 4: 8eboacx
Node 5: 51xq92x siez00n ul11z2z
Node 6: ab02cxa igqdhyv
Node 7: a6tbbqr
Node 8: ucocsia urgoaib
Node 9: 6ao2cnb ki1ljrw
Node 10: t8v8gkl
Node 11: kyem0pa rk4s7xo
Node 12: dd995i7 epgadfz xzqbk99 zs4em7h
Node 13: cjj2ox9
Node 14: vb7dgux
Node 15: 0d6cyb7 d19f3sg qr3n25w
Node 16: tnbcc2m
Node 17:
Node 18: 1s7qu7s
Node 19: fw03d5b mqx1h84 wp0936q yuw3ldq
Node 20: 3hk8u2k 491ycm3 7tkifpl ugpj6w3
Node 21: 3lvsj78 k0e9o0v
Node 22: dm8q4im okldj4x yue3642
Node 23: ejsl2nb
Node 24: fp04ziz
Node 25: nsmb7sj xoax83k
Node 26: jtdq2a6
Node 27: bwwxscz
Node 28: n8jinu6 t1sx73z x9h55wk
Node 29: 3nxwhyv
Node 30: ur9xejb
Node 31: d9mryj9
Node 32: iwv9x47 ohoal1g
Node 33: 4i755nn m8szuwv
Node 34: fgyfa6e
Node 35: nk196mr
Node 36: ci0c2ad flh1rqg
Node 37: y1h47d7
Node 38: o3y40ui zhuanip
Node 39: kksavku
Node 40: erc22qm
Node 41: izwqa85
Node 42: 2l24xrw
Node 43: u2pzuxl
Node 44: h2os5ra
Node 45: cvlqywx
Node 46: 4galeqr
Node 47: abgtwsn
Node 48: z9mw6pz
Node 49: bznrq56
Node 50: jdlfags
Node 51: j011qvv

Node 0: 2aya3bp 2j8lnix 2xpht9p i72bss4 pto9x9t rw11he7 vnp4d9b zskyc58
Node 1: 30y414w agk7891
Node 2: 8vw5c3m ksi7he5 nhpmx5k rz48o67
Node 3: ehnl3la ywq03e9
Node 4: w98favi
Node 5: ypts98s
Node 6: 2v7sbbz uin27nc
Node 7: epjgsi5 eur1jpc runmojw
Node 8: 1umhdv8
Node 9: ifwzrlh
Node 10: 6irc94k i594fr8 oey4kqg
Node 11: 6mx8k13 c83cdwj f5ngffp nil992v q0f4wwe
Node 12: bt7bnu3
Node 13: ck5l31t ncu26mn
Node 14: xzumyiq
Node 15: aj68psw byszouj c8aoxqu
Node 16: updw8wv
Node 17: 21onm6m w7isdw3
Node 18: 2q1pn5z 8d2gjop ctobwzo jverzcj uoej0n0
Node 19: 46kwqk9
Node 20: p9onjmi
Node 21: hjks09j
Node 22: fx0bly6
Node 23: ps7ks7p
Node 24: rove2iv v53lei7 xn0h0l2
Node 25: zxb4dhp
Node 26: 5n2344p
Node 27: fq6ph2u
Node 28: 3kdb28f
Node 29: vno341a
Node 30: p8qb5js
Node 31: k4cn5mv
Node 32: xrjslht
Node 33: i5uqm11
Node 34: ie63op0 vd6ocv4
Node 35: ic6xjh8
Node 36: yagvtry
Node 37: eef3lqz

Node 0: 9k9twzm
Node 1: 5zgv7cc
Node 2: 4boh9ji 979f273 gnoemks o8wq774 owas36s xu3rgjy
Node 3: 5wowvi9 jidfkub
Node 4: seq7i0t z2xclkq
Node 5: 8dtztic
Node 6: qqqd527
Node 7: a5tzkcr qg0dcdw
Node 8: 0ezrpqg 0t0zxxg 7j5a5pg lrc13ga
Node 9: 17xbqg9 83rwown f23n6ph
Node 10: 0u612pk
Node 11: qgv25cp
Node 12: 54rsmt5
Node 13: 5vc2926
Node 14: l9h0b51
Node 15: 5biy966
Node 16: 2zzk8zq
Node 17: 1h37rox f95v4x5
Node 18: 463us93
Node 19: 2q0ccjd aof4uer
Node 20: 0hloypo

Node 0: 2cggd27 2ln76dc 9cep5zi awo8ywl cnv2h8w ezdu8fy fx4eysu hqgnehf i363j4v ijj6fgi uvsp9gt
Node 1: 3xm2r90 6wyoivn 85jr7k2 bwxhl9y fry85t0 ier2wq3 jc2v556 spitaej vk7qwxl
Node 2: tojtbgi
Node 3: oxd3e0v
Node 4: loumey2
Node 5: 5mfwxoq rh4aoz9 se2pceo
Node 6: n1a0eqw
Node 7: t05hwre
Node 8: laxk1r6 lxfby74 nadvkbf
Node 9: 00jcwzy 036fufp 7nd679r gpt1wd0 k9rdbts qblc714 qvsv28s
Node 10: jclwnxe
Node 11: flxf70l siwhw4t
Node 12: tudopab
Node 13: lv404ho
Node 14: 27jtifi bsj1qri e9wehhr wk1eex1
Node 15: j5aak73
Node 16: b28bqk5 q1jiq20 rhdxoff
Node 17: 1jilva4 buhw8wn glddz1u
Node 18: 7xzb4py ni89yqg
Node 19: hoxl6f2
Node 20: bqmvzqs
Node 21: u9an3hq
Node 22: a8vh1s8 mfrtv93 qf6xa6a qujgfc6 sqcneg8
Node 23: vkxzywy
Node 24: 0bt0ht1 2mf93in 7xcam1e dze8d30 lji82tt
Node 25: bultvfh
Node 26: um9kbh7
Node 27: hdwxk48
Node 28: 2iu8dum
Node 29: g38tdpx
Node 30: avxj6kf
Node 31: 2zesm66 5hoqmua 98vj12a ps1bplz vp3gr5l w80z4hm z6y0fm3
Node 32: 3l5umdh yizyqt0
Node 33: 1y8cwo8
Node 34: m3oewqf
Node 35: qvx0v4y
Node 36: llvx4ar
Node 37: 4n5c1o2 bmtj71z l3vq7b6
Node 38: hcx3r58 hrzu9j6
Node 39: 8pbj4ig
Node 40: z767xrp zpdat88
Node 41: gav7mgt gjwsd30 rq982lv yzfiony
Node 42: 5agpbtr
Node 43: x026syi
Node 44: u8zr213
Node 45: wwa4noi
Node 46: 3439oaz
Node 47: cv2sw3d
Node 48: vaoorwe
Node 49: fwg2p76
Node 50: 5oi3hrr
Node 51: ssr65zu
Node 52: sos4ox1
Node 53: uvkga5o zowx6go
Node 54: xogtp02
Node 55: 4nzddr2
Node 56: 5vbkwi2
Node 57: v2mviyh
Node 58: i28dx0i

Node 0: f9b2m4x phsf8wx
Node 1: gyulmmb iac9b1g p3066el paxlufw z40pmr0
Node 2: 0p1x2b5 4b0bysk 4dbkzu0 7x2ej0v 92wuepo aktivis bt2vkvp d9xy148 faza1li fb8t0b8 gav2x5k itw2455 l6kgv84 mdb7mem n7x27je oq39pl0 pl70h2v ql9u4z1 qmhyhey s4uyjv2 sidb8dk susv58b szldmvn tg5xul4 ufqqajq urg8gm2 v4fljw1 w2zvg7j ww69kyg z2j6sbp z597gif
Node 3: mcpvdah
Node 4: 05taxfe 1u03spa 3ca6imx 4nzog3q 8oky102 929x4sd cqij3pg ga5modh jnvdiii q0rqazm
Node 5: qhs8kd3 uc1eq40
Node 6: pnp5wut
Node 7: 2zspleq a25gg72 fe83vyr k607fy1 mh0veof mufrifv rj4hkwm
Node 8: qca291p
Node 9: gr840i5
Node 10: 0kbb5at 4th2twh g1uaj73 itkfw0c p1w4r06
Node 11: nmo1y92
Node 12: ikkg7d9
Node 13: vkvazhi
Node 14: bvy67mj
Node 15: tr5z0m5
Node 16: ejbzd7j
Node 17: ny94av7
Node 18: 9ctfiuf
Node 19: o177ztz
Node 20: dhizqsu
Node 21: j41entd
Node 22: jp6q9dj
Node 23: 74q9zkd
Node 24: 7sk37or
Node 25: sr5snxw xhtidmo
Node 26: 64lx62j
Node 27: hj6fj3b k6trujj
Node 28: ek5ihsh
Node 29: 4w3ymm1 9s506t7 hji3dug s1hgqrs tp7d20w
Node 30: x0attm3
Node 31: 5v44qfi
Node 32: 8bc0dbi
Node 33: b18kh8y
Node 34: 5k2hi4u rgzznfn
Node 35: zfgnqt9
Node 36: n5x0azu
Node 37: 63dnjxn
Node 38: 5jzyjju
Node 39: a3b80ww
Node 40: vwbj96k
Node 41: 60jpz4d wsd85nb
Node 42: zplw2tc
Node 43: x91hw1b
Node 44: bbc9wo8 cdoq29j
Node 45: 360yg5l
Node 46: 3nys0y1 qodsfu9
Node 47:
Node 48: tjccz7o

Node 0: 184kxm8 bj0vlz0 i2ew6dv jgknmdi r76ipws uche5bj ugfcmp4
Node 1: 0tbiytc 9fpaatr qlgx4od
Node 2: z82rufw
Node 3: icxuv1v
Node 4: 0w232u1 44kc42m 6otcpqv asqraoa c9w52al jnmsu0d n9vxjew qtwl8bk siuvgbk
Node 5: c77k9c9
Node 6: 7mncg25 hffkjzz
Node 7: nyl1ja8 r4kb89p rpaqdfa ugqzlvf
Node 8: nxqqs38
Node 9: cu197xp
Node 10: 183d5dz cnlxlm0 z9yn0ga
Node 11: 4wpvvls
Node 12: 4gsxty9
Node 13: 4a6i9di d781hmc
Node 14: b5j47jb
Node 15: txy3oo8
Node 16: jt5siwb
Node 17: 56db82s
Node 18: o4hea9m

Node 0: 7fkcn0g 7thso1m dyax2qk g6yirao gz8qds7 isja27h ja7yjvi kcu7gkv ss6hufv
Node 1: c0edt1r
Node 2: roorrgc
Node 3: b02yl70 fje11lc
Node 4: 476sszs
Node 5: gv7e2iw t9q67t0 tm4g2f7
Node 6: zmex22d
Node 7: 66gjprt 9zsj97f zzcijt6
Node 8: 9dly7n7 ou3nbjo
Node 9: b3z51kb leklu8v
Node 10: xj8qdjw
Node 11: fcm4fgc g1d3309 ye2zgys
Node 12: wrm20wv
Node 13: 2q8jj4d
Node 14: v7gzd2o
Node 15: 7ryu2vk 8zyc8ij
Node 16: dafaqiz lcv5jer u9xpm4i vzjjoto
Node 17: jwbm9bh
Node 18: ua9dyun
Node 19: u5u8dt7
Node 20: gc1iagf
Node 21: hd0exoo
Node 22: 3f2d4r1
Node 23: qnf08of
Node 24: gkv1zjq
Node 25: 2few197
Node 26: 0s7uld1 ohsvb5k
Node 27: sbvyeda
Node 28: 4g86l4t
Node 29: 00z8o0l
Node 30: kp6zg18

Node 0: 44j0e76 69ncr4h 71tx8du 79mrfme bdlidof g88qkpw
Node 1: stmaaax taofsm3
Node 2: 0gbmiio 450ou7d 6jp2pu7 7jacqz3 b9gpbw8 ce933dp cqt4a8o hi2jyzb k8v4htu vz2r890 w8hfa0e y2zdey8 zodefb8
Node 3: ga4kfnw
Node 4: 2obot24 tdd40sp
Node 5: epal5sf
Node 6: 310yots 7b0npbx zx832pi
Node 7: c0ij7tf
Node 8: egcjeml sw8jcb7
Node 9: 6zf88tw nn99qm8 yt9sh6o
Node 10: 1385gux viuceka xnnrppa xxir1nq y7hit3j
Node 11: 2h3qaof e1cx3dh qjtt8ex youtbc2
Node 12: 152ihd8 ssdndpc
Node 13: d44gsoz fu59qd1
Node 14: a1pn0ob b8ol2st jfqc7og ouyozxe
Node 15: yh8bik6
Node 16: 2u7l5bh zu3sthd
Node 17: 9zgc8af hzlzxws p8e935t
Node 18: iiw281x
Node 19: 6kkn8ir ysy6nwi
Node 20: 1jpahjc obkcazs
Node 21: rbmjl4r
Node 22: 04f40uy 9qbtgt4 fuibp8k ndfp9z0 ruga91m w06e5zn
Node 23: jwpbx5i o4xizl6
Node 24: iy29ufk
Node 25: mqqr9u7
Node 26: i3hzx4p
Node 27: u6zfs6g
Node 28: bhc41om g36f75n lhx04od
Node 29: yi2y0wr
Node 30: tnx1why
Node 31: 2hh9h3z
Node 32: s4wm2xv
Node 33: l8ngor1
Node 34: hoy3sbe jnjqmx6 rfl73oq
Node 35: b2c4vdo
Node 36: d35z5op pwmfz8e
Node 37: h0fat7g
Node 38: v4b12ro
Node 39: 5qkynx8
Node 40: h1akyfp
Node 41: abir3xw t0mgxxk z8ptgz1
Node 42: 7ga4kjr
Node 43: am07p5o
Node 44: zc7waky
Node 45: jk49okb
Node 46: w20ac7g
Node 47: ow6h8ih
Node 48: yf8c3jg
Node 49: fr95nqf

Node 0: dnndkh1 kn3x7h3 oktpde4 r85fn04 rx80u5w
Node 1: 39cg7nl epj0osr gml334d ousegnt q77uo6h ujtz5r5 ut5x3ry wxyaofx x0h9qlu x1456ti xa37r5m zsnwexg
Node 2: 13aobcc
Node 3: 02739o2 4enp0p9 8j5nmib 9cwdh7l j80wh8o mdnqjnb nbogdm7 pipznke vagqp1i znim8sl
Node 4: 2afbnwt yvk9zen
Node 5: 1s1uinv n09wll9
Node 6: swbltop zvof97g
Node 7: 361d4x6
Node 8: 9ncth6x
Node 9: h3byw04
Node 10: 2lnc22s
Node 11: ypm676j
Node 12: 6sxcugl
Node 13: l3ad6of
Node 14: 0woqaky ct3hmo7 fi3lyiy
Node 15: w9bi5fh
Node 16: ifpo9xv
Node 17: 95kk4c5 p77ix8y v4zxisr vy9zhyi
Node 18: yyfalln
Node 19: sk0ygja
Node 20: bzpxdws
Node 21: 8ypp8vq r7memtb
Node 22: 8j1m563
Node 23: aufozwz cb1vnw9 ddvsjcr
Node 24: nkujvoe
Node 25: mcbuyqj
Node 26: 8oe4ivz nuxyern
Node 27: w91r46k
Node 28: 43ebv1l
Node 29: q0smnyz
Node 30: mc3qck1 pn2lwgx
Node 31: ldidjq9
Node 32: pu2djxi
Node 33: grhhq4p k0su22s wu8w396
Node 34: qp0mx92
Node 35: sgil6d8 x1i6hmh
Node 36: 253ilvs
Node 37: adqv04c cu26z4e eu1j6ve y330046
Node 38: g6i6qh5
Node 39: 7mdwmer
Node 40: 5iixei0
Node 41: 57w0m1h
Node 42: hn4ckes
Node 43: pqowdnx
Node 44: wqwj5xp
Node 45: thg2ahg

Node 0: 0vvcpm9 98cad1s a33jzj4 bxsdgs4 e5lk3xb eqy6z9l gi5nv8c gjat596 gjmkbtu m2r1xp3 oa6g85x sllng23 whmimo3
Node 1: 4lc9rnf ltrvzgc
Node 2: a6e5uzz exjdwn7 m3r63b7 qq5cou3 wqhhnf4
Node 3: jfe3t5e lg4azu0
Node 4: actzvg5
Node 5: idmgl5m
Node 6: 6qggz0a
Node 7: 4pop5qk u1j0pyz
Node 8: vun01bv w0kitji
Node 9: n64bwcw
Node 10: 447loc2 yxhsb96
Node 11: npfn3su
Node 12: 75ve5xk
Node 13: zbrskpb
Node 14: 3pncfsw nl55n3c
Node 15: 3qru3vb 4ami4k0 j17usuq
Node 16: ros3w3k
Node 17: ej417ix jcxgz2c
Node 18: sgsxwp1
Node 19: nxi2t7w uyacato
Node 20: cdks08s
Node 21: t18qtg7
Node 22: in3z5k5
Node 23: f671ng1

Node 0: 78w1t5w 7yq2f3n u2pgbv2
Node 1:
Node 2: exvpx6k isidg7n
Node 3: fb1t329 q6tmtnw

Node 0: zerof5y
Node 1: vogrkzy ywra5wn
Node 2:
Node 3: db096y8 ja4wisg uqti9aw yqzbz2u

Node 0: 11vhow7 5zf6jen 66vdafb 709z6aw 7klexmo 7qz7k0x 7xuish2 8who8t5 a0dn4vi c8w4fza cjxkrzd etve7ip fpsc8sw fx9354j ig51hg6 kcvyw1p m17dxmb m28d53q n0mfgxe ojkeqnk tg9r8og tq75pty xbkcfnp
Node 1: 04bm3fp 9zxh3rc e1gcc9o nbynvwd
Node 2: jd5j5up
Node 3: x1jmbs1
Node 4: 72ssfqc x6ft77s yyv7h8f
Node 5: 1eu8lqd
Node 6: 0hu6enf
Node 7: ed00qn9 vv63iao
Node 8: e4bm1vh u1uvwvx
Node 9: s6h86mu
Node 10: 5uqc6lf atturq4 wv3doda
Node 11: 47geqeo f79n3jk i7yauxp oefkk02
Node 12: uy2zxx7
Node 13: xpfdt7c
Node 14: cu69vly
Node 15: 267vkld
Node 16: oqhls4c
Node 17: qpudi3o
Node 18: 68p7oj6 ykb547r
Node 19: t1yiymx
Node 20: 6jpu7mw c8ka7nu ppu9fnd
Node 21: u0fwh5w
Node 22: nv0059v
Node 23: qr248le
Node 24: h694sdt pduuy23
Node 25: kf48bg5
Node 26: k7xk7m2
Node 27: r9p8yro
Node 28: 2hswirx
Node 29: 82u6ruv
Node 30: ye0jbr8
Node 31: yfzlvs3
Node 32: j188gbc
Node 33: bv7d3oc
Node 34: 6nkr5tt
Node 35: 00zs2yi
Node 36: h0k2xuz
Node 37: yn6dqdr
Node 38: djmbqrf
Node 39: gm6eygq

Node 0: 031ums9 4fy2f9p 8z4bi37 a4ajz0m bydr57b ca08imx eob7pgb ffsafm1 iiamh6w jmu6mny kfx1sk6 mcruzha tlxo5yx u7ic8w2
Node 1: 6uhxh6p nduwdi4
Node 2: 7kwj79o
Node 3: cxve881 kipbh02 sbglave zm0tez5
Node 4: a485bx5 q0h1hs6
Node 5: 19pefbw
Node 6: 856i4lj
Node 7: whfmdqp
Node 8: 0i2frod 7o52kqx
Node 9: vqm96f8 wpr7yjz
Node 10: b5dib4i
Node 11: 5fr5bzc loyrdxt
Node 12: 6h2mjnv
Node 13: m7r98ao oibttzx
Node 14: 3kxfsbb bu12uvd fqljz3d n0byan8 vnh5q2n xzfjow0
Node 15: mnifvko
Node 16: 4t4ebuv 66rkn43 72avp5y fn2wt2v
Node 17: cg4udtp
Node 18: er9j6dh
Node 19: olaifzq
Node 20: btpm0xs fjx8wl6
Node 21: zdibrw7
Node 22: 9m9hfl4
Node 23: kh9re10 u1qqfjh ykg0e89
Node 24:
Node 25: xem56ki
Node 26: a5lm1ao u72vwe2
Node 27: d8m1i6c
Node 28: 91l1gpu
Node 29: kar5orx
Node 30: w2ypj3t
Node 31: 2a9skca gsuafsh
Node 32: 5ozq99x 7ofn6uv
Node 33: g21dwsx
Node 34: 2rapcew
Node 35: ytpm9za
Node 36: gaphamu
Node 37: tb0r1vl
Node 38: 5suaqw7
Node 39: 04htzep 0a3zjl2 st4heuv
Node 40: h0gbtop
Node 41: kj8ycn6
Node 42: e3l5n1x
Node 43: klw5vm7
Node 44: lynlfgv
Node 45: uvyp000
Node 46: e7sdcwr
Node 47: c3wknoq
Node 48:
Node 49: kqsz8g7
Node 50: eyl8huj

Node 0: a1wobqm a3n9pac eecoy2l fj5xl9g lv1v559 s51w89d
Node 1: 0f4b2xm 2tjvlmp 939k3zh khvircc o700mze
Node 2: 49kdlr6 82ueot4 aoebkvt byu7x96 oapm9lm osafq48 u3ti3dm z405ocf
Node 3: jusek3c lvqda9n
Node 4: bt765x4 d7s73pi gz3896c iocsxn1 jkhyaup
Node 5: 16wu01y 8jdq830 9pwzcz0 d3ysl13 kb5ax56 lgz4fy8 nwxckhr wmsw01i
Node 6: 64e9r9h oy6riey
Node 7: e7xw05q w6asq03
Node 8: 4vbp1wd
Node 9: 1r457vt l005ncn
Node 10: m7dhvjb o3jsqha
Node 11: 57sttxl
Node 12: 8tqkxbk cw18y71
Node 13: vjkbxtd
Node 14: kj6jx7b
Node 15: j9g6whu
Node 16: kayjrfk
Node 17: lip6sqb
Node 18: jbj49px
Node 19: 6y6gnwv 7djsres dl90tlb malqxvo ujjdr14
Node 20: hbgwbuh mpex28s
Node 21: set7glz
Node 22: fyx12ns ils1o4w
Node 23:
Node 24: a2vyr7p q49s37j weem264
Node 25: 1ladgl7 nbjwc6w
Node 26: 3h5637n lp9gq37 z1h9lg7
Node 27: 44bhpkw fj1669q u1l2b58
Node 28: libj0sa
Node 29: jri2yqq
Node 30: 2xs5v6a 5uo4n7h 9ebpls4
Node 31: djte9pp yweynik
Node 32: o9vy7eu
Node 33: jsmmnd5
Node 34: tf6iw8x
Node 35: b7xuebh
Node 36: 1r25afb hsrxz4x
Node 37: 1zmmvho
Node 38: 2a6tlg7
Node 39: gzam7rl zagbez1
Node 40: advhy4i ksq90hq mu52ig7
Node 41: 1klza4w sxz0e2o
Node 42: aefiwv7
Node 43: zzapmsf
Node 44: b94mil4
Node 45: g290xix
Node 46: dl8jzxc nm9wr71
Node 47: nabvn05 s1xtsqq
Node 48: yev64om
Node 49: 25zz1k9
Node 50: jx8bswb
Node 51: t332f0r
Node 52: 38qpwda o8d6j2x
Node 53: mpluhng
Node 54: ts15nib
Node 55: kmb15f2
Node 56: bqh2lk9
Node 57: gbed7y9
Node 58: f5443i0
