Node 0: 8pg3bzq
Node 1: piaqrbu
Node 2: 12cquc1 8ej4kno e4bn2lh m3pbk9v rwv10y1
Node 3: 0lr8c86 20gml68 39w2gub 5c8fkkb 5fdqzmw 6vv16yv 9fecvjt fz8uqll kvkii17 pugk5ek qjqbf0l qkf45ic rum7zho u4p72zi
Node 4: 8yxnd54 ejw0mml g5x16ii h93ow5g k5ptelt vlq7hag z9t9nlh
Node 5: 4kst3i4 55aa2w1 wfof1wk
Node 6: ovyzrc9
Node 7: 5ifs4js 644bfsg 6nmiv5l 7gpnlfi bsjkjhn flfk85n fqvnq8j hbjz89k jchwdic l9mb59h qx5956m s44pzlm u11im2i
Node 8: eajceer fq3kjah jd1uk0u
Node 9: wb7gfsf
Node 10: 2ff6b8t q3ehzwe
Node 11: grpkxkb hq3gexg
Node 12: ljos5p2 s086w6b w7dil5y
Node 13: kah0ntp
Node 14: 67mhs75 noum2pr ylma82d
Node 15: 6dfdxsk
Node 16: 9xa039a
Node 17: 1czsgms 736fw5w
Node 18: rl60bnb tpggf5j
Node 19: gmknt3q svy4nzc
Node 20: dei7frk
Node 21: 86seklh muo7upu
Node 22: sjjzr9n
Node 23: 9abamj8 d2zl7zl evhblw9 jhj8gm2 rpfxhba
Node 24: yob48wc
Node 25: 5t08z32
Node 26: djc8izm u8e8fhe
Node 27: h5hrs6f
Node 28: 9k1256x a4cqy0f gw2xmd1 v66fh78
Node 29: l9midxb
Node 30: dzr0ceb q8yffnn
Node 31: 0oy3ofw
Node 32: addassd
Node 33: 533v7gy geethzy
Node 34: zidllq6
Node 35: 523cwwi
Node 36: 36p8446
Node 37: 97mypls
Node 38: jkjc17w
Node 39: 212lh7i
Node 40: 0l2344p
Node 41: lqui4ej
Node 42: 8g0zpk6 vr5iydp
Node 43: x7d79fp
Node 44: ng42sdl zgfvl0n
Node 45: scljz85
Node 46: fzzkaso
Node 47: 9yrkour syi6t2x
Node 48: t7aroan
Node 49: gs2fym5
Node 50: j2ouz32
Node 51: 0cw5gz2
Node 52: l37rzsb
Node 53: w2qylla
Node 54: 6sem8oq
Node 55: 98kh16x
Node 56: 8bcntbp
Node 57: s1vmxwj
Node 58: eyioair
Node 59: 6ec9592
Node 60: vtqx4p5
Node 61: nt5sout

Node 0: 337kxn8 9hla51n 9r34j6n e5z9lph tylxol1 v6yetb3 x4n93wq
Node 1: 062lnzs 61gvv54 jx4uej4
Node 2: ainffyl eahf8k8 g7sn7dq
Node 3: 7azmtza b60o17a s7770vw
Node 4: p9ienh6 ropsi4g
Node 5: 00jbhu4 am61gsc fmymdwb t4zua4o yhvkrpr
Node 6: 4krv8a7 dyfrllh
Node 7: htqccfe z7fs49f
Node 8: 5o5qe29 e83kgwt mie55dt x2grpmj
Node 9: 7s81l6r eu2fxaz f1g7j52 h8d9dhb vjy717d
Node 10:
Node 11: 0rdzhet
Node 12: 3wuhm9f b8qw6t1 eemdkxn ftm92oo sxha01j yxiekeo
Node 13: 9ipmfsz
Node 14: 0jw00iv aupb9ll
Node 15: twtxjc4
Node 16: 8zxd2y1
Node 17: 3oc8uob bai52xk cqmm5x4
Node 18: 6o2giy7
Node 19: kt6gca8
Node 20: fmbxwzk
Node 21:
Node 22: i94a35z njiaugt
Node 23: 0tjtym3 1pnt9hc janf8ui
Node 24: 7sxohpw
Node 25: p3dv28w
Node 26: q8s959b
Node 27: filzod6
Node 28: l85m9hz
Node 29: 28hsjtx by0rr53
Node 30: t97tgoh
Node 31: 76mwbuj it20j0x
Node 32: 03j1t12
Node 33:
Node 34: vfq6f0o
Node 35: coxvsh8 mzrr52j
Node 36: 3899fix
Node 37: g1i5j1k v0h1egj vxjh7to
Node 38: k1ha5ct
Node 39: jmxqtbj
Node 40: vc3al36
Node 41:
Node 42: 2ddvtaa
Node 43: u6mjmw7
Node 44: gad1xus
Node 45: xsf2u3q
Node 46: 9ln36lf
Node 47: vcvzbhr

Node 0: 058t8kh 7zf2fq3 dmth051 x986prs zwpmfjx
Node 1: 8la3qw7
Node 2: dnguv64
Node 3: 54m9u0o 55ed7rc f4spnes nbl2pwr oyjlaz4 tgis5lt
Node 4: wwdxgs9
Node 5: ucwxiqu yes0vvr
Node 6: 16jzb1t 465ryr8 4d7ibvp fjaf14w q6k25uz rz315xx s95j3wf v52gx1j zqmkpt3
Node 7: 6ozrx34 bdhpj8b erb62jc jzlfosg
Node 8: ffbcso6
Node 9: epnz25k
Node 10: 1fv4kyd kdowscc
Node 11: 0z7uad4 5x6fny9 j583kge m0eljy8
Node 12: e2h8c1w
Node 13: oifnx5l zavpwkk
Node 14: 8bwwbyf
Node 15: 4w3jmds 5id2vti 6ym3r6v 9rruuxs m4acm8e pbv0czm ybe9eb9
Node 16: 02gxb08 ltlbd5p
Node 17: 0zggxjt 2o8aqv6 3x6lt6o 48se6an brdctju nwhpivy
Node 18: nm3ndfn uviy7xa
Node 19: cq5ntp7
Node 20: 0fzaj7a 2vgubny 7axxv67 gnw9s75 k69rftg
Node 21: 3ohc00y
Node 22: tqxvp1d
Node 23: 61p3c74
Node 24: 7u751n9
Node 25: 5zf4bf1 n493a60
Node 26: aayfj1d ejy9uxq hwqggq7 ltmzbin ptpe1uc tghtith xik9lgt
Node 27: 4dah7hi 9gkbz4p bxjl7t0 u56yfgo
Node 28: 1zn89nb
Node 29: ldhux5k
Node 30: cdqwpwg
Node 31: gfc4fj1 oyxqqcj
Node 32: dgbebqu
Node 33: a79ks32
Node 34: hn6q5ck
Node 35: 1zrkw0r
Node 36: 14z2mas 6kzd3jz
Node 37: e9ibzp7 jvcr95n
Node 38: 0958v6w nn5m999
Node 39: 19c32ld
Node 40: fmlpf89
Node 41: cc8xjc1
Node 42: x0eoznq
Node 43: f8fnjx9
Node 44: qjfvx1j
Node 45: y606ijw
Node 46: nm9oim9
Node 47: v5spyfg
Node 48: p2rww65
Node 49: lun9vv5
Node 50: tnc7cuh
Node 51: ea3ugre
Node 52: avgt39m

Node 0: 7kvyjku 83b3zdp fbb9c5e gi8zx0a o9je8p1 t8k61ei tjofxpo
Node 1: 4r7crbx mqds5hv tmm4rqe z2zbty5
Node 2: dpms3wv
Node 3: 2facdjb ljbzejz
Node 4: 1iivokv 8x3p80s a3rd42p b9ewrpx k1vu9er k4rfz6u ppmxnx5 tlt81ig tnumkma
Node 5: q71whjv
Node 6: 5bna3b6 w6alipl
Node 7: rul0fgh
Node 8: 4exmiim
Node 9: y19n8kx
Node 10: qy8k1er

Node 0: dn13v83 o328gm5 vnmoz7b zz9777y
Node 1: pqgxg0s
Node 2: 6b3wnk6 6e5w5ut bk41khc c0ch60r c3e6apk lr3xvrr mgu0ba5 scp1rz9 sgdvz0s so7hytg wiy3cat zclb1qb
Node 3: hwkdioe
Node 4: j5l2wym pxnk4r2
Node 5: nigvsgw
Node 6: t4uepvz
Node 7: fbd8zg4
Node 8: 12c8awg igpnrj5 lyi6evi pw0xkwb skibzb3 tw3x4cn vrklrgd
Node 9: xc6zt67
Node 10: haclex3
Node 11: su43lmh
Node 12: bf39iyh gmp98ik
Node 13: xnmj784
Node 14: j5n0zr3 q4t21zp
Node 15: d4zqevs
Node 16: dsxqpjo zelmxh0
Node 17: i5lr0ii
Node 18: zpxqydk
Node 19: 60qdr9s
Node 20: 0pzpul1
Node 21: 1a1ovwd
Node 22: g51zwrg
Node 23: 7euho5p
Node 24: 9go7ntn emudrp1

Node 0: sqnm60c th61vtb
Node 1: 04rm9xd 6c0rap7 dzbskks ie10t7e kgxkqpn nd2ndlq taxrih2 wvf96de
Node 2: 0uh0yl5 5k3c4x9 76w7706 7i89r7d 9605f00 anpivem bk0x62o dh9eznv euv0fse i8t8y5f nsemf38 qryxvcy seaw3n2
Node 3: i65jo4z
Node 4: ik8cobf qytw37b
Node 5: fvt2tex i36amo4
Node 6: 2idct79
Node 7: 19zi666 203qobn g0zt3qp hcb2bc6 jeswlvm joreojs kjzzuai o0g3qzi q5mkzvm s1iqoh4 stdqvad ug2fcgc ydgp0g6
Node 8: cjozb1c d6hpgt9 pbunvdu
Node 9: 0xyef3e 1s57idc 37aua4u 6zi9eso 75pfyn4 8szao7u gd4pl9z hna8rr7
Node 10: 7t1ixyv adahe51
Node 11: dhfffd9 n9f75lw
Node 12: 9vaa7m4 e4y9fsa
Node 13: 7x29jvj 9ytog2l
Node 14: dvybppg
Node 15: 4wothu1 9mqmme9
Node 16: zly63p9
Node 17: f1s6vnd
Node 18: 676297l kfkllv2
Node 19: 3sp4488 qbp5wxo
Node 20: 319886k 4u58fv0 h7xcyy7 ty2bqas w8obe0d x5m1m1c zwcl7rw
Node 21: 0br5ihu
Node 22: 6vdrsrp fihwoj3 tan4c53 vosyzjs yurep9s
Node 23: kv5c3oj oo1hat2
Node 24: 1pvfeg3 2djwf9b yj43u45
Node 25: irfq3wo mevk1a9
Node 26: wb0avfe
Node 27: hfd6uyn
Node 28: d3qkddu
Node 29: efe5g1q lvkn38k szajkow
Node 30: clpoaes
Node 31: 1gpcc0g 2mbah59 oapyys1 uu553mg
Node 32: rk31d8c
Node 33: ff7ebuo
Node 34: 3tosbba i156zsq
Node 35: rktstmb
Node 36: xwfd981
Node 37: 2caqg7h
Node 38: lueu44t
Node 39: p1cbw4b
Node 40: ifvulnd
Node 41: pxf5nfs
Node 42: eh055hw
Node 43: vsmv1fx
Node 44: hklkoui i38n41k
Node 45: c67glg6
Node 46: u1uwfsu
Node 47: 8kazv9h
Node 48: woqcity
Node 49: gu3p763
Node 50: 6c4x9zp
Node 51: 614gsvw go1g9b6 wjph61e wkuod5v
Node 52: tjq0e8j
Node 53: vvea5sz
Node 54: uad94qp
Node 55: lo4xiex
Node 56: 3emw8vi

Node 0: 276yr12 ki0a0r7 zitur15
Node 1: 1myk03a 34olxon 9r2p5th glc4cq0 pt1v018
Node 2: bnwe12x
Node 3: gj34d5l jbxdunh nfngzo1
Node 4: 37r8t1u k4p5b37 lkvaka2
Node 5: 9dl55i6
Node 6: c6masn7
Node 7: u6dlx5g
Node 8: clrqkyn
Node 9: 8v33oyl hwykde7 s52o6v2 up3rj2e v9v6qrf
Node 10: 0611khb
Node 11: 3iai1de d5ws5dq xv9pmpp
Node 12: dr27zji

Node 0: 1l0a1kj 23rck4f 9hxkh3h an29zw5 b8zsoav bwyd6fb cjdn9wi d65x9aj fuwdy0g ga92fc2 ik15tts l1eltml mf1pb27 mfeq545 ph1s0j7 qc5foyr rk0n7o8 rm4uxuf vjfqkf7 zy6e5t9
Node 1: 16opvq9 274kq3f 70wapqi 7tnucnf fnudair rovi1x1 stenu1z
Node 2: avtep55 l4p4laj
Node 3: ni6b4n5
Node 4: tlx52qd
Node 5: 11u7cjf vpnlbjs
Node 6: ckm34c3
Node 7: jea3tgf
Node 8: 7cq66cc 92e2n6i acn78hb cclkkyd n3h1uav rnmaji9
Node 9: h277ogb
Node 10: 4abl6a1 6cxz33z d8hwp2a dblzm0v iad5vfa ujkjjwy
Node 11: gyfirgu
Node 12: hs6kjq4 p4ym794
Node 13: hffx80h
Node 14: 41taqay us4pt46
Node 15: aq0d1os
Node 16: ci33xq4 cu9ik69 k58a0dm kjqwz5y ssi14a1 znt49ta
Node 17: 2izqkqr eldm8cj
Node 18: 1xo2qsp jc1lnim nn1oeuh sz9omty zrr66ex
Node 19: 5k2f0ca 5msto0w 8jgcnhr an957y4 ihhhzwp ps39biq
Node 20: 5wtkgsr
Node 21: kb30mwt
Node 22: 0dvozkv
Node 23: 2ba3zgy c1q9lvx
Node 24: lzfhn9c r65r5hy
Node 25: ifr9j57
Node 26: fdqc7eh
Node 27: orlshgo rz27bhp
Node 28: dmkz1ms jtcfv75 qqaxsix x0e7x7e
Node 29: ypjzml2
Node 30: 8hbw3jr rwabdrg
Node 31: fivecr6
Node 32: 7k3nwma r8lb40z
Node 33: rii1jyv x1df133
Node 34: e51expt
Node 35: wl09z2n
Node 36: r9h40ti
Node 37: 87vquee
Node 38: 1u0udtx
Node 39: ern1wxf
Node 40: g1xof2m xnsq2en
Node 41: 8cemblx jxspnkl
Node 42: rg7wg1y
Node 43: yzwq8mz
Node 44: jn9ixuh
Node 45: 0dit0mc
Node 46: 6rl0yjm
Node 47: rf7xgf8
Node 48: 3164x8w 5r72ife
Node 49: 6kepvos
Node 50: h418tnr qpmhfew
Node 51: nm0dazh
Node 52: rndvhdh
Node 53: 85rqwfo
Node 54: fkrysj1
Node 55: 2afvcw3
Node 56: 4a45wh3
Node 57: x9km9d5
Node 58: kpy0suh
Node 59: 3mfrieg
Node 60: cp6nlvf
Node 61: 067xc43
Node 62: knezphy
Node 63: b04yqrm
Node 64: u63nhyn

Node 0: 1z6v8tb cfiuyfl
Node 1: 0k6cx8w afhrdak gofthms jpo0uct m5lugc8 rfsgo8a
Node 2: bvukbqh q9fk6bi
Node 3: 10o51in 8svpa27 g432q4a
Node 4: tlhhuh3 vo6ufwk
Node 5: 54vh2cd 9cq4fn4 nxt380t qxeed18
Node 6: c4e4imx o36mzg5 uw7hi0p w7xzx1o
Node 7: hl90tix
Node 8: 8d3cseh
Node 9: 0bqumu4
Node 10: 5sr5dqw kuxcrp8 r4fbkt1
Node 11: r5l7dax
Node 12: sra5ko2
Node 13: hiripbn
Node 14: y0zzo3b
Node 15: kv440xx
Node 16: 130cvrc
Node 17: kx9oumo
Node 18: a0tksjn
Node 19: jsqgfci tgzcngd xv2z2h0
Node 20: 1dnrnf4 xafnjdv y23ijph
Node 21: btbinph
Node 22: guzex6j
Node 23: bqu5m2w yas1dhb
Node 24: rmsji1u
Node 25: m267ktm
Node 26: trkb89m
Node 27: 4kackuz xcli4ta
Node 28: 7s69kjy htctpt6
Node 29: unvmlan
Node 30: qbqsb5d
Node 31: abxl3yt f3w8bna
Node 32: 0ws2ul1

Node 0: 26d6bsw cu21ems fzaeiap ouqvz2a tnlznt3
Node 1: 4nlufsd oeney5f
Node 2: rgfg8rd
Node 3: x5bx5ww
Node 4: 2yakub4 4vc51sq 90wkpjv 9xeh4j4 az6oueh bbuu07a ihw0ed8 l2v9ois lufiify mgk6si7 xw8umii y6vt1qc
Node 5: khrl2pc
Node 6: lipraud smlk3p2
Node 7: 54ml6po dbxqmn6
Node 8: dvo37gc
Node 9: 728bpbg 9k0azes u2ove4p w1imtq6
Node 10: yhkglr8
Node 11: 5jlxff3 a7meugf
Node 12: wk19v40
Node 13: hix4pdy
Node 14: 11ob47v
Node 15: 77ak3nn j1d58ux rgk557o ux1m15v
Node 16: bco5k3q
Node 17: 3hwcfnc
Node 18: 26ehj56 lqbm9z1 xlk06h1
Node 19: rjuljst
Node 20: v182ta1
Node 21: 1y1bjir 5cl41gk
Node 22: 94nohjr
Node 23: kdhtrdr sxh4fzz
Node 24: d0l1lu6
Node 25: 21b78wt aomcy4h
Node 26: mameljx
Node 27: dt26wjz
Node 28: f3pa109 u2ibyb9
Node 29: 9iyv9te
Node 30: etxc6rs
Node 31: iv0ot38

Node 0: 2ee7cf6 n50w1cb
Node 1: 5wsyyjj
Node 2: c6ys7mi
Node 3:
Node 4: 94s0nxr kchskj5 rpqy4n9 ww91wx5 zc5czf6
Node 5: 9fiva05 q4mnkm9 qby1e6o
Node 6: avbp7ta
Node 7: 23at77o
Node 8: 750w9g7 cxz528w
Node 9:
Node 10: 4j4gl8m

Node 0: o3zutmg
Node 1: 43ajl1i agr6jfr k0gqtt1 lz6a5mz ntb50zi o9la95b tv5xusf
Node 2: 9bkzuzm
Node 3: iul26dl o27yptx
Node 4: 3tyf212 x842xz8 xph5h4y
Node 5: 0o447q0 1s1c1vz c919qjf g8ywpuj ifhn1zo j8qky5u mb58mu6 rg3r7mt x0tigj5 xiovzzu ywtfvh4
Node 6: wgmwlf0 zolcv9e
Node 7: pn3gyfo
Node 8: ho7m7be mrqdxb8
Node 9: 8btplv6
Node 10: 8p1wqos jf1370u o9q90xa
Node 11: pxndt3e
Node 12: nqk63gl u8212mc w6f8i1b
Node 13: fc6nh73 ilxyyu8
Node 14: bodwpk7
Node 15: 6si6z3t 7un5ro3 9y571vv dpmnr3w ir9z33s t8axsjt
Node 16: qv2awrv
Node 17: 1t67zwy
Node 18: 8azm6ua

Node 0: 0nbt1c4 3t6i3dm 6vol9ve 8gjz9vh e19f1ps ed2eull emc65j2 hgale9y idqc368 morpizs nuhk8jg oa17vz2 rd373w7 rripko9 tfd8kvk vsyiwqz
Node 1: ewcmj9n jofqu49 rwhmoha xl6spy3
Node 2: 3z4unsj
Node 3: 6kmmkfl 72tmuzh gtma9ju
Node 4: 6nyctxn p1cezuv rowgxew
Node 5: jyvh8jl ohjneyz
Node 6: srlmyzd
Node 7: 0a0yop5 0ui9vag 7cwkfh2
Node 8: 4qowyt2 6ppdmgz acbj5sh kq8ke43
Node 9: edg11nt
Node 10: 3tosj0w hd1hnrv
Node 11: 8vie17v
Node 12: 672s3vk 7ro7iob et6cf65 f3nozvh u31np53
Node 13: p3jaaxs
Node 14: 2q8q1d6 49nt77k f63xuhv
Node 15: bta2bys lxj4414
Node 16: ipa97j2
Node 17: g5nc4n0 moks75t q6f2wxi t1hnkwu
Node 18: qmyd14o
Node 19: sx3s86w
Node 20: 3mm2urh
Node 21: jagluk9
Node 22: idv1yii
Node 23: 9mfoyoq
Node 24: jjp8e09 jycx17k oj1fq09 xxzi2k1
Node 25: det0m9q
Node 26: altnjdb
Node 27: 68vl9ex 7iw6r4w
Node 28: 225womz r3lv07s
Node 29: dmdeudg
Node 30: eemxzir
Node 31: qrtwh4x
Node 32: cp4gmep
Node 33: 6agvs71
Node 34: zx1szs8
Node 35: y3kpo1a
Node 36: kgm9n6g
Node 37: wn8cr9l
Node 38: 6z8kg0s renzve8
Node 39: l8qs5gs
Node 40: pllxiva
Node 41:
Node 42: 48icdow
Node 43: ghhlpef
Node 44: o57nu70 ugchl4c
Node 45: owva0p6
Node 46: 49vyo6l
Node 47: b83va95
Node 48: 00yvu0q
Node 49: dhs73li

Node 0: 38njd5p 79m55up 99t7bts t2gekz1 v11sse3
Node 1: 0r56aaq 3v3offm bjr4ibk x2o72qt
Node 2: 02klx6k 50k46l2 ef3iyn5 ilagm9u m671767 psyamnx xrg2iqi
Node 3: 4bznsld j00aoof nk3vkin whxwklg
Node 4: 1qj3p9k 6avt5fu 6nw8ag8 i96757r pzltnmf sm0b7c7 ud3whml uuetvqs
Node 5: 1uhe33m 7m1jric irw96a5 m4sj6p2 zrkdl4d
Node 6: 2jusela 964x8ay bkrac0i c2a212r gawt1rs
Node 7: xtnfe43
Node 8: uvyy92d
Node 9: 5bmtyzy
Node 10: 685q755 7gai7r1 g4mnsys pm67kpg
Node 11: 25j1y21
Node 12: 27417w7
Node 13: l78v0pb
Node 14: n3k4gqm nmb2coj oy3hn1h smbqll3 t3tjb91 z6ejwvu
Node 15: d0yivsq
Node 16: ndt6hy7 xa0af2h
Node 17: 1bqwb89 6e29x89 j21isq2
Node 18: acfe9k2
Node 19: 1rrcta4 4hxjfix 4tp3jxu 6uncel5 8wdyeyu 9ymksgt bhe5azv eom97gx m6jknuq xrmd1uv
Node 20: csr8vhx
Node 21: 0f3fhyc 21g29ma 3la0s3x 8cn7j3l dixycdy wht9p26
Node 22: 2k94gjv r9zz96t
Node 23: 39azojv esdjyng g20gz3w
Node 24: pfot7ph
Node 25: 7tioieq tmn9geb
Node 26: 7m9lkg4
Node 27: a6jnyj2
Node 28: fhd4tlq gj2v0lv
Node 29: 5fpfgul rqr0fi6 subbozf vj2oglg
Node 30: vq19ipw
Node 31: 78dk182
Node 32: juetbpa
Node 33: 08hxskb aeh4dvs
Node 34: 7ese0ih
Node 35: 9pn958d
Node 36: 4rsol5n
Node 37: bajjxq9 mt5u4dd
Node 38: 2b0bpxj 54e6t4r
Node 39: c10cvxy c8tybg1
Node 40: 05u76ky
Node 41: igqr18t
Node 42: 6r19sop
Node 43: nsl0wfr
Node 44: xygf8a7
Node 45: qigacpq
Node 46: n33ahkf
Node 47: d5zk9s7
Node 48: vmeqkvg
Node 49: 67x86rj azukth0
Node 50: nfksn3l
Node 51: 7yoe6ww
Node 52: p2fjr1n
Node 53: 1r7htk6
Node 54: fgp7oaq
Node 55: 1zpscbw
Node 56: 2ph96m1
Node 57: 858jtgb

Node 0: j9638wm
Node 1: x9x7bh9
Node 2: 3ey6cl0 3vc5dhc 8mqv139 90eggn6 9z5a9fj bwkuoz4 cpnbldg d6fet3d dw5z0kr jhrxv67 l0z4rwa l8anw4z m197vbr r5z4hgl u42rzx1 zmjvan3
Node 3: whh3f1z
Node 4: 97dprll
Node 5: 2pys654 4c11988 50cbz94 7m708v9 adsbg5j b9yndn0 j8153j5 sq17rgo u4uhfrk xkd7a1r
Node 6: dqoy0dz
Node 7: im5ts3k
Node 8: ravr6rg
Node 9: 55vb8qy
Node 10: h55pyk6
Node 11: xx2vs45 zmtatcu
Node 12: lbl05d3
Node 13: 2yz6r8w
Node 14: rgve84l tgsw8nk
Node 15: jvr4ano
Node 16: qmstkal
Node 17: ud988m0
Node 18: 2qcj08o
Node 19: vdbshxh
Node 20: 36e1aqt 3uf9zye isw1qnk nv6phkv
Node 21: saz72sf
Node 22: y4q1cr2

Node 0: u8u4pc5
Node 1: 05fj7xa 3z4puvz
Node 2: rr29i4t
Node 3: 8877vdc
Node 4: smcvf87

Node 0: ol9fm1d ptwor8r
Node 1: riuqg8v zk0x34j
Node 2: cmviq10
Node 3: mmnr89j
Node 4: jbq66ug
Node 5: 78g4qrq

Node 0: 7wskyvh i512hjx
Node 1: 118xku4 3vgotj4 7n7w1ih p9hh6vi yva2tf3 ywvcvvz
Node 2: 8mpnehn gtpy0hk javpx0l k2z71w7 kjoje60 l90f380 mk4ps28 nhya3ux
Node 3: 94ijhqx cywg9fd fqw248y ndu05a6
Node 4: 5lk7bkv gvc22gc pu2nfa5 u0ghacf
Node 5: doj32yr lvemweh z2f1vd8
Node 6: rsujmji
Node 7: hlvta94 rghitor xxveebd
Node 8: jdfru7u
Node 9: o4mhtev
Node 10: dry5zmn teu9tmq
Node 11: 9akjjlz vbmptfb
Node 12: 4obokgl 4tyij7f diefbgi swa76gc
Node 13: u2wjn5t
Node 14: wl7rpk8
Node 15: zkwmnsp
Node 16: 73f4k3b
Node 17: l10pdjn
Node 18: 1ajdgl7
Node 19: 3mpl7tg np91b25
Node 20: fx0lsvw g1bovwz
Node 21: 01ntdw1 dipbt1i kmsj5f8
Node 22: nrhkk3h
Node 23: t7kivdx
Node 24: x9iul50
Node 25: 4h2wfgc
Node 26: sy89fw3 zu1q6qi
Node 27: u5rvb5w
Node 28: 15rzw46
Node 29: 3opdri1
Node 30: nhzn2hs
Node 31: h85ylou

Node 0: 47abm60 e9wwv6r lz62810 nczjzbz rynr03i yxnvdx8
Node 1: abc0c8e jipulkc p4ksxcq skjyacg w7duhof
Node 2: 4boxo6u 6gpfrd0 79887c4 clwq0ii hrdyibt ii2lwil n8m1oi3 n9v9p0h nbfzsi3 tmlu5hk vui96zd
Node 3: 1tv61gj 2vm2fia 8y458zx brdwwc8 ps1uu5c s7h8df5
Node 4: 631f2df 76spv8m acavr0s sk7mex4 xet582i zjec9qg
Node 5: yy1rhq2
Node 6: 37bop4s fguh0q1 h4s46g2 mv8s872
Node 7: 21i339y 7712boo c5u304s uyw408w
Node 8: 6ue0i7x faawdsl iorm6s3
Node 9: 0rkk6t3 9h5kr5m gryvxnq s63i849 ver7jos xyc9qr9
Node 10: 9tsj3r0
Node 11: k7m1ak2 qlu0rsc
Node 12: 027nhzb
Node 13: l2l6rd7 q8k03jt
Node 14: 9p6ozk5
Node 15: zfmlpld
Node 16: 542q5vr kumjavz qdiwuob
Node 17: vdgoy7p
Node 18: ho6sm3j
Node 19: cibesw9
Node 20: xbbhs9s
Node 21: ndyyljb tvkizqt
Node 22: c1pw8zt
Node 23: 2u1o3n3 ryjt6wu
Node 24: bcdsl55 zkcobj4
Node 25: 1afvox8
Node 26: u3vletw
Node 27: 9jarx0z
Node 28: iz04gil
Node 29: t0jiqu9 uevmwtp
Node 30: ybgpo5x
Node 31: 1jahjfg
Node 32: elfoy5f qw7jdlq
Node 33: l4tcqd6
Node 34: hg0ihgn
Node 35: qbidiiq
Node 36: 1ivtyph
Node 37: 0slhcc9
Node 38: tjcwyic
Node 39: 04bbhcq
Node 40: fu895cx
Node 41: jur041g
Node 42: tbaiy93
Node 43: yfir51g
Node 44: cevzhto
Node 45:
Node 46: 5i9o3rf
Node 47: fy6rppe
Node 48: 9er7kc2
Node 49: 83oebyp
Node 50: 02zncnz

Node 0: 6brw4of fjv0iv0 hb49z9a i3ylv1m tea0ruv
Node 1: 0hbrqwx 1k5mwrq 63wifd4 kdpsr7j zszntwi
Node 2: 761cx83 jg5xuc0 lwkyy7f mfv6mkr n83av3r rgdg58u rkeuwwn w38fgzv
Node 3: fpd1kxk
Node 4: m1lko1k y010tr8
Node 5: 0ye6bks c7o29py
Node 6: dalzooz
Node 7: 9fj5v6z
Node 8: ie22uo2
Node 9: u8onya5
Node 10: sz6y14j

Node 0: 2l3t0d9 aa0xaz0 dx0n08g fpfkow3 gz6x0a3 vkg8mbb xjce4uo yq70cjy
Node 1: l8b0xaq zu6tdz2
Node 2: wsjreue
Node 3: 40dqzbo 5a15rcr c7axsk5 q12nb96 x50m5pi
Node 4: xh3v0bb
Node 5: 9yknfgf hk7618h s4uik7q vnweltd xt0u5t2
Node 6: coen69p p6rdrh7 ukuusmn
Node 7: g3j7wp5 uxrwh64 vzwjnw5
Node 8: ww0bdi7
Node 9: 2qhb26m
Node 10: sz74gg0
Node 11: 42z29bl
Node 12: 3vjvw4f 5b3xk11 fb1df74 fhvjyuk fphxtvw kky3vmr r8fsgxg
Node 13: zlx9ebh
Node 14: dxxype1
Node 15: 8mztfr7 dr5d3sx
Node 16: ggpu5fz t0y4kfr
Node 17: 0qk6kkh 7m92uer 85ea6es jwdqkno kcrtllb yzp54cx
Node 18: 7mlieio
Node 19: trn2sr5
Node 20: squiplh y4d3jyk
Node 21: 1z97aii pug5dsr szr5va6
Node 22: 1jonruf iutjrx9 rdwpupr rsewmbd
Node 23: t1oxg49
Node 24: asfh3z3 s77hw3f urr9e6z zv7b2r7
Node 25: 4mpcgi5 ieeslo0
Node 26: av7ipkn p5y7gcm
Node 27: 0ndnj6e 6d5kxzv bdtej6c d8puwsv i5am728 r4hjg5v x2qcfbw
Node 28: q0xg62s
Node 29: 7b6ytgh 9sh2vn2 c64t5vm j66vsfo phxaeh0
Node 30: hna5klr mh5cisf ye6f8ia
Node 31: 15cyza4 878kx6p 8rq646z lzp14j8
Node 32: vbcbbnb vcfhgrg
Node 33: ajrc7ut
Node 34: foivaa2
Node 35: kn0e3cs
Node 36: nuicwl0
Node 37: 5ewj3mw
Node 38: fwz3gdq
Node 39: 9vqholo
Node 40: ogys3bd
Node 41: 7po1vvs
Node 42: 9d8sd6i
Node 43: ziufhmf

Node 0: 07nevqz 1bltjb9 23298im 5ioyj50 9618o9v bvzq64m j4jiaqy lgwkyt0 oakeyv7 pkwdptu s1ijxqd szx7w6k u3mq9w6
Node 1: 2cqs1sj 3j1xoil q5ex4jl qeqqe7k st8p7u7 yxjiblx
Node 2: v91uw8y
Node 3: 5l94p50
Node 4: 2ddk1jm 5rplj4p
Node 5: qnd3f2f
Node 6: 9uejr84
Node 7: 0x92fwx 9l900d5 f9wmfwr
Node 8: wil2j6b
Node 9: iklyxzb
Node 10: j9gdlun
Node 11: i7u3xz6
Node 12: w70hdcl
Node 13: 5sv1osp
Node 14: 8y02zss

Node 0: 7cwcdgj
Node 1: agj2fdc c3xxjgw fr88upz otxyjkp q4b9b0i sgtqrld
Node 2: pcnor2o r4jr0cx
Node 3: ysalrte
Node 4: mn5b6ob pi4j8ob
Node 5: juqineh lrrstnv m7fllb8 mnhp3v4 rnibmzf
Node 6: zkhstuk
Node 7: l65jp71 v6yvaru
Node 8: 1ikuk2f koutrmt ky20zoe
Node 9: iatg76n oozixij
Node 10: oio3l17
Node 11: gcmy6ek li71ka6
Node 12: rvmwlc4
Node 13: 7kde6vc
Node 14:
Node 15: fvaubpy p682wrs
Node 16: 9r6iikk

Node 0: 3y92o84 7dxh4pf giwbcnm lhw6wh3 odsc25k yq3po9f
Node 1: b62pwkw o2trtb2 pgp0odx
Node 2: tko5wzi
Node 3: 43moy2c
Node 4: 2pji85c

Node 0: jjr4tp5 jphvhg9 qc9xf6k
Node 1: qumqp3h
Node 2: 7gu6f1k
Node 3: 9i5p66e ah5wju3 b9doap5 e1qhr2f f63v8rz sim2ont t6w1it2 zr8stzg
Node 4: 3ml3sdg fcllpgy hiwem5m j0xp9tc lbd2tij
Node 5: 4lleb4w 77zbnzs oalv36b
Node 6: 3ajwjac
Node 7: jdcam9e ph7tfgq unkis75
Node 8: 6tvfuk7 bxgghgh dl844ol e0dqyiz yqpl4j9
Node 9: ayzchnu
Node 10: 1fe67sn y29abvu
Node 11: 3ze6j83 ebkibdm v6o4r97
Node 12: 5hm8p7i 6o12kya 8wy05w2 cion7ma dag9r4l iqgl8c4 pb3vrxb tc1skor
Node 13: 75kwizb xmlidgs
Node 14: fsqheea j4f2qwb qpwuetl
Node 15:
Node 16: jjroew7 rotou29 wuxa4oj
Node 17: b1620r5 kzn469r xpek9fd
Node 18: 4mct55u
Node 19: 7kli528 leijana
Node 20: 2jbjzqx
Node 21: s6n6zkl
Node 22: wvxd1n3
Node 23: eulhscz
Node 24: qgxe55o
Node 25: rozpuwm
Node 26: lkv0my4
Node 27: 02v0lk6 onstjcg
Node 28: 23xvbtz
Node 29: dgwvhwp
Node 30: 1gdr1pc
Node 31: ri8zd8c s0aer00
Node 32: x48s2ao
Node 33: j6is2xl
Node 34: 7q5el9g
Node 35: 9coqsbs jsymn93
Node 36: 07svmwn
Node 37: 8apsa70
Node 38: dq3eekh
Node 39: saazgoe
Node 40: pzap2j7
Node 41: dttavdj

Node 0: 3e1btvv gxh5jya jlg2xwz p5jbnjd pvjk2oq rwnpk9r tj96bv1 tp7xo0r xodtr6h z5f5aac
Node 1: h1651dv
Node 2: atgvgsa lc0qx3u r1lfv3n xatdejp
Node 3: gupg8ur hnzu0eq zho7h6m
Node 4: 6kjiidl 77syo8z 799jj3p c56a4ik dm66lin
Node 5: fizfo5m mfqkm4d qore2x1 y2906hc zrwrw8t
Node 6: 1srzveu 3j83b9l 3s99czg 4xq5887 90za6m2 rghipap wpcc2hn
Node 7: k2th6dk
Node 8: v5yr9ft zwkv60m
Node 9: 81vyr7u
Node 10: 8lcgsvk w96qjpi
Node 11: 9qwv41s kxa8pbb m0ppmpv z094s9q
Node 12: kpwbien qqspe2m
Node 13: c5rmqxc k0i0x6y qhecmz3
Node 14: 5cw6jhx ujsb9it
Node 15: uk050ku y7kbvzo
Node 16: h22giba q0wrpb9 vw0djf9
Node 17: rt149h3
Node 18: q68zm80
Node 19: f8q3ooe qfbiynp v5k7r0o vzwi2oz
Node 20: 4icrv8l f5jkn0c
Node 21: lez3qr0
Node 22: sl5gj3x
Node 23: jcu4c9d
Node 24: 1i1a39z
Node 25: i8yigxg
Node 26: 33odkck pxo14qw
Node 27: 4ki0go8 r9julml vagon9s
Node 28: svq7iyu
Node 29: gbr0qjh
Node 30: geqi4nt njhisny ptalsur
Node 31: scwpkiv
Node 32: 45qnyz4 j68rwvl l24xx0d z5zzq5h
Node 33: ta85s6r
Node 34: l5dbzap
Node 35: 0bc7jmq
Node 36: 0ymfqry
Node 37: fzrwi8v
Node 38: vh4cr73
Node 39: m17dmww
Node 40: ykfecri
Node 41: 330a5gh
Node 42: bf6jssy l0acqfe
Node 43: 7mgffmv
Node 44: q525w84
Node 45: vasva14
Node 46: 5vr28uo
Node 47: nohueno

Node 0: 2n352md 41ftevb 4hmbliz 6eighwt 6wx0n94 7vt3ckr 8cerbnc bwc6nx9 efz8dgt gthgcp2 h9k7nd3 hmxj05x i6ddcsp lmqmw81 mlf5yoc ob86zw4 pheiaqt taxxrmg vm7xd8k xhtwbbz ycpna78 ytyihbx z07u28o zud1d91
Node 1: twnanle
Node 2: ce9z81v yopt52b
Node 3: 0klbbr3 4likaqc cadft43 cq1b331 o4u698d s4f49hv
Node 4: 1057ssz
Node 5: iqcnq2j
Node 6: jvk4day
Node 7: 1k709u9 qlclaa3 v36u71g xv0uc9b
Node 8: 0zp6mxb
Node 9: da2p4vh
Node 10: 69o2u38 lyeuamx
Node 11: sy5s2cz
Node 12: 7rqup4a
Node 13: b60jjjw o2p2zin
Node 14: zvrwd9j
Node 15: rfjelnh
Node 16: 0ktqc64
Node 17: 2fmvmax
Node 18: 9zb75vy
Node 19: 9h0aehq
Node 20: fwptbo9
Node 21: xp2bcw9
Node 22: vmfn3gg
Node 23: 8zxwwaf
Node 24: r5kafbg
Node 25: p82pmmq
Node 26: 0u2por0 fdd2meq mufzmx9
Node 27: o09eagc
Node 28: qlng4bc
Node 29: pzc6qgb
Node 30: 4v8anv2
Node 31: i18gzva
Node 32: 2r0g6nf um9i8gi
Node 33: i02yxtg
Node 34: 3so7uxq pnazwtp
Node 35: blmbm01
Node 36: 7t645pg
Node 37: 229hjha
Node 38: nac3tg2
Node 39: k6r4k3n xla0h1k
Node 40: ux59m5v
Node 41: 15lz0n2 sam4bpd
Node 42: pg9955c
Node 43: 153hasw
Node 44: g84940t
Node 45: vf4xdzj
Node 46: 56mwhro mx956pv
Node 47: 0fue5on
Node 48: bvs4fim
Node 49: n5f0hs4
Node 50: yijlb9u
Node 51: 0zuoozn

Node 0: 0a3n5xf 2mqfwz8 2p2f73p 4ehmvmo 4f71ile avc20io b98yxiy dft3lcf gaoogmd khcp369 lmssrdn qznhwyp vxx5rpk
Node 1: 2cwfoim 4o5ygsm 4x3xdwk 5p08dyd 6mqwee9 924svru 9chbdx4 d26cgrt f23bpjs gl1rk8z h91sp2h kzwtewl mcw381l qbc4arj scm1n68 wwhg612 zrggr5i zx3ldy6
Node 2: 0xsg1tn l1g68pw
Node 3: ympyqt8
Node 4: iu7qj51
Node 5: es2musx q9s73vf
Node 6: s265jjl
Node 7: 63bqtfe
Node 8: mub1bl6
Node 9: 39u0cid
Node 10: 9ouw918
Node 11: 46mp2qt 8r0tdhn c4tf6cm dlpxr3x uczjp8f xak7es3
Node 12:
Node 13: bkic5f8
Node 14: uwv56u8
Node 15: agzhz8l b0t8ecn
Node 16: kmcshu1
Node 17: 04dxxsw
Node 18: l7lozt0
Node 19: nmtqx8f
Node 20:
Node 21: bhgxau0
Node 22: 32oz4qc
Node 23: b4ae36o
Node 24: jbr2to9 s4pk1i7
Node 25: hpvvosb
Node 26: 18hxnb8
Node 27: xz1zczm
Node 28: nu9u907

Node 0: 1fl2ths 3mimv5o 7q1hgye enb2uie k4mrgds re0l9jp u3jrozk v8kfjge
Node 1: 72shsz4 tfk8ygo wf9c7fv
Node 2: cj2902x rm50b49
Node 3: vk4lcmy whp7vln
Node 4: bj1q190
Node 5: gsi9nq5
Node 6: qg31nii
Node 7: d795rig
Node 8: loeu5x7
Node 9: wy6rv9e
Node 10:
Node 11: hkp89nn
Node 12: 3cgk1yu d2r7zoo
Node 13: xutdpx6
Node 14: izy0d01
Node 15: mwt7zx3
Node 16: o22544r tskdxbf

Node 0: 8uxsdb5
Node 1: 2z1h5ll 494kc2p noyo4dv pg2m4p5 twolrm1
Node 2: 3g5i05s
Node 3: 4dn80a2 dup0qix e9se9qa w0myaur xogt0at
Node 4: 9dgxtqc f24dnmh h7z3eyk he3otuw iycyc4l vh4sdcp xlauwew
Node 5: 8hiy8a3 ahyj6g2 bzcwchr dvoh5c0 lds8pbq rdfgikt zy8ur82
Node 6: 5r1zxrk kdmfw3m lp9dd3p wlqa8rm
Node 7: 20h6hss 3enydap 6ckio7b 9ykkm29 a8knal9 crr3o4u tdbnn5v uppolu7 wj83gt8 xa74kff
Node 8: h02p0pb h9cmj8z meu8reh
Node 9: a9qspvh my8ccaw
Node 10: uckcy5q
Node 11: 4vmvr5z ug680lu yk0ntpd
Node 12: ckw9m51
Node 13: e00pkdv
Node 14: 5zz1tjj 8dt06n8 aedtu04 m7s0klo x4l9dnu zxxvixv
Node 15: y8hc9eh
Node 16: 1a6vc72 vjymv42
Node 17: ym2q2bq
Node 18: er41mr4
Node 19: kr5v0m9 x856bel
Node 20: 8pdaxeu b4k3wz1 ri02a7x
Node 21: oc9i0f4 uwgk3rz
Node 22:
Node 23: tehmm5j
Node 24: cvki1wt p09jykw qcj0f46 z4xobaq
Node 25: bpcuh3e
Node 26: rn2b9qi
Node 27: 1ltaucr
Node 28: jmbosp1
Node 29: dsw0r5y
Node 30: 69l7jpt
Node 31: lpk0tuz mfnsymt u96b09v
Node 32: ij48o1o
Node 33: fwbm54d
Node 34: zcct45c
Node 35: ao8qshu
Node 36: ztnsote
Node 37: 3vicq4a
Node 38: 427olq3
Node 39: 6j1xi89
Node 40: sniqkih
Node 41: 8n3gp0l
Node 42: i6di9t0
Node 43: rw87mpz yo7jwe8
Node 44: qyr9ug5
Node 45: u28r3qr yt2ux5j
Node 46: xscmci6 yjmzb3z
Node 47: kd3x2k1
Node 48: dndr936 eofu75x
Node 49: s37j4zr
Node 50: yq3lu0k
Node 51: r43jg9z

Node 0: i4mhcnj n04mg3s ovfbi7i ulgpi5s w1rbfa6 ztfc0ot
Node 1: irq15el
Node 2: oghoes9 zfo66lu
Node 3: 9g88y4v yv1n33f
Node 4: v304yf0
