Node 0: a4si3a9
Node 1: no4amap
Node 2: o3hk24y
Node 3: 2oduncr
Node 4: u37r98y u3fwdaq
Node 5: tcmj40s y1kvzsx
Node 6: 9eroic9
Node 7: 68eja2o 6hhbsh1 mve2q1y oa5lnd5 wpa4tak
Node 8: yodzct2
Node 9: 37a6zou 9bym3yu dit76g7 esbevyz g1o61lo g6khygu iisrp5k
Node 10: dpvxsh9 k38sluz
Node 11: 5xf3v80 dekcnxb kdytpqr x3nil2j
Node 12: tajes70
Node 13: vanthzm
Node 14: zo1eqwc zzxkvqb
Node 15: s258rye
Node 16: 6jx8juc
Node 17: ib3xgn6 xgui7h4
Node 18: 6chybqk 7lib669 98qetxq gmqwt84 sz4l228 t87rzlg vwanlpp wltk9sc z6ek0ju
Node 19: p0o26gx
Node 20: 056zdj0 4niawlc 8byzbe6 sciomy3
Node 21: o0x6vf4
Node 22: 5htt43n
Node 23: onuur5l
Node 24: 7fk5fuk r30zajy
Node 25: 506gply 9z3ng17 cb6wddt hatitsb
Node 26: x9nf28w
Node 27: ce3qnna
Node 28: m8pk8c6 uba9fri
Node 29: foj06b3
Node 30: 3gv08zf 3u1i2nm 93jh8wq r3rxims w2vnhcv
Node 31: nct2m6y yj4rvtx yx2ts1f
Node 32: o22001k
Node 33: 0easilg
Node 34: 8olp59b
Node 35: wixygzk
Node 36: w5r6t36
Node 37: l9n0kum
Node 38: qogaxus
Node 39: zftk9cg
Node 40: fgwys0k orhsud1
Node 41: tlamcb2
Node 42: ywevw9x

Node 0: y429jh6
Node 1: pwtc2yk
Node 2: 2i571v6 yd0llir
Node 3: 089cdo0 0jczop9 0s8lsm4 72rnr49 cw6x4wz ekbmq1f g6rtpqf nl0whi9 nqjtewx r7j9nde rz9oiza s53ix1k u74ymtl ydhux1c
Node 4: ejeuurg
Node 5: bl1r9ws m5ji2v4
Node 6: gos5y8a
Node 7: ipwzvpa sxn9fft tkf3epk
Node 8: 2wl0hpr bqj22bh
Node 9: bfk776l zgsbjry
Node 10: 279qjx7 9u47odt
Node 11: c7r3uz3
Node 12: fbmo0a5
Node 13: 03yu4cv
Node 14: elrr6hn xaq1uql
Node 15: 5bd50pp pk56ive
Node 16: 1o9epmu 6aautlf jw6f6hg
Node 17: irhaab5
Node 18: dg2ywp0 xhel08b
Node 19: j8l31fy
Node 20: rs175hf
Node 21: bwp76mg
Node 22: psifaml x6gqhlt
Node 23: 6adrmci
Node 24: if382f6
Node 25: dlw9c1q
Node 26: 9o6oo5l
Node 27: vq53xgs
Node 28: bjp8imw csps7sw
Node 29: 7c5yl54
Node 30: g68ee6m
Node 31: u4hbcsn
Node 32: n3f4jc9
Node 33: qa24yvi
Node 34: va7b5cv
Node 35: 4khp69b

Node 0: 8ezavpw a0r4zc7 d1dcank f1ispj9 zcbviqc
Node 1: 0d4uoj0 3w8nkm7 k08eha8 lnfcabu nomkiwn nsreql1 qg7z9v6 xmtfgfy
Node 2: rea1xwp
Node 3: 6xa8p9o ykt8827
Node 4: ayq1pvx sa49qj1 zcikvft
Node 5: 4fis1a2 af9pwkt
Node 6: acnmnf1 c6o1i30
Node 7: 97awfc9
Node 8: fyyxpr3
Node 9: 1z2rhjv
Node 10: 7ffahob ed0ef1t mzt49bs w7kanea
Node 11: peqwpb2
Node 12: x6l4onv
Node 13: d32xj4b
Node 14: dhzxo7k m7mo86n o1xzweq
Node 15: w39b9ym
Node 16: dnx7ff2
Node 17: b8p4sx4
Node 18: u2rhxe2 vi6l305
Node 19: 889m7iu
Node 20: ka3425m zg494zo
Node 21: o1yf00f
Node 22: ujdyjoo
Node 23: pdei4r3
Node 24: 70peouc
Node 25: 5jkbpo9 6o97yka
Node 26: fo3njd8
Node 27: 3p6na10 nxgel3r
Node 28: 1ya0q6i 6mz7j5f tsjyb2o ubity9y
Node 29: g39ye7i
Node 30: is1qaua
Node 31: 0lrxk9k
Node 32: de2wz8z iade3st
Node 33: q5uldc1
Node 34: 36sspuv ju9a8ld
Node 35: 1mhdv6z
Node 36: jmaylwr
Node 37: bim1p3p i9m00p3 smd2tic
Node 38: hxzxxd5 nmrkdyx
Node 39: gdajdnn kmbi6cw
Node 40: wccb111
Node 41: 2co7nvl 503y4oy arbbg2n
Node 42: prz7hth
Node 43: rjhoue8 runtqsj zrn3xxo
Node 44:
Node 45: 5tpi2sl 64la7nm
Node 46: nbb0vkw
Node 47: xwvssuq
Node 48: afphrpo dxxht5c
Node 49: somifas
Node 50: n3g4qkl
Node 51: 4zxgwko 5dej4dr
Node 52: 0othovr
Node 53: d294d5u
Node 54: o2tdcvq
Node 55: j2wu2k5
Node 56: qiwk0wz
Node 57: xsfrvmm
Node 58: o64kis8
Node 59: 5qegare

Node 0: 01ja8pq 26swndl 3gl59zl
Node 1: 5ukw2w6 bd3dt65 hj2cfj3 o39jhtn
Node 2: 1iy011r 3yp5pa6 6xhca8w f272irc qkh2gkm s1o3l4g yecgbn8
Node 3: 3io66wi iouqnuj v3v8ssf ysm9u87
Node 4: hh1ecwf zjm5of3
Node 5: gp6xbzt
Node 6: 9y8cv67 b5i48vy hzio87s mx38uar nqh2oz4 u8mzxl6
Node 7: ilo2e8g
Node 8: q5yyeyl y85s9vt
Node 9: eee7vbj
Node 10: 8r3bczj
Node 11: gtt8slr
Node 12: hzxay9b ph2ia41
Node 13: d611owg
Node 14: scpltoe
Node 15: 537vxfi i6mynv7
Node 16: ivhzm38
Node 17: 0fg39bu e15o09f
Node 18: mad11u6 nt9x89d tjh8tsk
Node 19: zatjzx4
Node 20: e6l6e4r
Node 21: 4nvgmrm
Node 22: lfj3slk
Node 23: rmeck3k
Node 24: 847ovkz
Node 25: msk0oa9
Node 26: e5h4eyz
Node 27: pzsiomm
Node 28: tgj7vq2

Node 0: 67dxvaw 9ifqn7u q1xezvd t09t941 yrbcfjw
Node 1: wijjzcc
Node 2: rlct0xx
Node 3: g3y42bi
Node 4: q7lds51 sgaxwtb uji98cq
Node 5: mjj085r ru2w642
Node 6: 37hwows f88h8dt rjkiw3c
Node 7: g3rvmtb iaw8tc7 izkilma l4f0cul
Node 8: 53d3dn1 k742lce wb4tgis
Node 9: jhc63lu
Node 10: vb3qa8l
Node 11: 11ireho
Node 12: 5z9k8gh
Node 13: 7gh0ncn
Node 14: i1kwn0m
Node 15: 2dx23y6 8n5je5k ailw0gw buvrxpi z6qnzm2
Node 16: orh5pdl
Node 17: g7lxk70
Node 18: r6u43u7
Node 19: qa0uhgv z4wlau2
Node 20: puks6m8
Node 21: d5stk8r
Node 22: u7ysnko
Node 23: 0d18g66 8ec9q0j
Node 24: 2iauhxp e3v4cyb s47vlul wadvium
Node 25: 45xbxsk
Node 26: 3cpx2hv bwyfojn
Node 27: 27gf81x k0iivyj
Node 28: 3427pex
Node 29: rk7v75p
Node 30: f59kp0l
Node 31: du1of2s
Node 32: 7wno3ry
Node 33: 26sc6dq
Node 34: 2037v5e 2m1cwor 6jwzbcz
Node 35: ixnrj2l ooxz64g r1madig st9qxwz
Node 36: fihu82l
Node 37: tw8zo00
Node 38: shykj4h
Node 39: djf5anj
Node 40: 72pvg09
Node 41: vq243hk
Node 42: 6s08wnb hqfz8cc qj6u4nr
Node 43: r509h9b
Node 44: n9jmrwx v5iuqye
Node 45: b55ro8a
Node 46: okrume2

Node 0: 253nf58
Node 1: enw28tk x80dwwt
Node 2: qfglto0 zxvo3oh
Node 3: p3vv8h5
Node 4: 1wwvb6p 3oq3qjg 8e0sd1s hh6iv01 sa7a2l2 z96w0fp
Node 5: 3cv8ng7 616ilo0 7w4ik3c l6tdnc1 mrmh2wd vukpna5 zk4a4pm
Node 6: 8g5aubt mi91rew
Node 7: fi2avh7 n375olf
Node 8: we1zqnt
Node 9: 6ayrsu4 81ypacv
Node 10: kuyr9pc q3jxlu5 zwxystx
Node 11: i1x4qyt ryp9l2a
Node 12: 7u9xb6k u27qoeu
Node 13: 70gm7hw efd2ckv
Node 14: ebj5cx6 mq8eb1f
Node 15: 9w6vvus
Node 16: mikunvp
Node 17: 7ecipyx g8wultm u1r4hxh
Node 18: 094m2s0 iyjvhmc p9rqyly
Node 19: 0s7jogp 2qczw1h
Node 20: 1o9c0lz so8gmm5
Node 21: tchigmc
Node 22: w4j60o2
Node 23: 5vl99n0 sgey1c9 ugktb9b
Node 24: tspoow3 x0pr4m3
Node 25: 4buuhrz dik1gdg e5nozjn l9s1ybz xxmyk2x
Node 26: dl5j8e5
Node 27: 859v3n1
Node 28: ulgjoqv
Node 29: oruxzx0 ww8k7ug
Node 30: di0i6nq se22k88
Node 31: dcabc3h tq67df5
Node 32: 0a81ta7
Node 33: e4jwfly
Node 34: narp7qv
Node 35: ckm0l50 iml69gc tkrb7ml
Node 36: 9spn462
Node 37: u5cfbm8
Node 38: jwioetu
Node 39: q9932ak zouieye
Node 40: 2a40mca dajzc2y e1yza3j
Node 41: d2447g0
Node 42: 40v8x94 66f06os b7yo6wc nwx0k0m
Node 43: ws0qvdo
Node 44: cngvbo0 htr4etz
Node 45: 5bummej hj2wz0c lznmgi3
Node 46: s6iljvt
Node 47: aor4u53
Node 48: 4qbg75a nf9q4t8
Node 49: el6wryz
Node 50: zm7ix3e
Node 51: gskni03
Node 52: bh07sfr noouohn
Node 53: 1j4rxwi
Node 54: mf06te9
Node 55: bfnxlsz biadtvz
Node 56: mvg1732
Node 57: rl7blh7
Node 58: 23waax9
Node 59: 51y95ot
Node 60: ep9t82y
Node 61: h05ccqz
Node 62: ozc3rgb
Node 63: danpp4a y25tuas
Node 64: e3hp6ty
Node 65: jka7wq9
Node 66: nhjw8sf
Node 67: mswdb3q
Node 68: 66q9bc3
Node 69: nsf5ypy
Node 70: nj694oy
Node 71: p5rikcj scfe1gd xyyfv3u
Node 72: dta70wv
Node 73: e3vj2vz
Node 74: 94x53yw
Node 75: 541qux5
Node 76: lybifux
Node 77: fhvv8gs
Node 78: 29c9u1h
Node 79: yzzuuaa
Node 80: kit0vh7
Node 81: vu196bi
Node 82: 9cd2tba
Node 83: 1p2bjf3

Node 0: 00gdotu 6z9b8ml 8osddu4 bajtp51 dyrx1d1 ihyc12k ruggsb6 t7ms5vp w366af3 zf2na02
Node 1: 0hzhi9r k6il86z
Node 2: a9lhbrb
Node 3: 3f4kqe8 4z1y8vh sbol238 yigmnxt
Node 4: 2gzh0rw jegbar0
Node 5: epjixm5
Node 6: a5tpbfn jw6nu97 rjzk3nu
Node 7: p7cfh6w
Node 8: dbenj8c fbj5m0g
Node 9: shpm976
Node 10: oo1rb3a
Node 11: 2a2qo7k
Node 12: 6n4ts16
Node 13: 5f6ybyp
Node 14: 2a0rgvl ru95gxo

Node 0: pu2gag8
Node 1: 0ucbeeo 8nwaq2c dmil1m1 lo854th p4sypij r8an8j8
Node 2: iighg4a
Node 3: 8pu92gq 9e2yady qw9cse5
Node 4: ak9jkxd sm42zvg
Node 5: nawvz0a srv96bb
Node 6: 6qu1q1o
Node 7: o9yuary
Node 8: e5u01nm esdgvs5 shqt1s8 yb2ph81
Node 9: wg18v2o
Node 10: u2ricd4
Node 11: dao70nx
Node 12: x5i6qep

Node 0: 9sexso0 alqm4wu ntaqvv4
Node 1: cu3hwrj l9s83pg s2b5bdb
Node 2: q9sbtg8
Node 3: 7ant8bx ch06pji g2rwnhw mahg9j8 osz3uvr
Node 4: 9ragyqn i8suroj j6ih1ld
Node 5: 6eg770y tsu1wy6
Node 6: 12oachx
Node 7: 77ql5zf fn2l0x9 is4jbx4
Node 8: 4wnvy58
Node 9: u5u107r
Node 10: b1d58g6 gxzh24s umn9d6z
Node 11: 97mrjjw h3zx26s
Node 12: 8sywj77
Node 13: 9q6jyd5 n2k3pzo u6yet9e
Node 14: 8kei0ya
Node 15: 2w1cupy yo5lq0x
Node 16: sckiwq6
Node 17: qho4qaq
Node 18: gah2xo0
Node 19: 9s8lztm
Node 20: ya7gy60
Node 21: 3ddv1x4
Node 22: mt9dde1 zfj2jzi
Node 23: 3a3c79u
Node 24: c895ji6
Node 25: i9cpxs9
Node 26: bszh2n3
Node 27: 33bn4w7 wbhd14e
Node 28: 7f66vdi
Node 29: 3ryiz6f
Node 30: 02o3mbq
Node 31: mvt0shf

Node 0: 0ehwydx 2o0dep1 80w2hyt bgd3858 e9kv246 ja4jxyp qh1jgb1 uav7d39 xzpl5zi
Node 1: 18x1s9l 6zmoeta 96pkc3b brjwjp1 co92hx8 d3ua0o3 fhsp6mn h4kmn87 in21ake jo97a5a mjaa0bs ojqf15f q8xk440 u632v9p v1kdhx7 w3hjn60 xsjdfno zlpasky
Node 2: 4haqckw ad2w3jf dkofdjz iz1xl31
Node 3: 3csbbgb judwn5j
Node 4: 3qnrirg
Node 5: st91rim
Node 6: mbne9z7
Node 7: brmk7ma zxujfm2
Node 8: 7szzh1z 8us2x3f 9cgc4is vnata9f
Node 9: cm5xjok
Node 10: tatp11h
Node 11: 6k4c5wa emujkb8 vym48qg
Node 12: 9s3r36c
Node 13: 8gm60oq bjgtbdv c6jvfqd e93jq03 h764xxj r5jk4vt
Node 14: 0ph867i
Node 15: 2fxmzqq
Node 16: nre4civ
Node 17: 9tntmkc j4c3z8g xz5etk2
Node 18: rh929a1
Node 19: bxxwjux
Node 20: e9m75wd kh5qxc8
Node 21: bw9dujp nd0whnu wglpslq xjlxky7
Node 22: eg30s9f
Node 23: oqf86h5
Node 24: jsk99wy
Node 25: fiojk6f
Node 26: t88rphi
Node 27: 1ymx9nu bn5z95z
Node 28: qmadmlj
Node 29: kyf9s1v
Node 30: uky9syp
Node 31: 0drhvlh k8r7isg
Node 32: 6uubjqn
Node 33: lbcskl2
Node 34: 336f7qi k6uk3js
Node 35: 4oo09tl e4zmqmc
Node 36: wbim6ns
Node 37: yqlv1il
Node 38: 8binem8
Node 39: 18kdv82 3qx1k9c u812rpi
Node 40: tgq5wba v0zc257
Node 41: 5ttk7vj 6dtpcb1
Node 42: 4cgilno a6xpun4 tnmr2jx
Node 43: oyf1jmf
Node 44: xaro52w
Node 45: 5is4urm sra7nur
Node 46: 3wkqf29
Node 47: 5q9lre0
Node 48: 3kq5k20
Node 49: uxfksl3
Node 50: 1ii9n9n
Node 51: c6txzwq
Node 52: dnw713i
Node 53: d7lorf5
Node 54: pe7aafe
Node 55: updpfoq
Node 56: gzdy0yw
Node 57: ww3lmv3
Node 58: ycqgpkt
Node 59: i3ybyi0
Node 60: 7znlhvj
Node 61: xf1l7va

Node 0: if5ydh2
Node 1: rlekkej
Node 2: mn1jyt1 rumej3x sxqy0an
Node 3: 926ho3c
Node 4: p5w9j7p
Node 5: 0swhz5o l7in65p qvf7v3y rgzzf6k
Node 6: iim3s7o kfklcjs ufhjcih
Node 7: j1f505h
Node 8: 8utwwdw
Node 9: cllwiun

Node 0: 7mgc6bb ateqea3 izpbsyu lojf1wk
Node 1: 90x2383
Node 2: 83bb0k9 8ylt7yr a1ge8s8 ck6c1v4 izadgfm mnsvosb rntaixz rzgn0pb vgyojk2
Node 3: 3gl8ysp 51eqxfl cderyjk cgn56pu jvve77m ml4lhxw nbfxr1m t9c7o64
Node 4: 3ub6w9k aldwcb0 rhl5v3w
Node 5: 0lj5x7i
Node 6: cfokakp e52515a pei2emg
Node 7: 7gxnyqx
Node 8: hoy7lt1 odnlw8g
Node 9: 0ixuh1e 0lspuvk ylx7ruz
Node 10: 8nf5ify 9ukjodh a1zjh2e drc6vd6 kckavcl v8wy3d6
Node 11: 59ofy06 nxadku7
Node 12: wfzh8fu
Node 13: 1y6n709 frs9ky2 lmf1pc8 wwj95zx
Node 14: fsantdz
Node 15: 4dxb8fj z290plh
Node 16: 26j6jc8 cjfjr1v fp5bbnl p551a3r
Node 17: ixr9wet
Node 18: 39bwohf awn9m34 tma9pe9 xdmayxq
Node 19: xf9a5oi
Node 20: 4knzz5t
Node 21: zumfdi9
Node 22: 5s7rrzh uhxh170
Node 23: r7z1977
Node 24: 6qelx76 kngaj0e
Node 25: 0tuuhlf
Node 26: j0qlkms w7t3lpo yf1f8td
Node 27: dhuwykm nc1posq
Node 28: hqiscn7
Node 29:
Node 30: 2iai83r
Node 31:
Node 32:

Node 0: 014gfkw 5w51t6n 7oavp4p clshrnr cvixgh1 dhvl4zg hzx5dt0 ibn13k4 jolf7m9 m2wf0it pttx5k9 pw4loha qytrm18 sjff8z0 t2h2ket urw6ih3 z813c7g
Node 1: yfqmm2e z033zgs
Node 2: 52zijmq 6ipsbog dadffl4 fz9ntrn qvokc6k tswmxxg ymk6luc
Node 3: u56io98
Node 4: 01zxbcj xtk7kqe
Node 5: 58d5k7d
Node 6: 1anfqc0 a6wdt9k drxzzr3
Node 7: 0oiremm 0r2c7u4 2jftix3 53jozdo 92wzi4v bde3g87 e5457xu gfg5ygv pmtmoag y36186w z0bncyd
Node 8: 6zreqy8 bx5pjd6 q9gg8my zaqdklf
Node 9: 2r4rene jge1evm
Node 10: 31b7rnx
Node 11: foh7uv6
Node 12: t7ak8ih
Node 13: 9ime6iq
Node 14: 0vdbolh 5af8qi5
Node 15: 010raq5
Node 16: 2vr2kek 607n80z
Node 17: wum7ecz
Node 18: bh7z37d
Node 19: io5m3mm
Node 20: p87mysg
Node 21: dv8cwt6
Node 22: 0ls6wue 345j2sh db1zzv1 hab26x2 p3xuobd
Node 23: gzdccq4
Node 24: g8ku1hj lbh81qe
Node 25: 0tcatgb 3jvja55 3zvcabz 58go4co an8y25g elzapgw fozq1jm gcf9pl5 m5fyoos y4lhj7u
Node 26: te2y6lo
Node 27: yluv2fw
Node 28: mnv4d8a
Node 29: k2eaog5
Node 30: j1t2zfh
Node 31: 6u0wvrf
Node 32: 6ouaevk jy5nmhb x1e9qix
Node 33: qxxs1z2 t62tcig
Node 34: 9de8kas
Node 35: cz3sum5 vwl2csf
Node 36: t6tda73
Node 37: v99v67j
Node 38: bjxp22w q6wlkve
Node 39: 1xfcmaf
Node 40: ykg237n
Node 41: 4oqwge1
Node 42: 23y587p
Node 43: g41ds2w
Node 44: 9lk4rvh
Node 45: cht3x11 vta0cxv
Node 46: pdc69jo
Node 47: 90kjg0y
Node 48: hlkmc4r hzhkh7k
Node 49: ib3vcbx
Node 50: f8cwg4a
Node 51: zdzviea

Node 0: 9gt60cq d1xp08p d8n0t47 df1vhnh hmdazo5 lh19gbi t0r4ebu
Node 1: oj81ghg
Node 2: a78vzbw b2rbdt8 jukrbjh kraj6tl onn3s11 rpjma1z s2hzqob
Node 3: 2e9riod 3va9dpp 76f505q 8bfatvj 91qfytx 9wk103p b0mnttg eo6v1da gwild8e j08bha1 jnuwbub kxk5g3o m7500iw msq90ev n77io5s neyeek9 oq2el0i rd2xnnd wfo8cex yw5v5tk z443adj
Node 4: c0kuppt mab4wvq
Node 5: 1owbib0 8hkjy2q f69jdma gnw1kvi l824y91 nwabe78 w3qhs1y
Node 6: 1wsd2qt 4ohm2sb dgvtr10
Node 7: 7tmu3k4 xo1ms88
Node 8: tzbctg2
Node 9: gyaqzb4 vzssy1s xk9ccm4
Node 10: hkglk4h
Node 11: 3hjyxz0 44r7hkr b7i5g03
Node 12: ujni2fi
Node 13: 7uhh02l sru12tw
Node 14: 7ne8zgo l0bpk22 o6ycrwc y69ux1p
Node 15: vcnim5w
Node 16: a05mfg8 kca10ck zwqia0m
Node 17: x42mn70
Node 18: 38f5ft0 nxww2mk y1adzbv y62gkrv
Node 19: puer200
Node 20: ajfc4rr
Node 21: 3tgjm56 lkaz9gj
Node 22: 2lnpsju jk4lzpa
Node 23: u2m7r2a
Node 24: c9z3v0c ezct21j
Node 25: c0vxwb5
Node 26: ypoqron
Node 27: x01ky28
Node 28: 6s0d88f
Node 29: xqsj1aq
Node 30: jnn428r
Node 31: kqg8sa6
Node 32: 5iya9kv
Node 33: gud5wqv

Node 0: 19juudv uhpv2fg
Node 1: dsdh33o
Node 2: hv81yd9 lz7hftb
Node 3:
Node 4: 47d1aao l1d7rfs
Node 5: f1j9vjz tww3nm1 vuhpke3
Node 6: 1x2dh0y mx0vpd7
Node 7: 9gqb6ra
Node 8: 7if0bma
Node 9: plvowti zjtc9ib
Node 10:
Node 11: 0lat7zb 1ww80fd

Node 0: qg9nwxx
Node 1: 78c27wd
Node 2: u5xopzn
Node 3: hqfhak7
Node 4:
Node 5: hp74rvc
Node 6: 3uxnovf
Node 7: arg8l1n
Node 8: d5jbo31
Node 9: kg9sg1r
Node 10: shi5nny

Node 0: 5jpe6i5 9ejyn6s m1k2mh5 ym4qc5p
Node 1: 17jfzq7 1m63kmq 87dmx6p c3vrjod ks3yiju qkuewz2 qrdn6nm us63wyg wghxg49
Node 2: g16clgy
Node 3: lawp1nz m30xc1n optrqri
Node 4: 364k57l
Node 5: h8k0prm
Node 6: 1yz6zc4
Node 7: dzgpb0o
Node 8: jlwduuk
Node 9: du1vk8y g2r7aqm l20vuzh
Node 10: 5brn03k p6qbk04 tiq20nh
Node 11: b8i273g
Node 12: 9powjk5 o8oxvhf
Node 13: 4pea9cu 99hndal dbio1yt gxlmnrp rx8zfw0
Node 14: 6no2ln5 j1uzcxq
Node 15: 4aue63p udnd6yq
Node 16: axv0sou
Node 17: x474qr4
Node 18: muzog56 o05el01
Node 19: u66wain
Node 20: ipemjeo
Node 21: 5n43w1x
Node 22: tln55ca
Node 23: hfj67m6
Node 24: 1e6l7ue
Node 25: o2w93xb
Node 26: 1u0ugo4
Node 27: dhffcxq

Node 0: 5s3dzeb
Node 1: 4hmxh17 hheeny0 lvt7z32 ndtus1h rr95od4
Node 2: i7hds7z
Node 3: b2z938a bawms6s cg5jtct
Node 4: pifl9xz
Node 5:
Node 6: o4oh91k wm6gjzx
Node 7: 8ykjaxc aou28o4 bshgnfj csby6oa e1slbdq l7xcp0d nunlw6d
Node 8: 2scyups
Node 9: 6rtwf5j b7b7lae d3a5eqk oit8sge rgnx0rv
Node 10: b249304
Node 11: lbsbn5z
Node 12: owyvxrl
Node 13: 922l4r9
Node 14: 559fhm1 z2qkbd5
Node 15: gy1qlou
Node 16: qv81iz6

Node 0: 7aacmm3 8zkp1kn
Node 1: dxiilkg sznn3r8 uflzgc2
Node 2: 0ugy3nv 3m0mrgz 57vdkqh a8wof0h c8bndzy
Node 3: gvob2x3
Node 4: 9wzwtkx oqkh3i2 t3975b2
Node 5: lrqsryp
Node 6: 8gj61qb
Node 7: 103p6fy 2q3u38f 4qfuhq6 7yfv7iy c0vh48h ecgz32l r8e5ygx tdpvy66
Node 8: 2tyl8dq ezkd8p3 hkgwoi6
Node 9: rc7n9dn
Node 10: cxiih5x
Node 11: fjmwdes q6zqkw3
Node 12: xx5f7v5
Node 13: qri8qyh
Node 14: 2tahhvr
Node 15: 39fr3t4
Node 16: 952hs10
Node 17: 1cnakau pm3arcd vujodse
Node 18: faocn71
Node 19: zmpjbaq
Node 20: r62otvu
Node 21: me0lnxl z2v2s12
Node 22: xvzj5e1
Node 23: v1rpwf7
Node 24: ozb7fqk
Node 25: 2h4an6y
Node 26: rtma562

Node 0: 0cy5z2h 57666f8 5a5vt23 5bzjefx 5pxl6cd cjj8wpm djcb9gf ec3ke4p jn3fdco kco9xls ktn6z1v lylb2e5 mug56i0 mvyt0rb ngddhj0 s8ynon3 ycan642 yj9fnte zyuqqh6
Node 1: 2f99rmc 2qyl3e2 kzny1y4 mw2rta2 ovoiuj2 q3lg3l8
Node 2: 1uiyoal ibfuo1t lbgk1kj mlxppzz mos7l9g qzu25ua ukb2by7 y20c9iy
Node 3: 95to8pn pto5jec
Node 4: 1weo51i g2yfwxv
Node 5: 1xrctlj 4i8zync
Node 6: 0jqby39 9ugvv4q eez99a4 l902chf s9otx4j snti06k t6bkpou uj2gdzl
Node 7: 6go5a83 791rnub lli7o26
Node 8: x03vuzk
Node 9: 48omweb gzwp7e3
Node 10: 1l0k5nz 66gk98g 8p5iaty iiiixr0
Node 11: n1niuyg
Node 12: 4v7rb2z
Node 13: m8ndj6m
Node 14: g84wim2
Node 15: z7v8zh2
Node 16: 6hewx4r uuqtigh
Node 17: od2yym6
Node 18: d3oa6uv
Node 19: ahooixv pgt393f
Node 20: l5y4kcl tnuxk2m x2j7vhx
Node 21: pnz7s8z yaz1705
Node 22: pi83h3m
Node 23: a7i2d3y w3tbg3s
Node 24: ax5io5f
Node 25: cznwo5h lblpkjr y47hq95
Node 26: 95rkz26 fdz8hxe
Node 27: 0gfo4pi
Node 28: 6f0bhf7
Node 29: 16w5jne
Node 30: nzvjvao
Node 31: 6dadvbb 9dikcso
Node 32: f5simwm tvzfva5
Node 33: 0yezigw
Node 34: qd9ad5p
Node 35: movgqcx
Node 36: z8dffeu
Node 37: 8a5glud
Node 38: nd4mn0g
Node 39: 8rfkbnj
Node 40: eo7wctf
Node 41: 1wxx3pk
Node 42: q0c4pbc
Node 43: ahycyum
Node 44: jboh604
Node 45: 4jgohzu
