Node 0: 2f7oc5c 84cxzil 8dxov8k cfghqiu egdwpjc fmylkel ii0zyjx kf6atpm uftazo2
Node 1: 4w6k2aj ely1blt nmixqu3 z81ydvw
Node 2: 62te9kq
Node 3: 7dykzb6 rjbjnks
Node 4: tjybn5d
Node 5: pjomznv
Node 6: 2znj71s fdyrink hn05lmu
Node 7: p5syzfq
Node 8: 2jdbg3h
Node 9:
Node 10: eusnbvt j5zja1b
Node 11: roaj9mw
Node 12: bixfe1a qt8unjr sgtv6ay w7g4f4k
Node 13: kus88j6
Node 14: hs1k5ob k68wau9 l3537cg nuhzm3e
Node 15: onqd6ed
Node 16: hjkwbpw
Node 17: 6xfs9bi qzbacrj
Node 18: ebsshhv
Node 19: o0pv414
Node 20: v025lto
Node 21: fc38vo9
Node 22: ijxcwov
Node 23: bt53joc
Node 24: wd9qopo
Node 25: mpecu8m
Node 26: 1ysuan0
Node 27: 4nodxdz v8ma4nf
Node 28: skojc2w
Node 29: 6mcy67n
Node 30: ehkyzp6
Node 31: 1out1lb

Node 0: 6vjxol2
Node 1: 142u4me 2plax7a fa6epft iybz3t7 k8fwsnn o1u5duu q39s3kd
Node 2: 1qfnaqw awbg0wb im8y0x1 ob1uf3o x20rtg6 y1ucaop zrfmhho
Node 3: rrxcujx
Node 4: 08orcwt 4ccau1s 4tvsgo3 6p5zz2n 9l9td7z c8knigh lnow4i8 srz73xy
Node 5: helwfv3 zluwizo
Node 6: 4jsdjuw
Node 7: rayp5kw
Node 8: fyq0rf4
Node 9: g93uvt1
Node 10: 3ax8ol2 acwkzxt j78hbrq nsfpprk q8xa56a
Node 11: ec9jsal
Node 12: 8qbtleq
Node 13: 34ueqys a2ydrhi f676eko
Node 14: y99ptfy
Node 15: uu7x4lv
Node 16: iot6hnf
Node 17: 69xd4ut
Node 18: e4kdtkl ovbb99d
Node 19: xurszii
Node 20: 41nxnxx
Node 21: 86kp0wn
Node 22: vyur92h
Node 23: 49z6zrn
Node 24: iw4rqgi
Node 25: i5zo199
Node 26: 7b2fil7 8kf449s miot4uf
Node 27: rhvst84
Node 28: 7foqixo

Node 0: 2uj3mc0 6i17bpr bcyq0jb d68pwwc
Node 1: zwhgbns
Node 2: cnnkt8p
Node 3: 8mxvr5y
Node 4: e6f5znb kpqsgiv
Node 5: 4i7zjpm iwylcb9
Node 6: bws3f02
Node 7: ym2cq7b

Node 0: 07o0m13 3pueg94 53hmqta 6jcaspz 7una8cp 8do7mfm 97jau2t 9on2nj8 b3oahv9 c81vuhq gqd9v0z hdism7a pylrv8s uci8feu uw5z79p yw9kva0
Node 1: dw68xjo g0jz5hu ji22l06 jvffzss qs1rqqi zt5pd2y
Node 2: x98grie
Node 3: x9oxzx5 xy0orhm
Node 4: 0k5q9sr
Node 5: g3nd3wj
Node 6: 3gmhy4z 4m5q1ti 67ob22r mn3zhq3 x91jicj xscxj9z
Node 7: xqgjp2p znhh50h
Node 8: 74aooto wvlvdsg
Node 9: 6u2528f 7dq2waw aefjv8y k479i2o mtgt1c5 s3k4udf t435an4 uohgg2c
Node 10: dvgjai6 eqdwtfa
Node 11: 4tompji ty4woxt
Node 12: 9gtkr4g ba79cq7
Node 13: 95tcszl syatgzm
Node 14: 75qsjm3
Node 15: 3x70ags
Node 16: r4h5s5r
Node 17: ysif1kd
Node 18: 9lz8936
Node 19: anasdx9 j8aynyc vn5yvx3 xmqe2v8
Node 20: b9bzo7x
Node 21: jjgrxzt pty4bi8
Node 22: m49x2xv
Node 23: h9l74pw
Node 24: zk2u2wb
Node 25: 4yd14wq 7kmzbia
Node 26: kv6aj7m
Node 27: ttu9x88
Node 28: 0ugnc46 x5mxlpf
Node 29: d4hm8os
Node 30: 7vrnumw
Node 31: mo4jhvu
Node 32: hl0zoro
Node 33: 1n92un3 r4qez6y
Node 34: 3p1vuh3 fg9q1au uuxbvjn
Node 35: pkjdnq0
Node 36: wyr09bq
Node 37: 101o1ad
Node 38: 42l6fwk
Node 39: kqwpkqf
Node 40: e2r0w72 fzrvp6t
Node 41: q5cqqmc
Node 42: joyspaa
Node 43: c09jblz
Node 44: xncaz9r
Node 45: g94m7v9 qvmu2yt
Node 46: 116ij1s t4ecmdu
Node 47: bih1zy3
Node 48: 81h4fjj mnhxev2
Node 49: 94rt6bp
Node 50: 9hks4mc xje9jvw
Node 51: govndxq
Node 52: 8anb4ep crxr124 vvae2h1
Node 53: t34z31e
Node 54: x3kkm3z
Node 55: 7p6hn1p
Node 56: f0j7n5j
Node 57: uc6z8ks
Node 58: j89puk9

Node 0: 2qbnr5n 4wg4shj bmhj7vj i2uzwu9 p59wbhy sxpfdkd ubejitb uyg3oeu v80u1bk
Node 1: 5grhls4
Node 2: 645jd37 grf54dn hm2vg51 uy6f0sv xmyn2bz
Node 3: i5hdpet s7k6vn3 tsloc8a
Node 4: 0kg9ggn 0qt7uws agu7rr9 dpj7z8t gykh6up n93cr7g rsvxc54 xj72l1x
Node 5: c9ktbxc
Node 6: h42ekuu m8hjxaz
Node 7: fbtume5
Node 8: qdsha96
Node 9: c9xczc4 hggds7o rti1g45
Node 10: 5il1y6b 756joii hys2zpl nqugcmy uo1kp8r vwa3jfl
Node 11: pvsk662
Node 12: cc0vouq p4y3xu3 wsl6vwk
Node 13: hf5v3b1
Node 14: gkdppvp
Node 15: 8k4fwu0 qwtze0v
Node 16: 21i3spu
Node 17: gg1busa
Node 18: gfwbcau t00pf8r
Node 19: 88b4hox
Node 20: 7gsfwmk aoprhv7 w5rp5q6
Node 21: 4mdp5cc
Node 22: ao128da
Node 23: wejgjme
Node 24: llde7cm ohqg5w4
Node 25: p5478s0
Node 26: 4ikq3gm
Node 27: kvz6vuh
Node 28: iy6yzo1

Node 0: 3xht9um 5sgjo34
Node 1: xk2d3hu
Node 2: 5gh7j6q ro40m9l
Node 3: 2mncqms 393pxzd 9co9dg2 dl3stbh ej7e0yv mfkiew3 nvrs5op snmlqzf vmdbyfx w5v8ypp y0ar9q8 ythxp1p
Node 4: dfluz08
Node 5: 97fsdd0
Node 6: k8jun6f
Node 7: 7mfnnt1 cdn751k
Node 8: 7w2126z 821g9rp ei1bn38 q221cui t7ls730
Node 9:
Node 10: yo5l9xs
Node 11: w0p906r
Node 12: xqi4lfv
Node 13: 1p8xoo8
Node 14: 6dy21kh
Node 15: ioxkq3k
Node 16: 7g9iwjd qfvwvwu
Node 17: 8azpci5 z5bted2
Node 18:

Node 0: 2cazjo9 2j71oju 2ry7bvk 7e0wehq 841wz5u 99m4abe azs17j3 dryqqvb q6xbzkf qwqbw7a txl45m8 wplthdg xaciicg
Node 1: axxxo9d twvu268
Node 2: 7hfep00 7wgo1m6
Node 3: 0qadok7
Node 4: 9bpm4fj afs4b9t e5r0jib eozx62z h3g4b0e hpe02ge
Node 5: ba2dil5 cz2m2wt
Node 6: 9yhjkco aoji6aj vwvdyu6 w1fvww3
Node 7: w61ks9f
Node 8: d2xi6dp difhbvg
Node 9: fuvnuxv
Node 10: s55a5ux
Node 11: 54tcdco k187wk5 ql60es9
Node 12: lgkah9r mo95edh upbas8e
Node 13: 5hvm404
Node 14: 5uawiuv i6iyghv
Node 15: 3mryopq
Node 16: 1mee9k4
Node 17: 38q2aa0
Node 18: ap0g6bv fmcg4wh
Node 19: 5hjz54x d2za6bf
Node 20: u4i3rwe
Node 21: ea9t9nt
Node 22: 905686l
Node 23: bfmpgy9 ckxvrh8 dzq2avp kt3376c rrh5s9q
Node 24:
Node 25: vubm4rx
Node 26: c3bqkq4 x53fzkw
Node 27: rmmf8bt
Node 28: 57rg2is
Node 29: q87pqt6 vny50us
Node 30: gj45wnp
Node 31: tx1uf14
Node 32: 7tjw4hd hdwbin3
Node 33: v1dzt45
Node 34: jwv2fot
Node 35: mnarugc
Node 36: g0ueopo
Node 37: q0xn0mu
Node 38: ylziynp
Node 39: vnhfrro
Node 40: kaugi9k
Node 41: hkt5nm8
Node 42: bx2ls1x
Node 43: b1q0et0
Node 44: jmxtgbi
Node 45: nmrc5au
Node 46: c5powc7
Node 47: 7lgqxp8

Node 0: 8t11awv 8vsh5cj i4rzzbu k70h3o7 xf0ssuf
Node 1: f4y5f5p mpxg19p zwj6jpg
Node 2: 1kedw0d 5c9nwtw b4d1vfp evm3wfz g696hru jw56nte oko2kq9 r534chp tjohbr7 tqwafq5 vii81ba wlhv27n
Node 3: aer8coz cyw3puo l47xh83
Node 4: 31cayqt 70usk55 7cn3xlb
Node 5: 8fecjb5 e8bb17p lqyvbxa rfpare2
Node 6: l8d6vet
Node 7: ap4nc3w
Node 8: 5adadk7 n7f2p7s srnle63 y3qezjn
Node 9: jvm1j28
Node 10: dyc5drz ettjywc owi07yl
Node 11: fq5ques
Node 12: fqo57we
Node 13: fpmnc23
Node 14: ct9shlr
Node 15: 9d4rno7
Node 16: znt9ts0
Node 17: udceo5g x56m43x
Node 18: 8fn6nr5 dvu3ow6 f9n97mf
Node 19: 3yw54ib 5b63wla vbawedq
Node 20: 2tujgcl
Node 21: nnzh4mt x6e62b0
Node 22: 20rpe3j o93y0fy
Node 23: 6no72ti vw5gysn
Node 24: lg0ueh0
Node 25: boily3f l6a93tl
Node 26: na2hnsx wtnebjs zh21u79
Node 27: i8cl5c4 q9be9i8
Node 28: i4akdsp
Node 29: dkefejp ektknna y0o1e1q
Node 30: lcicfvy
Node 31: wjuzb2d wwqg42x
Node 32: i6ir0g8
Node 33: alusa9z
Node 34: bewq12o
Node 35: 761370j igllzao
Node 36: 3ou4edu lzqp5oq oyj3myp
Node 37: sevcpr9
Node 38: pceqaio pd8fbzw
Node 39: 14d6lpc huohnzm knwxmlp
Node 40: 0x7uej7 5543vdn 73xs9rz
Node 41: 335fpxw
Node 42: zdnjcyq
Node 43: 7i6sukr
Node 44: 7sw0ab2
Node 45: m7k8v94
Node 46: o8vb5rm
Node 47: b98gp8k
Node 48: nu3quyr
Node 49: 8bvj3o9
Node 50: 7pzkfoy
Node 51: 5self4y
Node 52: dw00qa2
Node 53: xiix25l
Node 54: b9v4660
Node 55: m5d0nzo vpj0n4i
Node 56: jkx0937
Node 57: qb9iquh

Node 0: ffj8too u3vvofg
Node 1:
Node 2: zqksknw

Node 0: 0ksda13 2px6zt1 bb7up01 md63kzs vjsovh6
Node 1: l2fhvb7 nds115b qqizt56 wse50w7
Node 2: ccrvz7u ebvb0og idxxxr8
Node 3: hfjnii5
Node 4: fwy5vlr xdtz66t
Node 5: 3vd87cr
Node 6: mr8ws3g
Node 7: 01g9kyj 8c1c5jw fftbp6i hnwcsr8 i7adxf9 lkht73y ni26hqz
Node 8: dl6xg70 ee3xm56 o7dbkna
Node 9: 7l7kdwz c3pc6jg dt94iv4 mzbk1li
Node 10: 3zgu0dy 9h2k8h3 eiuytk0
Node 11: 532swd5
Node 12: 45rokmu baw69mo pt5ng6a qtlcfgf yyvwem0
Node 13: 6gadwg4 zjyrkd9
Node 14: 2ztyx8j 5t16tkg h3zeycu wmx8zyv
Node 15: cc6g43a
Node 16: 4kid24g
Node 17: 83yztew
Node 18: 5ocnz0i
Node 19: 0v0lu55 tn8ahvy
Node 20: xevvbht
Node 21: tzbg3em
Node 22: 8ql0og0
Node 23: dom7823 l5c0j4s pqzlm53
Node 24: rq1sax1
Node 25: p67kvrt
Node 26: mbq5ov0
Node 27:
Node 28: 0ussvbu
Node 29: 6ku0415
Node 30: 3ohutch
Node 31: qkntnyd
Node 32: 944ntzu
Node 33: zzam3rw
Node 34: tx49e69

Node 0: 0nfucwv 3uw6748 91j6b90 f054vsn folfrck h9ih8co iyu8zs4 k7m2web ku37cxb mgtzswd qf8bye8 svuw96e vhz6siv zm73jim
Node 1: 6fdxy4z axlq067
Node 2: a2bdyq5 dhqf3nt yw8g4ty
Node 3: chsggjg e65ht89 i100jn9
Node 4: b2igdtk qvs06vc
Node 5: b6p0zez
Node 6: 1dk5zmo i0izyt0 jvc5teq v923lvl w9izezw yhkdixt yogtav7
Node 7: w75vcnj
Node 8: hxayhfm sjosxbq
Node 9: 9d1sixs elyft7q fjhbgqn nal8c4d
Node 10: 2hvfofc
Node 11: 31ubcym r3gq2io
Node 12: rtyb1ku
Node 13: yi54h2g
Node 14: 7r19qie 8066os2 wuxtl8x
Node 15: 4ahrf7l
Node 16: ninzhp5
Node 17: mbmi743
Node 18: 58w4bts 6zqldwa 7ts76p5 y3g0bwy ydbi0u6
Node 19: r1gsfdy vxcwsoq
Node 20: i2ce10i
Node 21: i92pxrc
Node 22: r4i9f98 rkexb4j
Node 23: ly12epx
Node 24: 7fh3pfz xol4x8p
Node 25: 3tmzigb 6g3bc3j
Node 26: bejb20r
Node 27: 03lobia
Node 28: kox8iy6 voqilgs
Node 29: 7nxqiv9 dlehh4r dm9syw7 ve2wdd7
Node 30: 741qb3b dv0t3cb ghhxtle
Node 31: 3vohvkp c79koym
Node 32: 7wa3wvd b6xbhee q9v9ofs
Node 33: 5607thx
Node 34: 04624wv pz72c44
Node 35: df11pvy
Node 36: wiz8fr8
Node 37: c7v2k89
Node 38: amga6xs
Node 39: js4odcd s57m5d7
Node 40: o7dxzs4
Node 41: 1cduqob
Node 42: fdwox12
Node 43: 5jpbmcz gnnomia oixzq90
Node 44: 46mvlgl 8kg2vyl
Node 45: 5pp46cw zvhmcxn
Node 46: 5jrdnkk sue79m1
Node 47: du54gpg
Node 48: 343yfc4
Node 49: pvdu6u9
Node 50: rap0yem
Node 51: 6447xg6
Node 52: pvu0jj8
