Node 0: c83he4f co21ndi g8tear4
Node 1: 8w0a2nx eft27lj
Node 2: hahh8em
Node 3: e3c48cj wni5cqi
Node 4: 06g5aj3 13hpc4y 5ezuglu c51qym7 p7stq3h t3wrg5m tji8cv3 zxbh0ut
Node 5: dis8kyo
Node 6: 2e5ksy0
Node 7: 9t6jnxt f4fiqjl
Node 8: kxi9gsy xmyrio7
Node 9: g29fohj
Node 10: vnbwrfq
Node 11: 1wqxlao
Node 12: ctsx4up
Node 13: wt2auao

Node 0: 4y29cwq zk62g1t
Node 1: 8vsj7vl ydh9fq3
Node 2: qmrkuvk r7l8w04 xwvhtmm zrhmkq6
Node 3: b4lgxiv ysfl2ue
Node 4: fkcv02j
Node 5: 3whcwhb bs39zia ema49ew qkz82p0 v1zzyd0 ynawrnc
Node 6: wnza062
Node 7: hwl9f82
Node 8:
Node 9: q15uv0c
Node 10: 580626p

Node 0: 44ju2ud 6p8npto davzmn3 fc0z9qb fyllrhw jwy6yix ryxrq4n ukxb7w3
Node 1: 2ckef5n 3o7ispc ah72y5r iw7ebp5 rc81itn
Node 2: hntphde ims7ytt
Node 3: jnh30kk loh2se6
Node 4: 3sqnddp 9k8ick6 ij2ot3f kye2bm7 m3euzjq yn3mtbp
Node 5: j9szd1x
Node 6: 52yfvd1 e00xogx wppkutw
Node 7: hzjgyek
Node 8: 5cyn3x0 yc8tkdh
Node 9: 1ln70rs rum8usm
Node 10: nisc5pn
Node 11: 2mlrife
Node 12: 0eituj6 5stgy1m 6kxk405
Node 13: qn74znm
Node 14: ywbc7w9
Node 15: 9elyij8
Node 16: 5fj9luk vhnvsxq
Node 17: txr29c5
Node 18:
Node 19: dsithmy
Node 20: 0kye46k
Node 21: 5sof16j

Node 0: ncgzxw0 oz1u722 qhu3aja u0vjx6i ub4a72x
Node 1: 5l4ngq9 6f17kqm 7z89pl5 kxiww59 vkmqf8t
Node 2: hp64a1n
Node 3: 0bwj723 jwyjf9f y9qla2s z92krlj
Node 4: vmmb9ts
Node 5: qwk5o4v
Node 6: a68hkex d3e2vmo d77sa4e dyc8zcq gz5buu5 k1em6fl xl7rpjg
Node 7: 4jaizgz fru5qgc hgcesih ica7gby ry0v5u7 su8e1bj usas5lu v5fcj9l
Node 8: no7mj5c vqejha0
Node 9: t0ji1qm
Node 10: d62eb6a
Node 11: zwukxkp
Node 12: bd5yrup u9dtj94
Node 13: 109dtd0 424rdww imjz27g m8km7wm
Node 14: kptv8do
Node 15: fnnfcx5
Node 16: z4plu3j
Node 17: apu6iiz q60npgu zml14hg
Node 18: i2fs3zj
Node 19: cweqbbl
Node 20: xcurtz4
Node 21: z9c09h5
Node 22: pkdfd43
Node 23: rhbntfn
Node 24: huk8xgr
Node 25: 5yeab2f k5v39v0
Node 26: 2zmyc16
Node 27:
Node 28: d6q4e5g hxua5gi
Node 29: 3riyg3m
Node 30: uha2tji
Node 31: h03l61q
Node 32: 3cwah7b
Node 33: w48lgc4
Node 34: niyw0vx
Node 35: tsj8yvw
Node 36: mpa82ev
Node 37: xxs408y
Node 38: jn5mg9p

Node 0: 2ybevkk 48hfctk ab0aslu elle3vd hvrko3c j2h0l8h jl7qgjn knaeb2z nm86urb p5l0ji3 p6kc8n5 wtn8s4c y6e14kj
Node 1: f6censt
Node 2: y7i77na
Node 3: msrrd3i
Node 4: us08xzr
Node 5: 0w5gqt7 3wv42f4 7qrc9fx b8x36z1 p6xziw8
Node 6: 7ch5exy
Node 7: 19y580i 4ec3xh9 xko0uaz
Node 8: 2qymf4m ccgtzry
Node 9: g4azd0n
Node 10: mml1shi s6o7gzg
Node 11: 8gt60qw ko1it02
Node 12: 1wden8v kdwjes0 ok3urq3 p7ndrwu
Node 13: aaqweyq drmsh5s u0bmh3c
Node 14: cudrn6c f7co9ia
Node 15: tlz5xgn
Node 16: e9z8444 ppivzms u0f1kgq zen0fip
Node 17: ridsjde
Node 18: eow6gwh
Node 19: bm7cpjr wcyn06d
Node 20: 100m3qe
Node 21: 42266sk 4x0vl8w ls6rts7 prngkfq tthrw8u
Node 22: r6fx8yo
Node 23: n6cvegt
Node 24: aisb76e
Node 25: o32p7ul q5qxkkh
Node 26: 4trcjj7 cg4ptjx elkyijy
Node 27: x1l4vmj
Node 28: 4e56129 502h434 9ug3dho
Node 29: igpf9z3
Node 30: ftd9a9f
Node 31: 3e9al9h ucqf9jm
Node 32: tpbmlla
Node 33: 5vr1izr
Node 34: vax0im8
Node 35: ikdijyd
Node 36: yrco5lq
Node 37: pwxhxdy
Node 38: 6gtf7y8
Node 39: 8npekxo
Node 40: g843nb8

Node 0: xr2bus2
Node 1: 8lll5rc csigyfe gvj43mo ib6v1go itpihxk zh3lrhw zy1iys0
Node 2: 2gkaeft
Node 3: 3zj8ymh
Node 4: lhjmxf5
Node 5: uw11xjb

Node 0: 4ndcray 5duhs4n 5tdzfgb 8zs4ari akaj1vh d9fjuo3 duvitjr erw3t4w fb0dy15 feynhly fulvg22 i5ndf2e j4rn6cp j6l9j5o mmx2th3 n3um6p9 o7c5ono pdspbks pixwtro utf7m9b w8ayk6b wd6eag8 zjh14ex zyq51bv
Node 1: 9grcgo7
Node 2: 1ceblbu nbznb9t vqjo97e z4hmylt
Node 3: 73q55vp 8ti42x1 ash4im0 orh4ezq wvqoycw
Node 4: ag8dpy3
Node 5: 930fcc3 a41xk4c fd8dazy uyvykpe
Node 6: 20cm5o1 716o4z9 h2ss3hi y5gt2ix
Node 7: 22stgxm 8f3l1jy myk3qiy
Node 8: bn10b48
Node 9: f65ek2j
Node 10: geylk85
Node 11: 3spfjb6 923zg53 oo6efnp
Node 12: 0a3x4ln 8x6jwoo
Node 13: 7azrfig cb3bxfr pajbdld
Node 14: 8rtz3d3
Node 15: 2uv4vnv
Node 16: 0setlgg 5y06oxs cfo2wog
Node 17: pj7w4uu yhngciy
Node 18: 3d9rvrx
Node 19: 0laluql jiompum rqasi2j x4d4b11
Node 20: 03078hh 233l4t4 3p9s46f 49mxs8q g0xcugz lxpszc9 u22i3o2
Node 21: rzz5tev
Node 22: jq3asb2 w2ycrk6
Node 23: udshkux
Node 24: f05nstg
Node 25: jvqrxxv
Node 26: s215hs7
Node 27: 5s9ugco
Node 28: 9m1gntq rd9nlcr
Node 29: 1gsnhfj
Node 30: hft6hxq
Node 31: ezoi5sl
Node 32: of0fw6m
Node 33: rlffvxd
Node 34: rv0qwem
Node 35: o7ry48l
Node 36: 6q104wn
Node 37: 4qh78ys
Node 38: 1xzlu5c
Node 39: 3rsji5q
Node 40: ubciwm3
Node 41: 5ub39cd
Node 42: 98po09x

Node 0: mmx01jq yknw00b
Node 1: xr175me
Node 2: 42aocwr 4ojoic8 52gsrfv c8qotnz go0as2o sk84c1x
Node 3: 4eae81m
Node 4: ryl4au2
Node 5: b7gh8vb
Node 6: c3n26um j64dv7b
Node 7: 81jt7g1 ptkc2ws
Node 8: 8hxj4vt
Node 9: navax5h
Node 10: nd3ovko

Node 0: 4yb2mde 7x0joe8 k2b3xb1 mzdssb6 rdfiwce
Node 1: ie9c9gh
Node 2: 15sxwr2 4wiz0ch chth06v di9e5zg gk143ss v8rxiar
Node 3: 3h03ang
Node 4: zgerb9p
Node 5: 5dkx3cd
Node 6: fyvbphi
Node 7:
Node 8: oepn2f9 omueqr8 pzttgb9
Node 9: 3tnb9hs c2ef8qe
Node 10: 0a8ydy4
Node 11: 202tms7 cdk7sra w0o90n1 xo387si
Node 12: lyxah4z
Node 13: souwbpi
Node 14: qslgtbw
Node 15: 2d7id2a 5l36p9h
Node 16: qrw9455 u7m19eo wm62ig9 xx0a293
Node 17: 2cl2jzt 2uups51 ep6mkq3 xf17shl
Node 18: okmdueo
Node 19: mj1ox89 vohsf9e
Node 20: 7tbdssv
Node 21: nyfpham r015y4k
Node 22: g6pcs3p m7c410k
Node 23: z0bvqii
Node 24: 9jab96h
Node 25: kgxiwtj
Node 26: yin4nxn
Node 27: wvbc36k
Node 28: 3vc12on pyhh1wg vq9rrwh
Node 29: a16xt3c crkfs11
Node 30: vwxtw4c
Node 31: 0zdybmw 8rigc9a v4ickqw
Node 32: 9hrkoq2 zmodtz2
Node 33: h68s0gx
Node 34: nd8artn w0u2sqx
Node 35: fw0x27s m8rizq1
Node 36: shp48gn
Node 37: p5crn13
Node 38: 59keli1
Node 39: g4djjts uhq081e
Node 40: n9esr61
Node 41: cvbaam9
Node 42: m9uztoe
Node 43: zqfehgl
Node 44: 67q6jsu
Node 45: am03mfn
Node 46: q32lh4m
Node 47: se3mef9

Node 0: 2wiq3q8 40hh9uh a0m18e2 d4ljo50 de5m72e drpezoy eky43ev hhpgtqb kxzmij7 lm9pcf9 lrocjfp qxhy5p3 t1bmvtb umf12a4 w53sjpl x6z4o5o x8rbgtd xala8kv xhou0fe yg9d8ac
Node 1: 3v59t55 8ru3m25 icefnel
Node 2: l8rz8zp q8qww4d wdl94m7
Node 3: 6okicaz rhg9chq
Node 4: 6hh2u11
Node 5: 3is13dt y6paspc
Node 6: vu1jy5q
Node 7: bhy29y3
Node 8: 0ed14ib
Node 9: szeyo1a
Node 10: 0alj7kk
Node 11: 9k3za8w
Node 12: kc7mb3h

Node 0: 4x6ibs5 8tsk69m 8z734j9 co0fsks djvq52y jr5fn7m mmo1j8g mnv4kkw nap7ypz o0xtsgg q9lwcqe rlxo291 ts00p0p
Node 1: isdi5fy
Node 2: 1fj9a1u 2vmckx4 33pa7rm 5ogkmeo 7gh14oi agae8h9 dn196ir f253kpg fn7co8z kbsh45l kkj7oq5 lk9779p oc5hq71 qmn7q30 reu6qyv sdrjuqm uzo4s0o vkh9a9b
Node 3: 2ilqbm4 56w0bp0
Node 4: 75lrefk s6f2shu tuzdjwj
Node 5: 8k8s4ce bixthnu bv0iqje
Node 6: pzir2im
Node 7: 9yto9vd bslttj9 oe70u1k pdn3jco
Node 8: 4mqbtzk
Node 9: f1jyr6h fyujps3 o5zzs84
Node 10: 0b6tuy0 oxefofp
Node 11: hcc9th3 umg822j
Node 12: fzjt5bd
Node 13: 0qxf1l9 3f0rq0p 4qz580a rx25k97
Node 14: idp1c0i vrpdamx
Node 15: dncno3e erhygxe fxg99l4 sp5khre
Node 16: aa7l2q7 syad88c z1lyjvn
Node 17: l8v40kt
Node 18: 41r9klb
Node 19: yq04hv2
Node 20: 29fpqp4 grjsbfe sgu5dht xj386qe y20o4gi
Node 21: 78m40a6 c63lzr6 j25ie73 zh9m621
Node 22: zogrf5n
Node 23: 0k5zqq5
Node 24: 8hkvzdm
Node 25: ptm85nd
Node 26: ed3cmj8 iq2qkjg iztl90u syh6id1 yg4azug
Node 27: 3nuh4sh
Node 28: iv5d2sb v33p8fl
Node 29: ezy81eo
Node 30: 498esiu
Node 31: wpyuf2n
Node 32: saa9rv5
Node 33: 563t72o pduf6s0
Node 34: jrminxr yu5fgzw
Node 35: 6551dgc 8ltcm1h
Node 36: 95fvdow xyh63id
Node 37: p3s3qof q9lzso8
Node 38: vwc65lu
Node 39: p98jylk
Node 40: j8p5qxr
Node 41: glbu92x
Node 42: k8nim9q
Node 43: w7z2yx1
Node 44: zvb3gi7
Node 45: hue9mcs
Node 46: tqedjhc
Node 47: sser88m xd2reio yai79mj
Node 48: ojiakni
Node 49: qj0bvak
Node 50: v0xk6rp
Node 51: obgk2i2 ocs5vmd qzm499w
Node 52: tqx9kns
Node 53: cqwhnx1
Node 54: 96bk77p b6yy8h5 lkz2z6a
Node 55: 8g3ajnk
Node 56: 8l80071
Node 57: 1ltwyxm
Node 58: t8at2xp
Node 59: c9jxcag
Node 60: 6mbkxg9
Node 61: b6zjq2d
Node 62: pva880t
Node 63: 529za9b 8ndciqh
Node 64: 3wb8tj1
Node 65: uz569cc
Node 66: 3390orv
Node 67: 3wc4thl
Node 68: bgn0vxz
Node 69: k5rtod0
Node 70: d0wq9wh
Node 71: 8zzn7q5
Node 72: 43y3i08
Node 73: ugbgj3f

Node 0: 81i5ub5 drskfsp ifuxxsj jnfkz6j kb7jf9b kiviykl z8pwq0r
Node 1: 1rc64o6 8ysbwy4 dv3l1vd dv6lxf2 ewqzdhr hnk4xh4 jefqtv1 kkxssi8 l5fzk0w mepwu5l pjsy5cb
Node 2:
Node 3: l4uldm2
Node 4: 39cfm2e ceeuws3 whxywod
Node 5: 935q7mx xvncl61
Node 6: nrkzirl v6lvdb7
Node 7: 0gpldkz 7aqm3g2 nthoef7 txoze4s utgr6dp
Node 8: 60c4gd2 hwqkbqw kyn3v5r
Node 9: 32pbk98
Node 10: wuoex3y x6wd7g8
Node 11: 0fexs27 52pxrup
Node 12: 5zuqa1x lw3ttfa
Node 13: 22yhhaz r835o9d
Node 14: e97xz20
Node 15: 473c12i 4bfotp4 a0c0m8t ekw2kji usvbbvx
Node 16: 4etuxwi
Node 17: 2f1d0i8
Node 18: 8e04mmg
Node 19: 3tgmfmd
Node 20: zyhv7gg
Node 21: g9571jy vjegpzt
Node 22: ry2pfko
Node 23: leswaej
Node 24: 2ink7ae
Node 25: s0scqnw
Node 26: 173sn6g eycomva
Node 27: 1ie9mn2
Node 28: v866p42
Node 29: f1jgbfo
Node 30: h4un43j
Node 31: da4aoku
Node 32: j6ro9nj
Node 33: hp4m4hf
Node 34: 618gh37
Node 35: sicbp0o
Node 36: grtlejb
Node 37: 43rcjsj
Node 38: kpgosna
Node 39: okhfvte
Node 40: yyc1ri7
Node 41: g8htkat
Node 42: l7gfnyx
Node 43: 71di89q xpqinbm
Node 44: 8zwfld8

Node 0: dzgthuq k2wbp21
Node 1: 6p5000x d7s8io6 ijs7v83 p21tiua ukwqh69 xf7frss
Node 2: oefso87 qgd0ybg
Node 3: npm15hn
Node 4: 17fcm29 24y832x 4h5f1f9 fl7avmh mz4sdw7 waozd5p
Node 5: 9dh3ltg m6wuv1w ny6rg5r r5gproc wtg6k4n xya8xyh
Node 6: 77skak9 akvsqdb
Node 7: greoomy
Node 8: 8sfyru0 yqp1i1n
Node 9: 3plnuth mpmqjgv oy0jxl7
Node 10: 829uhpz
Node 11: 125pj49 68m7gzv n9cuuaj q3d1rex
Node 12: g0ltdhj
Node 13: 6l6650w 9f0nqmi pfry05b
Node 14: rxvs2nm
Node 15: 79cuc3q w0v9cm6
Node 16: zgtsia2
Node 17: 3tsnsbn d8wyxst
Node 18: s09j34f
Node 19: ip6k902
Node 20: 2fxhf68 e9nd4dy
Node 21: 1lymlz5 7lm2pi6 dpgtlqj
Node 22: pabw6yj
Node 23: 2l36qeb k8c8bcf ncdxupw rzhwu2x s7hs7u9 yza00en
Node 24: y8i1rir
Node 25: mouoeib
Node 26: luarb4r
Node 27: qdkva20 yii3rrq
Node 28: tntpfo9 zz3pcns
Node 29: 8xwn41p
Node 30: nl6jwzo
Node 31: 9s5rb8b
Node 32: j1thiv6
Node 33: p9a8s3m
Node 34: 3ji7kco
Node 35: g8w0od0
Node 36: k2zeo7s
Node 37: kbvo0f8
Node 38: ggmr7ii
Node 39: 7bz76yi
Node 40: hfii0p6
Node 41: 8tb5dip
Node 42: gbphsnw
Node 43: 1tb0dzl
Node 44: 0k0wjgz

Node 0: n7gn3pr y5hawrp
Node 1: 1f3riga
Node 2: oeh0jg3 p5lz6hm yiz95qr zk8j56y
Node 3: a5vmysg
Node 4: t36a40i
Node 5: 4xyuplm

Node 0: 4a0igx2 fllb9o6 klh1bui ux8fv8k
Node 1: wu5oku1
Node 2: a3bvnhg
Node 3: k43z4gz yfg1wa8 zqw6zm4
Node 4: ek1jd5l nm8idvo v8udkf5
Node 5: yzks4cf
Node 6: 0mftq6g 6tizhbs
Node 7: 43ryhuj
Node 8: 0jh0be1
Node 9: v3bjbro
Node 10: 3m21nfq vxkrzlj
Node 11: 35zf5h8 3qv1slc 90jb7et dsa7cyy o6kvb35 w0d8256 xs3jc3p
Node 12: 2r8kgro
Node 13: u7cxj01
Node 14: 0za72tm 12qhh2j 912lbfu f8u1tjp ghr2thr um1tq0p
Node 15: 0tjjrky su97a09
Node 16: e0k6g4u y4sfial
Node 17:

Node 0: mhuyj5m
Node 1: 4yeqflp at9o92z bpkctu9 nqqkrwo r41uquk
Node 2: hrkb6zs
Node 3: 47w2jrd 6u5elqg 8el79jz tadmqnp
Node 4: 6b1egty
Node 5: 3rw0nq2 ot1y3jz
Node 6: 6g1eovj br9r6y9
Node 7: zyk4x73
Node 8: x1q4d3k
Node 9: 30qwvzz 33j7ohc 59ahumf 9nmvnse
Node 10: uqd5dgy
Node 11: 1gowsdg iszlit6 srajut9 xqh9wrf
Node 12: wi11run
Node 13: cwtvjmu
Node 14: ozlka0i xes263n
Node 15: bn8stuh
Node 16: ew02ayy
Node 17: n53koqy
Node 18: q99vv08
Node 19: b6k99h9 tx8vm18
Node 20: 3megngk mqjv5xc
Node 21: 0u5a0yl
Node 22: x9saqi9
Node 23: ptk09c5
Node 24: rz5l7ms
Node 25: n0bbicd
Node 26: 27x67er
Node 27: goz7ta8 m1wbbt1
Node 28: viznei5
Node 29: fuxqyni
Node 30: gp1oqc8
Node 31: i78ator
Node 32: o8w0qxs
Node 33: u9yjyvt
Node 34: 9yh0ois
Node 35: 3xwwexy
Node 36: 8vs5u6u
Node 37: kq94stk
Node 38: z0tax43
Node 39:
Node 40: lruvj1k

Node 0: 0ydosry 1vknj00 8bjvzkm c05p1gm egotkqa j2gxshw lfu91a3 pzd4zun vjm202v
Node 1: 7o79tu4
Node 2: a0saupi
Node 3:

Node 0: 5c8s5no 6o1akh3 cag5qv6 huzo5so lihlw8z oaz8twa u4td8g3
Node 1: 8nml5sj
Node 2: 2ug60xa 2ziazc7 4uirvqs 62lckct bdcayf8 cotiote dioeg96 in5j6ss is4bm35 kb259at l41qd5h peit9ol ptxh66r qw736bh sx972wt tzarjp8 ub3lqwy z24ji4f
Node 3: ragf3nx
Node 4: bky27ei ov0esg9
Node 5: 67355u8 g3kyqv4 l0t3zuc ndcrg1u tngfq53 yalylbf yimee2j
Node 6: ssmimbw
Node 7: 51uq47a hf0kgac
Node 8: of2d94j
Node 9: iemxgg8 nxjyhus opyp8df pk3uxft pvotvfj wllw1sw
Node 10: tvjhvq6
Node 11: b01wew5
Node 12: 3txgecm xyemgml
Node 13: vc6zb81
Node 14: 7wgk14b ij8a249 k6ulbup
Node 15: erk0fsy
Node 16: 3cnzb7e mq3kvg2
Node 17: snr4ja1
Node 18: 2txz7ep
Node 19: 2nkpcud 5h2k7hx ycl93m9
Node 20: z9lddm9
Node 21: a87rxxl cmfoudc shgw2fu v26ugcm w93fa7j
Node 22: ajt1xt3 c1pg2fj
Node 23: 3jysjkm
Node 24: 5m2th3p
Node 25: 1xcitnk w5afgbg
Node 26: omwkxzc
Node 27: 5heay6b
Node 28: ulidsiq
Node 29: 57m6kyw
Node 30: 1rah2lx
Node 31: 08jyh2m
Node 32: h1c6y5g nvtfkx5
Node 33: 426bdmu
Node 34: gcrrh0o
Node 35: q3rgict
Node 36: 46kli3m
Node 37: 6nreejw
Node 38: ahln3b5
Node 39: j3hbpoh
Node 40: nv60y6v
Node 41: uh1tsnd
Node 42: 7becfgo vqmfyd2
Node 43: lol75yw
Node 44: rxcnc53
Node 45: yjy8d2t
Node 46: s3zoqsp
Node 47: 0h9ec2g
Node 48: gzmsggd

Node 0: 1a8f71o 200edrt 2semskx 7l0i41n beomkt4 fi0lu7a fxags3q g51ytyd h6wsd3d hqh9mpt hz2ksof i23hvpk j5yabzr j7idp0k n0dsamw pnsp70y qd0z5x8 rlxn4e5 umfycle vgx7idq vqvlb7x x7z4u3f
Node 1: wxnimvz
Node 2: i5qcuex iwbjzbu ju45j60 pi3p4tx t7kyq9e vvog5q6
Node 3: 465aof9 n5hsnl1 nm5hkd3 vvlieh3
Node 4: 3aps4w3 6zg7u0g myorz8m s9jahtr udwmqjh xe9t45r yzoevaj
Node 5: 39ciqdg 6ljp405 89uitza bjh3cyp cycn5yi ltrz7d1 rr44x79 uuyc6gt
Node 6: phytdb6 qjvmkvn
Node 7: sofde2z
Node 8: 7flgk9k
Node 9: 5jgvv20 95frtox ko0fsau plq1h7r
Node 10: 17dsdp9
Node 11: 040n5z5 rbg12jj usyssfp ygea2of
Node 12: aamyxx4 f72hnot nat7my0 w9kw0s0
Node 13: dphsnv1
Node 14: y3h2jtk
Node 15: n3ls3gr
Node 16: sgzw2h3 yae0twp
Node 17: 07bnrr0 5bvmmh6 jxkpjxv waprr6c
Node 18: xie7b8q xmjuqd4
Node 19: km2utz4
Node 20: 1657046
Node 21: obkhzy3 u2701mj
Node 22: qiy16dc
Node 23: cg0xcu9 ho72jp4
Node 24: w44f76l
Node 25: c5su3mf
Node 26: 3j5wn0v h69mceb kqg77t1 mzvugyc o8wxkb7
Node 27: 261g0au 26dbh0h
Node 28: phz5qyy
Node 29: 14kfmh7 dfu0f5l q6ow4zk yyw4svp
Node 30: 3iuf2i9 zahf8u0
Node 31: nmfcly2
Node 32: w24w35h
Node 33: hff8mrt
Node 34: rnonkxl xfiglo6
Node 35: y108v6b
Node 36: punnmh8
Node 37: d6tlgcx jpm89nm
Node 38: 64cp2of
Node 39: u998d37
Node 40: b76s8k7
Node 41: k3ubt3n
Node 42: 7sj2lch
Node 43: coyfblc
Node 44: f71di8i
Node 45: scarck6
Node 46: nlnjz58
Node 47: 2hpkdfy

Node 0: 0ybwdof 1lx4udz 2i7ztre 45jej3v 9wyl9i8 bcbziul bgu6ypa eb9ycon lbri0xw ld8fylx mokwn7t uoa7r9m
Node 1: 7732qbh 7z073fu
Node 2: 2xq9mg6 41vqf23 bigjmzp ernqxm5 f3cue18 qb5n4o1 shhrcqa ucoislr x1lrarg
Node 3: ekjez69
Node 4: k0emmkz
Node 5: r5ordd4
Node 6: l67rs2e
Node 7: 7njh03y wf09wdp
Node 8: gt8omj7
Node 9: nq28gqr
Node 10: c31tof7
Node 11: oczeuu8
Node 12: dz3dj3c oj755gc
Node 13: gmqoflu
Node 14: qhiblg7
Node 15: r7zs5ln

Node 0: rqc11jz u9a5n7o xddddu0
Node 1: kmya1y7
Node 2: e1blrt6 gv4ap8y oggscmu
Node 3: oylh1ca
Node 4: o0z7r1g
Node 5: 9q51blr
Node 6: upc6yj9
Node 7: 2ir3jlz 74cbdyq d12dkju rlw0hk9 yy1pdk4
Node 8: 0fdircq 0mxprbi 30zi3rc 4mms52w 4w4y6ou 8dr0o2z ahm3uzk b905fqp jp41af7 jv4n484 o4dwzko omnvyne pfdpucv vvm7wdo yatuagn zbbnp1j
Node 9: s337vb7
Node 10: 3633byf n799wr0
Node 11: 7mcetvd b1ltfl4 d97qwtv
Node 12: 2x1va1r i6tpw3r yva7hzl
Node 13: m7z7xwl
Node 14: musro12
Node 15: 0yk821h 1xug355 3mqttf7 pq8894d qvmqzie uhcaulu ulbkfr0 xnk3g34
Node 16: okqob1b
Node 17: yda0adr
Node 18: fe2kbuv
Node 19: e1ygvee
Node 20: hmmzskn li6v9sm pztx67i
Node 21: mllvd3u
Node 22: 9pmh2ed esqmxr2 rnvjhvj
Node 23: mvzdnnf
Node 24: 7mmxtbr xca6lkm
Node 25: ov1h0n0 skerdom ve4mm18
Node 26: 36rzetq
Node 27: 4z33usd
Node 28: vogr33k
Node 29: pzte9rw
Node 30: 6dnsh48
Node 31: 1ot64oh
Node 32: xbueqqd
Node 33: qh879rn qu9dynx
Node 34: qsbml6v
Node 35: 2fb7aq6
Node 36: crz4ps3
Node 37: 9sydqsd
Node 38: s7vd9yh
Node 39: lice5wf om1ufhk
Node 40: rofwzxo
Node 41: kpd9nzo
Node 42: lkgptc3
Node 43: 8etjz1d
Node 44: u6m9aic
Node 45: xa8ebav
Node 46: bw78dlh j84aeki t98zyoa
Node 47: fo0demw
Node 48: 5yqld90 wzup51f
Node 49: 8deh27n
Node 50: vime330
Node 51: fq43c5h
Node 52: 5f5vn2a
Node 53: 2c8csmx 7n2sxpy
Node 54: lr2ons2
Node 55: nob6rto
Node 56: nxy35n3
Node 57: 21hjo2m akjx3rw
Node 58: 0s2si65 nb7iipd
Node 59: kh2wnhj
Node 60: j5ggoo8
Node 61: g943dyr nwhze5n
Node 62: 1zvps17
Node 63: e72rego
Node 64: nlrvjwg
Node 65: qmx7aay

Node 0: 545gb2f 63n6219 c6sw33n ka518t4 kke5v3e nrkyzuc udshnex
Node 1: 6adcb43 95twjpf agd7iwz qtskyqe
Node 2: 6mseyhm
Node 3: 93gltzy 997yluc b2gr8ff
Node 4: 8lhddf7
Node 5: 3yhn2a7
Node 6: n6e9sg9
Node 7: 9tt2okq
Node 8: b6upv64
Node 9: fe34j0j lxbyr4s pk5xica
Node 10: 6lesyin chnijt9 i6klfwf n9m5i6b
Node 11: 1tt460j 2vpnzvg 2zx0zx7 5t3nyjn 768yufi 90ypkj9 9u18ly3 ruq9gb4 sphhk45 t28voii tzz82d1
Node 12: xk3v8nx
Node 13: 3knqv6i ou6ok5k szk1ubi
Node 14: 3cbevme 7xigjth
Node 15: 5kw5v7g
Node 16: 19y71g6 dprt38t
Node 17: 6amwn8x 6sxi11h lliph64
Node 18: mruzg0e
Node 19: e6dnsyh jt1la5u tg8qfg8 uvrhbva v50cvi2
Node 20: bcfr72l
Node 21: d1yxi7i
Node 22: adwf0zf xmonvl6
Node 23: e8zhlsu
Node 24: 8mudqlq m3d8yho
Node 25: 1ije40l 1qwdaec 96hjs3l cqd22yh
Node 26: 5zxwprf
Node 27: wh0a7h7
Node 28: ung1knx
Node 29: 7xd68t9 81t9ajv c8wuhd0
Node 30: swaldhb
Node 31: 22co81v
Node 32: asfvnad
Node 33: 4xlzgzu
Node 34: f60llue
Node 35: blai6t5 ql897pj
Node 36: k0yr13z
Node 37: tkf3hlb
Node 38: n500zob
Node 39: 30ydv5r
Node 40: 1760nnk s9luf9u
Node 41: 508lfoa
Node 42: 0ywn58u lmzq3ro
Node 43: azk6k7s
Node 44: 8ym7sez
Node 45: 22eqt6y
Node 46: 9xn4xdz

Node 0: j34mslh
Node 1: 7wgnxou efirjr1 itc52vk mbsw03d vkfq6v3
Node 2: 3j7q1hn
Node 3: 4yde0zj
Node 4: 2t2yopk ckv3dzh eanv7gg mlgo33b tcwp8wu
Node 5: pu5b98e ynlrl42
Node 6: ggcd3wk
Node 7: cr3pgne
Node 8: 2d6xjqi 9pte1ew jh3chbq krdpw5p l8etx8h nob2tby rth18a4 yaq2cr3
Node 9: yab1f82
Node 10: 1jxmrfx jhatmal
Node 11: 2mrr2yg b9eyzi2 ijbv56i uclwjts uw0bhik
Node 12: 0ih8nf5
Node 13: dpgfnuk vd412c2
Node 14: oiwm4of
Node 15: q3gf66p
Node 16: 9gh4bwu
Node 17: yji567f
Node 18: rzdrtuu
Node 19: 0zyzy3q
Node 20: pptd6g2
Node 21: rqa8g0f
Node 22: vcg4k29

Node 0: 0awm4n0 1qeu1bz 4k2sbk0 ert6oww fst5b1v lo1gy0s ogmd8fr sga7kk7 yzmvhbc
Node 1: 630uqa2
Node 2: ense69n gjp9wgy ldf2nt3
Node 3: dd2h0b2 pvxoopw
Node 4: 0j0fegy bwgjd2a ikxwm38 rg9wwjl
Node 5: mqvekr6 qkthpc3
Node 6: 3kuqht8 j67yhf9 kl6t8p1 ksu5rt5
Node 7: aplrimd
Node 8: 5gld2zx srhbgk2
Node 9: 1av2iq8 1elxnwf a6xez8o
Node 10: q7zj2tg
Node 11: drarsgr
Node 12: yblklxy ygs4rn6 zus9afa
Node 13: aw8png1 zlqndwk
Node 14: 78zwdyg x8k1a8x
Node 15: jirb39h
Node 16: lbr7trn tdf48vt
Node 17: ne9lasl pb2gjlg
Node 18: tshn1hd
Node 19: o0p9apb
Node 20: woazh02
Node 21: wm5ic65
Node 22: k1ay25e
Node 23: ezgek6r fmblhiq gb1p88y
Node 24:
Node 25: 200whaq 45acdoy
Node 26: i875zgy
Node 27: 1k0g1t9 ysandmy
Node 28:
Node 29: chrkpxn eh1xlzb
Node 30: 3dvzhfv

Node 0: p0b9lh3
Node 1: k6yiw9n
Node 2: o60nisr pnsc23u q86y1ss v076zb8 yhiqsni
Node 3: 1607iai 2qd5zy9 c7h6d79 kj6pqbx qwhkh3l
Node 4: 0pyyc81
Node 5: xivrfsn
Node 6: szm9ecj
Node 7: jixaxxn

Node 0: 2656j2a cby45ef do1695t sdrdjd1 x5ps49m
Node 1: jner0zt oh8huew thkwnr8
Node 2: 9pdhzi5 okmgdqe pflq9al
Node 3: p2ktpbn
Node 4: pu52jma
Node 5: 4ds3825 k5iomdc
Node 6: u2ln74l
Node 7: coowj0q
Node 8: osmr46h
Node 9: c6gfqck
Node 10: 1k16qne cfg95nm dxm0nz8 ft8e6mj j0hlh6q qah1z81 vktx7ab
Node 11: g3a1z5y mtvz3v9 pzx30rq
Node 12: lvws18f vwdx3na
Node 13: 0v2rm03 2azeznh 2h2ok0r 7i1qq2p d9siyrx f23aviz fh0j0u5
Node 14: mpbq87i
Node 15: 9v3um9b
Node 16: 2z6dgd2 8gazpzr xbfwsjg
Node 17: 4lzrt4h 5vfgmee 8ems4ow tv19h5r
Node 18: vltq50v
Node 19: 48ftprf biur8w7 pq3ysln vnw9pei
Node 20: 0j5vtwc
Node 21: tv86f6g
Node 22: 9kutmtl uomchkm
Node 23: 78et17n b62pk7t lukt2vm v4k8phu vnhtcmm
Node 24: 06vfz93 yakmd6f
Node 25: 27xx0ru b5wrvte
Node 26: sdbpbz3
Node 27: hbqr2h9 polp4o7 q85fcq4 qrgaw29 sgxicxm u9svxrb
Node 28: 1izr0ha
Node 29: aslzxl8 s8up0j8 ssx46js
Node 30: 3lx9i2r qj28z5u
Node 31: fvx017z
Node 32: hf9q56q k3ubvid omey7gy vfqb9rp
Node 33: 85vsndf a9xu0i6
Node 34: 32mgam3 cg5qoe6 u3pdxk2
Node 35: 4mpmun2
Node 36: 2k82n75 7x7m1oa
Node 37: 9scq5e7 ptuk1qs
Node 38: 6x1kces
Node 39: jg1tfit
Node 40: v59eel3
Node 41: fz82neg
Node 42: 0tz8t6g
Node 43: yn7neu4
Node 44: sxnl1qa
Node 45: 89hqeck tejv6tv
Node 46: mrzt7rq
Node 47: m38cnvg
Node 48: jf4knzd
Node 49: 1k66b8l
Node 50: 4quppum
Node 51: n6owa82
Node 52: n20b3jn
Node 53: mqzec22
Node 54: mrx3oo4
Node 55: rq7fr08
Node 56: 1k6ad5a
Node 57: mfqv20b
Node 58: z1i5dad
Node 59: dedufk2

Node 0: 0vantc7 apxapka bem6icq
Node 1: 80pk5n1 988j2nb
Node 2: khqjuyo snatlef t6ny2vq vcdt5ke yg0fyf5
Node 3: eb4pd77
Node 4: 2gnmn9r gnypw5t s4m3ook
Node 5: nt5g6kk
Node 6: v6yp0bh
Node 7: hh8klfp
Node 8: 90ukuvv
Node 9: 5l73ulk
Node 10: xpruaf6
Node 11: ttvjyzo
Node 12: yzso12x
Node 13: yvwkds5
Node 14: smh5pz9

Node 0: 3ocl8er
Node 1: cln7sqs mymnoi6 sas1ehm ukjf557 vqm6jp2
Node 2: kq49uti qdjh3pm
Node 3: 1u91c1h xmyh22h
Node 4: gzbk0kb ncjykon
Node 5: 29m6z9v 5mqsfq1 es4jfry i24c4wk id49p3s
Node 6: lavcwqi rb72q0f s48z2i6
Node 7: 3ggazpy jza4tmp rs1dq1s
Node 8: b7i0og8 fne8qij
Node 9: 5ay9jby 64nh4hx d2gahlh ehxty2j rkkbgag
Node 10: 0kjtpup
Node 11: sum9jq4
Node 12: 97w9crh uha2ztj
Node 13: jps135t rlxd44i
Node 14: d8w8k25
Node 15: 02p5juj 1mkmgia avaxcm0 g8lwghg jbwepz6 ow6nsbf z96egp7
Node 16: cn2r934
Node 17: 7beiqg0 fn72rnw
Node 18: fixn4rs
Node 19: 06td1x5 as0wo3s x7yn74q zk58k8x
Node 20: mczpsfe
Node 21: uow3nxb
Node 22: 9zw0f7x jgp3fku t833ycb
Node 23: 3s7qaff ou6v3qb
Node 24: wd3gr31
Node 25: s7nxgwf
Node 26: mz3bs4n
Node 27: rusvjox
Node 28: 6glyvwl
Node 29: 6wswbid 7acsff2 9k62en8 dofe27m
Node 30: g22449w
Node 31: rpwv32n
Node 32: z689767
Node 33: 3yceb8b
Node 34: hh4cbdo
Node 35: 0l1yc9a
Node 36: 87979uy qqybol4
Node 37: w90n6az
Node 38: 6wb5tb5 j7er7ks xbei2bk
Node 39: 4mnbcsx
Node 40: z7lo6wf
Node 41: v00qxrj
Node 42: zvzuyyw
Node 43: 9of6qag
Node 44: s4mz3cg
Node 45: 86hcs26
Node 46: 84zvdew
Node 47: iw918sp van8vnw
Node 48: cle9f2n
Node 49: xw1ocg9
Node 50: cedsdf1

Node 0: qpz658s
Node 1: ahg3m4k etdp21n m35udz4 uieuo6q
Node 2: vt7v0og
Node 3: 5j56f9k 7fc9jnn g3yam34 j96skmg vsr3njs
Node 4: pczp10m
Node 5: 4cubkly awq6qa1 ihvpltz nrqp3of o9gcwy1 o9zt4ey rjhe8so
Node 6: natzfq1
Node 7: hwck7u0
Node 8: puuzit3
Node 9: 4evz8s9 pha8xa1
Node 10: ws57g0v
Node 11: itvvbay
Node 12: 6p4cl21 c7rto4p
Node 13: ijwxkfn
Node 14: 8ong9g0
Node 15: rw0ncvm tiaj5oj zayyhav
Node 16: s240xe9
Node 17: iqjhoab
Node 18: eifnjcm
Node 19: j49g9i9
Node 20: nzft3o6
Node 21: flv3d5z
Node 22: ieh715x
Node 23: febghk2
Node 24: gqpefmj

Node 0: 1fsksf1 84qmqd5
Node 1: 1siixhg 3759yum tuj1vcc
Node 2: bkta3n3 waqsdar
Node 3: 9bgskkh bd41xq9 c2chcso
Node 4: 5r2u7ec
Node 5: egxfpdl
Node 6: f9eirpq tbvk0ol wdgu27b
Node 7: pe65lxd
Node 8: ywvzv5f
Node 9: 8hwqwux cpi826x dxpve5m
Node 10: qhx7wsx
Node 11: fkfo713
Node 12: kuoc9mn rkd0lcy yxc00h7
Node 13: 0nucwc6
Node 14: rjl2uwq
Node 15: 1rjeggs
Node 16: 5ooa79x
Node 17: wjy58ku
Node 18: a4o0ra6 hn0nhv8 okhubev yuwf37q
Node 19: fuyw72s
Node 20: 51l71o6 pdlcjxd
Node 21: 9stk732
Node 22: m6ybrz0
Node 23: af7hc8j
Node 24: djlvn2n
Node 25: 0iwlnld

Node 0: co9hawa keirujo y575ldw
Node 1: j7xwq8i
Node 2: 3texir4 8aalryg
Node 3: 850a9je cmlmha7
Node 4: 0antupr 5als8u5 b2iy2z7 jld42br
Node 5: vq8gdxm
Node 6: 25whq1o
Node 7: j64nhmw
Node 8: dzjogq9

Node 0: 5j6hc74 bs2ayfo u3l9w4d x7ek84q
Node 1: 7sr6mpu sjk9ucs vgnylfc
Node 2: tbqb7md
Node 3: 2scf8x0
Node 4: 6llf7lk
Node 5: mvut8tk

Node 0: 1scs01w d6t0n2d uvylbms
Node 1: g3vt8ht gnci34d
Node 2: 6z8bvus c7tff1b e9300uf w2bde31
Node 3: bzdb5qg
Node 4: i2tqboc i3syva5 rvupieo
Node 5: qec9pqp
Node 6: 2syqild irjxcst
Node 7: okoszmn
Node 8: f88w5qx
Node 9: mavi6qz
Node 10: k414khl m13jmz1 p4kh6r3
Node 11: 24fc4vf nqorfq7
Node 12: 95vaab1
Node 13: hfdlyw2
Node 14: t764upf
Node 15:
Node 16: z9olnbg
Node 17: q1t3xyj
Node 18: hm78f22
Node 19: dbv9ejh
Node 20: ahj67iv h274bqe hrpi9qt
Node 21: fa98spg
Node 22: mros20c
Node 23: yacqzo6

Node 0: 0ijbh67 7n06yoe b8oc9qw c40dg93 j4sxech jcckgv1 nsqcuqr o2ttk5k oyfnv3k rnmpylt tbduivd v5ntoji w3dewg3 wc7u5bq yms3c8a yokiqi2 yonl3sk
Node 1: 97j6gc7 klv27mn
Node 2: b73gqn5 xz7rjyi zasc2ut zeqyx02 zk1xqjo
Node 3: 37wcq7p efct5vk eynzfpq f875fys foha8bn so3uhd0
Node 4: 5qtsyhd aoqvecj
Node 5: 5651rte 5d44hvc 6u16vmp
Node 6: ijm0jfn
Node 7: 6ovvy87 dyqpr0x elgk5n4 j4p0won pojv2ey w0jrzok
Node 8: 0hgc47c 4zgf5xs i1irn2o ixa6ffl
Node 9: dd8c71h prh4uk9 t9n6n36
Node 10: 769i2k3 ta726n4
Node 11: 1tnl617 3ru5jst 6g22f5f bm6p2fx doqto7s qa9z6ln
Node 12: 591gyhc
Node 13: tatan8z
Node 14: evxx5fk nwdfop1
Node 15: rgi77cw w5yd5t6
Node 16: kzqtnv2
Node 17: anht2j5 ar8laq0 fd5cm4w ldhmshf
Node 18: n6hbwzi
Node 19: c7jns22
Node 20: jwf0blz o2uuarf uzut4cn
Node 21: v3b5x66
Node 22: wpqt5k4
Node 23: 42e0rsu
Node 24: qmzzzzq y7l2afv
Node 25: j6by8vu ltkqebl uclm0cq
Node 26: xndodrl
Node 27: upy16un
Node 28: c1lgkzt d0ke2la
Node 29: unwc6to
Node 30: z8clqxf
Node 31: 3gtqyyv fyz4bi7
Node 32: vv4z1yp
Node 33: ozhruko
Node 34: 6ehp7f5 lf90apk upckr7t z77jrtl
Node 35: 4vj8ftu
Node 36: 1c63uff v9paye8
Node 37: f07y222 fn13au8
Node 38: ov2zkjh vgemsr1
Node 39: qmfbqjn
Node 40: mdg0m64
Node 41: 5lbqhex badrge3
Node 42: 7lb39cl
Node 43: y04ob9h
Node 44: b6bh2vw
Node 45: kz5e21o
Node 46: f0b93px
Node 47: 9jgbru5
Node 48: up6ripq
Node 49: 5zcudau

Node 0: 1hlvs4e a3fi1n7 f0r2uu8 ib2e7lf igoygj1 l39uh2k lmdoqcq wh3431u wuosd03 y189tr0
Node 1: omx00al
Node 2: 4kctp5n
Node 3: 0j9zx1s 1d3qrc3 7gh90r6 92ck06g 9nlxwsr au1t3z7 blr1lrh cubzl2q ewa7rbo galc4ko gsr3ixx koi59yc li6z10i ljfe2mx o5nls9t wg5qtxs z20ky7z
Node 4: 9e0kaqd
Node 5: 3ht2hx0
Node 6: 13hfzmu 6tg6gt7 ztfraco
Node 7: yr27ng8
Node 8: 7ck1g2p epv4nz5
Node 9: uwhn4xy
Node 10: 2gamrqq qx4uz5g
Node 11: 5j2mmdq
Node 12: r55ntgo
Node 13: d0fr42d eqlgn8a
Node 14: acj3fak
Node 15: 3lclh5v
Node 16: m1c10if
Node 17: a6ouwwa
Node 18: 2thyy1m h3fp0bo kajlqvw
Node 19: 6xrj3wv xno8ob6
Node 20: 3xc6mlv
Node 21: 4z1q4em 711723h
Node 22: 19r54yo
Node 23: p6l8hcw
Node 24: ymj10gg

Node 0: j65ukyp
Node 1: e15mbsb vyz2emb
Node 2: kpifrc6
Node 3: 41nlueb 7z02rr3 g1r40qf
Node 4: so8wdin
Node 5: 739rcmi
Node 6: 8cqwlvn
Node 7: 2zqpa3u ffi40sx i43eh89
Node 8: 1wt1jf4 8khdud8
Node 9: zt0x2dm
Node 10: pf24f4q
Node 11: 22q810n hbj6v4q knf7use qqu8ilu rhfw7u9
Node 12: 733pcwf kbe9m44
Node 13: 1y0btp5 7u3rved
Node 14: i60knk3 uz4yzox
Node 15: j7uanzf
Node 16: 0p971od ygz62r9
Node 17: 3a66r9h j4y4xgn
Node 18: g791f7l
Node 19: 4rgl5xx
Node 20: nf0jq88
Node 21: 750e15g 95j4pbq iqvzcdd
Node 22: dxn032l g338ws8
Node 23: mnxiw4w
Node 24: m9u91f0
Node 25: crse7bs y0uz34f
Node 26: dswpfy4 zzsy4qw
Node 27: lqkdnd6
Node 28: qemn9pf
Node 29: kqewdjr nsm54to
Node 30: jjjpbyq
Node 31: zri10mh
Node 32: bovgkcw
Node 33: dzvq4jq
Node 34: 1hwnkwo bq0n3wf ku05zsa
Node 35: qexnks2
Node 36: yjp0dfp
Node 37:
