Node 0: 5h6uajs 5vfprsw 7mzwfa7 7tbict5 ct71gdw hnoqcdt k3hib6w l3jkcl0 lbsvdkn y6vnzc2
Node 1: dzgecvb
Node 2: 41r79dq f7rm4fp mn8g8kl pvknrkk
Node 3: y2ky6vl
Node 4: b6ct51w w6if2m0
Node 5: ieyl0o5 nn7zjgb
Node 6: 2fiou2j
Node 7: elcqun2 landym4 ytmx4qy
Node 8: jzfqc11
Node 9: rtrhx1e
Node 10: dc8wrys guvbh9w itlhwyl
Node 11: 97l719b cllyybg htrdnby
Node 12: 72g1mbi
Node 13: jhmksfh
Node 14: 5t7be82
Node 15: 48jpe37
Node 16: tjgthld
Node 17: eq6vh6j m0150za
Node 18: c7stxiz
Node 19: zr4654l
Node 20: 38njoau ea8she6
Node 21: odgr18a
Node 22: 912q04g
Node 23: 5t16n18
Node 24: franakd
Node 25: goj1iqw

Node 0: 4cu8w0t 719lcoq kdyzg43
Node 1: 4lcjnm4
Node 2: xjl0pdf
Node 3: 5f4yjv5
Node 4: e5otnv3 ihvv1gs nmosxgs
Node 5: 7f2z6nx fg9xpsk
Node 6: 9n04my1 m1nzorg
Node 7: dy2igep
Node 8: 2q790r7 luc97ml
Node 9: 4l4miul 4w8kkqv 7wdcv8u bg4zrcx dj8y893 jhfjqa1 jk60k1d ut90ar6 wkvobe4 yb10h32
Node 10: 6dd7xcq eik1bc7 ejlnwud ic31gdx mrehl9m y4hwz1t
Node 11: efnjml4
Node 12: idkwgc4 jynw3yt olz8yvw
Node 13: gwsqo19
Node 14: 1z1wt3y lbub9mr yqdg189
Node 15: p0u44du
Node 16: gjil5rl gmw1l53
Node 17: kwlh9lw vdvftvm
Node 18: 88rnace hmrwhum
Node 19: mwfg5sq yu81mb0
Node 20: zxht0mc
Node 21: 7fpd60s
Node 22: b4eziq3
Node 23: c7sithv
Node 24: iio9e2k
Node 25: q5jcliu
Node 26: d8pwua5
Node 27: 6j14lck
Node 28: buuqc75
Node 29: 2rw7dpl gmuuj7r
Node 30: 9jgxlvf m1lylbt nbg5sgj
Node 31: yyx77cs
Node 32: qyxu37i
Node 33: ynxjitb
Node 34: 1q4fh0u
Node 35: cdbuizr
Node 36: 640z0wf
Node 37: 11g0k3n 7mcstnm
Node 38: 0fua6gq fgaj70z ga1fbwc iu8gimh
Node 39: j5yzylv
Node 40: ebxp0xw
Node 41: r3xziph
Node 42: lx2pn1z
Node 43: bt7mut1
Node 44: fyreps3
Node 45: 6faku21
Node 46: 5ue7p8x
Node 47: de47sww
Node 48: f5xn3e7
Node 49: 4pp6idk
Node 50: ufv4977
Node 51: kpj6x4d
Node 52: cz9jdro
Node 53: diamnhh
Node 54:
Node 55: phkdwsi
Node 56: 4g8fh9b
Node 57: ea01nlx
Node 58: 9f96qyn
Node 59: h6qep4i

Node 0: 1rjymwk 3ghs1ra 4s8gf46 cf69gpa jr139mj kxso527 o6tu2ds q1plwnd
Node 1: fx77xgv vp9qm8r
Node 2: 4anrzjj 7ehphdf c0zbgxm cs4e5v9 njmnias rl5615m sdc0h7g
Node 3: 3gmz3q8 cumnrh0 ihsxbt1
Node 4: 1js2zfx
Node 5: b6fazlm
Node 6: bjjpmc1
Node 7: c7uxvvo ej5lm8w
Node 8: 326ztky g2fdi90 hps7bok s06hq75
Node 9: 0g9f2gn 2o901c8 cpg5e09 gn1v65w mzyrv0z trjplqx
Node 10: ulok8dz
Node 11: 2y6dieb 4o06esu d81976r dyyzhtp hehow8v ipr02d0 ypyc4na
Node 12: 4u95ddf cgou714 g7p9v4a kpf490l u1orxs7 w6dzita
Node 13: dhk8f38
Node 14: oshxgh5
Node 15: haqglx8
Node 16: zsh8ogn
Node 17: 2pd3r73
Node 18: rp0pl65
Node 19: i28ivvp
Node 20: 50ylqj9 ad7enfm n4fypj5
Node 21: 4sjeuhh 608ara3
Node 22: bsftd95 oa47ci5
Node 23: 3wvftj8
Node 24: 7f2tze2 v7aix3t
Node 25: dv74zvs uyf6ohb
Node 26: g5g1at0
Node 27: uu4nwsi
Node 28: z2cnz8b
Node 29: 3sc43qy
Node 30: cvx94pg
Node 31: i2xzm9o
Node 32: dybwp4j
Node 33: 60gc7oh
Node 34: 3vao2zl
Node 35: bqw834h
Node 36: wjjd4up
Node 37: mkoen53
Node 38: 2v4i5cx nnd81rq
Node 39: 7fju5ck
Node 40: zfg57et
Node 41: ntbw5vu
Node 42: 5saqhos
Node 43: gdy5oay
Node 44: p05l1vn
Node 45: rixid2d
Node 46: 0vsqvjf
Node 47: 1ctc035

Node 0: 7pr67zv i6dqki1 v1blh1g
Node 1: 0t08lm7 c23tb8p eykznpa hzumzo5 o9bmlwq uwhtfq7
Node 2: 7cij1wh ots3qrt
Node 3: 4ovg86e mnec6wj
Node 4: dvkf3nd
Node 5: ezdfc49
Node 6: 4p1sfuk zfdoy37
Node 7: av5hgjo
Node 8: sxuauqu
Node 9: 9c1rvwh
Node 10: 09acv9j maregwi
Node 11: 1a0y6vt 1q716yx 4qgvxlb b95pxat cw9eol4 fui9zys kn82ktb nkxxu7z
Node 12: gzf0s8e
Node 13: azltmv9 e3w5ii1 edges9g i2h9lmo
Node 14: pbl3ust
Node 15: 4mybq7o 76ahsyo ccb8hea d7qxdyu ielgavt iroes7m l6y8kai m40gaut s6qz98u
Node 16: nlt73f1 uqlpkhj
Node 17: 2t2ou17 j6wgucg
Node 18: tvwgz9z
Node 19: 9k6ual3 df2tw16
Node 20: gm7rwhr
Node 21: gdgubyy t81pe4l
Node 22: mgwecod sfg48wp
Node 23: uqb75fd
Node 24: g92daxo lhw4nd0
Node 25: b1dxoj7 s2362d6 uaravmy vr4a47v w44wmrw
Node 26: zfiz5e6
Node 27: 40uis2z 4s95b4g
Node 28: h8g14iv htxucn3
Node 29: 2x8ioz7
Node 30: ddrjn5j
Node 31: 8lwcysj
Node 32: yf5w64i
Node 33: c7rr9e0
Node 34: zx1d617
Node 35: ej5ru51
Node 36: sy7hxzr
Node 37: asxitdw
Node 38: vvl4dqq
Node 39: surdsje

Node 0: yp3q3ht zjt3von
Node 1: sm2llqo y6gxi04
Node 2: 4lnzwf1 f93l69n muxqawx nx5a0ru paielbc pqye0y2 voppioy
Node 3: 546lzqb c8te2vw lvwod7b
Node 4: rqzn1v2
Node 5: fg9346e gi8rbay jd1wpmz ow71m7h wwpswpf
Node 6: 009oidm gwt2qom
Node 7: ylzzmgn
Node 8: txwjc66
Node 9: 7ob7hz9 ia6f7yd luiybwe phteyki yrijcol
Node 10: dhxgsf0 fnfoz82 kmia7ce r0ras4u wwjyrxg
Node 11: b1quotl
Node 12: fhxprhp pthy7d8
Node 13: b4qy8p0 ipmpg2q
Node 14: bbm7uck
Node 15: 1c6z8bh 61z1d7g 7s1421t a5bbw2q e52mfdl pctqc95
Node 16: 986yd8x i7l8o5y
Node 17: 4yul1x6 o2que0d
Node 18: mqhb7vc
Node 19: 9frx9fn
Node 20: u14ovph
Node 21: 64utnvz
Node 22: m9635hy
Node 23: lr5jy2u zo1ngxa
Node 24: jl9yusv
Node 25: 5h48qzq
Node 26: 48ai0tz wxmr0kl
Node 27: 33mlonl ui74xi5
Node 28: fmmqagb
Node 29: ykzxlt7
Node 30: 2l1q6ei
Node 31: tnivavt
Node 32: 4qh6r4r
Node 33: durxjys
Node 34: 81u8yl1
Node 35: fbnupoq

Node 0: sc8qgvc
Node 1: 3ngu6we bnya9n6 o0s52kk r0m71ng
Node 2: 8rupzmp njgz85l
Node 3: 7xrbklq betcfm2 fiuvo7u k1gjohq wqh6dyu xj3iey6
Node 4: 6ov5arh
Node 5: uqn2jtq
Node 6: 7fyyftc m88gnht
Node 7: qdjdbrb
Node 8: akhtv90 f9bre0m
Node 9: jlhkb1h
Node 10: xrumpao
Node 11: jxr72wf
Node 12: p8lezvn
Node 13: zi6styg

Node 0: wi4rc31 x4xln9e
Node 1: zkd3190
Node 2: 0tjk5qm 4cpbsia
Node 3: d6n0auw
Node 4: 67mtquq 6c9scn5 e6yu9ba koe4fwb oqk6xux tk7jpd4
Node 5: 1e0po3r 2x2i9j2 4r575ma 4woe547 kr5vacj l7xlpzf mgr2dvg
Node 6: 4ylogoo ku1e2ay
Node 7: 4e4r8sa 6y7bmwi a2x6ln2 ex1dusl klt9och pe9ckiu qtqf0re uju728c va08ih7
Node 8: 54j1674 ejsn9hg
Node 9: rlci7ch
Node 10: 663dbnf
Node 11: 1ezlzia 9lg2cx1 q3bim3z
Node 12: v86cdlq
Node 13: 77w7klu d6vwhe4 ht9e4oc m15ami9 t6xaf2s
Node 14: 2e4m274 93o824l qv5wmv1
Node 15: yqeiagz
Node 16: sk5hd2r x7wpm8j
Node 17: 3ck8vht vprwztx
Node 18: spgng9f
Node 19: lmc6hi0
Node 20: g8geppd
Node 21: l5oo9oz s1vp25q
Node 22: hf3ukdk
Node 23: czpb9hf f90m7lm oxpjdqq
Node 24: rt2oxc4 vgnktta
Node 25: 8acvcz9
Node 26: 10ja9sw
Node 27: p9caumd
Node 28: 34fez3x
Node 29: cb9r24p
Node 30: ulk0c72
Node 31: y44uw0e

Node 0: 0nx3u94 28dj55j 5p5n1qz s2ag4gq xf4hf59
Node 1: 226xiz1 9vsvl3e w6quhu0 zho4780
Node 2: nb0ntnv nw8fo10 p2ncjye
Node 3: g9djobu t4a6kpa
Node 4: 6nffqq6 8q6r9ol f6hng0q suxmoi1
Node 5: 0uyay8s 73yz1jd cqkoy5n dbcud1a gcydx51 nfbtjsf pcsrkfm uox5lj7 vizpnyq wqxa1jw wtzbq5r x7cm5px
Node 6: 0fa608r dthnnto u03w1py u0bz2y0
Node 7: 09t80r8 114uszb 40y8rk1 6kxmynu 8w8ngsz 9s3beb3 alzdmam h9lmoq3 nr92wxi
Node 8: 025oy4i
Node 9: ltg21o1 udintj9
Node 10: 9hsb6xp d7yzh6r g2inmfx h2utbir ide712s jxelkhl n0yeltb p3k908c pzp1i0v t208yy4
Node 11: uv2k0b5
Node 12: 2tr582m swgijfw
Node 13: l3q8r2u
Node 14: 9oda2nj cf9bgtf fd6ddle
Node 15: imnxx5y
Node 16: 0or55dy
Node 17: ll0htr4
Node 18: 7g3asp7 d5tr68i qsfq36r
Node 19: c4sqwgm
Node 20: olznlr9 otmupq3
Node 21: nulxmhy
Node 22: i97wcdw
Node 23: rw7x3wj
Node 24: qxogmtn rqcrap0
Node 25: mh47kt0
Node 26: 13ewx2g tmpn1yp
Node 27: 4fjcz7y
Node 28: j0c19gm
Node 29: 9g87y4k
Node 30: o5jn30t
Node 31: 4bf46ft
Node 32: l07pbn3
Node 33: vwby93u
Node 34: kdwmltl
Node 35: 62bnrf1
Node 36: t3fxver
Node 37: iar3hh8
Node 38: exj7i7p
Node 39: 0bytf2e feks67c zse34ou
Node 40: kbcxezc
Node 41: zxtdc1x
Node 42: 9n7irc1
Node 43: cht7r9d
Node 44: pzli3jd yrdk35j
Node 45: gdx180k
Node 46: om1lvy5
Node 47: e7kff5l
Node 48: lwvxz8r
Node 49: fk3uodf
Node 50: bgdfe5f
Node 51: cs6j93a

Node 0: 1kuqmt7 tulpisc z63tah8
Node 1: 60zllh3 8xz0cti
Node 2: j6wsbu9 vtmj6xy
Node 3: iorcmdi p1l1gx4 rogvuoj
Node 4: 9qu52ds
Node 5: 6chyyf0 6mua72o 91bfbaw g41tuyi
Node 6: iq15km7
Node 7: atuojru
Node 8: 7mic8gp k6x9tv0
Node 9: cmzxpmx
Node 10: e4zbo6y
Node 11: 0w0e4jr
Node 12: od2n2ta
Node 13: f3hkz5u
Node 14: ec5fu6v
Node 15: 8e4t17j
Node 16: rwy0lpy
Node 17: hyqqo0z
Node 18: i02ogcl
Node 19: ts4xy1l
Node 20: avoh795
Node 21: npcm46w
Node 22: 9mcgfsy z1sjm0f
Node 23: d7z5xkq
Node 24: 49e2zei g8nbgiw
Node 25: wyb6znm
Node 26: lnfvyby
Node 27: lm7uq3c
Node 28: 89n21f1
Node 29: lhdwpe8
Node 30: rei1bjo
Node 31: isxlca9

Node 0: ufu3u7i
Node 1: 03e5v17 1gzfp69 4lqdg35 7s1fqmw gv61cmn hmwskyo kqtz5bv ksu4jmo mgxaewq pf23ilx
Node 2: 0vy0zc9 70z1i3l 76mviww 8jx9x7j f2qrtbz fugfzwm hyl2b7i mxrtg72 nl2wxj1
Node 3: 2gwqzz4 60ukz14 bvsrasq d9pz52h esajgcq ohymvzh u0edwtf y5c7was
Node 4: d04ni3d v5gznot x3ns406
Node 5: 79o9jff
Node 6: i0mxatj
Node 7: ned5rlv pufr9ni
Node 8: ei8bzz6
Node 9: 36h95tk
Node 10: gp4o5f5 t29sk4h
Node 11: daydyqk
Node 12: 373nc39 ozovnyd
Node 13: 3g956px
Node 14: 1k8ktyt 9ginlvn i0vrtmm mrp9xbz shvn0rl vdsz72j wbhvns4 wg75j53
Node 15: gahoxle nq2gnyu pua5xbu wke31th
Node 16: gx73oni
Node 17: bacnesz bzsejtp hpef4xk
Node 18: 5pj0zpx
Node 19: lko6rq3
Node 20: uf3g5hh
Node 21: 0qs0zz0 8dezdhl 94ay6wg i6onv2g skypkje y2la643 z3qzxc5
Node 22: exxanus
Node 23: 31ksldv ev23rz8 tntebve
Node 24: visgasr
Node 25: tx7vnry
Node 26: 1mndkob 5bwka8x
Node 27: 8cu9alk co8e3vp viwyo1b
Node 28: rft146r vlnm0ba
Node 29: 9bo4lcm fhdah2t ils7y9m kimp6l5 nxzsvh5 rw60z7o wu70ex3
Node 30: 4fg7f6y hjprjzn ufgdydv yjabqxq
Node 31: cce5rzf
Node 32: isxqg2m
Node 33: hzi7agi
Node 34: 6ecdbcw 7ic15o3
Node 35: 9f33zof xeamahx
Node 36: 4cgv31g
Node 37: wkvjx4b
Node 38: 4iij2dg lv5nfhl m56za4b nq0pwnd tkeyi84
Node 39: tvew6jk
Node 40: hqkz83d k602a7r
Node 41: eyb84fu p6gbpxk
Node 42: hllzqnk
Node 43: jojkjxp lcz24we svjquek
Node 44: a7iyv0v
Node 45: qllii9m
Node 46: gdtiprm
Node 47: i7ltdl3 kbq98gv
Node 48: 5b7n62t ik2rqoj
Node 49: fq7ehnb
Node 50: lpbu702
Node 51: iutkqm1
Node 52: o8p8kvl
Node 53: r9za6xy

Node 0: 16do9ag 8o9ki9c 9t6pt9b ayfvk3t jj73qwd sxs30so uazfoit wevo2ch
Node 1: b92su00 e5917e2 o7fqrym qr2638t ywv17q6 z2970ln
Node 2: 70obz8o
Node 3: hdq3r0d
Node 4: 2gdfbai 3fbsog4 znwqii5
Node 5: 4uuqr03 o4n7087
Node 6: 5ilsmqo f72j9oc
Node 7: p85rreh
Node 8: imc9wsx
Node 9: r04ww0c
Node 10: 1vgnt85 2kshsg1
Node 11: r5zxy2p
Node 12: sgetps5
Node 13: y3jgzse
Node 14: pghskhp

Node 0: jsoop1y
Node 1: dlu2md0 fr8nuly nd7l4ai suzce3i vdbcigl
Node 2: 4ewx47m
Node 3: asorc8d bs1in2y
Node 4: 80nitk3
Node 5: 6azilsm
Node 6: ibecbkm lx1kyg8
Node 7: 6odjt4y
Node 8: zzi3ooa
Node 9: 5wiz3tu
Node 10: 4i855gj uplv9b0
Node 11: 5evb5qy ucmaeqc
Node 12: kve8wuf qbg8o4v
Node 13: bn3wea3
Node 14: dqlcjdf rzc8sqe
Node 15: ucko7q5
Node 16: k47xur2
Node 17: yq0kito
Node 18: s1ymg7i

Node 0: 08hvmie 9rvmyav adyp34o
Node 1: 5ugki36 7gqzgk3 9ml01if qbwg1xp tm05w85
Node 2: 6pg15gy m9kw6ww
Node 3: 00hymzx 0cux03h 1r8uzah 3ncjkyu c5i9et0 oprgmt1 t0vjay6 w60663w x4zc6a5
Node 4: 026agzj cyjrncb f0y4z1k o7ycvhq wx0thbe
Node 5: bkycgml bsrcpz5 wgncov2 yesmrf1 zxrk7uw
Node 6: nas3c9a
Node 7: 7whh25a k2h41fs
Node 8: 65aombr nlsgaid z2oikc9
Node 9: 4ieiodo 83e8l5l vvpdiwb
Node 10: vn9uduq
Node 11: hvk2w5g
Node 12: a3uyjj2
Node 13: 2dm5tre 63rugcq w9bdtkw
Node 14: 3hknn7y r9vszv4
Node 15: hr90kja svlfw1v
Node 16: ba57kc3
Node 17: 227c6ux xkhx1kd
Node 18: gnxaa60 k1hdhal y8pm0l1 yyukodz
Node 19: 66jqucv mwtdqs2
Node 20: 78xay8z
Node 21: 4ipot77 8ql4tq9 okecwzr
Node 22: 41ni9sw
Node 23: dx81uqu
Node 24: 62mcwy7
Node 25: g40sb13 mk3a1yp
Node 26: fgkeldv
Node 27: vhvdw3b
Node 28: b47e7h3 pvw3dti
Node 29: jaxdnys
Node 30: bq83gyx xscbs9c yvlfjaj
Node 31: 3ptuowr ogy551w pcsgp3q
Node 32: j7wm7pi
Node 33: x1e2sbh
Node 34: csouapj
Node 35: txhrn8t
Node 36: lhyflwp
Node 37: vljoqvp
Node 38: 7pt51am
Node 39: qvp5hze
Node 40: k6vl6pq

Node 0: 6yvp3d5 yzm9fpq
Node 1: j727kck kkhdui8 yjl0yfb
Node 2: hu88i1b
Node 3: 984laf1 vejs58q
Node 4: q2jn4a3
Node 5: jlk3gck xfrkyz8
Node 6: 4vzuhx7 lgjxeff
Node 7: hgbualt
Node 8: d417kei
Node 9: r7326ul
Node 10: nfncvsg
Node 11: 1qsg783
Node 12: 349kyt2
Node 13: jsqz9mi
Node 14: 70fqojo
Node 15: urv2ym2
Node 16:

Node 0: 8rcj8lf cbx08ri njxvepp qqqld29 qxlj8to r64ygge s3idk6a tzepb2w us5ri50 we4njbq x8vxr9e
Node 1: 5mxq3s0 cg8cq5h kbp6yh6
Node 2: d7lgq1b vrvkzca
Node 3: d3e5rep ooghmq2 x7voz4o yn1pfov
Node 4: 9s1qei4 zwpwsta
Node 5: 246mnkh eprp486
Node 6: 2kb1acr ldfmdz1
Node 7: tvd6ra7 y5yxccp
Node 8: 4uvuo73 6vkp5ap
Node 9: 4lyjh1m cnalkyt cnusy0o hoi4x1n il1nu3a vq9kik8
Node 10: 6dtt1f2
Node 11: 0th08cs 5wf9zdx 7ykp9v1
Node 12: 5pn1ca6
Node 13: nvpyie7
Node 14: nxl7ihf
Node 15: glyjz0f ie1u3fu
Node 16: 001w7na 1tw3arh 4vokz8c a0bug57 blq1elv cctofv4 m6xxp65 tmsy9cv tzf9puq upl08aa vj87aqp x5imyr0 xv0pddn y1lnlva
Node 17: 4xui5sb 5hmiy9a fbwxuj5
Node 18: mi9jsb7
Node 19: 9dr4xor
Node 20: 5a5qqsw
Node 21: pdb7qi2 q65wfvw
Node 22: car944v klsjusw
Node 23: venv52a
Node 24: 73zg4uk fzdmf2d sztknvo um9vqhx
Node 25: didl8mc
Node 26: 2nje7eu
Node 27: 1ehd4re bmzt014
Node 28: 8fm47dj
Node 29: e2asmb8
Node 30: 01ebszo
Node 31: dy0rp7n
Node 32: acga88y u3izezx
Node 33: spali8j
Node 34: xv41sbu
Node 35: z62am1i
Node 36: 7o1ftqo
Node 37: yqt8gum
Node 38: ertfgb7
Node 39: 049pksu
Node 40: fsss354
Node 41: hbv8b80 mv1z91s
Node 42: k6clq12
Node 43: cl3ct42
Node 44: p5okqt9
Node 45: wmcjwor
Node 46: kluzmo7
Node 47: loz12z1
Node 48: jkce83x
Node 49: 1xp3axi
Node 50: x1f7zfg
Node 51: n6urrpr
Node 52: iegewsi
Node 53: rpated5
Node 54: ik5nh63
Node 55: d2jyj27
Node 56: y9cpcj6
Node 57: hqdjiwo
Node 58: 4o1cerb
Node 59: so7bb1j
Node 60: kgh4szs
Node 61: s49uul9
Node 62: kxv1olu
Node 63: 01pzwe3

Node 0: e8l72g1 jlt09o6 y4yljqo
Node 1: 8znl4c3
Node 2: bglz0k9 kar9ggd zgs1dq9
Node 3: gtldin6
Node 4:
Node 5: 3ym2d3x k8od0iu r7nk13z
Node 6: 9nj57df
Node 7: 1g7kpl6
Node 8: 15hoz83 hrthyw0
Node 9:
Node 10: bcxqasy
Node 11: c7wq9l6 gmrypya iswr62y xcqd2wk

Node 0: 3jr8i3q 8w2gtu2 hbblv0y ihlp3hn nu9pu6p oammrmo w440gre xmv5jw4 y31gy5a
Node 1: 5j95558 621i5jd bq20kbr t0reld6
Node 2: etfzqcx
Node 3: 0t76us0 84bgvqg d70jsej j37cttd ly3b0gy ombe3zo r27pxku umos0lf x7m1yyu xoppgw4 zh01czv
Node 4: yqm698v
Node 5: ql53kyt
Node 6: 3qnae6p dey79gu
Node 7: 7w4jj9p
Node 8: kb2jqio rsfvvxi
Node 9: x6t84g7
Node 10: cf3tcmy
Node 11: moj1mrx rz50q7g
Node 12: 8ud9zrm
Node 13: bxo23xn h5m3tpf kirmg4f p423sut v7okxqa
Node 14: 1nu7uwi
Node 15: seu7e3n
Node 16: hx3bv7t
Node 17: 56wvvxv
Node 18: rawo4iy
Node 19: rhgtb9r
Node 20: ubsd13n
Node 21: mt8crkt

Node 0: 23t849c 7y7vqgk 9z9seu2 gxzk6ff kw6a1l2 o22o2tr otvdasb risqqng yfpfnxh z44lt7h
Node 1: mla00us
Node 2: 32h6aew duv4mwt hjbz24r pycq0dh ryi9o44 wedyolr
Node 3: 0qjjqsi 7dif5s5 pp9qcrk z9tpw2v
Node 4: 5ql5qky
Node 5: 134k619 v3qpa97
Node 6: 5nv2b6x
Node 7: d4yttkd dtichwi
Node 8: sogeimb sy0ar0l
Node 9:
Node 10: iojhpxa
Node 11: ydtvny7
Node 12: w95bj7h

Node 0: 6twr887 87w2zbw 8ziut1a anw6c4f czbvufu ewemhaa fa5u98z fhfxryu gchj11r gq4rxuh hqyphkt kbdmtfu m8qwe3r qz8pzim twv5e7g vk3p6tr wzqbnti zwi126h
Node 1: l7lio4e
Node 2: lpormug
Node 3: cibusnb
Node 4: 01ty6ly dsffpn2 dswck4j gugr1ib mwyiraq
Node 5: jdoor07 zzepx7q
Node 6: cq1fz6j docz056 i6z92c6 lc4kfkp
Node 7: 7kmyodw ctucnsl vevze7i
Node 8: lare0wl
Node 9: 7zo96gv qaq0x2y vmpf83n
Node 10: 91ker97
Node 11: 9xz7jbw
Node 12: 43or7gi
Node 13: 9j3wkwh
Node 14: 100r80x
Node 15: txfodn8 un31f9r
Node 16: actx22p
Node 17: fqeafkw ns9t0gy
Node 18: g86mv4v
Node 19: 52abqoo
Node 20: wp7nsnm
Node 21: 9a10pze f5cs5dx pld1xy6
Node 22: vcqlkfp
Node 23: fzurlci s5aohd8
Node 24: n05kt3s
Node 25: gw0nnao
Node 26: 7s80c0m
Node 27: jlji3yh
Node 28:
Node 29: bbi9rfa
Node 30: tkpd5ls yctlc6m
Node 31: ca0m02v ekxq67u ftj2sal g4ag66s
Node 32: syciqqz
Node 33: 2dbsodn
Node 34: udc57sy
Node 35: o61ob1d
Node 36: 58owksq
Node 37: 9kuls4h
Node 38: memuqyr

Node 0: 044l9xy 3sgppw5 63qk0mx 7tnnpod h67eho1 o9jl5sw rzgeolv uj9akwr vx4md53
Node 1: 1ovq4lw 3uebjpr f888k9f q0k95sp
Node 2: 7yret09 bbejm1z k7bvgvk lqdisqu
Node 3: ktpoimd wq8sld9
Node 4: 5ndvznb qcmcm8c
Node 5: ekaus3s
Node 6: 0uun6hi deh0meu
Node 7: 4ln2mlr ugm6e8m w6xu6ui
Node 8: 1dys4z8 8347dt0 fu65929 iue62wn owcwb6o tsg79ne xkfymuo
Node 9: u8uee9j yj1po3x
Node 10: 8i9gjbg rn907vz
Node 11: 3hft4od 3l2g03w bf08q6t dc8n7jh djujj3o gsq5bz5 o96xdhr pfvqlvg x4mzxq2 zro69w9
Node 12: dnpsl75 p4ao2iy
Node 13: cl4ul8y
Node 14: y06gpz4
Node 15: hhnbevv
Node 16: 5a6ye3b 5hzdoy1 5z8k9bb ygz028b
Node 17: 53r8q18
Node 18: 2m1s7tz 3kepvm6 3uxlbhy 5c9753p 6e6iabg ahf1iaf ek1ewcq
Node 19: emsztyh
Node 20: mjo3j72
Node 21: 554ne9a
Node 22: 0pfx75k 7qx6np9
Node 23: 9nrt68z
Node 24: roreq0y
Node 25: ef8u069
Node 26: u60qfgo
Node 27: uv1pqgx
Node 28: oujx2lm uxadnra vdqwpqh
Node 29: 498pg2b bu3yl8d jt8twl4 odsqci5 ysjq304
Node 30: 1pssig9 94aoqwo
Node 31: yk741ae
Node 32: 1gmf3oq 5f8oeoy 79r95ru ges9bk6
Node 33: 615wj21 j8fcixo
Node 34: e7j2tl2
Node 35: b3nd545
Node 36: nan65sp
Node 37: dp9fkjg
Node 38: jdexwhy
Node 39: mlf4ply
Node 40: 199c8qr nf96lk9
Node 41: jqdtrrg
Node 42: xa4hhf5
Node 43: nmkt58o
Node 44: 5114n2v m2n8mkh u9s82bg
Node 45: h2dvdz0
Node 46: yfqipq1
Node 47: 13a1ojx
Node 48: 39j32nm
Node 49: 1z23g57
Node 50: 2ofn5z2 dmv0k5l pj7bsmz
Node 51: k7evxtx olazzzg xboppob
Node 52: 1ibnacg
Node 53: azj6mv5
Node 54: 93tfi7d
Node 55: e75ori4 qdg2jo3
Node 56: zqlghrj
Node 57: puiq1id vtpwy1c

Node 0: 715zkp4 81excxd fgjdzcb fuzb014 h8ar212 k9olf8e
Node 1: 345vtg2 azo68le b3lzaac eoiazml ilq1z7l im4hkd4 r8u7q04
Node 2: 1fbz9ou 1lnwwv7 qcldsm0
Node 3: 46mj6qg 65k9cly dv3keww eh2evs8 nrvvp14
Node 4: 5d7kdwn 5ltddgn 6yzeudx mor529n uq52sla
Node 5: 4n5ml9i
Node 6: 8u0l2g1
Node 7: e0kopjp
Node 8: rmdpy4s
Node 9: 542cn0w cxwskq1 eka4l1e
Node 10: ur7g552 zqq1aib
Node 11: wur66a9
Node 12: kv723sf mhdku33 pssg9km q0j4pvw
Node 13: u8t3t2j
Node 14: 60rekxb 65xaztj
Node 15:
Node 16: 7pfmmur
Node 17: 4h1rzzh
Node 18: qydteqo
Node 19: v1wzbv0
Node 20: 2cd2g8v gdeto0o
Node 21: 60pw183
Node 22: lk79aay
Node 23: 5afila6 sn01scs
Node 24: p7p28vp
Node 25: s1rue9s
Node 26: ezzlv91
Node 27: f7eowit

Node 0: 1xjoew1 fdis0um iyo345m w33ac53 wfa9tfy
Node 1: 81k2s9s hggsqds
Node 2: 0zgvomg
Node 3: nmiv5eq
Node 4: 8dqudbk
Node 5: oky7mie
Node 6: v6bp8wx

Node 0: dzcsx53 qcr1vib r79ufgy s0sapr5 s8iow9q
Node 1: o4a47rn r975hr0
Node 2: 2qvu30v cc6zb90 d6vler1 oc7ryqm zxg5ovv
Node 3: 1br46nm 26e6z0s 68j3b63 dea70o9 oi59zmd pc1fgmq txskqoe u9514pi
Node 4: m2nkuge
Node 5: o71ao3i
Node 6: uwtw3si
Node 7: atgof2m auaenob
Node 8: awzwfy2
Node 9: 05duijc 7wv09nt oer01ac
Node 10: 677b6e2
Node 11: lmc0i4t qph0s5u ylasr46
Node 12: 3853nlb 5env1qq d89alzo maru420 rzu1hja
Node 13: 7c082ds 8dd7yps
Node 14: lz14qne
Node 15: r9c375a
Node 16: 0ze9o80 3jjr12b onocs80 xebgwpt
Node 17: 2261y7g 9ukqacq se82721
Node 18: cos791g
Node 19: owlaq2j
Node 20: cg9ushl
Node 21: 06843fi
Node 22: l9oddmz t84o5aq tgvf5n9 z581sk2
Node 23: fx0wolm ibwedv5 pbn084n
Node 24: 1dgwncl 79flojj rrh1hz5
Node 25: pf90fmv
Node 26: gyript8
Node 27: nmfhg21
Node 28: dc3q814 sqfp49l
Node 29: 41b2kor
Node 30: er3uh40
Node 31: oiwc145
Node 32: 8u9ok26
Node 33: kqpy9bu laaa5yo
Node 34: d788ru3
Node 35: 1k5wmmr
Node 36: jzo7zn8
Node 37: t3i7e93
Node 38:
Node 39: 62t41q2
Node 40: m97n4hy
Node 41: 8ib5o5k
Node 42: qmjldte
Node 43: ticlvyh
Node 44: lc6awmj

Node 0: z8db9tk
Node 1: g09m4ie
Node 2: 07n6zr4 6ej7tsn c2ubqho f8ztifj jlhnfg8 kwrxg3o ojzvks3 rs1045s y21uh2y ycrhvh9
Node 3: c3r74pk
Node 4: 0m9j6oh bhl5dsw eqjftoa jilqacn mlgfl0v s6t3pct u3obtrh
Node 5: wyspbx2 zfzsxkq
Node 6: wkfkdjq
Node 7: kppnnvi
Node 8: bu5nu99
Node 9: vd0hpd0
Node 10: 7led15j
Node 11: d7q0gor r4yggjw
Node 12: kwplk2l
Node 13: uk7jjwg
Node 14: 6zr4471
Node 15: kf681zf vsurwrk
Node 16: 9fx2t6s gkhftjx i0nro8j rzwlilc vh8x5co
Node 17: io2rzdv
Node 18: o5a0xws
Node 19: h0j2yex
Node 20: 036cids
Node 21: lmnqkio
Node 22: bws36m4 gs8ik6m leiwduv pc1n4qm pc1ufrc pvxyax4 rlbjwdh
Node 23: l4ddz5k
Node 24: spimapq
Node 25: gi6m9ew kxfohkp
Node 26: 25m19zi bk0s80k
Node 27: 20bc9gx
Node 28: tlr2an2
Node 29: 7luqhoo
Node 30: rzrhdoq
Node 31: 262a9d4 6cbqjof a4traag tjm5bz7
Node 32: 1g3s54a 4swuiwl fsraowx
Node 33: 35hhmlp
Node 34: pobxc0t vve5pgv
Node 35: 2ojyh8q juoxs1n kanw4kr nkprjbt zg0mndw
Node 36: 070edj3 1poyqid
Node 37: 1bhjc4w hodj63s yktmhei
Node 38: 6i1rwm0 u2zpx7p
Node 39: ckxbp4r
Node 40: gap41i3
Node 41: 9r64q60
Node 42: zodek0p
Node 43: dgitzm8 nrlt9wx
Node 44: ku1plxn
Node 45: hkzz8mw
Node 46: 0odku80 4wvbxim 5d6dm5p as1c25z mupbhij zpszsej
Node 47: 2bud1s9
Node 48: 1n1cfkw
Node 49: bfjft7w
Node 50: qbnbw4y
Node 51: w03cb8y
Node 52: cxhbhi6 yaqzvzc
Node 53: 36xlt9j
Node 54: qc48pil
Node 55: 65sfape x6ahpgq
Node 56: 96coee9
Node 57: k58dbma tyn3241
Node 58: tbkz84y
Node 59: wzwp4ot
Node 60: 8cioe4u
Node 61: r3ek8yr
Node 62: i4c8y3f
Node 63: 54qcoht

Node 0: 1ju6e3m 67o3hav cyp86nb mw4a0f2 ntjgnqs zf421hv
Node 1: h8p2lq8 kax4iq3 se1873h twl0umh
Node 2: 0pxusai
Node 3: 3frao9h 9ryj6of ji1p72w r19zje2 xvdz4ic
Node 4: augi5jg o81062w
Node 5: uenaht1
Node 6: 92lduxh if18jbr pse4vy9 rbrmyp4
Node 7: 9m50o9s wpnjvk7
Node 8: o9bh4sz xytdir7
Node 9: 6nht7dm
Node 10: q4rvlit
Node 11: f8mnxuv
Node 12: 8r6z993
Node 13: gk9ibsp o0fwdfc
Node 14: 29podbm d7f9ax0 yfwju4j
Node 15: tsngemq
Node 16: 01ly74j bedfp3s p5gdvo8
Node 17: ge73y4r
Node 18: yontstz
Node 19: 3otrqvm rgpv50h
Node 20: 2pempji evfbp3v nqj6t7n
Node 21: rdac1jj
Node 22: xwrzt4p
Node 23: 9b0s52y
Node 24: 6j5w0vx 9epm6gn s0rfb68
Node 25: p2nbqge
Node 26: 99fv9bw qhjl0km
Node 27: 2b5sfu7 8ixn8ju
Node 28: mnbe4xi

Node 0: v972bx3
Node 1: og9kut5
Node 2: 5vc0gph
Node 3: dgbmqx5 dy9j902 sx9kc65
Node 4: 4i6qdpv

Node 0: 2dgxxfm 4f8pruf 5c3113j 5opjrt7 7mwkycm c8yfml2 dachmfl gbkqsbq k3xtxy9 lxt5eet tw2jig1 ugv0njy wnfmmca
Node 1: 0eklpkf 1izzaw4 3g45r24 djh846c knohl2z ssa1qug uy22p78
Node 2: 4mo04wa uwmtz5h x3gqm7b
Node 3: lyr0hrq vyvnoxa
Node 4: 4aep4bd 5zuro4d 74oe3hk qry3oy0
Node 5: gr62rv4
Node 6: q11r345
Node 7: o7sl0e8
Node 8: 8s3gcyy dc4tnig mxunt4p
Node 9: npbiiln
Node 10: vitavei wc0zy8b
Node 11: 8vwjfso qtq5zdt
Node 12: d7bl895
Node 13: 00ggc90 1x7r4tx 2fhelqu 2geod9q 3bisqf4 72ehsgr 79c7h0i eezs0n8 et54wsl iehcgab uwd376o zumqa8j
Node 14: x93sicr
Node 15: yrlcb2z zcazqjf
Node 16: m4b7c8s
Node 17: 40dq7gk 8epv5j4 i8z2z2u t3z3sq0
Node 18: bhh7sz4 yo29l41
Node 19: duynw14
Node 20: a8kfbgo
Node 21: 36pahw6
Node 22: 30j22oa e5n5h64 v12fbm5 x90gnol
Node 23: lfdp6sa
Node 24: 63c98yv p917ak5
Node 25: xmq622u
Node 26: lvm16bo ypnrxaz
Node 27: f3lyzkp
Node 28: 1evvmsh nazl4p3 qo9qvg6 z9ga0zc
Node 29: sting36
Node 30: 348n0uj
Node 31: maivsvt
Node 32: g7mzz96 u8kpttc zway6q6
Node 33: i7b373f
Node 34: 44esezw
Node 35: 5bvhzwl bya5ajs yfl8psh
Node 36: wv6ydgv
Node 37: inwfcbc
Node 38: cl7tzyx nwefn30
Node 39: e0sl6yx
Node 40: lasd8t5
Node 41: u9gwb71
Node 42: 67drb8s

Node 0: 5rl72oo
Node 1: 0m50ada p8qmidx
Node 2: 91bljsn jg4ixb7 lz77a88 zfb37m4
Node 3: 98r1afa troe9ki
Node 4: ggq5u5l r6wva9z
Node 5: k0i3aho
Node 6: isazdcv ni7glgh
Node 7: 1cqs0vt j48iyz8
Node 8: id6y5wm xpkui5o ygvvnka
Node 9: cdbuwxl vpnw6xa
Node 10: 3fbu6sj iipmpwi o0schls rfsm4za
Node 11: nfozv4m
Node 12: satn2yd
Node 13: 4yyzlru
Node 14: q3kzzvk
Node 15: 3ju10si g111ewn
Node 16: 10hwcn3 7xyhbdd
Node 17: bsmzp5t
Node 18: xzkwoxs
Node 19: fd679kx
Node 20: w9i44l4
Node 21: yupo6j2
Node 22: 8odqkxv

Node 0: 4tk0cq0 bclk34t fyy26wa q1bd4la v8q68ly vhhl41g
Node 1: f30gjdz qr2bta3 rkp1jed
Node 2: 0mvam1s tj777kk zq3ek79
Node 3: tmi3bud ugrn9qo
Node 4: zxpvfph
Node 5: xkwdku9
Node 6: 7s6pxyw k2bdch2
Node 7: c3h2zz7
Node 8: debo3s7 xw4wagi
Node 9: 3bn366p
Node 10: d03ahbu
Node 11: rehumjc wvpp5tp
Node 12: 1jilks1 cpmcqhw mgo5rfp w7x4yca
Node 13: b6um4gu gsjvr49 njcr9p1
Node 14: 6d98ctr ilkd3sy
Node 15: xraffkx
Node 16: bthc8jd
Node 17: bozdbrz
Node 18: fkzm61k
Node 19: 1bwjz5z
Node 20: ueucizh
Node 21: wf4axah

Node 0: imgpohd
Node 1: 0vswft6 6f6om5w cmr2g3d gw8ucnn
Node 2: 3zh7hih anibwdq k92qi9b
Node 3: 0x8ci2u 2ijkuf2 7nrtkd8 c5ivv4l iahv5t8 orc6tdz w24pxpd
Node 4: 1dje6gv 210wisw 5tf7xyc b5l26ae ns7xhqu ub2t4b1 zly6ith
Node 5: d7vd7ln fd66re2 pu8x21m
Node 6: 12z9pza bftzgk3 nn3fh7p uf0pi8b
Node 7: aj05fg2
Node 8: hwhz9o2 u5crmup
Node 9: lq3fx9z
Node 10: nbdrvn8
Node 11: mv76emp
Node 12: 5q47te1 laqurqx uk8w7zo ydv13ai
Node 13: 8brvpt3
Node 14: 56e10kx 9ccocxk os4qsem
Node 15: gnnc0u2
Node 16: lt7tv3g mmihwta t19f87r vlmxq98
Node 17: 164r3k7 6f9p7we bq6tm37 gt8ot30 tgks4ky
Node 18: fexa7p7
Node 19: 540grbl hjv4hjf l20aty5
Node 20: sp5dwn5
Node 21: 3h3wi5a n0aooww
Node 22: p03amjy xdo6w9r
Node 23: 32fleni
Node 24: 5h7wo4u wu32ocm
Node 25: d8cbl8a q8zv4yh
Node 26: hyskcmf
Node 27: yt6kj7x
Node 28: liecoka
Node 29: 681gt3e
Node 30: fgtnf6k
Node 31: 6ixhf30 cwzo522 h2rkbr2
Node 32: 2iri99t acxg83x
Node 33: gltxf9x
Node 34: lhhc5q3
Node 35: mc2wib2
Node 36: m7gx58d
Node 37: ybavix7
Node 38: fp34ree
Node 39:
Node 40: 9dx8ihr
Node 41: 8ibkmak qn942vb
Node 42: jry1imo qh1kvlk
Node 43: blcvq2z
Node 44: zbphxir
Node 45: 5wkbl21 7jxw5ei
Node 46: fnp88mn
Node 47: iwifgvs
Node 48: 4nhwkja
Node 49: 51ey2uf
Node 50: j38r41y li88i49 whs3ktd
Node 51: 6aeaszy
Node 52: 48e02w9
Node 53: fnqg4r3
Node 54: sgspuzv

Node 0: efpvueg jwzqj33
Node 1: 3xxs8uo
Node 2: tull882
Node 3:
Node 4: 4m787ry 8yaxm7x mez7y81 vtu9ntf w2qb066 w6wxtqz
Node 5:

Node 0: 1r8mptc 2xh747r ixcubgg liur0c0 mauhfxz ovzzipf pylg7pi vsbb2hr w9bluh8 ys16g3l zbjir2w
Node 1: cggcpx5 h9tx67b j4bma4o n09lird o6pag5r pw3hgm4 qp5yeq4 rdbzmse
Node 2: 0qmey9l 7v0e3py e6jjiyd
Node 3: 0zr8qza
Node 4: r2rdc58
Node 5: 9e5f3o3
Node 6: bmxnfze
Node 7: m8a2kkh x4w1zzu
Node 8: 5zvlou5 gjbjutg ql2x0eu tz3ak3f xy1u5tc
Node 9: 3k0mag9
Node 10: ax7qic2
Node 11: 5ytzvjr 8eypud4 cjc0pcp ge3qfxx o88hvlo
Node 12: wzdzu7j
Node 13: 0a16r0e c8bgn0c
Node 14: 4uxctxk 684ytfh 9agxirf pfjnhc0
Node 15: 5vd4txn
Node 16: b2ky3hq qq4ceel uhjhbs5 vplyw6g
Node 17: 6npllf7
Node 18: llub7a8
Node 19: 8iwtbyv
Node 20: 9au0mcw ah2drpm fq9xmmg pwlxa58 vxxuuqa yv1whuj
Node 21: ntiauiv
Node 22: wd1mxbg
Node 23:
Node 24: xlgjdwx
Node 25: ia7g0q5
Node 26: 7m258rc lsydjrt
Node 27: b8vsf5k
Node 28: 0lcf9fg
Node 29: 49r3zme bjfkb02 g4r9pb1 tkc8rxn
Node 30: w7s16go
Node 31: 1vhyo9z
Node 32: 5fyiuii it56vrh
Node 33: g9sgclz l5jlsyv s5tjocf
Node 34: 0r7c6p1
Node 35: f9kpsd7
Node 36: 91s9ea4 bgzncle
Node 37:
Node 38: thszdt3
Node 39: wl8ffuv
Node 40: 15ljhrq
Node 41: x6etckl
Node 42: 0qf0oh5
Node 43: kqh5st3
Node 44: pp8vydm
Node 45: 3h3n567
Node 46: usgiow8
Node 47: mpegr3d
Node 48: djgn0al

Node 0: 01nrj8y 2ks9x7k 81ojur7 cis9we5 o09ix9t q15js88 rzn0fa7 wzxj817
Node 1: 3b6z1gb bxpnw0h yyrgn2o
Node 2: fv6zjx9
Node 3: 1o1pln3 2036p1y cuzoqdt hb4rd6i
Node 4: 7r90fdr 89ol25k exp95u3 siuu7sm tx12vuc u51afry
Node 5: n6sxrui pvrlfvm r8byy5x
Node 6: 0jjurjj 5gl5mlp 6bje681 6y527rx adysxzm g2fc3j0 hx5u8we kinn3k5 kp6znh1 om8qe5c pzk9r6t
Node 7: w92e4nf
Node 8: eiqtorl
Node 9: 49uacxn b48sq8d q1fgrav
Node 10: 6rzn5c6 md4cbko
Node 11: b8cdos6 mdgdhmz yug3cq5
Node 12: woke2f2
Node 13: 8yhx4kz xptf397
Node 14: 6hd0hsz ka8itmq
Node 15: 2urlavt
Node 16: e6vfunl pbucm10 v63oclk z9wtqd0
Node 17: 27oque5 eupr3ah p1syum0 zmqaihk
Node 18: 7jtu349 ecuc0fd lm56jj4
Node 19: e2o7kt5
Node 20: j6ndil9
Node 21: 2opyisr
Node 22: 6ie1mnh lcs7wdw
Node 23: atm6u3k erslp3w f0h8ax2
Node 24: sg1cbne
Node 25: g5ujzm5
Node 26: qo9ff9y
Node 27: 3ua4ffx 614idsv
Node 28: a29k2pc
Node 29: xlqe5q7
Node 30: v218o8p
Node 31: 0buehmo a2uo418 x6szahe
Node 32: 36utrkl 7kikq9f i2oewii
Node 33: 8i5xmuv
Node 34: z3hth6g
Node 35: 8z7xreo
Node 36: dpavngk itijxio qlorvas
Node 37: m7lbb84
Node 38: w2xm71s
Node 39: 7euyxan
Node 40: 5dhp6ri

Node 0: tub9aqo
Node 1: byx59it y6i175d
Node 2: b5q03ra hfdwig9 hn4pvrh
Node 3: pynu4hi ufn79py
Node 4: 087xno0 336s8pv 3v0kel5 52c5x2w 5but8s4 5ulgyh5 6liartu 8oem4jz 98ld5ke dfkbb03 divafmm ga566q8 h2gp8ea p4jc0kk slf5olm upre0zk wx0j5dl xccbdi1
Node 5:
Node 6: s7xzpni
Node 7: 84absak c2cycf9
Node 8: jjhhhnm o7qpuyj
Node 9: rm7r7fl
Node 10: 2pexwgq 4tu8c6i emx1jh8 fpmpfe0
Node 11: d1b6zyt
Node 12: 9iasea5 dx7qrp8
Node 13: jvvmet1 su8arhv
Node 14: u7951cd wgqwm7r
Node 15: 13yka7s 6qcm7x9
Node 16: gzykavq
Node 17: ul8m0w4 x61srxj
Node 18: ktjyu6x
Node 19: d4l38sg l4ago1j ubar0y3
Node 20: 10tymlt
Node 21: 5euz2wc
Node 22: 8ziffw0
Node 23: q2x9a1q v1ogf8a
Node 24: pr1eoqq
Node 25: 959m8cw
Node 26: 1z0q2gi 3ephv8v koqpx2o rt8shqh
Node 27: zzsazr8
Node 28: ve88ggw
Node 29: hesvftx
Node 30: 9705xvs ocvop1o vts7q8r
Node 31: 3k78acw
Node 32: i6i7t19
Node 33: xi75iga
Node 34: 4orgrvz m1bea6f
Node 35: oqktlo4
Node 36: zbd7bid
Node 37: coxx88f
Node 38: dvob956 oxoenq6
Node 39: zluk4d5
Node 40: ay0k9fe
Node 41: d4lixol
Node 42: hq2njq9

Node 0: 52z58i6
Node 1: lmqjmaw
Node 2: fmlncld
Node 3: 9nhr9cd n9w0v7c tjq8uld
Node 4: sljui47 y5c0m6o
Node 5:
Node 6: r0wbg2t wnb1vvp
Node 7:
Node 8: 5j2iqrj aj6uxkg kukoq5u
Node 9: 1ew0c1x exq8yqs
Node 10: fkt4d84
Node 11: j5mgkxu
Node 12: yb7lf0n
Node 13: pz1zeud
Node 14: mykc1jq

Node 0: 7fa5pz2 esvzh51 ilg99s8 wj67ytr
Node 1: vjenavn
Node 2: 3e1ok49
Node 3: 5inlv08 amew2c0
Node 4: wjxp5aa
Node 5: cjnkhir p7by96g szgp76r yi5f16d yu25040
Node 6: bv267uh c23sg18 dlz5238 gx72t73 pqynmvm w8n58a8 y7gkle5
Node 7: bnt3twt cdxh115
Node 8: 37wb66d 4zxmhtr f8i9tvl h2hg0wq i83bwqj vefqqla
Node 9: 5nhry9y ap8hja8 qzats8p v91uqyf xfgbmiu
Node 10: 2k9pxe0 6cuvldr ad7flw9 qwany9v umdhu64 wno6j7z
Node 11: jtyuiv9
Node 12: 50243rj 6tk7q13
Node 13: 01zp8b1
Node 14: 6koyjsn 9ftawqa a9anjc7 bsmsz78 jix0y96 rtsce4s xi1dong z662eqa
Node 15: 7num1qm aqknz72
Node 16: ohp8oxo
Node 17: h5mtl44
Node 18: 9s38fsu cfhm2el vyy1fsg za4jcop
Node 19: l3ych4b
Node 20: kcmxjpy
Node 21: i2fnek0 rs6msk2
Node 22: bonc91t kir8ksj
Node 23: lyw5ofq
Node 24: 5yqlvkv
Node 25: 6mjl7ou iayarao
Node 26: k2x1wz0
Node 27: pan2hca vjuzm6q
Node 28: s0vsmpx
Node 29: ouqcwg2

Node 0: qvwwapw
Node 1: 35jt18b 36kmfqp 3wieu5q 538o05x 8g5uv9i c5r2rk8 f6w4rkt gthdazd nfdkxrt o3wig9z pgjln9p pku4xdq qq4wguo sshvtfv uul24xx x4uih5w yo4ga6q
Node 2: teqn49k
Node 3: en935zf r1ssll4
Node 4: 447vmzv
Node 5: 52ql7o9 9lcvqoo jturcza nk1jjet v0rs6x7
Node 6: sbzpb9s
Node 7: ye4trgj
Node 8: 1bgksoo 79vepz3 sa3wqqg
Node 9: 1i635pc g6yqhh9 j29gxpy nvxtj9u wkleo3d zwxftmf
Node 10: en82qfs
Node 11: am3z2fu cho1c6j edlzhed gwc074r
Node 12: 9v8bg77 mklms8k xqnx2oj xxr7a12
Node 13: t8iwqpf
Node 14: 4hgwc3i ylhudd7 zempuga
Node 15: 9svuhve
Node 16: olmlqkw
Node 17: 62bv4tq 9tfi5dc ocotibv
Node 18: g9vvc71 h0rgu6u
Node 19: kqy956z s1f1dae
Node 20: xz5yur4
Node 21: ucbqgkt
Node 22: drmtuyy
Node 23: jjkw6n1
Node 24: o34azhm
Node 25: a9vz1sl e1l30fe
Node 26: z9qauyn
Node 27: bv82vux
Node 28: cj72o4j
Node 29: k7j82l6
Node 30:
Node 31: rokuv17
Node 32: fmgp7cx

Node 0: 14ush9k 3ayzq4s 8t8gdul 9yhxtoo a5hbk64 rms72sc tc1njte xgb6v8h
Node 1: 0l7wayz 5rte13c 7c7xnaq e17ewss ehcpod5 ez3rsl2 gpvk8hv idtmpto octy2mo u021smm xvd495c ynhg0e1
Node 2: 5ddax7d 8jiln4j
Node 3: bx8thc3
Node 4: jodvjhw rktjlbo s2da1xb
Node 5: b64zm0a sbxa9kr yyr0zym
Node 6: 8id0kx2 krcg1k3 siojbhx zlj4zt6
Node 7: i8wputx
Node 8: 66v8rkm bcrbc5x gs79j5e x7wadgk
Node 9: 3k66eyo a1s1qsa dn7epng du7nunq k4d72r4 kgd1rmw mx8kcnw o4u98ky og3p19i qsq9och soq0t2o tmi2wj7 u2kadgb wjc83v5 wup84yj
Node 10: yrcaqwv
Node 11: crilv43
Node 12: lbpo56x
Node 13: 87ft0n7 gwbqkfx ojzcasi w9x5ej5
Node 14: hd3x7if
Node 15: nct5cg3
Node 16: igqlbr5 thep150
Node 17: 943qgqg
Node 18: 63d4osz
Node 19: ihvysrp wwiq2mx
Node 20: a7mvyxh
Node 21: 3lkxh9d
Node 22: xp1pn7v
Node 23: opzsyvf
Node 24: z3uz5b3
Node 25: t3dp7pq
Node 26: 3055m7p
Node 27: xdybfv3
Node 28: qh5b5nb
Node 29: hri5pgp
Node 30: 66l7ium b0ssi8b
Node 31: vglp8j9
Node 32: nbm3bbl
Node 33: yuq549z

Node 0: 1b3m8u2 1lguguf 2hennnd 4vf1xdc 9tfyk21 da30tcv eecmxjl i5t810b iyedumr jk3bkl5 nc6uhcr nl8bqs9 o9y3ubw sh2qk3k u9304a8 z99qh4u
Node 1: 47go310 kvx9oso
Node 2: 23a85a4 2cbsk19 amdukuy r04j4g2
Node 3: jjj1n72
Node 4: mzfbtjr
Node 5: vl970cy
Node 6: a2stixw m4g1j3x
Node 7: a8o4q0d
Node 8: 80oivsc

Node 0: kqn19id
Node 1: 7i8gr21 9kw27u5 u670occ vc12osc vwpztnu
Node 2: oquch4c p4p5kcd v57yebg
Node 3: 0cd0tv5
Node 4:
Node 5: s3c0ugj ubo5nhu
Node 6: 8gfyhma fq7ev7a
Node 7: bgx3su4 dgshvlk w638tca
Node 8: 8q3amxh d4v2wcq
Node 9: 710y3wc 8kcuoap 9xypzzg p89l4pk rewojqq
Node 10: 2omkyat
Node 11: de83he4
Node 12: qvqb817
Node 13: 1tmk9yr 6lx8yai c9d48lw fqovpjr jrl33jg r0o69om s9kcqks yg3i2vx
Node 14: ujkd8bf
Node 15: 8gbszg1
Node 16: 5ui6y6d z49zer8
Node 17: wqudb0w
Node 18: t55nhel
Node 19: qsgi5y9

Node 0: 1swxhrc 8pikl4t et9meqf suvzu0p z1m0rgg
Node 1: j8nmwvh
Node 2: 3egy4dy 598frob 7hie3ke 9f9mlxg cddttxg lb0m10d nciw72v nwcour6 oba0qts vmvu2sc
Node 3: 4rsrsm9 4y2iddi 5mwkdo5 8wf7hb1 8ydrged 90uc7pl akdxn8d dppo47u ifjiakr li96wgk no2xky5 sv0qsza u8vzg7u xflftg4 y6jg7mk
Node 4: 30px4g8 gade8kg loe5pkh mbuauwr ucqsdze z4n53op
Node 5: im4uw5x sprghie
Node 6: o68rfrd
Node 7: ru4r59m xxeulka
Node 8: sgw5qgt t5rhrvv y28fo5m z4b2sfr
Node 9: vs1wsp1 xeet0jz zaxwg8d
Node 10: a9fv2wt
Node 11: 8xrja27 k7qk7v1 lcce05i
Node 12: y7dpcb9
Node 13: 3korea2 b40y4tp jk3n5jc
Node 14: 0lsch5g w30wgy7
Node 15: 5cqm1ti ct54fu5 k458mcd
Node 16: 327cwqv 7jd3qny
Node 17: 3lucdy6 6960znm awloknn dbck8uy gly0dby q57lphz thov0xu wy8lfv2
Node 18: ppvm5al
Node 19: 5zl4h6o
Node 20: gxgdbtc
Node 21: qanlm1v
Node 22: oo3jaa2
Node 23: ehhwtu2
Node 24: sfb13w8
Node 25: 58pb08x 94rxvaw
Node 26: t97syfx
Node 27: t0jgt0m
Node 28: f7vdxma wcp0h2g
Node 29: 96tefap a7bik7x
Node 30: 6zxvazy p494xq9
Node 31: 4c2gkz5
Node 32: nz07fgr
Node 33: 5dboxck l2gquze
Node 34:
Node 35: 8tao5bo
Node 36: b4903ny
Node 37: qzwq6nc tlhpwy9
Node 38: kwi6z9y yichzwa
Node 39: tdtgpto
Node 40: 6wbyqhm bldei05
Node 41: 639530l tujgpqa
Node 42: chpwkqo
Node 43: 4so3kwl y1m78e1
Node 44: fc82uie
Node 45: 0i90nzc lre0539
Node 46: iymx721
Node 47: dsg1y8l
Node 48: 6yj0ou9
Node 49: flo7yrq
Node 50: pixunqn
Node 51: ztx1ia0
Node 52: 6rg2xxt
Node 53: 0zh0esj z0k3pid
Node 54: 2jli4e2
Node 55: f9t9e11
Node 56: n6osi4c
Node 57: jttdxf2
Node 58: zh6ggho
Node 59: tu6968j
Node 60: boutznd
Node 61: 0if2tem
Node 62: asd2iis
Node 63: gisco9h kx0mjrd
Node 64: spudqzl
Node 65: m6d6u9q
Node 66: tau066z
Node 67: 689oyan
Node 68: 7yo6fwg
Node 69: vz8c8q1
Node 70: 9t7xff1

Node 0: vakpsv8
Node 1: gmw4vcp mr9gqfl nfprq8l sj6l8f6 t82ddf7 vcdl6e2
Node 2: 3gybsz9 km0kg6h
Node 3: vvf7ghk
Node 4: 7c55rxm jepiz1i
Node 5: 7zzn766 vd7qqwk
Node 6: g2zd4ng pukrhfn y3i9018
Node 7: 47qbhbs
Node 8: uledtq9
Node 9: j72wxcv l5apvd6 ocxjp3s vci1k1f y7mrnxk
Node 10: 9lr9a01 i3s88b5
Node 11: 66p2j9y
Node 12: zr31l6l
Node 13: 3c58c7w

Node 0: 0wpd9mm 6m76cup ao83b1l iy6d4hf
Node 1: m34cwpj
Node 2: 7paab87 xroo72l
Node 3: nr2nfc7
Node 4: pymbk2q

Node 0: hzi4uqh mrrvym7 rfdg3g7 u1u3dvr
Node 1: 1m2z9cy
Node 2: acthngs l6fc1b2
Node 3: 1mvdr3d

Node 0: cbynv4z evssvyt gncnj23 l47oped m2dyrib
Node 1: t3b86ft
Node 2: 5b29t5j
Node 3: zygqubv
Node 4: scyr559

Node 0: f5jm5df
Node 1: 1xij0gc byqhbzh f3dszx9 pv6isri qrhgyil
Node 2: 0cq4kgj 3sigdnt acr3dcj d4546zo ef9lexe hgmttgm k4aojyr koyinm0 nuzw1v9 wy9f7hu
Node 3: bbrb6cs
Node 4: qvkgisi
Node 5: 8ywoiwz hy5lkhl i4c248b n422573
Node 6: 01r1mjb 6s7dtka kadtlm2 xxfc2xk
Node 7: 9d3v154 rg1ylxy
Node 8: d8y0jhp n8532us nggxrp6 q56633q snklwov vncwllw
Node 9: cora930 pstnovx
Node 10: bjllvki
Node 11: e1swna1
Node 12: t9kbkzf xxe9h5g
Node 13: 0aaazmc t2yogc6
Node 14: hot1dvm ifeynan
Node 15: li6okbv ob3g9rt
Node 16: qbzt87w
Node 17: 7rd9dag
Node 18: va3jmu8
Node 19: pepvtlw z6ln6pt
Node 20: rms5hxb
Node 21: e74bjkq
Node 22: 6jqz9nv dg8x2ap m77k14k
Node 23: rp8tp0r
Node 24: vo1amuj
Node 25: 1n71yaq
Node 26: y3bammi
Node 27: 1horhc0 skcwwv6
Node 28: mgc46c2

Node 0: 94v9drv br9cal5 jz62uhs q552bgf wekiv2f
Node 1: lukavlh
Node 2: dtr8aqi o2mgdhm rhpe7fe tjjdrzn
Node 3: 4j0qg3b c64ap06 tqsyaku
Node 4: 9flquvk
Node 5: 0tay5ms qov3ce8
Node 6: ysgw5ki
Node 7: 3mw8qha 9u2dcwm baqii3o rxr0ase
Node 8: d35pdy4 kvqgahn v7p7fvj wvdeai2
Node 9: tyzu9q0
Node 10: bk0hqit
Node 11: d52k4bq
Node 12: 8836krh
Node 13: sb4r8w4
Node 14: ge66uei
Node 15: 2m5tjf6
Node 16: kkqsjxa
