Node 0: 2e40lah 3wi41rr 8g7odjs 8ijvvpy 9zweofi cccq5yj csp72ms hqv0yk2 imzln4f nvmzygg ovclzpr pk5ytbt q6joe23 s0j5kh0 v6m70r4 vhsk85v
Node 1: 3ayb8wl mfnf9b4 qkegbxg skq89od y5mh2r9 z4jz2sz
Node 2: t12q9jt
Node 3: 69pwz7h dywswaf
Node 4: dm1a5d8 le9wua8 vy79bl4 yvqy4se
Node 5: nbd173x
Node 6: 47bdlpc bubgcqx ctaz1v4 pojlulq zejb0ne
Node 7: q8rlcz2 tpgdqdm yazqwo6
Node 8: z5z9f72
Node 9: 7nyj89l l0i3a8l z8rgg35
Node 10: yb9r9zq
Node 11: ydjg55q
Node 12: q4inpw5
Node 13: lew6pd0 ng0qsma
Node 14: 77mhjh2 ad6m5ot hzp3nq1
Node 15: gbuyp0u
Node 16: 2ocm7z0 6w7033t
Node 17: ep56tl2
Node 18: 19p7f19
Node 19: 2whyzcp 8hdpqro 9f7ec8v
Node 20: 61wmr06 dfmqg6j iguxcj9 pkqcgco xm6nhj7
Node 21: 8mjz1jw
Node 22: nbqyjz1 qr0qbc0 w54qjub z1n0u1c
Node 23: ymjh1b6
Node 24: 74lhw16
Node 25: a8xcqhh dc0vm3h j9h4wzd z88a8zi
Node 26: 5eb3rmi 5i25yxb 7yr9e80 yr7d6s7 zqkm25h
Node 27: 5vd90x7 tv9z28h
Node 28: dqoo4rn
Node 29: stn7dfb vs8bbrz
Node 30: e3i8grf e7q8y91
Node 31: vg5p6ni
Node 32: hzjmh0a
Node 33: 3kpuu79
Node 34: d79padt
Node 35: 800za3h
Node 36: r2hd1se
Node 37: shs8gpu
Node 38: we9ct5o zwxkdhb
Node 39: 8ilxxuo
Node 40: 83se9ki
Node 41: 16mf8ce

Node 0: nyvbee3
Node 1: 1yj2vb5 23zqmx6 4d64d53 66fm4lv k18pet1 pns3hvk uyyykpk wmp124a y0lj0q1 ytj99x4 zayjrdf zvpps76
Node 2: 1ryp63u 521kgvu 8b4vzgx c08cc0m frxz80k xrvycs2 y28b26v zv2icmc
Node 3: 1bxx4a9 n8t4zwm nnkdrq8
Node 4: 0yqko11 jsdkpb1
Node 5: g489n5p
Node 6: au4ktq7 i43ptdd krsupbp zysv2v3
Node 7: 6ezvz8n i9vvvny odpa7cm
Node 8: 1yxtlu6
Node 9: lii60gh
Node 10: ml41o46
Node 11: g11riep
Node 12: e6m92au
Node 13: r65rxqr
Node 14: fnmwfkf nzgol5g
Node 15: mciazk4
Node 16: rsdmubs s05d6tu
Node 17: axna3pu eowcked
Node 18: 7em8lcl bpw0a25 d48py1h kyoteo6
Node 19: lac0qmn
Node 20: uzgf4bj
Node 21: lzr3ezw
Node 22: c99q58g jc016k5
Node 23: rq1pmsg
Node 24: hxjv04a
Node 25: du0ntor
Node 26:

Node 0: 7brxt5o kvlpilm sfy4ve5 t9xdwdd
Node 1: 10xxsfa a2cnwpf bfdbb63 de6098h euo9vy8 g63a9ia qzhgx5m rtoqoyc
Node 2: 2q2h8sj erepc8t
Node 3: yxvwx49
Node 4: rcvh690
Node 5: 2lkpkzq 2p71o07 pd2u9t1 z043lg6
Node 6: 5jc9lwf
Node 7: 54fwugo
Node 8: krhbfy7
Node 9: 3j9d6cp 809b5gs 9sovfvv cb7oetb hvnht8k qyr2ku8
Node 10: bdgq3nx
Node 11: n21792r ujfhxsa
Node 12: i0j5s2s
Node 13: icbuvfk lv9pns8
Node 14: 5d24ujj ixy2u5j op8o7y0 wu713bj
Node 15: anvtgau
Node 16: asddmq7 iyylbps
Node 17: 1zhaj42 zeqlboa
Node 18: ohjep1m
Node 19: b87bvic rfsc1c8
Node 20: as8gcyx
Node 21: 4caorj1
Node 22: 0luwmic
Node 23: uscljx1
Node 24: 1h0iyiw 398919s 92hqml8 c1x4lrv gfbseyq ggcs9ot nm2738j y7eap7e
Node 25: cy0j4wf
Node 26: 09dp6fj lnvvrb2
Node 27: ci4cnfw
Node 28: 0dg1dtq z04vsgp
Node 29: jiubnnh y56v5y1
Node 30: sn66rcp
Node 31: kn335oz
Node 32: 9qdoeli rlwvugl
Node 33: pt8g5f2
Node 34: 50genlx pq47lzc
Node 35: 02e4nhu
Node 36: frepmqr nvh7jm1
Node 37: 56apbld
Node 38: 2qpqqjj ijvczm1 t8n06u2
Node 39: slzjsel
Node 40: j5s7upd
Node 41: un7vy9e
Node 42: 2l299w5 mm7dck4 uejnccm
Node 43: bredrhv
Node 44: 019r2o8 338g9g1
Node 45: g3mohmj
Node 46: gwp2dij
Node 47: c82mevl
Node 48: 6y6ic27 9x0oazh
Node 49: joiuimo
Node 50: 19e2fup 98qc8pd aezmnx8
Node 51: 8uui0pq
Node 52: aywi7qj
Node 53: ypgbbny
Node 54: y65kuwt
Node 55: m3aj064
Node 56: i3npfx0 r2y9a8x
Node 57: m71iz82
Node 58: hj8lsq9
Node 59: ixdm25u
Node 60: olbsaym
Node 61: 6g3n4jx
Node 62: fotrhbq

Node 0: dou03yf gikom3i h6vk2m5 jq5jetl mj9qx6m owrc9ys yei0xjc zpiyzfl
Node 1: daomkzm
Node 2: 4bkiofz vq0tdtk
Node 3: ekpc9fu iv9juzl
Node 4: 55is0ow fj9tllx laxwom1 wkoiaxp
Node 5: vfw3o9x
Node 6: a0gs122
Node 7: 6mo3s4x fndlg9y j598b8g sqfj4oo vdyiawy vyxmh5h
Node 8: a0jlwl8 enbgdht ujx95yc
Node 9: 1vd74vb nfowvie oo5c2my
Node 10: sfjy64b
Node 11: tjl3tcn yd1ka9t
Node 12: 03ctaba
Node 13: 3khq8zh bwripw8 tmw9xrx
Node 14: 0kg8jlb
Node 15: 19xvrbo 39kzhap
Node 16: 0nkopw3 24en49g h3p57a8 ky64bd6 phwuaey s3fshpv ttwpwap
Node 17: o5e0bn9
Node 18: j9bjyd0
Node 19: d7b1ysy z4q6fhj
Node 20:
Node 21: i41rh4t q69sh01
Node 22: 4du1qfb vnvvrzb
Node 23: pwp5jiw
Node 24: i3uerl1
Node 25: 4r6ni2n fntasok u3cbc1r
Node 26: 9bm6azf
Node 27: qou98w3 rzgohdz
Node 28: o2db4tx
Node 29: 0jygtym
Node 30: ljo49h4
Node 31: jvec7pj
Node 32: yg3putc
Node 33: 0qn82w0
Node 34: 54a8ppw
Node 35: utnoi6o

Node 0: 4dmzl11 67v9wjn dy3i22l hcvneok mycy3nz rsp7vzt ycot40z
Node 1: k510k4v
Node 2:
Node 3: 0tozylm 8vzcgsx 9ow9fcu ajyb6gu awziq5x fkr9tuo lsttiqc nqz2iom o18x3mj rm869fq w8p68eg
Node 4: o2xl9j3
Node 5: 525jdgf 96vi4ox
Node 6: pepfvau
Node 7: 3plvslc 5kqtp95 g6yuclf gcqqsuu h53lre5 j10ssmg jh3r4t0 zhsfcz0
Node 8: 6yyvbj0 h9iv082 jkpnjj2 vrp6vx4
Node 9: ezfthlr kvkmiav
Node 10: 12rr1vr s1a32e4
Node 11: pitq7s5
Node 12: l1rnllq
Node 13: ljc9owa
Node 14: 5cs2aur 5hsgeg6 btik58a epwto8l
Node 15: pz5m5t4
Node 16: ez8gv98 imkfhwl qzqxdpk
Node 17: 4045t2r a87hyrs fnib5v4
Node 18: nvnd3x3
Node 19: fcn6pej
Node 20: gokrt8d ktyxwja
Node 21: p5n45dw
Node 22: 05584k1 rst8un9 xep6ctp
Node 23: jicj0hd
Node 24: uwjygnk
Node 25: vaci8es vdcu910 x9ry68u
Node 26: ld8k2la
Node 27: mfj8xtu
Node 28: mqv2j16
Node 29: z4fvqw0
Node 30: dm8eua7
Node 31: nab175o
Node 32: 6hqvxqm xw82gs0
Node 33: dtfheki qoqto06 zncpitq
Node 34: 1n9jvgx
Node 35: l75lka6
Node 36: tgkpxm1 x2wjvtm
Node 37: f08qmc7
Node 38:
Node 39: oryz2qk
Node 40: lv5ttu4

Node 0: glv0pjh x6pc3ao
Node 1: 603uizy fnqlc5d hxw5kfu
Node 2: 589zupy
Node 3: 43tdet9
Node 4: d1nfxur uqt8x1u
Node 5: is3negg
Node 6: 1k2ymqu 9s0leno k45oqpt
Node 7: qid8cak zqan3dw
Node 8: 0hfvepq bhubb3i
Node 9: 2cc4l5p 5tjg6aq
Node 10: 2m1su67 lhqci3r rc4a016 y18cfz2
Node 11: 5g01fu0
Node 12: h7039hr ymgxx1s yqc6ow0
Node 13: aqchn9x lr2retw
Node 14: 3n1wass
Node 15: r5uju6m
Node 16: 5ge0otv
Node 17: 01kie3j
Node 18: g50si8x
Node 19: 6bboxrf
Node 20: oyuyxin pnl21cy
Node 21: q8vn1dh
Node 22: tioq2zw ws6yuhx
Node 23: 3qgpf0g
Node 24: 0su5gr9
Node 25: zzgr07h
Node 26: hr5udi4
Node 27: viaqora
Node 28: 31c1tsu
Node 29: 1vzlsn0
Node 30: tnkwf5p
Node 31: 3o1czib
Node 32: cros5a5
Node 33: 1wfmrpf
Node 34: muww132

Node 0: 3uevhjt 422omrn 8v85x0u
Node 1: 0twdnw2 8ckbznx abdqpfd jwuuexx mq4cciw nq1sucx uxmozbu
Node 2: 5gabq1e
Node 3: 28wguqq 67tsoi8 imc65b4 iy57shy k21czh6 m8f17w9 mtqnw3p re863dv sujwb1e y1tvz0l
Node 4: at9wj7u g2cwyii
Node 5: 9boqsva
Node 6: rneqd3e sfpiusp
Node 7: 3wu57z5 bmzap56 ywfyof2
Node 8: 63ojump
Node 9: bbd38fd dh12gds gnetnjx nglpanv yd8szgu
Node 10: sb10cmd
Node 11: c4sqdub
Node 12: zyxuwmx
Node 13: vnvayy5
Node 14: zlpnde7
Node 15: 0ejm827 rh9i9sd
Node 16: 2dxho8h w0oaycw
Node 17: 16kjr5l 5nxkt4w aj7jcik s7fpn51 wr1k6vs
Node 18: ahsfrgv
Node 19: qg6e5f4
Node 20: 8beqwl2 zg9gj7i
Node 21: wuhyi1n
Node 22: zusoeps
Node 23: 37mr5f5 hb2kmsb hfkrkju i0rbrza i4q46w4 mibbtmu xoogo7w
Node 24: f9yhm99
Node 25: ry5swtj
Node 26: i2nkkqa
Node 27: 8cury6u yzv9ikt
Node 28: mx7e5aa
Node 29: ns0a4o8
Node 30: d7yjsqv vs8qq4z
Node 31: 996ey2j
Node 32: gysw6k7 heew4gb o2rudy8
Node 33: vhlaqa7
Node 34: j0s0pwp
Node 35: ptz84nq
Node 36: u0ru9i6
Node 37: fgtn58a
Node 38: ifhunpb uok5dtb
Node 39: h4ovhxw
Node 40: xcrnnx7
Node 41: 0c5gn1d
Node 42: rkqwc3w
Node 43: wjdrhsb
Node 44: uz7rv22
Node 45: qkizo7y
Node 46: x02l7ze
Node 47: 0iojos4
Node 48: 5380pjr
Node 49: mhq8gdh

Node 0: b2o0g1q in21xc4 lojdsbi mmo31nl z29o1tt
Node 1: 2g0s1lg
Node 2: 9z3uw47
Node 3: 049o8by ji8ubzs
Node 4: l8khwgk w87eo9g
Node 5: 3pev930 7j2i8bk a0krltr k175ytj md8jak6 mzquf43 q841ix6 ud24sks w72jc7z
Node 6: jtf4an2 ti12k5s txfgj2q
Node 7: 5w2mq1c 8zox3qo aip3y4c fqdpaj4 k3ee207 n224nnd o7ghpky rzndxpj w3ddtrk
Node 8: 2kflzd9 cqdduld
Node 9: a4oowqt ezupnpp
Node 10: h9tus4h p4t4sc5
Node 11: qbdgtt0
Node 12: 9s8mlh5
Node 13: agd3yzi
Node 14: es2p060 iegxmdw zz2k6c4
Node 15: fjcro9x fpc4i0d
Node 16: 495k0lr w2omtna
Node 17: 9wpbqsg kgm2i4o
Node 18: 1eisbt3 2c3pubt rgltwyi
Node 19: nckoill wo409wc
Node 20: dn9bpgq k4ltjm6
Node 21: py5afk2
Node 22: bqzzljk
Node 23: 9696hzk
Node 24: 3z4tqe8 92b7qr5 snsvx9z xu84z29
Node 25: dp1orn3
Node 26: e6h0fwk
Node 27: ndh3e51
Node 28: jnqc12c
Node 29: g4gb83f
Node 30: za8kz3y
Node 31: 7vsfsan jj87l26 ldjh120
Node 32: u5r2him
Node 33: ku3ktfq
Node 34: a7iw01f
Node 35: rf8ug2g
Node 36: dhrgo3t
Node 37: 6m9os1q kgi8o0o
Node 38: vvfyty2
Node 39: uh173ms
Node 40: mp4v3ow
Node 41: q0t27n6
Node 42: 76cxl9o

Node 0: a4p21zu iiciu9y izana0d nh1dnll r4gmumx
Node 1: 8v5qcvy eav7psg ikird54 l8919v1 vknio94 y6txzqf
Node 2: rz06fps
Node 3: 3pe76re
Node 4: c2194aw i1u3qwz u4myukk
Node 5:
Node 6: 483fodc 6fjiaxx
Node 7: rbl2t76
Node 8: ge2e6tf hn3evub jjunhrx
Node 9: ej0zjrb z8euj51
Node 10: m0lnnff
Node 11: 1kiyty1 hfhx4ii qhwmmkv x5slfep ynvz78b yy2g7s3
Node 12: 0iel2tb
Node 13: 3ezsnu8 r59kag9
Node 14: c2km7gt nuvlm1x
Node 15: uh11y1c
Node 16:
Node 17: gjfzhya

Node 0: 0kvqjcl 2ept1f5 53nfpe4 d4bd3wo eb0vmm3 g016c3a yj2x0mh
Node 1: gvjlene
Node 2: 1lyhuhj kuhpijq
Node 3: 9bwjlde gq0sks1
Node 4: 4ijgb31 ejstweb qptkpu2 yteysj3 z6bc27c
Node 5: o7ron5c
Node 6: 964kee3 iyvn5wu w8unpdp
Node 7: 3ibja3c j1mvulv
