Node 0: oii12pi
Node 1: 43k1pp6 67k5rab 8a1cr2w sypx69w
Node 2: m4toth6 wq6esh0
Node 3: 3mkcko8

Node 0: ntd157c
Node 1: ddqu6ux gwwew8q nqp1daa
Node 2: 3e7c04f 79d5bvi sylv0e3
Node 3: bnp6c7y p9ri9q5 qfd59q6
Node 4: cgkcxxh fboqblx ti773sh
Node 5: t9ulqsq w9en121
Node 6: lguzlhq rmyusdf
Node 7: 39rkzhv o5b25u6 pe747z3
Node 8: 67x8uvq bmz7srv ebacu3o fux1of6 ibqmtcl m1dm7hb m98jxox qvoxtxa yfmt59r yzi7244 zxeahll
Node 9: 7dpdznn j5g67zd x0w3d12
Node 10: d7obw1b
Node 11: 7louuzh yp88ymf
Node 12: cz0w471 jdph2o0
Node 13: 8lihtl4
Node 14: mwvesdi
Node 15: 2l94e10 3gjoz7i q830k49
Node 16: d8v1z3r ljy1wtf whrttd3
Node 17: yk5i90s
Node 18: qwe7del yos79tq
Node 19: dlupoi6 qs7o2qb zwzhsnj
Node 20: 1xo1car
Node 21: 8p2tnqd 966khi6
Node 22: oxtzgpc
Node 23: jgswgwm
Node 24: g0jevdv
Node 25: 6w4nrpm tw23rcs ul78cd9 zwwja7s
Node 26: ez8qsg7
Node 27: 74kzi06 8hspkk3 qjka5g5
Node 28: uqbp14s
Node 29: 9xp3fr2
Node 30: jep0mky p7ceeic
Node 31: e9elra1 vy19kzw
Node 32: hd5ag44
Node 33: rp51col
Node 34: 27h5a0u
Node 35: kkci2a4
Node 36: 18qqckv 1vrh34d ljs0czy p1s8vgc
Node 37: y7uqwjw
Node 38: h3qn7li tsbw3rp
Node 39: 1zzgmwb 7t649iv
Node 40: r805kht
Node 41: ag7z3qm
Node 42: 6zpsp68 c2rieeg
Node 43: ymwqkai
Node 44: vw3kitn
Node 45: 2jdt9na
Node 46: ijlf5o4
Node 47: j1tluz6
Node 48: o5n3bps
Node 49: ltp315u
Node 50: t0gmwwt
Node 51: oo0kjem
Node 52: 7jwh67l pogojas
Node 53: 8ygseum
Node 54: 14u65vg
Node 55: hdokfzt
Node 56: tq1w3em
Node 57: 7v2nzrz

Node 0: 4dni3st asxjfgv f6pakpu grs3g13 lv093lj o4tuo1k oa7tjje pxb88qw
Node 1: 01tb62r 1mpfp0p 25oga95 5gw3td6 6ee9u3v 6fdmi9j 6w9qf3g 8sbcivq bhbzbjo g65ck4g p2nssif vsqpx5s w02zwcb x2biv0i x8hpjpo xya7zb4
Node 2: 98e1tqn
Node 3: svfyk2k
Node 4: ft2fpp1 hf0kg2x
Node 5: irjc07i
Node 6: cu62ojd pp4u7e0
Node 7: 0nyujmc 5qvvde3 jka3el5
Node 8: ncw08gw
Node 9: 2wyayb7 3zpmhyb 4nvytfr 78scb1z 84pts2g kqg61ql lhfz79a m4yngo4 sits94o uv62qxj z3px0m4
Node 10: 1c36x9d
Node 11: 5fn4qnc nl0jsab z550tnh
Node 12: 4n1cio4 lp4c69i vipw3kl
Node 13: o9hsvyl
Node 14: 4it9t56 hjkoyqv
Node 15: q58b0ua vi55oey
Node 16: xvr73ez
Node 17: i61i3sh
Node 18: 65rkrgs
Node 19: icgqiz2
Node 20: zd2rb17
Node 21: jhuun5c qy5edsw
Node 22: egrn6gy satgllu
Node 23: 0q4hh8l cgqsq26 i3g4edo o1bq3q7 qaxi8ol uj059kb
Node 24: c0v0oqa r16t2l6 sbc7l95
Node 25: yy8wt26
Node 26: ojvjow8
Node 27: tjw9ta6
Node 28: 6y09zvj
Node 29: hsiksm1 ti9u99y
Node 30: 7v0xwnz
Node 31: j238um9
Node 32:
Node 33: 6it69eu 98i4aic
Node 34: nxe7che
Node 35: so3tz2z
Node 36: 77jus1n squafeo
Node 37: syfl829
Node 38: 3p6fpig 44auy4a vanvcdc xkuszdy
Node 39: rj4ywa1
Node 40: 17acbnc vbojdfs
Node 41: 11fy15j
Node 42: vx5tagu w3wnmdj
Node 43: 5d6y2rn lm6dzam
Node 44: cret9z5
Node 45: fwre6f4
Node 46: 82pmgiz
Node 47: abed7p1
Node 48: jvdbtpu
Node 49: gvd3894
Node 50: fhodj3j
Node 51: ax1f0mf lz17xwy
Node 52: bxv3kbk
Node 53: f55277f
Node 54: t2lbcxk
Node 55: 7owr3df
Node 56: z4bz4px
Node 57: onyip8h
Node 58: 93grkrm
Node 59: dtgeinh j746shu
Node 60: 6yis4tg
Node 61: 85wnj24
Node 62: 3gz2zde

Node 0: 7ekl7a1 ah2qet7 dbbt8zi hgc16qv n07h8nr pyyaloa rfhz9zc vj182gv
Node 1: ba8w5wq kyjjj0m nyp3z6d q6siykh
Node 2: dvppsij meq1vxn
Node 3: 3clc0lw g90hu54
Node 4: kdx2zls
Node 5: c3irk17
Node 6: 614zeu7 rbpoekl
Node 7: 8nswfse
Node 8: fzfxust vaqbwq9
Node 9: 6a7clh6 ewg8puw
Node 10: 6rnnh3a
Node 11: s7f1fhe
Node 12:
Node 13: jun0mxu
Node 14:
Node 15: q7dikqv
Node 16: 96ngd0m
Node 17: lhdm4w7

Node 0: 8exniba
Node 1: o46v6vz
Node 2: by71kff
Node 3: 16k82xu aknaizc
Node 4: o36e16j

Node 0: 0c2axv0 85mkqnc b85i93p ktqxtgn sn874j9 t7z9m8u
Node 1: mz6v2du npgqj9u
Node 2: kb3iphk o9em80z rlvasw5 xwjboaf
Node 3: penkkz9
Node 4: 5k11xsn i7jysl5 mjnlr4t ngjbmqf vvg3dm4
Node 5: 2s8o7q8 87z7lmv er9nehi iwsog7e
Node 6: 3x1fjlv
Node 7: o1drezr
Node 8: piyszeh
Node 9: pdqjd6a
Node 10: 2q5hnyo s0b1n3c
Node 11: bxjtrem
Node 12: kswtzxy zbn5d1k
Node 13: fk8de4r
Node 14: bo1g1re n3z4qmj
Node 15: mm2gkj7 vtxhyee z9q5pcp
Node 16: ww3n5de
Node 17: 8x2xihj
Node 18: 1ovd2h7 a77wbgu at4mke7
Node 19: lftfypp xwc3yrg
Node 20: 61r1vnz n7yu0xu
Node 21: bhtkilc
Node 22: zopgnnf
Node 23: we2mksn
Node 24: 8bc5mxr ml9y19y
Node 25: 7w6f0sb
Node 26: 961agbs 9kwi4gw
Node 27: 71qr26b
Node 28: 50tvag6 rp85c5h tclzm2c
Node 29: dd3hodb
Node 30: b6fpgzy
Node 31: 45x3xqk 9u7rckm cghl91j njeukph srpuotf
Node 32: 4pffjyn irmykb9
Node 33: 3sgrj07 a0zb2ap
Node 34: iou5fda
Node 35: 2o039b6
Node 36: 6pe82ix hwfud4l
Node 37: acv62b6
Node 38: o4lra5q
Node 39: nk3z1ds
Node 40: 6t1wr1e coqxk66
Node 41: i0d4a53 u2om87k
Node 42: am5g645
Node 43: rtembc6
Node 44: 6nvwnj0
Node 45: xrl5wi5
Node 46: kwmvmk3
Node 47: 65kzuac uxnyk81
Node 48: lbcbmom
Node 49: 6mwompj
Node 50: 39z7ekx el5gy5j
Node 51: 2h53d2u
Node 52: nbw215t v3e6m67
Node 53: 52o0aly
Node 54: bdygrqi
Node 55: jzc6pg2
Node 56: ms1i6pq
Node 57: tfs7ara wyp14ur
Node 58: 87a2v9z
Node 59: vbtwv8r
Node 60: nl9l9ni
Node 61: umbkhzh
Node 62: g474t05 ggm61a8
Node 63: xxx0us2
Node 64: qzjbb67

Node 0: 2gfnswf 7s69nj2 ixzipa6 jef24y0 kxrylqw lxz6s0c qpj8p8y qswkcnc w5lt5k9 ycu0mu0
Node 1: 09e0fv0 b8z2bzl e1kw4ox x6xsqnm
Node 2: 4eci8hw 9rglw1h f6exdld f80erza zdkvloj
Node 3: hh82e9p ik4jvgb tugguhb
Node 4: 5exiohg
Node 5: ko0apmo
Node 6: c9b311i mbnlfn5 nfx5x0o
Node 7: 0o5jv89 e2qy5ql npft6ou ux6rgrg
Node 8: pqt7w1t
Node 9: cd9vgpd
Node 10: m0mlut0
Node 11: 2b44rgh 79de2l5 pz3umm0 y9ufy35 zv9zlds
Node 12: 4j72bg0 73v8nbz dpi1tr1 h3gzw40 u157337
Node 13: giz1oea zhim9xb
Node 14: 9gh458c fie54dl zs92k7r
Node 15: 7ouwfwf cb8j18b
Node 16: s022nu4
Node 17: 0b3q8xf ft1mheh qoehbak td4cs2a
Node 18: 24t52ju
Node 19: di9kb8r
Node 20: u745adz vaq7bcq
Node 21: 05rk8q8 7rjcmix nlaepto
Node 22: 814kw5j p4v85g4 q5gx7ib sikyy6k
Node 23: qu7i0sh
Node 24: docla1k
Node 25: cpaiq82
Node 26: 7rls9a8
Node 27: bvzags9 odik53o vvqkqg8
Node 28: i1321l4
Node 29: niqfu8q
Node 30: 8a2zurv el048lw
Node 31: spnwe1z
Node 32: dyxv139
Node 33: ducupcr rvvm4ru
Node 34: emmz5as
Node 35: qsmet7e
Node 36: qzct9xh
Node 37: qh9n9b4
Node 38: h2x9t4q
Node 39: badu8i3

Node 0: 02i59jw 3z51f91 5gogy56 6qy8kxq 7jo3x7i 8q5pous 99ntenm bbawt25 jrtg7sa sgkjtc4 sqdci8x wn0d3lp wrf335w
Node 1: 6dfu97n mivpzt3
Node 2: fmu0met
Node 3: 3y9x65p 4796wz9 4lfhvh1 6mmzmd2 80y6sr6 cmpz8nc fn3vpfx fr7eyql g66k4h2 hkpdvjq jqcgjec k7pyx4o msc3zb8 naxifzl py0njcm qzrlsue t8s5wap xg5o0vm za2jghx
Node 4: 13z4s6c u72cq6m
Node 5: u3uzqum
Node 6: 0hf8aek 4b6rvbm g0jpae9 tbbfmp6
Node 7: 3eyswn3 lgpzc73 rxsxhyo x9peva7
Node 8: 28w8sd9 3d2w4ks isr8c3z z1p59pe
Node 9: lkue4mn
Node 10: 5pmaslz pvpxnca
Node 11: 4moebjz
Node 12: gdlc7zu
Node 13: kqal38u
Node 14: 3ynxht3
Node 15: 80kjef8 9s17c9d fhz6e3q go6ne8j j0rowa9 q3iiir7 q8yciec v1vqjw5 v6sqgip vqa1vlv
Node 16: 6p2l006 u173gyh
Node 17: d6ql9c6
Node 18: aw9zmsj i1dh55n
Node 19: ybkkuzc
Node 20: lszdkgb
Node 21: 9llggpt
Node 22: 0bnm570 6yrpu3f em5jqun ox3d802
Node 23: 8xs0dqt
Node 24: ao6zjn0 es7dt8b
Node 25: 1jqc8jj
Node 26: a4mgb60
Node 27: gk9zqy2 um3dkgt
Node 28: 0bejxz4
Node 29: 8gropj0
Node 30: jte8z9f y6tjvnx
Node 31: guajsmy
Node 32: 4q5oigg
Node 33: lkv2r3c
Node 34: n56srtb
Node 35: xdhow84
Node 36: yim833m
Node 37: 92bhdij
Node 38: cd66u64 os2l5gh qku2b7x
Node 39: cndjmhz r8yc6sg
Node 40: u3v33ev
Node 41: 7rhlvv8
Node 42: zfwik4z
Node 43: xrietdu
Node 44: de9ckww
Node 45: g19hlu8
Node 46: wyuz0li
Node 47: qe3u4ki

Node 0: 1vdu487 3vzkmyb 57c8ybz 5zbj0a6 6vea2ym exeykhj j4eek9d uk6fhxa
Node 1: 8bkv6jw atyr1xi gh03sau le3wt2s
Node 2: 0ii595y ev0qv50 fb9yzdz
Node 3: 4pth52z ci6jvve fg1u335 u3naxre
Node 4: 1f4e2j3 xyr1rce
Node 5: yuhhrzi zxde0y1
Node 6: lb9nhsz
Node 7: 2kkmewl 2wxrel4 yzjg11d
Node 8: 4h4p2ip
Node 9: heyltda ujavf92 yzc36ws
Node 10: o8h7fp0
Node 11: yojb2hg
Node 12: 1jolz84 2g86mhd 8wywhzm
Node 13: 32b3u3b 3uv03av c0i7mna obxo6na s0tphjo u71p6tk
Node 14: dzkfo92 eamlnzh pq0bxsk y9tajw4
Node 15: 7ctjjyn rcgbbo5 z6v6omm
Node 16: i7z4k9t yhrhmy7
Node 17: qu8ek4v
Node 18: f7v148z
Node 19: 7vfula4 ih01e96 izy8fny kqxsc1j n42eg4o yxjei4w
Node 20: 57bwhun
Node 21: egao3h2
Node 22: aeg55py xl2uywv ylvjhhx
Node 23: 0yuu72y
Node 24: msmi5jw pyjb8fv qhyzj0r
Node 25: o66bw6c
Node 26: 7pukpo3
Node 27: 10fogwm eps8dxg g0jxg6r mmit3ru
Node 28: 15r2rvb mvo65wg
Node 29: brdmpqf
Node 30: gyo4vdb
Node 31: a90mzqf mpb3im3
Node 32: 0g8gxhi
Node 33: 50xcx08 xm41nvi
Node 34: n87j8r4
Node 35: jeo0z4j
Node 36: qtdc6yc
Node 37: kdc2bvi
Node 38: 7pkxko8 muh6smo zgwhoy4
Node 39: 7opnlnb
Node 40: n62kxd4
Node 41: v0w2gxf
Node 42: k6homvy
Node 43: 0xxkfcs 1a1wd9j
Node 44: g5udfmg
Node 45: i2idbbb jge4znz
Node 46: tqs4y5s
Node 47: shj64fd
Node 48: 44nnjll
Node 49: w95whl1
Node 50: rogy36o
Node 51: 1iwueu6
Node 52: 4l3dolc
Node 53: uykdplw
Node 54: 7m74w2j
Node 55: ai6hlay
Node 56: 6m7eu01
Node 57: b68ulc2
Node 58: fhe1udg
Node 59: yottiyv
Node 60: 8jvj4gw
Node 61: 49gn30y
Node 62: ougk3of

Node 0: 0a3605m 4dw9993 65ai95h bepamju dlyex36 eg08gn9 g25c666 l5z7s78 nj1n9f9 qsdr624 s9tvidx sv77vj7 to2y16c u8c6w3v uo65rhx w7ywrxd
Node 1: 3jiawtl 7tpernq f3ut1go f9q6hg0 h52jdyx m2arw8b m3nawr9 ncg77r1 qntjvz5 ug6iw2n vknzetu
Node 2: 9nhwerj lgmq5tz
Node 3: cbnrx1h e1oze3b
Node 4: 50woxtp nve9seg ok208mr ryfgg2u
Node 5: w8t9ibv
Node 6: kri668h qgijjqr
Node 7: 9mbxzo7 c5060hb nvts8na p2i0e5m rkzto2f
Node 8: 2t2ngjn 9t8ae4v
Node 9: uzgxd0w
Node 10: ruzyiqw
Node 11: ffs0t6e fm7oxfo
Node 12: iiv9vl3
Node 13: c2ascl2
Node 14: k4h3cib
Node 15: npqr7ms
Node 16: q2p1fv1
Node 17: gv5aio7
Node 18: 9kxf20t
Node 19: a9uh1fk
Node 20: sxpm1aq
Node 21: aw1iws2 wdnptlc
Node 22: myxoxw1
Node 23: kocrfnu
Node 24: 0bb54ge
Node 25: libou6x
Node 26: 877ed4g
Node 27: c64xm97
Node 28: jwabiik
Node 29: rgyzvz1
Node 30: 1soyxw1 5qj2btj
Node 31: q6skrz9
Node 32: 85mpz51
Node 33: 80i04qf
Node 34: 63768r5 d3vk93a s0elyd4
Node 35: nylfmxs
Node 36: 1eakw56
Node 37: ukl1s25
Node 38: ied4yg3
Node 39: 7sky78v

Node 0: 2ou3oix 303zq2i 55u7seh jbywl7t saz8rbm ywz5ku8
Node 1: zx69u1b
Node 2: 6fa4f2x 7gs69gk rek6m2i za23evs
Node 3: 8mt3o6v fgyncqk ngj77mm
Node 4: 47fcjp3
Node 5: i5ajar7
Node 6: 5ynu38w
Node 7: gfx7ctc y2qkxyf
Node 8: eb9gc8y
Node 9: 44l4n8i
Node 10: cl2hcnb lp1qpt4 yk3n4q5
Node 11: 49fs87n 87vgcgu
Node 12: bt2do7t q8w65dj zsvzj5g
Node 13:
Node 14: zz4c829
Node 15: ph0dbp2
Node 16: ab2qbhv ef4f59f ubkz3ri
Node 17: okd36a7
Node 18: gzyic65
Node 19: wk3xv9l
Node 20: wd2wh2w
Node 21: jkujpqz
Node 22: 18kq88a
Node 23: emvu6sx
Node 24: 6po55q8 dguqyw5
Node 25:
Node 26: lvf040d
Node 27: 7vcy134
Node 28: n4gg0f1
Node 29: u4jzztk
Node 30:
Node 31:
Node 32: ao61mjt

Node 0: 2gq4770 2lafh01
Node 1: 01t2u3z 6f6j52b fg2sspq
Node 2: 6gqsmrf fbdrzz1 m18f60h qd8l3mt
Node 3: 2nmw88s
Node 4: nv0z7mf
Node 5: 3lj3eqn
Node 6: x5fu7t2 xow816f
Node 7: 2tmsw4l
Node 8: 6fx671l
Node 9: t14tbne
Node 10: t83xrzf u77w9jv
Node 11: 0zh145c ywtdlsi
Node 12: bsd51bt vhyexfe xzpqwez
Node 13: 30aakks
Node 14: pp1w0uw
Node 15: cuyjsrx
Node 16: ak1nm4b lave3lt
Node 17: 4cpf9xp h1gawc0

Node 0: mgfxtvp
Node 1: 95poddi go112d2 jbvzy5i t3lvdcn v1oyq57
Node 2: 5hvs0f7 6koz7yh a7a08pm ebmyjr2 mrtiwud rrtlh16 s0e3kj3
Node 3: 72atjd2 dhww963 t7w1mmy
Node 4: 1bkviv3 26fm855 bfkktt6 efbgp9l
Node 5: dpxwxy6 i7u3w2b xl8rvyg
Node 6: pysacdw
Node 7: 17xq99m 3sp3k1s 3ykh335 awfq27c m7y5dzt
Node 8: 01s3lyf 79cvb1o rig18if v428y7u
Node 9: l0zgv6d
Node 10: t2vj5op
Node 11: 3npom5t
Node 12: 3k7k95u
Node 13: u8gmiqg
Node 14: 33khj69 4dkwc3x
Node 15: pxyipg5
Node 16: r4umi3z
Node 17: 0gz9545
Node 18: 0ltj8qv
Node 19: 8v7jg3c igu75nh
Node 20: yj8bs32
Node 21: dss18ml
Node 22: n81pujl
Node 23: uwxno0q
Node 24: me8sun1
Node 25: bhiu1pd
Node 26: ggg5pc4
Node 27: vq2sxqv
Node 28: 0l5glzk
Node 29: kxx09v3 mlys86d
Node 30: 5limic2
Node 31: 0ogpzvo
Node 32: fcuxgow

Node 0: ho5q14s k71010w
Node 1: 54blq53
Node 2: ego7jqi
Node 3: eedbiza

Node 0: 5cvuqzt clldvg8 hccvgyg javiknq kc2a498 kxe2yi9 lj3d1x6 lp3yiny ulj4oat wxfv4xk
Node 1: 9fgkjxd fja2l8b i8fh15t j2ntays k3r0psl ns75i0z omlhdwx qm3ewqz utadukg
Node 2: ds5m1ih dtc53bt xtlnc54 xyedjs5
Node 3: p3o02d3
Node 4: 1bs9eev 1y52eyt 32u8q15 dm3fvna
Node 5: 6w3uxts i6w44nj omle3jx u3juar7 wvrxxo1 x4r7cig
Node 6: x1pif92 xudrcrx
Node 7: anc3tpe g5f2n98 j9z70i1
Node 8: 0do5bzi 11d94jd iakdvbn pu7uraq rv9vb71 smbivez
Node 9: ei5fnb5 h8ecy6q pqjfsv0 tq9be3l z0085pl
Node 10: 9czlcmx cl1pcue fax1yld
Node 11: zji2ll3
Node 12: vdpvnrh
Node 13: 8u9m2wi
Node 14: bmd8243 lepkl94
Node 15: 403x9fs kkpxiaf
Node 16: ern4mpb v9l5cxu
Node 17: alvz694 cqhdpaa wl4frs0
Node 18: 4fwiv0f
Node 19: nwhrdu9
Node 20: p8i8qvx pud024n
Node 21: vd5ufxi
Node 22: 7101och gfg2u9q j8jf8qj ssadnot
Node 23: 8491nxk
Node 24: s30dz6f
Node 25: kdc9mjs
Node 26: 6dvq2cp
Node 27: qww2o2u
Node 28: 4e113fh
Node 29: nlupw6k
Node 30: hlqe6lp
Node 31: v4rrxd2 zldwotb
Node 32: 19t2ayc
Node 33: 4pj5qgk
Node 34: 1indyei
Node 35: 7ke7bhh
Node 36:
Node 37: tq48mte
Node 38: m0b3rrt
Node 39: t50xlns
Node 40: 918kgl6
Node 41: vgw17z2
Node 42: zptdwvf
Node 43: u37v5q8
Node 44: z6lfqt3
Node 45: ixu09pi
Node 46: s7dne53
Node 47: b9hvpex
Node 48: cyp7fzt
Node 49: 77jpf94
Node 50: jr2o5l8
Node 51: zgz53oj
Node 52: iwmwj1s
Node 53: g9h8a6r
Node 54: 818frq3

Node 0: 4guywx4 6wgqmrw e6bcpwo
Node 1: l047ws9 l0fhnwn
Node 2: 2721y0y 3aq60l8 eynpf9x frxjy49 hw4ltp5 obzp45x wb4gqml
Node 3: sbjr840
Node 4: ujuakdn zj2z9ak
Node 5: npio6h7
Node 6: rgvbiq5
Node 7: icv95gb
Node 8: o3p1rg9
Node 9: hfrhib9
Node 10: 86b02au 945iiq3 l6y7ueg
Node 11: j6tm4jr
Node 12: j0hmtb6
Node 13: xquxhde

Node 0: 65xksdc ok4ctih ou3dfai q9ltza5 umhqm4d us201zp xutdj30
Node 1: 4b3d2s1 8czfi40 dp2k6ng p8oqzxh qzwmx5f srvuvyu ssa35j2 yasnwc3
Node 2: 051mkav att5vx2 zeu3epl
Node 3: 0mabcpx 37hl8cd fapyy9c isowk1s p5y553c tohegy3 u04wsa9 v0uwr9z xqjwokg
Node 4: pfwksfx s47lbmd uxuz123
Node 5: roet99i sfbwbcm
Node 6: 2i6nt38 4up9kmy finiwus hjv90z0 p6wqq6w pwpehud yn5f5kx
Node 7: alka65z okdig4j
Node 8: okd4thk
Node 9: rnldysx tssuj8t vwoa7uv
Node 10: cioq7hi
Node 11: 80ljqfm tgiiwml
Node 12: 9hdp8en
Node 13: ykbjtfp
Node 14: f2mqx3z no9dqdv t5jbts6
Node 15: 8d6xgfy zukef94
Node 16: wly1w3q
Node 17: any3ocw
Node 18: mvyvxyc
Node 19: frq6xzp pa8oefe
Node 20: 9iq36c1
Node 21: p7wy453
Node 22: 3j59obx dltzqwz
Node 23: 9l1kq07
Node 24: 65zgtqy 8k5s0wz
Node 25: 7m8ucay
Node 26: ig39cx9
Node 27: yh0q9v7
Node 28: iqfj3jw
Node 29: lz4qc2n
Node 30: 8kefops
Node 31: hh6p0fl
Node 32: qd3yuaa
Node 33: b3p4xlc
Node 34: 0ztvj6g
Node 35: p7d6v38
Node 36: ngxbg8s
Node 37: gcx19ki
Node 38: uysnolb
Node 39: 49a3k3l

Node 0: q2rydey ru52me2 wlee44n
Node 1: 6y8bby0
Node 2: ekpm22d tacg5ob
Node 3: bb3b5fb nttzzc8
Node 4: 3o5b2cy 6o6mw5p bw37eiw d6gzsb0 hnz195b njarlbn plrsex6 psgcmc0 ryncsh8 srhdcak
Node 5: 50tlej4
Node 6: 6fmulgv 8a5t3pn 8fm0x85
Node 7: esnlawg v6kypnn
Node 8: ag00rnt s0guxq2
Node 9: a46axzj spvppz1 xj0r8wb
Node 10: f4j1y9z
Node 11: d5vpzur xjac0nc zax9vdy zo8hr5z
Node 12: 4ovl6j6 a2s4nlx afnjrvo k4jtal0 s1u3jec
Node 13: 2c7mp5k
Node 14: 92ll77b wctq9w9
Node 15: lhsz32e qp2d53u
Node 16: hiexqev x0tsd7q
Node 17: j7n16c3 mp82jja suo00w5
Node 18: yla1k7f
Node 19: 50lplmp s81moo3
Node 20: 34k49d7
Node 21: qrkeu74
Node 22: 63r87bp il2bndi msh9kgj r21zfi1 rngt0ct
Node 23: oxw1a1a qpa4qu5 tjk507z
Node 24: di1fihy
Node 25: p7w5i0x
Node 26: s16as7o
Node 27: i9a429l
Node 28: s1e8ftl
Node 29: 4fswher
Node 30: o58tvmg
Node 31: xesqv4y
Node 32: hsxovrr
Node 33: earcelo
Node 34: 8psqevg
Node 35: 44l1s0c
Node 36: 9d5vqxt
Node 37: lgu6us2
Node 38: 7q8i63e
Node 39: sllafch
Node 40: b5i2jqo fd28bqw
Node 41: gv5pkrb
Node 42: 682v0pn
Node 43: rqzyb6p

Node 0: 2wnm58m 43uvetn 7jneqjq 80ru7fv 99z6ltj ekmbvpf qcbgtty x9acj4b
Node 1: 06j8fqn 464hbst hv0rh5z op1fbk7 wdb8oqj
Node 2: f1ybcg6 qibzc8c
Node 3: 10l1xm6
Node 4: x4vymoy
Node 5: 3349qh8 5v5nop8 6w2ekmu bkx8psm fyiofpa kwben91 sd9hsj3
Node 6: 5872shr
Node 7: foc9u7u
Node 8: 3yimoiy
Node 9: 2qc9rii g5dz7xl i70svf3 jwf16gp oextfxn uparb29
Node 10: bfx28o8 c8gpnaa nn96to3
Node 11: 4x7u4a8 cqedk2h svgymyu
Node 12: a3ozft3 c4zpm3g
Node 13: 4z0djqh
Node 14: n7bgaof
Node 15:
Node 16: 1r1toyd jyiv2bq ra3aezx
Node 17: a6rt0nq evk7psc n6p7rcw xcldeie
Node 18:
Node 19: 57opqjw
Node 20: 7vxfgrk r8fy69z
Node 21: citsxwr
Node 22:
Node 23: 3z51amq
Node 24: 8xziiit
Node 25: 166qpvq 8pgy17h aow638e dmr90sw
Node 26: w5rzhnp
Node 27: 1uptyni p3at5on
Node 28: gdm3d51
Node 29: o31s1st
Node 30: 1grf87b yr3mhjl
Node 31: 60tz8jx
Node 32: 0koeji2
Node 33:
Node 34: 2669o6s gf3tdc2
Node 35: d19rf5g
Node 36: 21g0vfn ss3xmh3 ytpmcei
Node 37: ir77yvy lwvl4ed
Node 38: af3pamh hzf444l
Node 39:
Node 40: wcix5vb
Node 41: 951jetc ape0bi3 dya8ghg rim3drk
Node 42: x4klrsv
Node 43: aaw25cm
Node 44: o6e7ypz scr17op
Node 45: gilh4ae
Node 46: gmbff39 wjooyuz
Node 47: 2c6o4fu
Node 48:
Node 49: t8m4y78
Node 50: hwih3qi
Node 51: 198a4u3

Node 0: 2k2fbw9
Node 1:
Node 2: 2u4rx2e 4uian2q 63tnazw 7mhbjwi c2fel4d gv83ks2 k41vgl5 wl2dn2c
Node 3: 0tgla6m
Node 4: 4cfgxwd
Node 5: w4q6sp0
Node 6: 4dzco4u
Node 7: 3g9pa8o f5r8gt2 k79o46p
Node 8: 5o38fdv
Node 9: c3xybn6 kll8dou to8au8q wp34ifd
Node 10: co6u6pw
Node 11: n00glg4
Node 12: 09xivs1 l0qnpt1 p6izrbf
Node 13: hqzmbqa ndbkstw
Node 14: iii32sf kkfi8eg
Node 15: cyjx2fy
Node 16: xwn6shs
Node 17: 5immbnj cc3k18t ifbyp9g mhl52ob oth3fws
Node 18: i7qi9aa nd0g2ez
Node 19: hv92fbh rio1sc0
Node 20:
Node 21: c0nhloa
Node 22: fbr49mf
Node 23: ni3v982 wv8xwev
Node 24: idvk35u
Node 25: 33cr3j9 crl680s
Node 26: 65r7thf f2zd3k2 hf1nwji jfrv2xw n5yndjy v7veteg v9rpg5f
Node 27: 1v169ae
Node 28: 50v06hc 8x03nha tgyd0wb
Node 29: 2j00b8s
Node 30: egbwbpn
Node 31: tnnw62t
Node 32: 3jj4eg6 mhr0ivo
Node 33: x9vh3z1
Node 34: 4walc54 axfdmv9 ghxcc9t
Node 35: d4eu8ya i4dz54n kjkxlt5
Node 36: 7gdyf3b
Node 37: bb2bfds
Node 38: ewjodg2
Node 39: 24v0o9x c1ocriq ul9acw3
Node 40: 4c5vnz9 ktcir5r
Node 41: 63x0csz
Node 42: 43vm0ut bro8w85
Node 43: pqhr01v trdzy0r
Node 44: 5midxzf
Node 45: gwcuehg
Node 46: h5hxcd7 nyt1p7f
Node 47: 45gkxgh anck8gh
Node 48: y0vge8h
Node 49: yynhwlb
Node 50: 9npgov1
Node 51: kk0pbim
Node 52: okwzzq0
Node 53: 18v80ro
Node 54: 03511r8
Node 55: r9eo1qh
Node 56: wa9r2k8
Node 57: qm5rayd
Node 58: 4p0btwo 9kgxchd ldytod6
Node 59: jifqwry
Node 60: 5ugp9jy
Node 61: fd65sgb
Node 62: thkizjq
Node 63: ogwacsj
Node 64: ggk0op0
Node 65: o67usao
Node 66: k3sgy5c

Node 0: 1hlfads 57elzws eg5e892 qo9882j
Node 1: z5kzbg7
Node 2: fjulzsk
Node 3:
Node 4: xnucizf
Node 5: lmzoskr ojyvu64
Node 6: fpsr9tw

Node 0: 2m82xg9 62twmnp a0ym7sn djip7oq gijbw52 m7syar2 njtas0m s1c5jjz vhqlcrt
Node 1: tnep4vo
Node 2: hohgf7a
Node 3: ejaywtu hfn2myg iyghihg k0ii6xw qorsr4s r7lv0l5
Node 4: 58aeys0 6vznr5h 7gmku2s
Node 5: 1fpll3x
Node 6: ngnswpc rciwvf2
Node 7: 3h50ple
Node 8: a75kz3u n877crp
Node 9: k1yso6b
Node 10: bowtcnv
Node 11: 2e0wp8n
Node 12: 3dsqh79 ixrffqk
Node 13: 0edrhgf 5w9bd61 8kl68m3 hw9x8w2 k96n24x odmr6g0 rlz4szu sdstmur snpxdk2
Node 14: 0aq5qf6 9bgvvxj llomo92 shp4nje
Node 15: 47p2d3n
Node 16: rhkylbe
Node 17: 7yugsxe g3hk34t kxzjhjn y7hrxk9
Node 18: 0wogv59 jcc53co
Node 19: x45p9be
Node 20: 8m1qrx4
Node 21: vxxkvqw
Node 22: a1ezkcf
Node 23: kujktem uc8fu61 x7wm5sz
Node 24: 8get396 crse6dc
Node 25: pyaswds
Node 26: 6o8gfrm ow6j86o
Node 27: h74bx89
Node 28: vl82ma5
Node 29: 9hx71iw lye0ly6
Node 30: 3mhgf0y
Node 31: e39y4c6
Node 32: 6jpa5ow l8nfach
Node 33: jwehp6u
Node 34:
Node 35: iiz7aaq syjp9zu
Node 36: 2xj3vse og9prad
Node 37: b9m78ed
Node 38: mzxyvo2
Node 39: j8mm2nq
Node 40: lo2928n
Node 41: 27ob90t
Node 42: rxacedb
Node 43: ctw5zg4
Node 44: ammrtgn
Node 45: 1egsrog
Node 46: rfiaz73
Node 47: 80ieyck
Node 48: 2w4cx6e fnkmy4y tacvd0v
Node 49: horj0wk
Node 50: ver49n1
Node 51: slly81i
Node 52: ah33yqz fya598r
Node 53: h8f32bu
Node 54: bdbim1r
Node 55: kpxpr6u mqfi2c7
Node 56: whatkal
Node 57: eih0rbi
Node 58: 2qwlmx3 m26bey7
Node 59: 93m3oo9
Node 60: 8vqhzcf
Node 61: fv0j3v4
Node 62: fi4za99
Node 63: rh3gq6e
Node 64: g58ch9c
Node 65: hcftxyj
Node 66: h6gta4f
Node 67: 2oremaj

Node 0: vx8qy5j
Node 1: 2zsg71d enpqhlv
Node 2: 3q7xed5
Node 3: awd761y
Node 4: 2foyspc 5noxjq2 6iyf7pn hjn3i4w lfj33nc n8oi78d qf169px
Node 5: s5vaude v8kv724
Node 6: 3rvnhid vm0jpzy x1ks2ve yt5ewe7
Node 7: 4ma2y0a 6ijq89f anvbu88
Node 8: 7g2ol7s gcvqd10
Node 9: f5hyp3k
Node 10:
Node 11: 2kfkhyp uln16r8
Node 12: 8id45f4
Node 13: joekxec
Node 14: ji6i9nb
Node 15: 81q2m2m ddl7mwu g1x3kc3 za9sprk
Node 16:
Node 17: v5rvgk8
Node 18: 04y885e dfzlo5h
Node 19: xzrmgg6
Node 20: zqt8o1p
Node 21: d1j3zmk
Node 22: 5tdvocr ofz2vmx
Node 23: 1w9qi0l a7ousis
Node 24: ds0f718 vru6g7x zw5mmle
Node 25: vz3o188
Node 26: 3tpfwrm vqf4gnv
Node 27: thp8gc3
Node 28: f0jmf5z simlizv
Node 29: b1sua3w silj5ox
Node 30: 116cdeb
Node 31: 84pybhq
Node 32: 1ic7kzn augft72 fq72eae tbljdta
Node 33: 23ce24t 2akxxod d9aryha
Node 34: i4f8h4r o1uq9e2
Node 35: juj14eh
Node 36: tlq8gwn
Node 37: egknuko
Node 38: 82kzv8a irpzpye twwhmm3 xx13aqn ytavyus
Node 39: f31jla8
Node 40: ubulvrh
Node 41: qdoq65t
Node 42: 6q0gf6d
Node 43: wl7sb93 zbjq04e
Node 44: t0idjp4
Node 45: 93c7adk
Node 46: dwr7dnv f5o09fl
Node 47: m5i16mw
Node 48: 48b3lwv
Node 49: nr9ezgx
Node 50: xbowefq
Node 51: xicwtku
Node 52: xks2k2z
Node 53: lz1afgq
Node 54: isylb74

Node 0: 7epbk3x n6defpe
Node 1: i0dxu6n vinuf41
Node 2: 26jiv5j
Node 3: k8bnxpa qlun34n
Node 4: erbuss7 y6kgewf
Node 5: m38fuj2
Node 6: 7g4ky7t
Node 7:
Node 8: 9zd30z3

Node 0: 1n25n9e pfcbg4u
Node 1: 06wl24c 9gqlcit ob1ewb8
Node 2: arztn9m
Node 3: 5tvqgq6 u7c7nc4
Node 4: fvkn662 mlmh8hs y9eyql8
Node 5: atd4glk n9uq7ds okfc208
Node 6: 1nqa52k n88iyt7 v54puyw
Node 7: kp1m3r0 vyq0o7k
Node 8: bnsqive d4vxsia jzjs5qf
Node 9: nz7as2k
Node 10: ajje8et egmohiv q91hszy
Node 11: 025msvv 3een0g7 aqtzld2 iprar4p zb3jmgp
Node 12: uqztoz3
Node 13: 40xp7c5
Node 14: 00xvw35
Node 15: bem6ai5
Node 16: 6twc6y4
Node 17: 8adou84 rl5jbot su8djfu
Node 18: d6tfjxr
Node 19: pr4mzli
Node 20: 30mqduc m0dk1hj
Node 21: mafecu1
Node 22: a4hgl74
Node 23: 58nfxsc
Node 24: anvpcr1
Node 25: b61tr6a
Node 26: kea10t1
Node 27: 0ogkjbl
Node 28: bbw8gxs
Node 29: l7u2z1i
Node 30: 3woqktw cexwky6
Node 31: lycigud
Node 32: 36db8uz
Node 33: mwixfle
Node 34: fvhuf0d
Node 35: fit6egy

Node 0: 46djefh 8brqqst 94z03au a2jcu8z dskcuje e16yi36 e96b5pi g4xso6h hdao2ah ke6rc90 mw2zlm7 n04y6d1 oaixkp6 s8mkku4 srndn80
Node 1: 4cqif80 6z5z2mx m7ttzj2 vu06maw
Node 2: o7qen6m vo1przr xp9alp9
Node 3: 4fw50ke 5tpc5xt fibqt7e i6qtchp pd4y3y2
Node 4: 1yhpo2s b2vq9s7 bdoafv1 gjikk52 i4w2622 v94r1og
Node 5: 1zloten 3he2f4e fzto6sl lwxp23s xvhbp6l
Node 6: 4vxybqi khwjw0s mpuc16t
Node 7: 1ck8od2 215ni3i 61n2c3o 9mn9l7t 9zw95du fm916zp hslr7m9 ob5r1ed
Node 8: j7032v3
Node 9: od5ub5x se9ptsu
Node 10: c77wah1 jtk1xip kv8xzk3
Node 11: 34fz59b 5f6h9si xmh285i
Node 12: 8o1wjkc a5sppoy cz3cb41 y8qfr7l
Node 13: hnn59r6
Node 14: v9m6xfx
Node 15: 46c3cwu
Node 16: 9h2ty2s
Node 17: ghvppf6
Node 18: d0ecjgj
Node 19: sua22nt
Node 20: chjqc8x f4qq6uh qurd48y zy3s19f
Node 21: 73rylre knav530 ts0gvkz
Node 22: lpsqq2d
Node 23: 2qyxubd 5ejd7kf 9831iih
Node 24: rivly3x
Node 25: gargucr wip1tha
Node 26: f7ijftn tycfq9t
Node 27: 6c8ig0s
Node 28: q7yday2
Node 29: 8u3hxbi
Node 30: flwxabn kqm5fta
Node 31: c5365q2
Node 32: p7mpssa
Node 33: efr6y2b
Node 34: 57lwhmu
Node 35: 32zh1pe gp30m11
Node 36: wm7w59c
Node 37: 6sn4opz
Node 38: 2rur4ur
Node 39: n304w62
Node 40: q0f65ot
Node 41: vlm5k5h
Node 42: ati2vnd
Node 43: 4xb96gx d4w6yim
Node 44: 4sfzdtg
Node 45: x5h16ys
Node 46: cx11gzs
Node 47: vf6qa1x
Node 48: mnzqd8b
Node 49: z3ovfnd
Node 50: hzbw1ie
Node 51: npx0t41
Node 52: 6x8rkbf
Node 53: 638ltej

Node 0: 8o83zzt ztemqcu
Node 1: 11iq7sy ue6d94s
Node 2: 4wpszvo
Node 3: 69f84xd n88qlq1
Node 4: 0ggj36g m5fapbs
Node 5: 06zrw8j 2zwf0dx qxci951 vg7pezh w2v0ryh
Node 6: 8btwikf shxv1g0 taeqwdz wi72dyz
Node 7: mswtm80
Node 8: ebkocbp wfv9e7l
Node 9: 1tnh81f
Node 10: 962vuy8 q83bvym
Node 11: buipkgr
Node 12: dvdhdbk mmzgg0l
Node 13: pmk9vjv wpn5i7d
Node 14: 18myif2 h2mjwor ow6ulmt
Node 15: yz5ghpd zmndedg
Node 16: e9migzc
Node 17: 1lanrb2 qw2eres
Node 18: mt3ygyq
Node 19: ktfospw
Node 20: aaswqbl
Node 21: kx5uszk
Node 22: ykt1fd1

Node 0: 42n814a 5ehp3jf fuc1lhx
Node 1: fculp7n plrst70
Node 2: 2kzc5pd ajirdzl h6w6swi oi0rmow qg2lmw9 r4golym ru89ugc tuifabh v2wbscy
Node 3: bj1hxcx
Node 4: d4p1awq
Node 5: 9uja1yo oc6muo4
Node 6: mbiqp66
Node 7: 08wgc6o
Node 8: vjcsnfi xo6erae
Node 9: 6jd8d64
Node 10: ygskpt3
Node 11: 95mruu3 fll70yj m3wennk os4y8gx sbsh4li
Node 12: 4b8el2p
Node 13: jgjm9i5
Node 14: 06g4apq rv8oomh uuagzpf
Node 15: cdv71dn
Node 16: c9ko18z
Node 17: cc36w22 sral1ca
Node 18: tm5blcl
Node 19: qdrvayn xt5diw9
Node 20: 3kcrtbs
Node 21:

Node 0: 0cxepas 1ac4w8w 1o4g7wh 2pppfgr e4fh2un i8gvurg kh7mjig lx7m51j o0868rn o0aubis o0oxnjv oofph8j tmty5s1 tp7uj8r ugdcfnd x3u4ijt
Node 1: 94wmhhn
Node 2: dd74uoz
Node 3: 5jov5o1 rgrfug5
Node 4: hujykma yhpj13q
Node 5: keovcx3 ncovh4i tujpzjx uy8nkjb
Node 6: jd2iofy vhbqzd2
Node 7: 5g3g67u 76moh0q dxcsynh
Node 8: k1st5gw opheyj1 qfijl2q skjbzj7
Node 9: 4jb9sw2 8xt1z8w
Node 10: gipevt7 j96c9fz
Node 11: 22lmlqz sj84k3s
Node 12: k6uqgjm qxif2td u0edrk3 x2bhcjl yt077n0
Node 13: 8baf5cq 9d292ba
Node 14: 63gnelj d6di3ve guz3zbz x7jgqvk
Node 15: 1vhyzvv 7yqjm76
Node 16: z9zktb5
Node 17: spq6yne ub04kgh
Node 18: mibsp1i
Node 19: rwgut6z
Node 20: cqonfvj
Node 21: krbk8z0
Node 22: 0zstj0b xnnodrb
Node 23: 4axeygo lvbajuu vcl8j1k yc5227l
Node 24: 0hpck6c
Node 25: 33v6kwt ia5ao8j
Node 26: nsahie2
Node 27: aehvef8 ck4d1he
Node 28: uix9xhp
Node 29: k404qcx
Node 30: 9arasxe
Node 31: p953j49
Node 32: 1lza23k g2thxbm
Node 33: 2japzje
Node 34: 6ji4pwr
Node 35: ak7axg2

Node 0: f5eznjd
Node 1: a1yut13 grv0a1p kzwz16y quta3yl qzdkiji
Node 2: j368jsh
Node 3: 52i78gw m8gs011 pgont9d tudpti8 xan9dir
Node 4: 3bb8vvw
Node 5: a5g5omb w7sn52u
Node 6: m4pb44v tuseu1p
Node 7: ps2msm6
Node 8: 20v9wi8 g6r92jj yg6h2o8
Node 9: 6tey3x3
Node 10: 4ul18tb
Node 11: 1lh2l7y n8vuvqc wgqvcvb
Node 12: ipzf0mx
Node 13: 96adglm
Node 14: 348wq24
Node 15: j6tquvj
Node 16: dqosccc
Node 17: fvm409z
Node 18: 48wlf9p

Node 0: snu21lb
Node 1: 87eq9rm dh953n5 f1stvf2 ic2kd78 oncaibl rf4bjem sb5u15y zvlq450
Node 2: 3v8x1wd
Node 3: h658o38
Node 4: j3jkfg6 qhkd23j
Node 5: 33dyijh 71fyxzq cgkvqi9 noxv6j9
Node 6: 82u62gj
Node 7: 87gi9qj
Node 8: yo853eu
Node 9: rd0weti uoctnmk

Node 0: f6zykc8
Node 1: 39pks4p 46k0ve9 4hphlv3 56puvfu 88pn93e cvu97h3 juuzx9d
Node 2: 8btiam0 e4cu5gk
Node 3: cb1du66 tnm0a2l
Node 4: npn2xz3
Node 5: gj4cels
Node 6: b284c5x bi1t7rs duuriju ftqgh3s
Node 7: 1tnpb7m wfj66bk
Node 8: fdqgyue ukr8g07 wf40xsq
Node 9: 9zpm8rz mq4imce rjfanw5
Node 10: yetchfh
Node 11: 13r2kf7 7ep3qd3 qszcm4x
Node 12: dukg89i
Node 13: jkdlqaf
Node 14: 52q3ceo kzdv8dz oihor87 s6mdec9 sltk3o0 tu2xnfp uz2zf3w
Node 15: dut3lx2 fhc1lns
Node 16: 5r9m50d eod4k1n
Node 17: 2ljqvr2
Node 18: fw88q6o gy8k2uf m684ne9
Node 19: 51xefus
Node 20: jw0p9qk
Node 21: 416vb4j
Node 22: wrz17sk
Node 23: 41ztsac 6sbo1iw uyi5ihg
Node 24: zwkbrji
Node 25: y7eufq9
Node 26: 6jr0rdm sst6tke
Node 27: 0pxaxxt 7zxoscj
Node 28: 2klca5n 2yuti54 7843dmr qjo1pxd
Node 29: 0thx5ak x2mnst9
Node 30: 4dnziro
Node 31: j5mp5la
Node 32: zx4auml
Node 33: 4zmlkj7
Node 34: eeeo7uu nba56m8 wc4oarl
Node 35: 8lnku6d
Node 36: zjr4wgy
Node 37: 7k9iw4l
Node 38: assexin xunl99m
Node 39: 3xgwz09
Node 40: 25wcgfm
Node 41: g4f8iex srae03u
Node 42: bd2culj
Node 43: epmhgci
Node 44: 8gziozc
Node 45: sxbs0wa

Node 0: 2849ltv bo4pqhm oipufh0 w5ynsp8
Node 1: r7blh06 wvulrgk
Node 2: 2he9xr4
Node 3: gbcrfi9 uv5by6s
Node 4: d5585bv lv5mm0n
Node 5: 37k2rol
Node 6: 89fowkl ifkyim3
Node 7: vmrc85g
Node 8: 78aq6cp
Node 9: 0gkmpaw

Node 0: a9f3a3u hstiegl
Node 1: cyxf4c1
Node 2: 4bt3wiz 9817j1j ilwhv8v lkhrmbh vpe073n
Node 3: 6jjle8v p7c8j71
Node 4:
Node 5: 20dknhz 9z3tbii f07qg20
Node 6: wmlir9v
Node 7: rg2oj2x

Node 0: 3xorkf9 5tfba8r al8qbno f2puv7k fbdubxw p3bjbtw uf8xlja
Node 1: nhlc8nk
Node 2: 4yk1kvv 5gpmxy6 6pl866b 9trmmj6 clyai8k e0i1dxe jyzhkur kghcac3 p5hn2v0 wnnnsrv
Node 3: 2fnri5r eci7nev
Node 4: awfh69o
Node 5: ki3hnwv ytfq0t0 zuuevor
Node 6: 9aqdilj
Node 7: h6hntws
Node 8: 9ttjqk7
Node 9: 40sclrq xvkje9j
Node 10: 1kpkxo4 mcpbhrm
Node 11: nlqji44 qds4i62
Node 12: zjkeplp
Node 13: 30he4cu hcqfxyp mrfg6ug
Node 14: tkzdiw2
Node 15: 9ukblnf
Node 16: 6cm9r27
Node 17: sjrtgvv
Node 18: nbgm9pt
Node 19: 6ucb9s0 vvpr8xy
Node 20: dhtaswj nfj0et8 v1i1j2q
Node 21: 6yq7uq2 t60gx37
Node 22: gxjkfia
Node 23: hzwm7tv
Node 24: j94l85k
Node 25: td6ry0z
Node 26: zmj386r
Node 27: gzq82ql
Node 28: n69eob2
Node 29: wtyq2vd
Node 30: p0f5dg3
Node 31: jkp082z
Node 32: lu4zm32
Node 33: zwr46rv

Node 0: 5xu9e4l 5y5zt7k 6otb251 8g41lis gosv1mz hpxx2u0 jdx6lqc pzavma2 wb6kmqq
Node 1: 5yxyg0j
Node 2: 1udf172 3gwm1cl 4a6f885 57lh92v 5n92tct 9hypr8d aafd9a4 b1cy7pc boz0me4 bs07vnq hbsovv7 jh32wdb ropt4cn tdwpoix u6v63wc zi3nw7h
Node 3: 11tr1pr k50kicl
Node 4: vupfhp1
Node 5: 2i2wppw 37placi d84ov1r gehw2ij hmoljh5 ijbyfg3 j91viox o3w5cnk rmk0k2p sxk4n2z szc42jl xdp99dr zj1mc32
Node 6: 1prnirs b8lj5ug bq1ceg7 jtb8t7j
Node 7: 1ylq2v3 23lzfbu 5y0o55w 6z0pdxf 8iljr8p dq7wfq4 j8i5mwe tgfx4lc wy2ilfm
Node 8: qmyj9r8
Node 9: 01tpebu 7wzbqnm d8cssfy dwu65dc
Node 10: 69lywi1
Node 11: am0r81v
Node 12: 30hse8q jcd5l6f m8826of muwqypm vqp4kb2 xqiwx26
Node 13: tuw5lfz
Node 14: 6dx45ek 8ashs42 a6cex8x fvw1vl3 g20ltyt i00x3nn ijrxi9x r61jn5l r6cd8n0 vmsj7ea yimrdmo
Node 15: 9io7cl7 hkf7x6t inrb6yz
Node 16: in7qj8p
Node 17: gbbp8cg
Node 18: 6r5at3j gkbe1kc lwysoab
Node 19: as5r4aq oie82kq
Node 20: 0c9fgd3 bwxcbbn ljj79ki
Node 21: ng61wck
Node 22: 1rztspt
Node 23: qrsvez3
Node 24: sljgofs
Node 25: 09epb1b
Node 26: pl8xkab
Node 27: r2ibfdn
Node 28: 1n84lss
Node 29: huepamd
Node 30: yytgkt2
Node 31: x8sbvt9
Node 32: vp3tx56
Node 33: xppsix9
Node 34:
Node 35: 0ut1gjb
Node 36: bigirbp
Node 37: 77bhdje
Node 38: ckhwx6x
Node 39: 03s04ng qhb5qww
Node 40: dc5b7v9
Node 41: mh4bule
Node 42: 8ozdvqh
Node 43: xuiaf8i
Node 44: 1c0akb8
Node 45: 1ktltyg
Node 46: dy4oda3
Node 47: sn6prow
Node 48: qmmell8

Node 0: 1xg0vb9 f2s5sd2 jlqjy02 z5ezwpm
Node 1: ikpjp62 lx3i4n1
Node 2: 56rkzlr gq5zeen lfyonqh pkta0jz to00ho3
Node 3: bpw4q83
Node 4: gsuqgcg k6yk2ov v1ucdrd xofft3p
Node 5: bnygwxg exg4tzo h8cypnd rfxzahi snmvq1z wu9vohl
Node 6: 0cu1wf6 yiom8f6
Node 7: lifmft0
Node 8: ekz1mwh
Node 9: 1uwdmuw 9m5162n a066ote buq6lzi coji41w dgaz5su di88sax locz7xc s8et94m xdnv3tu
Node 10: ete5w3n
Node 11: sejjs1z to7wsul
Node 12: rkg6unv
Node 13: z3xdeyj
Node 14: nppa6m7 oaptwr1
Node 15: c1ocx0a vuof4ll
Node 16: 7gv8jzi bxbatjs iyroi37 jra9241 wtuly81
Node 17:
Node 18: 6u29uxb 73aehvk e025j9p hu2mwtg
Node 19: t4x4gno
Node 20: wtrr9nn
Node 21: 0r91yxy 9t5i90a
Node 22: i7n3y7k meawvwy
Node 23: rczahc5
Node 24: gojtq5h
Node 25: 2chowqk
Node 26: fnoa4fi
Node 27: dxnhmza
Node 28: a7rcce9
Node 29: 2wth4gy
Node 30: ybglrfj
Node 31: kl8pkyj
Node 32: q3xagvl
Node 33: ey7gcjq
Node 34: v7g5at9
Node 35: ysrlg8u
Node 36: ckqv2g9
Node 37: 2amxzk3
Node 38: r21h8xw
Node 39: 4bxscul
Node 40: 5bf4hx8
Node 41: ar4866s

Node 0: 8okw28m 9juzcz7 e8ohhfk jh1yu50 jl25b7w jq2tejl ls9zcha nmym7et o7fobkq q1md9h6 qw1vb1t rxstryx sfdrfto t48maks wmv7u16 yggniwr ygl2hx3
Node 1: 6391hzz su7hmhk
Node 2: vhmrao4
Node 3: b5z63vo ybci51q
Node 4: 4d50vee
Node 5: rzj9gi1
Node 6: 56wq4y8 qtv681z xyqkgtd
Node 7: 3orr2hp aizyimk hdm059h
Node 8: hch7fg0
Node 9: etlf3z0 ha7uabp k8cq1iw ywnorf0
Node 10: g558ja9
Node 11: q66weur
Node 12: cdahw3k ulwfesu
Node 13: fd0l81g
Node 14: cj6gddv qys2dwa zsjhml7
Node 15: 9e66t8t cwnt0d1
Node 16: 2dvdkty dpotvld
Node 17: btli7h5
Node 18: bdzvoi2 t7xvhsa
Node 19: vzwy0iy yda8wvr
Node 20: qbqhf4d t0v4xmm
Node 21: wm0flej
Node 22: ejsokob jaibui2 y115r6u
Node 23: irjfknx pmr7dpr
Node 24: 8lg306j
Node 25: ujyq6lb
Node 26: a32rv3p
Node 27: o9ove7f
Node 28: e61g445
Node 29: 3f6zsrg
Node 30: 7jkmk3n agoe0bz
Node 31: atnrtho d0d6gv3 fwgr6vz nhcrzrk
Node 32: gocgd0d
Node 33: tj1w850
Node 34: lvau1le
Node 35: e7br8xa xwc3ydj
Node 36: tvbwoq2
Node 37: kbky6t4 uv798hz
Node 38: 1wgd8qp
Node 39: yuey2ic
Node 40: r264pvj
Node 41: f1bqxkt
Node 42: 6hmtue7
Node 43: 72miy7k
Node 44: f0nuwt2
Node 45: el5h68h
Node 46: 17o6gm2
Node 47: 8ku8oqc
Node 48: w1egxb1
Node 49: jcfupf7
Node 50: mvm5dz4
Node 51: gdupehz q3pnd8d
Node 52: ue910kx
Node 53: xq77oxl
Node 54: jxb4ri4

Node 0: 1bxp53o 2j2391v hd3346j oydmie9 t5son68
Node 1: 2ujuz5v 4mtpz5y dtq439r px7z013 pzcjbqo qjelsy4
Node 2: 6futoie dykords kjyx3zl vum3xjf
Node 3: 6nnu1nh
Node 4: cp6iaea lkck28u ml612d0 wj0evrp
Node 5: 2zttvfa brntsrb fckycwp kd43k0j
Node 6: bbsb7wd halmyt5 k5v25m2 xr1u4v1
Node 7: 91aap8p wic3nxm
Node 8: h2x380h mt42301
Node 9: d0ptx4o zfe5efu
Node 10: cw1voip lit1r8j lxi0mwg mx56rth qr8srsw t0wqlu7 ucphm8c
Node 11: 0v2xmuq cruupgg lbxe2jc
Node 12: vkb7riy
Node 13: ikbtyhh
Node 14: sl1cfez
Node 15: n2pvcro ul8vx2x
Node 16: 0397pnu mzx7vgw
Node 17: 6g7a56e
Node 18: 2rzmle0 vx8uzp3 ys0v35l
Node 19: k4nd1ek
Node 20: dhrlbds sdbzucz wfb2nb0
Node 21: cv1is9n
Node 22: bl6zd3u gt7mt1f rj1w6nv yi9wxhx ynvzz6x
Node 23: vx121uw
Node 24: yyukk9g
Node 25: z38csqt
Node 26: q76xvv9
Node 27: ebj5tzz
Node 28: md26wum
Node 29: dv5qw3a q94cgp0 xbh59mp
Node 30: leoylad
Node 31: v5vvjrs
Node 32: p5kzamh uylmgnv
Node 33: hgpchau
Node 34: 1ga1bd9
Node 35: 7izz0wi
Node 36: vd70x5r
Node 37: qehtv6a
Node 38: qku30yr xrduvg7
Node 39: odqsry9
Node 40: zphykwv
Node 41: j3bt1pg
Node 42: h7t9kps nlmuomc
Node 43: 9mfmmoj
Node 44: 9sd0qdz
Node 45: chxt0ph
Node 46: x490pke
Node 47: r3r3uio
Node 48: n6nd72b
Node 49: 8hnmpng
Node 50: ktjx1wo
Node 51: 12ycjw1
Node 52: 7hyan75
Node 53: rmzclfl
Node 54: 1kjrt7r

Node 0: 8dvch0l 9g4kfc3 c4psopi dezx0tz ioqrdq9 issj5t0 j4xgd20
Node 1: 0tm9h8j 8zo55iu t69uhnf yw9fdnz
Node 2: 076aecy hc3w06i
Node 3: b4om3z5 jzivlfr qr6g0gz
Node 4: fm84aof
Node 5: 2pt95hg 5ehhxw7 txft6f5 y1rj7zx
Node 6: 6q0e6nb 816pyqh j80hhpi pfrb8zt prrg86r
Node 7: y8v47fu
Node 8: lmapdzx
Node 9: fzpywoq
Node 10: 1zxk14z fbzkd9g
Node 11: woyxp7x
Node 12: 6fq1i71 75y2omh 8ahan44 pfwqy6u q3zcxqh r6y7glx
Node 13: hl84usv q52z3ko rieqgyp
Node 14: 8xowu8r
Node 15: 9nrz09p
Node 16: givtjbn
Node 17: 726fyj9 8ffhej3 atridon
Node 18: jd4zv1u l1bmn61
Node 19: a0zltxt
Node 20: h612eh3 p4fni65
Node 21: 5a9j1dy
Node 22: rnvzyo0 z4yxmx2
Node 23: nvdd0tb
Node 24: 9dl0zgx apo0g0g vp1ai4w
Node 25: 7jqh9g9
Node 26: a2szreg
Node 27: rek3rbc
Node 28: akjh0xw
Node 29: jgc9e25 s7m85sd
Node 30: gv2xagq
Node 31: eapflc1
Node 32: mh5mcsk
Node 33: n237n5e
Node 34: ikcjvmi
Node 35: 6fhq4a2 ij8b65x m718k0g
Node 36: utm25o9
Node 37: ffwy92o
Node 38: tso5rg2
Node 39: 4xeqhuc
Node 40: to9x8og
Node 41: cycnfh3
Node 42: 6268yem
Node 43: qgrt7pk
Node 44: zwn19gz
Node 45: 2g7dgmr

Node 0: bh76hkj
Node 1: zdn73p2
Node 2: coa83v7 yj6936f
Node 3: xq4o9o4
Node 4: 4fxhd8f 5e8dn8o 7ohy6vc gfn5bws ireop98 ji5uost jjxlg2q lbusl91 xt9kl2b
Node 5: 7ainuat h9t63kn ma5hnkf zpud8lh
Node 6: ja1fxav jpnuleo
Node 7: g8oi8ni qrdk4i1 zmupkyb
Node 8: 0ice1wr 3e8nb3r
Node 9: 9gx1v83
Node 10: 2oqdxj4 akcitfp judg9rj qm7mqs4 rxlg6jj ua0bntq x63ehpw zcsdnxj
Node 11: p0ttkkq yrxys7q
Node 12: xnujglp
Node 13: 7kzscbw
Node 14: ibvps2s xjbu3e5
Node 15: 5d8zx2b
Node 16: azd2l4p hpojaav
Node 17: 69kgvdz lsfjl0r o6t91un
Node 18: ggkewlq ys6cyfr
Node 19: m4xq4a5
Node 20: vkv19jk
Node 21: agtinhx
Node 22: 7kkpfbp c9u477w yudnk68
Node 23: 7rnwk4k
Node 24: 878xm89
Node 25: wdwvcmh
Node 26: xx246jm
Node 27: 6jviafw
Node 28: eqj8qnl
Node 29: 0yqjxsc we2byfx
Node 30: wn3ua0t
Node 31: qxt5uh5
Node 32: qlfu7oq
Node 33: cuo4t4m
Node 34: sx7c06q
Node 35: ppyy5dx
Node 36: w0ypttq
Node 37: gpv8oon
Node 38: 9kisr40
Node 39: 3sdp3kn

Node 0: 5xv9yk9 9cg3uko e03vxsn e7zdj1x koprdok myy04vj uqdl2qo yapu2lo
Node 1: q0bj0eo
Node 2: brnyzar
Node 3: dlixc3x y0s33sy
Node 4:
Node 5: 6u0rk9d qnqc86e tmnl0mr wpa5ujw
Node 6: 73et8ou e9hyeix jixcmsh
Node 7: emic30s kt5c7xx
Node 8: 4p3x4cy xws99bc
Node 9: j0ljm5v oeqyap8 rwbhmwe
Node 10: 25zk93w 2x38fmy 8ntn4yf cjumbpz rayc8gq ve0pcvx
Node 11: 8jj9bme 9e37t3r o20c5fs
Node 12: 7x8rd6a
Node 13: nbemy00 xqt0gdh
Node 14: 361aukl 4mphgzo gofxqqm rs8obbb
Node 15: 0p94st7 uwaawxy
Node 16: fl2peim hx3v7x4 so3oy9u
Node 17: rnq8e3d
Node 18: 44j32hn d2ly71e
Node 19: 4gapqkh
Node 20: dh0rva1 fwkpco2 ucv8oa0
Node 21: 5e3x2r0
Node 22: zj8jf04
Node 23: ccf5tqx
Node 24: oeyu2ej
Node 25: v76dz0t
Node 26: ccssq66
Node 27: vwnivy4
Node 28: gq67xqs
Node 29: 4sx710w tmm4qaq
Node 30: yq1xob5
Node 31: nbnbfxb
Node 32: 0fz1ghs
Node 33: 8o578us
Node 34: 8kvt21b ubezs9f
Node 35: 7b41l43 mzeqj4t wtpjy8v
Node 36: yufgfru
Node 37: b7ufmeb bjyuvh7
Node 38: hnwt48o
Node 39: 8y0pet5 vjrh0xv
Node 40: gq6gp04
Node 41: buzhozt
Node 42: 0se4x7a

Node 0: 68xjbwu lns2i50
Node 1: 4dzfer2 7abex1x cc3brnn euq3yao gpmhzno pxnjmss s9k55ax tbfs7mp wb902qv wur7wsk
Node 2: 6sgfkwn 9vt9t81 ccktcgy lufsdab pqud9n8 v096sde wex7oyi xfzdplc
Node 3: 82zgf6f
Node 4: kqx1fwd
Node 5: 1mrvv4g 5v56hl5 6unuomu 8rt3aw6 e44a3im pliqmi0 q5h5qb5 qw43gcx yhgl7nz
Node 6: lhwts7w ztdepp8
Node 7: 710kanl a4gs4tj ohdgbsf tcmybpo
Node 8: eivk1ye io19irf knbrcu3 rzsawzz y7ita6l zfokk5r zmkcqk7
Node 9: v4f3bsa
Node 10: f7s15yf
Node 11: 2jymu1d e61py8c lmmerb8 s67scty waa5fgh wo84mf7
Node 12: 5c833ea
Node 13: s5wfwqe trzq7qs
Node 14: rc1m50h
Node 15: l5uw7yu tnq7ckj
Node 16: 0zdfmst
Node 17: 7knsg5u bd1zpyq
Node 18: 3gpc27l xxztsvc ziq9wv7
Node 19:
Node 20: gnfc8ms nbjpr2j owparee z8u22hn z8yeb4f
Node 21: tvxdf6n
Node 22: lclr170 wks6lke
Node 23: cr0zaih zaz3b89
Node 24: 2ft4u5d
Node 25: zbivjgw
Node 26: meqbiwx
Node 27: 0gkjik2 3a09m75 h6306uk xj7izml
Node 28: 5yfpx0j okjefgp
Node 29: 1a93g8q
Node 30: 8ygko8p
Node 31: 0kvalcw h4vir01 v467tqt
Node 32: v1s70a3
Node 33: z0jz8wh
Node 34: 45cp931 5kfh16x vkzchhc
Node 35: na92764
Node 36: f72mvqz
Node 37: fekc1i8
Node 38: 808gfk9 tvi684i
Node 39: lfooith
Node 40: cqldbru
Node 41: xphe5lr
Node 42: hzzafj5 qah4ndr zahmpk8
Node 43: 8u04vll
Node 44: dakx62f faecr9a
Node 45: kk0aqo8
Node 46: d4ilkmm usqrjnc
Node 47: b7yyel3
Node 48: uwds6t8 zkj2l9s
Node 49: cre9ir4
Node 50: bxiana0
Node 51: 1huv7ke
Node 52: 6rbqf00
Node 53: incefir
Node 54: moiu61v
Node 55: inqihyo
Node 56: ervhzt5
Node 57: woi56el
Node 58: nmt1xls
Node 59: u23rru2
Node 60: rxxpexy
Node 61: qzd12ji
Node 62: 4lq4810 9ekyk2d
Node 63: euybxmp
Node 64: hzt1vr1
Node 65: 75zrtsp fnv1oij
Node 66: 1qozvv3

Node 0: bzzxqc4
Node 1: 2vbn1yo uzlpl2k v1akopt
Node 2: 15p61qr 4gh7ssl 4vbmtyb 6qw7n6y 6yv2k70 9cx3iqk evsc4zs f0ru2ez peh9joc rvsn6qr u2lwzax
Node 3: moebi3c
Node 4: 0l5qo02 enxqcmk
Node 5: 59o4mbr 74jyi8h d1lhizh gygvr1f tu5oskr
Node 6: dkprtxb
Node 7: 227hefv 392e1np gl3zup9 rpulmrt
Node 8: ewmke1l
Node 9: 7py1sxc vfv65mb
Node 10:

Node 0: 1s29uza 3pmg3eu a8523cf cfipmbp pnyc2k1 rcem5nm wlqxkh9 wxp263b x5h8qf9 xfdoik0 yowy0ax
Node 1: 77iuopi 9rhqf53 e91ziqw gbxgklr
Node 2: 6tah18x tegqsan
Node 3: zue0oqm
Node 4: lh6o4h8
Node 5: 4gdg1r3 z9ehe0i
Node 6: 16ffdau 8offi0o nugbcdr rnajsjp s43lsat
Node 7: lal6hbx t3eofre ucwj3cj
Node 8: 524dabt
Node 9: 3i9667f 64qk99e nktzajw nzuavvo
Node 10: oc8kl86
Node 11: sde8s57 ssuzh3y yojd08t
Node 12: 43jolno ccw1d36 fxluuaa
Node 13: zmbfzon
Node 14: q11uean
Node 15: v9p5ldh
Node 16: m1iay67 o3gfgti
Node 17: 1qi9oyn 238jsvp okyfn9w ugarltp
Node 18: 64g5fii c4mdd2x hblsfl6 x3v82hs
Node 19: 3i8e5wk
Node 20: nxmvmu7
Node 21: fraauxh
Node 22: h54ys1z
Node 23: ihs3sq8 lyojwu6
Node 24: god7d8y
Node 25: bqa3on4
Node 26: 0fn6rgp vqggmy5
Node 27: 3xsjty5
Node 28: 4as06we
Node 29: r0h4yim
Node 30: 3zjwlux
Node 31: 970qlld kjojvwv
Node 32: 03m06gb
Node 33: epj5bh1
Node 34: 575zz47
Node 35: fcbtc1f
Node 36: ut45v44
Node 37: lt9vw0z
Node 38: 7vat3g2
Node 39: e23c1qm
Node 40: 9hulsno
Node 41: 9julhhl

Node 0: 3cwp2wc 4ex1fff 4fdn40i 636cy4b 997293y aad6cb2 d4mudiz irm21zz k6hewzo owgll25 qev6q1g ug041th
Node 1: hiky9i2 jpbkye9
Node 2: 1zde2jc 37zl8px 56bibft 9a3khn3 e7r9owh f6pezpy mztnun7 q21662a qlp4r5l t1bp0nx
Node 3: jiugaz1 tcznh8f
Node 4: 188lnp1 hg92tfo zexmu3n
Node 5: eih9cgh fdoanwt t6xw3rt tkw73ov tm6libr
Node 6: quj75ue
Node 7: w69jcmr
Node 8: 71oio97 hyfh3sa
Node 9: cj8sy3c hga292f
Node 10: xyfjgek
Node 11: bm3rtpv
Node 12: 6qcd6ro ki8r3kk
Node 13: abdz2ff afomvxq etjohtv x9ipnlu xhdusyh
Node 14: hkqq4lc k4r8f50 ks13pf0 shf6fh2 za2oahu
Node 15: 3hgcms4 a7o9eld qob3r5y rp46fsy
Node 16: athk8y8
Node 17: dzyodeh md3f6hx zhfhylh
Node 18: h9319h6
Node 19: gfv8s84 nwavvbt
Node 20: i3x3rbg
Node 21: kyb10kr
Node 22: wno4ndj
Node 23: 79o64ih sk4504g smqdw19 u8tyrkl
Node 24: d7s9hpl ke7h9xx
Node 25: 060ohch pf21mth
Node 26: r6tua97
Node 27: ypioknt
Node 28: 3e8i97s
Node 29: 24obbh3 iklvkl6 ycisckn
Node 30: fgq6ry8 lkejs6f ouwfo17 qnl52ld
Node 31: 41cxit6
Node 32: mc7mosx
Node 33: u6bek0p
Node 34: ouoyvcg znw2q9b
Node 35: 6jxe2eo 8pmyk15 lelk79m rgo8v2s tetqxhl tql05be v6z2fc5
Node 36: frvint2
Node 37: et6arwo
Node 38: xsi82ou
Node 39: ayq5i3a fh10l9i
Node 40: 041o6ui
Node 41: prem71v t679697
Node 42: 5ud68qy
Node 43: rglp3mu
Node 44: 43k84j6
Node 45: qp42oxg
Node 46: vmig128
Node 47: qncusl5
Node 48: r198x6c
Node 49: x1h57ag
Node 50: 5vg6tpa
Node 51: gfnxw28
Node 52: w8yn3no
Node 53: ajugezk
Node 54: dyv34kt
Node 55: 4hfh939 hl4gm27
Node 56: ec0iok4
Node 57: fwjjpfi
Node 58: fgwkeeq
Node 59: dxred1v
Node 60: w6fdyv5
Node 61: 439oyje
Node 62: kje22fz
Node 63: o7qsbjl
Node 64: qv2we7v
Node 65: fjz2aqo
Node 66: k4zys55
Node 67: as76po7
Node 68: xx1riig
Node 69: vx1k3kw
Node 70: 9tsls8o
