Node 0: 3x4gd3r 4eoip0g 6uuzi9i 8gs806s ap44bo3 e9lmoqf gyexjt3 htjjwgy jjq9lbr kjvl0bg lpo2wlw mhwdlq2 wcitert wf6oius xer5tsy yata3br z8lw7xa
Node 1: 27qfkpj 47niin8 l7nhkcy vjo90w8
Node 2: edsat0m j16divt qxz8vyp
Node 3: cuwr5pi zb4hmtf
Node 4: i6qztq1 reazlc0
Node 5: gw5vhb2 ke7mcvn m53jb5x
Node 6: tp4adq0
Node 7: t3roajm x8w6yur
Node 8: c1rj8rv o2qtnzv yt44m6x
Node 9: 0bd6qzp
Node 10: 95dky7x g66l6ch t7q850y
Node 11: ag3oe86 q75keia sv3xn6o
Node 12: ejxhjg5
Node 13: zoaqpmr
Node 14: 30t116l 4gwpc5v kmrt1ao p89b5i4
Node 15: hnsudt2 z382l58
Node 16: 6o1ph0f biyh07k
Node 17: hxk85gs
Node 18: tnvq3ts
Node 19: 15mvfyi 9g7crgv qt3nqui
Node 20: qkgjsde
Node 21: oqxogqy
Node 22: lj8zwrf
Node 23: l3fznti
Node 24: msp8kw2
Node 25: 1l46poh
Node 26: 82uyz7h hu93wqe z6z6q9p
Node 27: 3t4iiy6 igu1i15 o2ific3
Node 28: 3xyrno8
Node 29: b7nkgef
Node 30: c9ftt6z
Node 31: it2ivin oenxpvv yzvrb1x
Node 32: ggonj8y jvkbpnt v8d3gdj
Node 33: g0gv3l3
Node 34: 24ksiyx
Node 35: 7gqs2tf wu8tvac
Node 36: w0n4axy
Node 37: lhc7h0l si9tx9d
Node 38: amw26me
Node 39: lbyn21v
Node 40: naz5xzo
Node 41: rastfgd
Node 42: pxf7uqj
Node 43: azudgmh razydvb
Node 44: 83eb7be i4dbtxa
Node 45: hu7kl5k
Node 46: 2yktl59
Node 47: 08qo0y0
Node 48: uqehvoh
Node 49: 08tuo6v
Node 50: 1cn9dqq r1czb94
Node 51: 7mr5nu9
Node 52: ty2di26
Node 53: qm62cit
Node 54: mvgwc7c
Node 55: xyuzfyd
Node 56: dq3zg7s

Node 0: l3kn852 z729w5c
Node 1: 1gzvl2o 7l73b66 7qtw2fp m3m70zk phxyz1v xzxbhyg
Node 2: hwog0wh
Node 3: 4crrpc1 qd2edjn

Node 0: 3gt7nqf gyjx4x1 gz62349 o5pdtui wxo13je
Node 1: 64o4iye 6bxo7p6 jjtcdiy mob7qpr n22ojlf ncy1s7i rwv5ccb ue9j06b v07v132
Node 2: w3fiq5z
Node 3: qr6anog
Node 4: 9cit23y o783io7
Node 5: 311hpk7 5caen5i 7nrcbx5 utzhn6x
Node 6: fjlcwun ghuhguv myzemyp
Node 7: kph526x t4c1od0
Node 8: rd8sprs shrmuhe
Node 9: pedton7
Node 10: 0s1ry88 go93dhv
Node 11: 97op709 mx2zuh6 nplpo5f
Node 12: u2jwl08
Node 13: 48btmsn
Node 14: vzus5ko
Node 15: ntqlrtt
Node 16: jyqio48 qjgcfq1

Node 0: 3hqrb2b 51f0c2s 8kwqfpw 8wq8vrk b9c2gjb fjzkuov indd3kp ioa44gy jczumak nxts2r4 o2zw9v5 tlcrhwn yst5z3s
Node 1: 6u70xjp
Node 2: sayxomh
Node 3: 2ukuxub 3kr29f4 64j2kbv 656ss6o 6j6dt6u 83abqeg 8449ngv fsl90fm luy3a10 mfvnrra p0bwayi ycxzv5o zgzu2ke
Node 4: 3xi4cfc qv78by5 yr795nu
Node 5: z1o65yr
Node 6: e3p1od8
Node 7: gecnykb zy7iba3
Node 8: 4wena27 oqckqvc
Node 9: hsy4u14 trqiei1
Node 10: shu7mcd
Node 11: sqwuilk u9qge55
Node 12: tk90snc
Node 13: 18twij4
Node 14: tkfwzzv u7dlf6u
Node 15: p1nbpwc
Node 16: lysb8xe yxy1bpt zw1i07g
Node 17: zmx8bxj
Node 18: qjrfztv
Node 19: kuzaia7
Node 20: 5k9w6cu
Node 21: p4dwm9k
Node 22: ucc3bu7
Node 23: tvj6v8r y3t7eyu
Node 24: 8geq76z gp3xhko
Node 25: 3787yvn
Node 26: dz1oxoz
Node 27: 8dudssk 8grkj7t xrrotgt
Node 28: k92qzti
Node 29: x5sawc7
Node 30: ve0htfb
Node 31: r2mhqjw
Node 32: czwnsor
Node 33: 6cq59op
Node 34: hjq4p31
Node 35: vtvxj4m
Node 36: tcp52an
Node 37: pcz9jf4

Node 0: 2fl8fud 2ytcbex 3kjpu05 3zdnon9 7ikkrf0 bj2rezg cykc0ot dcwozyh i280hhx j7vqaz9 m3itx5g ocx2u2x ouvtoq8 u0epbka vvv0ggx whs2rsz
Node 1: a2ptafq a4s0yvy eby7bo4
Node 2: 11riknl
Node 3: bdt4bdw
Node 4: p6vv5db pw7qctc
Node 5: ea4g736 tksl88x zhjqtw6
Node 6: 2qrkcjt 4yne4uv dkspeag upd8vym
Node 7: 9bmsabb
Node 8: sfhj2v5
Node 9: z9u2j0p
Node 10: 2p008u7
Node 11: 9riqvgl jq6tmo2 m2uwh9j qe6wmlb tecz0ri xcccv6v z30nevq
Node 12: 1vh00k0 6j58a82 7n6t4c3
Node 13: g5oenxc
Node 14: 1lmoh1d jrji7pa
Node 15: atxr8ib
Node 16: 3iwkaq0 ne7cffs us9wwpq
Node 17: lrixizk
Node 18: rpaht1k
Node 19: 9fp3hry hgr79ov
Node 20: dqyv5u2
Node 21: jciidxv
Node 22: yr5cqs8
Node 23: 30ioxxl bon5mxk kqeyl20
Node 24: 9zz2gew
Node 25: rtzr39v
Node 26: abxrz0c
Node 27: r6qqre2
Node 28: 3nut3zu
Node 29: s24x83x
Node 30: 43hlc9g
Node 31: 8irjwck
Node 32: o0qxo5r

Node 0: 4uqohaq 6pcp9xx 8wq48ds aamvidz djy1oml eqlf027 l4undhy l8lfwi6 n84c986 u77smpa udor1f7 x2t4zsi y7mhex3 zn5wnw9
Node 1: r11s2kv
Node 2: s0wrx4p uqusee5
Node 3: 01kpwm4 5o3lwt9 92b8sbc b267lrr bf8k3wv c4yvzoz e3cxgq2 w2vat5j xe4j2lt
Node 4: axk17jh hg3ov3v q10ejxa sdrmj02
Node 5: orqsezb wqw3m9o
Node 6: 7dj4huy gyztnve plqmb4n svywstc tbnezq8 u1qou9p u4ku8fw xe65th6 xraz61m
Node 7: 79gaubl
Node 8: bbk2yby qtr9m9n
Node 9: kzlf1y4
Node 10: smfiufe
Node 11: 3qkhuxn fakl4zf o4vqver w1nokdp
Node 12: 7g8slhs 8qma7sr
Node 13: gjz694b
Node 14: egp5isn hezgylc smb329l zaokj1e
Node 15: 32plmb8 munjx9x
Node 16: 6aftn72
Node 17: n4hyaex w7uf09r
Node 18: 457l091
Node 19: emangwy fq18hp4
Node 20: l1wl742 sdn6wkz
Node 21: h07hhdl
Node 22: s6o4183
Node 23: m4aecrk q3qyxi4
Node 24: 730j86p liz0r5n
Node 25: i07i6bh
Node 26: jgtd3cw
Node 27: b76g9n1 mprytsg nfn9wyz o4k9t56 tgkkpvu
Node 28: fqwrz73
Node 29: f2gsned zfd4zvi
Node 30: ddtb5sz
Node 31: h1kee8u
Node 32: 3v3s3vs sc4iyi1
Node 33: 5ogqg5v
Node 34: wfbgi4h
Node 35: w3kpqal
Node 36: ij5ed2f
Node 37: v1u902i

Node 0:
Node 1: 2n5qvmj 48azqt8 aixbo8u cb4yyl9 l8xx4d0 mi69mhn n9cv835 r6j1gn2 sukgshw thu1tew u3ozdzv uvszilc
Node 2: 0e9idkw
Node 3: 8luqcfy rah5q38
Node 4: 3dggwrs
Node 5: cfa8kud cfhqwkx m6igr18
Node 6: aygt6kb bxaapeb
Node 7: jzrt02w
Node 8: 7gborpy ouep949 zzs0jm2
Node 9: hrb9vli
Node 10: d4hmx83 diyqxiq way35o2
Node 11: yriej5n
Node 12: 1i6t5pp u17m8cu

Node 0: 1u02s2c 56drdwg 8jb1rnx 8uoa5b5 9n9sve6 ji0mc84 p529sjl
Node 1: gyxw1ej
Node 2: 6oejjo7 8j0re8z jfhgp6q sib2cvd uibt6fi
Node 3: 3e3vl5k 6405c4z 6afqz5u 6jqfvq0 6tl7ect 8og4lfy 8r7m0rf lxqew8c mb4jeth o45tgv6 sin12ab
Node 4: tz93ai2
Node 5: 4r5z95k ghypw1h ova6gho qoleykq rentdy1
Node 6: jl69knz r2sf8go
Node 7: 5bozbda oc73o5n
Node 8: cvc48pp
Node 9: a9rldru yo45b60
Node 10: zfbkxin
Node 11: 2q0sdzs nwwhhoo
Node 12: 1gxq48b
Node 13: fgc0ik4 hkritmp xto0ecf
Node 14: ghl2vb3 jn7391a
Node 15: d9bydem f476dcd g2fa6gp j7pik25 mjcoxdf or271we s9bsgtm x0xulaa
Node 16: a2g8uqe
Node 17: n4vj571
Node 18: jx8dbth
Node 19: nizr4c2 skuq1iv x81s7a7
Node 20: 28mqfxk
Node 21: sf7ak6w
Node 22: wquwyyl
Node 23: 0emqvgf
Node 24: m4te76i ogprt8k
Node 25: 3skgn5y fkwonqc
Node 26: l1agwye
Node 27: gnvr0nv
Node 28: 0ijbwla 1q1tjs4 4xj1bm9 ryekq7o w2wk2im
Node 29: 5kjme1e 90kfrz2
Node 30: 2wi3n2i c87te5l whszsvz z4i5ec9
Node 31: 1gzwx7k 51nlvos 593h00g gqh0cc2 ongfjvb
Node 32: 7z0aofz
Node 33: 4yaq9h1
Node 34: 0cjz9ob
Node 35: oge8j7d
Node 36: euwju1j
Node 37: 2ltimja dti5zo7
Node 38: 32719cm
Node 39: qpqapzn
Node 40: whrz89b
Node 41: qcv8puk
Node 42: r32yuzc
Node 43: i2l2lrz
Node 44: z8bll37
Node 45: bi6759w
Node 46: o3eifjx
Node 47: evizht9
Node 48: 72ju6zd
Node 49: ozqtyrz
Node 50: fhbqrlu
Node 51: buik4v4
Node 52: cjbrnkc ix50052
Node 53: 9ghxgm9
Node 54: x4owxv3
Node 55: ifb7905
Node 56: peb4dp8
Node 57: 7fulu3d

Node 0: 1134eho dzxbh41 t6li5wk vqlx6ue
Node 1: ndod0ey r6xiq26
Node 2: ajhiy5k
Node 3: vur6nso whaolza
Node 4: f3ccf3r
Node 5: 24n18ha 40dm165
Node 6: svr7yb3
Node 7: 0ixt00q 3kvez0r 57y4r3e 8xdoik0 b084hc1 dcniwdy l3qdv6z
Node 8: wqdzhif
Node 9: yjhvgya
Node 10: hgw047i q4qiiyp
Node 11: 3bl8bnm
Node 12: 9kuecry 9m8ku7m i5offcc kxlzq2j locm63z xgaaek9
Node 13: fsp3d8l
Node 14: 3ihy4vc it47zbc
Node 15: 0lrabaw 382m5kj 8cg0onm ehi8ugl glggqs4 r0mgi35 s0qfxyt sby4voj xfv76g4
Node 16: 0u55z3j 5mkl1s2 dxxm1rn mmgufqy
Node 17: j1r28d1
Node 18: aropfcm h3xpkm3 kk2cdp5 klvpope
Node 19: fh681eg
Node 20: 8k8ewme jwr2aev xdf0x8u zz2ikkh
Node 21: 9mm7446 f8taz4n m21gc13
Node 22: dxiqgyt fmub5kv jezbqew
Node 23: sk64f9w
Node 24: 7p4dzzu
Node 25: 0lld4d3
Node 26: 3z69tvt 8l5l7kf psg9brx
Node 27: j15825s
Node 28: k6w45qw
Node 29: aqv5eau
Node 30: iiqaq7l jvbzi1r m2xzz0l
Node 31: bkexxmj
Node 32: hg9vorf z6stw5j
Node 33: 0eowaag
Node 34: derr3u2 nl8ols7
Node 35: cqndnpt
Node 36: 16lm5u2
Node 37: 8fg4rzg ae63mxj
Node 38: yda88hp
Node 39: 394u9qt
Node 40: 49c5032
Node 41: mgqjkny
Node 42: cjwthss q6f1tcy
Node 43: jc6bla1 w0x5tnt
Node 44: lea8vv9
Node 45: as24j8g
Node 46: 7ivxhn2
Node 47: lxm3mvk
Node 48: vvvxm73
Node 49: imavvqk uk9tcia
Node 50: u44sod2
Node 51: 12w2ysl qf056cq
Node 52: kqivuob tf4qffp ve2fakt
Node 53: 1zmi4sb

Node 0: fe5j2d3 k0gs1gc qf6hah8 smc04xa x3e0rg2
Node 1: 0l1oijy 2bggzad 72klluz 85c5pu0 8nboo12 8nxa4f1 8p9kvnx b69j1hz gma0p40 p0zkeh0 q6stn78 rpnzr62 v9hfa12
Node 2: e3t3mb2
Node 3: bjrap9r by7n0gk fowougg
Node 4: my30767
Node 5: 4u1wzov l593kx0 n4zt7du
Node 6: zagwim9
Node 7: apk6x1s
Node 8: 9jt69sp azqh5lh ca67fxn jdhoq9u
Node 9: j7dv2pr
Node 10: 7on0i55
Node 11: zybzh7x
Node 12: a71we5o
Node 13: 3sy84xj
Node 14: dwosqqz mqvqjau
Node 15: 0u600lu
Node 16: ap59fx9 cay03x8
Node 17: nb0qp4p vovvh3d
Node 18: 2ih779l
Node 19: hu73842
Node 20: a2k4q60
Node 21: sc9eeva
Node 22: jmhn233
Node 23: 5pix72e
Node 24: yoeold2
Node 25: 6dneex2
Node 26: cgmx66h
Node 27: wfh2bau
Node 28: wnfqrcy
Node 29: 0py7lw1

Node 0: 75rrg4b fbleqrk gpd3xd3 s67lmuf
Node 1: ujzjhx5
Node 2: cuudw2q
Node 3: ak2ozww
Node 4: 2o0jkhv i6dmbvd
Node 5: ggx4nfw i7e43ay

Node 0: 50csmg3 77f676g 7h1adjm 83vh6sp hjmmbim zjyp86t
Node 1: 7n0p2bc ksim3h9 t5itrry yy2cx0i
Node 2: m8s1f7r ssrbe61 suozvxh
Node 3: m8riwws x9g5nsy
Node 4: 5resxj2
Node 5: cn87a0j
Node 6: 1deupn7 1gswvnx c8x8clk eh8lhsj fugzy7g nzmxova teirq9d
Node 7: 3oymiey 4kvfi7n hdrikzc
Node 8: e0pzwkn
Node 9: wxrsgj6
Node 10: pvtlyfi
Node 11: 0a9hbb4
Node 12: ukznniw
Node 13: f1h61md
Node 14: 651rpj6
Node 15: 7n08vg2
Node 16: 0jjox5u
Node 17: q421qmm
Node 18: ycx7dez
Node 19: ybcd8qj
Node 20: 3z5ri6k
Node 21: mem87cn

Node 0: 99r56p9 9zefi9v ha1ls0m hc1r6zq
Node 1: 2r2xlc6 45h84e0
Node 2: 0of42d1 ctd4b9k l0aqh78 s4tfdx2 wmjd2aj x1pc3qr
Node 3: 0s1cgri 53ol87u 76stnyh kvbmt2b o6j3ren
Node 4: d477zms jvarh8d
Node 5: 1ya4cg1 7kibdbj indxo8l
Node 6: gxmmiet
Node 7: 1b7lsav mgvj9gc p6f51ey x174xif
Node 8: 3bdc97q
Node 9: svxp2sg
Node 10: 46fyuag 6g5af15 najm4ez u61p5ts
Node 11: kl1g7ju
Node 12: xm6o6qy
Node 13: 8mogroi zfaldug
Node 14: 0dk6d9a 4b10h9l 8bfabx5 b7v5lyr flkw2rm g1a9hfk n3n2dd5
Node 15: mdkxpuc uqn6a7m wwj905y y9udkjt
Node 16: kja49ty
Node 17: il2jc5x
Node 18: 3gaxkq6 e6qy7sl
Node 19: fcj3vk1
Node 20: 1ohg21n axu1a1r ekaho6t
Node 21: 8x2citk iuv4nn8
Node 22: ykzlazu
Node 23: ad58joh ggiog2h nkd2718 nuoha71 q7pmn3x rcrhv8f z22djt6
Node 24: 24suvs7 7bnp2rf gxjitpz q1wfkxi
Node 25: b49aizn
Node 26: 2tjcsh0
Node 27: aba01bj
Node 28: 2zkhje7
Node 29: i743yia
Node 30: mieb5us npcfhic
Node 31: qs61t3d
Node 32: 3m78nl9
Node 33: 08otess
Node 34: 034im8d
Node 35: empjzd7
Node 36: wgm3s8p
Node 37: ny9yq8o
Node 38: yatr0f3
Node 39: nb63iwf
Node 40: xtl4g7o
Node 41: 8vn13da
Node 42: dzsj657
Node 43: 07e63nv
Node 44: dkfh5e1
Node 45: z6m29s6
Node 46: o0m645w
Node 47: t45lye6

Node 0: 2sz8rbt 7mr9zqk
Node 1: 20pahmd
Node 2: bfq761v dbay84n ohi19xh p8t5zkk v96v6gl
Node 3: 93x3w3r
Node 4: 2kbp4ck t9pburj
Node 5: zepe5kv
Node 6: dr0pojr rji5465
Node 7: 61x586r 8qdneya unocxls vuzuiix
Node 8: k87w6h7
Node 9: da5wraw
Node 10: o8e4zs3
Node 11: 3mrd9e8 6orguvw zag0ptr
Node 12: a8coisl
Node 13: o950ys2
Node 14: 3flbsz5
Node 15: nx01bte
Node 16: fgsel1x vz8c705
Node 17: bj1m68b
Node 18: 9bbdxlm
Node 19: n68xuma
Node 20: uiyhtr9

Node 0: cfjkcjo i8ecrm9 k7kamk0 puyddi5
Node 1: olxjgwz
Node 2: 7pwvbm6 7vl9k1y esaz62z r51zuod
Node 3: f2zh7ka ftlvtuk ksmo47a lesylks pr2j5b2 t2s40sf
Node 4: 3pskmuc 41ymh0z 6sh59dw 83i6gsl cybvmxy gn2ohb6 hulc3yw kp56oxm qkf0ap0 yd936a7 zc5pr42 zvjuvsl
Node 5: th9ccfh
Node 6: 9h4d30n htnoihu ly0vpua pgofgn8 szbnrlv tt69vyk yo3s2wa yphoryz
Node 7: 1gu169m bnzk4ws dr4pw3h ific1xt
Node 8: jnq7af7
Node 9: 3sxcxos
Node 10: 17l66r0
Node 11: 0qm1rbr 7c7fgcu 903s7tw iwdzhq0 pqwar0b wfk8hfn
Node 12: iu79sys
Node 13: 8gci999 d7js3im gbqu0dy h4npm4q i8wl74y
Node 14: dssly0h
Node 15: ca7tvxg
Node 16: 4g6wfra
Node 17: 1uo4djx
Node 18: n5p4wk8
Node 19: 6p0o144
Node 20: 1kja970 djdat2u q0zks76 x4oscv4
Node 21: 5uaic2j
Node 22: 8z6vue1
Node 23: 9ca43w5
Node 24: 5191qm6 kg7tyx2 reiti9a
Node 25: 2zp6f5b g70ipth sqe2tjg
Node 26: vqs7trg
Node 27: pbq26b0
Node 28: i1v7ef0
Node 29: xxcvu0e
Node 30: tj6nr2q
Node 31: 1mgbh52
Node 32: c7pi686 z8q4ymd
Node 33: 93rsuqw
Node 34: 7osh954
Node 35: aym8ob2
Node 36: q3yi111
Node 37: 8lbgk03
Node 38: wiataaa
Node 39: b65ev1h

Node 0: 8d3em88 ooawwmf zj1cz2c
Node 1: 7am5b09 pgla07g
Node 2: gp7gemm
Node 3: mks31po
Node 4: ib2v9tn
Node 5: i2yi250 sau8s06 yc4vwzi
Node 6: ctxbqah
Node 7: ktja0le pncqyc2 w6t1x0i ycxhjx9
Node 8: 3ypsnoa lgqmkdd qdakt3e
Node 9: gswdb26
Node 10: 1a48hja 3ze7hxy 5nh7bal 66iddli 828zm64
Node 11: 2uudkoa 3hpkup0 60svonr 8ivxurx b4a9f9c e3sgxxz foahrfy hxvqbqs k2zr77f k3xodh8 l9iio45 ljn37tk m005sms rkix825 t3z8gia vgayk7g wl8lqdx zg8wo2e
Node 12: 1d41xsf 522mqlp al25m8b pgenp1p vj64w71 zgky27q
Node 13: lv6cjh5 u265369
Node 14: 2v4ijyz
Node 15: zh9bj63
Node 16: 722133p 9gcsizg ndcmche
Node 17: 6rwhs51
Node 18: 0wi9gwk 1hew9it z7j6pzs
Node 19: ajxw8vj
Node 20: cgnf6fa g5p2fjw j7qnj05 sah4c6y v09t6zr
Node 21: zd1t14q
Node 22: 2qg78vs db3mvjp
Node 23: 2ru22as
Node 24: i6gbfja
Node 25: aqmll73
Node 26: 3kol69g
Node 27: 4ioylmn
Node 28: btkpbpv
Node 29: ackop6q f8xykw9
Node 30: pjoq1bx
Node 31: lr4gdwi p2b14ih psg81nq
Node 32: msedu7w ppxda51
Node 33: pgtdpe3
Node 34: dwa0u8q
Node 35: oprob7d
Node 36: b9pydgj
Node 37: cussjtt
Node 38: uc1ue0g
Node 39: rykv1rs
Node 40:
Node 41: bmfr2vv
Node 42: 0dwk1zq
Node 43: 21qyexy fnlxgdm
Node 44: ov87yu9
Node 45: 2twckjx
Node 46: nl275c7
Node 47: 6y61ddt
Node 48: xn8659r
Node 49: j7us3pv
Node 50: 1b939pu
Node 51: t5cz67d
Node 52: 8zmy0k4
Node 53: 2cvxjfy
Node 54: op2w4zd
Node 55: wenn41x

Node 0: 8xwav7x
Node 1: 78635gb f5kyacf yyt6bgg z22evwl
Node 2: 670uf3l j1ahp22 mwvmquo
Node 3: 0f1wmp3 k7vcrnf smf1zsv
Node 4: szriw8e
Node 5: 2eckfac 8vf03p9 vxah0fq
Node 6: 19cz4tr 1u1ksjn
Node 7: jydn69k
Node 8: xr06h2z
Node 9: tof2tzr
Node 10: 23cavls
Node 11: ssbin7q

Node 0: 6yc36ft g4kke7v m5cu3vz
Node 1: 47zfo9y
Node 2: 5ampdhq hldi8z0 rbp9iyd
Node 3: bbccj6f cpiqoq6 urjkox7
Node 4: 3pkl4lp 76teecv brkb78k
Node 5: h1skhvv hk2jw40
Node 6: qb7mzan
Node 7: 5gdzs6f
Node 8: h96n3il
Node 9: rtng0fa
Node 10: 1z3ck6d

Node 0: 0b28clq 0g61dvo 0xoeehb 15ut35e 57v260x 6t66qjg a0taykp czl9s0l fjqrc3d geifrm9 jnhhusp l2en5pi m504687 rudhnom s8ki8g0 wb2un9w x5olo7b x655dye xqobv55
Node 1: ehshmod yhcaelj
Node 2: 9qva43r
Node 3: b4ael6o npcasv8 pkosnqc
Node 4: 999k4tg e22zhsz o8opd7w qpfclzw t4i1sgf tl6y4mz xsei9nc
Node 5: 9wpj70a b4utfdd x551n3l
Node 6: e2d49qs mxwvwb8
Node 7: 517skxb ijde8ss ocu9680
Node 8: 312iefj
Node 9: vzkgxzi
Node 10: 9yegv3k jb4mm0n pzzw4eu
Node 11: 7e8mfnl
Node 12: lqmjabw
Node 13: sa7d4uh
Node 14: gefxnnu
Node 15: m7pd9lr
Node 16: ectso0g
Node 17: mpez53l y1ys2uf
Node 18: uisgumf
Node 19: ufzo22j
Node 20: g978r8y
Node 21: 8smb63f fbascwn

Node 0: jd2dcbe
Node 1: 1oxihpz l1uv3n7
Node 2: gacjelt r3nmc8l
Node 3: amhvy6p
Node 4: o0rf86e
Node 5: ret138j
Node 6: 4qmmr9a ai08bee
Node 7: dbl6i09 hmzi2vp q4dcrga
Node 8: gb3v143 sagkugr
Node 9: 4qotwcm 7jde2td ifn5d2j m036omf pqysbnb rnovfuo t0usayf x9strky yksggfl
Node 10: 5dyb1t7 wzms3mi
Node 11: 4agpcdo 9nw0o4v
Node 12: 5hndn1f
Node 13: u1azgpt
Node 14: 1fik6u7 htn577m
Node 15: 2dkjolp 2w7ato4 75nofw8 7u5zq2y hy4sqo2
Node 16: plem4e7
Node 17: ku3ozt1 m6p9v2a
Node 18: 34g5mcq i2m93tp kq26zzs
Node 19: spk14be zdbla9o
Node 20: hsl4bkq saxjke1 u53a293 z9nhqw4
Node 21: 3nuu9g7 ga7ok6w sojbfr3
Node 22: 8bg7kb7 x1or0oy
Node 23: xvpy3au
Node 24: ewsekpc
Node 25: 36nrvpg
Node 26: 94tsg0k h3kjsv8 uuu7c98
Node 27: xbd89wx
Node 28: xis043i
Node 29: luk7ahu
Node 30: cb8j1bj
Node 31: mg2ayj2
Node 32: 07gu7lk gb43jmc
Node 33: n4vruaj
Node 34: p1n6meh
Node 35: 1hmpsz3
Node 36: lv2ld3l wzppqml xwemnyt
Node 37: 1fszvmc
Node 38: 1zoc6lg
Node 39: d599nx8
Node 40: 1n7q74b
Node 41: f5gxqan
Node 42: 6wues3l
Node 43: moot25j
Node 44: qpmewy1 u7vc30u
Node 45: zspqblm
Node 46: 0z8owlj
Node 47: kgql9ga
Node 48: ea58lyf
Node 49: 60u1njx
Node 50: ibt9k9k
Node 51: q64iuay ri6679e
Node 52: bejyhwj
Node 53: 0uwg2kb
Node 54:
Node 55: 4a5erty
Node 56: limnfnt
Node 57: dsxp625 vab014q
Node 58: i9fir3v
Node 59: u5olx7t
Node 60: uq0cfkk
