Node 0: lutlb2h
Node 1: kjt7zuk
Node 2: ay32vcm b4tfovt ktdv5e3 q36kf29
Node 3: k203fnq
Node 4: 06pygu6
Node 5: cug51kt i8zr460 phaf9b3 x1ysxrh
Node 6: jvdsw5z vwfu97a
Node 7: 5uvxq80 avk19os sicgkc0
Node 8: xfy6pl7
Node 9: 7r8p2bp 7xwgxzh ll6m4rc
Node 10: 2tzpagy b16info bg71dmr ccgq3wg dm65q7l q9vicsd
Node 11: 2wcta4l
Node 12: 0fkkcny ejf2fr7 g1nksva
Node 13: w9k4qk2
Node 14: 0vb3ad2
Node 15: 6fw89l4
Node 16: 55jo619
Node 17: 373xo0x
Node 18: hmlcghe vq00s6b
Node 19: 4jrzkrw d6hqhyv thb9bkl
Node 20: 12mj4k6 6tdz8io 8wpo5ek ii4rayx naylq4p
Node 21: mjrmpx2
Node 22: 3xa10l0 89gs9jt ndt7s4k
Node 23: 9zc03xt h0d9idl vgga9vw
Node 24: 2oodcgv
Node 25: bxp3zrt
Node 26: xrnuwuo
Node 27: eatb8wy
Node 28: y0632j1
Node 29: 7axuoxx sdcs760 tyw41fi
Node 30: 371dagw 5tjn6bv
Node 31: a426wc9 ccbt85q t4rb7xa
Node 32: ddpjwh3
Node 33: w21ox44
Node 34: d6s9kxy
Node 35: va7di3x
Node 36: 46l68gp
Node 37: 18dhtis
Node 38: vi4hx97
Node 39: rufvyx7
Node 40: asjschw
Node 41: d53fra4
Node 42: d0pks4x
Node 43: 3039au6
Node 44: ni46lds

Node 0: m8hgjo2
Node 1: 0394t7n 5ncgagx bpwjy18 drx8iet hmjawv7 i0rng1a p2amakw pc74bgj pg9hgzw q4rd8zc rivkgp4 u9b8ddo veuvoxa xj1ev9v ylomyta zhc3n7b
Node 2: u72m5ig
Node 3: nrzs0os
Node 4: 5h20fys fjav1t9 ub5c53f
Node 5: gtz17wp j8uqh3u tsz4tkm ybfvff1 yh4oe2o
Node 6: 04pu2l9 b6ggkym nluodf3 yfk73k9
Node 7: 2asqvlj ksnyty4 tao9kq0
Node 8: 08iq5ja h8e3xa0 jk5wsc8 lkle98i nvo8x8g rkr1mqn xbyh2my z4puk5c
Node 9: 3egk9i0 9n1et78 bs3f7px cbimwzg g8el77k mbqkq09 qbad0n3 qnjw1ax
Node 10: 10l3uyd mxck1px
Node 11: 7yghvjv myd4xnp
Node 12: 3tb9e8p
Node 13: 5gcse5u 5okdszm azz0c24 b9z0b36 g9ir336
Node 14: 0nlg5br cs6i6qm fl2lzjg qrq9yab
Node 15: hqyr68h kucic2d ldujq6p ojxxnvq qatxrjk qzjo9kj
Node 16: xl2mojy
Node 17: lfvujx9 o8dt9zo
Node 18: 1g118uy
Node 19: 2jpnvua
Node 20: 4zqdgtc iqq66zg
Node 21: rl0s3af yvtoewn
Node 22: i4twlpd
Node 23: qz4lpog
Node 24: 1fvxy27 rb9iu57 s8dtxip tool6uh
Node 25: j9nvs1h
Node 26: aljo18i
Node 27: l8wmwir
Node 28: if43wuk
Node 29: wagufr3
Node 30:
Node 31: ety8npu hc4xnex
Node 32: sly4sey
Node 33: usurr25
Node 34: jlbv6cg
Node 35: ys96ofv
Node 36: x06salc
Node 37: 4mu5opt
Node 38: z140uqk
Node 39: 7ku1h1z g9wk57d h68rydy
Node 40: 208spp3 dxyz43a
Node 41: bu90vz8
Node 42: zzecidr
Node 43: af0svhv
Node 44: w98u9fz
Node 45: tdajrtc
Node 46: ez3utry
Node 47: ouj8p5c
Node 48: nvsa9sr w1zkeq0
Node 49: 9bemafq
Node 50: 4389ctx
Node 51: 9e0vds4
Node 52: 36pbbtu
Node 53: mcbvoui
Node 54: 59sn5ah
Node 55: is7t35d

Node 0: 29g6hg9 bf90aup ef7pu6m fm242ok go7eqo5 w4haq6w
Node 1: ndk23rs yty2ckw
Node 2:
Node 3: dyjb5bz
Node 4: 53u6ori afla90m d47lbsb emu8x89 kar19nv pny5tju qok9l8x tu4laef yujs3ck z2whgnu
Node 5: 3g0950t a7qdwzs tejvb1a
Node 6: es1uni1 fbrfyrn
Node 7: 74k3tgr
Node 8: d9ofevr
Node 9: alxqazx
Node 10: 2j1r0v7
Node 11: vi7cmau
Node 12: gz77d97
Node 13: epg48v6 hlh53lh sezh6cv x0q1z2w
Node 14: gt52vwz
Node 15: up664kq
Node 16: ew1ar3d hwqqaau l3iy2uo y6zfmqe
Node 17: 5cxduuj 641vnjm pm11oxr
Node 18: 81mvkpy e00r2w7 f1gk0r5
Node 19: dxpvmkh
Node 20: jtw30qf
Node 21: bedhgz9
Node 22:
Node 23: 4kgkazs
Node 24: fi9i70u nsomh4p
Node 25: 5rg02p3 ydfmjzc
Node 26: ih7lnh7
Node 27: dioguq2
Node 28: 20nh9lm u5szt4q
Node 29: rpu6mt3
Node 30: 2dfk6tn
Node 31: f0x0yba lsz2zj4
Node 32: pl2gfa7
Node 33: wtp7gie
Node 34: 3z1v64c
Node 35: f821p0c w2tterp
Node 36: 8bgugrc
Node 37:
Node 38: cr5r80d
Node 39: yhev293

Node 0: ruy39gk
Node 1: 2pofe7n 42ylgb8 ae5e8o8 cr2t751 hhc2a83 nnqvpfz ptb9iga
Node 2: 0k2iw7e 16ng8ey zabz15a
Node 3: c7myn90
Node 4: obu8ea5
Node 5: 3rturs7 4t50tma arnoxso cg3zfwn lz191y1
Node 6: vz0howd
Node 7: c9nrvye dukh3un raljpx6
Node 8: vmj0fhl
Node 9: 9fhzhpt ogu0o7q
Node 10: n736iie od9iqy2
Node 11: rixqlew
Node 12: byvcc9d q3xshar rl1soct xtl7649
Node 13: jd2vpa4 k3fnd81
Node 14: qj5klav ynu2ams
Node 15: a9eifd5 i1kbfzr qsdh1lj rge5y36
Node 16: cdy29i1 s4ylmlf sq6exkx
Node 17: 9gjmu6i hrslyl9
Node 18: 1h288iu
Node 19: ahl9foo r65z171
Node 20: y9yihgb
Node 21: dxrbhae
Node 22: 56zyggw
Node 23: 7dfin68
Node 24: bbv1nh4
Node 25: t19m15d
Node 26: 3u5me2s nypgjt5 sfdhygz um6sowg
Node 27: 2uiw1mm 5kn9yfj bt9le1z mq50u73 o2s7ls6 u9fzyvv
Node 28: 5n60pr1 sfxglit
Node 29: osy0hr5
Node 30: udjfmr3
Node 31: 4woasbk f6bsfay qvlg06w xwshz74
Node 32: dh9awmc ez2gubj jffhqfu l8miq5b wocvl79
Node 33: apyfah1
Node 34: ai8ombu
Node 35: 8cvulcc xyaqf7j
Node 36: m3b41y9
Node 37: 8du98nh
Node 38: 8dvy38s
Node 39: mdlbbp2
Node 40: 1gys0w6
Node 41: 8j97isc
Node 42: 8ebvew6
Node 43: ybauri4
Node 44: gnn4j1i
Node 45: 2kahov4 6ylg5fr
Node 46: bwbzklq lor5244 s74kwil
Node 47: 5x5wxzv
Node 48: 5b3icjz qvc2r1x
Node 49: s7zyvdo
Node 50: o1mag9s
Node 51: l27wclj zc6vwjp
Node 52: n92twnw
Node 53:
Node 54: 291sk5a npyg1sq
Node 55: v56ofxm
Node 56: uowiqsk
Node 57: qjwafrj
Node 58: zd8e1j1
Node 59: whdg3cp

Node 0: btdo2u5 sxikgyp
Node 1: 5rop3q6 9e5tlsr kz1cl2u oxwxjee p9wsghv pbmkp4v
Node 2: lr61riu
Node 3: 2tjwpjm abzkxwm djguceu g8w6d2b hzd9sme
Node 4: uaa6nks yb3nc19
Node 5: qtcz7g5
Node 6:
Node 7: re4czfw
Node 8:
Node 9: al09jfh txg40mk
Node 10: b1gi4op jtcdhzr
Node 11: 3oz2het j6k95p2
Node 12: 1a44b1e jx3uajc o9map0j
Node 13: 90hj5gf j0kx1kj p91fnao
Node 14:
Node 15: ra18hf7
Node 16: uiqojok
Node 17: k0pxc35

Node 0: lvinhmi
Node 1: 033peuq 1558pf4 9g7eho1 bicw42b ej6modb ezicd3i iqvj42h lbxpugw lta7usz objuopx p0opbes xe9cl40 yfzawwt
Node 2: 9ws00w4 blv2ngf g8okecf i9w0551 iae4bhr l1vg3r3 lhzxayl t5qfjnp
Node 3: slu3vxs ub9pkg8
Node 4: 24xok1u 5umtdni anznzd3 b7k0cbu jz94xmj tkvfnz7 uycx6i2
Node 5: fkdzkiu ki3wfsr o2vbvlw u57latp
Node 6: ugqo56o
Node 7: aqsjgpo
Node 8: cxfl11k
Node 9: k26gvki za7ayci
Node 10: 0zajoxo 15nulb2 8a1kl4c
Node 11: aty1iok ysn90bn
Node 12: mwkz31p xtswbrj
Node 13: nvj4cmm
Node 14: vd5abdn
Node 15: j5rx6z1
Node 16: uoapfob
Node 17: 8trm6iu
Node 18:
Node 19: ok7zb62
Node 20: ismfsn4
Node 21: auon8j2 ruo85gb yd5p4p6
Node 22: vy6oxeh
Node 23: 7pfj2xa
Node 24: cfv0avp dmy7p2l
Node 25: f84mlfl
Node 26: cuferk0
Node 27: v7jeewc
Node 28: ra06058

Node 0: 12bowdc 3ika6hm 4ju9slr 9564mpr b1j2hkk e4d7gzz ftc8375 gdrkgjm hgx61md kei5cgg l33mlmo lkawv1n ovdk5od s1cpt1b sssirqs u13u3b8 y78gcdh yu7taga yxpyril
Node 1: 67yhl8m
Node 2: 06a97m6 al4rajb dqjp2a9
Node 3: aesvs8d mf62h9l mz11h5p
Node 4: ar49mnf f1qjk4b
Node 5: z0wmdxj
Node 6: 3ket7n6
Node 7: ua7tgas
Node 8: 1c9vbbc lb6vkw4 olutvvh tqhr695 xfsk6m3
Node 9: kjdm1o9
Node 10: cef4vda zeortyb
Node 11: 6jcavzf
Node 12: tyef2w5
Node 13: cq4jkvf gh3jh7g uupokgi v3u74fq w10vtb9 xcj22vy
Node 14: wbjj64d
Node 15: 6dioyzp lrzsurt mgm1h6j
Node 16: 1lh52zx kdcn1t2 pz6a4wi
Node 17: 4gkya65
Node 18: 97rccus
Node 19: cboyank cczzltn
Node 20: sdqp5rh
Node 21: ovm2crg
Node 22: f7kqbsg iqsdfvi
Node 23: m5euq6a
Node 24: ijpr3bd
Node 25: g31hmh2 ss8g9md
Node 26: zjd01mt
Node 27: 6q7y29m
Node 28: rphhzhf z17481q
Node 29: o07tsun
Node 30: cwpn4kh
Node 31: evs2gr4
Node 32: 9no00lw
Node 33: 9p00vww
Node 34: k3rzgq6
Node 35: 1qs6c6x
Node 36: 86kg3qg
Node 37: 5b4lqj1
Node 38: grki234
Node 39: mtj1rgj
Node 40: 75nu5yg
Node 41: ia9kl5c
Node 42: n4oq2cl
Node 43: pokjem6
Node 44: gq6rcw2 n4nqb0s ytt42su
Node 45: 02e5g50
Node 46: nyc1o2u
Node 47: e9fxpcu
Node 48: z1z2rt4
Node 49: xc28u84

Node 0: bhj39uy gi9vtoy seyo1j8
Node 1: 89b80r5
Node 2: 09aldpt wzxw394
Node 3: htryefw tebqwla
Node 4: 6ef31tu
Node 5: 0w31s1p 81p4m1d bt3gw3r dpln7iv f30cloo j9lthb2 rrgdnbn so95w8s uzb9379
Node 6: flqiwsi y7qnebg
Node 7: 17xh9u1 l1g8k3n v91four
Node 8: 1qufgaz 3a3vhzg 3i561eu 3qniqez 6r61c2x 6zljp23 bfilc80 cnzo61r snb392v umsnp70
Node 9: c2i68m6
Node 10: m5yo4ff
Node 11: 507fexv lw9947k ok2uft4
Node 12: knwc9mm
Node 13: 5nss45a mkj672y
Node 14: nwxqil1
Node 15: gjc3stg
Node 16: mjteb5p
Node 17: z2znape
Node 18: 5r0iieg hkre13d l81mc2q pdoahi3
Node 19: nq6gk5b
Node 20: l60u9m3
Node 21: ixc0nlo
Node 22: uda4oo0
Node 23: gqynonu
Node 24: 9me1p7k et7gnid
Node 25: 4yythr1 exewyt8 zz0f7u9
Node 26: e4bk81g imjp8hv n1v019u nbkaknv v7736zu wqmqd4d
Node 27: 19jls3w
Node 28: 2l07g24 n3b3npi
Node 29: e5yce55
Node 30: 860rwyx kgus1p8
Node 31: 6ok3kl2 6rh47m4
Node 32: ibr24kx
Node 33: 83jf42s ju33t0a
Node 34: 77ifnic kwahzd4
Node 35: td24b0q
Node 36: 6eshqqr cu9c16g r8lspaw
Node 37: nened2d
Node 38: geubk7f ymttowy
Node 39: p0wfwk8
Node 40: bc9o15u
Node 41: 7wxj1tm ozxja6o
Node 42: 36cifmf
Node 43: 0v7zsl6
Node 44: 5nabtp3
Node 45: dp7s8rj
Node 46: hv7asf6
Node 47: 5f2zgi5
Node 48: 4asijab
Node 49: yfxt97p
Node 50: eg7u5bg
Node 51: 9gvp4kj
Node 52: ccf7g4t

Node 0: 19rek0x 1imuk5m 2hfezj7 329259e 3gyoaeb 5w7fnp9 7lni14l 8kuqpra 98xlvb1 avvkr73 dm3kngs dxjlwxa jai2mls jbq6zmm ltmdpbu n3pjwdx o3kfjhn o6rju99 oi9q6c8 opmall8 q5nao6u q9e12jo qbxqnjv td0couv to0zu71 vsunfk1 whw3hg1 xb6xhs0
Node 1: 01e935j 0vlrf6x 4jctrdx br51sqe wuadzv2
Node 2: ak0cgq0
Node 3: 0vgl58t 9elifzj l1j0lyl
Node 4: lhrkltf
Node 5: diphttb e0f1u55
Node 6: 2o3olge 5mxbb4e dp4hv8u lb4zvpj n8q859v
Node 7: xa5cjod
Node 8: ahzfs7e l31fi56
Node 9: sep0k4p
Node 10: lnoaswx
Node 11: xu4y5n4
Node 12: ohr9htq
Node 13:
Node 14: glh5qh3 inqnj8y
Node 15: ebjmxqu
Node 16: 1fg54g2
Node 17: hvnmfz7
Node 18: 2lta2np d90lvqw
Node 19: dq4mwfe
Node 20: jbehj5y yvsld7p
Node 21: irtdzqa
Node 22: majb7jf
Node 23: 3e8rmgi
Node 24: 4t4imax
Node 25: 3h6wz0q
Node 26: 4v3lfhy
Node 27: v41m65e
Node 28: 6kxfhz3
Node 29: yydozks
Node 30: vtvvs1g
Node 31: zeq9yge
Node 32: easwqil
Node 33: kx496ce
Node 34: 6rqmzud
Node 35: 41hnzmc

Node 0: xz7tk4t
Node 1: 0211a3c ywdznnn
Node 2: 9ios51p vzgon6a
Node 3: 2lc6y25
Node 4: lgc17rk lkqqcje zavdij5
Node 5: 2mc07nd 62yrdvy cicl9cr fcidqz6 guj6uai jb9pxii p2zsa4w wiokhtg
Node 6: g8ath3a
Node 7: dm2kjze ttdawbx
Node 8: 2mleq5c iuvfpiy m0xoq0b qdgp7ap
Node 9: hbaw3ef
Node 10: ee80xz4
Node 11: vxgkpdx wcawvnd
Node 12: lr8jpvy
Node 13: 4r4rj6x 554klvn ag3miq7 lbzcgza lqzz6ig yf1rszv
Node 14: 20qgun6 3v5ntf4 lmvzhla vfvl8zl
Node 15: rviiyrd wmwi4w2
Node 16: mkfhqjf
Node 17: kbljp0z
Node 18: 5odpvff
Node 19: 7pi9xos uruvoiu
Node 20: 84tarzg
Node 21: 1z20wga
Node 22: dh0cxl5
Node 23: w04i2ja
Node 24: pttwku2
Node 25: l4jlss9
Node 26: fo7xqxd
Node 27: co8wmvw
Node 28: mv34na1
Node 29: hf4yslg
Node 30: x2e234r

Node 0: 4yf4orc 80x5fuw bc9zzcn ixiakhy jiryjwh t650ujj w35ifcw
Node 1: 2fy2a6j qpvx4rk
Node 2: 74uumbg 85jeswl eh7ycdn
Node 3: e4uogao k79xs0d lt2ea67 odyob22 p96kkew
Node 4: q153o68
Node 5: a1p3pi3 jnzdtad qh4sxq0
Node 6: lshwai4 p1mkc7m
Node 7: 13j9o22
Node 8: tksqzxp
Node 9: 1634ats gexc130
Node 10: x5dogcb
Node 11: ll3af1q
Node 12: wgtk2t2

Node 0: 9md3hln d6didc6 gbcdgv4 ljni5kv mmi0tq0 n5qsk21 nmixqyt t8923l6 xtzc4yi xwtz0zd y81pu9j yfnrnsv
Node 1: 41tgigk hzjfugl r9m4p81 srkxofy t9450pi z5bfwtg
Node 2: 5m9gs65 o0tvxw0
Node 3: 3x6ne82 50w3ssb jc7m0a9 mpu75fu ufwdgut unt7g0n vh7euyt
Node 4: 9e0tcb5
Node 5: 391b3es j6opq1e p3xvg17 s8a2uqn wdxnda0
Node 6: 7sr1jrn df65bu5 o1cswk6
Node 7: 6vwaois 7zc723c a3kaemk ha55ua5 mi1k60z og9t8hx ujo1c7c w22vj9y xrdkh20
Node 8: y56r2h5
Node 9: nui8fh0
Node 10: enf5lcg iqjejez
Node 11: 4k04ths bcapy3q
Node 12: 54ypl5r
Node 13: 6j27vcp
Node 14: 3vx0kkf
Node 15: 6wyto7d 7tzdpd9 s40oq8d
Node 16: 5677ez6 f04vj5i
Node 17: i57q7ko
Node 18:
Node 19: mgepfop
Node 20: bjlu7a7
Node 21: 05zbz3v 8e4q8uj op7uwye
Node 22: arpgor6
Node 23: g7qrpks
Node 24: nmjxd01
Node 25: y2ev7jm
Node 26:
Node 27: hypmsgr
Node 28: xzje7sv
Node 29: qhw502j
Node 30: qmuur99
Node 31: 6s4qnv0 ycret88

Node 0: 6bqktyu izqrfbo jn6r13w
Node 1: 3tainyb deuo36m uiqbi50
Node 2: z95kx8t
Node 3: 6xea2ni cckofz0 lsl39ud w4mpx6m
Node 4: cwtciyj jm0a2df lldmevn nlcs7yy rimsn2t rk086bb ryc92x0
Node 5: 5mgp9de evw2h8w qqs8n1b
Node 6: e3p8d37
Node 7: 8w5liv3 ghssbpe wt7ukx7 x90e9lo
Node 8: xihxgr6
Node 9: xdawms1 y11bjtf
Node 10: 6nlz9vo r82h3v2 wl7c999 wwmqx53
Node 11: wn1wavp
Node 12: b98im8j emukddk
Node 13: is2dofp
Node 14: 4psbnoj 8nr151f
Node 15: t5whbid xcy2j4m
Node 16: 5voy722
Node 17: q0c6qu2
Node 18: ef8plhh

Node 0: 2begu3k 4zc5dg2 54indbc aj1zt9b cm2vrwb do8vsfz fqrptq3 ju8fu7r kidzdu4 l6femmk lue56k4 veiehzw xv5oyua
Node 1: jz60nx9 m7n0n7a
Node 2: 4wjiitl brwlhuy h7tcoji klaijxu pzbxepu wdld2hl
Node 3: 1fj784v
Node 4: 55ybr2i 57ri44z cij21df wg411jx
Node 5: cbsqlsz mjxzke2 xw1adn4
Node 6: 6xbk01g jehawf1 qebqaqa
Node 7: mfplc9h
Node 8: m595qok
Node 9: 5lkn0sk ikbiuve
Node 10: yntmcl9
Node 11: dzausq3
Node 12: d8jvkme p5zgtau
Node 13: 9s7a6t8 mzbr7xw
Node 14: 5hvk2dp 5wfj3hm fb39xty p055nki
Node 15: dbyihds djp67k0
Node 16: wsks7b5
Node 17: wl2wdy9
Node 18: pri6c4t
Node 19: qn8ux2v
Node 20: 7c59l2y n0794mx
Node 21: t47fmsk
Node 22: pr9hvqi x92lezd
Node 23: mdr0l3b
Node 24: 7i0b1k4 a45ual3 pfz1ift
Node 25: czpnc5r
Node 26: 0itrz5w awnwaa8 mdzztto
Node 27: i18wblu
Node 28: o966bkt
Node 29:
Node 30: utv0syv
Node 31: o88ootj oop90a8 qsoo848
Node 32: 12g23lw
Node 33: 59dsvdj
Node 34: 5li0in4 vgv3q8f
Node 35: 6nki0dm
Node 36: 2kj9ev5
Node 37: ddmq3v2
Node 38: mh0jx9b
Node 39: 0do82zi
Node 40: qh237gf
Node 41: zfecat5
Node 42: 0ik5lq5
Node 43: jn4ge5w
Node 44: x3v28fm
Node 45: hdrab9d

Node 0: itm2xi8
Node 1: akj2gum cxfz8ny dbuv2vn ydbhkmn
Node 2: xh2619f

Node 0: 30glfzi 5qdfvt1 bl4u7zt hujhw0n pdsvpgq qh8gkoy
Node 1: kxj0hn5
Node 2: mfn7hfw q8byte1 woouokj yp0qlht
Node 3: bm5jwh7
Node 4:
Node 5: 2euzegb 2y7bb7a 5wa7d4b gt7ftrd
Node 6: 1x2tf1d dzns4yv fza5sok halx9qc yd1hz8m z2qbry8
Node 7: 2npj56d j4xd4dg m5x3510
Node 8: 7bp6dea
Node 9: mkijilm
Node 10: hkne1rz onohtd8
Node 11: n6lh7hc
Node 12: fnguiti
Node 13: f4k1d20 ycxm80s
Node 14: 1a8uzg6 35bkmyq ifueyd2 nwmcw4d om4mi1i
Node 15: nzj5zps
Node 16: 1q9b8d0 cymd685
Node 17: 7hbaxvd h0qvkhn qp6k6b5
Node 18: p7xkcba
Node 19: b9s7n68
Node 20: 66d6dt7 wj2tk7q wmdrf7t
Node 21: 4cuoroh
Node 22: 6qybgir lerjopd ty7zczw
Node 23: ya6piaj
Node 24: kw3twjn
Node 25:
Node 26: 1jlxmz5 409w22n
Node 27: dy5x21h
Node 28: kwcj1dx
Node 29: vm5had8
Node 30: 0pgycze
Node 31: 4x7sq6u es3e6q1
Node 32: shg2dve
Node 33: wkgartc
Node 34: tqlitts xp0ppbk
Node 35: kj8uxmj
Node 36: xs6qrra
Node 37: y97z763
Node 38: x34mcxg
Node 39: g5w4tn8

Node 0: hz7ake1
Node 1: 0zln58f 8m3boe3
Node 2: 2vi2scy 4mru12t mhrm4r3
Node 3: 00kdu0y 4cw6izn auu7k3o djbcchy f41va5s f8va0zu lmh1m0l lyvw96g payxnj3 r915ic0 rh4tsz1 wypptkf xme5luj zfjuh4l
Node 4: 0hpikfo 1r41r2b 3k18j1c 4q0lb7e 8ebv6xd bi0t4fa h10t5if j3xl8yl kvf0kf4 lt6i8oj pxq8pim sovhp4g tfoqdhx zjitzwo
Node 5: 8kyxw3l
Node 6: 6o4hrtf 88thg8c bvnyti2 egng1po pcai95d
Node 7:
Node 8: 0ni0d2r alyo95x o6gicyb oihmxz9
Node 9: 0tsn0a4 5gazt9e 7fkuquj f309o00 n8ebzfv
Node 10: 3p4qf8f 450v7xm 6jmesa7 hlqktwu
Node 11: 01esez6 5oojd3k vb0r6hi
Node 12: mze0ahq
Node 13: p2uszjj
Node 14: 20nmwf2 4q9wjr1 6ftze0l ak8hx40 x0gof7e
Node 15: wjj391e
Node 16: to4ic0n xkx9yho
Node 17: es8o29l
Node 18: lkxnka6
Node 19: dudpla2 osn5ss1
Node 20: 23zirh8 jz7kea4
Node 21: j9zuopg
Node 22: 8ekbcxb c31nb4w occfnv9
Node 23: afvbc52 ewri9dg wezg4qp
Node 24: 2unng44
Node 25: hk7gau4
Node 26: mb2p0lu
Node 27: 1010y1j eowy47d njbuy45 xprfcle
Node 28: 04dlsyp vqi48ii
Node 29: zc9v9mb
Node 30: bm85fs7
Node 31: mqdrmqw
Node 32: pq0h6xz
Node 33: 0a5rxxe
Node 34: b9k5ucv
Node 35: 9kv7w5l
Node 36: pj8c002 vjmq5bl
Node 37: xxhx7lj
Node 38: 152i7zn
Node 39: yo0ao4j
Node 40: 8pap5w6
Node 41: n4r6490
Node 42: teqxouv

Node 0: 02r41g5 321wogt 3gjqi5z 4zxvq9l e4uhgck hplkkdh
Node 1: 41uy34o
Node 2: xcu1nyh
Node 3: 4m14a9t pmbacup r2ix9xr tm163yt
Node 4: r9skvu9
Node 5: ipqj60p
Node 6: c4jq4sw e7l1k9g hghadwq sz1c2zk
Node 7: 0a88oax 94ptjwi 9dv59lw h7twvka r729a2c x17zzic y2o8j7v yoxxkxy yubpmcm
Node 8: fe2naw6
Node 9: 4ieoy3g ep2yfoo rkv042k ttk1o6j
Node 10: dxrizwz hywusr4
Node 11: tkirj8n xaah9fg
Node 12: m7zjf0i
Node 13: vdnrc6j
Node 14: f9h16as q7dxv0s
Node 15: pgepji5
Node 16: uwahtc3
Node 17: 2r3l2sy
Node 18: 1z04sik 6od9z9a afazoi6 rdiqyul yahrwz0
Node 19: ckziicj z70z4k4
Node 20: yert143
Node 21: gksr3dg
Node 22: u5fe6t4
Node 23: qedgyxv
Node 24: 6ha1bau am1jwxw
Node 25: qr8btal
Node 26: 9yh3rwy
Node 27: eutw8am
Node 28: h5z5hmn sajja3s
Node 29: a7zsqvi
Node 30: tyyskww
Node 31: ayd9pi5
Node 32: us71la4
Node 33: kxcgh23 vpv47ic
Node 34: t28uto3
Node 35: eqb4uxu
Node 36: 7o3zz1j
Node 37: vwd2z2x
Node 38: 1muh3wo
Node 39: cbc78bp
Node 40: ftf7ukh
Node 41: k9hhtqx
Node 42: 75nfbwq

Node 0: j21lhin
Node 1: 1tmm2jr 8yfxu5u gtd8v73 hsdiaas j5n7ojp k8vj3pv mbg26a6 njyie5j uh8kfhh xc7h414 y4xwaxx
Node 2: 3y8n96q wh2g8nc
Node 3: 5fzzgey 8ci6aka ay78207 dfja99m l5fc6bg uklj6rn y3dgq3f
Node 4: gtsji78 ih8xz6e kesm3n1 lqle51e nl3mwnz w19qz2h zjyoxht
Node 5: sd89gzp
Node 6: q071afi
Node 7: cizxf3y
Node 8: xhnedk7
Node 9: 0ghjyji vpuj8tf
Node 10: ktcst4u o78iqul wj7l124 wufc71u zgmjiz8
Node 11: f1wid2q t30lj2z
Node 12: gnv52pn
Node 13: 79c4s18 fsdw678
Node 14: 2jbcdnz cnb6k3i h3o2afm ivd7tdn uqxni9l
Node 15: wv3muzh
Node 16: 2qhva42 5fkrceg
Node 17: 41ccod4
Node 18: 1356om3 9ubnsyb dh435b5 j63scjp puz1w3m
Node 19: 2g2swyj d1zacx2 fqy27xa jj3n4bs qw6qmdo x5g72cq
Node 20: 63g6wej
Node 21: okm6ft5
Node 22: 2eguc6b 96p0ym1 g44r5dq p06meea
Node 23: 0cf6l34 572rlmm nfpvr1e
Node 24: jh55n5z
Node 25: d26m2z5
Node 26: a030q5u f6xgirv vl7adrj
Node 27: ft1bjdx xuw82wa
Node 28: bkmomcn
Node 29: 3kerw0a dh6atp0
Node 30: zxw1o3u
Node 31: y400wha
Node 32: 4za0p16
Node 33: gtbiuvh
Node 34: 61uug02
Node 35: z2judzi
Node 36: tal0vx7
Node 37: mv9l22i
Node 38: u4cpqs4
Node 39: urvb1jt
Node 40: er7fs9l yjm1ehu
Node 41: au7ihqy
Node 42: y9xbkzf
Node 43: i17dlio
Node 44: 4eh5pbu
Node 45: kg5hsza
Node 46: u3bd6ij
Node 47: lsyf8zm
Node 48: z9a1vx9
Node 49: wmklhct
Node 50: w5a0178
Node 51: 7bh6ev3
Node 52: 8ox1vdk
Node 53: wk5ci8e
Node 54: 2mrb654

Node 0: 7zj6ja5 8tmc5qb 9t5sypp 9vhsr65 mryzcsd qtomxjo wf6em7h
Node 1: aopsonz nli4ir9 no3v8zu
Node 2: 5w76s2i c90ye7l saqw8ln uu0u805 wbncoxt x5cm72n xegne1j
Node 3: 08akr1u 4284c2l gb5cs46 jbpa6pt
Node 4: 5jqx07q hk84msh obcnude s08q65m zxpc5zp
Node 5: 0e1gi30 0stbwje 1h140yw uyumg68 x58hu8c xrjb15u ywrn4l0
Node 6: ba6079v
Node 7: 4sf20o7
Node 8: m87z4ww
Node 9: l9fqp3n
Node 10: 4d85tyz dhwdp5a i63npq1 kbe8r8w pjylzjv u9gbgdl
Node 11: nh67fax
Node 12: 94jyp4r
Node 13: nerul5k
Node 14: issmd11
Node 15: b0v5nhg ks6lzy4 oiw3k6w
Node 16: 1fgra9k 2wjxh7r 368yyoq 3j6wzwr 7n3gdmf ggftg7o hqm3mmr
Node 17: gqas8r8
Node 18: is7ht1m
Node 19: 6r17p7f
Node 20: oxfm21x
Node 21: xuxfoyq
Node 22: cadtf97
Node 23: rhbl15k
Node 24: k4ecjyp
Node 25: g6blfrj
Node 26: mt5uios opbymuu
Node 27: nmx9jzj
Node 28: cqpufbl
Node 29: gindvkl u0nge17
Node 30: 21tz7zq 654inmo
Node 31: 1zovkp9
Node 32: o8ubtg9
Node 33: iqsz3r3 pa968t8
Node 34: 94mha7k
Node 35: afv8301
Node 36: yldy8kf
Node 37: u53fuf4
Node 38: ka4cmqg

Node 0: 2xu5u1l 3lnjydt 4l1wsby 4tccqer 5aejabh 6s3ldjg 7yzep0x 9jij0y5 bqkyucq hy8zoyk lprw44i n0pww6r pp1lu26 pysq6zw r9nuqkj sa82e05 syo0xjb tgkrda1 un7wq91 y9ngosf
Node 1: c11oslh ezior6q oijgpo6 twqensv
Node 2: yla28zx
Node 3: j6zfh72
Node 4: 4tr8r5i 7b7eggy ekzqxdb fskjupe s2zqxgt
Node 5: 5b20crn cmupi16 swnqlry xwkjac5 yisicb6
Node 6: v50e94w
Node 7: 853zu39 9jwsi67 awdeq9b wyzvc4z
Node 8: 4fqj6uc 4smusfj rrmdh7f rwkeb6l vv2dkhe
Node 9: 0qtb3n7 8tqf0nu
Node 10: mekrumv
Node 11: 3s0ccxp 3zm94q2 6lf8nxv hlnwadx hv9rlci jhl7ubi khzoddl v7r370e
Node 12: 2o1inrv zbdhh8g zgllglu
Node 13: 0cpzajx 5x1hj4p 7yqgozd bu9eqy2 suab211 vjr8vr0
Node 14: n49jqhx r5aqamc
Node 15: 4q285iu liybwbv rul37ev
Node 16: 1tm9rl1 4yzzpq9 i1v8a1w rhu7f50 ty5utch
Node 17: c0w0hk0
Node 18: z7x0zfs
Node 19: psftjpf
Node 20: cvmglat
Node 21: o2g78y6
Node 22: 5eyk28z
Node 23: az9uqsv fxq1zhx rac1cy1 s2mbruf
Node 24: dmb9bsv
Node 25: fofyhiw
Node 26: u7c2fpm
Node 27: 0gng9i4
Node 28: zjj6y2s
Node 29: c0agsdg zw1u9np
Node 30: z6ugjcp
Node 31: 4xjgwqr yqno06e
Node 32: ddmg941
Node 33: nhn18wq
Node 34: krrmf1b
Node 35: yww4hxp
Node 36: 8zla7cb ai0akrm q8tr7sy
Node 37: 7cxvltj mqxbt9l
Node 38: vmlvvsy
Node 39: 96nrbik w2r94xm
Node 40: 7jlvlh9 vgqx0m3
Node 41: go37g1z
Node 42: qecbiak
Node 43: fzotu8g
Node 44: gcypkie
Node 45: h5p3dxi
Node 46: ms6df1z
Node 47: qsihnm6
Node 48: xbbiudi
Node 49: refur27
Node 50: k0v9xmq
Node 51: bx7gl8z
Node 52: zpl089c
Node 53: m8z0kei
Node 54: 7qr94nw

Node 0: 2jtvzb9 3fohpgh 5uiu6py 973mnew a7lh2wb efzi93l enlouif epg2tvf f3xocce ig4q2om k0yj213 k3kkyz4 ndr7sgj nzwicu1 oymxg97 uag4aym
Node 1: 0yi48u1 c6q7vkh
Node 2: cu82q6i
Node 3: kvz1f3v t3qm94f xvxse8b
Node 4: zjfv9yt
Node 5: 1hkzmjf 383ospe 3mzvm05 5s8359w 9w4a2j1
Node 6: 0jzax69 hs76qkq t9i1olc
Node 7: e12bogq ilou3bm
Node 8: pvfzxm9 u8z6shv wb7pg3w
Node 9: g8jf39i
Node 10: f0momi8
Node 11: 4d5u3kh nnupiek
Node 12: eg84zg8
Node 13: krrco6n ptwd78w
Node 14: a2mwglk h9xmkgn m8fv40e oxrumlc
Node 15: 18b2hkt vq1x79n
Node 16: il8i9to
Node 17: 2t5yfjk 4m0m923 or9x228 ucx5jpn
Node 18: 2zkid3u
Node 19: curtlt2
Node 20: gpjv7xr
Node 21: vdof433
Node 22: bq5ibwx t6wzofh tidcawt w90u191
Node 23: lpzx3ly wya8ox8
Node 24: u0d1t9r
Node 25:
Node 26: 1sns8jt sitnkww
Node 27: ieg1hw7
Node 28: 91j6pmw
Node 29: 1eszgw7 rrijaok xhmwnx8
Node 30: vnsturl
Node 31: gzlyrjw oartxxj ypuqgsp zkqzwsb
Node 32: h4q43bw hhfv4is jwoi44m
Node 33: 2tw0heb
Node 34: f0mt066
Node 35: mzsbx53
Node 36: 9pl7gb6
Node 37: jymrubi oln9l9u
Node 38: airjcdw
Node 39: n0a2loa
Node 40: 4wpdexx me7hlt4
Node 41: zimx1z0
Node 42: 9iciqtv
Node 43: fwa52id ufuazip
Node 44: 3ltynvg
Node 45: gwi5rzq
Node 46: ocyq26f
Node 47: iog8ff7
Node 48: 5ichncj
Node 49: 11qaf28
Node 50: qipp729
Node 51: p2drbzh
Node 52: nk3gw8a
Node 53: 18k4t1a
Node 54: as1w11d
Node 55: 995080q
Node 56: 1crwunk
Node 57: 2anpwrv

Node 0: 8qdkv0e hoyrnth hq88h2j ndjfbc9 pyo1xf9
Node 1: qzsxp3x
Node 2: d1i3ibe
Node 3: xidkzj7
Node 4: jchzjrv
Node 5: erjju4i gpfpdlx
Node 6: 6xt0nfk
Node 7: cyo69ff
Node 8: t2aq0p3
Node 9: axl305k
Node 10:
Node 11: 2zcw7du

Node 0: 5m8wr3i aj2h4sy essgrdj gr3xybs xjyvdsu
Node 1: 246ubxm 5holrh6 7uzuv0t acmk6to
Node 2: buwg8mt kglrktv m4uax1m
Node 3: 3rnoi0k nmcfggj q6dxg6r ranwgfs se011gc
Node 4: z5pbqmg
Node 5: 70hc5i7
Node 6: 4mhg15o kwjtk0v
Node 7: krt417b o943qs4 vpxfxv1
Node 8: gj6torf httm93v
Node 9: 88mm58n bi7wqro
Node 10: efrovqy imklfp2
Node 11: 61nwtnj
Node 12: 5dbf0l0 7c7pvfn
Node 13: 3hcikjp 4pc594g
Node 14: a2epxjr aa4rfec
Node 15: 6az1lzi etmx5re vbwvldw zn7u4oy
Node 16: tlgic05
Node 17: 42tv0z9
Node 18: kdjnwes
Node 19: gbn0qou
Node 20: ovtysle
Node 21: uh3ub62
Node 22: u062uou
Node 23: ahd7w1t sc85ctp
Node 24: k57jz63
Node 25: lz3ld0d
Node 26: moxlcqu
Node 27: brx79ny
Node 28: kb8gx84
Node 29: 86jqora

Node 0: zxrujcb
Node 1: 50ix9yi 52jcb5a aa0rll9 ahp7wnq jx4e7tv ms7dyiy rn1f2f7 t65xx5o u3t63j0 vcdxhaq
Node 2: 7ue5q2f 82xue4y bkeg0ro igdsbh9 kj87w88 xy6gb0t
Node 3: zqmnrop
Node 4: 4yyccot 7ryk9jy cc67luc e1c4euk hi1dgzg kuup3l6 oz7x0ro w8wmpaz
Node 5: ohw162o
Node 6: 9qgzaj4
Node 7: 4mj6p8t 7rl75l8 ovwh6l8 oy8hgsk rqlu5os ta90x2c xlzgq7n
Node 8: bn1zzog
Node 9: 1fc5r8t
Node 10: 74ejxlg b4q1c77 ihjye6e
Node 11: 0uw2w8c g7wn02g
Node 12: 3l8uqb3 g64h0d5
Node 13: 90bbazv b6viijn
Node 14: hm97j6d
Node 15: b1qirop sy3wo4u
Node 16: ey5n9uc nn0wxx6
Node 17: q527c9a
Node 18: sztl188
Node 19: r6c058q
Node 20: il1d6iv
Node 21: 1svqvy1
Node 22: rl9fb9s
Node 23: 88pxmxv j8mulqa
Node 24: 6yt8tj2
Node 25: a5fssiq
Node 26: a2lam6u dabu83c
Node 27: 4cgl8ha
Node 28: b8ir3rm
Node 29: 95msv7z iglr4rb
Node 30: fj41yam
Node 31: oqf9p8y
Node 32: in3wgtx
Node 33: 8zect52
Node 34: 5s5fgrk

Node 0: 0a61qw3 clq3mqi ibfytpq kcyqprd l9hq9ud
Node 1: 2hdvlw4 o3p35p0
Node 2: 0wq5fn9 1pz0tov 2gea7zm 2kiib1a 3n1uieo 5st3y79 68c1yvx 840kd8q 94kh3n9 bjh2r0a dz5daks fs0313q hz0xh2q l57g7ps ngw1c1g rmt73al rpgennf tl1tsfq v7ndlrt
Node 3: 1n9wlpf 2ypuxa3 62ragul dw683lc ezx09pd fghziuq o4hwowp rr49ohm u8h7112 u96c8dc vq22asd xsblau0 yuircgr
Node 4: 7e8j2qi bg7haun bkdjz6f hgkl5i5 iay7c8f o1f9840 oxbrbw8 qdm4irh u6thcqd v1fs1ko vsq2d9l
Node 5: 7d68pme n0ug6hc
Node 6: 4imgybx dz1ljfe
Node 7: 46bs1g3 a3fpqos dmqzpqd
Node 8: ce9fymd
Node 9: 3g2qmz1 qjy6g3g
Node 10: hqymvlx n08bvcj nro57xz
Node 11: 1vmrwp3 h3i343l jwv9fs5
Node 12: 2hdnz0u
Node 13: 26jd3se fn4xfu3
Node 14: clvtvwk
Node 15: jqtt78o
Node 16: 8ldw2fu
Node 17: 5yf54wj qk7b22y w22h4pu
Node 18: pj80t1y
Node 19: 352n45u 9g7qws9 ay87azn gmun3jb
Node 20: dwpx9i8
Node 21: 8qydq01 utop96y
Node 22: 91hco62 9xh9duv
Node 23: g2bl0aa xo4nurj
Node 24: shbfy42
Node 25: 44ai376
Node 26: ok64qzr
Node 27: lctx6gh
Node 28: vkrsppw
Node 29: u206c21
Node 30: x2duf2j
Node 31: 80uww3o tz6ejaf
Node 32: tg82ao3
Node 33: rp9238j
Node 34: 6kvty91
Node 35: lgupn8k
Node 36: 4qefw5g
Node 37: jdabh5t
Node 38: hbuu9e2
Node 39: gkvre4v ln5bg7u
Node 40: x3gqkfd
Node 41: 3ap2ubp

Node 0: 2o4948q kcarbsn
Node 1: wn4cx87
Node 2: druomg5 io3634d jk2i87j w6uxdqg
Node 3: j23bw5a jhb0v28
Node 4: krfebys
Node 5: qp7h8lv
Node 6: 19i9uxx 1ceg8rn 32f8uya 647b2qa 7tfotfc 8p2rzov b18j9af bf9bkzk gov354f h6huwy0 kiazt22 kq74a7g ny68tjl srbmj3n tuzfp71
Node 7: g5po0w3
Node 8: jln71vr
Node 9: isjfv7v kipe1qj
Node 10: 99zcw7c hn66sjj
Node 11: ck0mkxn
Node 12: 0ixjrj4
Node 13: ayij83n
Node 14: 1onvdb4 8oa6a6a
Node 15: de3y9aq
Node 16: eegvp35 f2lsqwg
Node 17: 6mbk2vf
Node 18: tuow15d
Node 19: dya1tpb
Node 20: 2h9321u
Node 21: ho17h3x v93yohc zyok0gs
Node 22: xlyrtm9
Node 23: de7fvqj
Node 24: vka6t67
Node 25: hqtvo4w u7rowkn
Node 26: 6b58js7
Node 27: 0myto46
Node 28: y2u4ny9
