Node 0: 5gm3xva c3crw9b icrkvxq j0tvzs9 jai7ywn jzp6h73 ktl97k8 m77ud2a od065kg td3x5ls vkcfd8c wbdvnhu wqmfxhr yam2hwe
Node 1: 7xfvih9
Node 2:
Node 3: mtkn3di

Node 0: pzns36u wuhuqrj
Node 1: 6o2l14f 71pbwq2 guldxmd j0d5ycj wwsdzhf xi4hwcz z472lky
Node 2: nzxia43
Node 3: 8tncidb
Node 4: 4bf0x4u 5rlsflz 5taoy27 6mwgj4a b2d4lg8 c5ldryi i3wdmrx iig9gsg n1zzj1o o6i8779 vqlv257 ze120ib
Node 5: h69j2u2 xwis4f4
Node 6: 242bhr1 3skezed 7ribs45 8j10gkr ai3b688 c36k78a dd0vp4g iuzqx2b l1f0go6 ol2r57c pd8gli4 qced6d4
Node 7: 8qv114o 9k17cwa i3qi99h uq2ufcv
Node 8: bjyoaai c4v79jx k1nqaz1 pqvafry
Node 9: x51vj1y
Node 10: exemdm6 h3gkokx hz1uqoq r8vuvyl
Node 11: 0o5k5t0
Node 12: 3l5am5u 7eqcoa3
Node 13: 6oh2c6f qlzuf7l
Node 14: 0mmnmsc k4sc6y9
Node 15: 62ydls4
Node 16: ap463du epltxqm kwdzhlk
Node 17: d3x9evz
Node 18: a2gxnct o4ucgqb qw0lt0y
Node 19: g6wsm5k
Node 20: 3kzxw8v byh8afy i5cyyk7
Node 21: 8mq5ovq
Node 22: aonopu3 crp4agc w3c2k45
Node 23: 1t1puum
Node 24: y2ckiw4
Node 25: bcm000y fd2fytk
Node 26: mfcadjm vhngbdi
Node 27: j6ob67j
Node 28: glsdmpk ojwhe0v
Node 29: 0roibgw
Node 30: b34pr5u
Node 31: 3qcokyx
Node 32: d6y26lr
Node 33: w2zm2dz
Node 34: dezasl2 gx991y1
Node 35: iyp01jh
Node 36: 7cn19iz sha9scq
Node 37: m3xrhku
Node 38: ie9yqsr ztv08fg
Node 39: 0mnyon5
Node 40: z0imt8d
Node 41: 8ml328x
Node 42: pg2fwmg
Node 43: 7coju0z skg6e4s
Node 44: 8l3hxbg
Node 45: 2gqfp3g
Node 46: 1szatxp iyle0wl
Node 47: 3k1t9f0
Node 48: g42w3yp
Node 49: 01mfyo3
Node 50: a7e4afx
Node 51: kq26zc1
Node 52: y0c2cs0

Node 0: 3sn37an aodrf1a lo8bno7 v70tlh0
Node 1: 0gtsp0j 10e05j3 1l9w44q 5292xra 74k413e cmxwmwh dfjo19w ik52j6v xpj82k4
Node 2: ggz95p4
Node 3: pichtuj
Node 4: 8bfn8yu
Node 5: qotohg6
Node 6: jtei3b3
Node 7: 3bwmu59
Node 8: qj5yjuv
Node 9: pj99zve
Node 10: 6pg45fl
Node 11: 82kwa2t
Node 12: o7rrwfp
Node 13: 412ca95 4pz3jex 6uy6h4e h3sp9o0 sd4lux9 tnc886i
Node 14: fi1kj6r
Node 15: 56snko5 lihtum8
Node 16: 2dnl98d
Node 17: njqo1oj
Node 18: myax76a szk75ox
Node 19: v22dgwg
Node 20: 53pkmyx rvf3dqa
Node 21: 9wrd7vf
Node 22: klkfyk1 vldje9j
Node 23: r6rdawh
Node 24: c393t0j
Node 25: fgz2q3i
Node 26: 11c07zm
Node 27: e4e9gjj
Node 28: 684w0jh
Node 29: 9hevtuo
Node 30: ljl7kxz
Node 31: t6fbfkw
Node 32: bsftdmf
Node 33: si6kl7h
Node 34: jes3k73
Node 35: fcoohmk mznwek7
Node 36: e9m5unw
Node 37: 5bfxwst
Node 38: zx683rn
Node 39: dsurbrl
Node 40: 689r2u4

Node 0: ttkrnlv
Node 1: wfjuyjd
Node 2: wh61653
Node 3: 37lruqi 40hwvzm a0ur734 a4cuzwy fpzgmfx pvyx4tj q3sq4kl te27z7m tn57n3n zw3y8nr
Node 4: g2ihzvv
Node 5: brzgmse ohtozkv
Node 6: auqbjju j9ox4fx
Node 7: axgeqzb efvh7ul lirfmgx w5lq3pj
Node 8: 033w5fa p5scgnd
Node 9: 5f4vs4y
Node 10: 9wgv97f
Node 11: l389udk
Node 12: b19un3r nfswwl7
Node 13: 5tk6i7c 5vaciou bt5uamz werbd3q
Node 14: 569dehj s8w99g8 w8e2hhf
Node 15: d2x9fm3 ow0u6h2 ualydga
Node 16: 2bzwkq8 mm6tyzi mybapcm ni2t9z8 oy73rpn r2n6ros zeq4og4
Node 17: 8djm1xo
Node 18: adymmuy zgxn1zj
Node 19: 3ng2ra6 9l5896z hrw5svg t6cpfro y6xt2pp
Node 20: w2wuxvk
Node 21: 7qbiohq aznnd27 ovatlwu
Node 22: rn4x4pm
Node 23: 3cvgx6t cgqf2zq ofmfrjm
Node 24: e6lbb82
Node 25: gclhh2i
Node 26: rfuzvvw
Node 27: 907whcd
Node 28: 2o7ojg0
Node 29: lfl440p
Node 30: 04thm8d n63xnuw
Node 31: 2zqfq1t fq0f01m
Node 32: cdsdvln
Node 33: 8yzno4f
Node 34: v5g3a35 ydfhulm
Node 35: 2lro03h
Node 36: 2dsomab
Node 37: 5qznlgl

Node 0: 4ei0bi5 fmi9j1m gh9em6g ijxnx3a juvmw47 mswfaj8 mw19mrp nugkwdd pzeak3l y30vqk2
Node 1: 6oxofmv c0kqj0k
Node 2: 46incj9 db9zdjl dljokl4 fd1ryr5 h6beysv j1vwjhi n88fde7 q87h9r1 z7ixz1n
Node 3: 3ci0t4k hmv5brm kurfyng uz0du9x weg95xi
Node 4: 2gtkq0a 3f9y8k3 9jf9cea efz25ts jkmkzfb qnhzwnq vus9uzg vzt6pwb xzdu4vm
Node 5: 1uhncqn
Node 6: 9y7xbs0 eu19s5z s4rx2f6
Node 7: p5cpj8p rs9i6jt
Node 8: hpf7ed5
Node 9: lbmxt45
Node 10: 45n2isk
Node 11: ejpwpud gt1j68y
Node 12: 0nujwdp
Node 13: lv637m2
Node 14: p0xo7jc
Node 15: meholje
Node 16: 0f4h708 j47km2l
Node 17: epwb27e
Node 18: 78yglp4
Node 19: 25hxkbm
Node 20: 5yqxcka
Node 21: neuqx8t
Node 22: yzwk31u
Node 23: 1dd5ur0
Node 24: 4jlgchh
Node 25: wcmhlgx
Node 26: ozv897v
Node 27: 7dupbx9 rjz0zg9
Node 28: ckpcre3

Node 0: 5manb8g 7h94sy1 lt6c4in
Node 1: 1ko2x3h 9lkoi4h brjehxg jef37fh tf2zusq
Node 2: 1x5jebz
Node 3: k6tx5gz
Node 4: 5p4bjtq
Node 5: huxeh0i
Node 6: 60fq51c
Node 7: kfhbd1q
Node 8: l31vthc
Node 9: zsnfc32
Node 10: 1x1nwhu
Node 11:
Node 12: h9tlck2 q1gjg5k
Node 13: qn7sbrw ue6mncq y3xm28d
Node 14: m4xhddh maffyh9 nyhss8a

Node 0: 6wy0lc7 osfb6rs
Node 1: 4j8hkw6 rng3hsw
Node 2: 0zerg0g ide6dtm
Node 3: 5k82023 5swsrfs 6g6opxb 72127tm bcuc1mt fs4q2lq ho8rcbw qv7xzts qwkmi5r tsaeu1f vpu51ta
Node 4: 2uggi4a pxmo874 tymnv8f vyc2w5x ya51too yhhe2mt
Node 5: 8i38ap0 ef6r8fx
Node 6: ow6o22g
Node 7: l8ta9nr x3v5749
Node 8: cis95gb
Node 9: 5rko73a

Node 0: 04i8hzp 175rbbe bekbfzn c9r19ng gfndr5u k4xjkdn njicxfl ql9g0iz u8thnag
Node 1: fvaojkx jh8v29i w6w90vk
Node 2: d6rpihy k7g2e1j kgiir2r p54jt9l
Node 3: udugzp7
Node 4: 3qbfgq0 mkpwvws
Node 5:
Node 6: fzenw9j jcqkay0 mjwm2at vn20tme xt5jvar xup0zuw
Node 7: yo71b1f
Node 8: 196yhi2 b0jwb5q
Node 9: bn450dj nvsifid x7o9i1u
Node 10: ws2cdek
Node 11: tzq3x68
Node 12: 2gcim6a
Node 13: 13duid7

Node 0: s7umkev
Node 1: 2e46bq7 6dkeiqs mpqgkyl qwg7ax6 tevs9lo vxm9rz7 x0cdvif
Node 2: 66dtvmh cb2qx4r erg1ey9 n1pmecz n7vvw68 yydl6re
Node 3: 438uxiw
Node 4: 1pjb7gb rmoapeq
Node 5: 37j4dt0 cmes0nx e2f453d m96iwyt pp7y4eo qzr7yr2 w2vnqxs
Node 6: 8djxo0l c6aissd gp7cbp6
Node 7: mp9om5e
Node 8: 6v1h5bm tlo1tma
Node 9: 3nhkgae
Node 10: l41ufrz
Node 11: qs9uqre x8qrcpu
Node 12: bc2fck4
Node 13: uijtipl
Node 14: eem8gmb
Node 15: 0nw2lad xrp0rix
Node 16: 14rwteo h8uhy4d lg5wrbk mzu5e9b
Node 17: rlqxfoz
Node 18: ru3gh5o
Node 19: r5sc0uk
Node 20: 2l4qfab
Node 21: vkgxuq6
Node 22: mpv3vtn
Node 23: o2mj5vq
Node 24: bi0h0nk
Node 25: q0uqe16

Node 0: 474qe6p
Node 1: 71y3h27
Node 2: 8qc05ki
Node 3: dwyumw7
Node 4: 0gpdpbz 25jmxu3 5ep63au l8pxhwl nxoy5u7 u0brhxu ugrbgi3
Node 5: d99wh68 lk4g4og nthn8zs
Node 6: 6jmdhxf jj7cl43
Node 7: 9xxmkig
Node 8: 1ikdhxl
Node 9: 1sfn1z3
Node 10: 5px6ckr ktr2wtr
Node 11: hztahvz
Node 12: cpdxkxx
Node 13: c9e5k7g
Node 14: 5ld4o5o jincbgj kxc9hqe qjy0ht3 ttu4cp4 vo47lhh xtzgxyp zx7v76e
Node 15: 101zstv
Node 16: r5vscfo tuin85x
Node 17: 8figav6 s3pnmvb vae0mj4
Node 18: me7pxyn
Node 19: 6e7ww5w au7xsd1
Node 20: b9wnxjw r8iwjhl
Node 21: j4a927h
Node 22: jjfx0zx
Node 23: enrhis5
Node 24: sl2u6xj
Node 25: 12cfoos bjh93aj pzk3hwg yiz3mq6
Node 26: aqq3kr9
Node 27: czvh8ru
Node 28: fva0e6b v6gh6ra x0ymdyu
Node 29: c7mfyjm s3mhp6w
Node 30: 2393j2t
Node 31: bb18mux
Node 32: 2oeujri
Node 33: d23uzq3
Node 34: 60mm4ua

Node 0: i5ga1r0
Node 1: k08ay12 l62l070 pxpsyeu
Node 2: sybtqbj
Node 3: 821mb29 c1yqw5d ifzfi89 mtq38tm oh5eqgq s6eist8 vcq9m44
Node 4: 7o0rrzc 8xe79iq enjykm6
Node 5: 3anaakk gq37tnh j3vydqy mqqb0lt ng4n3ol pav8u9p s4mjk5w vt36bjj xn7qt93
Node 6: drmeecb
Node 7: ewh3jkj fk3s1oz fse8n4u gmgd8jt h7fzo5y heuj37g jw8uhm4 sc2qh29 vjdn2ga wostg97
Node 8: v702r7t
Node 9: 12wf5fn 4g0q2mb fxyc6c0 h5lwwly llufjp6 o9uf3up rmej2o0
Node 10: kqbkltc
Node 11: kw1mqmj tw8832b
Node 12: wwixyko
Node 13: hc634fw
Node 14: xgr46w0
Node 15: 1vblak7
Node 16: kk68jy6 xa5e5mh
Node 17: lne4rq0
Node 18: wnmrs6i
Node 19: kijson5 tuw99jw
Node 20: ctx2sib uj9rf12
Node 21: gddpdv4 hjnjhsc
Node 22: zrokhlf
Node 23: eza35ou zticghs
Node 24: frlxaq3
Node 25: rao67te
Node 26: 1thx5lq 5le5po8 v0jsrkx
Node 27: myye0ni
Node 28: jgws7d4 znbutwn
Node 29: ee49ske kz4qgh0
Node 30: 50xtt3g
Node 31: 1uz4pt5 fdlc3bo
Node 32: r9ieebf
Node 33: 4rzw6ak
Node 34: fh1bpyt z6q8r7h
Node 35: ujxb43m
Node 36: nfnilx8
Node 37: rkhwsjo
Node 38: f7w5y5l
Node 39: i9c7phx
Node 40: dau8gi0
Node 41: 3qxpmke
Node 42: cc0xj1o
Node 43: aliovth v28h1zc
Node 44: u8sywkm
Node 45: ikplntx
Node 46: gh85afa
Node 47: ok4cg8r
Node 48: smen2w0
Node 49: envntze
Node 50: wzwicsh
Node 51: qkjm883
Node 52: tagyi7n
Node 53: pwwwv76

Node 0: 9hvecr8 je3zzkm
Node 1: 052s8d7 jx2hevv
Node 2: 1re5ose 9aqwzfj arpmwc8 gav31ag lxm159k nf1ejof owxe25x trzo707 zf50p92
Node 3: 3580l8v 5ea8f49 6yz2a84 gzrn6i5
Node 4: 1xxoye6 jjng7v4
Node 5: uyltlp1
Node 6: 26e2ice
Node 7: mcnehum
Node 8: lt65z64 vy9i7qn z6tr8yp
Node 9: 0ux2yvb gc6wtog ghea803 l83hq25 rb3nuok
Node 10: 8njq8b6 i4jlwek iq90y5u
Node 11: jxkxy1f sfgatdw
Node 12: 53qrfy4 9k65z9x sdaum9l
Node 13: 636gr90 haeq1wp
Node 14: z7oaboj
Node 15: 9ecbvg1
Node 16: 3gzll6g 78efal8 te9hew3
Node 17: f0kcnqo
Node 18: 30lzs8g i39rli0 nf3pjzq qnbzrop
Node 19: w4bubhq
Node 20: 9pczsa4 n7ljih6
Node 21: exrynl8 j104nsk
Node 22: yj8wxja
Node 23: w8793hg
Node 24: 4vxpshn
Node 25: 0x4t93u
Node 26: 8vjhpjx
Node 27: 9i0t5o9
Node 28: xnjytxw
Node 29: eiulqeu
Node 30: xz5o8o7
Node 31: ce63squ
Node 32: 8aaf10r
Node 33: b4ciqaz

Node 0: 85l27dj d7sjex6 jgk59bb ktpbhio t074gco tn4eosw
Node 1: 5qqrleg aiiiejx eov560t
Node 2: 12zzqkh 3fx7ktb gfpad7b owml04d s4cfs2f uisaubs vcw2dxg
Node 3: b4y97tj yofl74v yoyt28a
Node 4: mvlgh54 ze4yuxk
Node 5: gn0zpuv
Node 6: 23c2b4f bgl83rx uypntfz
Node 7: 75c3zv7 vuv0ujt zw7nf23
Node 8: o6l2t40
Node 9: x0wbi21
Node 10: 8djw63h 93jhml8 c2lwptr
Node 11: 1qhgs6c
Node 12: axmjvqg flp4ba6 muehyfe
Node 13: 66j6aaq
Node 14: 8mmzx75 czejksf r2mmdgi u8mg445
Node 15: goh1mzl
Node 16: ymm17xr
Node 17: olh7myy x2i1usg
Node 18: fgqyje6 xsteo96
Node 19: ijf1gbh izpx5gb jl3kowi
Node 20: 9fcn9jl axuyq05
Node 21: c2niq6v rb5qa53
Node 22: bxfl9p7
Node 23: 88ydv8g
Node 24: uo6xt2v
Node 25: i4vgcte
Node 26: q5l7utg
Node 27: 9v9n76r
Node 28: reybxbf
Node 29: 5ntgdxs ohcyapc
Node 30: t73krfa
Node 31: co0iwei e4hwbcp
Node 32: ixenl3a
Node 33: 008gve0

Node 0: nd7mu9u yz7q97t
Node 1: bf0i6b0 d360o97 i1v3coa k1rlev6 p60q3j4 uispbc4 y2vlwok
Node 2: 49affs3 nbp1k1t
Node 3: aqjx55d h83byne mgg3pnm
Node 4: gww1wa5
Node 5: 1p87i5b 73mzzvq lzh4zy4 m0zg15b o8cnn2f x5n8z1x
Node 6: psw0h9h
Node 7: ex76093 mua0d80 x06w0y3
Node 8: z76kffu
Node 9: 2h1075q
Node 10: 2y2rl3d p8n9zor
Node 11: 64xhdbg q9eu703
Node 12: o6gha0p rim5x9k
Node 13: dnj3ug0
Node 14: tgdsce4
Node 15: 8gcinks
Node 16: jow2qkw
Node 17: kcisuej
Node 18: obrab5m

Node 0: 0vxtd2d 31g44wb 3r45fs1 b936tb1 xanv9rm z7cmoxn
Node 1: 0yca8dg 8lduhrc g35o27w gqw0jyt m85ud1n on2nu7l tieje79 u26lior y0hiqyl
Node 2: 962jtgw a46bkko nzvf8c7 wonr1c1
Node 3: djqzib4 tp1tj3h
Node 4: kjgkgs0
Node 5: chxdtli
Node 6: 7kgvlas a7smpja cksnmdv mlzljs5 og6r9lt
Node 7:
Node 8: qjpwgmu
Node 9: 78ubzjo kmifroe
Node 10: hi8hdop klgccnb
Node 11: 6gagzv5
Node 12: 0d0eajy
Node 13:
Node 14: d97nx4w q4s8qiw
Node 15: nthk4aj
Node 16: haxp89i
Node 17:
Node 18: 9tqvpld yflipui
Node 19: awpvv24
Node 20: 91io22a
Node 21: 0juvyyq
Node 22: g4ps23p nla8ogl
Node 23: 5z9wluo
Node 24: 9s4pn29
Node 25: eu3hz6j
Node 26: sf13axb
Node 27: gcg3me4

Node 0: 2q46r3n 7pzhig2 gfoirip uk9an7m
Node 1: oriulah
Node 2: i9eg4n7

Node 0: 4bd01xd c38pxyf cv8z4wb ef9nnjd f81y3h3 j8p48nm pmslby8 rxm3ri3 yb9gprt
Node 1: g26tgmn
Node 2: 1dtcfl1 9wve5we agbv06q h5bv3n0 kl7ahwz lj3b4wv mjya463 ovis5b6 pan6or5 phvqg2n r2ro8pl sdbcz1z sql5pyy t8ay74u y0wl1f5
Node 3: e3563lk
Node 4: 1vqzlec
Node 5: 184i6mf 1w4yvb4 7wd295o gumxm7w y2j96vx zax7qwd
Node 6: 05qrq1m 19uk1sk gaq9nnw r6j79h4
Node 7: 5l3bj4o n5ioaoo po968jv ttg61jb
Node 8: isqhkkv
Node 9: bql3cni
Node 10: pf5tz9n
Node 11: i0mgtkq
Node 12: qmfmx0a
Node 13: dr536ra eqts74r
Node 14: 2am0pdd 2drsplz 50p62b2 97wc0ly in0j84h ub14pto wrhe47o
Node 15: 68khemo
Node 16: 3x4usgf
Node 17: lkk4pop
Node 18: hjuz38l
Node 19: 4t92x3c
Node 20: 89wymze

Node 0: x8qfl1p
Node 1: 6fdv2g1 ddu75nj e07qlqt gdzppc4 gptx6l0 hg39l8b hlvh24g itvdfsm kborxu1 p84raz3 sgx8vvo soxk8cr t4fh8zs x7q1qir ybsdeu2
Node 2: 30e7vof gi8yst5 jgma0lj
Node 3: 2c5rjbd 8i1srvh b4ckfyz ctddqia v5x1kxx yqhzw6h
Node 4: i39xfzg
Node 5: 0ofu9vu rr8160b
Node 6: 1g59jsh clr1mjp ulqy2co
Node 7: 2hvtiyr 9zqi2r2 g55rvnf pzy4p7v
Node 8: 1qn5m5c cxmbhr7
Node 9: c4hgard
Node 10: xnn2lb7 ym2j0fs
Node 11: myrdw9a
Node 12: k0y47m4 y3s1gtd
Node 13: b96f796 gc5v7d0
Node 14: m2dx9xs yq4ot0o
Node 15: 55ccwug 666mvcr rkm8rok
Node 16: 1odib0l
Node 17: hxvvxli zgxevfd
Node 18: b1v999s oghr1z4 x4mudfs
Node 19: 4qfzdcp g0k4mlj
Node 20: 6p3azaz
Node 21: vs51pmk
Node 22: u4yzerb
Node 23: 0sdfuu4
Node 24: ep0x9hg
Node 25: miqjiwg vafb98c
Node 26: gpgg6fu j1r3jhv
Node 27: el25pt4 l2dy61s
Node 28: t0h433l
Node 29: nn94t1k s9r8ggr
Node 30: 5seohku
Node 31: 24d8m74
Node 32: nopp3pm
Node 33: 76hw0lc
Node 34: fziihon
Node 35: evck76j f6d47e0
Node 36: 9tfn8ir
Node 37: 6ixe9x9 anar6a6 vh08d60
Node 38: b9penhy v5yq2q2
Node 39: nixwfeq
Node 40: wbl0iqq
Node 41: 5cy7cyt
Node 42: jx9rz4f wq0af8s
Node 43: b9mgn68
Node 44: r2e7cmn
Node 45: 2yz60sw
Node 46: 55khrj4
Node 47: yo4tcgy
Node 48: 6b3c7fe sxg2opj
Node 49: qfutq3z
Node 50: bicss92
Node 51: olt7efo
Node 52: pnhx9go
Node 53: 50cfueu
Node 54: vwmcyky
Node 55: kaow55a
Node 56: dw7uqys
Node 57: pq90ebl
Node 58: 109pmln
Node 59: p271zq9
Node 60: b9clolz
Node 61: cmrl982
Node 62: g7yiazk
Node 63: 91sxnm4

Node 0: 4gphla3 94bbdy9 95pupqz anpqg9t c4mcav4 e9o6f3a jlw8oh5 jspqtm2 ntewu69 orc7d7c vs9u698
Node 1: o3ty209 z27xlpu
Node 2: c8jx9e5
Node 3: 0kbd76s 0wwgkc6 bz3vyre dlxxndo hcch31j n4p36uf
Node 4: ewhhs2a yin0mwa
Node 5: 5288nns g5cjhpj hqrl10t
Node 6: dt5ju6m zct7h7d
Node 7: 4ooqnul dcerzdw wsuakcr
Node 8: o4e0f59
Node 9: eezaqxi fkjr65h
Node 10: wikat36
Node 11: fa0p52x
Node 12: o1ypz6f y2pc7w1
Node 13: dz71qb9
Node 14: l2dqgon
Node 15: 5sxove3 5y8fbjp
Node 16: 0w504sz
Node 17: prdfhsx
Node 18: x4tptcn
Node 19: z3f8k1e
Node 20: t2kt0d4
Node 21: 07gd058 duk398j
Node 22: smitzip
Node 23: hwub4rc

Node 0: 51bg5pc 6gq3bel 6jderos 7k8aita fhxyd5l hpjdsju kmknzti mlva1y4 n6imsro o3wdn6p pcqf7xb rhre45p u7lp70f wcwiune zejdeib
Node 1: dxdgkou
Node 2: 1jo6b4t 2hahh2y a3opbxb vrrg33e
Node 3: nlzaygs
Node 4: 85no4np bkjvx0r cht9pvy cupe786 ko6ap3b l8yuxtk
Node 5: 0tmouhq 2hdswbl 41rd6qv b5wrel4 h8n6wbe i3p5lin jmz11xj
Node 6: 4ef8o4h 74aaa7q dmdnvbo dtksq4v ha2hb83
Node 7: ijzyk2m kz4elri
Node 8: sxsz8n0
Node 9: 4d8wc8w
Node 10: ydayk52
Node 11: ijio389 klz0dfj
Node 12: hc7f12d it3knjn l5m4dgq
Node 13: 4zs3hyy gxwxxcz rlx02v4
Node 14: 791agmh fo20l2r mzc66vl q47bzus zz8zoht
Node 15: 7xb9mnz x5n8di5
Node 16: b5aq0w7 ja99q3v
Node 17: 9ueyasp ae718ua awav14m cfepqnx ioy93sh ntd6u8j
Node 18: 8wnol0x chww1oy
Node 19: 49yckur h1vtld2
Node 20: x4rcm0g
Node 21: skp73tf ud5jhg9
Node 22: cgtk124 kr0oc3y np2z4e5
Node 23: 55ngabh
Node 24: no5lrm9
Node 25: fyo9zgc ixveuk3
Node 26: wgdak0m
Node 27: qpoeld0
Node 28: k13d0ox
Node 29: i9y6prm ig5jyby
Node 30: lb27onc
Node 31: 3odfwi8 pjx49fb
Node 32: 6nurawf
Node 33: 7co69br rhnfi9n
Node 34: ka6edih t1dou1a v3d5css
Node 35: 27us78k
Node 36: 3m9c6f5
Node 37: cnkx6jz
Node 38: bnzs2ej
Node 39: lqaf6tx
Node 40: r9dv48j
Node 41: 5zfgcpt
Node 42: 3k1lz8y
Node 43: 90wbmzv
Node 44: 8cd9fcx
Node 45: 73l1gjw
Node 46: hsxi8ac
Node 47: v51qxus

Node 0: 1u5jkd3 32h929m bjxalyb dl6bhl0 i4utiwa mp6kiww rl9gu8t um1d7x0 ychalm4
Node 1: ixxyt8t
Node 2: ywa26zp
Node 3: h6lfgwn
Node 4: w9241ac
Node 5: krllsbc
Node 6: 9eywql1

Node 0:
Node 1: ac89igt
Node 2: 0mpncnt 41dth29 4pcaa64 77ol4sr 9pk07h9 g087vty hfa0tkv ma8odgd
Node 3:
Node 4:
Node 5: 6twqnhq jzck55p
Node 6:
Node 7: d3whn1t gh1nhkf

Node 0: ll32e04
Node 1: 2ghpibw 58ixzpo 5k168fv 6of4xk7 89wpvyz 8d93th6 iuriiv9 sdndait sxe4udg ta8p97o tprvxsd u8vljbd wiu7j3m yrzzfh3
Node 2: nw71wky
Node 3: ept5fk5
Node 4: tfuajm3
Node 5: 4ckqmed
Node 6: 5oltt7d fmj9c77 ktkajh4 p98zeyu sa9aiir xadpv95 zykij16
Node 7: 32evmev gxz489m t6acikv
Node 8: n28phbc
Node 9: 0toel6v comt88z hodqeus
Node 10:
Node 11: xhnwg3e
Node 12: ol4akks qtce8ek
Node 13: yznp89o
Node 14: ggm0kb2
Node 15: 0n3gt3s 20innex kqdbmwf slayr3n ue9704b
Node 16: ju8isj1
Node 17: dxqa23c
Node 18: 9be8ip2
Node 19: wpcilcj
Node 20: vreqe8p
Node 21: asts568
Node 22: wehz8ev
Node 23: 301ur6x
Node 24: i6ez8gz
Node 25: 2k95sk0
Node 26: t06bit1
Node 27: 8ilb2c1
