Node 0: 3oo7b6e 3rtc2ep 5hq592y afkuipg bg5l4lj h1ze6r5 jfr59j7 jo57vib pflxk1w pur6tkj tke17ps zqaagx2
Node 1: d8qsurg q9deojf
Node 2: kcukdqq o706uf5
Node 3: aoute05 bselt4z u0lih7h
Node 4: 1qho89c 5bn5vua 8o2hsjk 8w8umvy 9ufnjou gha9xju i92rreg ii4br6q lwtc9o6 nf5fp77 rufy4gc y9ejr5l
Node 5: 1isynol 85x3jw3 8da4rvw dt3z1bf ek23ydg sj444o4 vkyrdju wgkklam
Node 6: 57uk41v bqs1rzx vzlet97 y85gzf1 yingl68
Node 7: mbnvj5n
Node 8: yp1x5jo
Node 9: 5jwrxi2 cmh8ctx
Node 10: 40m0li6 902wyjn hnkw612 jpbagbf kgpeccv lxobhzv vf23ao7 x9mqxzl
Node 11: hbf0cvl
Node 12: v7w5wdk
Node 13: p51yxoy
Node 14: 0ybm3xv 4b8ft4w 7jfu3su axq6yws b4b8kcn kumpgtw o1k0j9a suugg0n tg0gaah ue3jfug xarp5z7
Node 15: eq4nylr
Node 16: 91cbu2f inuspwt
Node 17: 9ba8ps7 y3vteh1
Node 18: ibqs2hm
Node 19: 1kfgq9b
Node 20: 1hzvr17
Node 21: c4fz2lv w5iqsdr
Node 22: ql75rxo
Node 23: bxe31cq wz7lbbr
Node 24: o92wonn
Node 25: fn4wfe9 wn89ny9 y2zd13l
Node 26: 04pzudz 474nje9 bz5quf8 e9gckxc q9c936e
Node 27: opxi7br
Node 28: 1744vm6 5l6hwqv jyvtz4d
Node 29: z8je390 zdioizx
Node 30: rqnkloj
Node 31: 71rpcoo 8kvuv4p et2whln qg4edv4 tawvphg
Node 32: 33ik3hy
Node 33: 6bnnu87 qa0n85o uj5oia5
Node 34: onznzga
Node 35: rvr6awz
Node 36: c0iuj76
Node 37: 3yjn6wr
Node 38: wu9sbr3
Node 39: b9vq2l7
Node 40: wmmlg1x
Node 41: a5oq4pl
Node 42: 3stkxdz
Node 43: kn35pi8 pbfbx38 tguz3s6
Node 44: bqezrpz qy2hw65
Node 45: qqwye8o
Node 46: pd11d6a
Node 47: 64m960q 69t55ck
Node 48: obyx6fw
Node 49: kndt2ng
Node 50: lqlvfxj
Node 51: yl58qky
Node 52: 6xw7jub aaw5a1i
Node 53: niozoqp
Node 54: 88zk8bm
Node 55: sjqoj0f
Node 56: lwt3c5p
Node 57: 18q2l7w
Node 58: g56om77 lf623cx
Node 59: ai78cry
Node 60: nh2l7q5
Node 61: fcds586
Node 62: aw9ksoj
Node 63: boos890
Node 64: lmo7b73

Node 0: bmxfyws i7n4ek2 kj2aljo lm7wfxg wmhykm6
Node 1: 8v9bt8j cqvovhb dlklzc4 g8hsxl1 iuo433t n7d9pcg on17cfb qxfls9o rnqws5d w7uin65 x5rs47d
Node 2: e0u5zby vsx7dyn
Node 3: 739xw7a bxoee8j i1r55te s9fbolp
Node 4: 13x3k73 acnenmf ktcrw99 nfsc78b o323lju o6v7kps qoowin4 vo39g3s w98ylo4 yb2mmxy ysr8cf9
Node 5: zwcho8z
Node 6: b683kuo
Node 7: 30qx8ai zb9pezb
Node 8: 409u2z4 8molgoc o5ke41l
Node 9: 0v5hcu8 ay59w2p g0k6ty5 pgowmo4 zpa4bpk zps43xa
Node 10: 3164mnt
Node 11: ai2rwad ehaa4bd
Node 12: b875qji k6ymtja kun2jhb y2rehaz
Node 13: l4a4jeq m3w0h1s
Node 14: v8yu1ti
Node 15: ybqcm8i
Node 16: 3pwqem7 dt38pk4
Node 17: lq36cs6
Node 18: 3f5grgl 5q238ap bwxxlkm
Node 19: 5iaqr2a grszvw2
Node 20: 4axogtw que3aew
Node 21: 50mnxvw f0fe53e
Node 22: sxiizdb
Node 23: rny3gs4
Node 24: m8j1ea8
Node 25: rmym307
Node 26: cu27lsh
Node 27: fqyp69z
Node 28: b2oyi9m y304hr5
Node 29: 7y1elrb
Node 30: pqmv1ot
Node 31: 5zxoora
Node 32: 2l7h593
Node 33: kd63qdm
Node 34: o2944ad

Node 0: 3rj8yqj 7o6033p 8fj6drn 8yx1kgs 958i8kx fyoof6j lozfdal nn3j18g nw5lpqg qituy27 sr1javk
Node 1: 95mrubb
Node 2: le9hg8t
Node 3: t9k3v1c
Node 4: 33uvt98
Node 5:
Node 6: qjzh47z
Node 7: 09lmsw4 d9o14cs mecz947
Node 8: 6lu4utt wpekkbs
Node 9: a5jmmab
Node 10: upzfj72
Node 11: r4v8gfm
Node 12: xy8056z
Node 13:
Node 14:
Node 15: ob4lfv7
Node 16: q0z10tk
Node 17: 3hjjdcj
Node 18: ls5ucae
Node 19:
Node 20:
Node 21: i4bo9et
Node 22: g4vhqus

Node 0: 3qocsc4 3wwn1jz cgyvgsn s3ypcif
Node 1: g20hmnv
Node 2: jekyjsc
Node 3: 9qofhjn
Node 4: gi6flrv r5hay3g

Node 0: 3c9vats hqr0jnv xpe1ogt zgkkae6
Node 1: xjgzw17
Node 2: ed4k7ea ex3br89 ixebmlw t3cmup3
Node 3: 4r4adot 6gkj5uk azrh174 d8ncpww mrhoym8 vpf9m7u ydy8c79
Node 4: bwfymlg lsklqfe ofezk1n
Node 5: g9y6nj2 mw5ztxm tr8o6td
Node 6: 0nvgr1y bqsos7k c6smwyi scypobo
Node 7: 5lmn9hf
Node 8: 6yr86lp
Node 9: 4dyc8fr e1gxlx4
Node 10: w4d5smj
Node 11: 1tz0pvg kvpqgvu l6m3cn5 nt7vwq9 oqd6mtc
Node 12: 6txgf8i 8m7steh
Node 13: lmnf77m os0nqnl yyh82bt
Node 14: hb9ciaf
Node 15: vh0cke7 wff1yqm
Node 16: fgxgl4m
Node 17: 5mqkgbt
Node 18: nbe2rje
Node 19: nxtxowd
Node 20: di4xxql tvlmb59
Node 21: j2mgmjs
Node 22: 4703de9
Node 23: ndluqx4
Node 24: w88pveo
Node 25: nr56m03
Node 26: qjteqbp

Node 0: a4ggtrn atmxyog gu4vogo hxvp3ig odchugt xrpdapa
Node 1: 19vmd0d 4m8r051 iblh49g qktb2zq
Node 2: r9yo09c v3opopm
Node 3: 2n08gqw 4qsxgwt 9gxeinn ams0qix bfmvo4f c472bgr d5knnli e88om7z mzkya16 ov8rzzv qdxzwln yifhbjq
Node 4: cz9nu61 o73qgyv
Node 5: 0t9v4ep
Node 6: wn6tehm
Node 7: nopl22l
Node 8: ypcqb78 zv2smol
Node 9: 3ax465c
Node 10: 7ic18pb
Node 11: w1sq3n8
Node 12: 9w1mten
Node 13: ujf1432
Node 14: u7vpgto
Node 15: 82ip0oq
Node 16: vf7e8ey
Node 17: gijbcsz qabtdnj xuwr8i2 xw0e635
Node 18: 8u2kqbj
Node 19: f1e9rsy
Node 20: qhiizo5
Node 21: 3x6v346 t8oi7o7
Node 22: uogqopw
Node 23: 6c4s1nk
Node 24: atq02zf lki6b6p

Node 0: 4kot5qm bjjwhci cj3wyep dr24lsg
Node 1: dydzdyl
Node 2: frx8l74 i8lhhc7
Node 3: 968rnm3
Node 4: qxj0f9m
Node 5: h5pggbx
Node 6: qc5wwk8
Node 7: 7e9aftq 9oj2lex i0ex6mx k62da6e mi8nkci qpqmdb1
Node 8: zg3n22q zjp2iha
Node 9: 0gzpsj6 2iub690 vuyugpd
Node 10: aq3ztzo c635iif fy9uvpk gpvfqsp ht1ekbm ngtgzjr otbvz3f rvjoo9b z7sndc7
Node 11: 7v0q0w0 nislej2 os8h7bl x2idmqs
Node 12: li79bxx q0hgw6k wsu6g4b
Node 13: 8d84gsy
Node 14: tnz7nrl wb501qx
Node 15: 7y5iqjd
Node 16: 68b23i0 i4zz1zu r6p2q4l
Node 17: ql3pj1u x7ed6z9
Node 18: imau7de
Node 19: fen598m
Node 20: ctip7kc qkaa51x
Node 21: 2uozkz7 8vuhgy9
Node 22: 5vi9jx7
Node 23: nhr9v53
Node 24: 44tkt4k
Node 25: 9hfb2qv
Node 26: 0uii9qt
Node 27: s4vrv0f
Node 28: su96unl
Node 29: pr5u1lg
Node 30: l3f1q24
Node 31: 2iovqpx
Node 32: 2f85tdq
Node 33: 2qtzov0
Node 34: jw51w0u

Node 0: 0vfeoku abjuuqs lffakif
Node 1: 8i1433d kws6d25
Node 2: 6s9ovn8 w43bb6b
Node 3: 1j9dmzt 1ooxu8v 6tugtzv 8h2dhtc h7sydzc itqx2m1 m575zzi nug3m3t s1gouu4 seo1v16 xulfecj zk147wl
Node 4: 03x6qmw 0wka3b2 9aoyouh 9xy2he2 f98bwvc fjdmnhc g9g9cpz hnv3wde l55sove p2y1thx v5fhtme vzk50tz xj30tp4 yikxvbi zvlr1om
Node 5: f1dnw4g krxs2pz
Node 6: bcc2jyz tz45bzw
Node 7: muj12n6 pganiv6
Node 8: 47ja7g8
Node 9: 27bwpvk
Node 10: en6taoz
Node 11: a8o6oj4 zyl9esw
Node 12: ul2f8aq
Node 13: z5icden
Node 14: ggy97ro jtxmpno
Node 15: a1w4s9p
Node 16: elj1hex gkedsut
Node 17: qgxtgtt
Node 18: cxq6xoj
Node 19: nc5n7lx
Node 20: 5xw58ah
Node 21: v662t41
Node 22: dwzvbko
Node 23: oe7n7dd to1bpyf
Node 24: 7o6n1g5
Node 25: 6j9r2mm
Node 26: k9dltjf

Node 0: 300ght6
Node 1: bomnap4 sd3xpe7
Node 2: 9oim8jx
Node 3: bd169cj
Node 4: d65na8e w88djl4
Node 5: 4qru6ii
Node 6: s5exid1
Node 7: edskkzg hpehbcf
Node 8: 7hzixc1
Node 9: lv5le6e
Node 10: l5pfjq6

Node 0: e76684b slmbup2 udl28e4
Node 1: xvjuo79
Node 2: mn2zmn1
Node 3: 8bdfiy7 gwedrg8 qmuwewi
Node 4: 636yhau 66z7ixc tv456qr
Node 5: p5bt6jr
Node 6: kf61l96
Node 7: xwu3d5u
Node 8: vzeoj0z
Node 9: ge0ivm8
Node 10: 6rs4sc5
Node 11: ad620tj m2fb2lg
Node 12: 5qse5wh
Node 13: 5k2xvws j18ohtv
Node 14: d8ob5ht
Node 15: in34oed yo8om69
Node 16: 6mnf51p
Node 17: p18bftt
Node 18: g5h3pq3
Node 19: rdaecas
Node 20: hhv6quc
Node 21: 4u7q9i5 fnwy0mu
Node 22: lp9glt4
Node 23: 94ur78x
Node 24: 6gp3g60
Node 25: fd0lzj9
Node 26: jt9s08x
Node 27: iu09fml
Node 28: 06w9hci

Node 0: su1t6sj
Node 1: 8n3r626 a6vsq0a

Node 0: 0379r4y 83dq5nu c2ny1bs f5rfj2l rv43jmw
Node 1: 4p2qqcz xwj4vr6
Node 2: pnqrhz1
Node 3: a7mc9c4
Node 4: 1t38igm g8o5yb8 smso7rd v0wciwb vzjnxu4
Node 5: 0qw0fzv vdu7g02 vntxufo yulxwl1
Node 6: o4lj8a6
Node 7: hl56dlc pnc1j6c zg14267 zspt8yx
Node 8: q7q2l75
Node 9: kymh7nx
Node 10: jqrkwh3
Node 11: vthvai5
Node 12: 85hntf5
Node 13: oz7e4jo
Node 14: vlip5mq
Node 15: 16ll9ao
Node 16: 7eknaac
Node 17: b0f1jun
Node 18: ve946rd
Node 19: lyo9ud6 pcsmm2h
Node 20: 162o7m6
Node 21: 975nozv brobb4l sxm2yxn
Node 22: d0hsm0y vpoqrlk
Node 23: rev6uik
Node 24: 8trfqpb
Node 25: jarlpqe
Node 26: sdgfpzp
Node 27: xuo8dti
Node 28: lyyocb6
Node 29: re66p6g
Node 30: rqik08m
Node 31: je1blzo
Node 32: 23i18xc
Node 33: oluflyc
Node 34: d108ucs
Node 35: 3jm0o8y
Node 36: n66o7vk
Node 37: fka1irq

Node 0: db9xi34
Node 1: 1w9930p baaqx15 crcxaps hhrf6a3 qd4lygd r4ors4x w6woewi
Node 2: uzd9iv4
Node 3: k4nfzlk nfvut7r
Node 4: guaze5l m3a15ht
Node 5: lfi3tgc
Node 6: 117716r eahkvui hj83qg0 yzxl2a4
Node 7: d4se9mb h5lmara
Node 8: qccn51v
Node 9: 4eoyrvx jkp2hgn
Node 10: f7ezqqn
Node 11: 0x4piso dejhsxp
Node 12: xnf51jt zm6wwqk
Node 13: xbx4dd1
Node 14: s40peje
Node 15: xu395uv
Node 16: qx3f0t1
Node 17: 6jcmv23
Node 18: wrwn63t
Node 19: gwtfz0p
Node 20: bpivi4t
Node 21: j1yr1qa
Node 22: 5g4jkzh
Node 23: ramgono
Node 24: lpf60ts

Node 0: c6bvyks
Node 1: 3kyarxh 72z70rj dwpxmxd xvri38h
Node 2: 90c26ck fj61r7l
Node 3: hsnqllg
Node 4: 3bgpe0n 9ao7dtp i0rmaxo meek5dt mxjugdh ulnfmi8 umtt184 vquif8o yi4fsfz
Node 5: rd3e6t8
Node 6: 0j8qj6m awa884w ggqjq9n gj53fny gt01in8 h9u3jj8 o5lix4r qgbx3q1 ribif2q sgljd7x zl0qwdy
Node 7: 1xm8x2z k5htkg7
Node 8: 3hp1ihc osbitxh
Node 9: 5eeufqj d29z10x dhhiyt3 e017hwr ikc8c0c pqt6cjw vl7550h zu7nzdl
Node 10: 0t3ope2
Node 11: 8600733 bdjh0oh gcxdxs6 qpiiu5c rnn94ax sd5d37z
Node 12: 2tl5kzf 8a6n7fh 9cdzbn2 cma1ix6 v1g80ug xcopgu6
Node 13: a4pboyc
Node 14: oolevui
Node 15: 2o8ce0l ndsq799 r67ld51
Node 16: 38fc5qv rcg1xqh tugduvl xx3c0vk
Node 17: p4pjbkb
Node 18: rjeps55
Node 19: li4s8da lk76c4l orurlfz
Node 20: oueodxs
Node 21: k2ereoq
Node 22: gkznnk4
Node 23: 3y5jvr8
Node 24: gnbpguj
Node 25: 0s8nxz3
Node 26: 00e74ij bp2x5j2 yis919g
Node 27: xrfwuir
Node 28: 6abwxll
Node 29: foi28cx
Node 30: eyiazry
Node 31: vb89ont
Node 32: einpzrt
Node 33: hb14y0j
Node 34: lnbzaiu
Node 35: qz3ot6d
Node 36: mmdr1n2 runwv4n
Node 37: vmy5rzn
Node 38: 85h6rjr
Node 39: n2wkk5p
Node 40: 4l6ctlm
Node 41: 4ty4rgw
Node 42: q2y1sqi
Node 43: w7m2lin
Node 44: o79tf1n
Node 45: 0urj5if
Node 46: 5xzhsqv
Node 47: aq7vrux
Node 48: rhrm70l

Node 0: az2m9ye
Node 1: 97bn2j7 amfh29m ehp46ef ul962qw uwm2hsi vmx4j1x
Node 2: 68snqbu e3xnh29 g7ouvi5 koicn6g sz4glec
Node 3: 7f8r156 hwekj6c ljt1ra8 pb9kd16
Node 4: 7fhdyha hmm5k6n
Node 5: nf8jx1e
Node 6: 4vuynro ltruvyg mearm34 nydhc0i uympfww
Node 7: 0b7vdto 79f1q31 l5jaj3j
Node 8: bzovou8
Node 9: 1vkuhs0 dqicjxz
Node 10: 9vl0k3q dc4gmyo swcl3xg
Node 11: q5woana
Node 12: 3usyd8c
Node 13: dzqv0vf pi2barc
Node 14: 1u2edoc
Node 15: th84eyk
Node 16: a49kepw
Node 17: 3u1uv5a y17spru
Node 18: vxo4hy1
Node 19: 2jh7g01
Node 20: v0uxpjq
Node 21: d1clsdk
Node 22: vv0yfr9
Node 23: ld6kx8e

Node 0: 2mqs7fr 5tnof3u g4i685o g9cr4gr
Node 1: 28xje5u agh3u2a ardu0s0
Node 2: 27svgez
Node 3: huyjpm8
Node 4: fwqxr4i j9xja1u tpd5ell
Node 5: aakymya
Node 6: j6tks70 q2s2fqm
Node 7: ecrt0zh m5fardt
Node 8: 76rbeli j4cmu59
Node 9: 7sgvrb0 cgztd8r
Node 10: lpa7zur
Node 11: k2az7eq
Node 12: 74g46lo
Node 13: 40eatw3 6003rq9 wha9ze7
Node 14: 77ia32m
Node 15: 3ut5hns olilyte
Node 16: 2r9bvma
Node 17: g4094o4 gk7hy1t orzoyu3 ya5vnr3
Node 18: g64w0h4 mfzkon0
Node 19: kobm3c2
Node 20: 6xabfqx
Node 21: f36ae27
Node 22: gv1txs8
Node 23: nisg6yb
Node 24: a4yvi8t
Node 25: gn071vs
Node 26: du6o1nt
Node 27: wsap48p
Node 28: um4r9kb

Node 0: 8beq1hq g9t7twd jgaw34g q79tu35
Node 1: tbv2w3i
Node 2: lfriznt
Node 3: puly6ms
Node 4: ditn5c5 jolqnci
Node 5: impwrlm r4q6mus
Node 6: fw4htvh ioaqm4g yh6i5kg
Node 7: b12408d
Node 8: 46j7xye ajwtlvh ewo68m9 g7ptsih llts0ui npjtt7i p8lreoj u70sgt6
Node 9: 14ik90t 2h65vcf g87d5a9 jco7g21 p9oosi4
Node 10: gynw0i1
Node 11: est38tk lijmrkc
Node 12: 6wm9mod l49kj32
Node 13: hb83o3i
Node 14: 0uuprky lhemw31 nhvsskt
Node 15: 2hav9tx 7mcul6n urc48zu
Node 16: a284dv7 goffm83 iv6e9rd zfkqaqf
Node 17: qlb8aao
Node 18: 5lem8mh puuayw1
Node 19: enx5uak
Node 20: 4hhz2yo ikxcyse m4pjm6p qdfv9mr ugk05jl wxsu708
Node 21: 4yu3urs
Node 22: 24b2ig5 4wf91vv ao30msk lb8yhkj
Node 23: 0qrghin mdetuia
Node 24: kx7x31u
Node 25: d6dorxf
Node 26: 9yz5acx
Node 27: gyz7q59
Node 28: 9kgmm1k
Node 29: hddj5c5
Node 30: 0rsghs2 kevonb6 oqrmhhn
Node 31: auyxnbb cu33a7l cy4rmze s3gzggv srkcbve suo5xy6 wq3ph47 xh27kgp
Node 32: 334dt3i tafwauk
Node 33: axc7kyt wpl6hvw
Node 34: gf2160r
Node 35: ibq3l0p
Node 36: z4y6ty2
Node 37: 97o3ztu fpifm6w
Node 38: 2s5rdq9 iiuip6k kpfmc12
Node 39: gidzs9v
Node 40: ca6qiik iz0h4a2 lckrztk wfnlacd
Node 41: 0egei7x 86c58ph
Node 42: 7jiskkg
Node 43: vp11tb5
Node 44: i8ja5zg
Node 45: k6nkzsy
Node 46: islgxrv
Node 47: 22woqll
Node 48: brey6h7
Node 49: 30pzt96
Node 50: 4hy0c2g
Node 51: vnh3vjp
Node 52: m90pyxq
Node 53: qtz4gs8
Node 54: nj5ugt6

Node 0: itb4qqe j457f1h oirwmjq p68m7kj rpc5dhe
Node 1: eo5g7hh q8rn3zy zg6grxi
Node 2: 1bnhd79 70786h9 i1docat xc390up y0t71tq
Node 3: 10ne8yu 2itjlsi oo6cjp8 qkiqn0p stqrcf0 txlv8dx xw6mgh6
Node 4: 6qniz96 rmwl802
Node 5: hztvvra
Node 6: wkkbv7r
Node 7: 19dz3on mje1p3o
Node 8: vrxg7xo
Node 9: 3qz3cgo
Node 10: t8ckg1m
Node 11: 0u1e4z2
Node 12: ocruj9o
Node 13: bimzh29
Node 14: 7bkr6a4
Node 15: ht3gu4v ib7iz9b
Node 16: 24hl2pn 9om6911 rwhzb6f
Node 17: et13pm2 pbndjx6
Node 18: mkrq4nc
Node 19: tt47g1o
Node 20: wkg039s
Node 21: 6tewcsg gxjat42 mu1mpym
Node 22: jxjv2be rdklc2k
Node 23: qad883p
Node 24: gc28cyt
Node 25: ceha2z1 j4xx582
Node 26: 17ovt1c hrgl7kx
Node 27: ugsxgp3
Node 28: 3j1nerd
Node 29: d3s14pc
Node 30: m3ajycm
Node 31: 6tj2joz
Node 32: 11sqb76
Node 33: u63fkpo
Node 34: a7k20ji spub19i
Node 35: hgmoa2j

Node 0: 3ksv9wj 5yhv8na 7y4qvzi 9y3g3hb cut1ljt gjjkoro hwbrxyg if8fn3o k8qwfcu kgfvjd9 ksw3xc6 r98wnh0 tktz0h5 vgnypj0
Node 1: 8zyov0x elw6w2m ir572xy jrn1l5l kp4zcoa kxxvvl1 lhhddkg q0vnwyo
Node 2: 04566jl 64qws9v cwnuycg epsxn72 fkj5r5f qvy5duf
Node 3: ejev3zw
Node 4: z1z6dt1
Node 5: 21hgji7 ytrpq6i ziij52v
Node 6: 27ljhdk
Node 7: ea8dsaj
Node 8: 00k4ckm 74h2leh 7uzkh8p l42aomj
Node 9: 0qq7g0n mh2r3t3
Node 10: 4i17kxh eyud34b ghbz5t7
Node 11:
Node 12: 4vut7r0
Node 13: 32dxa2q
Node 14: 1qp3pzo 6bmsq7v 9ug29sv
Node 15: 0gt966x
Node 16: d8ar2l0 n2t736t ur8oqzn ve5ltyp
Node 17: 7h905rf csy15bc
Node 18: hauznru
Node 19: 9k36qmw
Node 20: c3ez49j
Node 21: 2qzidig fp7m4ws x1lipth
Node 22: a1rzf3r c4f1qmt ggsnb5s yxzxxcw
Node 23: bg7n359
Node 24: 50mmkvj
Node 25: ycruxth
Node 26: x8xtxp9
Node 27: 1746ps1
Node 28: lir9vl0
Node 29: rluq8rk
Node 30: qu5zqkf
Node 31: c03w9e4 cw1jr0m
Node 32: i85kj9w ycxjlio
Node 33: 64z1bwn
Node 34: n7q1ozk
Node 35: 7247xdh beuas86
Node 36: zs7u8k1
Node 37: 8qjt16o
Node 38: y893f1i
Node 39: teuppe6
Node 40: nch0dm1
Node 41: 18mlvfv
Node 42: 079qt9j
Node 43: x7wvw3n
Node 44: iz0mvil ojqwpea
Node 45: w6wpujf
Node 46: ifipc1r
Node 47: 6n5achd qy5c0as
Node 48: nrkzrpu
Node 49: 3185r2u
Node 50: h0xjafr
Node 51: kx5p72z
Node 52: hk34h8b
Node 53: e7x9t6j
Node 54: ianmh0s kuv0v9p lfn5mwc xexjsof
Node 55: 749cl45
Node 56: 80i9knj
Node 57: u94r4tc
Node 58: ogqve4w
Node 59: qsb3rcx
Node 60: fhvpu22
Node 61: lqvcapd xsq7ilw
Node 62: 6qxr95h
Node 63:
Node 64: q28888w
Node 65: 31ctbut
Node 66: w81x2ma

Node 0: 5l1fagx
Node 1: 36p058y 4v2u6c1 5f0tlna 5v8zmhh 7rj00jx dv5gpjd gjsv3y0 h3ef7qo ij5four jmmtjqs miaihvg qd1tu88 twyvsia wuk6ssv
Node 2: 008jrak 6pzz36r 75wb6zy 91b8cp2 f255lkv gptiiay tqqru1o twcaupd
Node 3: 2v1ttoa 7hvndpm ke0720q oxr5475
Node 4: y4ewu79
Node 5: 3svlywe 6l2tvzs qbg9zrv
Node 6: 80c2pex cxehqq6 t6xc91c
Node 7: jkq00ay
Node 8: 26gc85u
Node 9: bbhhirn kn9xgkx
Node 10: es6ngce yj9asnh
Node 11: a2gi1lu
Node 12: dgaua8a gooqbv3 qzcvtpc
Node 13:
Node 14: ukqott1
Node 15: wyn5rk8
Node 16: ry6xzxj
Node 17: fpbnls4
Node 18: 12x1xg6 5ax64q8 lhdejuq
Node 19: t1u8by2
Node 20: or12n3i
Node 21: 81ae3b3
Node 22: qhxmkf6
Node 23: i0y170n

Node 0: 96bra7g s10mnux sk1wldz
Node 1: 7wzxn02 lofnw1x mjucto6 mo8opdw zisw8s7
Node 2: kjzip8e
Node 3: 169qg8p f4maq55 gw2p855 re8z2z6 unt7klt wz2u889 x11t8qu z5mshhy
Node 4: 3n9z9tj
Node 5: p63uyad
Node 6: dp74ovu
Node 7: crcezun
Node 8: agfeq0a
Node 9: jv2dvgw
Node 10: ccktm4a lgcbrd6
Node 11: u18hkkn
Node 12: 669cuzz 6932n7l 7h27355 7zbbodj sk7bmvv zw8xmhu
Node 13: 3787458 l02tgga w9r27sn
Node 14: 2m8awbf
Node 15: gtn97u0
Node 16: 2g48s64 c6dnl71
Node 17: oyk5c9r u52nd4d udf77ag udyavf0
Node 18: 34zwm1t 78nh72t f0izk8h
Node 19: cawlnlr
Node 20: bij9xmz th1zm8p
Node 21: itcwftg t88ueq8
Node 22: 2zy21ny
Node 23: 650mqrg
Node 24: b6syoie cavda3i
Node 25: 7fg06v0
Node 26: i9pjcxm
Node 27: 5hawhj8
Node 28: my50non
Node 29: yhno11g
Node 30: b30o0g6
Node 31: geuxf6w
Node 32: xjn4j1g
Node 33: 49lzkja
Node 34: sigapzw
Node 35: v3hfszi
Node 36: pa3ewrb
Node 37: bg8lv03
Node 38: qfnke7l
Node 39: s2k8xmd
Node 40: ghmujp9

Node 0: x7o5acp
Node 1: xj5ofvr
Node 2: ddvkvp3 gu1ktg1 nsqssm3 sbe2rpg
Node 3: 0ax5iml 3swjcpc 8lakxxe b6nlljl rcuesnm vobvcbs ymhoj2z
Node 4: dpj6ekq m4kv6bm qvep4x9
Node 5: b597hys kzzbrmu q1q40ty
Node 6: 374f14r 9gcj4nx qtykoa1 tyzh7fx x7xefep zaj9g3p
Node 7: 722ccws
Node 8: awhyy39
Node 9: 4xn5ehq 5cajs3e bvlmbea e7yh54o fiikjam i9ab1ic knjnj9k ky4385g l8wckq3 umldfx6
Node 10: lsckfwu
Node 11: z1toghx
Node 12: bt3ptlc c7ebky7 f7xd7sz kdllmt1
Node 13: rvowl8e
Node 14: 7qiwx4q z818qfx
Node 15: 24k3cp5 4ock1l0 kjvh3b9 nls2ncp xdkgb65 yrsnetc z2va6y0
Node 16: 1fbkcte
Node 17: 2dy0j9g iynoi4x
Node 18: hmm3ay4 m5n0x8l s90d6ef
Node 19: bilm5qf
Node 20: dky75cl
Node 21: 7uic42s orlx9ef
Node 22: qx3f26k
Node 23: 08sfmky vf1uilz
Node 24: pbx1r8h
Node 25: eynvkdw yqq2qaq
Node 26: jokpwch
Node 27: uira9lu
Node 28: jvr3r9j
Node 29: mjc3z3x
Node 30: r6d5xk9 v9zswno
Node 31: 97868ho
Node 32: i4ufgdu nm7acm3
Node 33: caiank8
Node 34: 3o18fdf 3r80nyn ij8rbs6 pe88njt
Node 35: c28tyd4 evc3rsf
Node 36: icdy74d pjp112t uxz47es
Node 37: 012stn8
Node 38: bw3ax0z
Node 39: 2kkqz3k 4019b9u g97wuld lx3wdcm yj69xn4 zisxw52
Node 40: 510gt0u evrpsfb jugpet6 v2wmkz7
Node 41: w83b2ty
Node 42: 1hnjd8w pmou7l5 sc1n1x5
Node 43: 98l39fz
Node 44: sk3xtzj
Node 45: 4z41b68
Node 46: 5any7vb
Node 47: 124peo7 hzvw5p8
Node 48: eo7fiuo
Node 49: hy5t35j
Node 50: opqxtzz
Node 51: 25n0d5c
Node 52: 9psdfvo
Node 53: u4zuye9
Node 54: zu9rabm
Node 55: 2iy1ilk
Node 56: otmt0gq
Node 57: gbdk59j
Node 58: e4yeek0
Node 59: kzv57tx
Node 60: e6dad9h
Node 61: bepvup9
Node 62: bv7y4r2

Node 0: 1krctw4 4fm9jrg e51st0b kf4jc19 op85jgi r3kqjds ruzqz93 s0guzg6 va52fda

Node 0: bpsu2j5 bwd7b0o lh7olw8
Node 1: 1oacld7 ec0ddmh ju2inv9
Node 2: 4wgt0ut 8sgrlf6 d75bqog eftjt6w wii9hca y3j6q7w
Node 3: ta4zwyy
Node 4: i5vwr3q q4dq65i
Node 5: rq9wy94
Node 6: 2jtmf61 vsvmpw9
Node 7: jd8cwxr s7mchou
Node 8: bpi3vla
Node 9: duzhwqf
Node 10: cqackcb obmkmwe
Node 11: 5dqpsxb p1uqhds
Node 12: 424d5bo 4j4zgp5 694s61g 78bz734 btn6bxa ey9jegs gjs0wqm jj5hx4g
Node 13: iw36na4
Node 14: 84l9rbe
Node 15: k3c4ywe
Node 16: w990tta
Node 17:
Node 18: cjxc7pu
Node 19: 6z1t4r5 zpjkbed
Node 20: a2aqqsq
Node 21: sv1ljul
Node 22: pqpfmgq
Node 23: ii44am4
Node 24: ubv7ugs
Node 25: arywpcj
Node 26: riwqi8w
Node 27: aly4l2n
Node 28: v6ite9t
Node 29: nojra7t
Node 30: 28l2mqa
Node 31: hhu0pm1

Node 0: 7b9qazi aveypoj dnwz33k foqhom8 jkwfg20 o1zh67o phe0tl3 tuy66lm vmjekso vqkktj2
Node 1: 4zqfsau 5er8r0a 7183d1k 7oxio2a 839pnfn 8b1jzd1 ahohj9x b8ujll2 j21tof3 m9krchi p4sa3tu r1m1sgi r2181ir s9e1z3e sqn1e1j t4mqqrh tnimyc8 wjhdd9k xa6c1af zh9vvd2
Node 2: qzy4ymc wmk6mx4
Node 3: wvu632c yc3rgc1
Node 4: 23okinn h14q8i7 qjzgqjx
Node 5: dgs6nkc
Node 6: 4rk70ec 7014lzo b5j3jgi ei2c32w
Node 7: 9xb3fj0 zv8qnvc
Node 8: 7txog7a
Node 9: 0t4iajr 6jpx3h7 d0azpdc
Node 10: q2m13r8
Node 11: anurg1i v57n6e4
Node 12: 3pkcwtb 5dow4uz goq9659 j5vq38q owx0xd2 qzfn46h
Node 13: opuefzj re8x5lq
Node 14: 5h92akv k58fkd3
Node 15: depph04
Node 16: z1cmqzt
Node 17: l95v4pl
Node 18: 4bu3ita
Node 19: m4y3lpu
Node 20: 4vk9fis sb0tabv te979km
Node 21: 6sp66cj
Node 22: 96ujfid s0wqcjg
Node 23: 1h52y0n qy07wto
Node 24: 7ghbrwy sqtvdhe
Node 25: a0u3deo
Node 26: fy9ec39
Node 27: cavpye5
Node 28: hwynzcu
Node 29: 4nuampj
Node 30: mpaxlmg
Node 31: 9sz2vpj b4i7ljw
Node 32: cj6tm2h
Node 33: sbppi54
Node 34: 7g7oq34
Node 35: u3eounz
Node 36: niq6fcg
Node 37: c1gva7f
Node 38: d6xtkfg
Node 39: kt887j4
Node 40: 86i3z8e
Node 41: o65n00e
Node 42: ic4y8x2
Node 43: los4apz
Node 44: kkaigeb
Node 45: 5t24aer kd2tvyb
Node 46: jlx49ts
Node 47: 8szz6mm
Node 48: 2vgfqhe
Node 49: 3ql71mg
Node 50: r662j7k
Node 51: 50n9fwb
Node 52: vf1zxir
Node 53: ktoyxo3
Node 54: 8dvxg1i
Node 55: 93vmzie
Node 56: 7phcwd8
Node 57: r146ucp
Node 58: bbuhsd5 nk50rrg r48pqct
Node 59: 3bo5yv7
Node 60: by0e6et

Node 0: 5qfmu03 5t2mlpc d82hhsq n42wrjh p7ff3jn quordj7
Node 1: wzrxjsf
Node 2: 7b4b9ba cp98oz3 iujpjih xrqo6q3
Node 3: 40y94pi 6xfeb3m d0kyej9 d2uvgnl jc7mgup vvp3kg9
Node 4: 4dwamsz e1fpq1y gj1680t m2gfu2q nozw9oo piauioc rrhou2g
Node 5: kgkkxmj
Node 6: b9d5fce wf8w7ex xlmbg90
Node 7: 7vn4unv
Node 8: 09wfzbq h5pgqoe
Node 9: 0w2iisy 1gxfvdk
Node 10: 4u1xcp1
Node 11: f5ie7je
Node 12: amfl3iu g2138nl
Node 13: qdbo7j1
Node 14: eifks1v
Node 15: 38q1m9l
Node 16: a8ouwpw
Node 17: 2mb1bhg nqnoyv5 trckpxx zd41le2
Node 18: hv5r7a9
Node 19: 5i4yjdf
Node 20: hv9wjsl
Node 21: 62enuro
Node 22: 3z1xgud rwwuu7s
Node 23: jqyq647
Node 24: p5x2z4m qvi8ljs
Node 25: usmuwjf
Node 26: h5l14r8 iwkeadb
Node 27: 029gjwv
Node 28: cpb2n1y
Node 29: hf5rj8s
Node 30:
Node 31: yxlvyft
Node 32: gtwo0of h9wadnu
Node 33: ekbgi9m
Node 34: jwkpgcg

Node 0: 5m1gz5u 9xer1a4 btfu98w mtxt0o1 r0fz7eh
Node 1: 1ge6dqu nszxu44
Node 2: 6piiqxo
Node 3: 7ui0wdi c5bgpoq ks8s7lu mxo3frw usg0oj7 yf1zm8c z9oht8h
Node 4: ip6khfj
Node 5: brgh7dj i5kxov9 ihtlt5c ngibek1 p8n8f2j
Node 6: 7yumhhu 8hzh4zp
Node 7: 435q8kj ifbh0h8
Node 8: vpzkl9w wzr4lae
Node 9: dr2xdu4 y6iehyv
Node 10: 81h6ov5 8m7omn4 a0w2lqz kv0y01i rvo87he
Node 11: bcjisz1
Node 12: tivp36c
Node 13: 4vo0uqd 5ciaqcn xdm30cn
Node 14: hq3sbvc
Node 15: 7oi1xua qeti81k
Node 16: 2vir51g
Node 17: kdnkhx2 ov8fsua v0w59a1
Node 18: g2x6c8r jf06466 pllfiga
Node 19: btx4u0s
Node 20: g1nwh82 kpdrfx9 loc7kkg nz6vbuu
Node 21: hw3uibz
Node 22: o5at3q0
Node 23: cb0qxgz
Node 24: dosrrnu
Node 25: auktya0 nlhh3xv x1c1k5x
Node 26: ftee7g1
Node 27: 17k4bbo mwt8m67
Node 28: ch62fmv
Node 29: 2bs79jw
Node 30: 77igby6
Node 31: 6t0l316 8qrdel7 vz05llw
Node 32: 0i21s6b
Node 33: ai82mfa idkd1z2
Node 34: p8sx3pj w2figbj
Node 35: 3bcztn0 fwv87q1 we4snau
Node 36: me8z5xr
Node 37: p5d4klu x5zzio4
Node 38: hi8p7t2 n1pq5eg owcxpms
Node 39: m0hm7ce
Node 40: ahy71t2 lxkdpz5
Node 41: h5x5qw0
Node 42: grr9a4x zy6zgej
Node 43: azpjp2i
Node 44: ogxw8wu
Node 45: bfcx6oq
Node 46: uqa6pbm wtxm13z
Node 47: k1z996b
Node 48: 0ojpszp fq67tk0
Node 49: 0t0u8ci
Node 50: etwbh3x
Node 51:
Node 52: 2sarsjl
Node 53: gmoby3q
Node 54: 9zagb1d nc9tmtx
Node 55: fbzrbor
Node 56: s4nubqc
Node 57: b2td4l8
Node 58: 66orups z0g21cy
Node 59: f5oip64
Node 60: tn32n1n
Node 61: ilgz0fv
Node 62: ixmzmrq
Node 63: 6qltgzv

Node 0: 3obnaz2 d1mpy85 o6j65nw rnmim4x
Node 1: uwtzjwj
Node 2: czu6r4h
Node 3: qz6pmij tithr07
Node 4: 0u6rklq aqsjrxv g9y02ya qvin1jn rw612jo
Node 5: 7uug59c 8c34dr6
Node 6: 01oi2rt 1b45vv9 6l32y45 88zqxiu xgma865
Node 7: 9rgo32c tz4qgle
Node 8: 4drt6nh byes4ti
Node 9:
Node 10: b2ygrhg
Node 11: o5fmsgb
Node 12: eh3md09
Node 13: 1l20avx 2gxyrc7 nr9scwy
Node 14: yz60bft za6hk21
Node 15: r6jyk8v
Node 16: ijujq9e
Node 17: pjt4k3g
Node 18: dggvjvf
Node 19: mov2eko
Node 20: rknfn3k
Node 21: 4o9ptt1
Node 22: 6hr3dmb
Node 23: 0tlk028
Node 24: 7b1hbg6
Node 25: py12vf3

Node 0: bp9lj8s fjj8uho pz764tg v16658i
Node 1: 0ib0amy 5agr47m aoq589v au3havv ljwb9yu pbzmyqz
Node 2: 5am0n9n 7gsptm8 avqtoth h21zbuu qx5z149
Node 3: bbm98sx
Node 4: 2d5mz0f 3bpkuqw w4u4ozz
Node 5: lv5peri sh7dymy
Node 6: 6uulqr4 8lmqeci cmqz0ay cst82ze ocqptf1 oz8viyq
Node 7: 0y432gi 9809n9m ba92wjq ec4ehu9 xipoogx
Node 8: fsjfcl2
Node 9: d5uugc2
Node 10: f7bwgty t9vv529
Node 11: dxj10kz
Node 12: b0mudd7 fso6mkh
Node 13: nd51tf0
Node 14: drd768r
Node 15: xgrbfiw
Node 16: 4g5y1yn
Node 17: yfqre2p
Node 18: wkfirp4

Node 0: 9gxpkzi rkmxsxw
Node 1: 6vems7g egnx6ew vvptl86
Node 2: 2ybwp85 6zjmdxe e17kv76 fkwq9z3
Node 3: 90ygzpw
Node 4: 4zjx9es
Node 5: 3ou5v3l fw6wuo5 ljhpcuw lju2npk mlnyrsr nemk1wb qx8pjx7 t58lvkc vta0dbt
Node 6: 1tdogch 5xj6mb7 agot8m4 g238gm6 q010jxd
Node 7: 4b9laaz myeq9ro t4exe28
Node 8: 3kjiwo2 41te51s 4mgy50h 5d2ln7c 70l76x6 7d5okeh 8k7we5h f8s3iv6 izh3127 k7r9bpd lto9pex oq1g4cp rug5oeg yp8922o z8iotlp
Node 9: 1fz1rjd kkj831a ut6ac0z z4j4gig
Node 10: 7dzwy0v
Node 11: iosfrzh r0gzvnt
Node 12: w6gsk11
Node 13: 2c9k7pl vhur3sz
Node 14: 1fnatt3
Node 15: na7nir6
Node 16: 0qrmybk
Node 17: edmdjxv h55v9wp
Node 18: agjgqcm
Node 19: uugr1yi y2ivzz0
Node 20: qxtfp7w
Node 21: 9rdi37p
Node 22: ndcsuf0
Node 23:
Node 24: tw7c7w5
Node 25: 7m1nedh
Node 26: 5r8m9br
Node 27: hc8af5a j87ri7g
Node 28: 2f5yzn8 7bqwsjr
Node 29: 37yorx2
Node 30: 8ppi4hx
Node 31: jxd0emu
Node 32: cnxbl60
Node 33: oz9u0zg
Node 34: 8qce5bg
Node 35: zljm2x4
Node 36: 9w21j6c
Node 37: umiox6i
Node 38: oezpoz0

Node 0: eiqky9y
Node 1: vtgnaab
Node 2: ndlqsra qyxcrsr

Node 0: 19z8xyd 6ms1kv6 d1l624v dpd2um9 euzdyzy k9z9gxo l2vusqo nsulqiv pfxftxo u5s1i75
Node 1:
Node 2: 3mgduhe bx8rv68 j6yiu9s
Node 3: 46eey16
Node 4: xubo12q
Node 5: g0mo34d
Node 6: zg54fwf
Node 7: q9l8rh6
Node 8: gemclpx ufw8pxf xn4yt86
Node 9: 4xo1uxv
Node 10: ohn1mhd qbulc1g xz57ume
Node 11: hx7rqlv
Node 12: dfd10ur fb5aom3 syykkej
Node 13: dtdn4kk
Node 14: fvh94im
Node 15: g1loeg6
Node 16: 3pyqctb
Node 17: lp60f4r
Node 18: 2g4pz42
Node 19: pigl6qc
Node 20: uqtqxmo

Node 0: k9nevjb
Node 1: m1mslhc uxjijod xakyjsc ycwkan5
Node 2: 1l9jh3z
Node 3: oqouxxr x0bzuet
Node 4: unheqkt
Node 5: 93swojd f4a2b67 uheu1cl
Node 6: yg5wnru
Node 7: b8m4xto q6cbk4x
Node 8: 6fkykgr e275pyj
Node 9: 32myvg7
Node 10: 7pg1ca2 9gplhgj 9s8qm4g
Node 11: hvhepvm
Node 12: 7etnqn6 t7y0v7e
Node 13: i48qnlz
Node 14: 9fxfyuo eksl2jw qg0e7bi
Node 15: txbaxcg
Node 16: zkz1h6k
Node 17: 2mgmyny
Node 18: 9uip49y
Node 19: 4b1j6uh
Node 20: lu2k5mm
Node 21: 7js3ayr
Node 22: 6zktx86

Node 0: 73lazj3 f80x84o rx1sblc x5ybo2l
Node 1: 507bxwy f1wte9b
Node 2: jay4spc
Node 3: 0o6qlel 9o7c4ip
Node 4: 5iecm1z mhuvpd7
Node 5: 0eal6c0
Node 6: xm9adao
Node 7: cb0fbja denxnsr v748a2x
Node 8: 7uvxkht
Node 9: 1mwmv6x
Node 10: hfxmy2o
Node 11: d114zlz
Node 12: a3z4f8q ib5n7cs
Node 13: 7vycaqa
Node 14: quw75et
Node 15: gp4lswm
Node 16: z6xzkmr
Node 17: lxwf4mj

Node 0: 2xuc4h3 azjbf71 cfsd3cm dr8bjc6 e3a09yr fr482sr t2g2amt ykxf9kr ysjvd5x
Node 1: 0j6obcl 6o19qow 7l0uzkz 8hnwhn2 drlsh7i fda8zel fdfay08 j36kj5k jnuitl6 n270xz3 tbvgaf4 u1w43z4 xpt9vps yit6dbw
Node 2: 9gpo019 dhx5is6
Node 3: d4mxp92 ez0o3r6 my4xni3
Node 4: isow5gj
Node 5: f1roddh
Node 6: 6bde3w8
Node 7: kr9hm97
Node 8: 4cr9bxm 5gx06ki 5u3fus2 92s2f0x
Node 9: 87homry cv2nfri fva5gr1 gpxif50 jyuucro kkb51s7 lz5uzs1 p05m0px pm027gr zjve9m6
Node 10: 2iv1ma0 avb7nv9
Node 11: r5i6xj5
Node 12: b92w8pr lj1c3gi
Node 13: avkdlf0 f6kd9qb
Node 14:
Node 15: eho7df1 naakovm
Node 16: wtxrucc
Node 17: bbns09w ckm0v5o
Node 18: 81ok5zi
Node 19: k7hxn12
Node 20: r9jh4ek
Node 21: tbhjz05
Node 22: a3lenz8
Node 23: t4614sc
Node 24: 54hy25r
Node 25: o3p1l00
Node 26: gilebpn
Node 27: 8mcbs9u bqghb54
Node 28: njth6qa
Node 29: g0bpouj
Node 30: fntfc3t l3zw88s
Node 31: 4e34jln cscwun9
Node 32: uj4e0xo
Node 33: ktebhte
Node 34: 3oxjjgb
Node 35: znidko3
Node 36: h8y41pr
Node 37: avdhsxb
Node 38: 4yrqrzr
Node 39: ig7sntd jkcnvow
Node 40: dl7e0w6
Node 41: vq8ilve
Node 42: 7ww6kwz
Node 43: sy3mz68
Node 44: mys07em
Node 45: i039xov
Node 46: xrnmils
Node 47: eya0iub
Node 48: kowezhl
Node 49: r5fadhv
Node 50: 6xfgn5r

Node 0: 9f1bf2g j7t3775 lsipjlb q3kysvg
Node 1: 8jopmhr o47k084
Node 2: 1kv6pn9
Node 3: 22klevj 8d4xr0k migumn7
Node 4: btsatlt y1e51dt
Node 5: lzn24d4
Node 6: 204mkkv 5p2onei gbonzsz lt6dpzp s5z7ran zkggj7i
Node 7: nsx4upp
Node 8: k9l5rbb zgophg8
Node 9: noob2bj
Node 10: reyjlet
Node 11: ho6vnpz xj23s9b
Node 12: h40x660 hne58yg u3wixq3 vlr4tv9
Node 13: 9xtaggx en3almr lgszml6 zgdylen
Node 14: 3nicnfw 4v8j5or
Node 15: 7bxnwmb
Node 16: otk12rc
Node 17: pxjtvx6
Node 18: n7eyhsy v4qk3d3
Node 19: 8guh3ri b12s7nt shef667
Node 20: hs5z8uh v74m2e5
Node 21: ogtrwqb
Node 22: amsqocx
Node 23: ib35eiz t50dp8o
Node 24: p42ak6f y6hzxo8
Node 25: 560oczv au88gbz hwl5xuk xiclbfk
Node 26: fjc728a
Node 27: 6gns1zq
Node 28: xl7xj7r
Node 29: 1be3uym gpos4ur iilft8h
Node 30: ocuedse
Node 31: lsi0obf
Node 32: 164jvi1 6l26x4i
Node 33: rehnq2x
Node 34: gt78vw3
Node 35: yrv00k8
Node 36: ew72jkv
Node 37: 2ed8v33
Node 38: tpvgftb
Node 39: iibnz1v
Node 40: 2zssruk urg1yyb
Node 41: 0swugap a7auhaq qu3bmtg
Node 42: 38cm2zs
Node 43: t6gst4m
Node 44: cw2727z
Node 45: 528268y
Node 46: anoz260
Node 47: v1gkrnr
Node 48: 1yczu0o
Node 49: t8f36ji
Node 50: 3lspv9y
Node 51: ab5e9ac
Node 52: d0vw8wo
Node 53: lwkpkhm
Node 54: oz1p604

Node 0: 8decm9x dwldjvo hwfrmu9
Node 1: aqtxv6a
Node 2: 0b5q23m 11dzb5z 81eu0xg 9yrzjq4 cai0dog d25q14f hrviisg lfsb2kn mgnblhv oc4nbja p5layy3 ppyvizg r4eodsb sbghmdh wq0xcxu zzdxm9c
Node 3: 12jiyfz 4y2upy0 e2ap91l ltv763n
Node 4: c89w8qh
Node 5: 2lq4qaq ipkdor0
Node 6: e8yiqqu m9b9is3 t4f5ksl
Node 7: 8fuhkuh
Node 8: ep3d7uo
Node 9: 13cavvd ln18rad
Node 10: i7an7vu wo1690i wzn1ykh
Node 11: 0d065j8 0p1jsk8 56oysam 5h5my8b ftarz2i g7858ga ic02v3m j5uz8x9 n88uy1g p1umrgk ted3ej2 x5re9y5 zmn7yrd
Node 12: 4e5cwxf ezsb3ag knh65vs
Node 13: l25hlky w3stbcz
Node 14: 1uxeze8
Node 15: 9a5vbln o9j42w5 s6cr3kf
Node 16: 8y37x0z
Node 17: 074hfqr d8bzvi2 fnwx1dx gaaym77 qouuwqt
Node 18: l1hps1e
Node 19: fdi6v8b
Node 20: xi671j1
Node 21: nlm4qcm
Node 22: 8n71mo9
Node 23: u9yrsbc
Node 24: j2eldv2
Node 25: lyusfv5
Node 26: tl86ih7
Node 27: e8w34ev fdw489n m16vpay vbf6j30
Node 28: 1d12ws8 5ii6pc1
Node 29: cwkn1xg re3wg1c w91utv0
Node 30: ro40ama
Node 31: fyjxhkm
Node 32: 2mg2zks
Node 33: ek06jsr
Node 34: h8u3s0x
Node 35: 5q1kp98 einh4d6 r9s4u3a
Node 36: b8kz5wv
Node 37: t62e3tm
Node 38: yhkilf2
Node 39: uh9dxa3
Node 40: uarx58o
Node 41: h0j1t8s hhnzlyv
Node 42: g9yrhtg
Node 43: cyqv3n1
Node 44: n3akvad
Node 45: k6al2de
Node 46: vzo85b3
Node 47: j3lz536
Node 48: r6ixqv9
Node 49: dvw99ux
Node 50: pwoz28s
Node 51: 1j4k3zl

Node 0: ai71hud llvgzo6
Node 1: 7nvy8a3 7yi4p5t bt0hio7
Node 2: dlhhgze vlqoisv vv6z0m4 x2yp4jj
Node 3: 5r6whu7
Node 4: 60989xq 7fd65ds
Node 5: 0e5mz8g
Node 6: 0hwju91 6p41tzu 8biv930 tx0zqa7 zi64sql
Node 7: 29zhg7o n51l4ea pck9fib zn909fh
Node 8: 7vfn5i2 i73qfm5 qrz9jf5
Node 9: bwu6i7s evrkldk hj71p8w
Node 10: ee9nzfk
Node 11: mpd24wt
Node 12: mthndlo vn9826j zo1k8k3
Node 13: nugdegt
Node 14: 588906h
Node 15: gysaa7j
Node 16: gzw5gpi
Node 17: 4bea50h
Node 18: lmwq7ot mb1o9yu
Node 19: wa1qajk
Node 20: rzj6ouv
Node 21: co8kp59
Node 22: yxsio9z
Node 23: 1bpuuv4 osz4qws zd93bls
Node 24: e4zp4oy
Node 25: seeghtw
Node 26: hjh9mwc
Node 27: 77va2zb
Node 28: 025lpha
Node 29: 4kxslsh
Node 30: 7r0w3w4
Node 31: plf81rw
Node 32:
Node 33:
Node 34: mmtuhpi
Node 35: 6163tvg

Node 0: 64c4bds k2g1tox
Node 1: 2t7fkqr 5012zra 5d79f3b 6t0wkyl auz3axt avbw830 ct8ppqz ei3hc9r f0v0afl ffomx6u gkklk1q k5dhawq ol0y3pm omewsg3 qjubmzl qzt4lpc rukb5ys tb9r2ff wqzxijg zubput9
Node 2: 1j98yle 21ylmzc
Node 3: 40wbn4y 9luf4xi ap9c9ab
Node 4: jyl78bt
Node 5: 4d9kuqn 4uuw0oe 540weer 6yzyun1 ggvc7jg gqms8u0 jayaw8z k7xd5zi nuwmmhk ooiondp pizujmv t4k8p5w tm7t0qj
Node 6: 29u4zmk 46v0cjk 5uzpfiq
Node 7: ken0pwv
Node 8: u3nb4d3
Node 9: 7ilyk1g sihaulh
Node 10: nwpmx51
Node 11: 279og49
Node 12: a3p50q4 l6a12b1 pbrbkrn te9lw0v
Node 13: k3jrpu2 t8ujr36 w9aol15 wdwuf0v
Node 14: do0dz2l gz9yf35 lfpjk15 p1uyn7f
Node 15: mqa27wn
Node 16: 746f88b ng957gs qfn3g1r
Node 17: 8lmhemb d52dfqx en9c84j pc3lqem
Node 18: 6bxyyht
Node 19: 2230caj stj06f4
Node 20: 68yqsvd
Node 21: l7lsa6p
Node 22: 3nqpahh
Node 23: adyxjno
Node 24: 7x8qdjt 97mjykl
Node 25: a5lmlb9
Node 26: ci5dj9s vsissqj
Node 27: bds8mli
Node 28: s53sh8i
Node 29: n1q6f66
Node 30: g1gh0yj
Node 31: dadnald yw8ax1t
Node 32: nop63tc
Node 33: s305ywd
Node 34: 7d0pvfi 7ysl4bi c7xee3h
Node 35: d3ukmbv
Node 36: 60gp5jf
Node 37: 7gfkiwb desxh8g oj58cax
Node 38: wv76dmv
Node 39: v8kg8d8
Node 40: sa2jhxm
Node 41: 2sy2f2b
Node 42: mhqudsm
Node 43: kckuxt9

Node 0: 31zrzs0 uavycen
Node 1: q9jkrft
Node 2: 7ukh0hu c1tbsvu
Node 3: bj3luj7 c9o1usf
Node 4: 4c14lhh gon9u7a jdr3h8h vm6dwpw
Node 5: 122gcpe
Node 6: i7cbtq1
Node 7: 52epb0l vyift0z
Node 8: d4958ip ornxfso
Node 9: 9udyaey

Node 0: 0fpr0un 3nczx4z 5ly1v5x 6bmqvq2 hdo5ho9 k1tz4qy omt9hd6 tss8ydn
Node 1: 56t69hr h7mwwbl k5cteip
Node 2: 2x0wefm a6xzo2p jp4boa9
Node 3: ny6w10l voyy1ji
Node 4: 8cc694f deq6aci gnh82e5
Node 5: 0apg3cg
Node 6: 5w6ostc sdr7cgx xb7m522
Node 7: 4rxq8t0 wn203l9 ytbq735
Node 8: g5e3yv9 lksbw35
Node 9: 21ybdh2 mup9v3v
Node 10: bxb5n3o
Node 11: 0qb6746
Node 12: a8bl37u
Node 13: ofdn03w zwdksqy
Node 14: hq949bm
Node 15: 7es0pjk
Node 16: owdkoo0
Node 17: ymbz65o
Node 18: 00iwisv biqjygh fazk09g fp76vg3 j2oejgf l58muew
Node 19:
Node 20: 36rrtdu
Node 21:
Node 22: xzljx8c
Node 23: g1rtslv
Node 24: 78h955s
Node 25: aq1pnc9 kkji4j2
Node 26: q2l174z
Node 27: 5o016i0 khig020
Node 28: 2p00u8w 71v374t
Node 29: 5zb1ee4
Node 30: 4d9ipsj cc67fg6
Node 31: uoh0xyu
Node 32: i8idxqq
Node 33: 3zkxztx
Node 34: 7fh4wyc kx4g7yb uiwmcye

Node 0: 521y82n
Node 1: 55x0w7k 8dico7k 925sc2f fq5wumn hsijkzw hy4a0bz
Node 2: delgh96 dxf20r8 h14wkkx qur14lq
Node 3: 3qq6zao cj2hbyb g7eqdx9 jubmemh kpy4lgz m677ggm xc9plk7 zvhawmt
Node 4: yyhc6fl
Node 5: 50iux8n 5r7m4aj dyt3p64 jetznlr lr6r6dc rapq1l8 yb0viu7
Node 6: 6h18q0s evpdizs fjgkcmf nwqqyhw oeo0gjy okeaauh
Node 7: j6pji31
Node 8: d2cq44m t0rxqon
Node 9: vx235bu
Node 10: gfnakdf
Node 11: xkwh2nx
Node 12: g7ikctl gi31d8w
Node 13: f494xl5
Node 14: jyh0ut2 lfykyfo
Node 15: yqhggdh
Node 16: yv63tn9
Node 17: qmrxtb8
Node 18: eu6qpx9 snwjeq7
Node 19: w302cv6
Node 20: 98h88gf gz9isor hvz03of sd95zi4 vl20393
Node 21: r5qug18
Node 22: btmcb9e iz9zsjw
Node 23: yi5vfvj
Node 24:
Node 25: yffc1rl
Node 26: 0s9i2qt
Node 27: 1v83gg9 4f2b9ly azt8kse l78frfb mhj0za7
Node 28: 3k1qgjf x8w07lz
Node 29: ftjkqzd lzfcyy2 xbr3ran
Node 30: 47xhm33
Node 31: hrd8all
Node 32: 7ag9qol
Node 33: b9wpb97
Node 34: 6ow3q3e
Node 35: om2op3f s6yphlb
Node 36: bp1iac2
Node 37: rg3d89j zo1c77n
Node 38: 03vdrrz
Node 39:
Node 40: 8b86fie pycxje2
Node 41: p1aybd3
Node 42: o5xuitw
Node 43: 93kuvwr k33zrxl
Node 44: uufbcbs
Node 45: 8a6e00i
Node 46: 2yxr0p4
Node 47: ck0e1b5
Node 48: jzrxjdw sv1whdn us9al4h
Node 49: lhcf4wo
Node 50: xuzn37g
Node 51: tlluciy
Node 52: wotg3iu
Node 53: 86at9y3
Node 54: tuyfgi7
Node 55: t9dsxvw
Node 56: lp05iz9
Node 57:

Node 0: 5fkpy3u c5dbuii mjm833g n1hfxf1 odudz8v prufzk5 z5igvk6
Node 1: 0hebqth 53ljhu4 5s41iu0 kbvclcy ot95qbq
Node 2: 1xu4rji 48tq3la 8fbcjbi a57g15t fiub4sz iwm05e9 lnpz6my n0fi7xk tuu06to
Node 3: 72c8nd3 90z1q9f di2xxxw hdqqbjz jjx8naw rn968iq v6r7qgl xtdsq87
Node 4: 1kyetzj 8priqga wp4fr0r
Node 5: 0pmhsj0 71vqbrf 9r91jfy aapplr5 icgi2hk m38rn54 pwzxhe7
Node 6: 6fvcx7x
Node 7: 37lueu8 3kunq12 dw4r7tm olmg4bb zi7m3kd
Node 8: oped4mh
Node 9: 6d4sd81 uawhl90
Node 10: vf0ew7w
Node 11: biouw22 v1mvwxm
Node 12: ni30p90 ttsp0yk
Node 13: 8l8lfms d1pmhk3 l7yf6e1 ng51d4i roak4oe to0a9xl wtbx78g
Node 14: 5n24pk4 m6jd1px qn9t310 zy5werr
Node 15: kopj9jo
Node 16: lp6v85b p9qab1w
Node 17: 2q4camj
Node 18: 1vvp33m 4q8ksja on5v837
Node 19: usdpuok
Node 20: m1o0t6x
Node 21: 47wuy14 qckahkg z4earsa
Node 22: hgr27kl j5ufzap
Node 23: pfi0irt qsc7zah
Node 24: l5oho1c
Node 25: nqtrgfz
Node 26: f8ephk9
Node 27: 3ntpsve
Node 28: 1mzv3j1
Node 29: 75g6n68
Node 30: czd7hxc
Node 31: wx9z67g
Node 32: hhp2ks1 od1fpsf
Node 33: s1ns8qg
Node 34: xlmttuf
Node 35: u7369jr
Node 36: wjje4hi
Node 37: hvvr4rg
Node 38: b1csf47
Node 39: qjme3in
Node 40: cd2iws4
Node 41: v4ufdsr
Node 42: 8u0t01a
Node 43: gxkc20b
Node 44: d7jk3tz
Node 45: yfjzhmq

Node 0: 0hsegvz 3ybtzle 5q5pvpk 9ps1niz b8285r8 bes7es3 f9a557g h3e4xu1
Node 1: 1t7gcv4 7gdl4sr 7mg5n55 azxd80o kp36z4e lku9nk5 r2hc5rs rbpgd2e toaz0jf
Node 2: 1n8ok9w amegfcg hk028s0 nffq08a
Node 3: reb8shf
Node 4: zlkdiwi
Node 5: 6lbkluy x03nfl5 zzttcry
Node 6: p7o8338
Node 7: 8ezwqi9
Node 8: jvjo6m8
Node 9: bvq26rp cnhci6u o02qnh8 o63h7f1 oxc56bs rizdyd2 vbyu29o xx4wvd8 zyv7ynq
Node 10: 79n3g4q s95onjb v6h85fi vzjjo8y
Node 11: 3icrrea
Node 12: 992tsd5 bnts3o2 cwdq6go iwtdhhl
Node 13: 87jelbk
Node 14: edhhw0e iva2c8e
Node 15: 1f3ke7l 6axwhte blyoars lhmw0ve p5s0wl5
Node 16: 1xau0g7 565nkv0 f56kg97
Node 17: 09b4gju 6zxc39c z6rj04u
Node 18: vjr32s5
Node 19: e82bdbi
Node 20: m4lbch4 v16f6gt
Node 21: qm9f1lh
Node 22: 2z2zwt7
Node 23: ihgcalz
Node 24: uxytr8r
Node 25: 12i8m02
Node 26: 55xndfw
Node 27: ayrxwjy
Node 28: k9m5wvk svgz0c8 zuy37yj
Node 29: 21yil3p
Node 30: jsdqzik
Node 31: 8roultm
Node 32: ysfzryb
Node 33: i9nrkpm
Node 34: 4sxoxm4
Node 35: d1a5g3z mh3ezcp
Node 36: 6t5o5i4
Node 37: 0awxadf
Node 38: 5ou26sr hbucab7
Node 39: oibxymk
Node 40: xqwmm5g
Node 41: 867c2bx
Node 42: w7fce2y
Node 43: k5246u6
Node 44: 0ppcnkr

Node 0: zsybv1j
Node 1: b7tzxhd ho7t9xg j0v35pg y9wsikq
Node 2: c9x9blo puheliu
Node 3: 4260rmu af7eofx b01r6tq div38cp fwq9ipy lkk0ag7 pjfrxrd
Node 4: d4n1kp2 gyiu4rx
Node 5: jwdngbj
Node 6: i7yb5nu
Node 7: 5opyqky 8soo9ie ap5hpi1 nmlwgy6
Node 8: i5bub5g snzkb6u
Node 9: 6fpqws2 hwpqwzj ia21dut j1o9i4b koyq45w lm1v4ru
Node 10: wr1poww yy56rb9
Node 11: 8ixk0mj
Node 12: sz6dzis
Node 13: xr3gsev
Node 14: 0ivl5of 6mdiwns 9walp4c wuehrxv
Node 15: 1e8ivyb 7flk77k amh14o0 gha53hp
Node 16: lp7z5xp
Node 17: fzknx7x s3mtkh6 ssa1a2e
Node 18: cxqkfuh
Node 19: 9gxgkiw ljde11i
Node 20: xn9lorf
Node 21: 5eelw6h
Node 22: 6xogxg8 bymtw3z g97mw42 hifkjvz p34d08k vhuiess zzfqp6y
Node 23: 8sq16it
Node 24: ao7wx5g oqo95p7 vrjj44z
Node 25: liog91e qaerubf
Node 26: jwow3ta v4gedtk wmrhwsi
Node 27: 3fawina
Node 28: y77q1b8
Node 29: a2zyr6f
Node 30: sbj1v6t
Node 31: 4k6d6p7 qjtwuit
Node 32: mesgeze
Node 33: x9a293q
Node 34: 4qf4woy
Node 35: kwayc67
Node 36: kttvjlx
Node 37: lde8222
Node 38: y4p0lxy
Node 39: 40duvgd jed1ioz wwajdiu
Node 40: 6ujqbhu cub1nne
Node 41: wfvwybf
Node 42: 36tu2rv x5z6ybc
Node 43: ceizc73
Node 44: 4sn0p3e
Node 45: cyldicz
Node 46: 8aj47ep
Node 47: pbr84vv
Node 48: 0ipdib0
Node 49: 28cc4h1
Node 50: ipb9v80 sglbe25
Node 51: wwty28q
Node 52: p5t3cxn
Node 53: 2l5aeqg
Node 54: n8d0630

Node 0: 6g7bis2 6wp4fj3 za0dq6t
Node 1: gt3hwh9 iao0m7v
Node 2: 1s7stml ekq37x0
Node 3: s2iz6m6
Node 4: wplxclk
Node 5: udzqa1p
Node 6: mcsd9ou
Node 7:
Node 8: jx1snpl
Node 9: 6m2g1d1
Node 10: oz1f7a5

Node 0: 2stmvxs 50zteu4 7k1tbf8 7rmbmgh a5vki4d ahm7bv3 bp7skab cilgc4r es3kjqj g1clhk2 hulvp6y j4jl0xb nhdwv7v oy2lbjo pc7w47k pqyv9l1 rzk9hkb u8qn68a unk3rcs vf1gwm7 vsdekvu
Node 1: 0m9ulo2 7o3x3lc ns26ncx trlwkoo wohv8zs
Node 2: h0cxbyk
Node 3:
Node 4: dc70ita
Node 5: ldfh021 mddcsvu
Node 6: 054fvym 46h2zju 9j253e4 cmt334u
Node 7: 4yom5lt fbdnqsx p0b5yo3
Node 8: 68gszl0 74cphp1 jqxmykb
Node 9: wxshn4y y82v9dx zdzutaf
Node 10: 7cwcrkc egxzqc7 n95e2yp
Node 11: 0n4gdxy
Node 12: h25ytpe
Node 13: 177ia44 eoapsem gai6lph hoftuwr m4dexh4
Node 14: d8q989h jm22n6a pef4zv1 qu5yfmo
Node 15: nbk9hd3
Node 16: pt6qd1w
Node 17: 5nct2h2 pnpvr3k
Node 18: rz983na
Node 19: 4u49a4v
Node 20: x8ow0uj
Node 21: r1e5lhe
Node 22: xo8cs8v
Node 23: 9gt25dm k51ndwo
Node 24: 5q6u4jl
Node 25: qjh1jg5 su8edsm
Node 26: tnx8n8x
Node 27: 104c1dk
Node 28: fd6dlo7
Node 29: urpm8ei
Node 30: jm8mgak
Node 31: yxpgxfa
Node 32: de7b26a
Node 33: e6rjyk0
Node 34: q85fpye
Node 35: okkltpp
Node 36: 3v2whw7 szl92ss u6qh6d6
Node 37: uweczt6
Node 38: s7zvp2r
Node 39: 7xxj1i9
Node 40: npxxq5c
Node 41: q9bem14
Node 42: 0fbbtr8
