Node 0: cgdsdfk i2juvwt kclyoaf lmxw0a4 n1uvmtc pfdtjfd tk2n2qv
Node 1: ibifkwk
Node 2: bl609t4
Node 3: 6teq8bz iah7ex6
Node 4: 514ijsd lbcy9qh
Node 5: wel0wvr
Node 6: dxuctik

Node 0: 8rbh8yp dm595jk e980v5j
Node 1: 03eyudw 5yv1w1c ksffoza miyyo53 up2xywg ykc59y7
Node 2: 5fw6j37 h4ir3mz jlu4v87 p21ucfl speyes5
Node 3: li3q4ag
Node 4: 4mi39gc tcye67w
Node 5: 03uycve 2od3jjb 5svar1s 8dtspg6 bk1mp7k pesa9d7 qhd2615 w5jayc3 y0n73hr y32v47n
Node 6: ncdx9ht
Node 7: epjugp8 qfqpqcp
Node 8: ip8cdgo ym3al7y
Node 9: lgv70h1
Node 10: 3vqab3i
Node 11: j5t62qf
Node 12: d69cb17
Node 13:
Node 14: 7jngtli
Node 15: o9t8cvr tu0v21r
Node 16: 3a9yiac jggl6xl
Node 17: e2s1mc1

Node 0: 9s93ty5 d0dc5m5 fngp22t njbod0n np2qzg3 pahva12 rik8bg4 w3l9jtl wkgy6hm
Node 1: xtfqkib
Node 2: 7se80v8 983o4gp hayvti8
Node 3: 0nqgliz 1uich5n 4tur3nc ajkqx5h c17qu84 k04gjch kmezu8p lajk850 qk57c11 r4hwy5w voszccd
Node 4: 2d2sg6u jzgc3jm s4hcqox sbgjlbu uhws4fy
Node 5: rhfzp2a
Node 6: 0v0l6ev
Node 7: 8fkgfbh b1vb7ok f8nyu0q q7jgd8w t7tj4t3
Node 8: 1urmdfj vij6k1v
Node 9: jp17iat
Node 10: 50qg4mo 9v40ppg 9x2vykc iekqeu4 zazwb1y
Node 11: 1xjb930 s400u1g
Node 12: g4hbw6m
Node 13: axcp1mp dflwwpq hg6emwd m88n8c7 r2gb138 r34dhbd r38j3a1 s5gb4i7 ui2yun9 vu351nm y5i95qd zn37opy
Node 14: ivnt0vo xnby33u
Node 15: 3xgamau 5z6gnqg f5q1np4 u24v2k0 uk46f7k
Node 16: rx5djua
Node 17: 7pofovx
Node 18: m78o8jl r4hp7an
Node 19: 1s8x2m5
Node 20: mo5913c
Node 21: z2t6m1u
Node 22: kcshgpb
Node 23: xth9o5j yid69b5
Node 24: 0j3k8kd 2577ief z0wrtrv
Node 25: xx91f7x
Node 26: 5bae5ul hxrapnb
Node 27: 2b452at
Node 28: sq2pdrk
Node 29: 7cjdbou t7z361y
Node 30: xgrsw4a
Node 31: 3i6h81j
Node 32: iycw4q3
Node 33: 86qwgm8
Node 34: 9ashzba
Node 35: hkhnumf
Node 36: ps1dfzt
Node 37: goxvhzp icunuzp
Node 38: tv7g1am
Node 39: 0zzvm3f o3pmpr0
Node 40: 0o8ckh5
Node 41: thuz69c
Node 42: bgeuy2c
Node 43: 4nadc2h
Node 44: vletw8k
Node 45: nvqudlb
Node 46: wbhta8k
Node 47: 586gxym

Node 0: 2i4cdyn 328vued 9ubbov9 b90n07f c4q3iyv ea919ou meavjjf nw37oep xr3c5af
Node 1: 8iaw4pk uhoa46q
Node 2: 4xwyhi4 i2u255j
Node 3: 8hh9qa7 q5w7zrs uu7j1gb
Node 4: 1jhu0cg 3fggdwm 4qdjgqv ak0cah5 gq93acv
Node 5: ii4zkvu vizknye z6xa577
Node 6: 354y4y9 65tokyt 75jsu9h edu7wlo nb7q14g
Node 7: zc8v45l
Node 8: 71ok191
Node 9: 7swyaqw gb5vyci hb9ve4y n9vnjwh nc5koco p8fnnlu wghevxb ykabuxn yotd42c
Node 10: 0a327lm
Node 11: 2ctixhj
Node 12: mmauuuv
Node 13: 3zckto9
Node 14: ci3lvog i4h766d wtk8gko
Node 15: h4s0fkt
Node 16: wkbieyi
Node 17: kroy8i4
Node 18: 8o317un
Node 19: 365l3nw xf3eyif
Node 20: 6jfo0vj
Node 21: u86oqxm
Node 22: dmb8hpu xxtcfq5
Node 23: dpcc5nk
Node 24: 6h1k4b7
Node 25: ftazo0g
Node 26: mbg6hpw
Node 27: 90vzqi7 d8001uv dvl3ioh mt1808x
Node 28: 93i2byi hjvhb0m
Node 29: bpmpfm7
Node 30: 03kbrvx
Node 31: a8vmd5z
Node 32: 05zm538 4lljc0i gtclccl sdtk8r1
Node 33: hejawmk
Node 34: v5dm3mw
Node 35: 5eiqj65 phsh89d
Node 36: 7eexdxw v7twnc9
Node 37: pt35xp0
Node 38: orkgmfi
Node 39: oterpq6
Node 40: irpi8f2 ucs0np6
Node 41: 0olxaeb inztu8s
Node 42: 2hzsfyb 9vnl6nr epdkosh eshynvq se85tqc
Node 43: 73s0jcq
Node 44: 30g9vy6
Node 45: 5qc5fv1
Node 46: wo8k8sk
Node 47: esixyn4
Node 48: fca10fu
Node 49: bgm4wos
Node 50: xyymky4
Node 51: 3vcjc5o 9nng8ay xwfqfj3
Node 52: xm1xguc
Node 53: tr75nq5
Node 54: inib8kq
Node 55: rxif8i2
Node 56: atqx7uq
Node 57: bljtxuo
Node 58:
Node 59: ckkwx8e
Node 60:
Node 61: 7poou9h
Node 62: flruqd1
Node 63: 9whniv5

Node 0: pemi7gy
Node 1: 4dofkql
Node 2: 20s686t 36n4n7k 70mk71f qo642s3 ruii5l1 yorp8py
Node 3: f1jrg5w ygapb5m
Node 4: v5jo5ph
Node 5: 2q1e8kj lydcv34
Node 6: 6vvelbo hxqiw0v
Node 7: bunzpcz k5j9kqf zvjjzl7
Node 8: 0u59d9j 3tuvacx bxdctlt emr30y9 y6qwgot ybgn4vl
Node 9: 4unwuix mz4zfml
Node 10: 3wq68mf 5zt6yke 9uaj8td b1ewp94 rm2wafs s9vcyrh twix86i whqlada xra4yg5
Node 11: 9b741yi nfb7akz
Node 12: h1b3ni9 oc8j1fa
Node 13: 9zl2v5k h71gnvv
Node 14: 8vpqnu2 ybetth9
Node 15: cuy8hz1 l8j2xfb ytvjpz7
Node 16: 6asw2tj oaav91o
Node 17: g7q95ij nmn2yms
Node 18: h5xwhdw
Node 19: srow11i
Node 20: rhsdghl
Node 21: w950q7f
Node 22: eutnyup
Node 23: scee6nz
Node 24: il7rud1 w7psiep
Node 25: 0jnejcw
Node 26: 88lh2hg
Node 27: nflrmwh
Node 28: gkx45hf
Node 29: k5whqmb

Node 0: 0mlekf1 1tdpl97 2i6m4q9 9frvg7z aifpnle cfpp7jo ldpw61w lkah4jd o8uq5me oqxjuo5 zcfyy4b
Node 1: 0lenxwc 1wy3nbo 41ezutu 64dbfkb dnkexrz eenzfhy inh4j6x k6dyvml knytyw8 o903quo wxfkh5n
Node 2: ez9f3gj
Node 3: vtscm7n
Node 4: 7ongk1i
Node 5: 8tfx3zd gqzzsi1 gtakcv7
Node 6: 4bwnlzl c1u8637 f47eofl
Node 7: ybvf3wn
Node 8: 3mlk3h8 6gfq5oc
Node 9: 0yuigzs 602dcqe 8apmz25 8voa34f ehl73ki nn9osmt su9ais1
Node 10: edbkewu k4arzwh
Node 11: 2zi7fha xgmfyva
Node 12: m5znmfs
Node 13: b34c6xl la1uji2 mn2o81a n64g9gq wzg610a
Node 14: elqh3oq
Node 15: 2i51dxc 4os4w6p dqcloak j5xrrq5
Node 16: qg7e1c3
Node 17: 1u2pmjm 4sze772 ayyqu47 bmxshl4 jknbqqo l6m05l0 n39qajs
Node 18: 5kgz3tk k5ogca3
Node 19: pigt7an
Node 20: 67b9vhj chky60z
Node 21: 3wwj2z4
Node 22: jylslg5 ouaw0jh
Node 23: 0hlzu45 4x8s06c 6sxfswf 9l3hvre uryu8g4
Node 24: sqrkytg
Node 25: 1n3ivdt
Node 26: aof4ja1 fwjteek xigphx4
Node 27: 045noqg
Node 28: 8awt7w5
Node 29: 1ont4ob
Node 30: 1hw0g8e 8x2i4ub k7vmfs4 ydfjxpc
Node 31: lohjojh
Node 32: jzo22tu
Node 33: ak85y7k jec3brs ptoa4lw
Node 34: wq2cksv
Node 35: dsgmded
Node 36:
Node 37: 2x11hny n0tms0k
Node 38: 4ldqmvp
Node 39: az3hvhv yab6eq5
Node 40: dpbrwvj v0d23wo
Node 41: n3r1kem
Node 42: si8wb3n
Node 43: c09xadr
Node 44: k6l4hb9
Node 45: cmtbpg4
Node 46: 6aw2e5d
Node 47: 5any05d
Node 48: 9hcvciy
Node 49: xlk15ft
Node 50: qrba7b6
Node 51: 57zjsq6
Node 52: olwr6yd
Node 53: s3ocu8o
Node 54: 2h2ycyy
Node 55: 8b5gg91
Node 56: 5hq24nj
Node 57: olyqiuk
Node 58: wnxma45

Node 0: 01bmi84 0mkhxd0 38cm8c6 62llvc5 myjx5zo
Node 1: 67nexlb 8ybdvvq keqqehi n2cn8qw pmll6ni
Node 2: ok7bbze
Node 3: p9ujb6g
Node 4: h5fffqe iyop5ze m6go0qn oy14r7a
Node 5: 32kzfyv 69h5t98 x3bgia4 y3qo2ph
Node 6: dr2dqxf fieu26v naao6h8 o5w45wj sq52g4z uaackhr ys8ner3
Node 7: nex1zso
Node 8: h2bqifw
Node 9: e0hpwyk
Node 10: 5qgdlmq
Node 11: g8oxxwf
Node 12: 1kpl3c4 8f9f3vx 8xizsdy cltkn2q f56u5cs lnwrigc znmdtk9
Node 13: 48murnt qn1r6m8 qt7a7zk
Node 14: e1naajj lhftij0
Node 15: 32rjvm5 7ij0v8l
Node 16: 7w2t78m dwlw5ly z38cfs7
Node 17: gfuk44h
Node 18: f36o0pw
Node 19: 6vria3h htqb9a1 rtcdo6y yoaq3lf
Node 20: h6fm9o1 r997w35
Node 21: z0y8wfo
Node 22: 91lvo31
Node 23: 7zfrk06
Node 24: 3t5s142 k6yagv9 rnml3gw ss9ps52
Node 25: c9qx4q7
Node 26: y0ktuxo
Node 27: 3zd001b nzkneiv
Node 28: 22k5rzx
Node 29: 7gpklxg b1ijq28 cy5vodf dofwgz7 wx8ymac z359206
Node 30: kcfus51
Node 31: yw81t0m
Node 32: q8i9jix rxjnuo5
Node 33: yw7jpwh
Node 34: vebp6em
Node 35: cb5b5zb fyhdy26 ltnqb9u
Node 36: asjnrsz
Node 37: r59hqr1
Node 38: cwjmr5g
Node 39: 08t5g94 arazjcm
Node 40: ke1qpig
Node 41: uvzljac
Node 42: 51ktwv9
Node 43: pjzbpla
Node 44: 6obt8tx
Node 45: 18gnn3l
Node 46: yxu5ieh
Node 47: 5zxrbjf wmcfuyd
Node 48: u0nrmoo
Node 49: 3i9i8qq
Node 50: 2fihgfs
Node 51: 9kpttbh vmqktq7
Node 52: unq3vul
Node 53: 4cydvdq l8na2cn xnqtk0h
Node 54: mqj5f8l
Node 55: ntq6auh ydvqfos
Node 56: h0oemwu
Node 57: 87p1y2p
Node 58: 1rge79z
Node 59: lgaanbj
Node 60: k5j6uk3
Node 61: 4rd3efb
Node 62: ndil6sm
Node 63: mgxjwry
Node 64: nxca0vn
Node 65: lqn8und
Node 66: 1z2wpeb

Node 0: 82ey8lg khm3a2v mdhr9t3 t0xzpng ws8oh11 zlmepzt
Node 1: 7fde6kh ca0ffms g6r6eet m54eu3l wl2yhyf zzrox5b
Node 2: 1w0xoia jwqwt4z
Node 3: 0yl2y6x 98yl337 o2u76jp zvk1pr6
Node 4: jpc2b5c
Node 5: n5qtdep phzr0oq
Node 6: 3o9dqdt
Node 7: s18cnqe

Node 0: 4igsasl 8hoio4l e7jhkne f1zbrvp fwbdx8s gilv5yy j6uuwms ofsu9y5 qmy33f4 rjl028s t12iwgl t28fnja t8hz41v te6ps9g wwgz4sn y9kejn5 z5qbx14
Node 1: b0wh9dg jfgj4p3 wotl6cd
Node 2: 1co7wfw
Node 3: r9vb78x
Node 4: tip2ycv uxo3vad
Node 5: tr391j5
Node 6: 1b5wk7o 7dhrzkq ig4a611 o3wdjm2 pcesidu sksd8oy xmeqd90
Node 7: mif2h59 vy0n2np
Node 8: klpejpi tcs95tl
Node 9: 8k81pbk
Node 10: sgb780p
Node 11: t2h2t9s
Node 12:
Node 13: 550pnmw
Node 14: n5tpq0m
Node 15: 275en5u
Node 16: orgy5zx
Node 17: gcvcfex
Node 18: tts75kl
Node 19: swsg3re
Node 20: rwklwoi
Node 21: hdrmcdh
Node 22: kaj8n71 o3b49tl tb3hxop
Node 23: dcmezkw k7rdmlu
Node 24: c058rjc
Node 25: 4scljun
Node 26: airx2p2
Node 27: 1mpgv7v kxu0ih1
Node 28: ov0ff1k pk663zm
Node 29: gidf7qu
Node 30: a6jhcct
Node 31: a148uny
Node 32: ht7js6z
Node 33: 2qt2uun
Node 34: cv0yffm
Node 35: z5qo0st
Node 36: 61f1itt
Node 37: 7thfvza
Node 38: 5t7jkh9
Node 39: 7mz9pzf wfne000
Node 40: 127ygql 3ivhcyr
Node 41:
Node 42: 9j5734z
Node 43: 3zo6ny8
Node 44: t8fr4hr uh37lq8
Node 45: imhxhxf lmrvg1c o8mnvr4
Node 46: 335brpa
Node 47: c8jfw92
Node 48: 8wuke0h
Node 49: do4uoci
Node 50: vciyr9s

Node 0: 9spmj0t
Node 1: mahoq8x rit4am2
Node 2:
Node 3: j3d6trj
Node 4: w9sz7u8
Node 5: 1tgizl1 fkqpc8e us8jxke
Node 6: w8db1fi
Node 7: qol4bxg s455d4z

Node 0: onk7bt0
Node 1: qc8h0bf
Node 2: 3rk50xf
Node 3: 0u2ahdi 4gku3pa c3qrlwd e0tvf2e fgcbhji i4cq9cl jjwtyod s6r75o5 whi5f47
Node 4: 924ckqo klgela4
Node 5: 7x5g6e4 k1cc8dn o6rjytb uvv3vm3
Node 6: lcw2wqc
Node 7: cgn8st7 ejgrcml j0erge4 omj5nq2
Node 8: egsl80l
Node 9: 8j0cmll
Node 10: gufdo2k
Node 11: 21bm00k 74waru0 dk2mrjb lqhbadn
Node 12:
Node 13: 3guqyl2
Node 14: rigowpi
Node 15: 17wml7l
Node 16: 312bcch ncz5y00
Node 17: beac9q8
Node 18: 4yrn3ga
Node 19: hnmfxu4
Node 20: 843lhi7
Node 21: umhh0us
Node 22: 7d1bdvl h6jyfxf w4addts
Node 23: bb4qcgw
Node 24: aweg7ga hdg8rr1
Node 25: e9rl0mg
Node 26: uavvl3t
Node 27: g1f194r
Node 28:
Node 29: rc55v4a
Node 30: i3i1fh5
Node 31: 6pnpuk8 8az6sro rmueeti
Node 32:
Node 33: ug1q8ei
Node 34: mois9v2
Node 35:
Node 36: ba3tnqu
Node 37: nwckc25

Node 0: kiogftm
Node 1: 9ouzg6g c971no4 iauw8sw s7dne42 sptk57z t440425 ylaeqqr
Node 2: 14l3dzr h691f6g
Node 3: g4z5bqv

Node 0: minx09f vp5s9e2 wtkioxo
Node 1: 65uka83 9a7pvk6
Node 2: wajyhur
Node 3: 6ph0116 87euonz ccq55fz dbzdk96 ssjer3w zegvf18
Node 4: t9ed9fp
Node 5:
Node 6: 6x296cm s1w8oxf
Node 7: yo7o0vv
Node 8: a88manj
Node 9: 2121ppe

Node 0: 4rutx3k r0dxu5q
Node 1: e1t3e0s ljftc05 lxbtnfb ov0vvl3 wsc2puv
Node 2: 02f36jc bdjl1ny gt81v7z j4nmynp jb5ox8l kb61p4q m09zseo m34s70i vmiqs99 ynxybxw
Node 3: a7rufpp
Node 4: ddas25s i0hh8d5 nesxgds
Node 5: 1wakmvz e35qd5e pvjhspi
Node 6: 0jbcqka uax3bko
Node 7: z6gkr32
Node 8: 24v0tuj cdjmk46
Node 9: ar5z6th
Node 10: 58jnakb pg06ez8
Node 11: whr7exa
Node 12: 53nqo1a
Node 13: kaqquwb
Node 14: nnfjpd6
Node 15: 3ag1g1j
Node 16: 1airwve 2rl94oi pvt12ho
Node 17: ll1iwvg
Node 18: vxfh1ij
Node 19: s9or4zk xh5uk26
Node 20: r150khs v95vg3f
Node 21: wjmandj
Node 22: k3j5rfi
Node 23: edao5r3 v0f1b3n
Node 24: 7ce81ns meznnjs
Node 25: a3yt13o
Node 26: chslv41 j4gz44v roxh37i
Node 27: piquu6o
Node 28: dkwyhzy
Node 29: nmynt6a
Node 30: azbj7qa h1e0mxs yrmtllg
Node 31: wtvo5fx
Node 32: 1sln0m7
Node 33: bcmly23
Node 34: c3u0nou nhoa3wx
Node 35: 0fqsysc b2b21ua
Node 36: 4o60u8g
Node 37: ao079vg
Node 38:
Node 39: 9iapw6h
Node 40: 0vz71cg
Node 41: qtlpdri

Node 0: 3868a24 dwfi7pp wh39esx
Node 1: z9bpzgc
Node 2: ownuxz0
Node 3: 6fglkma
Node 4: dtvdd7a

Node 0: 044g4ub 21o6f71 501t1q8 9wvv7uv kulgcm9 s9ij0xz tugpfd5 z4swvom
Node 1: ep3lihd
Node 2: xa1sx8v
Node 3: zraqf3a
Node 4: v7g5dqn
Node 5: 5ci7ogt vd5gscc ylabwz0
Node 6: 3s44kpw seacx5a
Node 7: 5fbfwjp

Node 0: 5agzthp 9r2edng h2vt2hg k6jnti3 kp8ghd5 mdb24nm tdkfkzg uf4ea9v
Node 1: 8bzyere dcv3p3q js9kkm7 llak78w xj6q8cr
Node 2: uolj4o3
Node 3: 8l9au6s wkax8fj
Node 4: 0xq3ipg ff3mn6d
Node 5: 3wv97rq
Node 6: 0b8xo9a 8tx7lud wmhtafu
Node 7: emosq51 h4tb00v
Node 8: i0pmgys
Node 9: 1jwprql eqn74ev
Node 10: aesutil m3zihd6 octzq8m
Node 11:
Node 12: 40h2a5m
Node 13: wsjpwm9
Node 14: m9xscyp
Node 15: mpnyxw0 qs80chz
Node 16: 0tyo3tm xhgbpxn
Node 17: 6a1ua2p
Node 18: 2qkhnes
Node 19: 35sz5li ctzexcm
Node 20: dgyoj2a
Node 21: djszjj0
Node 22: t84sc8x
Node 23: gqp2hg0
Node 24: 5azkrgg
Node 25: k7q0jb4 lvkvy0r
Node 26: 6zur1h6
Node 27: ay039nn
Node 28: jx22nv3
Node 29: o46d339
Node 30: 6zgadyr
Node 31: ttqwmto
Node 32: 97bxeq7
Node 33: nzwkdzf
Node 34: qahza5r
Node 35: 63nlr22
Node 36: 0szz519

Node 0: xqodgk4
Node 1: m438e63
Node 2: pgetwcm
Node 3: 2fn2c4g
Node 4: l9z1d4e ol4jvl3 opmq0dn vdrhzb2
Node 5: 7ks4rwz en94gjo ik8evfc rrtox1h
Node 6: iycmojq
Node 7: 6oxlomq
Node 8: 7uudav9
Node 9: ih01bbm
Node 10: y3qscz2
Node 11: h2xj7ug
Node 12: o70hc5r
Node 13: lo5qu6f
Node 14: 9k947sw

Node 0: 0ivhe6k 56zzlpz 5cq7p6m dpjhulk ftp9quy ikwyshj mhbrct3 omotteq ondqvvh rdbq1zi t26vhqr tfv6ajd th75tve x98q6jm
Node 1: l5zgjj7 p3yq68v
Node 2: oni56r0
Node 3: 3o937s5 83fqt36 84fbxv5 agzh2e9 dty1t2l kor2ur5 mq0c3nt n60tzx5 nwnnicd qdrkqj5 rg1rbdb xorcb7m zr87ciu
Node 4: hunyb0k
Node 5: f9nkbtj
Node 6: oc3j8at
Node 7: 20w7inf 6bzn1ol e3n0n9y hzu3wvv qdz3bbh
Node 8: 19mkmhv g331erz i34pei9 u58fk66
Node 9: 6rkn0yh
Node 10: 269uiv9
Node 11: 8lr8my3 q60o08g qtfd7jg rv9g33a
Node 12: egdowa7 osd3t92
Node 13: 9axe1xr
Node 14: 0y4udp8 bwwfee1 iqpd123 m38882e mr5mr8l ydefp7v
Node 15: vkflvou
Node 16: fmdal4a
Node 17: j842261 lf3xapv
Node 18: g8w1680
Node 19: 07roe95 n3ai0c5 rd4c201
Node 20: jzs6vq5 p9brlhi ys6nwoq
Node 21: btc720k szecyba
Node 22: yr7qjmp
Node 23: 5a5ayzc bnbawhm
Node 24: 9ahssh0 ytycmkd
Node 25: 8qodlx1 jjta137 qlpe1vp
Node 26: zt35i15
Node 27: conlhit mu9r98p
Node 28: 4a0gxcn
Node 29: azw1i1k hhskqgn yvdwlos
Node 30: bkjwk4n
Node 31: tfy2mp3
Node 32: 5mg3ygv
Node 33: ekxaoba
Node 34: ttd3mun
Node 35: 8qaabp0
Node 36: 2dzfhse kjbieel lwvodrf y0ruzcg
Node 37: lc048rk nqcems8 rbipfg5
Node 38: 3ndn8dt zi5rert
Node 39: 7nywy52
Node 40: 85hw3hb
Node 41: 8f0n90f
Node 42: 8f3a7qt
Node 43: jg3n2wr
Node 44: dtnjjr2
Node 45: auyppkr
Node 46: sn9d402
Node 47: llo0rgy wdcnxs2
Node 48: e0nk5ie qsp1i7l
Node 49: w0k21mr
Node 50: 5dgnl57
Node 51: c7b9ek4
Node 52: kmiiuql
Node 53: krfcegl
Node 54: 7r53xhz
Node 55: ayvu0mv
Node 56: 3gluca4
Node 57: 121m3re
Node 58: 657xb14
Node 59: 0cjslij
Node 60: k6e83dn
