Node 0: e05rj93
Node 1: 4ohdkfm 6w0zsmy 8c6f9bg e2bjf8i gn1zal4 pxuehxj
Node 2: nkf0kxc

Node 0: 1ctne5k 3fvqlvg 501w9i6 7zo7s0c a4wbxr8 ostyzum rhxc4r6 rxirx3d sbdsu6z xue4hcd y3wd7yx yxery34
Node 1: cuh3ss7 if1nol3 jn9xxwc ll8okak
Node 2: gbo5tl1 pu6e9z4
Node 3: iknu6a0 jfdsvxf r23ztdn rfje6w4 ylw4g40
Node 4: 24q3tvr 2evbaq4 60h94g9 8ql4w68 feolzr6 rnj6aas
Node 5: srktsp0
Node 6: 1e1ihuo 5746g90 7k02ush pq6auxs
Node 7: 8kskcyd wwktty2 xacuxet
Node 8: ql5wwe1
Node 9: cpv5q9l
Node 10: nzfck1x zg81l3v
Node 11: dku664o
Node 12: 2vln9vw
Node 13: 4bm1u5l
Node 14: b1f1gm5
Node 15: qnlp953
Node 16: 4gk6lpm
Node 17: zberxtd
Node 18: 00bhypb
Node 19: gjv05pw
Node 20: qf20xun v9cy8k3
Node 21: dxkl2fp
Node 22: y95ffzs
Node 23: ivu3onh
Node 24: zy6lws8
Node 25: ofgr8s0 uod68yr
Node 26: 4wyac1r
Node 27: x2bkagr yqphazd
Node 28: e7hdo1m
Node 29: 99hkqwm

Node 0: dh3c8it q0m9dqd
Node 1: 0pgwo6p 6jezq5i au12btq ijpaojf tov9frk y8zk8h3
Node 2: o63ohwv xbt22ua
Node 3: v69nxww
Node 4: 92voqpf
Node 5: 4284jyq 5qriger hpelf8g j0pot5c o822ch2
Node 6: 0sew2kq 34xuw48 c0r6sfh lx557ps q5ymqmd tksa21a u7b2c1x w1zapob
Node 7: yqxwlct
Node 8: j3gcewd
Node 9: onu1z9h vzzlesc
Node 10: oc2bo8b
Node 11: jaw0jnx
Node 12: 91xff1h
Node 13: v2rmofa
Node 14: 5exogfz
Node 15: dv1bpu8
Node 16: nwmpmg4
Node 17: s5ch408
Node 18: 141ljfw
Node 19: k12zmsf

Node 0: 4j3dq1r 80mxg7d w40cp4w
Node 1: 8h5014o rqoe0lq
Node 2: 17d6ogg 4la739k 8sds5oy izt4kbx uuuuemy yusemnk
Node 3: 8qkij9g
Node 4: lk15n7i r15mia6
Node 5: m4x3ydk
Node 6: nitcxdw
Node 7: vyhekce wlx4s4v
Node 8: mjpatff
Node 9: 9tj0t1b aqpihdr h0vnuoo hhwest1 iaz2c10 m9peejo nqhyplw nza96sn u7zvc2y uagnpq4 uflhiiw y604439
Node 10: 2cgwy6f c9f4zo4 hinvjbn okov47q x2ak7a8
Node 11: p8chvj3 yqog6ic
Node 12: 3ks0dnu mbl0mhp snlqinc
Node 13: 4xlebxr
Node 14: zjrozrw
Node 15: hg1hmzr swznqym
Node 16: 91ymys3
Node 17: aame0ly
Node 18: 24lqi3a
Node 19: fm4cdbw nac3nx8
Node 20: ctf2lbb
Node 21: r256k0u tgert4z
Node 22: 06t5g77 gaizk4k
Node 23: 7pt8850 kqnyqv5 kx3lv3d
Node 24: k2e7a0s
Node 25: tyd4v76
Node 26: 85hizf0 h1ykajy lp9da3s sk3k9w7
Node 27: zpsfadx
Node 28: 826nytp ipdgm2t sn93l9c
Node 29: 0wht73y
Node 30: u9f7goj
Node 31: gal88h2
Node 32: aqzrfgp ousddy9
Node 33: 53a0iqs 5bnn5za
Node 34: xqwfstv
Node 35: 50mrwnm bvbsjg7
Node 36: 44u6uy6
Node 37: ed4gw77 kja4byo
Node 38: 4ek0pk5
Node 39: cdvbpkm
Node 40: nu850vm
Node 41: 02q4dvn
Node 42: 6hwtab5
Node 43: fxqqjs2
Node 44: dxkbadt uij6l9p
Node 45: pdtpr4c
Node 46: ykq5num
Node 47: 5bkpr9a
Node 48: 0zvqcg8 wxyuw93
Node 49: k8xvvkg
Node 50: 04gdih4
Node 51: frppvwf
Node 52: i7d0rl9

Node 0: j5cdljc
Node 1: 41jrvbt 4vtqgvp 5y5k44z f5rxn6z
Node 2: aeu1y9j bed3rqn gltr1go z56orwb
Node 3: 4uh5l01 ymcbz33
Node 4: uooprra
Node 5: furaijj ph1uux1 r53feou
Node 6: 0bodk68 8xh2ouu btmvibl fg6h9jt q33wcsv
Node 7: ade3kxn mkdjz5f s5fqghy
Node 8: j89ubg0
Node 9: mltkqzv
Node 10: vzag4h3
Node 11: 9kdmeja 9vvutdu mr21is7 rg0jh8w
Node 12: 7h52vzs 7uphscc cbqoint
Node 13: 6gpuuky bv6s5sx
Node 14: h1gy9t6
Node 15: l9dl72g lymgjng olto6qs rla5luf ykvd51y
Node 16: 89ck1bq
Node 17: 6amnopq
Node 18: gzinfv1
Node 19: n642iqi q5y2nd5 t6j5va6
Node 20: i3et6he u6u0axi xep0n6r
Node 21: d3l2hrw
Node 22: e4mr32x
Node 23: 0mlbyzr 1924jut
Node 24: 216tbvf 3m0yez2 9wq2jd1 k5fdb14 m0so7p0 tn80b80
Node 25: nxlhb3y
Node 26:
Node 27: lb4wda3 qhvvh0c
Node 28: ir0e5q2
Node 29: 0lcb575 br2ytm2 f8biutl hm99rxt hrvyabt ogvzved yzhvrzr
Node 30: yusxlr7
Node 31:
Node 32: avcvodg b0ec06e duraxw6 gcee6lc xn7ccbm zi0mla4
Node 33: tb8db5c
Node 34: sqivirw
Node 35: vp60ty2
Node 36: 2n2hc6z 94yl8co svzuw18
Node 37: co4mtuc
Node 38: iiwag23
Node 39: p7ryudm
Node 40: e7zocho wxwoxsx
Node 41: mca8nlw
Node 42: 5b6dkj6
Node 43: gy2oqyx
Node 44: q32qhmn
Node 45: gs3862w
Node 46: 8uikfbr
Node 47: cg3m3pa
Node 48: 4nqtevm
Node 49: 1cjymoc
Node 50: 1nl7peh
Node 51: 8p3zsjo apke9j2 p5y1jve
Node 52: lauqj28
Node 53: 2jxd1ff
Node 54: h9scudj
Node 55: m1x311t
Node 56: 6vcjgt3
Node 57: 404r4j7
Node 58: ojoltpo
Node 59: 9wv9hbi
Node 60: eg51sx0
Node 61: k3sl9s7
Node 62: dwnlmk5
Node 63: cirfdnd
Node 64: stetla4
Node 65: 0miph1c
Node 66: 5y9zwlx
Node 67: jrtt7oz
Node 68: o4ubfnb

Node 0: h0ye1zv ql0rm8f
Node 1: 332xvmv 3l9aiaf 3xn8fxh 87u90xi ixsfw3w j2savrm ne32nt0 u2oxr6l
Node 2: 0kyskl7 14j0s24 7lkqx7b riu18ay z377jji
Node 3: kss10kz
Node 4: 3snfl5u dtoc4ba jz4t4v4 t4on8qz vulsgdp
Node 5: gbsr8rk mdqo96m
Node 6: pf61ync
Node 7:
Node 8: jt5yjvd yxntlyj
Node 9: 8wtgw3f

Node 0: 3xhvf2n 59ajj1s 9eof4qp jyi9hhu mivdizu udx6njp venxjvy w8xw5jf yubgwig
Node 1: 6q1ho4w lrvipsf wzvh2cf yrdtgcx
Node 2: ezlt1l3 iwo0igm likpojh
Node 3: 1n0woe3 31fcocg 53d4i19 60d2g1g 7shw9re 94fbc5y d32vofs jpmquaz p2t9ygt y2jhjdv
Node 4: jaiwted llhnye8 o2k9psj y9nxux2
Node 5: fylcc3j
Node 6: zn06ws3
Node 7: jhaljev ng1ybb3 sivxdd9
Node 8: 5u2rbrs
Node 9: 9ag5kuy
Node 10: 5qlulut dr663uf gd1qrms nvwsicy
Node 11: 4b3gz2f
Node 12: 5vneukb
Node 13: rmdx8vq u7db8gw
Node 14: sctkv4v
Node 15: x0o2rux
Node 16: m0vw5z7 yo86mar
Node 17: 4q0prhm
Node 18: 06jewt0
Node 19: me5gqb1
Node 20: x3kavyp
Node 21: nta9245
Node 22: xdt42t5
Node 23: 6q3pstz

Node 0: 1xln2kb 22pr2qq 27wvo7r 2awymlw 59g65uk 6paf7c7 9mw397t bj2zw9y cfbp35f cno4gez evy3gz1 k03kgnr l4p1553 n5aq0j1 n7ekrhs pg7eqb2 pkxzj3e sdxel74 t800bse waodoad x4u329r z694sic
Node 1: 3ty75n0 haztmnf lw3wy4s saae56n
Node 2: vv2ffm8
Node 3: 7dsogve coabimk kh8t1lx m073xwf zfx2qvt
Node 4: l806auz
Node 5: 7wz2fwj 874y9cv c67ovfe eodsv0d pd921ug wczcgbi
Node 6: 0nvw7wu 53dos2o jrweaxa wpkhelr
Node 7: s1yzda0
Node 8: 1xwcu8d 31l8yzr 5untqvt 7owr45y ku7l7e1
Node 9: 0a49kad
Node 10: nm5pjqb
Node 11: 397f9mc
Node 12: 1mop16t 8reo8zj cndqcn2 hwl08kj j7hv8k4 rxt4jjq u211etq
Node 13: p06fdok
Node 14: 9ue02mm cbh8r3g d2by060 go8fv7o lhxsi0f mvesy7f tby4vmx xqb6f1h zqly9bg
Node 15: ee81art
Node 16: 2t9rte7 qyytbc8
Node 17: 8aq18y3
Node 18: zp0ixxy
Node 19: t250n2t
Node 20: lzygyfa
Node 21: 5mucqxu
Node 22: 4f7w5kr
Node 23: ye8u8w6
Node 24: m68c4bx
Node 25:
Node 26: 6rspoyx
Node 27: m4ps0oc uypukbf
Node 28: 6l5sjeb
Node 29: v5e8v01
Node 30: il8vzo4
Node 31: c1ydl5w
Node 32: b1fza4h
Node 33: jln24f7 rc5bb9k
Node 34: 616nnlr
Node 35: gvnogez
Node 36: wwxon5y
Node 37: r8u64qr
Node 38: shha0xm
Node 39: xfmfjl0
Node 40: wdcn5q8 xdzd3p7
Node 41: xh9gwu9
Node 42:
Node 43: v97yl8e
Node 44: 1i93ipw
Node 45: 1g8ey7p

Node 0: 4db4e7r e11nvu8 ijetlqg irzbzb6
Node 1: 3lex0rc 9w9m2t0 ikp4wqh
Node 2: edmqiov nzqat0n
Node 3: xmteaat
Node 4: 44d5sns
Node 5: beapqza ilr4k9b
Node 6: xvtrhuy
Node 7: v7q09ex
Node 8: 8uns2g9 b95bnm6
Node 9: d3bupmo ffyuwaw
Node 10: ylw5gpz
Node 11: lk6p14a
Node 12: giuzotc
Node 13: 29carn8
Node 14: 48gxi2h

Node 0: 97d724k 9b2fvoe
Node 1: 12g0z6t glwkpp2 okypplx rsvikpx s9hzkb5 xiwtne3
Node 2: 374mik9
Node 3: d9nyhd2 f2x7y96
Node 4: bf302i3 x8upg35
Node 5: 2dcckw1 dammhl2 dbanhg8 hqu97zy m05t7ei r76foqw
Node 6: eyra9ch lx1c17g yqa1neg
Node 7: jepm4oo qp7ibjo u69n7ak
Node 8: hvb96wp k243z93
Node 9: 8njntfc
Node 10: a4wmew0 ctjha9b kq8qp81 qmx0i9d rvvtc1g se1239w
Node 11: 0r9a976
Node 12: 20n4itv 4buxct1 iuqytq9 kpacc0g s5xdrp3 zuf8z5z
Node 13: l1s9qty
Node 14: 6j7nxvr 792eqth dsunyy6 s4a4x3f uj7yea9
Node 15: j0ex0vf
Node 16: asc4gey
Node 17: 9npddfc bno4fk3 kwfm3hx mdb7c14 q1piuw2 vo8brt1
Node 18: ly5chdg
Node 19: u255i50
Node 20: qbryo1i x11d6te
Node 21: ma344fu
Node 22: euk40s6 jdhb7db
Node 23: 5zkj5ta
Node 24: ro1hi3m
Node 25: 2sg1sry
Node 26: lapepec n4bvzk9 vwix1v6 xrxt2ec
Node 27: g53eh6m jygl4h4
Node 28: bbi5p75 bsawtim mk8gp1w
Node 29: bj50z0k rnb60dx
Node 30: ci5s4uy mgn7b3z tmve3j8
Node 31: 2k9a350 kqz362m
Node 32: d4519u9
Node 33: ugjtsd1
Node 34: p0s47ss
Node 35: 6sx6yfp
Node 36: nk1nbuy
Node 37: gl5nqwt
Node 38: emt7avx
Node 39: abtort5 cryzvqi iyzzeo1 ph1gm5l
Node 40: zuerepm
Node 41: zaapeqa
Node 42: l0n7yg3
Node 43: qyfe0ft
Node 44: y8keh27
Node 45: tc40vsb
Node 46: 6p2uy5e
Node 47: 4j5cm16 qcpxjw7
Node 48: mqhqq97
Node 49: s01ze7b
Node 50: zl5iwim
Node 51: jv6ws70
Node 52: rwnbkpy
Node 53: 6uaegnh
Node 54: atp8ilu
Node 55: q0fzl7s
Node 56: npfzlcf
Node 57: 4y8xe06
Node 58: srklxb4
Node 59: a4mn3yv
Node 60: lhkf4m5

Node 0: 28ovl5y 2ceuze1 4dtcj2z bqgizm3 cc58w6e fqwro00 iudw6xi kmhbxuc kug297m mlkxf26 qcmx43r rjma3ix roln81n xzbpouz
Node 1: chic5gx
Node 2: 3jb6wkt dj366cp earpuu2 u0g39mq xxsw28s
Node 3: 1jjxwto a8sqwdw xh6cl1v
Node 4: mtpvf0u
Node 5: 0gcd6ma ujrf1ur
Node 6: 5ea0shh e0t1zy9 f7j0ryn lyr3lio
Node 7: bp6khrq r59ikic
Node 8: 798petp ofmxd1n
Node 9: 4o2c7px eqm7jzw
Node 10: dzq6xua
Node 11: 9cl0cmy mua81iy wjdc7sa
Node 12: 9okd17q
Node 13: bmra9jd
Node 14: 8a3zkqk
Node 15: rq56dq5
Node 16: ll3bhkg
Node 17: at9bfvd
Node 18: 9ekhd9f
Node 19: 0gij67o 531k0fq dxo5bdu ftof0f3
Node 20: d10bshc
Node 21: 4z95xmr sokldh7 tikz7pm
Node 22: 7lluyv9
Node 23: cst9dmr
Node 24: rtzu9p5
Node 25: yvshgm3
Node 26: u0ykifr
Node 27: 3a4ut06
Node 28: mo76kj6
Node 29: xqcqaqy
Node 30: pv0ic0p
Node 31: q73bbyb
Node 32: wngm3l2
Node 33: f14dd5o
Node 34: 7h29nor
Node 35: e0wlhp3
Node 36: 3209f8v
Node 37: t6swtf4
Node 38: mwg1yhe
Node 39: a7rlyqh
Node 40: lx831mg
Node 41: qm1ukg8

Node 0: 108rv8c 6dy63wd c8hfwg9 fzg3e6v jqcujis k96669f m4h93k3 m9m3kmx ngrl8z4 vuqumx5 zc94g9e
Node 1: q8dscl8
Node 2: 3e9x031 5d06vby
Node 3: 5wdvbf6
Node 4: zv4zkif
Node 5: udvqjhs
Node 6: 816xitv
Node 7: 6nzdcta
Node 8: 8s5qg8c dliejax
Node 9: 1n69r87
Node 10: lno0i19
Node 11: 0aiyriv 1gjeiz8 1s3ny65 2pnhtxn dkmz0sx dsrh5bh dtoppae dx8xs31 euz1iyy p1ji9qo p5807b4 s8gdii2 valvk2k wruto84 x6kal26
Node 12: mmsqsez ozek83c
Node 13: hqeq7ut xe6pil7
Node 14: y8mep51
Node 15: 21tn72k ffe55xb rb275kk tfl4zm5
Node 16: 0u0cup6 g38bchb vbvcdsw
Node 17: gznm6rz k2b0yl5 qq5j9hs t9l8ub7 y19fcy1
Node 18: 2k7mv0i wp68ft6 yhn9wdr
Node 19: rgffw4h
Node 20: 1uoww68
Node 21: brkfn7u
Node 22:
Node 23: qlrgu4o
Node 24: tojn6qd
Node 25: fe0ez1y
Node 26: n2g9xco
Node 27: n7n2phy
Node 28: r3dazcq

Node 0: 3lnf1lk 8l6fli1 gl1n71q gnfrp9m igont31 ke1sn8m n4tootn truz7an y57v8yd
Node 1: lireczx qgd1bm1 wjyuqrc
Node 2: 7b7upux q33mc51
Node 3:
Node 4: n9egc79
Node 5:
Node 6: pfxrbyx

Node 0: sx6bbod
Node 1: 4o6wdt7
Node 2: 0kq0uox 0mfbk4r 40khr45 6ann2ss 7f827wt cctiyxe e7z8m33 g3o2x5n izvjm3o mqgd4pz q4grgq6 urswovc
Node 3: 2iqb80z 8wb9f5x ciby6zh
Node 4: 3biqybj j4jdp2j jpd0n9n mqmhx2t
Node 5: 9dnbnoh fuzz07r ll0dlhs u63m28w wikwget
Node 6: ahxdjv3
Node 7: ew7tjc0 obfc0rr
Node 8: q9otwvk
Node 9: l0qkweo
Node 10: 4kr5y1t 5mejf20 h4w3ikp jhc1ikm w1iueyp
Node 11: 8iog19p
Node 12: 7qvpfqb
Node 13: 6zh0auk
Node 14: g1b7m3t
Node 15: xlwdgw1
Node 16: 4rgbxyz 9a5936e q2pxaun t0e77so y4tbfyy
Node 17: hhiswkk
Node 18: 8kuzaa5
Node 19: 7htkqb2 rsytdz4 wtvgwqf
Node 20: fcbpdzd m8ruuck sume9sm
Node 21: aug34jd
Node 22: 6b4z8hy ibtpahd
Node 23: 4nwpx3o dz387xg
Node 24: x9kc8ls
Node 25: d1f5a30
Node 26: 0eg73mp
Node 27: yqfs6h0
Node 28: xa6epcl
Node 29: 1gkdm37 cuw9yhg
Node 30: gr9w75i
Node 31: 0ukx8gh 3u3guvx drculoy kokoa72
Node 32: nzx3665
Node 33: 66b8cm0
Node 34: vd9knt9 xwqtxeh
Node 35: vly31mq
Node 36: x0bbce6
Node 37: 2tq6oa0
Node 38: uuhvzoi
Node 39: kwl9726
Node 40: 2l84ktf 5uzdgwy
Node 41: 4bxgb7x
Node 42: w62885b
Node 43: 9guyeym
Node 44: igebza7 k8cq497 m741c8a rljrlqx sg322u3
Node 45: h9vkwym
Node 46: r3bxyxm
Node 47: 9w8bn4o
Node 48: fpkyjbi
Node 49: svbuvmr
Node 50: d2lz5a1
Node 51: 83ix486
Node 52: dx7p519
Node 53: fsoesrk
Node 54: 7mzgyue
Node 55: swbqiev
Node 56: chynhg8
Node 57: gco0y0j

Node 0: pj9fw7x
Node 1: jtpcf7u
Node 2: xv0th5t
Node 3: c7hd388
Node 4: f7o6xfo
