Node 0: uyv3r8c
Node 1: 9f6drvg
Node 2: 5gr8akr
Node 3: x484i9d
Node 4: 27t8haw 3vymwxu lp06e78
Node 5: jfyi9ik
Node 6: 89mcvbq alcuyb4
Node 7: 8y9ihca j4hchig
Node 8: 0vhnxhc v383v2g
Node 9: d2rf5j3 pkwgjrb
Node 10: 8uv7qxu
Node 11: cr91nhb qu7ge7e xogn900
Node 12: fmbh55s sg9q8b4 xjgkfb9
Node 13: 32ijvb6 5mbllki 696kxsc 6tbl3xc cct5sar fe31jk7 nhspddk xo60sys
Node 14: 7wbeixl ex0kev4 n5xl5a4 nzuyz28 rhimylm
Node 15: mfmjfsl
Node 16: 2iesslx fakqkxu qe915ds unencyg y8m3k62
Node 17: av83szu kexu8jh
Node 18: qu04788
Node 19: uxcry2w
Node 20: 06j3p3n 71b57os ypfduwx
Node 21: bcw18cy c61hqp0 laxw0ja u8t8rjg wxeudv0
Node 22: 05p70zg lwjoxoj
Node 23: y7i0bu3
Node 24: 2wed45y 33rlv25 83zlm4f l9xwfd9 rxr7w3r x5v0j19
Node 25: cnafg4u
Node 26: smsif6g
Node 27: t5a8bs8
Node 28: 229rbrr cwytmkm d0dh926 lxngjy3 twaqjch
Node 29: w9pw2ff
Node 30: 9dazwxg amt7jud deiz7xm qltgcer rjvy6ts zcmkn29
Node 31: e6e0anp
Node 32: 34edemc
Node 33: xrwc3ix
Node 34: dkb8mn5
Node 35: s5b3x6u
Node 36: 6hmy8ms
Node 37: 6eyg17i wmm0i1m
Node 38: eyxyaqr
Node 39: 0g9f4g7 y25v3pr
Node 40: 5snms4m uwvcc5r
Node 41: hhp42sx
Node 42: ojvsk9i
Node 43: p8xbgyx
Node 44: 0t0vht6
Node 45: eno2t9a
Node 46: 3e4rcv8
Node 47: 8hp997n
Node 48: smp7zkf
Node 49: bubjdrl
Node 50: 3zvmi2q nz4pwcr
Node 51: qo7cois
Node 52: scpomlk
Node 53: 29hsvnk wr5gsq6
Node 54: 3xofuhn kkjfc2n
Node 55: pzn6jwm
Node 56: aaajv5f
Node 57: fbiboqp
Node 58: 9vm9z2o
Node 59: wxxw25n
Node 60: mkc3mw4
Node 61: 8hn2pg8
Node 62: uypfw1x
Node 63: ex5znax r0bzykc
Node 64: sfk22vg
Node 65: j9vq6l1
Node 66: hfk0305

Node 0: vt93kxb
Node 1: 2i6aeli 4suhw0z 73sm8pm 7etdsy7 8e4zsof 8tt2w01 b16uxg8 bsrzmi6 faftpbd ftpdxmn h6r3wtw lusvaoo mpy19vw nmqsyzr o4ctcsf o7zawvv qo2ovhs ufez3n3 vagn3mh ycjlmpm
Node 2: zt75cm0
Node 3: uvjqes5
Node 4: 8afgstu mfbsml4 tdexeg2 tgdkha7
Node 5: 4nijixt ebmpgzn g0bsfyf vpbufsv zx7d93f
Node 6: 9lavbxs jud642z
Node 7: 0el3nr1 ugfelyg
Node 8: sc6697c
Node 9: r9ow0kn
Node 10: wf1rahb
Node 11: 8ndcvx9
Node 12: wlu4dgl
Node 13: wgf1n60
Node 14: 00yz3fc 3djb38h 8c260qo c84ssof ch97361
Node 15: 7ylh03g
Node 16: 8rkaf25
Node 17: nx5ocby
Node 18: kreajl2 ruzapqm
Node 19: 6ccn9hm fjtfxv0 zt5uslp
Node 20: 9h28h09
Node 21: 87lc2kr
Node 22: prnena4
Node 23: b8vyg1o
Node 24: 6w9na7y qljwhw0
Node 25: jh40m1g
Node 26: o489536
Node 27: z5wjxdw
Node 28: z5fuckp
Node 29: kw070s4
Node 30: kjb1cxj
Node 31: o4esuct
Node 32: 3pj7msa
Node 33: a0coq20
Node 34: 7tg6pwt
Node 35: 4huhhmi nu6o2po
Node 36: 6xzy4bl ady4mar
Node 37: 3718spl
Node 38: ma5f9pm
Node 39: fwy81we
Node 40: xijkpna
Node 41: uhram7p
Node 42: 7u2mie4
Node 43: yogiddm

Node 0: mjtvbk1 twi14vj
Node 1: 00cr7zy 01fdnue 492hc3w 4dkm5pn 76lqczc 9loixju df1i2xl dgqff5g gfj7209 grmbhtq hurhbsh ikr176c k9eh5np qlnsjdr rb1d1uk rcwaji7 s70mall sv35yvt t94un4o ttz62lu x3jyoe3 xwa25a7 yihi1yj yogmpu9 z3sydi8 zejvz7y
Node 2: 3klo6ij 58khqrx 9w3jslb chdjhjn glirqwj
Node 3: ftsdlr2
Node 4: kb00v3r
Node 5: gyga5vv k144i2e supulmg vf35g4d
Node 6: lfgduc1 twoc2q9
Node 7: 1im8gqo 6ec41yg
Node 8: 2i891z5 gpi3lke
Node 9: 1g9lkar 3voncuv c2blxg4 mewa7mm pltqb08 qj5vd4j t2jfq9n
Node 10: doss264 ehgk6yz yob3mea
Node 11: 9vk16fg d9cvcl9 otdrhz9
Node 12: 7hbapnz or3w4rq
Node 13: 89qf6bj 95dbhia dy6aic9 j1hd5hw vv0nukv
Node 14: ei7j4va
Node 15: t4x006i
Node 16: euw05ft
Node 17: z47shhx
Node 18: bgmg8x2
Node 19: swis89f
Node 20: bbdfoi9 vl8541b
Node 21: 0zpf88t
Node 22: qnb96uq
Node 23: hzk2j4k
Node 24: 4nm48ef 8lkpp84
Node 25: y48lgog
Node 26: 4kkdive
Node 27: vatp2po
Node 28: 2l2afa8
Node 29: g4sywcq
Node 30: co1ooa4
Node 31: ye1a12y
Node 32: qi3n2c2
Node 33: 92c79ag
Node 34: moz6wkg
Node 35: 3dikl30
Node 36: l2yrt5k
Node 37: 48w9ne8
Node 38: pnt5i7v
Node 39: rvbul80
Node 40: 8a4xhad

Node 0: 0fd3b1r 3e1aq06 5wdfvzi jgb5w11 ko81mcy rgu90p0 xy82wh6
Node 1: 2v7rjto aztfm6g urv8066
Node 2: 4a6a5g6
Node 3: 02ghqbb lr1bbpa
Node 4: hwnhi2r
Node 5: 47r0gcp g82wtk6 o7tfdyk
Node 6: 138ittp 13qhp80 831j90g ax5uzn6 fwytowp pe7undf q3j7dky x59a5p8
Node 7: 4uxhgqo 5z3nc37 h4wezbe
Node 8: glkwo06 lo4yxgi qnoc1ir xdg9qcm
Node 9: bnzv0tn
Node 10: c5s7yvu
Node 11: a4uw4pq cp2zew4 porn5j2 so0dr7u uf4dhdg
Node 12: agfrip0
Node 13: 4m8l7ou b0odx3m t8hx6cp
Node 14: dgn7v93
Node 15: 29zp7bb colyruo iiuvasi okh2wsy
Node 16: zay0c74
Node 17: 1v29a2v 48fm8pl fsb1hok z0l9mks
Node 18: 8y7my00
Node 19: umgwcnw
Node 20: jtg70jy
Node 21: y47ziq1
Node 22: 1231hfr 1er5bux 4108ckb 9yqp2eo d2cb2dr
Node 23: 80j1jud
Node 24: s9nkmp7
Node 25: sv8wlii
Node 26: 01bhxeu
Node 27: ug6h2pg
Node 28: kz1zyb3
Node 29: pxah8bw v0ujq22 vsmeiui
Node 30: gd6ag58
Node 31: 27e69m3
Node 32: ni8mie6
Node 33: rignm3r
Node 34: vk9cdex ws6qb5g
Node 35: uvto1rq
Node 36: ku1ys4s
Node 37: q5a20vt
Node 38: hxpmb2g

Node 0: 621tr5r d7dq3r4 hq9zlvz q4590tw r0mw7xo
Node 1: 1flojrg 22jbz3l 45hs4f7 axh7oda ckf1ac7 cmcagct dkw5kov emeqmye fr3fr6u fvmka6e gluidwt gq9tc8v hd9x7ec ibzv5oi li5glac m0m8myd nxzr38f o4fdnie r9xj9fc sjdm8jk tfyzw9y vn33dq5 x37p11k y4ru81s
Node 2: say5zlf
Node 3: fqdcspa rwhgbmc
Node 4: a3scahf g1a6bz3 r7dllba wgst2e9
Node 5: f7hf836 j2yntxy om6x7tl sgav836 sgu326m
Node 6: bqnhkyt d3yjqsv rfydiiq
Node 7: s6s6rbi
Node 8: 1bbwb89 41bc2cp k1921v3
Node 9: 1lz7smn
Node 10: gw62ses
Node 11: xaljl37
Node 12: 60s2urs
Node 13: l9l8tfx
Node 14: m21d64e
Node 15: zo6dwis
Node 16: 57n7bld or10u9a
Node 17: ai6gx7k
Node 18: 0evsc1g
Node 19: 3zyq085
Node 20: roo2jk2
Node 21: bzplkgh r6yfkg7 zg6ypdh
Node 22: 0y5vcmn
Node 23: uwvsj6f
Node 24: yqdmozj
Node 25: axjmtpe
Node 26: mfvls50
Node 27: 7gl8zxz
Node 28: 5bfuw3h
Node 29: 6tl5cbi zgvo2d5
Node 30:
Node 31: 7e9uqe0
Node 32: bhsloel

Node 0: d9vyc1k
Node 1: 21sxk1y 68z2swb aqxhxc8 h1q8eu7 it3l1zg l3x4ct2 lvyb3py tonzhpx w9gpjbp
Node 2: gqz333q qp87g2r qz3o0sy
Node 3: 2pqgajl 47kg6mg
Node 4: d53ggcw lgb8ta5 m2rheq5 s47qlcb x87l2mg
Node 5: 9yrchss ugwu0nt wwtd2hj
Node 6: 76dk6f5 80xt1x6 fijs45w hcxdjfd hjffdvg kgfvsjo lhm1hia xeeixmf
Node 7: azwslzp fnajo3f k52nye6 nmvfo9l s1ejkkh uc0moy7 vv3i0a7
Node 8: suvejsn z6jktkp
Node 9: nxqxom8
Node 10: m51ihsq
Node 11: p7sk6k0
Node 12: 41ddm16 8l5nzpt dw7hhcq ex44kr1 fgdxrw2 hk0dawv ini655p
Node 13: cvimi13 g3eoq66
Node 14: 8mora85
Node 15: d8p87yk kofaith
Node 16: ix2lwta
Node 17: 6b84lrm fo06h5u ppxeghd
Node 18: 1o2rpqz
Node 19: awdp7ie efs041w qjxo0yo
Node 20: 33e5z4r
Node 21: 6gq9fnm ycxjdnv
Node 22: hjwlzjp
Node 23: mzoomzl rmjrtyk vezczxp y4tki1e zncxbp1
Node 24: 8sj8l2i lfp5evf
Node 25: x5idpkx
Node 26: 951zck7 e91mzuw v67vq2n
Node 27: j2ih558
Node 28: chxc6jp
Node 29: 97yjpzn
Node 30: jznkhej
Node 31: oyebshq
Node 32: smawsjx
Node 33: o6tglz5 qnip00k
Node 34: vkrvzgz
Node 35: jpxvwaq
Node 36: 8evhcre
Node 37: 0d9ix53 epotogq k3qtad7
Node 38: x94bgo1
Node 39: 4o8tqlw
Node 40: eplknoj
Node 41: 53clyn0
Node 42: cm8jzng
Node 43: td6t7yv
Node 44: equcydf
Node 45: 4lwiyc3
Node 46: ejfmwif
Node 47: hsoroiz
Node 48: 8dhbsdi
Node 49: o36epmb
Node 50:

Node 0: 0divhh2 8b02a89 j5y6304 lgjesdh
Node 1: v4gqwrn
Node 2: 8665tr9 hm9mkm7 iqghtyk lyk1b9x rhrkixx
Node 3: 8fnwhdp 9nz8oar
Node 4: q85of8i
Node 5: 1295xe7 6estzbl
Node 6: hdznisd hs8qdjk z3uojri
Node 7: th0561x
Node 8: 8yjgs5l mqbi230
Node 9: 2hud048 giizmdp
Node 10: fsov9xb o4wd26a zgoyz2b
Node 11: a2m5g0j e651pp5 j12xome
Node 12: 7jfgy3k 8vpsf7j
Node 13: elr3bgr j68pssi
Node 14: sxwttgu
Node 15: 1boiqd2
Node 16: nm7e27v p1u0ull
Node 17: 04ydut5 k7eh24j
Node 18: 6z57kq8
Node 19: yfgukjk
Node 20: we2tzel
Node 21: xfx0p8l
Node 22: 39l1pef epsfao0
Node 23: 6auwcxs
Node 24: t2qfgpu
Node 25: trjrwnj
Node 26: ed30reh
Node 27: nttfrnd
Node 28: f9hy8yd
Node 29: 8yz7sg2
Node 30: pr9i7kd
Node 31: htlpppl
Node 32:
Node 33: kmcksin
Node 34: 6k2zbps
Node 35: r032bzh
Node 36: lw5fmhs

Node 0: ab8nmzi mtmd23r t4cvx9f
Node 1: p9hat39 r1gh8gp
Node 2: 00uhq98 dowszwt ko7ji2c s4d5nx6
Node 3: fu6qi20 gva61kv olkm1om
Node 4:
Node 5:
Node 6: w9a7zxd
Node 7: 6mg9bu9
Node 8:

Node 0: zi8tbpk
Node 1: 1zt8aq9
Node 2: 0dhj8pl f1pznft lx6qdw0 qconq7w
Node 3: fzw31ss
Node 4: 2qh428v 2vzvc9a 57fvvne aq1clwc bnaqmvj eo0680b gew0k61 vdy26mu vj0jvtm yr29r8h
Node 5: 2lwvnhp jcb5764
Node 6: c6u01z6 s7zl8zv vy84hiw
Node 7: 5tnq511 cam4mdc kewnp1p z1mveso
Node 8: wc5kzz4
Node 9: by26nnd
Node 10: syehpct zee977f
Node 11: 0pc8npn 6qw4cen monmlrs pyvar6k rzzkvxm
Node 12: 16ioe9a
Node 13: gaoufix nmsne59
Node 14: wwyajio
Node 15: 7dyl7d7 lrzifc0
Node 16: invmi8c
Node 17: 7i3c6tr
Node 18: 0u6cfo6 tnmtlpg
Node 19: daelpgq zlvlhma
Node 20: za63582
Node 21: kundk20
Node 22: pgw468l
Node 23: 8oqr72p hjtnj10
Node 24: dq6i4hv
Node 25: ll10vv0
Node 26: 26lv9sb
Node 27: mklnq78

Node 0: 791pae4 99jw5tb ehyi237 fib9usx fx9mt0c i5swsf0 lf0adpa mpqd184 ocndymh qqjrlyt tnn9ke8 vn5ne5h xe4p30s yil2eij
Node 1: dhtlxlv hrtagq0 imrp95b l73huae wbs3t5j
Node 2: ew0e1e3 fmq994d k8wtowq q6xshi7 v306tde vtykylu zrgexjf
Node 3: o8dt0b2
Node 4: 342nkr3
Node 5: by1gy7r jbsbzcr
Node 6: 6i4alpn e4afsqk
Node 7: 5o8wm9z 5qgz26i j12xlxz
Node 8: o13qp5k syl0sl2
Node 9: 8x3qbal nrr2fyf
Node 10: xbe98hr
Node 11: emhczkp q4wtcau
Node 12: 7dwmaqp sm48mxn
Node 13: j9nn9s1
Node 14: lhgit9u rfzgnyo
Node 15: aq28xiy
Node 16: nzv1c5h
Node 17: kqrxq20 mj2h8to
Node 18: f8iresm tb7yo6q
Node 19: 2twp7un 581hc2i imw5fdl
Node 20: jy4h6uj
Node 21: 64xraae
Node 22: byidwrc
Node 23: 9mnxyyl
Node 24: 3hvzyhl br4lud9 nqrqp4e v3x159w
Node 25: ybetbcx
Node 26: a28pj31
Node 27: 0nq0f6w
Node 28: q7ypddl uh44235
Node 29: s5hacsy
Node 30: reg0pxp
Node 31: 97dhbel
Node 32: 84wae6q
Node 33: 1n1u1go
Node 34: 3ljs9gd
Node 35: 6mir7og
Node 36: s0f7io7
Node 37: ps0shav
Node 38: ch7qmzw
Node 39: lg4gttn
Node 40: qmltaz7
Node 41: g4835i7

Node 0: 2hu6ghx 8feh7e2 b47fb9x d0r5yxv rjd9kf7 x9vf9p9
Node 1: z76lpuj
Node 2: xe5o241 zeslrqn
Node 3: 1dtpx8q 2a99ntn 4g6mlz0 81abqy4 8c36bc8 iad36z7 ymf25r4 yvj79pp
Node 4: 0gtrsy0 1uz53l5 39cvinl 57rlq9o bfq4q4e da7daxe dmuro4f dvdwmsd gl9unl2 mw4sj3g nng56pl pms3uuk qhlzoat shxbvgp sxwifx8 x9jr1qr zkb3bz0
Node 5: o23dlaq
Node 6: g7rp10f
Node 7: ft9fpxi
Node 8: 3b7yafx
Node 9: 02u3mc2 3pcah6p 4vcv461 8vhb9o2 ggn7mb0 idaya5i px32hdn skiluqc x5w8liq
Node 10: n6k7xfj
Node 11: 3vrze4i dljqdip
Node 12: 7vfisl0 lpf9ipd q0pbjmg
Node 13: bplwfpg
Node 14: det7so5
Node 15: 00xiffx 19et53o 2ayv4xj j6pui6a myn21dz zbmq2g6
Node 16: 5psobxb
Node 17: 42h3tad igonvmx tetomcu xseeo2c ydl5i5g
Node 18: jle82gx
Node 19: 5l44klx 8vu2wgp eidnmk0 wseodx3
Node 20: a2w1yam
Node 21: w68x1cx
Node 22: e6cnay2
Node 23: 5qegs1l m8jj4zy
Node 24: j433lzs
Node 25: 60tkyd7
Node 26: muh98ks
Node 27: g97g2zu
Node 28: z4w4pub
Node 29: kpoqi5s
Node 30: v59yse4
Node 31: wko76ha
Node 32: ejew6ti
Node 33:
Node 34: jma0ujs
Node 35: iba4v0z
Node 36: b81631q
Node 37: r7ai9kx
Node 38: y6p42ds
Node 39: kqwyg00
Node 40: klwhhxu
Node 41: ac34qmq pvdoolz
Node 42: 4hkqh3r tl7m95q
Node 43: cobz7pl
Node 44: bdrri9r

Node 0: cm833wi dwtv88z i1h6uz1
Node 1: rf3105y
Node 2: 4rh5nc4 6q3yrni beh2w31 g41vtyz j8rkhrz p2in6en
Node 3: 4ph57ib
Node 4: xb3whjw
Node 5: 1u8xsr2
Node 6: 3y8tj6f srs7bwp
Node 7: 3so0jc0 h25c3bz hgpulst
Node 8: 7g4r4sv j7b0c7g
Node 9: bnd0cxy ipzsnps
Node 10: 6bnlpru eoqma7w fjxxodx
Node 11: ofjmkzl
Node 12: oge7tk7
Node 13: wakbo3i
Node 14: jb5fjaq
Node 15: a24tj4s
Node 16:

Node 0: 3ugowvg 63duldw 8t2x0mn 98qvotx 9sw88o7 aey6xse jm3rv0r nhkggjf os6gbv0 saia8ld uglsz25
Node 1: 004e9nh 2hlwszn igz4lrc w5jx55x
Node 2: xvv6ecj
Node 3: bkau7xi brd5rku sxvag7u
Node 4: dkpyxyw
Node 5: vxlbddj
Node 6: lzfeuda
Node 7: n4s19wv z3qfstv
Node 8: ki8iout r6t2r02 y2r7imn
Node 9: s25m58e
Node 10: 6rr17sa
Node 11: kqtcn75 r6ij7p5
Node 12: t495ac7
Node 13: mrz55q1
Node 14: 0upnx33 ez98y9l
Node 15: 66fxjn1
Node 16: wx6h440
Node 17: 7cnj781
Node 18:
Node 19: uku2t4e
Node 20: 9wkcvn6
Node 21: pdhr12u

Node 0: 0gwlv4u u6c409d
Node 1: 6hxg8dc 7wg0keq
Node 2:
Node 3: n4vbv0n
Node 4: r7hxreh
Node 5: 2bh0g9r 45vmtzc amuh6ya hoscsbs
Node 6: ik5gfpo
Node 7: 1mgqz59 td2aq0q
Node 8: m84szn7 wnk7a4x
Node 9: ehq9oe4
Node 10: h905zp2
Node 11: e66e61o f44x5pd fx1dube h0q2wcf omw592u stryblo z0rcmxq
Node 12: ndguv50
Node 13:
Node 14: sgoyz2q
Node 15: zux9cwr
Node 16: xq05ubv
Node 17: wowbvvy

Node 0: rrjunko v0g485s
Node 1: 90n0slw 93ypo4g 9t3dz57 cyuet0r e5nas4v ev1dh8d fagk7vf h43q8zn jkfy4qm kz4anh1 rx2x0bo x76mvk4
Node 2: 8nx2hze j0qvjot n0ymr2v ncevcva v0e8icr w3canax zj20830
Node 3: 7w0k8g5 k0p2cem kmijtjp n1boy9d v08q62v zp5xtfv
Node 4: 6x6zkn4 7kpl0uz sp2hque
Node 5: ks78d8d moec70l
Node 6: ewfyvh6 z8z8ru5
Node 7: 4q0m0nj
Node 8: 35zkl62 6bu1ocg 9rcesww b0i6nbr punsj1k q8f6ob6
Node 9: 7tvn3y4
Node 10: oh8jw5r t99zk7t
Node 11: 1f6vzgi 9jxcrft bwcoxbx pmkotme
Node 12: vpwoxzq
Node 13: hlnaki2 zyugifg
Node 14: 5g2gqe0 ua8fpka
Node 15: 8cwlsvt
Node 16: 6axrxc5 8v0hkrf bnj3n5n czp1p1y njuyf84
Node 17: ce6tc35
Node 18: oge9yj1 vka7y5z
Node 19: gbaqpcw
Node 20: hb6ondf
Node 21: i2aed94
Node 22: 7nkly16 h6qcx1y
Node 23: 1yph04b hvprpob q2mnaf1 ssjx964
Node 24: oplraff
Node 25: c17sh61 drgqwzx xsocx8a
Node 26: c8o1ez5
Node 27: 9bphgi1 zxo7cir
Node 28: l4vyy4m
Node 29: 28cl2yh 571hod0
Node 30: f12joq9
Node 31: 4qvcw6q
Node 32: 1lo0kmb
Node 33: ipllbhe
Node 34: gs3yukk z5yfxor
Node 35: 664byz0 gisn8p1
Node 36: xe5ppes
Node 37: 3ucqm4m wprflbh xj7491z
Node 38: v1m46nv
Node 39: jd74qjg
Node 40: s5gc9n7
Node 41: xg8sk5d
Node 42: gfznmjz
Node 43: vc376op
Node 44: qe4cbok
Node 45: iwwp3b6
Node 46: hbyu52m
Node 47: qb1p4le
Node 48: x0obgtd
Node 49: eybhn9d
Node 50: z83ldgr
Node 51: mnflf6i
Node 52: 2umkptn
Node 53: g4ocd1w
Node 54: iglxsxo
Node 55: ihws0yy

Node 0: 5dzuzcs neo118j ntt5cxz of8yhsx rasyksh vcjdzdy
Node 1: 8d5zdqx h7oqmev ibvnsen r0xmi2o
Node 2: 9zda0vl pi0fz9j vkrqbg7
Node 3: 0jd4tmi gh7qy7r mygsvin p908p4u
Node 4: xjypzeh
Node 5: 55sjoor 7r1k44o ecv6hk6
Node 6: 0ui1u9a 94pe47s le24g28 ysy5lvs
Node 7: 07hg9sj 1wwrgbu e35g40u
Node 8: vigue7u
Node 9: dtkuxhl fd6b6v7 lkkx19u
Node 10: hrxeabb strln2r
Node 11: ijydiw5
Node 12: ddoqwk0 jyqmgdl
Node 13: eeaei80 nbaekmu orskrxm
Node 14: bh6d4sr
Node 15: 7ebg2de
Node 16: 4hwjmfb jp7duj4 wmeh5qk
Node 17:
Node 18: ftw0avl
Node 19: avratzq
Node 20: bl31vbf r1lt8wm
Node 21: 0rin2xc mc0o4cb
Node 22: p98xqd7 rhh0pr3
Node 23: mhheetg
Node 24: 06gt312
Node 25: 084xmn5
Node 26: kxqiqdl

Node 0: 0yjoc4k 2meiw46 714nrh8 8miu77u lu8broe lw68o0b ox923iz qlfeiyb spzhqiu
Node 1: 3oagaha qlhe58v
Node 2: fe3b6hx
Node 3: 4o8o12y gf10ln7 mkfh9wr to1zglv
Node 4: 2dc7ust 56ogmgd dshjeyk hytksun
Node 5: 0zcknx9 1zccp00 55pee3w 83d1olo cbqv8v5 fy3rmbj r1c16zx v488mvq zuu0moe
Node 6: me5dmea
Node 7: c5r7q6o
Node 8: mu6nab6
Node 9: p2cxhdh
Node 10: l1g2tzw
Node 11: xp0uihe
Node 12: 2ni02er w9vvisr
Node 13: 67bk9c9 mreq2yx
Node 14: 1m61e4m
Node 15: 4ufykul j02m5iw
Node 16: 2loe83j bsuizkr
Node 17: dcvj874 i60ifxv itsdzvb
Node 18: 5kqrlpv 7y27rqi qold290
Node 19: fk9id66 kv08zys pmwlhrq
Node 20: 2ef1z8b
Node 21: 748tjjb md8g074 p2z8baq
Node 22: b9g7yj0 wp4sqfe
Node 23: p6notxm
Node 24: 7w8ck2r 9cfot7w e7aa9zn hypiq2a nkqgk0i wb1ekd8
Node 25: 8c1tpse
Node 26: 2pf2ohd
Node 27: q16zew3
Node 28: 2vkzgnx bmrevzo km1j2ap
Node 29: og5sh41 qkpwnu5
Node 30: amxeb5e
Node 31: 70m1wua
Node 32: u52fz2d
Node 33: ghvcah0 kad3grk
Node 34: 5bgm4fr
Node 35: 7i9hj2d
Node 36: djwslci ef5hg66
Node 37: pwj3967
Node 38: zb3pz9g
Node 39: ytcwn5c
Node 40: ooqm42d
Node 41: 7agf10e 8jn7zyf
Node 42: r5t42oi
Node 43: nx20iu8
Node 44: 8n9t3ky
Node 45: g85nrwk

Node 0: 6g1r6eq d12po4v r4y33ua zlko4u5
Node 1: 23mg7r8 j542kfw wk04r2d
Node 2: 9s3no2x
Node 3: rhjzd9h
Node 4: 194ccy0 t4319mt
Node 5: aol7w5a ksbl42x rbm7p85 yuos371
Node 6: 0ge812j
Node 7: hmnll5r
Node 8: 1bwtrws
Node 9: 503rcbj 6xlfuli
Node 10: 64vyys1
Node 11: hpe5izt z8hqp4x
Node 12: 3f8m787 qmcnq5u
Node 13: ld2ee6h
Node 14: jp4u3uk qy5ovl2
Node 15: kt114h0
Node 16: m5v89na
Node 17: b56jn73 ogpzrq6
Node 18: iott349 pj0ebsr uwjgkv4
Node 19: jcj6q4h s7icmyh yyqz8u1
Node 20: 677yvg5 fn1ivqk i35lvrj
Node 21: 9vehqht g1t42b2
Node 22: f9mzhc1
Node 23: u3lt2qc
Node 24: w4i8168
Node 25: 0jqo5f6
Node 26: 634n2mq
Node 27: 9eptgqv
Node 28: eed9ts4
Node 29: n8hf19a
Node 30: cf07dal
Node 31: cykoqme
Node 32: 6skq6o7 6yd832h y6fn1ef
Node 33: sm96c3m
Node 34: 1nsbzqg
Node 35: uymdi8b
Node 36: r48o371
Node 37: ag7cnhv
Node 38: qh7cyu5
Node 39: xbxo8yo
Node 40: 8c05uat
Node 41: 2yzpf0z
Node 42: nuapjtw
Node 43: wxyqqha
Node 44: luhvd4z
Node 45: ex5v1h3
Node 46: xu78m31
Node 47: cl4nss2
Node 48: r7sludr
Node 49: hvtroco
Node 50: 8ksaa4t
Node 51: ghrp5rd
Node 52: ta1dcgc
Node 53: ta6aoeq

Node 0: 0vcyyg2 4mam3cb axczsxl dzifh3x ef7m64u hmfdij9 mu6g27b z308mp7
Node 1: gibh564
Node 2: 0laoxp2 1l5cnh8 2kwy93u 36qik6q 8ebv480 gif39c0 h5asffm inxff1h k7zlz7m lza3wje o3hpoe4 qswufc8 sm7zbxp syug1kk u7yrobj vubv02y zk9fii2
Node 3: urxvmd5
Node 4: 8bq6nig ghjvo9l h4fs3l4 ndc5mx8
Node 5: ntloc5f
Node 6: 7446s4u clxdqwu f1k8b35 h5x0mur o974wxn w969lkl
Node 7: 96uj2fb
Node 8: 749gz17
Node 9: 308f5cy
Node 10: 1cu50kl grcceyt
Node 11: u42f082
Node 12: kxcz7oc ptcwmj0
Node 13: aqkmt6s b0famwx nd7f3o9 tzzywta w47crsa
Node 14: 89nqxp8 pbjcum1 y2hc829
Node 15: 8qzpif4 esk5gtq fz3a77k n1njh7n
Node 16: fgigt0g
Node 17: 8w822qa gnipb3o x7skoyt
Node 18: 10nrx38 oy34tbh
Node 19: vfwzuhb vvkjg7b
Node 20: 2u2k8v3
Node 21: 1tdg9qg a3jxfbh o03pxgp
Node 22: 02kg3ts 2ynehmv eecl6mo t6dvhqh zy87pzh
Node 23: 1xkqq2e imzxfy8 yqz86ym
Node 24: lmzamj6 uvofeoc
Node 25: 0ani45r
Node 26: j4lqzew
Node 27: yt0vwm7
Node 28: 4xru6uu 8kicg4k
Node 29: 1p34trd banttn7 psuege7
Node 30: a5bun5p m95z5ro nbmbch2
Node 31: ai6mbu6
Node 32: s5ybzhs
Node 33: 7olqbd9
Node 34: oe66svr
Node 35: q7we8c9
Node 36: zli4wok
Node 37: vyv4sc4
Node 38: yibryt0
Node 39: p7nxyt8
Node 40: 1iwe0er d9r5v7p
Node 41: qc06i1i

Node 0: ea713qg feq7r5e
Node 1: 5agalk6 86foplt balnky7 hfu5sbs ilmg4rf jhmjupe liyim6z oufr7a5 smj622e v1cxxpv zwhsfya
Node 2: kisi1ay
Node 3: eo63us9 iyjw47b
Node 4: e4mm63d
Node 5: ychn4uh
Node 6: ar1x6mu ri3ljp6
Node 7:
Node 8: qzyh7ze
Node 9: taa13hr
Node 10: eposdf7
Node 11: a4urz3a ibeqrzv
Node 12: hazloej
Node 13:
Node 14:
Node 15:

Node 0: h6nglz3 ovqbw6c rmyi68i
Node 1: bxsinhj lgj5bnh
Node 2: 2ddboc9 2qvic6s fg1qypa fxdxhrl tobr5ud vz3bcgd
Node 3: lo6xxva
Node 4: 4r6kwcx sji4doo
Node 5: ja5e73n pzmv7l3
Node 6: diamtmo
Node 7: 3n1lo54 ak4wjoc
Node 8: 2skj5yd 8rmtz2n 91u1dvb i2ljlyl ii18uxs
Node 9: 4dsea39 lgn1ufk s0pqkxa yw37ngm
Node 10: a3nj971 r8cyuo7 s5wucsc v4epq6a
Node 11: z6vmko8
Node 12: 8i33qxh ng3ru5i
Node 13: zel59cj
Node 14: hcqdw2i
Node 15: 47jubi3
Node 16: b41kxab
Node 17: pz2ne7w
Node 18: vi8gx3z
Node 19: qepxix1
Node 20: f2o9z9q
Node 21: bet3ffv

Node 0: nchr792 oof2p18
Node 1: cq9fhy7
Node 2: 9prxmv6
Node 3: 9rlk19d d2u0juh
Node 4: fkcsn4r
Node 5: t5ldhqv
Node 6: k0xpd8t
Node 7: aos2udd
