Node 0: 18fq9j9 7bf5w78 dgycqy5 h6br4kd k7vfl6b ordjkik qnwmn10 x2a4ukt y91nym1 zmstvht
Node 1: vo6rjl9
Node 2: cvyw4xi uzpisxe y0n37j2
Node 3: cwv98vo
Node 4: q44d1uh
Node 5: 53gyym6 zejmbng
Node 6: 18lgull hgby61d isnccgl wgeeu7u
Node 7: u1ij9wl
Node 8: 5ig5o09
Node 9: ys81yzt
Node 10: 899uzdm 92btwlj cisafh6 hhmur7u oq65t0x qwesjfa
Node 11: j3bmb7t
Node 12: dpq5ysp
Node 13: 3au9cdp ncte1m5
Node 14: p4llv20
Node 15: j6h0all l8bqvhb
Node 16: emmcyaf
Node 17: r0mgwae
Node 18: 1a6azkg gkzs7jw oo7owm3
Node 19: uj5lzg9
Node 20: ayrk44d l35jufy
Node 21: bkwtziy
Node 22: l79n13a
Node 23: 4mh7u50
Node 24: 9gr0q06 jt76qae
Node 25: smpb02v
Node 26: xrzz7ee
Node 27: vzs1mti
Node 28: 8wx8lex wh4gy55
Node 29: scq9zbv
Node 30: xtv5v1f
Node 31: l8k6toz
Node 32: 484zvto
Node 33: 7kykayf ozl8bkf vsyhxhk
Node 34: 05iqytl
Node 35: khmb9si
Node 36: zqsvqg3
Node 37: tnrgnsg v6e0pih
Node 38: 8hlie5y

Node 0: dgg78qm
Node 1: 2df2li1 42k88w7 4sqsme6
Node 2: wpvmjtn
Node 3: ao262jl
Node 4: 5qyrm9j e5z98q6
Node 5: n5um6wp
Node 6: 4ss4tp8 leqcoqd o4v8n3s
Node 7: jyqpwlx
Node 8: x2ljz9g
Node 9: 0v4rjfk 748r32w 7j57gjc bntpyey fngstfg oh8xxcq pt2n8l2 ra2u22a v3vosje y4dr9k5 y6j1jc2
Node 10: 29ha0oz 5xkavn7 a7cf414 lg5qf44 o8oek19 uqv4da8 wp2u1m8
Node 11: 1xfr3z4 7rsyurr kz9dnh7 mxb7k41 nshudls veu1qgy vwkz21e
Node 12: lwowklo o2r4egp
Node 13: esf2j7h
Node 14: f9fpluk rqoulx1 vrj8z9z
Node 15: ml01uqx wba5q36
Node 16: uw921bs
Node 17: h9dpm3q s2vzbbh
Node 18: 7hu3ydr efecjkl irsq8ae tktzag8
Node 19: v1ag155
Node 20: c4a75gc eitr2eg
Node 21: qw6mr04
Node 22: sc81fpy
Node 23: isc7367
Node 24: sgh7wwh
Node 25: ws6tx5g
Node 26: q13n3li t4quzfi
Node 27: 23bxz78
Node 28: 8ca66u9 zxablg4
Node 29: sqnvo5u
Node 30: 703tevx
Node 31: 985u1gk
Node 32: 9eymdmq
Node 33: aa4qrqd
Node 34: 5ca50t0 6wfuzpw s9z0nae
Node 35: enkwzdu roig36j
Node 36: q6c11b9
Node 37: rgltymb
Node 38: 41dfeh5 8f0uepq vdl1tmg zh6dxa4
Node 39: p5e4305
Node 40: uw3stn0
Node 41: 226vmqk
Node 42: vx23oq4
Node 43: efmhttr o3a510h
Node 44: yqvy0td
Node 45: m5wixv8
Node 46: 47vv5zj
Node 47: us3duqt
Node 48: uf7zllb
Node 49: 5zinkvu
Node 50: jitnawi
Node 51: z9gs0db

Node 0: bkyuop5 hquzrks wpjsy0o
Node 1: 4z1ez2l l5ri0yi q9xogpj qgif14y
Node 2: wx5t8p8
Node 3: cn0vsrz
Node 4: qpyrtpj
Node 5: 34uh3ue rqtirc6
Node 6: 6iablng
Node 7: 1osw1lx 4dhd1a0 732rvi1 8zo7cl8 a2iydw8 ggcdbr4 lo8rwa2 oykcons zyy71ck
Node 8:
Node 9: e9zrfcd r09ma9t xqijm1w
Node 10: wf5411c
Node 11: gvc5kib kkmhxhc
Node 12: 90s8suo pmtnuu6
Node 13: klghw7v p8iz056 xw42o1j
Node 14: vn6a9in
Node 15: 7ak46fg
Node 16: eyospig jo4ltpi zs1l7lx
Node 17: 47zo02g
Node 18: caob07z
Node 19: fct6etl
Node 20: cbo7jf8
Node 21: 8htxpjd guxyeiy ni8qz4v rqlu86e
Node 22: yaeuer2
Node 23: rqamxbg
Node 24: 0nh8ngs 4gppf5b up5e2l0 ywqw8eo
Node 25: tm2iqu1
Node 26: ilqaeg0
Node 27: 24vc2es lfmcgc0 vjexuzq
Node 28: f2iq0ap
Node 29: 5bnp4ob uidshyb
Node 30: rej71lj
Node 31: m8dxjfi oui5zsi x2b77ht
Node 32: ec2bzen wrkytl8
Node 33: 6043ryq o1qwu5i zhv4d4l
Node 34: s6soog5
Node 35: ci3ouy3
Node 36: mlchlwf
Node 37: vl8aqun
Node 38: jb56wxd
Node 39: lsvwaym
Node 40: 8z10801
Node 41: z36kthe
Node 42: ea721dm
Node 43: lgev3pb

Node 0: 3x7d5j8 pqi4la3 pwsf5xh uzo7xsu xvb0ys3
Node 1: 1clj0gy 4ine5qa 956wor2 fsxvnli kbwfb2w
Node 2: ri6kq5l
Node 3: p39nout
Node 4: ipb4wwl
Node 5: brb8e8u oevqiza
Node 6: 79zhrfa 7xktsv7
Node 7: mksx3au
Node 8: 1uk61j4 591h11h 5jxdkxo fgvtpen vdo2kl7 y159r56
Node 9: 7v9lk9g gkup0zc ntq31fy
Node 10: 79q8v4h i4s5a0m
Node 11: shf6o7j
Node 12: fmgv5d0
Node 13: im97xd5
Node 14: snwo4w0 xccckfu
Node 15: 7c705w1
Node 16: kkz9awr
Node 17:
Node 18: 4uvzinu 6u8vhiv
Node 19: dw1dalj
Node 20: 5y2rvgj
Node 21: gbql8kh
Node 22: 8o45276 lo01w1t xb72p04
Node 23: xs6cjwo
Node 24: 9s9xxt7 wwfxj0b
Node 25:
Node 26: 0rqw3bg drrkjrp
Node 27:
Node 28: 9upn03f
Node 29: 4tqn1u8 ckg944z

Node 0: 7je7620 ro78vqr
Node 1: q486qg2
Node 2: hsouzi8
Node 3: eufvjth
Node 4: etat2mb i5e34x6 o0sh9pe o2a4w2d
Node 5: p1zbhve
Node 6: u066cl0
Node 7: er67nzf gzibct1
Node 8: szvkt6p
Node 9: r4m85zy
Node 10: rij3tbm
Node 11:

Node 0: 4qac7n3 d4a21z1 pz2g2ik tupn9q1
Node 1: 5gqsi8s 8uwr2tk g3if7jc q1rl752 xqxrkby yndfufm
Node 2: wi8oqde
Node 3: 9n2ha9r v5t3vtd
Node 4: w5b8dc6
Node 5: yz8x9gc
Node 6: auhi6vy
Node 7: fgy9pfz jq1jwk8 nhlwb3n
Node 8: ej1raj0
Node 9: ux0bw7v
Node 10: 1kqcyl4
Node 11: 0unzpsr q6n0kow s4167wi
Node 12: yorj8q8 zxtcg30
Node 13: bgqpljn in8axoz xe6o01e
Node 14: du13p23
Node 15: rr6wki0
Node 16: k2p7661
Node 17: cqcbtn0
Node 18: rsu1bsm shanq4j
Node 19: 54uw5f4
Node 20: g1omnnv
Node 21: 6e63dcj w0vu2dq
Node 22: 7hry7o4 cns13pu pv1m0r5
Node 23: s47357i
Node 24: 6ck89b9
Node 25: 8uazu21
Node 26:
Node 27: hjum77h
Node 28: p3mqkki
Node 29: p1g3m6c
Node 30: jdhiqmo mtzm4o7
Node 31:
Node 32:
Node 33: 4t5l2tn gg4lnzj vpc27r9 y6rn4bf
Node 34:
Node 35: qk11o8x

Node 0: 16ifq7c et1ho73 ihmm2ou
Node 1: 0o9choo
Node 2: ifsif4l xyl9lky
Node 3: 88tu91i gbsfr0o
Node 4: li4z6lc xbgutn9
Node 5: 9bn9g92
Node 6: y79q7o0

Node 0: 5ey3n7c s8kzhh2
Node 1: 0ii60bh 8eivl8t fvj0eih ka0uc1r rccu6kv sxlynoc wrwhr8i
Node 2: n6cbt40
Node 3: 7bzlzrt 8qubi29 9yekw9f ccob6cr csccuok e5pbp12 jjwey6s na0xpf9 qza7i0u sxlkfcq
Node 4: h5744ya jw6nvjp nco5ppv
Node 5: 68j3wgr 7wvd273 dgae9i9 fg6gche psne8qu ptrojmj uo203l5
Node 6: wvro87p
Node 7: ey1vi8a x53otfm
Node 8: 1yj5bzm 7t9lwmq
Node 9: aywx0u3 znm90qr
Node 10: 0rq0fn9 26a3aq9
Node 11: eafe49n hvwqmzy l66kl3i
Node 12: mb2yigl
Node 13: 0ci5y1d 68nkjdo zk87fle
Node 14:
Node 15: mpmkesl
Node 16: djo3dmw
Node 17: dh670d6
Node 18: pfmoi66
Node 19: qp7rle2
Node 20: 6waxg5j
Node 21: 894qg9u
Node 22: 5vitjxi
Node 23: i632rk2
Node 24: wuid6gz
Node 25: 9ko6vt7
Node 26:
Node 27: xfgmwzy
Node 28: pru7fuy
Node 29: hmhdhbx
Node 30: 02oifyb
Node 31: ex1u20t
Node 32: q427rpq
Node 33: 2gd0mft 7j1tmbc w5r15bh
Node 34: 8n9vj5j
Node 35: lcjym33
Node 36: 7qa16mm wogcevx
Node 37: uc9lylh
Node 38: 2oc1mrl
Node 39: 08zpuh0
Node 40: zd68vax zjhngn1
Node 41: d0krush
Node 42: 0qoe4f5
Node 43: gpqc44y
Node 44: jf36ze7
Node 45: 33revmc
Node 46: saa2r25
Node 47: q3trzgi

Node 0: a7i2wel gzo718i p7zigcz
Node 1: 1xlnug0 bdyzzyl cw26iyq e5s6yej gd6uz4q i64zt71 jqybdd9 jty3vrt kiaa9co msfndh2 rtj7hil sgkk4tj twgkwpz vkalak9
Node 2: 3n52cnb 3v8xui4 bh76mlq dvrzk2d t5cqvkz u7oesoi v4u6wct
Node 3: 3vjzpfp b4mif7v g4m87y3 lnc1pn5 td3gi8k td88ksz wmii094
Node 4: a77yt6y
Node 5: oxqhtav
Node 6: ua59m1w
Node 7: fz8klnj h2csnqm i2mjl2s np73u48
Node 8: 9e7j16z f96pk63
Node 9: 58toin5 6xz3or2 li2d3ya z2np5fq
Node 10: vml1n64
Node 11: 9hhh5le nlx3svc
Node 12: hryrfsr
Node 13: n2km68p
Node 14: 7b9c9aj
Node 15: epdyjs0
Node 16: 042htww
Node 17: x8u58rx
Node 18: 1k73nk1
Node 19: m20x1n1
Node 20: drekv1o fri9wjb
Node 21: medj8gd zrlts3g
Node 22: 8n7vvyp 8oimy6j
Node 23: 5czdqth 85lihpz dnp14xd ptz4lih
Node 24: dbb1104 qzeztbv
Node 25: c797pfs ewv9t3m m323oqi
Node 26: opd43rk
Node 27: juta4j2
Node 28: ir637gu
Node 29: 2ubddt8
Node 30: d4zgsfi
Node 31: o8bustt
Node 32: qzchh3z
Node 33: eevn2g3

Node 0: 1o70qo5 3iel4ms au7qykh dai7r49 ee78ked etls5qb in8wnbc jnrmt65 jzzexo8 ngm9qez ozt2sie soxhpxc ykmdfzx
Node 1: 590xex6 mgvbftk
Node 2: 4g07l0y
Node 3: 7zjri8j yrnya7a
Node 4: bvroc2s
Node 5: rrljrzi
Node 6: coeb1n1

Node 0: 12qijwg 2ehvaf6 9j9p8s3 atdhn5j etz3gnu mc9ln97 v83d2hs wklxlxr xjzhim1
Node 1: rlglrdt
Node 2: 0ya547v kt22pmb lzz3229 o0gar51 us1somt
Node 3: azgi6r2
Node 4: vbtpbgx
Node 5: rjnn340
Node 6: 3sie5ja 6dcnecv
Node 7: 2sbgwcd fwcvkfz
Node 8: lk0jmyb
Node 9: vf66bv8
Node 10: p6l05am

Node 0: 6fv2ze4 v9y7sby
Node 1: o9de5wv
Node 2: 6s1uslc 91w6bxq ep5h1o5 g3dnse2 gfist73 hisrjbn lxbts3j ofbz1w9
Node 3: 33tgtd8 4xendcp 785ugvb gnqiixe w6f9cie xj4r5ow
Node 4: n7x3tau pw6nxan
Node 5: 6qybf11
Node 6: 6qws0f6
Node 7: 83ojng7 k317gyf
Node 8: ql6ctr1 rq5rlqr
Node 9: 7jqdy3z a043svu hxfh8bk mrg8htq vf9qswb
Node 10: bvf7n5p qzbvn2f
Node 11: 7e3vrve
Node 12: b3s1n3t
Node 13:
Node 14: 87m1jsw aqy8jlv t0mjae6
Node 15: lgx2wfj ti7qdgh
Node 16: iy8wnnk
Node 17: 16bbxvr ha5cdvc ox7q6jx ylyobvj
Node 18: 980mpwx lvbouhg wt5y7t0
Node 19: f0w1yx5
Node 20: wyoz5md zsuux70
Node 21: 8yzl18g exqarvc
Node 22: 1qtk2gn
Node 23: bssbspc
Node 24: 681f5td
Node 25: 8wn7jrh
Node 26: 78i4yqk
Node 27:
Node 28: snt06wq
Node 29: zc5jrla

Node 0: 9v0tpoj cqr5158
Node 1: 3rwfjxl hjf2xkq
Node 2: 1du6yot
Node 3: 0h22p7e 3y4r4fw
Node 4: 4xsft5s
Node 5: 4d6nrxt mo5g2c3
Node 6: sdnkzp3 uwa77jg
Node 7: byy6i6y ifsobhh
Node 8: qyd781m
Node 9:
Node 10: 221oa67 ggcf4ef
Node 11: z1vm42b
Node 12: fhs9xma
Node 13: jxinbez
Node 14: 5irj74l r3ckn34
Node 15: 18i0mqv
Node 16: 420ruyr
Node 17: ogsk7nz
Node 18: 8f8jtey

Node 0: 1p0c1am 5bx2exu 6p0rchl h9kaxja h9veo3g mb7fbkw s5kpaa9 t5defm7 w1e26ip zbb2yfb zlret75
Node 1: n0letr8 t76gzjq
Node 2: xbcjq47
Node 3: 93ecaxd hda4wnf wlp660x
Node 4: f3sow66
Node 5: ek9uhm7 novahdb
Node 6: 86r7nbm
Node 7: e0s1k1l
Node 8: 1yu6n9v
Node 9: 6fzntbm cv073rz wmi9b8p
Node 10: cf3nkbi
Node 11: n2pdj73 wan63s4 xz2p24v
Node 12: oakbppc
Node 13: n9hojzz
Node 14: 2nsfp4l 39qv68d 39s7sw6 duej0aj hg89u16 ytq71dw
Node 15: 9boqsvx
Node 16: ib5ji0c
Node 17: ityaeyj jt4dnv2 wnksz84
Node 18: o6n1jev rh54n4m
Node 19: bfzhhjx
Node 20: l40m0i3 nfdv94t
Node 21: 306d3a5 94szgun l3vfjd0
Node 22: ljqolcm
Node 23: btj4mo3
Node 24: pbmys0b
Node 25: e2ppo1p
Node 26: 8etig5b ibq0mn3 uykjus1
Node 27: 399gl21 lum4hf9
Node 28: eiikf0d
Node 29: lns3kh3
Node 30: o0do64u
Node 31: rgblz9n
Node 32: b4916c5 mt41he6 wlxe7he
Node 33: gamrixx
Node 34: kq8wgh3 xneuln7
Node 35: ulu3inm
Node 36: 451t8x0
Node 37: tz8gegh
Node 38: 9vdzraq
Node 39: xzot09o
Node 40: 53lkat1
Node 41: 0pecxz4
Node 42: k6ctl2l
Node 43: k8k3fou
Node 44: gtuu5vh
Node 45: 2h1fwlk ci95o24
Node 46: pluo7vr
Node 47: 6wbxt98
Node 48: tldhs8f

Node 0: bwfw0bn onw5cdu
Node 1: hfr65l0
Node 2: 0j367hl jdqlkzu opsg626
Node 3: dhvgrlw kmcgt25 wo6w8v7
Node 4: 0zemvkt
Node 5: 1eq5za0 2rxrpo2
Node 6: 7v8eb1p
Node 7: nxjpfyu
Node 8: gzb3ill
Node 9: 59u4vf1
Node 10: 8lcfkww

Node 0: f44p9rz vw8xks6
Node 1: 5yj4qsd tts97me vdy4d89 zrdxq69
Node 2: jtv4kw2
Node 3: snymqyf
Node 4: 0pazjvd 0pi3duc 0uccols 1dbf3rf 4nqw4aq bv7ihw6 d2j13wr fvo1k4s kwqi32p q048013 q991zyl qguby4j qn2oldp xed0irk z6708x3
Node 5: 1n02dyr 8kq6csq 8y4q32t coywp81 drws4py
Node 6: cs3gp0n czi28q5
Node 7: 75v5koe b9goegy dk6ir09 wz0umsj
Node 8: h7rmv92 zfbp6qo
Node 9: 0nw0uha
Node 10: 15jzkdu dewdzoz
Node 11: 9mh3i01 r415wx8
Node 12: 5yhe9k0 ha3bieo k84vgla rbwhocb tred33v v62kasd x9h855n yg94rxi
Node 13: 2mw26ct
Node 14: 0nklych
Node 15: 227bw5e 4xkn7kb 6aldy2g
Node 16: 0lcti16 c7gqjpc r9gcunt u2k52gs vrmozw3 zl2tvjy
Node 17: 2ghp7n2 3dzd87p gdmy1g9 hh3z4nq nqx6fq5
Node 18: sav8smv
Node 19: qstqeh6
Node 20: uod2uyr
Node 21: 7exjgza ojli3sz ytbj80a
Node 22: 484kwpc
Node 23: 2lni5yn
Node 24: 0zv4caq wtyaulg
Node 25: 41mpk1p
Node 26: xo6qlza
Node 27: rcjcogt
Node 28: satc6e5
Node 29: nq09d92 xdxeprm
Node 30: kbwxj5g
Node 31: 1yyttt5
Node 32: qufm0dr w7dya7y
Node 33: 0pixgca yd3bfyn
Node 34: e0eoh0a hbfzobf j856jpk
Node 35: kmykfmy
Node 36: s4ll2aa
Node 37: 3pnwa5h
Node 38: fprwz2i
Node 39: hdncq9y
Node 40: er6jnbv
Node 41: 4sx0jsa cudxggj
Node 42: yq05omr
Node 43: 48p9sjk oj2klh5
Node 44: vo30v9n
Node 45: oxwwqns
Node 46: laen3q7
Node 47: dpm8w5o
Node 48: oovt010
Node 49: tb63cz3
Node 50: t22iiyk
Node 51: 7ze3aw9
Node 52: 3gp6zr1
Node 53: qmg1c0y

Node 0: 7a0b5yf b5c2nwi ti3kdek
Node 1:

Node 0: 043wwmf 0ksu4oc ah4koia
Node 1: 01tw82h 73g1pw5 ahw8i5s
Node 2: 0763us0 6ff65l4
Node 3: 47zuz1t 8sp9egd dfmg985 qtb0325 w35rn78 wje18ii
Node 4: 85529r7 glpo43v rnm875w xg2zrxu
Node 5: s4hyefa
Node 6: 96vkh2x yb1622i
Node 7: 70lqidl
Node 8: 4bxu4zn
Node 9: 1x7lu7i dtw1r70 x89hokq
Node 10: hxdlhzs
Node 11: e0tghr2
Node 12: a0ab67r nbbcxlo pvunbiu
Node 13: 8k2l8jx
Node 14: 91pkq35 l3u9vpj z1aoe51
Node 15: qzda2e1
Node 16: bdrm91e
Node 17: buudwhc jypex8h
Node 18: hro1h7m
Node 19: 394dft8
Node 20: rg1onmu
Node 21: cx6olph
Node 22: s30b0p2 tclya15
Node 23: mgpxxyo
Node 24: dhxf6cw
Node 25: 9ty60dd
Node 26: pkpygf4
Node 27: j235qos
Node 28: hq3wufm
Node 29: bboozan wnh619j
Node 30: tifs1kd
Node 31: lq7ryry
Node 32: tnketuo
Node 33: chez4ky
Node 34: gdpawy9 s4zjvrc
Node 35: 8ft0mvh t6aa163
Node 36: hazuu12
Node 37: v12553v
Node 38: t2adanu
Node 39: y2xiuuo
Node 40: zpkmbyk
Node 41: hndsbmw
Node 42: g33r71v
Node 43: 1gm2900
Node 44: g5r20ap
Node 45: c4n16mj
Node 46: 9y84rou
Node 47: jh42a9l
Node 48: 8ufocye
Node 49: gumbmz1 s17fcj2
Node 50: ggbsbks
Node 51: e2kwxf3
Node 52: jy79n28
Node 53: nt77gd7
Node 54: k69zncu

Node 0: tg7lg8m
Node 1: cibl5cg gmnk8ts ml4wt0k
Node 2: 12b5k1j 639guns 8e3t56k 8s8uztt c1hc3c1 dzvu7gl edk2i3w ee6b30h fml4ban g25yhib ire0i6a n3kb5p8 rj2ibvu rjay0mi yuv90ch
Node 3: usuud82
Node 4: 5c2vdqs v7y8qnk
Node 5: u1ii5dx
Node 6: weqgktl
Node 7: nkdrmga
Node 8: 4fqeoe8 4ohdo5p fyygwwb i319y92 vl70stv
Node 9: dpyw4so jv619mw o46yp6p p1psusy quz4dzc s2g8djs sef6wkz
Node 10: 07cxh25 nnxv2m4 nyrftqh ukcqe9v v5gwecx
Node 11: i5s05ve
Node 12: mg1y9mg
Node 13: veeevyd yaqednv
Node 14: 2akhpaw cd7blj6 sqdm42r
Node 15: c5u323p i2r24b0 wh9b3yl ycyrdus
Node 16: 5p3uham c2gjsjz cim2gvd vb7zvgt
Node 17: d7vlna8 hgxjod9 iamq6qx
Node 18: 42g19g3
Node 19: ybjkogc
Node 20: ku7lvbc
Node 21: iewti0s
Node 22: cv1j5dn h6s3s4v
Node 23: 8r7j02r esr0x9h h83thou mve9sr1 n04s9p5 wrcvng1
Node 24: o5p0zg1
Node 25: mkiza0r
Node 26: 55a81xl ok28ili v01fmaq
Node 27: bucmsu0
Node 28: nkikta2 ofi1u2b
Node 29: 1u08gdl
Node 30: ch0o4an iurlvvg
Node 31: 51r3ror bmm2hri
Node 32: d7hy2yf
Node 33: 7lik6dr
Node 34: m46llu9
Node 35: btzyuqg
Node 36: 37pxehi
Node 37: nijp9pf
Node 38: 64gpo24
Node 39: zq3bpjp
Node 40: aw9g1d5
Node 41: dzkxd3e
Node 42: wdgvaet
Node 43: en1cjwp
Node 44: 0rt4lwu
Node 45: v4vk58g
Node 46: 8pv73oi

Node 0: b14qdv8 d5k1ljh k96a2ng oyz2aeu
Node 1: gzgqmm3 rqkbudo
Node 2: 7oh1uqa 8k31j7p 92xf7iy qc5ioeo
Node 3: 6xkkf7i 8va4z5f ue59oze yx2uzoy
Node 4: 2g8enh9 di8n56w
Node 5: k7hn1p1 xmlonub
Node 6: etf7uxe
Node 7: 3ngc69z uwb0tty
Node 8: scn8vii u08becs
Node 9: 8rnj2ad d5khg6b rsumk9n rvc1nwu
Node 10: 0p8rqq4
Node 11: wgj98r4
Node 12: 9r156qc ye88giy ytiqame
Node 13: l946i2x
Node 14: 5xntgos ph6eabv
Node 15: ayp4bkd b3t8r0c
Node 16: b3smn9i
Node 17: cr26y4i
Node 18: in8yug5 l105cfc
Node 19: lyh1ynr
Node 20: 7ed0zt2
Node 21: jygekhl
Node 22: fzn68wf gag4a9j
Node 23: a6q83eo
Node 24: ido1dmx
Node 25: ciunecs pu6kfiq zuqdwh6
Node 26: co7durk sc6kxbg xj549jw
Node 27: 34w3zeb
Node 28: jaqegz7 z65wk5u
Node 29: a7d76e7 ueh8d22 yaz1np0
Node 30: rpyhwcr
Node 31: 1oqcsjy
Node 32: mea98sg
Node 33: 8ivawu7
Node 34: ve2ufgz
Node 35: 4ssh19w

Node 0: 12f2hof li0t8tq vjyskgd
Node 1: im634ea q2eote6 txj8j5e
Node 2: 0xoor5l irvwj77 k4prkyq
Node 3: yw0p3ej
Node 4: 6uog1v4 h544eua kv4bg5h nlva4ml vjbf2ep
Node 5: bdu7lho k5mydbh
Node 6: dl191lv
Node 7: tbw07oe
Node 8: 86twwed a70aamp higbx4h i9p0962
Node 9: wnckxj3
Node 10: uvgvdre
Node 11: crmfl0k
Node 12: sz65xtl
Node 13: dtv8ea9 kw99m7j lcrtvlh oeuoajx yanz9sd yoiesvq
Node 14: e7427ce
Node 15: zng7w1g
Node 16: eb1sm36 qco3orj wx0n0c8 yrxlpmi
Node 17: tb26lje
Node 18: sz68ezs
Node 19: 0aro12h
Node 20: xcv4i3k
Node 21: 8bgc3k8
Node 22: sq19ar1
Node 23: zs2g8l8
Node 24: 9xiqaja
Node 25: h7ro9yj
Node 26: 931q5qa
Node 27: nvv354n
Node 28: 2uj1xxr 43pdkvm
Node 29: jdou8vf
Node 30: j2823xx nrlklfy
Node 31: 935fyws ypkabbu
Node 32: o7im0rg
Node 33: swieucl
Node 34: rpaa9na
Node 35: zhl61y2
Node 36: gf75qqm
Node 37: 5f5v708
Node 38: ks2u12q
Node 39: xt0jk8b
Node 40: 8burryr
Node 41: 2rezr7j
Node 42: v0vrfvp
Node 43: 1ly0kqj
Node 44: g9fgcpw
Node 45: wpevked
Node 46: 5yv21nd
Node 47: oq9ywbs
Node 48: irnpvuu

Node 0: cvhv7ar j2emrig vyd6bqd
Node 1: a836zxn psxp3lc
Node 2: g6yg6so oeuta2f oqqqjxc x7fgbh6
Node 3: mgakb7s
Node 4: 8fp1egc
Node 5: hy0vl4z

Node 0: 0kn8epo 13ztva8 bsy3c9x fljjmhi gyaox1d heoxymw lbu3chy qwfsaa0 sw0fu0l tmn84h9 vzynfg6
Node 1: bm7iv01 r08wi35
Node 2: iws3nb8
Node 3: 2uppjuz hr43evq me5sxif
Node 4: 3bxgoyg
Node 5: do5iex9 hobvkeq
Node 6: jcqvx3u
Node 7: ybcg39h
Node 8: s2lc5e2
Node 9: aehon4j
Node 10: 1zpmwpr
Node 11: csr9ir2
Node 12: a1xmnpx
Node 13:

Node 0: edh3knf hbf7pz1 zotht48
Node 1: 1gk2622 9l6b8if b1k1h38 cn1z9ss u0y0o47
Node 2: jcpkkyp
Node 3: kgt26cs
Node 4: wdrcru6
Node 5: dcbhhpa
Node 6: mjv7be7
Node 7: idvc504
Node 8: xg895fr
Node 9: gqll1v9
Node 10: tgvsxjn
Node 11: 2zha9lx
Node 12: boahtra

Node 0: 1zps8mf 6wkmeh5 edkojpl zbawi2q zfpoe2b
Node 1: 4gc5osv
Node 2: 45ttqi4
Node 3: o7glss1 pngqoz3
Node 4: 7ci71tl k5arb6l
Node 5: hjx36cz uvixj81 v78ol6j z096ox3
Node 6: 146kxgp qyisru1 xy646ob z3vjgsz z649752
Node 7: 1yw5z00 du947r0
Node 8: 2pa2tpe
Node 9: p4yyrdk wh06oy6
Node 10: m0qyadq
Node 11: 5mi63oq
Node 12: qvgvqj0
Node 13: 0x9kx4w
Node 14: unw4hjw
Node 15: 170nwp6 1j88ecb ejbyr6y fcr0287
Node 16: h8dxoeu s20utc1
Node 17: fu0boni
Node 18: pon0l5g
Node 19: 1nzvwxj
Node 20: vzj4xh0
Node 21: haeml5l
Node 22: okypj84 vkc84ek
Node 23: 2dae77o epx2hk1 k1si9y5
Node 24: 8nfewqg eyo58hw wgot1ig
Node 25: 2kw1meu
Node 26: gs2htb4
Node 27: jcb0in6
Node 28: zftvw2v
Node 29: 1rh86tm g0k6bvf wxdrdbf
Node 30: iml3784
Node 31: 24y4qjc 33cg13p
Node 32: yvvbed0
Node 33: 0msjpux 6r48x3v wozkw7o
Node 34: 8pt72e3 yz9yig7
Node 35: 9obwrb0
Node 36: 18fb472
Node 37: f1x9cvp
Node 38: g7ebxws
Node 39: hnqgwsx
Node 40: lh0kejw
Node 41: c5164qu
Node 42: ae4gm6q
Node 43: eju2bbu iln4e4k
Node 44: ub2s3cv
Node 45: zau4cqn
Node 46: ap0w5qs
Node 47: a2j32a5
Node 48: lof8pa3
Node 49: 9kvo4wr

Node 0: 14sx9rr acauurx wxaex9l
Node 1: 22eeq20 cph5qf1 tn81yei xcqrq1m
Node 2: 1ok6c0g 5g8agvl ldr9im3 mkpmyb3 nfekfud of0fc3a oyae054 vwjr4ux vzxca2v zwnirs7
Node 3: 2b2nvl4 6ywc9eg 6z47brg b45whid hnp2e9m rl47yv5 t6emrq5
Node 4: 22n6yml 5iiym2h 9w5dcg4 i1iho3l jfi3yjl mjvnvql sdyhjdc z0r27xu
Node 5: 0t5qlnh mgnci7g
Node 6: 41ye326 ircd1az m167lpk
Node 7: sro2m9e
Node 8: kszp0il
Node 9: 0yl4lyy 18poyrz dxd016y kek1k46 lsi7xh3 qg05kjb tv6js86 wd52h7x
Node 10: hh1crsc
Node 11: 3blg6d9
Node 12: 3ii0n8h fhmfemu xquxtjq y6ce4pg
Node 13: cunwb1k
Node 14: hq6a505 v5n34x4
Node 15: qofyxy6 u2juasj
Node 16: r2k9u1j
Node 17: 3154ggr gg50mlj
Node 18: 0f7pe2s
Node 19: jnrj52c
Node 20: dnl2x47 ez6jj7f
Node 21: nzsvkvi
Node 22: igl0oaa
Node 23: 3hk4z9w
Node 24: 0wsnlea
Node 25: nbs9j5z
Node 26: 7a5a9z2
Node 27: poa2ugr
Node 28: d6qambq
Node 29: cyjivz1
Node 30: uhgobc9
Node 31: 4c2j4e9
Node 32: d116m20
Node 33: ugsxhmu
Node 34: nyo7htv
Node 35: 45izxux
Node 36: 7upe1dj
Node 37: br4xctu
Node 38: x8spcj8
Node 39: ea518ht
Node 40: 7l5jklv
Node 41: 0ukvi3j
Node 42: w1kwbrf
Node 43: 3zsloss

Node 0: ovokmmk
Node 1: 3puxxa4 jw5121e
Node 2: 1jmc9kn 520hbwa 8vj3xsy 9ieuu17
Node 3: z2ccr90
Node 4: 437e71h d68ntd9 i29uw4c k53b3mm ng2i3kf qai90s1 xpuasir zcjq0xq
Node 5: ipf9yqd
Node 6: 3bhf2w5 czpw9mb hjzh2n3 k6j9hnd uh4r3km
Node 7: g9lzw4t y22gigo
Node 8: u285wxv
Node 9: elwh0o5 fc098gj oztzbmz pr0w2nm
Node 10: k4rhqs7
Node 11: g486you
Node 12: b8cdayn y83gghz
Node 13: bfe7b3e
Node 14: sro5hs9
Node 15: v2e4r8z
Node 16: z4l8grb
Node 17: ltrrp2o
Node 18: cfblsbe
Node 19: 9cr0i6c
Node 20: 32uoaem zbwvbwu
Node 21: vjmyfix
Node 22: u2i12wl
Node 23: k69n7mr
Node 24: lfi7011 oe66k5n
Node 25: qbjqdnp
Node 26: ktj17yr
Node 27: is93kuj otk67fu
Node 28: 5gkcexf
Node 29: ct44w8p
Node 30: gn3w8cu
Node 31: jcfeox8
Node 32: ems7hp2

Node 0: jjav09j
Node 1: 2f41p55 cxigac0 cydlgpr
Node 2: gdq1ihx hkk4bbo uqpvw8z y49vf57
Node 3: m988lk7
Node 4: 0mr46lv 0wr91n7 530vc6k 5h08bcm 6f80vnx 8p98hkp ag9n8c7 d6uxsbb fec4cd0 gf9zjxe hvy7umw p2qc2gw p6nzro7 qas68b6 rbi0r9d xgd9h5r xs3imgy yjzttuh z0vmz2r
Node 5: 0ppce9l 7wbky9l adu6yho gtnr29d ubn6wen
Node 6: 32gybxk 5vq66nl arfosa2 ipwghni ivaecdb p8cciyf ujhxra6 v32kkwm wk40iuv
Node 7: xaxdrsz
Node 8: 03du5h2 efq3xr2
Node 9: 4vrj1dt 5vvjn4q 6habywe
Node 10: 2z8a3zh 9thoeg2 hdin2tw k45ke1d njg2qhh pbux50h yiq1y1z
Node 11: fj87ofq
Node 12: 6b3jtco
Node 13: 3augxbo
Node 14: emdumsd gejzaa3 rltfhj6
Node 15: 6cei7ws
Node 16: sxqag2d
Node 17: 7fhsp3l b6qqy82 t1g8tc7
Node 18: qdsjljh
Node 19: 7efpu28 jom4vye
Node 20: gwncla1
Node 21: wc076ib wm56w28
Node 22: cqxdwk4
Node 23: c3tqn1x quy209r sto2lhf xg95qfi
Node 24: edha7nd k5oe6o9
Node 25: tb8i988
Node 26: ul3od5b
Node 27: nphzkz3 s2jivwb z2o687q
Node 28: 2cw5tzn 8gkvowx
Node 29: 52wijjl
Node 30: 33xolgg
Node 31: au7hoep
Node 32: g5nrk99 loyuzcj mgs7cvz ypshx45
Node 33: 5e4yo2z
Node 34: hwmmemb
Node 35: vuwy7u9
Node 36: bsbu8ke
Node 37: 2z7m938
Node 38: 3k3ntf3
Node 39: gsuo91i
Node 40: p9lb7lk
Node 41: 1doz0c3
Node 42: lric0w1
Node 43: q79c1wa
Node 44: a4be44c
Node 45: 2oif83b
Node 46: trjfn9t
Node 47: 7324xow
Node 48: 78lo78h
Node 49: 7btipih
Node 50: smej08r
Node 51: 9serzb7
Node 52: 42feqxq

Node 0: fpnok00 o0q3x9o qml0ydh zk13iek
Node 1: 10nvk81 2q1b09g 45l7az4 545gwvv 7vnajae 8aqgonc 8tjnr0g ahszfis b9wvtxn bamucpd c7hdjfz dmhpkbf dtressv eu0o9lv ewayz6g f924odq ge7lnul glmyj5c hbffly5 i2tbu4e i4yz2yz iu1ds25 l1yhpi4 m0m59pg mrluc1c n4v643s r5vffgj sj70ttj t3wnhpc x3we7lz x6dh2hz zybauwy
Node 2: 4j22jk8 bjohaz8
Node 3: 3wlt4bz 5kz2rvu ipv0rb3 nbirzdr vxt0cqd xb8gns9
Node 4: bbfkkok enf3wi0 eyeykap g1uhrjp jhcgtyp
Node 5: 25v5k5z b2qfdlz
Node 6: 5lbzjut uefftn0
Node 7: ysyrbqf
Node 8: juj6a1r qot0bb0
Node 9: 7b91us6
Node 10: qonggon
Node 11: 5l85jxk
Node 12: 3bikyj8
Node 13: dm12jkl j4nkc8l
Node 14: ha7r8vl p1fuz0e
Node 15: el4yvwz qa7hgg0 ul0dzlv
Node 16: t4b6qtf
Node 17: 4jnfkw2
Node 18: 6i9bkzh 9fdochr deuvuki dug2ivq imqu5nd
Node 19: lno33xy rllhdcj
Node 20: yq0e01e
Node 21: drj30ux wcsc2d0
Node 22: itbg74z w6dwi33
Node 23: iw2k048
Node 24: 4mf2a5n g2rvmvy pbnbr5z
Node 25: 8fglnnj
Node 26: 2x6utff
Node 27: yok7ysw
Node 28: 7bhg9ti
Node 29: wqwml52
Node 30: 9pgg6fh
Node 31: ammhydl
Node 32: bbzh9x4
Node 33: 3vpcg5u ok9u6pj
Node 34: hk4nv13
Node 35: 74jb970
Node 36: l6cd1gr
Node 37: 8klhlsq i0kjwio
Node 38: ml8j1o1
Node 39: 1oi69xh
Node 40: 4g5j8hs
Node 41: w8zav80
Node 42: vy6nct6
Node 43: ygc5fj2
Node 44: 9def6md
Node 45: c4s74f9 ht3w0eq
Node 46: af8xr0c
Node 47: ie1lzip
Node 48: 9oe6kb7
Node 49: s97lo4a
Node 50: 1ui0bcq 6gdirgv

Node 0: ekl89xb
Node 1: 6tkc3hl a64ytwh or8npbx q7l52eb vg17inl
Node 2: ut5st84 w3secnp
Node 3: sqjg7ja
Node 4: 53apzfv
Node 5: 9sufv27 scggkrs

Node 0: 0479456 1ioqg34 6o75r9s 84vroon 9jc23u8 azw3rys e4qifdj hzenj5l lren7ov neh0xil pyhr8kn qk1ulqu tb0v8h1 treovey uq9jdjs wfa6auy wpmfrku xuok2d3 zawc1fa zm1p04w
Node 1: x0uzwu3
Node 2: 00ag98y
Node 3: 7jolbz0 ejcc2h9
Node 4: p1cl6tt t4hiw8b
Node 5: 94h7tl1 oskziq7
Node 6: 24en9s6 pq78wnq uubzcmx vgw9xu0
Node 7: 155r5yv
Node 8: 5e4eaqx r0v39xr
Node 9: jvuk9lz
Node 10: ta7cw3k
Node 11: 1b29qrt 3cqb5cc 56w7ovm 7h29iux jtrvmvv mvza8bq nur99vl xit2jv5
Node 12: qk9r3qz
Node 13: iajhidw wc2brw8
Node 14: qcr3u72 ri6ufml rihb0xx
Node 15: bjemqxq
Node 16: ha3ygcx
Node 17: x0qjbdw
Node 18: armm41b
Node 19: ndjzxsm
Node 20: c0w4mv5 graboh8 lr5u6ev ullly62
Node 21: 4iyjcsa 4sncm33
Node 22: 8gi9hvv nh4lgph
Node 23: 0p2ppnc
Node 24: 0mzjj7m
Node 25: 7b4kfv7 g60qoip
Node 26: fujrih0
Node 27: 01v2eql iclyy9m us3bhh6
Node 28: 7yq5jf0 yg9w17j
Node 29: qemkl4z
Node 30: 6xw8usg
Node 31: arx1m3v
Node 32: vtsghn9
Node 33: 2fcvnkz 6xetm03 beyr9i6 jl1k782 jrdrrl9 sfwlkhq w8fqy0c
Node 34: sxey0p3
Node 35: jfd90ai
Node 36: sw87u8z
Node 37: 2hpb9l7 3u01dvo 6rpi7fm
Node 38: d51f9nb
Node 39: zctt79v
Node 40: a1g928r
Node 41: kxz9man lozsrus sygg0mk
Node 42:
Node 43: baw03bf cay5m50

Node 0: 1wo304d 2i20msm 4bc6qmb neetr80
Node 1: 05d9raf 3byky1c 8fjjriv
Node 2: wf0f1tx
Node 3: po1t3px
Node 4:
Node 5:
Node 6: fn6hcm8

Node 0: 87tyo4i yb00v1f
Node 1: 9nb2z54 bondw9m cwj8yrj e636lck ehmhgln lxs0ec0 o0q9lym rdx7qtf udmiiuz ug5b8om uwye2lp
Node 2: 4zjpv21
Node 3: n6yq8wv
Node 4: io8rad3 k1quej5
Node 5: 4hps0kh 8hgw29h ih22d16
Node 6: hzy085i
Node 7: ugwiigh zdxoaj1
Node 8: qs2rwq6 uo69mas
Node 9: ozsj36y rg0o7qb
Node 10: w8lr09c
Node 11: v49j09l
Node 12: 3lk3ets
Node 13: 1qpie24 h1b7bij p1fdxsd
Node 14: 2q55cyd 3g8mer6 66pj636 lxmcs3k
Node 15: uewy5lh
Node 16: ky43znn u0t2lp6
Node 17: gkgtxa5
Node 18: d27ghny
Node 19: u5ruucr
Node 20: z5gc0fs
Node 21: 3vgr5o7
Node 22: ux9xhxe
Node 23: vl2agu2
Node 24: 1q2jftt
Node 25: tpxazcs
Node 26: glowd9m
Node 27: lk0m7zi
Node 28:

Node 0: 45a4xc7 iw4lvzg typkzav
Node 1: 3hhmutp cky5g0w hdeegrv iz1eigi si8b6i4
Node 2: 3x8eb7a 4p2h572 dpvihpy e43xtvg jm3je5e tc70prw
Node 3: 1atkw1h pv9mnb2 ratooi7 tjatg9u
Node 4: li72oe2
Node 5: 0of1ctt ng1eufz
Node 6: 3jkdnsq 58ccmsc f48c3y8 onu3zyo tmtxmnt xz1d5ij
Node 7: js5trmv l2bixqk
Node 8: qt5v8jy
Node 9: rm728yg
Node 10: dnwnwlc
Node 11: mxsq2fw xa22ok1
Node 12: 5322zio
Node 13: 0rait1p
Node 14: 7rmqbjo
Node 15: gley5ab
Node 16: 0g2im96 ynye1u6
Node 17: g0g7j2j
Node 18: 8ckf0wg
Node 19: 15r10rj vyd0obn
Node 20: 9bm9gsh
Node 21: 77ruy2b et8h1om i4653q7
Node 22: 71w0emq f1n2fmz
Node 23: udwvznb
Node 24: aip47bd
Node 25: ic9vlaq lvisu5y
Node 26: mwms8xv
Node 27: grudonl
Node 28: k7l6ofq
Node 29: b7m0qc2

Node 0: 4zk56cy
Node 1: gtmhssi
Node 2: 47o3pgb
Node 3: 5ffrpd8
Node 4: 3heuhmh 86atpsh
Node 5: 95jaocq kod3zut
Node 6: 7uinjom geowxpk rgbkzo2
Node 7: eax7lot
Node 8: lztae7a

Node 0: 98co2a2 eakpi03 ffq3saa kxlzquk q7genam qtivnap qwu6m87 r7ic8iz xo0yvme
Node 1: 1lejwse 5p11edh a5idse9 kvdtfo2 rj0i44b tczphdc u8dtw0p
Node 2: vq6y996
Node 3: 0d0m8x7 0f6fryx crq0qqg gf0gtot j65ol96 mi0wqv5 nyxh26w uhei4hq wxyzfrt xlrc8k8
Node 4: 05w6atg 94rz5i8 r6p5qpr
Node 5: p5ircko
Node 6: fhohzuu fyq4d0k mxnn1iu olj3qat uan9mky
Node 7: 1wdz7v8 3lnycsp fcp7eyn hcb7zr7
Node 8: ptzoxme ztnjmp7
Node 9: j96z4lp
Node 10: fohzbq5
Node 11: oa9yrqt
Node 12: 4hk3iok 8bfazpk bibos0v fw89ye4 llk5112 t3wnzkv u9g3g93
Node 13: 7y15jl1 h0lkuek
Node 14: osp7rh8 xg3papz
Node 15: t4ly0sh t94sepq
Node 16: abswzq1
Node 17: sj29mok
Node 18: 00kos9e 9nakg4z cxmmcrt q0ggsb1 uqiafy6
Node 19: ur191ee
Node 20: gsqd1z9 s20tz4s uqdqfpm
Node 21: b90x5nq c12bwwl fxd4qb7 okkmm3b wqubocz
Node 22: ma4y03e
Node 23: xhyu8b2
Node 24: mu4jst6
Node 25: xidb04k
Node 26: 9gbrhbt
Node 27: 7311om9 s73nrqy
Node 28: ab9sqcc
Node 29: 1ltnqx7 gn9d5tm
Node 30: w5gt9i4 x4kks66
Node 31: 095k0ay q04g4lk
Node 32: q0v6fxh
Node 33: hr8lrmt
Node 34: 7ib2pvt
Node 35: 8fngkvn
Node 36: 4n2of9q 7c9zgzc h4nk52l
Node 37: ektbe2s
Node 38: tvij51i
Node 39: s3ud2g1
Node 40: x772nd5
Node 41: 3713vyh wg8pxtz zndmx0e
Node 42: s2qnebp
Node 43: ssjflmc
Node 44: bpemf0w
Node 45: av6sqfu
Node 46: rvls155
Node 47: tc8nlyd yhgdq8h
Node 48: x18tb19
Node 49: whd3n02
Node 50: c4i5t6z
Node 51: idthfpn
Node 52: fu215pp

Node 0: axut583 c960uwu ebe960h ir3hrhj qrbta75 qu10umf w7txjlp
Node 1: cs7mf87 ebblwas kfdr1xn lg6poor noo9mzb ps165jv s9b75q4 skus32s uqcxukk uytdik9
Node 2: 8qeifus hx1gzmw
Node 3: 1j0an0r 2n3tf1c 3na21m7 42erjdh 52gsd4v 5yzzn4n 7fx6q5d 9j54p5r cair6sv cty9ghn dgex3d9 edr1r05 fn7bkth hz3wgj9 iycf8c2 jgxb1oq jpn6u3n k2yi9ln r37ozcq t3oda9j vhy8o22 w8ekc6z xyhtg1j yhqpkdv
Node 4: 801zszz dw7n5tz fqfvf27
Node 5: ijqurn0
Node 6: 4g0lsoa
Node 7: 28a3gyp
Node 8: me47sjo pex4zzu
Node 9: 89cotvu vvi24oy
Node 10: o9o4fbe
Node 11: 1ohboqi d95m93a ul2xan0
Node 12: 1kivzbb qnz765n
Node 13: wt782f0
Node 14: 43hne0x 7xpktxv q8bzko1
Node 15: 4iglf7n d0x4kx8 f93h3vh nyg96bh tlpty5t
Node 16: jrzb8wy
Node 17: aijiluk u5a5atz
Node 18: 1bfqmn1
Node 19: grt0i07
Node 20: urym38q vrwj9e4
Node 21: ifu314y
Node 22: 0pkcqxy
Node 23: lotqv7h
Node 24: 9lp940o
Node 25: d9milr8
Node 26: u9i4bsh
Node 27: g4l8of1 ovv2299
Node 28: ripd3k7
Node 29: k3qciq2
Node 30: hr6xjly
Node 31: ssmdh4j
Node 32: ak41zok mwjicek
Node 33: iosdo2s
Node 34: 19psjsd
Node 35: e1zoz0c
Node 36: fohkvdw
Node 37: x185nj3
Node 38: ybrfdc4
Node 39: ehnqoqb
Node 40: exmeutk
Node 41: sko37sh
Node 42: mgku8qh
Node 43: 4kb51qw
Node 44: 0284fd0

Node 0: 4f9co24 5d5cnij be1aj4w cy81ynl wakl4jo xhwp68t
Node 1: 8k825rq
Node 2: 4lna856 5zoz52a i7ue481 vjjs7e8
Node 3: 5j68qvx 6duz109 jydm7dh r1a1dik
Node 4: wicbgzw
Node 5: i307495
Node 6: ux3oij2
Node 7: zsmznqg
Node 8: acvvps6 tcl16gd
Node 9: 9mwj4ld
Node 10: u6izmzn
Node 11: u5e77ih
Node 12: gbn0wfq jcfgjbx yb3pk22 yn14uh8
Node 13: p4zxgbg yp7fu1r
Node 14: ad34s9b klicl5v pk2zks0
Node 15: 2ucg3r6 oaf9olh symu1k8 zun27jk
Node 16: 2wuzpx8
Node 17: 1vvs2qf
Node 18: 4490muw
Node 19: pfoelon
Node 20: 0ewrbhq 5c3vy6v plfp6iu r0bpcie ulb7j99 v27dyyg
Node 21: kl8j5kz
Node 22: 2zqx20c ykxzfpd
Node 23: 3f4zp7t 65msa9h 9bwz73j rlvjpqj utl486j y2m0vil
Node 24: 2724dmz
Node 25: 0pnbesl
Node 26: gizhgcl
Node 27: 9fuve9d nm6kuws
Node 28: ib9w0no
Node 29: hbzlrs4
Node 30: hyug43d td7e1zo
Node 31: no2pv6a
Node 32: 032m8bg ikzdybg
Node 33: tyw4n1v
Node 34: 79g3dny
Node 35: rtwwj89
Node 36: dqegh5l
Node 37: 98nvhq7
Node 38: vjydxma
Node 39: i8rp3r5
Node 40: d0l5yxc jiezfqj
Node 41: s5oyaaj
Node 42:
Node 43: vawf3v1 zz7z059
Node 44: fzms227
Node 45: 6d2in4v 9of0yn8
Node 46: 4p9vxca
Node 47: 30yjtca
Node 48: 3c0ovzr
Node 49: ekw4tqu
Node 50: 0o3xi8f
Node 51: owjtjpv
Node 52: gczqmuj
Node 53: yfk0d15

Node 0: 9qhe7sj m9pizr5 nxzsyvq
Node 1: xj0790p
Node 2: 1y9lmcc
Node 3: 4pnt20d qinvqgr
Node 4: 0g3zhzw 5uygbri dbztxke dufbvyx nz1t8xs ub6qyzx yk9al6m
Node 5: 20h3jka lizcbe8 oy5gfnh pv0shkz wp8ykbv x3g6eu6 xji5g9e
Node 6: 98bvjtg
Node 7: 4rykk8p
Node 8: gx2weat rbg47pu
Node 9: lcbdwwi ql66q48
Node 10: s5gtfga
Node 11: rjvrigw

Node 0: hbarxl6
Node 1: a82v6xh
Node 2: 6k0wylh 9hjoui9 rrcfozr wqa69sx
Node 3: hciuqpz
Node 4: p2reb9i woyac59
Node 5: ek85f2m
Node 6: 3u0se76 4hctn52 aucenv6 md3wzur mq9crpc r9ch4c6 ypnf90e
Node 7: pb71fji
Node 8: 670h5eq x5o0evj
Node 9: 2qogbug fpopqxl ovuiey1 vrtlou2 ye1c5dm
Node 10: 7ghj696
Node 11: jl0zvf1 kg8xcmm uu20pwv wl4ftxa
Node 12: cbnf6os
Node 13: 2quzkk6
Node 14: 1jaod68 r0dtpsv
Node 15: dkxys6w
Node 16: bekx2dz
Node 17: pz8as6f
Node 18: 3ydn54d
Node 19: wxuq1t9
Node 20: 1022fed
Node 21: k2nghlc mufewwa
Node 22: mmgo1qq
