Node 0: kic8wty
Node 1: 252wrfe e1qzdyd m9p0jbw wd7adi4
Node 2: f2xfd57
Node 3: k1etxwv tjpggcf
Node 4: e9oskpo
Node 5: 5xoong6 h9n3qsj iis960w xz0x20d
Node 6: c513v6w c5pieyy gijzswo h7nlo2o knrs0b2 mdhkim5 y1bahaf
Node 7: 5ppk1e4 7oee8x3 a8104sp w0lkzvl
Node 8: ym8op8l
Node 9: to1co1k tu8vqkv
Node 10: 0w9xdgp
Node 11: kn1owwu
Node 12: 5bem2bu
Node 13: vw584zs
Node 14: 6edrdb4 a3ina03 prf3vht
Node 15: 4r7ubpy ghf4vps
Node 16: 21nrpnz
Node 17: 9va42rv
Node 18: zffmxri
Node 19: yiazeq3
Node 20: 460y9w6 d6kjx5l x4j2fx9
Node 21: fwfw5vq
Node 22: 420s3wl
Node 23: v87c80q
Node 24: wxz7fia
Node 25:
Node 26: 5hwna7h
Node 27: 3b50njk b7mhfzk jiotjs5
Node 28: rdcvox8
Node 29: zth81ii

Node 0: 0i88oeq 1wza01o 24ouvo4 3wieuec 493m4pg 536h2je 5jnba4j dy7v9xf g2887na g5lkxma mzb51do
Node 1: bxqsf1u zp8741m
Node 2: d4rddzt pax8q1f rrws0mn
Node 3: fnd5uxj m35wfyb
Node 4: u4i2dfz
Node 5: 6f93ixx
Node 6: 3e3nj53 zid97gt
Node 7: 0nnpyfi enn9bxp m21ghvx p1xze48 qw1ysdx
Node 8: il55fsa
Node 9: 07c8kob n2diqjp
Node 10: k4kzxq3 lma1sqw
Node 11: i920en1
Node 12: 5p8poyr
Node 13: j8w5023 rkbxuc6
Node 14: lzg4w10 nwuo3no
Node 15: m8b0z1g
Node 16: 643hwkj fcgkjmf
Node 17: dbd3urc yw7m218
Node 18: b3htk01 blwgrrx
Node 19: q2u9caa
Node 20: 2j1t0tj wkm39x5
Node 21: a9xk0jg
Node 22: 3r2ddyb
Node 23: zsby2lg
Node 24: oy3bcnw
Node 25: 8khgwsl
Node 26: vx6nbgu
Node 27: emy5h3u
Node 28: cmkty3e
Node 29: nlsxsaj
Node 30: 2j7btl6 e3qcgx2
Node 31: 0ve26qu
Node 32: poqz24h
Node 33: dv9ixnz
Node 34: y2a0n5a
Node 35: 0jt0zl3
Node 36: arit09l

Node 0: t7cnkmy
Node 1: cq66e5i
Node 2: 08pvkj4 29wjef9 3vvhbew 5dlzvpq 8kvo01r dp60izj esx8ldu o49w7ko popocr3 skndimd uk07yjf
Node 3: 0yjm73g
Node 4: 5c4yoso
Node 5: o9w2e11
Node 6: 0pv0z39 1mkdczf 2qbyov8 3293aje 9pn8st1 9tr79ys hocug7y nvdbv4v uypdnrg
Node 7: xuk5xxm
Node 8: 49wnw7b
Node 9: yls2w79
Node 10: m4thwry
Node 11: a58rufq
Node 12: 6hiiprv l2icjzj y1wkcz2
Node 13: gw20o3k
Node 14: au6fwm0
Node 15: 37443do
Node 16: lz8yrxd
Node 17: qffvxmp

Node 0: 26huihz th8wbjx
Node 1: q09tjxh
Node 2: c6rtm6o
Node 3: 0pmh0oj 3zkgg4f 4pm25e9 lqp3mbh oaecs9x soxslfz y9pww5s ykyxdgk z8j1kp7
Node 4: fw00nbf
Node 5: l0nfo4q
Node 6: alcbdq9 gnb0e1f p4tj0q2 p7ozorf pfapm7f rekas8f u4398az yklvx1x
Node 7: zxsufwv
Node 8: 03ptsrw
Node 9: sir1s7c u1cbr2g xhvju5z
Node 10: loogwlv
Node 11: 1al8zkt fmy5sxc
Node 12: u6q4y83
Node 13: rnygm5z
Node 14: 6aicnkc hy8siiq j88vyy9 k72j0qb xxzb7n3
Node 15: 4vqi1sg
Node 16: j7fxcj2 rax3we7 weddmpm
Node 17: bycssvp
Node 18: r3c83ut
Node 19: bpspjgl
Node 20: rsmnd0o
Node 21: mmnu79d
Node 22: 3fu9ftu
Node 23: 3gaattq
Node 24: vfhofud
Node 25: c7tk6su
Node 26: 21z3sl9
Node 27: mad6dwh
Node 28: rj0xw3k
Node 29: ir9cnzv
Node 30: 676t7sg atrgj3i
Node 31: t3dlwzp
Node 32: h03w72g
Node 33: t5622h2
Node 34: 67moqgt
Node 35: 81wslmw j726lg8
Node 36: djzp026
Node 37: wam27kf
Node 38: 6dbflyx
Node 39: x6ipbs7
Node 40: hefg1gb
Node 41: 25zgesw
Node 42: adng7qj

Node 0: 4fxavl4 4ydh7u3 5j1sdyg 66od93b 8mso450 90sk3n4 998lqow bsmx09p c6mokgz g4tbyad gnrprkf gqxpizn ljfxh9r ly7vcxg mn97eea tq6qnw0 ttbucq3 ulfkf3c upi0cgw vngiwox xt7t7vs
Node 1: 8acofg3 nodjlrz t4oaleh
Node 2: 3bcsd3d
Node 3: z0cyvaj
Node 4: vkumgiq
Node 5: 57dbe42 658v7d0 khwcvim t3vwr2f
Node 6: d8fhldi gboxkgu
Node 7: 4g62hz4
Node 8: ad3fst5
Node 9: f15ohqy kn5m9hu
Node 10: dab2wqp
Node 11: 0y657pq ehca3w5 vmuqqfq
Node 12: jl0k6yt
Node 13: 0b3eb00 0qlqq64
Node 14: iq4t98a mzew300
Node 15: iujr1k2
Node 16: ck0o669
Node 17: cfc07po mq8oa9k
Node 18: kakgb0y px0f5dj
Node 19: aihwcsn h0wu2rf izomurk rlsnacz
Node 20: ppyrnev zznxb34
Node 21: 4mzxuw9 i4n1aue
Node 22: 67mw5jl
Node 23: acqrmp2 tdnzufd
Node 24: bwiufiw
Node 25: bxk4xyh pm3jjqo t3ukqlh
Node 26: p09aoyo
Node 27: t4v99g7
Node 28: dr1nk4q
Node 29: rjx92g8
Node 30: it3b014
Node 31: 2g2bdoi 8cpzdtt drlkm6j sx16b3s yod4n1f
Node 32: b6rf3o2
Node 33: ca90zrr
Node 34: f88j3x5 i2jxkm2 oxc4rkp
Node 35: k8zb0sl sx23iz5
Node 36: 29lququ
Node 37: fojh71g
Node 38: plk5siy
Node 39: 7iye23m
Node 40: fgk4oij
Node 41: 5li67uv xo9np8m
Node 42: dn27n17 ucq2w5i zuua2g1
Node 43: gj09bcs
Node 44: xvotwrl y4e47u4
Node 45: vkwz3jl
Node 46: d8b5ptb
Node 47: alu3wem
Node 48: 0zcq5l0
Node 49: danl1br
Node 50: awc1pke
Node 51: usn2e84
Node 52: su35bmr
Node 53: sdjt8de
Node 54: 5ofeoe6
Node 55: ihcffdr
Node 56: vc5g4go
Node 57: bm9wnme
Node 58: 08qu7h6
Node 59: d2vqqgf
Node 60: stff1xp
Node 61: dyg6tmq
Node 62: g5s45do
Node 63: vbziub4

Node 0: pnilst0 qw97kbq
Node 1: 38367sx
Node 2: 352b3o2 lpvp36i ss3h6vh vomsxzu xi1q0he y4pxxac y93zkxs
Node 3: 7aowwz5 g86omb4 lkyxscf
Node 4: ex8803e
Node 5: 1khl1hp
Node 6: 0l6ovvi 4whas1p 8tcyqvd o9llp0y onop72i v1yme7m
Node 7: rshkbw7
Node 8: gxl40k5 t20pm9s
Node 9: 2till9s i3s8wrw
Node 10: k68oeze vln0bxt vpjhsvz
Node 11: tnuoi6f
Node 12: usgg8ug xne67e5
Node 13: z10w7d8
Node 14: peozogt
Node 15: pq7rb6n
Node 16: qg1n789
Node 17: 60ldh2u
Node 18: xuhqlza

Node 0: g22cs84
Node 1: 0lcgc08 1bapvq1 1nozvkh 2ykcc1u 3iebhd1 5l7abfu 5l8nalo k3w0k14 pxi3vmr yeut3v2
Node 2: me4q5vf zgd8ubo
Node 3: b9n8520 i6s0c1n ipmqosm q6tneyh upqz2ls
Node 4: k375drr kto0c3p qklnpm8 uertshw xg5vqyl
Node 5: 8rb2s7w jv0kmlh ocv85sj rd20i84
Node 6: agdzg44 rrkjwtl
Node 7: hx9v1gk
Node 8: 41m6t31
Node 9: ettshts
Node 10: 8kyh7b8 v2by7ol
Node 11: 2ti0vdm
Node 12: gji8gbt qrb7s9w
Node 13: 5vz84ta
Node 14: phtiey1 y29lpkt
Node 15: nt7vr0f
Node 16: yz3zymc
Node 17:
Node 18: aqztieu
Node 19: am4z6nd
Node 20: w98jr96
Node 21: 9jmpwvr
Node 22: c2bjvaz
Node 23: 3ehb9ds jneo96v qjr3d96
Node 24:
Node 25: 2xvlgs7
Node 26: 9rune39
Node 27: tt1f8t5
Node 28: 3gx2c16
Node 29: l2uw277
Node 30: 25svu0v 88ixrff
Node 31: 2qlxgfu
Node 32: fbdu7fb
Node 33: avrwnf1
Node 34: 0id9k1e
Node 35: fhmsdw6
Node 36: jbexrxg
Node 37: 1vb09nz

Node 0: kj8tnfd kvcnkpv ng673z6 nvjfijo wcqgtdp x3m84yz zw10rsx
Node 1: j2grtc9 nvnxiuq
Node 2: ncmt1q6 shj7dfr uteecd1 xm88yqr
Node 3: ehgw7hi jq26hbf nkjkyg1
Node 4: 45511ty 6mvl9vh 7r0he5w 8bzytcw 9zww4ng bo1xyxj ftfuogt iam7ow4 jtqpmio wxaghxr
Node 5: 4psq6qv
Node 6: 79qbvf8 a7dugw0 bi0xfbt tfnf0vz
Node 7: 1xnc2dk s10oyaq
Node 8: 5orgaah g35y0h2
Node 9: qyu1li3 tci2xkc
Node 10: vi4b8n7
Node 11: ol6lwxc
Node 12: ile214x jmlczpc mxrfnh5
Node 13: 4prrm9n actgq36 n5pbz2h
Node 14: pwrtsi6
Node 15: rpp7o35
Node 16: nqr30is
Node 17: 7rsqb0n vqgbfgh
Node 18: 6blepf7 gdwg38z p4l4zw2
Node 19: itp9zq5 mfdojlx mtzd0fl yec9tuh
Node 20: 5romqao dl372g7 snsug02
Node 21: 57zdvtm
Node 22: 4893cqo ht8tqo5
Node 23: vqihmac
Node 24: 7co8i66 9borxtr a7l6w7t ljevdsg
Node 25: 5o7d1yx lzm1348 skqa81d
Node 26: 0n4nwx0 28mahd8
Node 27: o87ryv4
Node 28: 0tvklu3 7alewk9 hvomnj2
Node 29: d3vyu09
Node 30: cw3rour
Node 31: w3vuvtk
Node 32: i7iyc8x
Node 33: jstdx8v o7y04sr w1hszns
Node 34: 17303ny 3a0y5us nvbwhgw wc0y0v6
Node 35: 05swsl8
Node 36: c5fqqe5
Node 37: 5uguybj
Node 38: 5avihtk 8gt1v0n b25e02o
Node 39: zper568
Node 40: rag25oe ye9gozh
Node 41: lo3fxu9
Node 42: 1zxcxaw
Node 43: kw3zcq5
Node 44: ka0yyf3
Node 45: afpelp6
Node 46: 180ebrq bdkoumr
Node 47: 30s317s
Node 48: l5d5zjh wuulglw
Node 49: ztxyoe7
Node 50: mg1f4ip v1w0lmh
Node 51: 6qpklvl
Node 52: l98v6t4 tqk7uml
Node 53: 1psyehv
Node 54: 5i1a92q
Node 55: capyz2u
Node 56: qpg4o2m

Node 0: k65d15j r0jn7vc
Node 1: x09p2d2
Node 2: pvd2frz
Node 3: oykkbcs
Node 4: 03knehh
Node 5: 2c2wao9 6vcd7x2
Node 6: 8cq4wbs
Node 7: ezg6rz2

Node 0: 84jbnl8
Node 1: 8l1huir owmp0ui w0zyoyf x6zgv52 zjhe8wy
Node 2: 16sxjyq mkt7upt pgt4hts uc8kbch
Node 3: ky6298o rl2w2hq rw2337g ugb7tyq uopc195
Node 4: 43f0gs3 5cadi9q dqqcd49 yb49q38
Node 5: dcfdgs0
Node 6: 291szs0 the0fim vchfy7d yok07d6
Node 7: ar46rng on8r60e
Node 8: eprnbhq
Node 9: m4pywca op5a0yd
Node 10: 45kpzkn
Node 11: 4tf87n1 tkluzgk
Node 12: cqycs66
Node 13: as3ju4k
Node 14: lkxzvoq
Node 15: rernt2f
Node 16: palwphp
Node 17: 4dencje
Node 18: 4jxeld3
Node 19: 2yfhk6w
Node 20: 17vh0qb

Node 0: 98yupzm
Node 1: 5lqaiq8 a4jva6h gog08ch hqm14cr j4b5gtd r25bcdf tvsk3b6
Node 2: g08irrs l2akefw
Node 3: camu2rk
Node 4:
Node 5: 03thkfp n84oapx zpexj5y zr82ln3
Node 6: vpz73z3
Node 7: 5jkddik

Node 0: 1d8znjh iiokwvi j3yjrzw ksaavbr lkphiv7 ngo1o4z qwsfao1 wmm910g
Node 1: oyzop89
Node 2: 1qwquvu 84ks285 d0ir959
Node 3: wx4wsd0
Node 4: 3dmgd51 ag5qd7u fj2u957
Node 5: dhn7ed2 eqioqm9
Node 6: 4ab5has cg2zwkj gdtw18p wxgjdb1
Node 7: jp2b8j4 o2ax1st
Node 8: c2aodgz vyevax1
Node 9: 3vwm48h 4v0k9x7 94simq1 cna3dvm f0j4x78 lgs18zp x3uvq4u
Node 10: 2084ipu h6okudz
Node 11: 2v5jdg5
Node 12: rxpiijv y79sjrl
Node 13: g7ji4h5
Node 14: s257hfq
Node 15: 0vzttn1 ud1ek7a
Node 16: 1d7vp25 yb2qn6v
Node 17: i4mfz0u
Node 18: avmhl88 klvqxre
Node 19: b4samm0
Node 20: ksg3mkk
Node 21: 3tgq9o0 fus0t6z hkpbuiz
Node 22: mmmelc9
Node 23: mjoym2r
Node 24: efq4bmc
Node 25: d0pllj8

Node 0: lv9r846 oi5t0s3 tpder3r
Node 1: 1yqyid5 442lke1 7r0ptbg kh7f4jv
Node 2: 31egu8c
Node 3: hwxyhl6
Node 4: 7gnicqv 94ji49n i9ntoq3 knzu205
Node 5: 8a4wg4h
Node 6: ctanhbn
Node 7: 3qw5xtc 420jvk3 9aj6fcq g2wjvmt rjujta0
Node 8: i4c35ym j5b8tbs j9dotgc pw9ui69
Node 9: z0bd6qd
Node 10: y3xlyzv
Node 11: 24owmm8
Node 12: m42jetc
Node 13: zvaur9c
Node 14: cpggf1e
Node 15: jc68vqb
Node 16: wmt81wu
Node 17: h7pfa8w pia4lo5
Node 18: 8i2zfc7
Node 19: yhyptsw
Node 20: npcfwlj qf8p9uu s4iw58a
Node 21: h5x31pq
Node 22: uue03b5
Node 23: 08a8x6j
Node 24: 51kniqm i1si5hb
Node 25: bpay8cz j3ecbvg shy4ofr
Node 26: 55r9aq1 7aqgcdt a8s5tag
Node 27: 21fvv77 3l3kfg2 d6fxta5 s6xgia3
Node 28: zouzvnm
Node 29: dt8l0u5 s00ylyu ys5zowq
Node 30: 2ce7acp
Node 31: 4djoh1a 6ju4a5n
Node 32: cz7ja76
Node 33: p7o863j
Node 34: lwhbroo
Node 35: ph2by7y
Node 36: azcehkj yrf5zkg
Node 37: m4t7853
Node 38: 3lzva7t od5h24l
Node 39: dxskryu
Node 40: ri99s3k
Node 41: 8k2l0az
Node 42: mg4kkvj q9ao8o8 xxly3l6
Node 43: n5khowg
Node 44: 0yaeqka
Node 45: jxrst91
Node 46: 2j2npa6
Node 47: 7qceojc rbzqd1f
Node 48: 7i9aje3
Node 49: 7fod9ec
Node 50: b6nvv98
Node 51: encnuf1
Node 52: shv50xh
Node 53: 1z5fkyi
Node 54: ej7oe40
Node 55: mcw1uqw

Node 0: 0etuj8b 9ce7em3 q0ywltv
Node 1: llavtuy z66s4xr
Node 2: l6cirxt
Node 3: 9h5ycce dsj60fq loh4sim y4br6y5
Node 4: 3k0a9wk 727u0py yvre5iq
Node 5: m2niqio
Node 6: fiuaslf
Node 7: e96lzbf
Node 8: ljxje3e
Node 9: 2yv1bb2 3ek3uae sq0s30g
Node 10: 1hl507s
Node 11: mppig8d
Node 12: fxf0d0f
Node 13: 45gn8gu
Node 14: w184ksc
Node 15: 6u5ykij p336sim
Node 16: b6mfic8
Node 17: emzwonz
Node 18: b979dp3 c5g3e7r
Node 19: 9yh3j54
Node 20: kfymmrs oljbyjm
Node 21: ddmt2ia
Node 22: ghn0yof
Node 23: cbqyc7h sia1m95
Node 24: nkss3y9
Node 25: olrun9p
Node 26: x2f7e6a

Node 0: 3ujplx8 55m0r9a 77x3udy 95833d8 a8rlxvv b2b3xzz eomictx kn0vk32 ms6fv5l oy9vclx s85y9ho ti1wqa0 w6uov5n x42gaaw yf1nxnc
Node 1: fv35dy5 rfbxb1b
Node 2: 1h2c3v4
Node 3: 6o5r1rp cv831hq h5taj3l hp0y3ru i60upwn t4vctov tvvsjdi xr8qtec
Node 4: 0a489re ged1wjj q9cmqc8 rbtmgp5 wthfjap
Node 5: 1g597ym dplpl0v kcyxlfu msqhqes pwo68b2 rd3v54v
Node 6: 23212on 6vxiboe dbjdjr9 iu1s9p2 jshw1di njqd3ar nlwu5oz r600if0
Node 7: wvi8539
Node 8: dndsl1e
Node 9: xibgq8m
Node 10: tw2y9sj
Node 11: 75h0n2j
Node 12: 7i1qboy v162gfn
Node 13: hsxstn4
Node 14: ax0boag lu7emmg r5icuof
Node 15: a1xwi7p m25g9ay ui7fayl wx2033t
Node 16: jof9mqo
Node 17: 9umo81v
Node 18: 0zrgzf5 81h84zy
Node 19: be8djsn
Node 20: 60elebq
Node 21: nr66oom
Node 22: p7h2865
Node 23: 0l32qeh
Node 24: zdel8h6
Node 25: 6292z1a rwmhkda
Node 26: dup8ysz
Node 27: od0icw6
Node 28: ag9lj6q x40z0yy x5gw7l0
Node 29: 8j60hq6 i0bgats wqkjnlb
Node 30: iomdv2p qhgrrkn
Node 31: ukwjnsd
Node 32: 4osleu2
Node 33: da9bm3x
Node 34: 8h7jvpj
Node 35: 3j5e272
Node 36: pofw77z
Node 37: 00wg6fw 5m6jsmb cqnemd2 lz7elja
Node 38: dye2r15 fnzkp0d gyds17m
Node 39: 7p755bl uqw4cs6
Node 40: tvxwe13
Node 41: gau70oe
Node 42: wr65bpl
Node 43: hnn2lqe
Node 44: 5q6s535
Node 45: dqhjulw
Node 46: 553gdk2
Node 47: hfrm1rt
Node 48: 2r971nc
Node 49: spyqlvp
Node 50: 9d0b95y
Node 51: jhlsbx4
Node 52: ltt1f9x
Node 53: b6zi077

Node 0: 6ivxnx2 9x3bz66 odsa0ze
Node 1: 4orfqk5
Node 2: czxr6r5
Node 3: 446wnx8 r3vw0yg
Node 4: c7121ua f38x0pb f56z7ow tditmvn
Node 5: as89hyz
Node 6: 3n4cq1r ffi636v
Node 7: 7n29flh eosmj5h h21j961 ti0zdtu y8c9esx
Node 8:
Node 9: cod2otj
Node 10: 9s93wh6
Node 11: jlln8kc
Node 12: 8m7ekju
Node 13: ke4c896
Node 14: jer3l5f
Node 15: 3th53nr
Node 16: f3xaqup kz6g4b6
