Node 0: 8bqznm2 g7n3ldu tkwspvm v9jazk5
Node 1: 5orug7f 6fe699a 8r7zunc mmjtj14 ms2okat
Node 2: 5778lhh aff4k77 jwv70c0 m12z6l8 qjfiksk
Node 3: 21iavd9
Node 4: geqcuva
Node 5: 5syrqzw
Node 6: sllzqg7
Node 7: efy2hgv
Node 8: ip68d2w ui2qg6s
Node 9: 0kpfonu
Node 10: dcpbpvn sdl1a1j
Node 11: 1gnwko2 3ect4a1 5rgzxht 7d43w4a awisumc d1ifozz e3z8vlg gy1lw2p rn7vut5 sc97tcg t6auopd tq8rjmi tr5d614 xjs4ftm zzrel6e
Node 12: tw1f8yv
Node 13: 58x3nt4 6mfxib4 f43vwcn st6gyue
Node 14: 0zp4g7v 9jkljf1 byawoal cyq1tw3 kr7jpsl
Node 15: uribylk wbqo1qx
Node 16: 0k88ehr e3bd4lh pe0vgjr
Node 17: jqeur0i
Node 18: 2pp8f31
Node 19: 6jatmbl f73y29g k10okm7 ku5n0fm
Node 20: a33i3n3 p04ila3
Node 21: p6d9fad
Node 22: bu9i357 r7vkofm
Node 23: 42den5f k3vvexk xoyo7db
Node 24: zy6h3ux
Node 25: 4qhyy5h
Node 26: 0h3nrrr heneljr hr80aci nvtt6b1 p048ldn
Node 27: 0w6cebh vgme38q
Node 28: 01tim8m 13lge9b avqstej c16dfz6 f4qk8ze h5fhjur w286d0a
Node 29: nwm14f4 z21zz9e
Node 30: lkhwxm4
Node 31: 14b5dqm ys1sf4p
Node 32: ecf1ozn eycm0qs h77xdvd
Node 33: h2baacl
Node 34: 6z728i6
Node 35: r8h2rxm
Node 36: ajhgzaq
Node 37: rui8wd2
Node 38: dzsfhds
Node 39: 2f3lv74 el58wqn i1025x3 s7ch7ph
Node 40:
Node 41: lqe8l3m
Node 42: kevzz26
Node 43: 1yc8rxa
Node 44: 7za7ef5 9699y4e
Node 45: r5i6roi
Node 46: d5rlox2
Node 47: drxpi3c
Node 48: 8uei5u7
Node 49: e6c79a8
Node 50: w658jpn
Node 51: 8kksqku kkvi2pw
Node 52: x4bd55m
Node 53: 1zbnt01
Node 54: oga6gmq
Node 55: h2oh7im
Node 56: io2gglt j9fo4vb
Node 57: o7pj2gp
Node 58: 0k58s1p 8bxsirj n4f6w50
Node 59: 1v3x920
Node 60: hskydlw
Node 61: u98215e
Node 62: ke02zxw
Node 63: 3u6od4z
Node 64: 321hnvz
Node 65: yd15oa2
Node 66: kh5ahvs
Node 67: vlxs25j
Node 68: php0atp

Node 0: 17j6bok
Node 1: 083xyxj 7qgk3z6 hl6d25v kw967e8 tqt7ve1
Node 2: 15feq13 2cudhsk 8etlc9v 8sn0u1s anmyw1a c07wen5 devpago hj98ux1 klcsr62 q7sjf40 r5ok0rf saikmjw u2vtgec xda4sn8 yt1jhed
Node 3: eoyfmqz
Node 4: 5mlsfkq 9lyz5py 9ms8drr 9poagvn avgyr8n c9yi257 chthkpr d8uinh9 ejpmjw4 isosl0e kd9wsbs lfjjd31 svs22or tz28svf uop01m3 vdyr9ng ybiw57y
Node 5: 23a0ruc 8xe5cqe e561hrp rtbgkrv
Node 6: 5hjq33d g7s8yqn onmpoo8 zi7u1zb zm9qjy7
Node 7: 5p92hpt
Node 8: t2l17wg
Node 9: 96fe1cz obqajsd vlkulaw znts642
Node 10: i45tstm
Node 11: siujgp4
Node 12: 4hu9jhz
Node 13: 4soll4r 5ahbg3k 7dzhune 7gekup0 86e6t56 de6xk1n
Node 14:
Node 15: kj5y7dj
Node 16: 9wno1y9 i2ahy4v
Node 17: f61c71o p28viz9
Node 18: yade24y
Node 19: ptg00jw
Node 20: atehhnq
Node 21: 8279j3r
Node 22: psci3pb rz0yr1l yny8bri
Node 23: x5e2cqz
Node 24: ookr3vq
Node 25: warivj5
Node 26:
Node 27: 5j21vxc eh3w03r
Node 28:
Node 29: kl7w2wn r3uomze xwyp9yo
Node 30: pcdahm2
Node 31: 7bmbhfg cr8surl
Node 32: 8wpyomn jruq6gk r364me2 t58201g
Node 33: d2hdhmg
Node 34: z3i7lui
Node 35: 8tarq5j yr2nin5
Node 36: kmzppho
Node 37: 6xl1hsk dnjowgr edmlgtk
Node 38: 4myqgks hax5p6s
Node 39: b0ggs6f pcdtcgi
Node 40: n663a27
Node 41: u4ojtl2
Node 42: u6rofhi
Node 43: 69jdqm1
Node 44: rpixn0t
Node 45: f2gn7ck
Node 46: f3irxma
Node 47: f0lpmqv
Node 48: r8c9rbn
Node 49: 2wng6wk
Node 50: pyatiml
Node 51: 1imlcen
Node 52: opj7ai5
Node 53: rt2jgdd
Node 54: rb9e2u3
Node 55: xhwxbv2
Node 56: ml6i1af
Node 57: 7tbk0u4

Node 0: 2uzy7d7 42l50gj 5srw6lb kpa7q1v
Node 1: mdrudfy
Node 2: oj0v716
Node 3: ghyyzbj
Node 4: igy3d45 lt15ysl twa7sj8 vh8elqf
Node 5: nde1906
Node 6: 6u9s0hu
Node 7: htk1o9j
Node 8: hiocq94
Node 9: 8tpjl48
Node 10: 0mjsp0w 1ulj6ya 2tnel6a 61ls0u8 gld9epq n97jw3h
Node 11: ver2p0c
Node 12: oso1pgj
Node 13: vbutkvv
Node 14: 37091zt xp238s4
Node 15: kb7pu7t
Node 16: atgmbce
Node 17: j1x4uq4 mygbycq tt68sut
Node 18: 6xzhumu
Node 19: 2aqb53d
Node 20: rmdx0is
Node 21: p7xcuri
Node 22: ir3ffbi kxwvpv9
Node 23: r5a9bf8
Node 24: 1fikoha 72lhhtp
Node 25: ke3y8zh
Node 26: 4e52ifu
Node 27: wvd9uvz
Node 28: 8ziqkgr

Node 0: e31ivz9 jgmq4q4
Node 1: 0mafm5y fv2nzln
Node 2: fe9rh46
Node 3: 77p5joj b61gz3l
Node 4: 1s0rct1
Node 5: 907tgvi
Node 6: czmdqws
Node 7: 9ehvax1
Node 8: o20wqsb

Node 0: 88e5i1r
Node 1: 3cqc36q q3i5k9t
Node 2: 2iwd41o 4pzsqe4 650s2h8 8w65dv6 9m39ug8 a4pxn97 agief6b f48yzu8 f8grya1 ineneba m8ykz50 mzycjfy tdxd3j6 wok2oq8 xmusdfx ytdrz16
Node 3: x73tkit
Node 4: bzq8isq qy8mo4d trswup9 zutmfyj
Node 5: 11vdqa0 bdab5tg eqyi6ky ipvmd9t rzi0b8l vxsu8hi
Node 6: lfwgw62
Node 7: 6hvimi5
Node 8: ar0hu71
Node 9: t0kocx1
Node 10: 6e5nbts
Node 11: 11j51k6 egbngmd ejs775p h53rs6j jlvm9cm
Node 12: 7l2bkms t7qctb1
Node 13: 4wnkdod
Node 14: 0196oyw
Node 15: hbaq75b yyudkys
Node 16: xi5xkld
Node 17: 1aqoe3e
Node 18: ts22giy
Node 19: og9rrle
Node 20: 44vxjcs v1i6bt4
Node 21: 1eyv5fp fyqd69r mbto0f0 v32whyj
Node 22: dyrebrm
Node 23: lxzuj6b
Node 24: ffj1qbn xkt3eh0
Node 25: xx6ovf6
Node 26: wk8yrey
Node 27: 3uvc7t5 ap4zr88 dz4zwtg
Node 28: tykxif1
Node 29: xwly82o
Node 30: 3ufgdip
Node 31: n95fr62
Node 32: nj7rg5c
Node 33: ijw10xv
Node 34: htnzqkf
Node 35: c56y8at
Node 36: nrw3dpk

Node 0: 0tsl2hq e8j15d6 og21iq6 ue14xwu v7uq2u7 viqr4rf ydgmclb zkjop9n
Node 1: 5v3hqrq 67uczcw avzj9hn cieyn28 crst22o ekxd145 mlvflpk p7a7b9b u86rjy9 xmm0st1
Node 2: ly1vmgk
Node 3: 95digzm cmzqbk6 ir9df3z zmqzh2r zvuofml
Node 4: a8ylq9e cnjeue7
Node 5: 5xmfpaq
Node 6: wjeja42
Node 7: fbcp4yu
Node 8: l9qxhkn nby2oe8 nlvfc7c y6rbpjl
Node 9: i9szxa6 uvl5frj
Node 10: v5ry1ei
Node 11: k6vx8al pr5ap70 xd60tcg
Node 12: x9077lx
Node 13: ajtqews lyput5w
Node 14: 1427ki5 25md6xq 2hu5j3c kawkbtp scfm06y
Node 15: g72q37s
Node 16: ndk6b8m
Node 17: vgl6zb8
Node 18: 2fu3m9q oylxcc4 ss6sofc
Node 19: c46vngv
Node 20: wdhb6j5 zli9so5
Node 21: jzlahrz lciq0kp tcudcht
Node 22: 2isoev0 revpgvd
Node 23: u7vfp3m
Node 24: 4xfkipu ss5qgs2
Node 25: el0anqv
Node 26: ok4yvtg
Node 27: 0v1g7ak hiu08t9
Node 28: ffskldj hr7i741
Node 29: rzi3whl
Node 30: bq9hwi8 kiqrp5g
Node 31: bkmkq3n
Node 32: yrqj74w
Node 33: txzpxst
Node 34: gcyupl7 y0lh593
Node 35: ev41o67
Node 36: 2tdhdr7
Node 37: o0lhv5u
Node 38: gs3tx9x
Node 39: b476box
Node 40: onydc3a
Node 41: 2ysbuf5
Node 42: kulkuyp
Node 43: eqt0fby
Node 44: hczryfl

Node 0: gfan8iy rlp2cac
Node 1: 740jnvn npy610z yj08etf
Node 2: 4rs8ix3 ef6m39t hdza1z8 maad5l9 njck98h
Node 3: buf2dqd cp1wvpy guwjhrp nb4a0ug pesprvy qever4b y08wzre
Node 4: 60c1ktw kndxnm8 u04nn07 whbcc98
Node 5: an5yepf jhomq1f p9s1f05 qod2jqt syggfe9 tkv468g uwc9qeh wv0fhdg
Node 6: 9d6p230 lix40sd yo5c55l
Node 7: jy6u21m owkujja v92sfor
Node 8: ib35f5f
Node 9: j49ccf6 jhc6vwl tk2b9ge
Node 10: fnjaj3u g2tk5f4 vnsik5h
Node 11: pw3o062
Node 12: alzso3u m086t68
Node 13: kfszbsd okjtdly xbn1359
Node 14: 96pcl03
Node 15: byhoihl gv23l9d nh9u9xh qg4uere qtgyaq3 z5oc10o
Node 16: 6a5q7lm fu5ylph
Node 17: 8myznbf fwwz5sf jmi3kne ktlr3iv
Node 18: 2nh8omk g6vduh3 uszoy68
Node 19: 1sgjjyu m3c7isw uenttf9 unsms6r x3y052c x7s7hbx
Node 20: p2my2ff sjh008j
Node 21: srg3lkr
Node 22: 0gc7z2m
Node 23: cjbkfiz
Node 24: 2ro5ylm 6ry229e h20jh0j
Node 25: cs7lqwc
Node 26: 6c3jgut
Node 27: 1f9ynxa
Node 28: sdi00bq
Node 29: 50pqm8h 575a12s 5e4avib f7s3yce jkqf5e2
Node 30: 3f56lg5
Node 31: d24ha2c
Node 32: r7d63c0
Node 33: ujsjq6g un2bou4 zz341bl
Node 34: euq0juq
Node 35: brj57wn lxgkwiw ya0blq8
Node 36: 38vmrnv xb7eax0
Node 37: nashhhc
Node 38: gsx8uz6
Node 39: rde64dm
Node 40: dn4rv8s
Node 41: 5ep2yon
Node 42: a1dc8gf
Node 43: tculnsg
Node 44: 7thg4y6
Node 45: o79zaie
Node 46: p4ryk0p
Node 47: n8g9ypv
Node 48: 2z41l8l
Node 49: 2yt3bzz
Node 50: pujiemv

Node 0: 0b08jjl 0qjyiyl 7iirt01 f29tcr3 nw65o3q pdj2f5u t6d1psx y913qvy
Node 1: 84p736y 9gveams cri5dkl icrozes
Node 2: 0pedkpx 4czmmtn 4f1vvhm 51k1f1v 9ztb3o0 cf8wz5a euavrx0 gby4brj nj8xrnd olyqg3o sa1kzst x31bz9o xfw6o6m yvrdygb
Node 3: 7375do6 bkrwgu8 bvry0dh
Node 4: 1g8ota2 2x5hhj1 gwj6178 hegk2vk
Node 5: 49wjo8s yexxrtg
Node 6: 9oz9jv4
Node 7: m2cn93m
Node 8: odensp6
Node 9: z45bgsb
Node 10: u7b6vif
Node 11: npwfu7j wmc88aq
Node 12: ovx2t5a
Node 13: 29xabaj
Node 14: 4nlwc3l
Node 15: crcexwn n3pmdbe
Node 16: b7sofc5
Node 17: bsjsvmz io7pcv6
Node 18: o6mwhoz
Node 19: 3rochgo ev5kh23 tak1a6f
Node 20: 3s8zk8c iiaf9wg l5vvhgk o62kgcr
Node 21: tq53933
Node 22: s12w6bf
Node 23: 1qvnrkm 23mc3rs 3aleblk
Node 24: vttymsm y7e19md
Node 25: 1ik5msm
Node 26: gz1rg4d
Node 27: ycqt4ot
Node 28: azbnpbi
Node 29: 4eih3dh t2mod1r
Node 30: 5ng707b

Node 0: 8ovkryg
Node 1: bwzv6wb lxicryz qm36rr1 uigfn4y wcp3rz4
Node 2: 07zjw00 cmi9kg6 ep65ba1 fu7pdm7 hahqowl nqcq9fi
Node 3: 89vmu6r yf2nhsy
Node 4: 9btlskk
Node 5: 0tu1emf 2743qj3 4f0rokr 4i88qms ex202mv iav60fh latvh0n pxih3km
Node 6: e6qooyc
Node 7: 5pv7yay 64hohc3 83otelj bs0komz iaqdwl0
Node 8: xo6kkvh
Node 9: 9qkqa1t
Node 10: sq9epxl
Node 11: aa5ft93
Node 12: r8k5jsz
Node 13: zta2ofu
Node 14: pgmhhcr
Node 15: 0cojn99
Node 16: 2f8t2dc 6ab5lsq immtsal uqzdniy
Node 17: 2xwb27t 808ovax mikc3wg pme7wxy twxai9l
Node 18: 562bk46
Node 19: 17ecd5r 3ajiduy 572syig 88atd0m 8ofowb2 blzwn87
Node 20: eiyl1f0
Node 21: zrjzbgt
Node 22: pu8ev6n
Node 23: 2dcyecm
Node 24: htktln6
Node 25: qdc4g45
Node 26: 4nqn6s3
Node 27: n4qgz1w
Node 28: x8jl3c8
Node 29: mud396c tqcbd78
Node 30: sya6m7g
Node 31: q0ydoxj
Node 32: 3p44oha
Node 33: 8xa0mw5
Node 34: b535gey

Node 0: 8zt6eed
Node 1: culgfsz lrqyovl n7g20ur sr6ungq
Node 2: 4g0zdhc 4i5xkjw 9b2jbl4 bbcpx8w dcempf5 v8y8hja vozwtpj
Node 3: cxcam6b fx6vo4i md84hab pjcde25
Node 4: 3uva72d z7x6lk2
Node 5: 2x9my86 hf2pdb1 ym5b15z
Node 6: c979zhs igugwkn j806p9h
Node 7: 8fv3w4p
Node 8: 093c3be 0snluf4 4nu7s7n 9mus6da c1rc4gq i6xwvxq vo0ggup ystqp1s
Node 9: s0pklci
Node 10: ycyspir
Node 11: acl0j62 sg1zu10
Node 12: 9uznxdb
Node 13: 1h3f1ix 44a68p1 56mwa0o cq9g13b gtsod51 k27hh6j ttit62y wgn9r4u
Node 14: 5rcx62u c6aumy2
Node 15: a965zwz i5jz4x8
Node 16: zjh4ikr zp69k6d
Node 17: i10d0bl w9yv2pg
Node 18: 3mc0qxu 87scacb h9ax9fw
Node 19: lm9ucl8
Node 20: pjs4tym
Node 21: h0ba5h1
Node 22: l42l6je
Node 23: qss46u6
Node 24: fi2s6yr zrta07v
Node 25: uku6i81
Node 26: gvd4gle wtz5gbw
Node 27: udnncz4
Node 28: 0lx1qwe
Node 29: 3rwqp81 6qa723s
Node 30: d6zym70 omlubb8
Node 31: upb2an0
Node 32: 26eiqe1 qu5o1k4
Node 33: 3l7seoe
Node 34: tu8f1yf
Node 35: zc06dq1
Node 36: hkw92b4
Node 37: 5cwc9d0
Node 38: sovqy23
Node 39: 3bmmlw4
Node 40: nj1skiw
Node 41:
Node 42: 7djzzbb
Node 43: 7aj5vbj
Node 44: 49nlvp8
Node 45: miq4vdg

Node 0: dkb511b f3ncyvg jp93e55 pbwz4eq tahkka5
Node 1: d5txda2
Node 2: rzysrk1

Node 0: e1743hr eo2jybc ii9lh3k ijjuf1x xix1awy
Node 1: 5zeolqu
Node 2: nq0xg0r vyv37kj
Node 3: e13pzgx qay7v7t
Node 4: 6tcxkfx tvrzs1c
Node 5: 06ivenr 95i6cvd p5b69th werj6n7
Node 6: ggfoiki jd87e5h mbt1qkw n8aiuyr srcjm0t v9dq3sg
Node 7: 3t3a0bn 7ulcohr
Node 8: 30r321n evnqonp i27x24z
Node 9: a460vi2 b6rcdf1 hr2s9yp k5ioi2o ktdqmlh
Node 10: 6ffccdt
Node 11: a9aln1y
Node 12: 3vr9mvk 9bjlm5l j04a58z
Node 13: 4g3je2p 4lidkvq 5pynysd 65kgakp 8gkxkm3 95t223z b7u7f6a e2fezmv frii33g heb2cw6 j2s7dpo to2c2lr
Node 14: fgt80le
Node 15: g1f8jfh
Node 16: 68gmhh0
Node 17: ka31tio
Node 18: 6iiqma4 oj3zp9x
Node 19: aqd0vax dbykpav fs049ik su9d19e
Node 20: msubi0n
Node 21: bp4jvkf lvwljr4 sr3vr5q
Node 22: 8m941my
Node 23: 2jpwz14
Node 24: 1bn5bez de5sgfr
Node 25: c3gdulk g2vv57t n3mio6r plan4hy
Node 26: 0nkyfu7 afdj6fy xupldol
Node 27: 8z14taz jwzbh5i orjqu8x usafm7v ymqmnbs
Node 28: ia9uerp
Node 29: fea0kln
Node 30: witloqh
Node 31: qem5alr
Node 32: 1rmkmrj
Node 33: 2232e48
Node 34: a6xm49w
Node 35: 8bqfk3i
Node 36: rg5ud4a
Node 37: bp4um9y
Node 38: nqulg6v
Node 39: 2021doz
Node 40: nfkkzma

Node 0: 6re3s08
Node 1: 1s3byi7 750viax 7fxyxfr 8nd1a1p detsxry q044ees qerocec shhj8cd y6i5l17
Node 2: 2j9vjk9 7jzmls2 esk653q s61xcx8 wg18kcr ygx9ql1
Node 3: 3f7h5v4
Node 4: 7xlbk11 90wf8jw d94acli p852ihx
Node 5: 6inlx0y
Node 6: n6kdu95 znwktja
Node 7: 3j2iwzg
Node 8: i12lwcy
Node 9: ft2102f
Node 10: 5i1zrpg 81m83c5 m6srkqd
Node 11: bk7n5c6
Node 12: wksnedq
Node 13: o20gqky zhbmu8m
Node 14: fqur3ek
Node 15: ii4gqqy
Node 16: 04p7jj3 68xuvkx nxczum9
Node 17: 94gjsv8 b8cic2r rzo73az vv7ums5 weho6na wkxxqi9 xe2re35
Node 18: ufjv4qx
Node 19: a57798q ihkw859
Node 20: bngf9od
Node 21: 6nj0jd2
Node 22: 7g9kufd
Node 23: zs7frs6
Node 24: 7rrsdtd
Node 25: of5uap3
Node 26: fv7vnd5
Node 27: wywvgl6
Node 28: 3s0u6cz
Node 29: 126o36w
Node 30: xcjuaqp
Node 31: e7e7co8
Node 32: 0vhfomi zta33ad
Node 33: c9s2xpb
Node 34: edksvsf

Node 0: 1dx41t4 8fyewvu 8k4coio 8svrplg du5fcpn ee8gvah i6on16m jponejz l0jxqbv qxj7qmg skdauu1
Node 1: 1vvr9gp 2clfxfi 2j2z81a cz949d1 dbhlcs7 enx1i3o ki32290
Node 2: 6rueyc2
Node 3: uawe2bh
Node 4: 0nn23kp 2xyjdzc 7vqngr8 c3qs9ah cco4y6j ek0s05u flkmk8w gfy9blg gvcxdc9 nrut868 o6t9jkh udt16dg w02hjze z4smknd z8prdpg
Node 5: au8wxer egw0bxb hznlpx7 iyl8iki lur3x6t tjy1m4p u6hvs50 zsdfnyc
Node 6: 2r58bhe dc3461f j3rnen0 o1yxs3k smh1mlt tukt2kj tze3uyk wd3ehy2 y8pa9ep
Node 7: j5c82q6 mdu9la2 w6fss1v
Node 8: b8oecuo
Node 9: 7og3jfk 7uk2427 goe819q o3x8h0l rvlmr2q v2xz762 vayb5ad
Node 10: lk9hnyr x9sei63 y15xo7e
Node 11: 8kkbh13 96rymic
Node 12: 7uy1bdz bt8ebff
Node 13: ne072n8 s773zte
Node 14: 4bdfria
Node 15: vxp34tr
Node 16: 4zqkztv
Node 17: esquupm nqspa42
Node 18: oiyg6wp
Node 19: 3kp8tid
Node 20: llcj6x1
Node 21: l6w9jyj
Node 22: amd3m44
Node 23: erbbat2
Node 24: lfv9z6t
Node 25: wgf34hq
Node 26: 3k2826f 52h02to
Node 27: kyodz1h
Node 28: mlde59q
Node 29: 4hyuo45
Node 30: bp5qrry eyuac0b mkbrlfv t4ikzls
Node 31: 1xqbhfy
Node 32: 2hh0z4y
Node 33: z07m0qa
Node 34: 1i9zxza
Node 35: ssowt3n
Node 36: o3255tc
Node 37: kjvs85g
Node 38: 6puvkba 7f1t9so qz7m2h2
Node 39: jimry60
Node 40: 6dfll72
Node 41: 77380ah
Node 42: kl8m58y
Node 43: rz7zis1
Node 44: e36g20c
Node 45: d79b4g1
Node 46: d90vol7 rgkxcxn
Node 47: bto1yvu
Node 48: umo20ju
Node 49: 65v2y7v
Node 50: lbwt22c
Node 51: 3tyf1k2 gjl7j5z y1ypzo5
Node 52: k4m7lqy
Node 53: nwwtuq5
Node 54: y7wwlwo
Node 55: 6igsudn
Node 56: 5kcq958
Node 57: fewzf03
Node 58: q1cw7ng
Node 59: mjjkcxa pj1c8p4
Node 60: esdf4vr
Node 61: c8h2tn2
Node 62: poyt9lb
Node 63: ky66eb4
Node 64: kggpb7m
Node 65: 1n6jehl
Node 66: vqmyk0i

Node 0: 7kl7rvb cujy5pi d5uoras hgr7bik hrrptdr l77mu4y ne370zk ojga4mi r5u7i7v rfbav0e vwe79q5
Node 1: mvakrac
Node 2: xwxujh9
Node 3: txie339
Node 4: 516cejc 7sa0v00 jiqxngq y1kc5s8
Node 5: 181a56r
Node 6: 51o64qg 7bawmhk a3gh4t9 d7nrnnz g7h2ckm tr7v04m vvv89yn
Node 7: rjyrfqi
Node 8: 4vhn5fd 8gdfltg
Node 9: 29steqf
Node 10: rplhe1h
Node 11: kjg4yue
Node 12: 5bktro1 d036boh pufj65h zs496jf
Node 13: mwzmlzu
Node 14: lkay3wc
Node 15: kfpo881
Node 16: 39kwb3h
Node 17: 8tvhe0n

Node 0: 1i66xen 993jpd4 ed84gxi
Node 1: m0spb9c
Node 2: 12qkd35 6r7q2fc 7cox30b
Node 3: 1q0f76e 6wwaooa kgcs6pj uwi735v
Node 4: vshdm9i
Node 5: 3m4tct7 gx1j0t6 ymll1nj
Node 6: 9f17xtd w5wb095
Node 7: tiuiqfz
Node 8: g92rhvo
Node 9: 63ys9kn dh8yxb2
Node 10: 542ypn5 dvnmicf
Node 11: xkmgioh
Node 12: wnt7njv
Node 13: 0de41em b6au6b1 dhs2cf6
Node 14: 8hm935o tck0vzq
Node 15: 9yt35s0 dmj8ugr zhzc4bc
Node 16: uoe94es
Node 17: mm7kn0u
Node 18: uubeqtb
Node 19: garq7xj
Node 20: 22qnz2u jndmdoo
Node 21: 7wsz76w
Node 22: lkdf0ld
Node 23: 2ee77rk 9pvfq6b
Node 24: z7l3c5w
Node 25: hw0t0je
Node 26: j9otttn
Node 27: 8xjcttp
Node 28: dfu7fbv

Node 0: k7yze7l
Node 1: cmlr3xk
Node 2: 2hs6vv5 d2smgzq djbrwz8 eponw9x folb3tq l53bctq n1b93in r8ckie2 u0umv1c vy25cvh wmyqtlg
Node 3: j4kelc3
Node 4: nqt69i9
Node 5: 8nzt180 ch7jps9 fgohdxf j4wc4ro tu3fwdx tyrpd0d
Node 6: vwfbdra
Node 7: 6czot0u 99wkdnc grrv53m s35j2r6
Node 8: 0i0t7hi 3qmwd31 8lv895e 8qbhquv cffdj3h wy5womu y0tbjra
Node 9: 7vor8g2
Node 10: 0kaftqh
Node 11: hq2guqy igvf1uy r8h8jg9
Node 12: e608pnu hdolgj5
Node 13: 21w92wh 2smxmo3 4ylwcuu 8yvo8d6 pmfjr6y
Node 14: 0dycv5i e4n7en6 ftqf7wp jgthds4 jhfz22e nm5o26w s4ky7ix ujq3ftp w7i9ter
Node 15: rd9gg79 wfd8gqx
Node 16: g9i89ql
Node 17: 154jtzi hwpc3g8 lgy62je szrd98s wkjdc9m x5m3gzq
Node 18: 32ooo17 iift7ky s7jy1a0
Node 19: 3bln8bw tvn6kzy
Node 20: v0k6pig
Node 21: amr19q2 g8396d6
Node 22: auyp8ps lkbn3pe sp5ev84
Node 23: 5rz98z6
Node 24: 6jn2tcc
Node 25: stiqclh
Node 26: 5wzv9fk mp9xyob
Node 27: 3lktg6t
Node 28: 8ae8683
Node 29: ctbut2d
Node 30: seknp7t
Node 31: sbm7d5t
Node 32: tiaut5a
Node 33: p3yv866 wkoxica
Node 34: 92g8v6s
Node 35: kpx4bpt o2pabo5
Node 36: zoify40
Node 37: fgvfo5o
Node 38: 62v99y6
Node 39: 4krhka9
Node 40: qvxrv5j wjnkepp
Node 41: 9orelob
Node 42: ulxanso
Node 43: 94dlk2g
Node 44: ouhlqhk

Node 0: 1rftszf 1uhpd1f 53nmint 9ap507i azexup5 b8g2fss cwewyed dwpipr0 fskk5c1 gqfnmmt gvvvw0k pej6whe qagvu5b w2np93y x45spbd z37nxnw
Node 1: 4evfdz7 5zm1tml 67s9rng nrma2sh
Node 2: 6uktsko 8bh6jec 9rmubbi aqf686m ictuhkv wh2ktgq xku6avn
Node 3: deyvzj2
Node 4: d1wwph6 y6idubm
Node 5: b22uz37 lvbprd0 rnjqimm
Node 6: qxdvs5j
Node 7: sddl6s5
Node 8: bayhpc6
Node 9: n5y9bhg
Node 10: q15upc0
Node 11: 0y09exm
Node 12: 9us71nr
Node 13: an5lox1
Node 14: r2yc820 zxr0irg
Node 15: 4qfy6ci
Node 16: g0mfpae
Node 17: yyo5ilt
Node 18: m02u60o
Node 19: rwqjmrn
Node 20: c2vn2sa

Node 0: zcxpnpl
Node 1: 2g6k0zh 3oktqgx 449hiel 53t8y3w 6uz1so8 8kf9rrq aowp6u4 ayqfvrd edsp9cu g8g19s3 g9q2h1l ga6ls5q ghr89af h1zls9y hpu8rw3 iso1vpd jkm0wkm l31d61t m017pem mbm3f93 nce5c6g rcwi85y rmfj224 u0qeq6u v6zn9n9 wgmyfmr wnm3l5h xv3ij21 ziu7hn8
Node 2: 0wumr61 cjyyf60 dyemzc8
Node 3: cv5y5w8 lhtky18 zdt4g19
Node 4: 5yaqwaj 98e24v9 qzl1ahj zyc5h4w
Node 5: 8ykbjtd
Node 6: a6ryxsw e4hpg3f jpuyggw ractgwf skxyg6f yxcgr1f zcn1i8q
Node 7: sau437r w9qhdpa
Node 8: 0rt54oy xz8z2tb
Node 9: e05elrt f39akaw jji4fv9
Node 10: d68maf8 frhh1zo
Node 11: tjynoao
Node 12: hvzxogh krve0f1
Node 13: bngof3d
Node 14: rlx96sh
Node 15: t9na429
Node 16: j3gsp05
Node 17: 4c9l35q
Node 18: y0sftc5
Node 19: 4dssbll
Node 20: 9bog8bd
Node 21: 241lkiy
Node 22: sc15512
Node 23: 1zc347e usq4iqm zebj1cb
Node 24: vfllbpz
Node 25: e51qau5
Node 26: tfj5m0z
Node 27: e8nmg56
Node 28: ihezf77
Node 29: j5dvjkb
Node 30:
Node 31: 1t9p3op
Node 32: 2eyc06q
Node 33: 2i429kj
Node 34: dp1quwl ynxmeaj
Node 35: 8ak1a4n

Node 0: o3i15he uwefnyn
Node 1: nmomqmt o7q6hv5
Node 2: 4t06n91 4ugq88t 5dia4sc 7o8nhim uzypnhm
Node 3: fgr2a2h h1qtrvr wlnkm14
Node 4: w76ivt5
Node 5: 2geeb1u 3m8m7pn 7h28y6w bpcofaq rac3nil
Node 6: aqg7qc5
Node 7: pqmou5b
Node 8: 9yutwmo
Node 9:
Node 10: 7ulpx4h
Node 11: vvlufjo
Node 12: v9g2tsp
Node 13: vmgx5s3

Node 0: vapgkgr
Node 1: hfxjtxv
Node 2: 249exby 4ont5h3 hn86pww rn394z4 sktgz4u xyijnvr
Node 3: t1t4ww7
Node 4: uigd6ws w0crk67
Node 5: 9je11fd
Node 6: 3q99zs8 3y9pvq5 55zkb7x d4d472h nnhm2iv ofs0z8f
Node 7: h9lcgqf
Node 8: a7mnnzl
Node 9: iii6bx5 lb336uy wttga2j
Node 10: 4hnh3ot
Node 11: dzvr0dd o32lhrf qt14h9j
Node 12: ab4gkpj
Node 13: ecekwea
Node 14: p9yoe4i
Node 15: z2kqo6f
Node 16: 7rcf0d2
Node 17: ehi83ui

Node 0: 113iewe jg5tv98
Node 1: 4jhm0tp 4rhn8wo 723a25p 89as09p h0yq7q6 jc3e4qc sef8aak yu4ygni
Node 2: fn906mx gvxflq1 osthf1t u1w8h48
Node 3: 9unn17a
Node 4: 26vz8ea fkm9fzt pt7222m
Node 5: s8bwyyn
Node 6: 4dnl9au
Node 7: 97z3hxh f48gs5u rz4y8g0 tr3rgrc z70tns2
Node 8: bhtblmx
Node 9: 4nswn3q 8czj2u7 c1bfmif jiatn2x p9qxtxe thuyxa0
Node 10: udzjuo1 w263who
Node 11: tmdrx4e
Node 12: 5afeoxu
Node 13: nv1rve4 yp1t803
Node 14: p3zjrde pz73jk4
Node 15: gwemxtp q2eshf8
Node 16: llfn57j
Node 17: ziy1c17
Node 18: 0k8sun0
Node 19: hdcqh6k kqhs051
Node 20: idj5igd

Node 0: 3azxt3e cdyzy5y dsjd2hf gqhbtq0 hnggi61 j00aqnb l48jf9b re39va6
Node 1: 504loxm bo2g5g4 dxb5rih i7cx9cb k9bofhk p3xqr4x q8rpbfn
Node 2: 17210x3 8zrj6cc sr8vtto zkmm6z4
Node 3: tf46mnm
Node 4: 1ttjg4b 7d8d396 y0xf80e
Node 5: zmeeg3i
Node 6: k1osfmy
Node 7: l4h9yue
Node 8:
Node 9: d1f2jjk nbvbjpq
Node 10: db92khd
Node 11: az06k4n usd2vzc
Node 12: 09zrh65 b4pz61e
Node 13: f2iap03
Node 14: ffbalot
Node 15: u1sjup9
Node 16: 42izccu

Node 0: 4oa4yb5 atps3iu gu54pka i7jyqd1 ji6h71n rtweevz ue2k0w0 xs6q79j zo0nuf9
Node 1: 4agzvr5 4g2j0pm 6h5yxd3 6pas5xu 6t1fflk jnfxbs7 oe2iyt4
Node 2: 0smp5qw 9mkopp2 9pnbb4n iuz05gu l4qets2 l7575f5 px16x8a t09lhya w3yv1az zm25qe9
Node 3: 5ixz4va 8scx8os inuk3gc
Node 4: 3rltuf1
Node 5: gasjj73
Node 6: 827dhe5 m3yotww mvfuz90
Node 7: 20dphlk r04hqn8 v59trgc
Node 8: 5jxz557 8ncmx7i fpjv4l7 q0blfvg
Node 9: w4rzucw
Node 10: 601g4d7 rqu5v0r ww1kg94
Node 11: hv8e3vv
Node 12: b5akwhp
Node 13: lh7ntdu
Node 14: 9f8rogp
Node 15: d7xola1 ze9uwhv
Node 16: 1gmazuu 7s82mrv 8utvf3b 9ilrs7v nzbw6h8 vkogjqi w8ly41a zng5p5e
Node 17: un0yp4c
Node 18: 5p9c4m7 jmcnf80 v0hku4n vdu1tf4 vjs0e04 yy2zd43
Node 19: r00rovs zk1nj31
Node 20: 49epgiu bpsqexb p4qd1wa
Node 21: ssh2iep
Node 22: udvzd04
Node 23: cw2uit0 j5rfz2e mok9txy
Node 24: 06ozkrf
Node 25: fu1nsnj
Node 26: 16mgwtj b713kub
Node 27: davn6v2
Node 28: p1y6xn4
Node 29: qduhjmv
Node 30: vyq9ujm
Node 31: v1u3g8v
Node 32: 4455grs pxtiki9
Node 33: d1hw4q0 xztnqz3
Node 34: a0zulll
Node 35: 779s3ra lswxtgj
Node 36: bqgtro1
Node 37: pkkdv5d
Node 38: a5wq3nz
Node 39: yly1sfs
Node 40: xkya67c
Node 41: wiaouvi
Node 42: fjyete4
Node 43: c2ozdvt
Node 44: g7jba7e
Node 45: 3ntwloj
Node 46: 6u53t9z
Node 47: 7jg2rfb
Node 48: 2kav66h

Node 0: 3n5r79h mk46m68 mobj1mh rrlxxdr u7hvmhz vfxuhzj vgi25d7
Node 1: f198v46 mc8euq4 uw1qj1b
Node 2: 2lbot0s 4rhi4q4 q89lpi7
Node 3: 8dgv9nm i11iyjl ifwwxbk rtbdrbq
Node 4: 1xnimzq 20adiv7 3x5jtm1 602pd8z 7bc81g1 a7tnvan bv8fh5z n5vwu2k pqeihal x91py5c
Node 5: 446xmu6 5zh3jfq ducimmh jgce9kg
Node 6: 6szapoc mlzouq1 tf26n9n
Node 7: wkdlrjq
Node 8: 56un6wy 6a56h0c b8kyxsh
Node 9: y5vvow1
Node 10: cuvzpfb
Node 11: cmdhc6l rjqpnll wm9jift wwokhia
Node 12: adkneqe
Node 13: vbdvypo wnvf9n5
Node 14: gtz1t4q
Node 15: p58w02s
Node 16: 7uw7m1q
Node 17: 7q99xn1
Node 18: m2z3esn
Node 19: qtgd66f
Node 20: 30sn5ks
Node 21: rxj2fca
Node 22: sfqa5sq
Node 23: gc180y9 m95th24
Node 24: 9w49zvs
Node 25: 2myxvdm
Node 26: xmveex9
Node 27: kan94i5 qcka9m4
Node 28: xt1g1q1
Node 29: vih4yst
Node 30: 7pjd55a
Node 31: op38rkh
Node 32: 3ebkd0g
Node 33: 2k58bdf 63z5jgi a9r61jd ilkxoud
Node 34:
Node 35: 088mwxc
Node 36:
Node 37: 3eq0369 74jt5sq
Node 38: mxo12e4 n5k96la
Node 39: swubm88
Node 40: dd9hprn
Node 41: 45wk4mm
Node 42: 8j5472p
Node 43:
Node 44: cdtlaya

Node 0: 2f84ikc
Node 1: nrienw7
Node 2: 99llw3h
Node 3: jdzqzr2
Node 4: g36jw0u t8twoue uwgd0bo
Node 5: ifk86ns
Node 6: 659t820 74l32zp 93r9bzv fhlba5y lvpf4rn
Node 7: dplvdvh
Node 8: 43mzo1m xr80psp
Node 9: rzr4c77
Node 10: aggvybp vazsuo4
Node 11: ao5r1l0
Node 12: lw81h7u wl7i59q
Node 13: y5wapxl
Node 14: ebia28g
Node 15: th04rrt
Node 16: bjgz2x0
Node 17: h9bxjj2
Node 18: e9caf59 fm005sg
Node 19: 0dxfhfo 6q13lm6
Node 20: 7yczal9
Node 21: 5y81rzt gwfv74b
Node 22: o2na7k3
Node 23: 8v1tvrf
Node 24: czpjxuh

Node 0: 5r9z087 9bm1ibh cszwupn r72ciw5 tuqpf1q uzsiuxa vuu2jw8 xm9l439
Node 1: 2cn3ukk 5ea3678 9ct94qg b7vne8e erjm1gm lp2ohxf m7v9o0f wo0mkrf
Node 2: 4f37om0 g5mmbqs no7ji32 odoxtn0 t8yjylz
Node 3: eadmil2
Node 4: 4qevyet pu7j6ef
Node 5: guw7rw6 ynjg6rr
Node 6: jshqtxu qp2jk7z ug36oag v4dp8j1 vvt7ygz
Node 7: d9shbyv dnm6qbm rmbp9e8
Node 8: 4g6bi0w
Node 9: 1ttt7jl i0o7wof
Node 10: ox3va54
Node 11: 0iiqw96 zqt81j2
Node 12: 4ekp30f
Node 13: 39ae0is
Node 14: 0vxkxj0 qufkikb ydo838i
Node 15: 3pmub4d
Node 16: cqoux2o mb9sl01 x570bb4
Node 17: c4oqndl
Node 18: g96ntdd
Node 19: tt3zwa9
Node 20: n5dlpmq
Node 21: fd5hev2 rak7ovn
Node 22: ydzhsxp
Node 23: 3p3nfvo
Node 24: hicmz5u
Node 25: pdf2amx
Node 26: wnqabw2
Node 27: csa4m82
Node 28: zfiem6d

Node 0: 15j1jhc deu1hpz ebldej1 n21u8c9 s8t54mg w87t9b8
Node 1: 215gs59 2z7xp8q
Node 2: xsneuht
Node 3: eldcsxj i8mry00 wkzbqmt
Node 4: p9m0s7p
Node 5: n38sp7f
Node 6: s9i1mr2 tsvxfe1
Node 7: fzbrbgk mgp97l4

Node 0: d4g249m ehvpnwm fg8tys5 lz3jrt9 o6c8utp pwyd80e
Node 1: yznlh8b
Node 2: q12kzyk
Node 3: 12drytd gfwkit9
Node 4: 09tyly9 1d85qol
Node 5: 8lvwu5y a9xf2cr kr4jidi
Node 6: 7u8mfyn oftbfn5
Node 7: iqd7fe0
Node 8: 18v07ns 3dwlx40 fky2vxx hvlu6ne vakkueh
Node 9: n24lxpr sccp3qg
Node 10: x6d87kc y0v71tv
Node 11: a34v8vn glx5jb5 iyrq95i nd0zstj oj7oqwx
Node 12: h1l2s3j
Node 13: rotfywq
Node 14: 18c7v2s u6hsu93 vjqk8e2
Node 15: aj4q6fg
Node 16: dol13c9 n2ahm3p qvyzhae
Node 17: iuxpqa5 lval7nu mhokret s38zmxy
Node 18: lp4wie7
Node 19: kgq4746
Node 20: h0xogb6
Node 21: xu6jge4
Node 22: w5zu759
Node 23: 0ir74sh
Node 24: dytd6ng
Node 25: m4xqo6u nu7o8hw
Node 26: 4rj5je8 9bnwwi4 rgyqgbj
Node 27: 4kolhow xqd1io7
Node 28:
Node 29: g0wjkid s392ydf
Node 30: n3xje2q
Node 31: 97h5zgp
Node 32: xuvnllh
Node 33: 0vnnyoy
Node 34: qamcp48
Node 35: 8bko2v5
Node 36: d08nxd2
Node 37: f1ari4u
Node 38: ys900tn
Node 39: jka8xck
Node 40: ng4p424
Node 41: bud8le3

Node 0: x0x0vlf
Node 1: hld9emo
Node 2: gawdi75
Node 3: 9qrely0
Node 4: 7tyrdib eczdj8h pgy0gve
Node 5: 1kmq15e
Node 6: tohzrko
Node 7: zye2ar5
Node 8: 0ipcev3 2zxzqn4 6mv2muz mmngcu9 ovotpl4
Node 9: oc0tgsg
Node 10: o2vcwwr uv2gosu
Node 11: 3texsl8 9g342gh eg6xlmd frw99a7 i2rxzp4 jujasug li36tps p3m9148 pocdj9v
Node 12: yn39a81 zqf0gz2
Node 13: 6ubc1mi
Node 14: vjldpdy
Node 15: 2hjkce9 54h91bl dy5oov7 v3tl9w7
Node 16: m1cwb95 r5f0y72 spw1o1a t7awypw
Node 17: bj2nv80
Node 18: zz5kn6p
Node 19:
Node 20: miixw4m yt81g7e
Node 21: 0o8mrvk af2t885 n8ekbn0

Node 0: 6vc6e36 6wv4j01 e7mzhgx kymzjgc ohy7yqw q54ac7t skv56fu x8ys7hi y2xukps yg6yx0d yh9xs5d z462joc z9tej51
Node 1: dpsa4mo gqh0m60 v0pabqm z0vvrg3
Node 2: 21c2y8z 3esrr4m 3frkx8o 5vr0jga 721y0lf 74eh16g 8h964j2 akoy0xv disnraj hs9x6e4 kjjuasj l37f3rx mjj4pl2 ubkomih v2mmcy4 wgnx0yq x46jnbd yidyqv4 yttcclx zj3sbag
Node 3: 4c8z9oy 8ys96w9 xrhmtwv zityq6m
Node 4: 0djig51 3xhnlcx 5qezww0 6lzzcqc jkaqmic qir1i99 u9xe2qy
Node 5: bwvc0sp je7srhk mci5uon
Node 6: 55qo7ea wca8ssu
Node 7: 01h0xmg
Node 8: xcyn7hs y6p5teb
Node 9: 95rq478
Node 10: k3w3nvw
Node 11: 77rulac nzqje8v
Node 12: 9vpfvrk
Node 13: omo4zzq wxaukbd
Node 14: 5d9d79w ootm5u5
Node 15: frcpg9n
Node 16: sp5c9x6 vu28obv z4jbdwm
Node 17: 3wh454w q6dukr6
Node 18: xj7jvs2
Node 19: wgt5tqd
Node 20: sm2z2l0
Node 21: 22jdvb3
Node 22: 33ffm45
Node 23: 1pgu9mt br9ae72 ifbtx1y spzqwyp
Node 24: d9oj3mg pgh9tj7
Node 25: 662bty8
Node 26: ycpt7ur
Node 27: 18wxurm 7gpy7l3 v2wqino
Node 28: 6hknkg2 7ogu7mr vzy30d2
Node 29: bb7d3tl
Node 30: okh7nci rtrj743
Node 31: u9c0c5a
Node 32: bf4mcd7 inp76ua
Node 33: yvera1y
Node 34: 44hp1xx
Node 35: f49h7xg
Node 36: vvwcj7v
Node 37: gxnbkf5
Node 38: vequc2x
Node 39: 4v06g38
Node 40: sk0ffj0
Node 41: 6sfctw5 9oycjrh nwy6dw3 pl05uwp
Node 42: 6x5m6qk lc7hcqf
Node 43: 0gxqm2v
Node 44: k71gps7
Node 45: bpilsqg
Node 46: fybq3jr
Node 47: bacxuyf mebtrri
Node 48: 8ywj6xs
Node 49: yu9yt6z
Node 50: 741q0ju
Node 51: 47zub0c
Node 52: qwsqg5x
Node 53: 89411yr ztg1j3d
Node 54: 0xqlccp
Node 55: t1cwjdg
Node 56: f7hl0t4
Node 57: 0v7utkj
Node 58: l31r8kj
Node 59: b4e7gth
Node 60: s9l1hr0
Node 61: zycnvt7
Node 62: cclslig
Node 63: 3ujyth1
Node 64: s94k1d0
Node 65: rbq77o8

Node 0: 7tiuhij kid5bnb o0fmvz7 vq1h5q1
Node 1: 0d0a0jb 0x17ft0 0xgsb3g 4m6xwb3 4srcwb4 63wbp0p alpk69p fyafm4n l4ga069 mdy2cb3 vyo6jq9 w6g78en x4ckkhk zsnmv44
Node 2: bte4nj1
Node 3: 7mc5f9i
Node 4: w2teyfn
Node 5: pj3gqzt
Node 6: 129y1sv m8yv6d3
Node 7: 0lnnq0w
Node 8: uskvqpe
Node 9: slb2tsv
Node 10: jn8sz6o
Node 11: 7pnz1wq
Node 12: gqiy2m5 k890d3y
Node 13: o7qtjpd
Node 14: 4oc1wzp
Node 15: ue8irk8
Node 16: i43oiv8

Node 0: 2sxvval d6qq9ub enm456f lymrq1s
Node 1: flilqeb lsijqrf
Node 2: 65wi5zs glj2ml5
Node 3: ruw5et3 sf9derp
Node 4: bgb1e2b
Node 5: 1agp7y2 1le5yls 5hl98r6 l67zlpw r9mpk1q yl2bwcv
Node 6: 08q1rjh i6py57g ril4jn3 tpjcqsh
Node 7: rzfp6e0
Node 8: 49ns36z 8qaeci5
Node 9: 2qpnoak
Node 10: 3oqq23f hencwmu m7rm9ph
Node 11: i3t8fgk
Node 12: iij0uv6
Node 13: d9q7g0h zqc16x9
Node 14: zp435fv
Node 15: 0i71o2f 7x5swkr
Node 16: wey1jde
Node 17:
Node 18: sq1i0px
Node 19: 2n4eq58 da749qn
Node 20: 0dlwjw4 o38jbmq
Node 21: 70443m2
Node 22: hdid71r

Node 0: 2xlghyt 4yq34wb dxr9wtj ff3qbeg fpt9ozp ics5psx
Node 1: 1hdosvf 5jz99a7 6uyyynw atcrtdz kiubcny mh5v4rr
Node 2: 2zxvtsi
Node 3: 65t2g6j
Node 4: 8brtv7v m1vl2ge
Node 5: sfmub5f zm023uw zwssm7j
Node 6: 524pfpc mjbhqti
Node 7: xaf3el1
Node 8: 6rv9ft6 q2lqho1 spllcqm
Node 9: e98ufc6 m58m1f0 zhu4wgc
Node 10: 9u9kmq3
Node 11: 0x57wsp
Node 12: 8lkoqsm 93jlx7r w3dll49
Node 13: 0rhg01n
Node 14: bwneipf cjnas0n hxfg1yz z83shtk
Node 15: iddtxrq jcifxmt
Node 16: v14a8e3
Node 17: 0xvln7w btzmtyr cwf7bt6 uzchg41
Node 18: cfbqpge
Node 19: 8ym7pjh frwupbt jwymnmt xey6clj
Node 20: gzp7jll
Node 21: z0108x5
Node 22: 7gstux8
Node 23: 1cbfurl cfqkaaa tus879h
Node 24: ctcgzf2
Node 25: x4ejeig
Node 26: 7sqvsqr 96m4fzn
Node 27: 0sa66p3 b5fldwm
Node 28: m0y6v8i
Node 29: q1ppqc7
Node 30: xgwf3tw
Node 31: xs0mexa
Node 32: z96a39x
Node 33: 89ta82v
Node 34: 5kfky7z q647esj
Node 35: n2an21h shyh3mp
Node 36: cz60pht
Node 37: yjqmxi8
Node 38: z6j07a5
Node 39: svwxsff ydh1hxm
Node 40: 9xlg4wk gogg07s
Node 41: 8aut58m yrugv0e
Node 42: 87enk7y
Node 43: ruge5f1
Node 44: o6kdwcz
Node 45: enjytav
Node 46: ucu53hu
Node 47: 2s7dyi6
Node 48: p32si2x
Node 49: r61f5wo
Node 50: rac9gs7 z3vqtdh
Node 51: c3oaqkg

Node 0: b5ustyb
Node 1: 1xl216i
Node 2: 0ohltgq ah2dfo3 atb6zzy ch7ik0o lkenzf3 m7yshqk
Node 3: 59inr3y cqk9uzx hpcwis8 leo3xlv
Node 4: cqik3jm vb36rbe
Node 5: 3fkd6nw
Node 6:
Node 7: 053qwt3 18rz4i9 au648hv dc2n70x nhm9fkj
Node 8: 6on0fx9
Node 9: 4wjrsyf xf6cisu
Node 10: 9qyesvq ssz6tqo
Node 11: ntrx6ux
Node 12: qpjfgmr
Node 13: 6us5iie
Node 14: b8u9lhe
Node 15: a2qtopr
Node 16: u6ionmq
Node 17: 1u5fupf ycgpzn7
Node 18: ebagn2f
Node 19: jnlvpku
Node 20: flvnr3b
Node 21: b4f9ozk nypgwxk
Node 22: c5e98at pskvv90
Node 23: 651mn2b hfbvwsm mgpy51a
Node 24: 1f77reg
Node 25: 9c6ki4x pm8gkbr t3btsef
Node 26: 0ga8kmy rtctejr vg97hzl
Node 27: u7xrfws
Node 28: crp5lyh fmv67p4 xvj2hsu
Node 29: me09cyx
Node 30: 1en4x4x byc4qj1
Node 31: cowcb6a
Node 32: olcp0mc
Node 33: 5pzi4od
Node 34: dzd62gu
Node 35: 4uldj7u
Node 36: mayj5kw

Node 0: 21bznbw 5x6wo7y 62cclz3 bobyjco hwtwfd1 iq0ulbs q66nvvf y2vozy0 yz0qe4s
Node 1: ex7314r jgdtygd krspkl5
Node 2: 7xj61oi 8832tay ivxp75o r93rpea
Node 3: ko8wrs4
Node 4: xkzmqqa
Node 5: 1qcefcj puuqtcd rhbd2le snu1fbg
Node 6: 4rl6esc q9gllq0
Node 7: 2phkv18 4g39ei8
Node 8: r3xoyq7
Node 9: ly0sdqu
Node 10: 7xmsop1
Node 11: 1aunhy3 fs91cc0 rix10nk uqux96p
Node 12: m4nv1wu tau5koz
Node 13: 2wxfb09 74rtfh6
Node 14: 9a1dd9l feicfqy
Node 15: t2qpvag
Node 16: qv4h280
Node 17: 4r4a6cw 7jjb24c ec3znx6 fsp6ufr qco9elh
Node 18: 6rb1ld0 p0c4196
Node 19: ch9v7oi qeiiev5
Node 20: 0jq578i
Node 21: h37hk0z o7dovsg qqgp6me
Node 22: 5dxit6b qn76t08 ypt81ol zyt9xtt
Node 23: 8z5jek7
Node 24: 4ndy8ot
Node 25: aw9ena0
Node 26: e4bewg6
Node 27: 4w6dkfx exq0y85 k7jkhfh mr3wb8e
Node 28: 1g21sk4 pjyq2vr
Node 29: xfpvx67 xpuejpp
Node 30: 6hlrcwl
Node 31: t1hxaec yn2c378
Node 32: ezz1hgi
Node 33: 2mehff5 crisowk uvt0jgh
Node 34: e5x9tgk
Node 35: xecgmt2
Node 36: bbagc7s
Node 37: tsa2fbc
Node 38: 104ws9p i3ihvx5
Node 39: 7j2w53r gkwnrjm j7ojazt m12o4lj
Node 40: 1lhc0ni
Node 41: e1sup8f
Node 42: k3ucd8b
Node 43: ro5dqgu
Node 44: j6gskxq
Node 45: f1mk90x
Node 46: oos1swj
Node 47: 68r98l4
Node 48: rysgsvr
Node 49: h0xjhfp
Node 50: mdtnbxh
Node 51: rp3v86f
Node 52: ekpu2pv
Node 53: p2u6xze
Node 54: 651lqjq
Node 55: vuvg7wk
Node 56: giz4tzc
Node 57: ecs5o7g
Node 58: rfylso9
Node 59: 2rw29iu

Node 0: rfvznq3
Node 1: 2r638c4 5ktfp9z by8owiy dp0x17y ekur059 q7jxcg9 v9y2rkv z2hhxbr
Node 2: 2jrtq93 at6295q fd0kjhi
Node 3: 24e2t4l o9czbpi
Node 4: 6kknzqf 7d5xnnm 7ejk280
Node 5: hlodfb6 zeaawlu
Node 6: 2vumtvj qp0nbca snwh428
Node 7: j3uteg7
Node 8: vtlmvji
Node 9: eolrh29
Node 10: 5zbybv3 lmhsisn
Node 11: on058jz zgez23g
Node 12: 20jcwem 571h4t5 hy1aqf6 j4vofbm r3iv89j uiknuj5
Node 13: 8nwdji3
Node 14: pn6ahtc
Node 15: arg123w ji5cn4t x9a4wg7
Node 16: 7inhf0s aq6zgu1
Node 17: aqosfye
Node 18: fbc44g1
Node 19: oi7ervp
Node 20: oeoxagf
Node 21: f6741yc w3axrf2
Node 22: xvugu0u
Node 23: rqzjmp5
Node 24: hlaa7g9
Node 25: c3h9kfp
Node 26: 74pign0
Node 27: avmn3d3
Node 28: 1a65ihl
Node 29: wbio7cw
Node 30: 6epwi4g
Node 31: a8j7zqn

Node 0: 726vpor
Node 1: vbmhzin
Node 2: 1a6l5mx
Node 3: 5qpvh5x w4iq7bw
Node 4: 6xg44uj 8qw6p5a
Node 5: 5uvrhng
Node 6: ncfepxg
Node 7: frqc5ee mdwlz80 xuzny9h
Node 8: wot075q

Node 0: 5hlgrlj 76bmp9u etok1i2 ha33wxw losd3hw o4bd71j pm8we22 qgvqvwh qq8rrya qyah7pm r81agkc
Node 1: cmimlpd
Node 2: t77585p
Node 3: dravmga fumvhsx jwq17wz nhfefau tjbkknn
Node 4: 2wttgok 7jftp04 rar9sod zawpis5
Node 5: 3e1c1b3 c0uovtg ntevc42 qynuoxy
Node 6: zvsrpr3
Node 7: heqapic
Node 8: 80e4jgx
Node 9: 2277058 icvlhhi jopcprs
Node 10: 3svjugu v81jlfo
Node 11: 2stmz9v ojm4dt9
Node 12: 4o7pjke
Node 13: a81qwob
Node 14: cja2zt5
Node 15: n083oc9
Node 16: dpbsz5j q9kwto8
Node 17: 3tvydgu oh8ek4z
Node 18: dxla7l8
Node 19: ird9mxe
Node 20: m9lbcaj
Node 21: 366shkm
Node 22: v4fdhti z57bhmq
Node 23: 7dmafrd
Node 24: pyd2tzh
Node 25: jrtwy2l
Node 26: nm5bbo2
Node 27: x7jcjbm
Node 28: 0fz4kem f3bgvdq
Node 29: 8qv7x7h
Node 30: mgywqxw
Node 31: 9upxfnd
Node 32: avtf075
Node 33: rvl61u3
Node 34: xofrnjd
Node 35: ttyklpu
Node 36: odjjc6m

Node 0: 2q1mfac 4tj4wxl acaepll buw7enc pq54evw
Node 1: mz9quxt
Node 2: 2ozjdb9 2y06ivs 4bfs28o 5fepeyy 8nl1ibm 8oq58d7 a8lwro0 kk1pudx mos62uh pscm3o7 rrmyf9r w89mjbd yyxaz17
Node 3: 4rz4yw7 mk0jng5 o8iuc7q
Node 4: dzw3mq6
Node 5: h48ykun
Node 6: mhurjat
Node 7: p18kkni
Node 8: jvcjsdw m059d1z
Node 9: ait3ugt ok26219 phadnzm seolmrx yar4e3t
Node 10: 6d814pj
Node 11: 30hzrvz
Node 12: gbo92wy
Node 13: l0ynndk
Node 14: iatn74f wpbzsxv
Node 15: gci04sj
Node 16: xvk4k6h
Node 17: r5wlod7
Node 18: dc0tdbh nf4tmoe
Node 19: 317pzh6 h8rh410 jcayscz k034u1y
Node 20: 5rjw0js
Node 21: dgxv43v hntrk1p
Node 22: 7q6n45v

Node 0: 0ziduh3 5gm4nuc g4fr8k6
Node 1: ccc6dav ogkwckz v2rursm
Node 2: azcex1q
Node 3: 867menf
Node 4: 602l3e5 p7exrfh p7ti9j2
Node 5: yl6crkj
Node 6: bhq31ge fvza1mv p9h35zl wbwiq8u z6ryy30
Node 7: uf1067v
Node 8: 29yo8g5 5uzp05v 6umg5db atqxhlj cuy37gi fltg4sz l5buglu o9cd6dx p0odxoi q7cwrmg sn764y7 sxmtg19 y1eies6
Node 9: 1ld8mnk tdlqgfb
Node 10: jfiasdq rhi04y0 rkfnf5r
Node 11: hc20qon
Node 12: xh58070
Node 13: 39xnj5w
Node 14: 34cyvtk spurls2
Node 15: 6oxn74q rep8a38
Node 16: pz3kvno qd1sha2 x5hg35l
Node 17: ikxaax8 ttjozk7
Node 18: ipo11sq
Node 19: m8v7oj1
Node 20: zthxx8a
Node 21: dlz9i8o
Node 22: hclf8ni
Node 23: xhdj5co
Node 24: 7ozu7on
Node 25: 0a52uff
Node 26: 73yg82a l8m1zaq
Node 27: v9grchj
Node 28:
