Node 0: 0u0v3tk 27rgil7 3590uiz kj58niw p23r65b tw9h0yf
Node 1: a61x0p9 dxm0o7y t4fek9j tq4s60y
Node 2: 9wh17an b7v4i79 ub2y7ue
Node 3: qk1coyb
Node 4: fkrhnrr
Node 5: sba3b3k uxv2tjs
Node 6: 2b4t7p7
Node 7: g74glb7 j74ymst uxtm45l
Node 8: idreer6 xca0z8f zl4h15m
Node 9: 2o0ykek
Node 10: xm0si9j
Node 11: snwjw2u
Node 12: blrocld
Node 13: 6j6ss8z 9kzvywv lmtykdo qso3gqq vgaic1s
Node 14: bj29qrt
Node 15: 9etonzu
Node 16: og6xdjc
Node 17: cvi2bgb
Node 18: zh8qqt3
Node 19: 3wpuxmv cildnf5
Node 20: wjwbh9t
Node 21: jr80trs
Node 22: jlt8ida
Node 23: 48loj2h 4zb0swy gxjjyhu
Node 24: bfev3o9
Node 25: 13trjj0
Node 26: pzvrqze
Node 27: abt1k0x
Node 28: 5t3yrrm
Node 29: 7aw68ru
Node 30: qie3z6l
Node 31: i4bztfx
Node 32: 8aeeqvy un6is0n
Node 33: rp5zstw
Node 34: t3eblte
Node 35: mghcvly
Node 36: n6pc33c
Node 37: 7qo1gcc
Node 38: 8ehg6at g083xxn
Node 39: wmzxghv

Node 0: 4uax5hv ubl3cqx ugpxgg6
Node 1: 2bkhphq 3kg7ej1 3mw50vx 71ahm64 7a1eo54 7myp1w4 9aps0wm b3qg3jt bykwx4w dwzcu3z eqcssqk fty7gpp h07v2u7 hddo1pp hnnykji q79tsw5 qiaekt4 taawfi8 vszp1cw z3user6
Node 2: 54054wr a601vyb h3p6lns
Node 3: 7zmhdzy jki8f2q
Node 4: l5oa3vn
Node 5: 7x7hmrb g3ui94d jdat384 l36pd9a m7w8h9o
Node 6: q68tp5j
Node 7: osvti2e
Node 8: amvcslt
Node 9: 6am8uye 89x950n 8m9zvxi ekqp9mi ua49pdx yk8klpc
Node 10: 313vvq8 61w3pfk mxb600w
Node 11: 6rsk0jo
Node 12: 763gbru
Node 13: 1q3naoi a066t3q owdjew0 ueit6kj
Node 14: 53lwlkc
Node 15: apfrk89
Node 16: k9kcb2c oy2llb8 tsjebv9
Node 17: ay2ajy7
Node 18: pr1ttpa
Node 19: bivz3nh
Node 20: oe8k5xw
Node 21: ekhkdxi
Node 22: s6q5bs7
Node 23: adn3qtt
Node 24: mvyr06b
Node 25: wrin134
Node 26: qvqgzym
Node 27: zsszplo
Node 28: mcm2kxr
Node 29: rkax6yf
Node 30: sk4f72c

Node 0: 42y4nuz c7vms1m ehpiqvk ew6bjcu hqsnavf jfitzqz w0thb5m wwgr1gb y4i6yv5
Node 1: ord8h0e uv9zodd
Node 2: 5q6b5xj 6e1t0s6 xmnrwiv
Node 3: 0ck3k46
Node 4: 41xdnt8 6kv2c5t i89y2n0 kzq6f9s p9efgt9
Node 5: bzrbodd igie8jw occutx2 u6xr83l
Node 6: x96xs5m
Node 7: 6hzkfk4
Node 8: f6wfhxf j48xxlk wzqffj6
Node 9: 8ety55p
Node 10: 1valwq9
Node 11: k6p4xkq
Node 12: jblnwok
Node 13: 713gj65
Node 14: gw180ef
Node 15: u4czhot

Node 0: 1uuxeta 3ck0fft 3z9ewvi 59emdop c09i1wf d7npwbf egoi2bb lbvsyeu lrnxytg nquv1be ow0vm0b rijz0x3 tgkmzqf uncbn2o uuw4jhs zlxbabf
Node 1: 7tnxhiq mx370z9 rfbfd81
Node 2: 579z507
Node 3: 46j31vf dfmmd0s pxw6p1y ubaaqsv
Node 4: 4jazoia cuvgihg ho00gmf npsxsu4
Node 5: c1gefq0 e024ryw l73v0z9 o7vz1jr sg380h7
Node 6: 9vevi0i
Node 7: 0iplic5 1srvjhq btfot43 g199ki8 hv32ar5 omasojs u6mm6mg wfe8jo2
Node 8: p8ef4dr
Node 9: t8wqpso
Node 10: bn9zjdo
Node 11: beepo2v
Node 12: 0s79zwe
Node 13: jb4yo6b l1lue2k uvsvici v40xf9d
Node 14: n7xns9d
Node 15: 2ugsblr a31jogv
Node 16: f7c27t1 h9hvdx2 q9z2cjx
Node 17: rmwzixx
Node 18: heq79le
Node 19: 3ebdbhu os3jzk1
Node 20: 5wa5eu0
Node 21: 8psllng
Node 22: 85514hj
Node 23: c3xudw8 grbibnp
Node 24: n2f4t5x wwtmypl
Node 25: kn440ku
Node 26: k4behux
Node 27: x3onfti
Node 28: pt9qfjx
Node 29: 5sw3qbw
Node 30: bq58stu
Node 31: l2zsstt
Node 32: ars5jja yj8y4bd
Node 33: qh8h9vb
Node 34: 42r4zf3
Node 35: njitrj9
Node 36: 0uhvs7j
Node 37: ha948ra
Node 38: 98lja2g
Node 39: 8tyntbo
Node 40: 6cb4jxs
Node 41: df35gn0
Node 42: i77j78v
Node 43: txbropg
Node 44: oru2vg7
Node 45: 39k1u5n
Node 46: zhutl40
Node 47: h79azyy
Node 48: hjfpset

Node 0: rxa2f0d
Node 1: g9xzhn3
Node 2: 13wolp6 3xvdta2 4dkik29 6m8u0xf 9pvbj4b ikuajb3 mj3ef7w oz3h9dc t41o0w1
Node 3: fs3w1bk ikmqvbz imh9zqy l7u9qm7 uor5gp0 z1jmbd7
Node 4: n4cxglz
Node 5: rdbnmrt
Node 6: 8xzb12d f1dargs me3emil
Node 7: fj0i7s7
Node 8: 5kiairg m82kkyh
Node 9: 2pgz2fe
Node 10: 6hvwy6n frpkwkt rate0oz tjwqclq
Node 11: skbfpqm
Node 12: dnpauxg
Node 13: am4j5y1 fz4leo2
Node 14: 48otr8k 9h0q11k
Node 15: 3hahfw3
Node 16: 8a62kcz
Node 17: 4e7d6zv dr7poe2 yn8h2pj
Node 18: tt3bnhz
Node 19: a1bddf6
Node 20: ftsn9m2
Node 21: fvp2k7s
Node 22: et9u9wd
Node 23: td7yvdo
Node 24: w3hr4x9
Node 25: x2twmyn
Node 26: rwyybkb
Node 27: anm3sgd v9u70xr
Node 28: kp4f68l
Node 29: 61jw41r zk7lsmh
Node 30: cor2zt2 x60sfsb
Node 31: z05gu4o
Node 32: 3cnzutr
Node 33: uw5g922
Node 34: ntua13e
Node 35: klqb38c
Node 36: z4dhkoa
Node 37: 8w29nuv
Node 38: ss0xn8u
Node 39: 0iawgvc hxmxbnu
Node 40: o1s8bjf
Node 41: 9nizli7
Node 42: wu4cv72
Node 43: r00gk2b
Node 44: 8fq0vvq
Node 45: 02ywyav
Node 46: dym5z8z m7gb51q tnidv15
Node 47: b2iev64 jxh8xd2
Node 48: j6ltwwl
Node 49: 1l11f7x

Node 0: 1i812cc 1ilmqz7 2q9tsfs 5qwqjy4 7ll9x4o b100cds fhj5az1 op478ns
Node 1: aznlwe0
Node 2: 5c7kcb7 thucsn1 vuigz5b
Node 3: 27qjvbi fjmbpbo yepmw49
Node 4: 1eitl47 d7vl84v n6z4zle n9vrykj
Node 5: jrqkak2 miwhhe2 vqgbcr1
Node 6: soeuht2 xu7borz
Node 7: k4770ih sjxjmpc vv4n68k
Node 8: lwlbm3u
Node 9: 1ylvbsc 4zfqd1v
Node 10: 6s0p9k7
Node 11: 2jwh5hb 6ej7aia 7dtiqm7 er0xohr g9fn7cj koz3vui pq1gh7w
Node 12: yqmhyvy
Node 13: pbym7li
Node 14: sybknup
Node 15: dqq2t3b ux08qwn
Node 16: fxgflr9 lifzgyv
Node 17: s7m44r7
Node 18: 1218qht
Node 19: l12ok8j tyu8pa2 uitwgre
Node 20: galq3vc
Node 21: tb2isj0
Node 22: 6fnh9q4 ue642me
Node 23: eoit0mj
Node 24: mkw0bgb tn4dtqv
Node 25: dkbl6x3 pqnkyu3
Node 26: n7voqdp
Node 27: 9n1i6xc
Node 28: twp097k
Node 29: g6vy0at
Node 30: 2ocjyym 35d9o9z ys0z8cw
Node 31: 8fuz79m duei0zb
Node 32: afctszz
Node 33: zjhz3su
Node 34: 04yh98f ep51ch5 tzcejyt
Node 35: qxwd2fr
Node 36: yk2c49b
Node 37: 7hgzj0k
Node 38: k7gf5bh
Node 39: 2jdt47e
Node 40: 2unqwu1
Node 41: nqzulvo
Node 42: ng6yr3c
Node 43: 3nqwe38
Node 44: st28jg9
Node 45: nmgct0y
Node 46: eqcepua
Node 47: 2p5id70
Node 48: mdhokkn
Node 49: ebiyief
Node 50: apmxmuq
Node 51: 7a5yc2v

Node 0: ninueph
Node 1: c448ags g5nca40 gb9g0n2 ngpnh0q tmnyw0c
Node 2: 3g1tdym f6wmkov gwmppl9 t09dsv1
Node 3: 1csftwc 3felxtd 5mzjsur b07uvkv h10a0t9 ir8t0r2 k0m30nl q2b2zps si86gpz tc6d1se w5c4ue7 yd12mxz zabw7qo
Node 4: 715n5vo e3psmcp ewr5azq mw6o6i7 vy6x5xl
Node 5: 3fr9hw0 3v8pfv9 49yohbt 9w178w8 bpb0jt1 lame9k0
Node 6: 8uk0oxh
Node 7: 71uv7mj iopuemz ug6b0qt va0twsz w45ucw5
Node 8: aonkv5y gub9e3q ihd3ukq mbgee0h pw6wk5x
Node 9: dmdpvi5 lhjst9w wdmk6yy
Node 10: y9khn0e
Node 11: uhzkvps xzfgqhm
Node 12: gjkid9o
Node 13: tsk7aqb
Node 14: w3avoue
Node 15: cel92qv
Node 16: 1pidqpw
Node 17: jv0k9f2
Node 18: rvonpgd
Node 19: itinpv8
Node 20: fy3ita7 zb0e3tj
Node 21: i84ahew xapbok5
Node 22: vryqrc8
Node 23: 0qtsn13 1air9mm sgs1fkg
Node 24: w667olu
Node 25: migqo7y
Node 26:
Node 27: 7kddjhq
Node 28: jud459q lz87wyu
Node 29:
Node 30: nsow42n
Node 31: mfkcy5k
Node 32: mnsre9t
Node 33: mzjq7yp
Node 34: tkggu2v
Node 35: sk56pzh
Node 36: 04mqr6v
Node 37: pparsre

Node 0: 73nkqs6 qs2t9ot
Node 1: 08bwdyg 4zr9mca 85qd00i a6k6p3c gdi95mq hsd6kpg hz1jlqr ldw8oew neh5188 pmnbifh r98vfa6 ri0wd16 w50u0kk
Node 2: 9hsdhqq mwphvj7 r4if55b
Node 3: n2tppmg o5w8d0n skbc5ha
Node 4: 1dqoqws
Node 5: 8cbn7nk wml4psf z9i9vsa zm8e16s
Node 6: frmbb82 hx9jeev ks7x49a th42j5y x2ilgyp yyyueri
Node 7: u0ngas9
Node 8: ou8ieah zqli48o
Node 9: 1zkz70o d6js4pe na2mgzp ou8e0e7 qssnbhq xjtnix3 ylln0cf
Node 10: rg4mc6d
Node 11: 2bxzmiz
Node 12: ws24fci
Node 13: 1h6u0zr g4gdft3 ku2uxo4 sln1r2o v6p59vf
Node 14: rm9cd17
Node 15: x1qd9uw
Node 16: 21g4tfr
Node 17: 3rx94gt iarmo9t uxbmsyu w81lfu7
Node 18: 6rry8z4
Node 19: woawkam
Node 20: jiriuv0
Node 21: c5wqzi5
Node 22: h5z0f4k
Node 23: dg49xub
Node 24:
Node 25: ap1dcnm
Node 26: 9sx1y5d rm6y8d1
Node 27: 80epq5j
Node 28: usy8iuh
Node 29: wyjkle6
Node 30: 4y4hjm5
Node 31: p6icxpo
Node 32: e8xo7sb
Node 33: dv1uy47 ghj9glw q746w75 v0v8syw yu4j4hq
Node 34: my7inr9 ok9d381
Node 35: 5530hsu f9gjge3
Node 36: 67rqnug k57ngyi
Node 37: oti8xgm
Node 38: mrsmaos
Node 39: fbtv7hm
Node 40: uizhjoc
Node 41: 8bicjv5
Node 42: nzbgttn
Node 43: 6u27gcw
Node 44: axnnoku
Node 45: fnmpsm7
Node 46: vvcahp2
Node 47: r5h97yn
Node 48: 34941w0 pfyg6oe
Node 49: nogjlea
Node 50: jy76brd
Node 51: h1tz4y0
Node 52: m8ll6a6
Node 53: h873ueo
Node 54: fw5z2kt
Node 55: x9s2dyk
Node 56: jrrm5m9
Node 57: apiiqce

Node 0: 21hiep9 2tj3t0m 2vcedc2 3pl6q4p 4g31zq9 6v5pf44 b08flos cbxxyew ff53vfb iijv92j nlukn5h r2o7o66 vikuura
Node 1: 5rdgefj f5dnkam
Node 2: ivggwg0
Node 3: qgu7jhy
Node 4: 0r1eaug
Node 5: bcyafko
Node 6: ger1o12
Node 7: xl4zttl
Node 8: clet6oy d57tx2x pn375vc x8nk5z2
Node 9: 8cre481
Node 10: 9g4moxj ba7dpxk
Node 11: rfu593l
Node 12: gqarseh z8nho7w
Node 13: ajs9pz5
Node 14: 0e6gzac
Node 15: eih7blg qcy23gf sgiz86f uwi1v4o
Node 16: ewi6a5j kwcj6ti
Node 17:
Node 18: 3s2b7cw
Node 19: ynaw84c
Node 20: l47pmva
Node 21: 82lzz1y
Node 22: 2db0swn
Node 23: ci3blff
Node 24: pe9exhs
Node 25: 4e6n2k8
Node 26: da16emo

Node 0: jlzj0zv v1e0j8m
Node 1: fy1p66m mpj1otj
Node 2: btnn89n jpwffbw wa4vspw
Node 3: 1t15ve6 u27quvz
Node 4: ukt59ia v3qec4v
Node 5: 6gmg4ux 97a3er3
Node 6: ed5oplp
Node 7: s8o5foi woqboai
Node 8: 76ijwcl
Node 9: 34p78zy 823dvxm 8fozaz0 8v0vsoz pmcnpsw yc2t9sx
Node 10: dlw471u gqz4kjv
Node 11: y9kvga0
Node 12: vxdppa6
Node 13: 8exmcv7 njab0p6
Node 14: jm45fck
Node 15: 27tkj7a mbxfvwd
Node 16: 3djgta0 aqb2khy
Node 17: cbbqw2d
Node 18: 3fk7jv5
Node 19: u5nhkor
Node 20: ihwaslp
Node 21: h17w89q
Node 22: 1xxxz0x
Node 23: bi0mv70
Node 24:
Node 25: lkko5z2
Node 26: uai766m
Node 27: wusuuxj
Node 28: 6t8bk6w

Node 0: c1h77vk
Node 1: 0icqxw6 3q1e2h8 vgk2whr
Node 2: 0nstfyw n6d16sz og2a3k7 uw5vqt8
Node 3: 12fhsar 3xajkum rrpm1il
Node 4: 9u6b77u
Node 5: atzz3xi

Node 0: el04f2k
Node 1: 81zk9bt o0q5ph2
Node 2: s4odlom
Node 3: g8yrkzv
Node 4: 5mswqvq 6fijin4 7cbeo44 lt8xswx q2uzs0k qjjepld tjound6
Node 5: 5vcrs98 b1gzggx pajle9h spm5fyh
Node 6: 3qlhh5i 6j0ofga l6z3ox4 tj0tww0 y0ut221
Node 7: 15714hb 6ux4ljy jh0tsmy w19l0qs yy8ebo0
Node 8: obhtq18
Node 9: l599g9l
Node 10: 2ezukgl
Node 11: 6dz7l30
Node 12: d1200nd xgbd8go xsqghh7
Node 13: alivfxu itmpq7m
Node 14: t4lgxp9
Node 15: j1fsxax
Node 16: zb4gron
Node 17: 2ustylk gqwdgn2 wh0g7uj x783xbe
Node 18: kokn4rh
Node 19: 7q8hyj1 r4y8jji
Node 20: r8tp1e6
Node 21: k5g05gn
Node 22: jzunpps
Node 23: 5zykxic
Node 24: i6w3r71
Node 25: ml7vsj8
Node 26: ppoaqki
Node 27: h0abi92 uvuryo9 x434lm1
Node 28: c3m4i1s
Node 29: hi0yf5t
Node 30: uxxr6gv
Node 31: 63otzoy
Node 32: v7gt34h
Node 33: xov5oz2
Node 34: tt2oprt
Node 35: 7rtg0uy ceeoli8 lfj5bst
Node 36: 0f9qwi9
Node 37: 6gusyrs dkpade3
Node 38: f4ay06o
Node 39: mzx2vhv
Node 40: yi3hgpe
Node 41: 1mtkf4n
Node 42: 3r870dl 6fap99u
Node 43: y0nmz83
Node 44: vc0yxmw
Node 45: s1am3jr
Node 46: 6ggvc86 p2o0hi9
Node 47: emwvys1
Node 48: gjegqeo
Node 49: 3lt8ar6

Node 0: 3q5aox2 7il6jac 94afx9h akwrwj3 boabkp0
Node 1: 037zspu 0wpbit2 5q9obyq 7mxurfb 9wbizde 9zaveyq b38p9z3 c875fqt hevx1sz kejrwq6 m0okxnl nsrkiqn odwng1a ptfrt6l rzc1u31 snb6gif vyj39w7 wzftr6j
Node 2: 8q04lmf xii14bz ykovzye
Node 3: 8y129qi q50zbbn
Node 4: 5xvohbv
Node 5: 3nwi5da 91cbn7m lqx16sa
Node 6: cdlppy9 hf5uohr z2o69ki
Node 7: 02ecffk 5bcno8w 9yaer8t hpobflb
Node 8: 1ixkrr4 5nuc2e6 hgpejqa tm4m4xa
Node 9: d31pz92
Node 10: o2h1f7n ofs5shr
Node 11: 3vw4kxo mnnx2mw
Node 12: kt78yos rjmsldz ty1hbv9
Node 13: et7xrqp gb2tk8k ofyqf1d q2nx517
Node 14: vvvk84k wgwebsq
Node 15: botdmdq lrtd68k
Node 16: tex40no
Node 17: 8bpmzz7 vfifzmj yk73pnj
Node 18: rpphxab
Node 19: 9v913du ajbd731 e24hb5v sdn7rvz
Node 20: k9w3ld0
Node 21: bjxjjq9
Node 22: r9ztvvp
Node 23: 2bn4bgx woxn5uv
Node 24: 0vhctlt fzmzlr8 simvsry
Node 25: mjczza1
Node 26: wo1r7s3
Node 27: nnmv52z
Node 28: 16jurj9
Node 29: 8jf1jrz
Node 30: te2d22b
Node 31: xdnfse5
Node 32: frgmwkc
Node 33: 01twlx4 wnsq08u x2pmd0a
Node 34: ukix3oq
Node 35: wv71k00
Node 36: 2ycaq7x c0u3p1b
Node 37: 6dhpb6q
Node 38: pnayrau
Node 39: focjvwm
Node 40: 03nz8nv
Node 41: zzf32wy
Node 42: uw4o426
Node 43: hx872lz
Node 44: ykhqyuk
Node 45: ibtxpel
Node 46: 29yrqyr

Node 0: 2w566zl c5sgmyb fpwt44c
Node 1: r8u7e5c rqztr0p
Node 2: 0kkcrzz 6f8h089 6m47i49 7d71v76 b43l71t h83sgbe lv3f7ga nhrktca tdaxknu zwi1p7a
Node 3: jwoe3go llo5yrs qp6f4e7 rwt95el szu5l16
Node 4: ix0goyw quuw01d
Node 5: nrh6l7f
Node 6: jakv5lr
Node 7: 0bxqztz 10jw34k 6xa2j8g cj3wuc7 grx3bpi u9fkaj1 uomh337 ws9y1pj
Node 8: bk2xydz xevcz7q
Node 9: pbo1ltj
Node 10: jdj3uyb
Node 11: vox4771
Node 12: mkr9for
Node 13: ytbozp2
Node 14: cvoxv4o
Node 15: odkkmcp xokkh4w
Node 16: 1o4zwne

Node 0: nngcu50
Node 1: ov5tndb
Node 2: o34wjj3
Node 3: g1vod9w
Node 4: w5pf6hc
Node 5: giv0jhr yc6g361
Node 6: rd0n93l
Node 7: blj0qqv
Node 8: 9omhgzr
Node 9:
Node 10: teg9u18
Node 11: 7jojcle 8iashop
Node 12: ukwh0is x32f1bg xfl0lph
Node 13: arvgqwf bqr116f
Node 14: u11am6w
Node 15: s90z661
Node 16: 4twlhhe
Node 17: 9os1svy

Node 0: 09vyqto 0ammgtz 0jgf1mu 0v9iobp 1km9v48 20h0s2f 31b9x25 3wmpafo 5b6dt67 5ru44tj 6da0jvl 8aw55ef 9advqy4 at6wylb ewxq2yq f75vqec hfw7pk2 hvf7no1 i2n0nol ibavuu4 q5eg1ke wg0jm62 xqy2klq
Node 1: fjhpjkr l18ox0o
Node 2: 4x76c4c ymtllx3
Node 3: darvaeh
Node 4: gi9p93k
Node 5: czprdi1
Node 6: sw9ac5z
Node 7: 8s8p0gg
Node 8: 1urehf5 db6aii2 k67s4oa nfd1sfk rhrcuui
Node 9: 6yimuvi 94hb60z w28wjry
Node 10: 1j1tikr 2urcdfj e5kcjil eobhpq5 g3cguz6 n9xdg0w qkab2ah s2en9rg scejpyx tb9es26 tsvv8fp
Node 11: 280ev0c
Node 12: vfhgmej
Node 13: dud5qa0
Node 14: dnzh0sx s8g8k0l
Node 15: ojzgws4
Node 16: u2xvwub
Node 17: 6wa341o lfsvnlb li8jw12 ph7de7o
Node 18: 7gv4mq8 p3dy37c
Node 19: o8h9idg sra9sa6
Node 20: 1dq5uyh f33lclb
Node 21: 8ud4400
Node 22: 0419ysl
Node 23: glxsr73 hn4kiqr
Node 24: hh5as49
Node 25: 5wlupmp
Node 26: q4650d9
Node 27: 6nkbku5
Node 28: zhsf8cz
Node 29: 28w6fey hwwr6ha kufhk2m vn0wr7c xafjtcf
Node 30: xu4ei0e
Node 31: f74g70k
Node 32: 8rd5ow1
Node 33: rtqf18d tcdah94
Node 34: nvl2btq wxrukia
Node 35: vslmoft
Node 36: duedrwa i0h8rwg zab916k
Node 37: 6fh1s6m nfjax46
Node 38: ezgeusb
Node 39: 3ssnnqe
Node 40: no2h4ca
Node 41: 0lfo0h2 6ct0klq
Node 42: 3aill0h z2ifboo
Node 43: 9zd7jsp b1l07f1
Node 44: lcoyqjt
Node 45:
Node 46: 9a0adhi
Node 47: 3r5fidv
Node 48: 4mjrcxj
Node 49: x5gtcxl
Node 50: 9mkontg
Node 51: 9l4x2bp
Node 52: td4gopu
Node 53: 7d40wr1 90fadkr
Node 54: jnzkwgh
Node 55: kbrppha
Node 56: nnffnjq
Node 57: 5h93nzh
Node 58: exs2gra

Node 0: 1nxpvhb
Node 1: zzmwx21
Node 2:
Node 3:
