Node 0: 6s0wm1i 9061166 b2jvfdu kdu5md5 llqnzx0 myaqhte pp4ufdp x182cx1
Node 1: 4fl8uhn 7rrnqzb wavw76r
Node 2: 5twfnua 7dkkyz3
Node 3: c48d07b p55qooq
Node 4: 7rn8q1m chwx6tk f851s2s
Node 5: bn9epln taomfef
Node 6: gagj8tz
Node 7: 2que6m0 bgrrfre
Node 8: pvbcis9

Node 0: 17fa06n 4l9qbhb a7qbhyg mtbc33s pndyna1 qgrumgj ujh7r8o v3qsf21 yed9xck
Node 1: 1mxvl50 1u6dpsx 7a6l9ii zw4k47x
Node 2: dk1i84i wrbh9xt
Node 3: j2j0n9g
Node 4: cg6i833
Node 5: kqsakc7
Node 6: dsv65gg fl5u72q jekljkg yqidje8
Node 7: k9wo5ki nykkrjk
Node 8: xcpsxb6
Node 9: ijeirgv
Node 10: evb5twx
Node 11: m954s2i
Node 12: ifct2c3
Node 13: 32csygo tqum883
Node 14: e557kx2
Node 15: 6x2l3r7
Node 16: vl3zcc7
Node 17: e62yimi
Node 18: gvbs9ga y05nfg5
Node 19: unwxt6n
Node 20: h05ryhh
Node 21: iz7okn6 z25ble8
Node 22: tg2fvth
Node 23: pa4v59c
Node 24: jsoczei
Node 25: shurd73

Node 0: 7pd05p9
Node 1: 0qhy68i 5w9e5uy gl6l99f t57p7dx
Node 2: 73oronk h5vl3e9 he0eg37 q4oefoa
Node 3: 68x4h7o 6of3578 7cdmh7n ext3cs3 ppr98vp
Node 4: lvbflzu
Node 5: k1zy6ei opntnbv ya0ooz6
Node 6: 5109t9e
Node 7: ggzc4o1 h9slumn hoe11i8 l8d4e3d
Node 8: 0tqb5vi 8nv8gqv ycsuv2d
Node 9: aiwxdjw
Node 10: 7yz52u9 f7gtqmy hcv8y53 i110qow jyan6zl pp2sire ukzfc0c zr765um
Node 11: sfhvj0h
Node 12: 3gz4x17
Node 13: wa9q5p4
Node 14: xdkxvqq
Node 15: 92rrclj
Node 16: 6pghpzz
Node 17: bkues5o fh0n085
Node 18: vjgw1z7
Node 19:
Node 20: m8atc20

Node 0: 7l87r3f pwc49l0 twgs8f1
Node 1: 17oqcd2 2m80li6 493sew6 bbdczj4 mmgmftp ntt1b76 tlti2d3
Node 2: 6ff0w9x 6qfq8w9 9c6v9th irz942q
Node 3: 66l4n4g 9580084 b4f66dl byiko1m ha4i2e4 hem5uzm kdbcjcg lw8pjfk r1yaour rj42gqe
Node 4: wuq38mx
Node 5: wm9yzr6
Node 6: jwzjf74
Node 7: bd8xhnz
Node 8: bcdf9al sypczg2
Node 9: 6oqtc6n
Node 10: 8zk7k92
Node 11: k1cwicq
Node 12: 9yt9wqm 9yyes87 qt2sll8
Node 13: n4rv0j6
Node 14: cbsx2tz w6yydv2
Node 15: o9vyaxg wzjye4w
Node 16: ylu9q23
Node 17: vh7n47w
Node 18: craihnc z4av2p2
Node 19: h9kzy8t
Node 20: os85b28
Node 21: kpwgpd1
Node 22: g6wsw97
Node 23: 1ergya8 cel4dc0
Node 24: 669buqe
Node 25: h77eueo sykwrv2
Node 26: mh1lkxs wto9dhp
Node 27: wplcmwv
Node 28: w3nbzu8
Node 29: 3dmq24z
Node 30: 29qwkl2 cz2mk7z
Node 31: xx5yrar
Node 32: 436lyu6 7e00zjy
Node 33: p2a8e63
Node 34: obrog5o
Node 35: 9qer4s5 9qhf6hs
Node 36: zldjida
Node 37: 4uhe9aa ii83c11
Node 38: 24v0ng3
Node 39: 3lmi4k5
Node 40: gxmmy55 l6ygfcf
Node 41: mvf66tf
Node 42: fm6ipej
Node 43: kfzz6k8 s7hudmn
Node 44: igu1sf1
Node 45: 7pbx133
Node 46:
Node 47: zwdagnv
Node 48: aq00z25

Node 0: 30r4lp4 3h9q5pf 9ko973g ht8gjqt
Node 1: avs6vqs
Node 2: 49qx7eg
Node 3: 4ypc2d6 a2mo7s2 fy6pyns hv0mo7e rdqyfsh
Node 4: dyyv0dq
Node 5: g7n4x01
Node 6: 8l2auw9
Node 7: end1jub xfwnqdx
Node 8: bg77gxk
Node 9:
Node 10: v83epvm
Node 11:
Node 12: eecbjw1 wr42ir1
Node 13: 6npg2u7
Node 14:
Node 15: vnvm91z
Node 16: 6fsn57p
Node 17: t7od17s
Node 18:

Node 0: 0vwugk8 1jc03co 1w2hemg 8nizm0i aq7qgxq atqcgof bc9ppua g4c7wju i8bndye myzh74i mzc5dy9 nc089ch tcb13j8 twmyfod y6ynmqf
Node 1: hczdwqt
Node 2: 15nfx21 hytmleh
Node 3: msze5of
Node 4: 6uzurwn akh9ff4
Node 5: lw54jdz mxa824f
Node 6: 1oroj6a ju157av kr12toz kyxccm5 zd5lu42
Node 7: leaefks
Node 8: rp8bts0 sivrb61
Node 9: 8lxcd67 gcg3onh prunavb
Node 10: 81fgtjo
Node 11: ijqy623 lfrhtqa ns8blpg nzoi4x9
Node 12: glyql53 ttzwwa4
Node 13: 81z4xb4 gwbzcqp km2sxql
Node 14: ygl77ta
Node 15: 0447g5x
Node 16: rdmxpsn
Node 17: pxmgb8o
Node 18: x13de9o
Node 19: 25dspih
Node 20: 51sjq3q
Node 21: t9cslj8
Node 22: t1oa8ik
Node 23: 378h8mu
Node 24: 1k56l5i
Node 25: qblapu0
Node 26: dl8kn81
Node 27: 8l9423f
Node 28: 4jda8kx

Node 0: 0mblw8o ffvmdq3 m1cgj4l ne79sk7 oxvmztc u1fxgz1 vh50flj
Node 1: daj558f
Node 2: 0b6rrlb 62s4nod g1ilsm2 grt75be guggjw3 hctelrk lb87ltr lt16o96 slz1654
Node 3: g3af6sq
Node 4: 3f5g1pl 7za9k77 rrie3o7 v8fgznk
Node 5: lm7ex38
Node 6:
Node 7: m6h7u8d
Node 8: ruwwlrd vf7i8w9
Node 9: ciptbgg
Node 10: 0r1ta0c 4smacu1 rlha53j
Node 11:
Node 12: gg825sy

Node 0: 0h7ey2v u87loe5
Node 1: h6a5fnq radsby6 un684r4
Node 2: 5lhl3ce
Node 3: n191gsg vto3nyx
Node 4: ugdizz3 w2s6kvb
Node 5: iwq685n
Node 6: i6a2w5n
Node 7: nrj0msb
Node 8: 9gssc6e
Node 9: 0q9k2y5
Node 10: x42cqq3
Node 11: 0o2a60g 5lcbxhm 8q9lt8t if9ga5j lyyxg6w
Node 12: us7kk6c
Node 13: b5sptng c2zca9f
Node 14: 89n83fm
Node 15: dyymtnc q0k33ns z31s9br
Node 16: n78vhye
Node 17: m360x8c
Node 18: xctq69y
Node 19: gd1pr9h
Node 20: 8kcllpn q6ob5bg
Node 21: 5z0y0cg cmdf43f
Node 22: 0t2cn6d
Node 23: etsn7qm nsh9p6b
Node 24: s6cswn9
Node 25: c86b7x8 mwc0bbd
Node 26: i4lud0d
Node 27: xa87fzy
Node 28: ps1a7k9
Node 29: zk1heru
Node 30: gj2dfc1
Node 31: p96ds7m
Node 32: btz3xxf
Node 33: otgcc4u
Node 34: 72o2j70

Node 0: 81avin0 9np844i bgmwmxj fik25qc iwzv2k7 yglpboz
Node 1: 8fqnvma
Node 2: d9ejiqz jul42kx kfdm3xf nujpv1t o3ch8pq pioga77 ubp26ep
Node 3:
Node 4: u5dcra4
Node 5: d8rcddu p8w2i7y rufrg8h
Node 6: g2g4kvi
Node 7: 50ef4r2 fzv5o8y
Node 8: fi39ny8 j01wd94 xjrfyq8
Node 9: y3roa0y
Node 10: 0420m2i zeu4b0k
Node 11:
Node 12: olk5kxb

Node 0: ix9k6w8
Node 1: w9gf8ys
Node 2: m0mlsvr wymztr5
Node 3:
Node 4: ziudb3s
Node 5: 7a173rn rby2t8z yhvc8vs
