Node 0: 4chz3bk 5gabl2m 5yad361 5z8af6x 6ct06fh 8bhzpw2 9to37nx ankh9zz atsi8ic ceheqo3 czii574 elk738n f0pi5ir f8mx4pv fd9sso6 gz9misf hg02ekc hmyi1lf lbn2w6o njs1b6q nmqql8m pueh4ut q9ic9f7 qpik429 r1q8253 tn9ynts tz2nqyq up3g9sq yyvk4oe z0oe7jv zzcb5k8
Node 1: 4iuy239 h6mu03u
Node 2: 4k1raej 75jgqzc k1qim5w o2ymkoe
Node 3: eac6xew txakqzx
Node 4: sit0g6h
Node 5: fdfy5h9
Node 6: xw99y43
Node 7: qtau1b4
Node 8: iomnaok
Node 9: n2ddrfy
Node 10: 1uf8qtz ke791ld
Node 11: 4a3zvwg d6ulbkv d7q1vue fahwn9h mrxyvg5 q17u4f2 ui3oia6 vkiqrew
Node 12: xti74ni
Node 13: dyqjhb9 mh1jty4 o8acwwh
Node 14: byh6nfs m7wwlpo
Node 15: saxpqfz
Node 16: hufdbtz
Node 17: qdyl0c2
Node 18: 4hdbfyp sleppe5
Node 19: znb24yv
Node 20: eshaf8u
Node 21: bqn5mtv r5xuyqx
Node 22: 5ypa39a
Node 23: elbjq5b
Node 24: etcith7 gcr3l28 kyrdu3i rxv4yal tvk3omk
Node 25: rdpuljt
Node 26: l2m8sez
Node 27: rqfdtly
Node 28:
Node 29: eauwky6 ijscpq7
Node 30: gf3cbhe
Node 31: 1o42p4f
Node 32: 9ro5b9a
Node 33: 1xwq2p9 4dtxz4j
Node 34: mwpisnm
Node 35: renecf0 svkd4hh
Node 36: 283d1h0 d2skso4
Node 37: 4rhas7i
Node 38: jum1ro9
Node 39: ml2repq n6zbq2p uqsn989
Node 40: 02xn0fi 83it5lj qbvnc6d
Node 41: joct3u8
Node 42: nuwhfbe
Node 43: 05en1he
Node 44: xgkrpbt
Node 45: 5doauaw ebn23ej qi90dzu ux61ohh vbq07k2 x74n29p
Node 46: 5d7dfsf
Node 47: t89ifwy
Node 48: 8uwvb49
Node 49: 0a46lnw
Node 50: 4amdbug mju40ej
Node 51: lhkiwoe
Node 52: 1hpvycm
Node 53: 8yccioz
Node 54: 3ma0y6z

Node 0: 7ws3uex e6gp3i9
Node 1: 98d1h0c
Node 2: e23djlb qjveq1n xa6kz09
Node 3: 1rj55mg fmusum4 j8pf60j k7x35r8 q1te7pw ycke2i9
Node 4: 2u82x1a 52zvzhb cn5lrsv d9b5d1s f5z6p9f xxzv2if
Node 5:
Node 6: yy8198e
Node 7: ccf0iwx weuwtgk xoi0ow0
Node 8: 7qtj52i e86ytpz ycbn9jb
Node 9: 6qyari1
Node 10: 231r3au 3h4ajta qawrnxr
Node 11: 9iq1e82 vnfy9ib w0bh9pg x9524tj
Node 12: 21ny0cz 38udvq6 52yab60 blvkppf il9uw3q nmjfnmd orziko1 xdw0md5
Node 13: wowtct3
Node 14: agss10d cxeo29r fqev790
Node 15: 4ev0pkn 5afeyut y2dz83r
Node 16: 545iz63
Node 17: ats936v lmq1ujp
Node 18: 6i0u67q t5ieul2
Node 19: 3sajh9y
Node 20: gotai4q qi7rmfb
Node 21: 41qagn0
Node 22: bxgs1bc de5ufyi k98wpo1 ls0pa91
Node 23: u535qos
Node 24: an52tgz avqrmge nwtzo4e r2kwt5l
Node 25: mgm6str
Node 26: 6efzlig
Node 27: 7djvqgw micamy9
Node 28: 9hnhg43
Node 29: 91m6sj1
Node 30: 0lzffpg a22xw70 qxwcjju
Node 31: b9zjn2a
Node 32: c01bmxv
Node 33: ieh6z6d
Node 34: 0z1x5z5 244cbtb v1lym2s
Node 35: 6kg0ysr
Node 36: 3vr4atp
Node 37: b1219zo
Node 38: gd7u90g
Node 39: bk32yry n462yc2
Node 40: fbou93x
Node 41: 9r5po0q
Node 42: 7qlznb4 ttzrkmk
Node 43: 6xdv4qq
Node 44: va3tbfz
Node 45: 830hc7x
Node 46: 65doqn7
Node 47: qar39c6
Node 48: i37a1en
Node 49: 2yfd6vu
Node 50: hnncrah
Node 51: myaslag
Node 52: 08j3ren
Node 53: yavzo5n
Node 54: n0k1xc8
Node 55: oorwygo

Node 0: 082paz6 32sj0hg 3s2du4e 9rivvh8 ccv8k69 pdxlkvq qf0pddq uxpv28l xgaue4l xpsstig
Node 1: cogie5z
Node 2: 1y1xwo4 4fbrqjv i93ariz
Node 3: eeuvk1l
Node 4: 5dxnbws 74anjy7
Node 5: auanlur diejk37 t4nmamo
Node 6: 49ty878
Node 7: bxxoyxa
Node 8: 96l15ze
Node 9: x72rrfi zmuq566
Node 10: 2xfsewb
Node 11: le4r651
Node 12: t5hqqoy
Node 13: djsn3t4
Node 14: z6qurmf
Node 15: kpl5mc6 x0kbvvm
Node 16: i4wnkqw
Node 17: sd0xwkm
Node 18: kn34zkj

Node 0: 1kul4l0 2cv20m4 7g0ehme 8dggq5k bxfzl02 ct6vbjh fo7les6 gvxvugv gwvvt8t l5d0h2y mikzy3v oac77ms ow6kuvh qwjbfuf
Node 1: 1ou1baj 3i7a2m4 dmumec8 leibtr4 padwns2 pcjzirj
Node 2: xx3ubbb
Node 3: au8spe3 hqxxltc
Node 4: f96hl4n
Node 5: ovy706j
Node 6: cfz1eb5
Node 7: 28h9i60 2dmgvb4 5fhmjr2 dcak55f
Node 8: aj788sg atvff89 e5yuuzo ght3mg3 jw3od54 ls8n9e5
Node 9: tqy1dv8
Node 10: 62va2fz g228kgh x6s2y98
Node 11: 94l8eno gph3dse
Node 12: 467xnuj 5fcrnhq ls0mga1
Node 13: hxktj91
Node 14: 8h90az5
Node 15: 76uinlg
Node 16: gfkgn00
Node 17: 4r94qln
Node 18: 8d2rgkd ixtlk71
Node 19: 279oibs b8xgzwi yx7gklj
Node 20: ck2r22m
Node 21: 0mqbuqm
Node 22: 0r1l0mo ckjvqnp
Node 23: 3wzjezj
Node 24: 7yow7x7
Node 25: 18kdlcl
Node 26: 1teluqw
Node 27: g45pa4y
Node 28: saldubu
Node 29: 5ew0v2v
Node 30: 2iyigoh
Node 31:
Node 32: 2cdus51
Node 33: cbozbgr
Node 34: 3xl2mr0
Node 35: k0v1wy5

Node 0: oan9aj3 wq8c5v1
Node 1: zwlde09
Node 2: wxmtm4w
Node 3: nbha865
Node 4: 35ef5jc 5yx2c7y 6547s0o kmminz2 t52e0il
Node 5: 2n976vv iy2sszd vpe0wu4
Node 6: 2oju0xh
Node 7: 0c33ysu bgkuk2p dwndm4r lpb8g5z lyg4wh9 rg52oiz
Node 8: 2zwlt45
Node 9: 30xgemd
Node 10: lp9bo13 mcllv1d
Node 11: jg4l81m
Node 12: 0hrx0hb 9pt7j8p rlbj499
Node 13: 786iwcf 8q5vlo8 akl28j6 bts9vu7 f59ga5y gms173b gstijzu mruxjwg w7cinlo zo9axca
Node 14: 0wb0dy2 14ztpdt 1jqs02w 2n56h09 4e9rhdy 5qnc9zb bu5l8fx mn1fpyr z8f1miw
Node 15: c7v5poj
Node 16: bcf4rks rkm8ykv
Node 17: g5fop0d ln96j2e
Node 18: aih34cg mzb9el4
Node 19: 68b2nsc asdu3c0 ecwc5d5 irc8ztu n1409cx
Node 20: 63mmh24
Node 21:
Node 22: r2y1t62
Node 23: knb5bca
Node 24: o3j5z3o
Node 25: vq4z9qp w0ipl4u
Node 26: vl2d1xp
Node 27: 2cwa1pv
Node 28: 92lv793 bxr4oum
Node 29: rguyzas rh2h9ks uy2f5ls
Node 30: t5betwx
Node 31: 4wqm33h
Node 32: k8ah7xi vn4tra5
Node 33: xjmvfgm
Node 34: gqjb30k
Node 35: 3g8vqzb
Node 36: xfcakxs
Node 37: a90sast
Node 38: j4s258q
Node 39: caojqog
Node 40:
Node 41: 4tpdr5g o3zw00j vyj1341
Node 42: ol4xysd
Node 43: 5khaooz
Node 44: tyckhrw
Node 45: mj59hfa
Node 46: 8y3k17h
Node 47: vae9urt
Node 48: ly8xzaw
Node 49: 6ur2xpq
Node 50: x5kwcjs
Node 51: 67pduli
Node 52:

Node 0: 2m3s5ps lnknxb0
Node 1: hyr8mpt
Node 2: lsz7r02 sob2anu tu8vbi3
Node 3: j4hoyyc
Node 4: 2hbldjz ben2795
Node 5: 4cpjzmm 6q5g5ma f7zfgvq fjgdiws hdvj6lu nlaa0ug ob9g7id oe6rc52 qzr4li2 rtvebwn
Node 6: 2uxz74h c8h4axi f5ax60m pmmik8y
Node 7: acmh7cg
Node 8: 38msuh4
Node 9: yc5t2kl
Node 10: jzzw7ng w4bnsje
Node 11: rrk6pqr
Node 12: c69rdak su925t1
Node 13: grgt8jh ju8ak1h xco1iv3
Node 14: 560iq84 lkcde28 q8argas
Node 15: byebca2 ftl94y6 n1l8v9h
Node 16: ii84qh7 phwe3f2 ta0krx2 uza8og8 v1zp7jq
Node 17: bz9dklg
Node 18: 6cmne9q
Node 19: 6m5jars
Node 20: 0ziq9rl h02g003
Node 21: 3t0izn5 ipfeuzw o88wx9p
Node 22: c1br6gj pukdbgo s9y4gqi
Node 23: 68jxz6d pb98fbb
Node 24: 18l4lzf
Node 25: lsc50xk
Node 26: cpmgl1h
Node 27: 9ybqkpb
Node 28: 8rxlueh
Node 29: aeboykb
Node 30: v3ykfhu
Node 31: 3pxuiv9 cv8ptw4 ijywg7y lv8tuiu
Node 32: 8dd9zd7
Node 33: j8bll54 rw4bs9o
Node 34: fhsfwol z4gmfwq
Node 35: 47bqnic ae7ttwf
Node 36: lci3htm
Node 37: d6j9gf9
Node 38: 1qyqxs3
Node 39: 4tik94p
Node 40: e7o4mas
Node 41: d0ujk3f
Node 42: zzm7eid
Node 43: phpucc6
Node 44: 80hacir
Node 45: va8y6s9
Node 46: yjmb9j9
Node 47: z2toyap
Node 48: wllem4x
Node 49: vad1wqa
Node 50: bme8pbt
Node 51: 29uhtw9
Node 52: 5o06m7l
Node 53: 6s1wfqi
Node 54: 44zmha1

Node 0: 0tkszrj 6jci2rm 89bbsss bj4l1n1 csx9cfi dgyoae5 dvukpen e3j0ce7 e6zm64h hf2i5yl i9nd2tm j1qbp2z loicp7z ls2z55m mv7h8un n94ec0i ncy3xb5 r97b6fh wd3posj za302db zt43nmh
Node 1: uv4mpm9
Node 2: 4nm7cyr a0pdmtk cux8a8y srco0ni vde9u82 vzgk3ae zbgql68
Node 3: f6kwpig gwqcgbs
Node 4: 03mqrku 1ayimqh g1bcb99 hlw4okg
Node 5: b315x40
Node 6: gyjb7fd
Node 7: 5jx9ium 62al5uw bdfwwxv ew471pw pl9e58u
Node 8: 0xmqt27
Node 9: rba5z5o t3hzknq
Node 10: 7h18wbj bogjbn1 dqnviuj
Node 11: vavi7ej
Node 12: 6z0iqgb dfwdxw6
Node 13: lexvsfp rr0pwm2
Node 14: 3zqo1w3 9o55gd5 b2cj7q8 jgy93yo lqzx2as
Node 15: 5tu5vwn
Node 16: 1q1wfdh 2puy56y pyvidyd zxfm3ep
Node 17: qsyhyb0
Node 18: 5rgfqrb oquhhbu
Node 19: 0n0efdx
Node 20: 0eblv85 8sd92kp
Node 21: 3gom825 qw7bw7w vfk7nwo
Node 22: 0xk2e60 0zv2m6n 87hai3f ihlzgh2
Node 23: 6925m5m
Node 24: 0vzlwmu rz1oiek z4bzif2
Node 25: maiiqps ulv1awt
Node 26: ct9a7ux
Node 27: 8iae6na
Node 28: ic8vzxg rl55mto
Node 29: jjm4l05 x6ycuux
Node 30: lydecr0 r0bplee womius0
Node 31: 9o1mmel xhrdyog
Node 32: 0f4buh1 1e0s4wh 4oy02pi ecwuqeq ji2pey7 la10zjj o1xwoav
Node 33: zg62cd7
Node 34: 9wb77cf
Node 35:
Node 36: 0xfik4g
Node 37: cq2a26f
Node 38: o7ayvlj
Node 39: rao9spn
Node 40: 0eco3td tv45g7p
Node 41: q6ylvpf
Node 42: ikppx9v
Node 43: xsn6e01
Node 44:
Node 45: zrc755v
Node 46: 5yesky9
Node 47: hh1i9si
Node 48: cgikcz2
Node 49: 951a5qt
Node 50: a0ezgcd
Node 51: 26qbh4i
Node 52: l1j8l50
Node 53: so6cbxj zyafeo4
Node 54: iqw5704

Node 0: 48iuuz0 lzpoxb0 ogg0y1g
Node 1: gjzw1io
Node 2: n143ndj
Node 3: kqt8k2c sybtzhp yyi6w34
Node 4: 236mjh2 2fg2uzh 5wg45q4 6mfgswz 95wnaky dy1kipr ggp84h8 lgv9jod minuqbf sf09igr w1is0l8 x05k8eg
Node 5: 26sn44d 8ausu7m cjk254f kk5mtda qe3c0ow qxn65mz v584rx9 vv2qq3b wmrpr42 zaac454
Node 6: htn37pe
Node 7: 9bjepio
Node 8: o4j9r74 r541p2z
Node 9: 1d5qrgx lvr8qai
Node 10: i08ogaj
Node 11: i7y2ur6
Node 12: gq43rrk ke9jn20 lfaz5vt
Node 13: bo9kdpa nnr2cqb rd7ldao
Node 14: i3mt89q ytbx2mc
Node 15: fz86zjf kqid6dm mwz1b5v
Node 16: jq2l05t sqsyo9a
Node 17: ck4eas1 qa7yoz6
Node 18: wh4tosr
Node 19: tmly8i8
Node 20: pf02ur5
Node 21: pbve8bd
Node 22: btj7lvo
Node 23: 834jvp4
Node 24: fvusl3v mkdq191
Node 25: tvm1ke5 u9au8v3
Node 26: kjelpvy mvw75ho
Node 27: bvcicf4
Node 28: 1cnd2mo
Node 29: o7l24we
Node 30: zezss0g
Node 31: yl9r55a
Node 32: 4qdfyqq
Node 33: q5t7i5k
Node 34: tp8fbur
Node 35: smnaov9
Node 36: w0np6av
Node 37: czuafe3
Node 38: gb1v01l
Node 39: 8tzyy2k
Node 40: grekkro
Node 41: 0ufgshi od19gf6 r3to6y7
Node 42: k9oi1tv
Node 43: 2tyz8yw
Node 44: kufmisg
Node 45: j8aoc45
Node 46: 0ti8clq
Node 47: r0vvrc4
Node 48: jovghu6

Node 0: k2f06s7
Node 1: 6mlr5yv
Node 2: 562gne3 sobdvx2 yf7lbiy
Node 3: rzbwa5c
Node 4: hthzwb2
Node 5: 56lajvu j15rxni k7x1pg2 mu0kk3g p64edim wofkwkj
Node 6: 06b88ex 1vzq162 5x5xifj at6d0qs bucr109 c9golfr f7i59rb ikvcb36 yp722a0
Node 7: 901j0wf
Node 8: aw1kg6e
Node 9:
Node 10: 911j53u 9ugnvx8 z327lfk
Node 11: ipefigf
Node 12: nb443ah
Node 13: owmbo5z
Node 14:
Node 15: 8pfzulv
Node 16: qkc6wyj

Node 0: pcz62ol
Node 1: 0hp1r0i cshlzu2 ej829ba p6dvuy7 uc30e1u v5vuybb
Node 2: kyn4ld4 ogykfme op9odey rm683zs t3xejmb wrivuk3 xh797zv zhknu0p
Node 3: qbb9mz2 xijhgko
Node 4: xitagsi
Node 5: rnh41eh tl18014
Node 6: o6nug9j
Node 7: 451y204 h9dg39u tqw4xzl uyytuq1
Node 8: kz4l53w
Node 9: obtajpp
Node 10: 92g6tbz
Node 11: 8g72vc2 gkwkns7
Node 12: 84jnc62 922djos
Node 13: a970d10 kq3m9es pgpiiu1
Node 14: 6p1cv57
Node 15: kgr3h2d
Node 16: p1125tl
Node 17: 9dsnnn2 ua0i9or
Node 18: kxys8rd
Node 19: gtc1yie
Node 20: glkwcca m3dnerf
Node 21: fi77cee
Node 22: jbjog1t
Node 23: 04li2s5
Node 24: vzuxrmw
Node 25: 7klo0w5
Node 26: 75dboag
Node 27: l3b7q9g
Node 28: 1pfjudj tqp9n2b
Node 29: 3y0vnag
Node 30: mt0sh57
Node 31: 909bhke
Node 32: 28cho21

Node 0: 0dqgazs 1bwo4hr 44ll0cs 7pujfff 7ymjsbu 8gb8204 8k1nykk 9157sjp 9xhzg1k a4rz98e j10jx5x mpt6bmu ogyv119 oiu08kc ovuya4h r98yx07 rbpw8vu s87621h wkdz1h0 wyv2vid
Node 1: 2cwp59p 9d0zw3l l3aw03s
Node 2: ggfbhj3
Node 3: 54igrj5 cs9jqjg em24l85 fo7tcwk in5mwj7 k9634ws lpa4u6y n6rgi4p rwx92ud unrvhr8 ut1vmqk uwvrune yrcxgc0
Node 4: cmtt38y
Node 5: bs7sdad h5npvxg lxtc0h8 seo8v3k w643dq9
Node 6: 4tem5t3 4w3o6xf 59mhlm2 7nz0qjs 9nspdkw a1gd58u rmkmddq sqly9z0
Node 7: fwdy63c wa27y05
Node 8: 0anfc70 1wcvgy7 p79eknr
Node 9: 1jct6r8
Node 10: 4m0pel6 5masnvt s0jzwsn
Node 11: jdfx7tl lacqkj5 ly84rjy tc5bk0k zv57w25
Node 12: 51kyyq5
Node 13: cqh44cd fx3iorc
Node 14: gbnlryv nt2d5cw rpqltkc
Node 15: q58w11v
Node 16: hu7anin uoc2193
Node 17: o322w26 qwoznpl
Node 18: uxz4dv0
Node 19: o58jxeq
Node 20: 6bm9p1r
Node 21: em7ek4h
Node 22: 9ei59o4
Node 23: k5gzcx7 kzb43wz tfh1sgk u6pokiv
Node 24: ky7i644 teml9s7
Node 25: 8ct0tbc
Node 26: 1qbgmq1
Node 27: 3k49pdo
Node 28: 9hamjrw
Node 29: jadc0f7
Node 30: od7efab
Node 31: 9tryp3v
Node 32: knxg2qt
Node 33: h4abkw2 p88hrt9
Node 34: 8gx8c7c

Node 0: 6fb0n4a d2h7r8l
Node 1: khbsq3p lrdveh2
Node 2: 0epmi7t 23sxjgs b76zvfg cc310am ogdirvj pz7pjfd s7qi4du svm2f9l wx4xisr xqmnbay
Node 3: 3j8q0z5 40qv3ca 5ds2gtr 6iluito 74kf2ao d5qpwth jbrdit0 l3zi2df m4ywxvn ry5s4m2 ungofmp
Node 4: 1a7zeap b3oldrp
Node 5: mfbk0v6
Node 6: 1hobsr2 zqd9j0x
Node 7: njp3fty qswkr5d sf4q14w
Node 8: 2wtjwp0 g2ppn3e zgdwd79
Node 9: hgc43o0
Node 10: 5l2aw45 rdquysi
Node 11: s71h237
Node 12: 7e1eth8 t17wvlr
Node 13: gcrb66u
Node 14: 4f2dg2u gct3j41 ngo8swp
Node 15: fhzz5hv
Node 16: 7kocd20 x8z6chd
Node 17: oj6mrl6
Node 18: v2veyeq
Node 19: 0h65r8r 559cr4d 74cty75 a5dl7td aizewv7 o2ceh5s wj1dnfj
Node 20: 3wz8r81
Node 21: 6od5hvt
Node 22: 96obn10 w2fi1y5
Node 23: rfs9cj3
Node 24: 1jam5s0
Node 25: q20rnqa
Node 26: wm1luee
Node 27: 9cbwivb
Node 28: 3uk1sc4
Node 29: i3bv17k
Node 30: l1a3cly
Node 31: u9cfx3x
Node 32: e48dtdl
Node 33: wbha592

Node 0: 9oithc5 udk6ceh
Node 1: 1j0fqft 6xinvxo 7134azm 7qhayug b6o2cnf c6gld0m h8yx5ff m6ku3qg medetri mjntanc qmlnzhs t26b1hi xqvymns
Node 2: 0i4addw 0sthxnm 2ffdmqr 3hg6ltd adeqj6p ezc7411 fo5fvvo opoic23 rq383cp yd73hl7
Node 3: 0az03jy 5zze501 yr8fffh
Node 4: 20svp2p 9ncubqk b3r9y52 d7ninz9 yrhhphq
Node 5: 024hwxr xi8ehdm
Node 6: boljhfk
Node 7: 4f4pyxn ahwttx4 e3txhq5 pgflcvy vgx8t3w
Node 8: 0lyjlqa nl0a5e4
Node 9: mevdaw5
Node 10: 77bavak 97131td owaqkvi tq0933q z8wph8z
Node 11: cgn5mci
Node 12: lulzznm m9zx4qf s4c864h yzvbnua
Node 13: me07rkd
Node 14: ljamzcp
Node 15: ci5suqx jrvgd8t w65d2ig
Node 16: q4fj1g5
Node 17: 6m389gd ds3nmj8
Node 18: recjtkh
Node 19:
Node 20: 6y52qrx
Node 21: xvunm80
Node 22: 82feckf
Node 23: r0g2b6z
Node 24: ojvht8m
Node 25: vcyw1te
Node 26: f9vyliy
Node 27: cwmkq7r
Node 28: vtblbcg
Node 29: 7c4gf5s 9wiox7j wmxyh52
Node 30: 5l6h2jq 947bhiz gvlt0j5 pkj60ox x9z67qz
Node 31: v6jt6f7 v7kp7r1
Node 32: 0edk5pb 2aa1ga8 80b65vg er1q8h5 k0lv6um n4v0x3j x6riuek
Node 33: zisafa2
Node 34: mz5t1wj
Node 35: 73ynntf d9d8ssg ho9ck48
Node 36: ilfo9b7
Node 37: 5ggimph
Node 38: 563grjr i073u8o
Node 39: mpyn15u
Node 40: phloip1
Node 41: dfjsjxb
Node 42: olbj9p0
Node 43: 378wckp
Node 44: adz7w7b
Node 45: 89bij72
Node 46: vnfc3n0
Node 47: bphg0z8
Node 48: nkixous
Node 49: hog145l
Node 50: v3gz0uo

Node 0: 0x4a5zq 3gc9vh8 8bv9e6i bfb22oq c7v5j4c dh11xwc fqoq7jb l8ycux6 mpcqw1e nvl4x21 ojffldn wnvny3s
Node 1: 2n6h6vx jmpisda
Node 2: g9ey3gg tggsc5o
Node 3: 83i5h7e ra7xcdo tvwp03n y4vzpp7
Node 4: ip8jz4d
Node 5: 3n35ee5
Node 6: 79f3vr1 8ihbjj3 mz7jr55 vvarqpe y7phfyw
Node 7: xwzvpo9
Node 8: dmiqwr4 qh968y4
Node 9: 63y5jf5
Node 10: nxxldxk w67wj22
Node 11: 3foy2gk 4x3hsks jj9lndd
Node 12: umxa347
Node 13: 4t4c6xo y8oah8b
Node 14: bc084ok bkmtbun
Node 15: nmywvum
Node 16: bf39z1d uskhan9
Node 17: xfkbmgq
Node 18: uiabxcj
Node 19: 5lkbgf0 kjjw77h
Node 20: cvs3vpz
Node 21: qhy86ls
Node 22: clt3diw iz5xib8
Node 23: 6cwb3h3 j2tdw1o
Node 24: 1b5206p b9cajtr cwgm6ig
Node 25: sbxt5hb
Node 26: 2my2uij
Node 27: sdhq9a1
Node 28: 5x4hxx2 80iroyf
Node 29: 2u53i0p
Node 30: 1kkkhs8
Node 31: 6e5o3ad
Node 32: 25i1fvj
Node 33: wwlpjxr
Node 34: qrgkvee
Node 35: d1kwop4
Node 36: 4nxrfpw
Node 37: y1mw5zh
Node 38: 16f25s2
Node 39: 8v8lxaj

Node 0: 1flqmgh 26p7217 5xwfdim 9ce53id atnwoah ay4vwbl b01i874 f8nyx7r fziydkn g19yrek g9f29g0 h240f7i ifxn2ss q24nxs0 qnlw9qf tq1ud1p ubaqhjt
Node 1: qqtf0kw
Node 2: 049ink9 1bi6c4x lt5803k n032vlt y9z86i0
Node 3: a44sah4 xkheeui
Node 4: 149086r tp1ri12
Node 5: 5b54rmt dqf43j0 fc07g8k g7ebifd jqz3kmv kpnhi7v tfx9eb4
Node 6: fxrx1st
Node 7: jl8wi7m tghaw8n
Node 8: izzux1y jm5e7xh
Node 9: par82qn
Node 10: lyvqn5h
Node 11: hl74d9l w5wy7lc
Node 12: ub5spcu
Node 13: 1np0p8j ac80t9z jkxiykz
Node 14: b8oqn72
Node 15: z5bdwy1
Node 16: wtmfbjh
Node 17: usi988a
Node 18: 3cw2h6u s0hn8dj wupk99d
Node 19: h9g62f9
Node 20: l7nfrzs
Node 21: d7mofgb kzmlpxc puccjrq tg80b7m
Node 22: yicuoc5
Node 23: x30iknt
Node 24: 935jnp2
Node 25: 0tu0xqb cepgxqf ei29b40
Node 26: um4k53p
Node 27: ffl24ze
Node 28: 6dwk1y4
Node 29: xav3cg9
Node 30: 5qguml7 84l013w
Node 31: yfnj2ho
Node 32: e5pku33
Node 33: ju4pb2k
Node 34: 5exfcty
Node 35: e9z1mwz
Node 36: fjpwmjy
Node 37: zk8vab4
Node 38: u46q1te
Node 39: dw6yu5z
Node 40: ryr7096
Node 41: 2as1bvk
Node 42: xv99v5c
Node 43: vw5ccrz
Node 44: fsz2u6j
Node 45: teko9kk
Node 46: vkmgpma
Node 47: 926nhnr
Node 48: c8svtow
Node 49: kw6e94w

Node 0: 3tejdnt 8iw0kmc 8yjubcb cgqpwef d6ag6ba dxk1c3m fc9vdvy o50kt5j r64tkdz
Node 1: u8nk1jr
Node 2: 3zj2rjk 5whyyfc ntg08j5 u9maisl zvvk582
Node 3: 3x3ewun
Node 4: bvqyp0c qb4fhmr
Node 5: cak3b3j doan8st ez7q622 gj5vcbf
Node 6: gkzoz88
Node 7: lm7mky8
Node 8: 2fbrbcr 9v2rwsm pw8fp63
Node 9: g41vnp9 ok0rlo8 pkmpml9
Node 10: 0ac2ilq
Node 11: u3wjzkl
Node 12: j1lzxc5
Node 13: gwwq13q
Node 14: ghcxpuj
Node 15: ien8is1
Node 16: euzu7zp po4otv5
Node 17: 3dorqn2 rtj6cj0 utd9q9n
Node 18: o9cl1kw
Node 19: r3ugg7c
Node 20: er4cxw1
Node 21: 9lo4wb0
Node 22: pkky7gf
Node 23: fda6zbd
Node 24: t5gap34
Node 25: sv4r97e
Node 26: 79tvsrz
Node 27: xzmwhsj
Node 28: dlw4drs

Node 0: ahh0tv2
Node 1: 7ssn0g7 7u3dver faap1ei gz9hw19 ictyltb jg97w2o niyahw1 vdl85o8
Node 2: kp6sezw tdbanoa
Node 3: 6n5g2ha
Node 4: 2ybdtre au9750v fzwwdce mkqzp3o t7nm0tr th0pi2j
Node 5: jzwk0jb pgy9smy
Node 6: x79jv0x
Node 7: hmr9v2z
Node 8: 5wugzwd fmnca2z ftfvqrv pifkg45 uzndqqn
Node 9: 6djkjgm kgpamhm v8h66rj
Node 10: 53mzhkq ib609sk oly0u7z
Node 11: 2g1c4p7
Node 12: 4m40r3r fksvfw5 xx4ksib
Node 13: a8f5689 i3fntnd xwx2ofr
Node 14: 4v1from
Node 15: ij5h0b0
Node 16: 86kb6w1 p6vyhti q4qbuf8
Node 17: osyxvix
Node 18: f2oq6ac
Node 19: 919lqu2 mm5qwkh
Node 20: 4die69b o6347w9
Node 21: 8yd20ek
Node 22: g4j644q
Node 23: owqust6
Node 24: 31w389u
Node 25: 8rzwio0 w1np49c
Node 26: s9zxy94
Node 27: s3apran
Node 28: 186rk5p
Node 29: g927y6i
Node 30: cb5dksi
Node 31: 3u1wgi2
Node 32: inl0c4v
Node 33: b539msv

Node 0: hmymif0 o9s2ru6 pckk95y tdfo2hw
Node 1: 8ozqgos umxd77m
Node 2: oxx71i9 uxu2obu
Node 3: 64qyj5j 8kmcg56 ecbd5v2 fxhve4z j3s5rol px53rru q2l3tab s2dv3zj uqrzg0h y3a5ouq
Node 4: ixbe4vz krmf1sc nqvh7be phn5z2o yfzs25o
Node 5: tew60l5
Node 6: 8usjrvy h0gyf52 yxxc9fd z4zy68o
Node 7: 4j79g2i
Node 8: erlpfcm
Node 9: fwdo7ta iowvu7k
Node 10: nv46tk8
Node 11: 3q11hja 58udk8u c9vqa8z
Node 12: 2xcznkq q1o3e46
Node 13: 9eoftww utuoyg0
Node 14: xzts1xa
Node 15: 6vnftpg oddttpu q2l5deh
Node 16: yq8yqrc
Node 17: bh1qixg
Node 18: 3gfwrfn 6kn89gk
Node 19: e0fnm6w
Node 20: z0i8q4v
Node 21: hrav5i6
Node 22: bndrul6
Node 23: zsm8nq0
Node 24:
Node 25: 6nufwzv

Node 0: 6z3hh88 ek2ced5 g45643e h1o2tvi
Node 1: 8fgxbu1 k21v1i2 mmyu2pm qxeyqy1 um8rto1 wyro6su zinu50e
Node 2: bvkk5kg el4izgl hhfaoam rorsuae umsvpek yuwnw4o
Node 3: 8cf9tru x0si998
Node 4: xr01q6j
Node 5: yqmaykm
Node 6: 2d4hqwx c3l0c27 dvjuo9w p2i32e0 q6f5blr uc5ypzg
Node 7: 2yf4eru wob226l
Node 8: ewamhsa wjaurq5 zqe02yp
Node 9: mj3dyit
Node 10: gwl74km yg83w0m
Node 11: 5oxcj77 ybj4wh6
Node 12: ffaan2o x4lh4qw
Node 13: co0hajg hcifcji
Node 14: s1eti36
Node 15: 8tmvltv 9ms2ynw f3sxyig ztb3r66
Node 16: tm7zwjx uxsadxr wzzd8zg
Node 17: xvwnr7g
Node 18: l4fgra0
Node 19: 0cjvs98
Node 20: yoz4iic
Node 21: mzmleaz pjxhh3f
Node 22: ig3332s syri0o2 xc3t7rr
Node 23: rlnyeh2
Node 24: st6pta1
Node 25: 7suukyg td14217 z4ravub
Node 26: s30gkxv
Node 27: wkm2fc8
Node 28: r5l1zcd
Node 29: khn4rlw
Node 30: vit4xsq
Node 31: fwf49dx

Node 0: 3ijrd62 4t1x78c 52udqps 8y2pgjd dwdce7m ftf9agl g3dar0c v532zve zkze163
Node 1: fjhre57
Node 2: 2a6y1nz 5br3edm coredzh skki4ry
Node 3: 434ua60
Node 4: 38433da
Node 5:
Node 6:

Node 0: 2w6fsr0 g4l33k4 kzarflq lqt63c0 ruqp2h4 tqzn82m w3b577h
Node 1: m6vpvq9
Node 2: 3908e7u 6z8409r mrnm9yq o306a1c s33lxi5 sjbyzvp zqf23gm
Node 3: 0mamtco
Node 4: 7z2zdu0 9b8u2f6 cwmtni1 dycb3ox qwv13zh rvoxqev vu2v75k zqogo7q
Node 5: hlxnekd
Node 6: 2fv8x4m 7bd6mv6
Node 7: 0og0rlc
Node 8: k612igp ysi3pmp
Node 9: u5e7ri2
Node 10: k63ywsl vt3itau
Node 11: qmamk2j
Node 12: oy5btqt
Node 13: dlo3h1s qwzwbej
Node 14: 7fj8fof
Node 15: jvm45ya
Node 16: 4ibs9k7
Node 17: 4865gqm o8e5e9w
Node 18: 3qxrecf 6x1v58u 77tb31o akbcpuk ht0wnul phjci0h s8q705v
Node 19: 7ai31cf
Node 20: l6fsa3y
Node 21: cyox1im
Node 22: evqj8ba
Node 23:
Node 24: o60m2x9
Node 25: wx77fti
Node 26: r4ywaah

Node 0: 5dk2syq 8c1qwms 9n2tsfl dek4vt3 f3fo65e j4vo0ox jwy9474 lbe2ns3 llt1418 n8i1i40 pew7op1 q8sj8r6 rc3w9h1 sxz1inw uaudz7a xm1wu4p xv8loxu
Node 1: 2b8f54l
Node 2: 9t8npln brbro84 gsvm19v
Node 3: 13utf6p 1l0o978
Node 4: 56blb1j mk3ee73 ouk08rk vvdr5f5
Node 5: r5onhtx
Node 6: 8crloa6 cqjtyh8 hp9j80h rt5swqj t81101s wqyciw4
Node 7: bmzy8xl
Node 8: 90i5f5o qb9nha3 zoopz27
Node 9: gnqsyt1
Node 10: 7hip89k q6mjbbh
Node 11: 936k2wp ptl5vxh
Node 12: 70ihr56
Node 13: f8j57xf mf8joy3 nj7tssh sgcgs95 zzex9hd
Node 14: gqtfh8x v8lyfms
Node 15: 2bokb31 c8luu2e jxdk7vw
Node 16: mcnavxh
Node 17: xj2w7ql
Node 18:
Node 19: 58k4qdk
Node 20: trn4tip vzuip04
Node 21: mkp8vjr
Node 22: l6lrfo1
Node 23: 104rywi
Node 24: byi2anp
Node 25: i1ttv3s
Node 26: 6fm02m7 nj6dc20 xwwjv43
Node 27: ea547az
Node 28: gjmdxey
Node 29: clstvbt
Node 30: 6x3jr43
Node 31: lry08nt
Node 32: ei9r1x5
Node 33: 1159k8a x8g7mdc
Node 34: ckgsieu kcmov1z
Node 35: 3m3y7jb o7rtnve
Node 36:
Node 37: wcqn2zf
Node 38: jt1y7w5
Node 39: qstj5zo

Node 0: 2no1v7j 3xrhfv6 d86d4s1
Node 1: kvotsie
Node 2: 4d8p82x lw1lbvm
Node 3: 3wb3ldh b203y8c jtxlofb jw5pjef n3hsmsl o401soe q4c3fk9 q9d29e0 rn55xf3 uaoom00 uzlgco6 v8ixk0f w916qk6 wbb4d2p wwkfbbs z5f9f98
Node 4: 0hg0fm0 1dx4cp7 1p9j8e1 760tjnm 7zg1sd9 8lh9o7g 8xmese4 dcqtw03 fitqum1 tzik661 up6fu7o xijgfu1 zfgbbae
Node 5: lsw0ev4 xjdhbyq
Node 6: 8zu55pv i77dz0y o34189y rd504ur vkdh8bw xl57qi4
Node 7: 8icx4e9 a678f2m mt02hmn ozywaln
Node 8: as0jzyn atvf5dn tyl4glv zyfwemb
Node 9: hl1bmgc
Node 10: 3994e8z 5k65nld 7dbtp02 8gx9q24 sfduz5k svdnwlw
Node 11: 1w83f1n vvffxmr
Node 12: 24w9gm1 5rh3ji8 ijie3t9 re0w32n
Node 13: d62jetv
Node 14: fr5ettk
Node 15: 7bhlgc5
Node 16: p13e5th
Node 17: 0u2o85q
Node 18: 252gnhi 3dcqx8f g2731ut sbl3gf4
Node 19: 9l47sff
Node 20: 8y045yu rnl19je
Node 21: 58s1yid
Node 22: ysml24n
Node 23: 0m0mv3a cghzfsh gfu6o8z kjuedfw
Node 24: bi0d2uo
Node 25: i9bhs0d
Node 26: 1vmpsjo 4o58oj7 7hklyim phbaatu
Node 27: eevgf15
Node 28: 21y3ge8
Node 29: 6aga0k7
Node 30: xlhvocu
Node 31: 0xfjhk4
Node 32: uvhn2tz
Node 33: 9s789tw
Node 34: 263nhvb
Node 35: nnwsoc2 wwltqc3
Node 36: l87svt8
Node 37: 4jx6woc x0ga8h4
Node 38: uk419uh
Node 39: xmoizyo
Node 40: sxq3j3r
Node 41: wmnoctk

Node 0: 4x7g4hb 632dwh2 e8qauq1 fdkgepk lz0ym8e n4q7vp0 n8jack2 op7i63b q461j04 thunz8m xm18e9b
Node 1: wi2tgfs
Node 2: 0mjh2jo
Node 3: feks532 r2lxyg2
Node 4: okj37lu
Node 5: uud6rsz
Node 6: g5v2lte lvy4nh3 sg5fj8d
Node 7: fe3ijz6 uu3h6jb
Node 8: iscfx5h

Node 0: c0gxmtj
Node 1: i52nti5
Node 2: zptgm6o
Node 3: bfpkkql cyysyxc
Node 4: k1ddm0z qiftsrw sonn7e2 w81ixky
Node 5: 0wwjvvy xt1w6rc
Node 6: 2g7pwe4
Node 7: cvv9dgi
Node 8: e7b7k3i
Node 9: 745kj8v j0hs7zb jufuy5u
Node 10: w78g7ep
Node 11: f071thi tvv5kus
Node 12: 4jfdfl2
Node 13: odu0t0a
Node 14: f3pm9b8 uddgx6t
Node 15: 1wv7sa0
Node 16: 2q2zdoo
Node 17: 3pmjfu6 q8v7gmn
Node 18: 7pkegg5
Node 19: 915mnn7
Node 20: wl04feh
Node 21: qwnzi6y
Node 22: 28piv11
Node 23: lnmtg3v
Node 24: 0li4bvm 8k596cd
Node 25: g8q03pt
Node 26: r4q2xc9
Node 27: uu0w9sq
Node 28: 9s5xgh3
Node 29: 4bl9zce
Node 30: eidi9v5

Node 0: ifyp2oq nnrci3q p454ztg rl1x3vz s9mya6x sij7hjy va1o8gv wu184xn z7b6ogs zlars4x zz4l4jb
Node 1: 76eazya 7bg9pq5 fg51qjd ic7nbm3 scam3wo vrg6xdo yc105uy
Node 2: 0jegp3u 18t5izr 28i75kr f277ae1 pfeiozt sg0r7rj zd41h9i
Node 3: 5xenw6j 76z2h4a gox9yrp
Node 4: bnxnbsb p3yeplg pwfrbc2
Node 5: 4qumfbo mglqa5z ok39nw9 wvuz51k
Node 6: isuacl4
Node 7: 5kaublp edf6vs9 nkg0twe q2yl53b zmeip3e
Node 8: qz7pq3y yeyjde6
Node 9: g3i5she gqkrtoz
Node 10: 10fmzsg p2emxzl x2e7xut
Node 11: 2uph1jz
Node 12: zw09odi
Node 13: pqfq38r
Node 14: x70zr17
Node 15: x5hbto3
Node 16: 0m3c8qw twc5fdq
Node 17: aicbfp5
Node 18: ocmqh4m
Node 19: g53tf2j vgied7s
Node 20: cqa1c6n
Node 21: wuprxsu
Node 22: ei68q3n
Node 23: faetk7v hpenund
Node 24: c1a31jg f3lnvwu jkxgw9m
Node 25: bzrvl3w x7q6zfx
Node 26: jdvs8f0
Node 27: o70fhwd
Node 28: z32lmfo
Node 29: j69hroz
Node 30: fl3fy9q
Node 31: n4n4lai
Node 32: 8uathn5 zqm5qt6
Node 33: 52ltlv2 hrwuunl
Node 34: gxhocwu
Node 35: xmb9a9x
Node 36: ufhbtp1
Node 37: u7ksu05
Node 38: oyb5bif zctesns
Node 39: uxo2a8n
Node 40: kj7bzpg
Node 41: 36vdnoz
Node 42: nko7y5k
Node 43: ihvj3a4
Node 44: 1dppdvs
Node 45: 5rppynm
Node 46: vc12eb9
Node 47: nq0gqa9

Node 0: 4yv2zdt
Node 1: 0i36vkh 1uxr1d4 4smpu0g 5o0r1ru 6xwsj0h fl08rsw gjham90 vulgfhn
Node 2: 3g7lp4h hg0s06u hsceqk9 qf1uj9e rcfiatr rlgooz1
Node 3: fs84lmb jfdohzj
Node 4: zxg1p4b
Node 5: 5q1mt0n cbrib8y
Node 6: 5wysckj o18vn9e
Node 7: lainkdk
Node 8: 9bxfp34
Node 9: 6lxmyhi
Node 10: slwnism

Node 0: boa55ns eb3f8g9 ey4xg3j l5tmpme ngxmum8 nmvjuyb sdex8tn ss6a3rd vt9pdtj
Node 1: jm4ql2e
Node 2: 92n8whr 9nolz50 e530pbw fz80vao xsdaqxs
Node 3: kycdn1w
Node 4: imok7fr
Node 5: 66u4d04 fxkjkp3 x0qtqus z6fncns
Node 6: 7wnkmte hw1q6mn jh9n4vq
Node 7: o7xfvt8
Node 8: 2s7j7vu
Node 9: tlsl68p
Node 10: d0kr4ov
Node 11: qpptl1s

Node 0: 1wjfd1i w4iy3f8 wzsafor y2c1gwg
Node 1: g21lco5
Node 2: uetpk90
Node 3: n753vpj zv7qw1f
Node 4: j6w0bgl
Node 5: 15fq4m9 qzjle20
Node 6: 7n4apag c5mworq
Node 7: 54xqh5y c17s12q vy8nne7
Node 8: 0i3hpux zg2mcp3
Node 9: ntg2zgq
Node 10: wxife3y
Node 11: ga9bovn zp28z5f
Node 12: 2dv5wn5 78472my 91zprnz ip3giy4
Node 13: ddfcq1l j54vzb7
Node 14: 3osichm 69vn620 cr1rvum hflg0d0 rx18voz
Node 15: g3yxs6h
Node 16: cvahywk
Node 17: h2bi5sc
Node 18: 5gqppnj ma1b6tw
Node 19: 3yala3u bqzn15u ego1yqh
Node 20: phr1ixd
Node 21: 020jrya
Node 22: 1rxlflf

Node 0: uueebf5
Node 1: zftilq4
Node 2: 94n33mk b4p8vyi bqrkhdt tmu2d5t urkrbk7
Node 3: tkr57ve ttr5zgq
Node 4: a3r4y1u x92qmae
Node 5: dj66l4b
Node 6: jlq2l81 pehyish ruc3hx8 y9onpqg
Node 7: 5w4ftm5 jt4n8qt nyr0wys s6di4w0
Node 8: ohejrh0
Node 9:
Node 10: zp3la0m
Node 11: 3qyxt8k
Node 12: 922cmw3
Node 13: ig55kl6
Node 14: j78zbpy

Node 0: 68ozc6h
Node 1: 19g4alq dei5a5r xl3a44s
Node 2: 0aa8oow gmdyepp l84nc4h tqblus8
Node 3: 2oksg4x 36fafqb 9jd7gyt d2d82n4 jlur136 yo1l8rp
Node 4: 8qmlsoh gt9csuz wtvhzdr
Node 5: 9fqilw6 a6xn39r ocdvxpj
Node 6: lq5asoh
Node 7: 7z1rmav 9zng45w fmd03qb g19y8yx myrynp4
Node 8: bk8xj79 g2ntv3x soxg5h8
Node 9: q3zdrha qdwyev3 r0m0yi4 zjhdfd1
Node 10: ln528uw
Node 11: naztrc4
Node 12: ssiuf24 y90kp62
Node 13: 55u6h7v
Node 14: 0tzaw8l o4cgl5t
Node 15: psy4yma zqkvypi
Node 16: 8c7krwd
Node 17: yuup937
Node 18: 91qnn28
Node 19: okt3n5v
Node 20: 6yz6fiy
Node 21: tkp3uqy
Node 22: 4a0l5fq
Node 23: fnvdfac
Node 24: h0rcyyf
Node 25: 2uge3on xc4k1ym
Node 26: ytn2k11

Node 0: op2w3df u9e1kkc
Node 1: 2mh7iwb gm6efws m5lea6l vxkt24x
Node 2: 2dvzcoz p7q5zt9 uc7j94g uudubbt w0kd72m
Node 3: 2td9u5e 3cnmehk
Node 4: 1bkg50z mjsla8x xxfc602
Node 5: 5rg4jwg 6e26yt8 zlyo2c0
Node 6: kow6lxv
Node 7: 01l5m81 o15qwqy
Node 8: 15gp4d6 uz3xm6v
Node 9: 4d8epb4 h120dck
Node 10: pbilm2q yp46eiy
Node 11: 0c4rld7 c7s6kpc kigcz5o
Node 12: aiybm22 bg8cg20
Node 13: qkx93fw
Node 14: vqy22lf
Node 15: 21nskxl fpuoys9 mptvmgq
Node 16: 8apk0h6 n404aps
Node 17: twnv8yl
Node 18: ar9n1qx dpolu8v
Node 19: 55nplhb
Node 20: 36j8815 bz1a7pc
Node 21: 93d9dil
Node 22: 0z87j3g
Node 23: hbrp1oq levin0b
Node 24: zsp33s9
Node 25: 33a0yg4 kk71crd
Node 26: f19lxw8
Node 27: qsdc7i0
Node 28: ggfreku
Node 29: l8zamkm
Node 30: if9d52e
Node 31: jdy8wmp
Node 32: b4isx4f
Node 33: 5rly2p5
Node 34: 46rb226
Node 35: pxb7z3l
Node 36: z0zvqpx

Node 0: 1db1l25 2kr4l8x 2mhwbs9 4rsmyby 6pizif9 8y9uiye ggkjxbt ie2p4cf in6mf1c t4so0tn tfzlj5x wvit4qu xd9fi9b yg8c3tu zhs6fvc
Node 1: 76p6krx
Node 2: 523jmjq f8bqya0 jm4mjbv oe83ww9 osgowmd
Node 3: 1eoguc3 1z341l7 51nvn63 al5fsz0 anhjvn9 b96uqkn bwovbm9 mvarkun naaoue0 nl8t6bb peb6ww2 qpu1jf5 smlnes2 wmstoml xi3ljj6 zqdejjq zy1377a
Node 4: opglwsx wmuzgfk
Node 5: dun8ew1
Node 6: q7m1noo
Node 7: 7f47bbq fcbr4xr focgmds n0m827c w3t9yh7 y6v1ajl
Node 8: 35ok8bg
Node 9: ljkrqr8 pfzakrb
Node 10: 3lulunl
Node 11: lm1b0ur
Node 12: 34k0fad 8m0hpi5
Node 13: p1ad49z ro2zky9 uu1wc16 w05zegc
Node 14: bwuyoo9
Node 15: 4slvd4d gj6il5k puwbu96
Node 16: vcenac8
Node 17: iw7og9b
Node 18: 9ebgc1m
Node 19: 3yhfpi2
Node 20: nytkdai pb6216y x49wkeg
Node 21: toc18ej
Node 22: rm2y99b
Node 23: 3xdbdeq
Node 24: qa2kh9e
Node 25: g2wk6dw
Node 26: lsegwae
Node 27:
Node 28: s9n864i
Node 29: 585e4yl
Node 30: uwvlyuz

Node 0: 484m3gb zciaqw1
Node 1: 47yzg1r ia5a6lc mu0oeoj pdwbqys qnx9biz
Node 2: hphq5y7 ie64csp ntoyjp3
Node 3: 14jp3k1
Node 4: k46698j lkwiupv w18gv2i yvhlheh zm86auj
Node 5: shi0syh
Node 6: rzfempn
Node 7: 1nxa6z5 hbhdwgb
Node 8: lafzstk
Node 9: fcvp0va mfhxjlw
Node 10: jvo76qo
Node 11: 9e6e58f
Node 12: a18g6pd kut3h5s pbeddkw
Node 13: zx9ykbd
Node 14: jzacunh v7dnvsk
Node 15: ci8augo iwb884q
Node 16: ohxnmin
Node 17: 5f1ocgn
Node 18: k3sy4pz zecg6cc

Node 0: 3g4wt86 qwsrm80
Node 1: gtmh0i3
Node 2: 1z73gcy e2kf864 uws9qjk
Node 3: 1cu8bt8 3patv3b 7g55iqz 7irlx7t 9pywpr5 a8raa4u cbhmdui ghsyczv i8du6th i9592g2 k7ko85d l2ingj6 p76bmy5 rrnl1n3 sbm1w94 vmfriw9 wkcjj7o
Node 4: 4bhm279 kbn6gvs
Node 5: 4gmfoh6
Node 6: kv7kjym
Node 7: 81v6xn4 e6j3u09 zrllhh0
Node 8: wzlonod
Node 9: 5rxzdnr h9470bs vq4mqjt
Node 10: egourua
Node 11: 21heibc 3e6mq10 hckzfhg wvox7cq
Node 12: cfc0u2h d6mmw0u x4cwkcj
Node 13: hc6xxwp
Node 14: apls8l1
Node 15: tf0acpb
Node 16: at8qq8h cpqes46
Node 17: 39wf8hh
Node 18: dawz0ah
Node 19: ajya8xv dceyfjz
Node 20: p0ei7p3
Node 21: bcrxm8k o0tm8rb
Node 22: 12tb40f 4qlf687 dg9tzmn lee2lyr wsr5hjv
Node 23: g7k75z5 oog28tf
Node 24: fnqsnmk odswm86
Node 25: h66t9p8
Node 26: m2lwjfj
Node 27: oqiihyi
Node 28: 4ohpnm0 wq7owiw
Node 29: g52i0ar
Node 30: xcda3te
Node 31: bmafzir
Node 32: pf0qexg ugseldv
Node 33: 86gpy46 opalmym wlvln0r
Node 34: 9jv67yw
Node 35: emj46id
Node 36: 41nslgv
Node 37: tjlzar5 z9qwwek
Node 38: r9b4xwj x4js7bs
Node 39: hjrajv0
Node 40: 4vvcn4t hc9ttze
Node 41: fybisqj
Node 42: vsel1jx
Node 43: 8nsnyqk gjrbesl p3m79xb
Node 44: 2idn7oo hq43gyx
Node 45: 5bpa3fh
Node 46: kvpnceb
Node 47: negsbwe
Node 48: iz8ttpl
Node 49: kussgud
Node 50: wci3vdg
Node 51: zg0ry32
Node 52: 67f3gfn oibdk8u
Node 53: mzo34lj
Node 54: 4rldd6v
Node 55: s5zeg2r
Node 56: 6aziifi
Node 57: ce9dt13
Node 58: jzfmkkc
Node 59: bxwgb94
Node 60: vcre0z2
Node 61: 5wwvbc7
Node 62: rwrq9ti
Node 63: yfmom3x
Node 64: 3o37r1r
Node 65: fvwn2p5
Node 66: ny6fva9

Node 0: 2njdosd 33omlxm 3up2k7w 40121b1 478guzc 4yizb1h 7vkx41u b2nvlfz cqxfq28 h947xdd iiapmmy jclwgw9 l0ns7ka n8875vn oaz7ya0 ph1tpty qdpht8v qp27d8x
Node 1: b9mo1fi ngnudzp z804h24
Node 2: noefjos
Node 3: 2tyzxmo wy4adly
Node 4: 0vrex1t 6kzffg5 gkxmgyd o3plt6z
Node 5: pxnaofs
Node 6: ykrcoow
Node 7: p62dh79 yjny0tp ymggmq8
Node 8: 2td75tu 8viomny lyv6ryn
Node 9: ea3826m sngdyq6
Node 10: fh154b8 i78mq25 ypjgals
Node 11: 968w443 sca91vd
Node 12: fwr1f67 qnjpr03
Node 13: 4e60s3z 6jtdsfm
Node 14: 6k2h76q 7a82jd2
Node 15: l8a3l2a
Node 16: 9h4d1cu
Node 17: 4clc42g
Node 18: whs831s
Node 19: 3lip5ey pxsm8wz
Node 20: mfovllk

Node 0: b76x64a
Node 1: 03ss8bg 2dmz1dw 2oy3jsa 6321i8x 6h22lb7 9ska75e ck9dmw1 dg963ij g0csfcy kt5sode kwuvpca mlvqrtz qazri0r rxbxy9d scmv0vh szum7pt wo2dvnm
Node 2: 48i22md l2nmie5
Node 3: qjtrdt0
Node 4: 7unloi8 m1hlpo2
Node 5: 834qxfy cwxfsiw qdoc18t y7uzfe5 zrm7pvd
Node 6: 37e8o0h 7d825qp szw073b zm6nt7g
Node 7: 84kp4da 87jjjr8
Node 8: 9d5miz7 eq677dw
Node 9: 5salmdn chfdkir
Node 10: 73crv3l ak1e2aa s16b8ne
Node 11: a8rjs56 de76faj eb3bm73 shw1nk3
Node 12: 57sdbdx 8u31hec
Node 13: gt9o081
Node 14: 24zti1g 2gkqffy 47tdeh2 g66yusb g6nodax m58ulua o94mo7f y6tc0as
Node 15: 0jh2ci5 aty2zo9 wabt2cz
Node 16: r4j3qlt
Node 17: dwni6ns
Node 18: 7ucceab
Node 19: kp9bf1r
Node 20: ufoc3wi
Node 21: 2kxmieq j3us5ol
Node 22: khhp71l tt4ntew
Node 23: 38xa5g4 c7ij8w2
Node 24: 7uztug9
Node 25: cugl2gx
Node 26: m0vnmw2
Node 27: zcztynp
Node 28: 8lvnw7r qa49v0a
Node 29: a6kin6d o2v80uj
Node 30: y0xq6qh
Node 31: 34ylaif
Node 32: ehl15g7 zf79zoa
Node 33: 3ny6hu5 r70jqgm zixbrq5
Node 34: yumfupz
Node 35: vfp6r0i
Node 36: x1stpgr
Node 37: izknop5 rxzg2qk
Node 38: j5jnmwt
Node 39: hsxoxwq
Node 40: qsnhjsv
Node 41: 1qc2ozr
Node 42: arptwji
Node 43: i5oipnc
Node 44: xdy3jah
Node 45: mg91kij
Node 46: qan0225
Node 47: 3whtn1n
Node 48: 0x5rik7
Node 49: ja3g6fj
Node 50: oxtczen

Node 0: ue8gpv0 wlrt9bi
Node 1: 97ajjwr fbe90d6 hi4wq2p jq7u37y nfmyaeo nj0gkso
Node 2: 1wcemzi 5az0rdy gx6tgu6 nijnool u9bzy78
Node 3: wbwfr7o wo2o8cy
Node 4: r2pjgf8
Node 5: c5nhyvn
Node 6: 71oci8i
Node 7: 1iioqwa fovvto2 k226de2 sbwum3r
Node 8: 2q5wq8m
Node 9: c1dnt00
Node 10:
Node 11: 26e1h2e 66y63ad jszytdv ps8ub6t zsdnu5t
Node 12: aeugv2c icpkb8u t2n9xlu
Node 13:
Node 14: 82n80s3 lhu9aql mf3f5bl pp664q2 rkwv83p vz75rjd
Node 15: enqxv7e
Node 16: a827q9u mhu2co4 oky9ma8
Node 17: pmqyva6
Node 18: 4eou0px
Node 19: 7pxjvse
Node 20: bl5tnrl rz814b6 xgxyd1d xvoemth
Node 21: 1dito75 abkp4v9 q4peskt
Node 22: y6d8ilu
Node 23: es9o5ln o7laps9 rm9t268 tvpdntp va5pa92
Node 24: rif0h7b
Node 25: 6ikyzmq f4lj7oq
Node 26: 2n58a3n
Node 27: 6ogn7o3
Node 28: hnebiic
Node 29: 7pu6ffo
Node 30: ektbvud
Node 31: q50umyb
Node 32: e6pcepn eshmkd8 vzzjgl3
Node 33: o159pon
Node 34: jd4o4ts ybcpszo
Node 35: wqgnog4
Node 36: 54ul3g9
Node 37: e7ape1j pwv9v95
Node 38: 7l9c439 onkz7vu
Node 39:
Node 40: eazha7y syc6l7b
Node 41: hc6wm8v
Node 42: jn4h015
Node 43: bntkivr uly3wji
Node 44: puyfkon
Node 45: ovxh1t0
Node 46:
Node 47: feu122x k5pgldv
Node 48: a8zjvln
Node 49: gz0lyet
Node 50: d0bflm4
Node 51: 808ur3c
Node 52: qzkuq0d
Node 53: 0er7rb3
Node 54: cbtew4f
Node 55: 03zazyp
Node 56: yvoxbgh

Node 0: 2e1mhbl 4ka5by0 7pdlo89 bwqdez1 ekaupsh ex8vr8o hb9jrc3 kuu8cv4 q74on8k s2cpmq4 s7gqgvi uey736j yrhc618
Node 1: 3zltm55 63a9fk7 67uxnyq 7nlq1rc aodlq1l b2tmah2 ge91jo3 k2jp2f0 nggjo28 pzcpbcj qtfd3nc
Node 2: 56prvio 6gozigi fglmjb0 fwyxzm9 mpreabf npthxyf pbgsqjy
Node 3: 0mzforl 9yx1o3p jrqrnko p95yjoa teyedeh vqjp37o
Node 4: kjs2t3q sv46977 uankax7 wt3fd2n
Node 5: hxxzg6d y13ghtv zudo4ve
Node 6: p2r0pox
Node 7: 0be9woc 9zbuq8e baemsxw ip281hd j786d3d lklr2wh migkxxf pmxp4c9 scorns2 xk56wnh
Node 8: tg1lwok
Node 9: i2bf1hr ics17it tdpc9g1
Node 10: 4f5p1go 7ldvbia c8qs7qg hcxqh13 w0bdfwn
Node 11: 1llnsc7
Node 12: 1czqydm
Node 13: g73duzi vllhri8
Node 14: 7zkui3n
Node 15: 90330qo ox8w49v
Node 16: 5wu6rsm 7fpxcad hsoys6r we96u1u wzuq79n
Node 17: 12aputj
Node 18:
Node 19: zn4yz2u
Node 20: ble5djg r01zbpu
Node 21: 0t0p7ne hgm036y
Node 22: c90hlo8 q25gb43
Node 23: eum84xy
Node 24: gsuzl7e
Node 25: 00lki0o 79f2zfe gh3u4gz vg48a6y
Node 26: qwjl5ne
Node 27: 8q2lt1h d677giv
Node 28: 5vgzocb ba76d5j wbyac7f
Node 29: i00ykq5 w0tqz0d
Node 30: 229hvje 319i8rh
Node 31: 20hrfml
Node 32: jnrv70u
Node 33: 2mwjh50
Node 34: hpu0879
Node 35: 7wv1nv6
Node 36: bzigykb xk3bpzw
Node 37: c60uhr6
Node 38: arpm2qc
Node 39: zdu4sdn
Node 40: qusup0v
Node 41: 33i29f5
Node 42:
Node 43: 4dn6jg7 nvtqbq7 qbq7dos
Node 44: bx6bksd
Node 45: nggruk2
Node 46: nf4migv
Node 47: ck3u6f3
Node 48: zucg2cd
Node 49: fdlyxqe lwl6q51
Node 50: 4no9bl4
Node 51: pvkj1y7
Node 52: 2h0p1hi 2o6ojzn 4u0o481
Node 53: wqxrh0n
Node 54: u9hnakq
Node 55: ir05wed
Node 56: bblfa2q jmfrgq9
Node 57: 8pq4h9k j5yctmd
Node 58: sq2sff6
Node 59: 9hjp0q7
Node 60: qvwxko7
Node 61: lamx9md mrro1g0

Node 0: fu1t0ys gtm6i48 khmn2sn
Node 1: 3j0soct ltof6ky
Node 2: ru5scch
Node 3: dj82cci
Node 4: 8vtfrik dqiqucb ewqybah f5q7elh gplciop h6jpjkx txfv3wa
Node 5: o321vbt p2lcwd5 yq6fm63
Node 6: kus8z3l
Node 7: gifxwby
Node 8: cn56dpl l1gxbik rgpeuj7
Node 9:
Node 10: n0udr1g
Node 11: 00kwqmc

Node 0: 05j9z8u 13qyv02 3ls3bxv 5zewxkh 6hw85xi 9foximx da9se8s flyvday hjllfh6 hllc1jh j08wt8g j7l2rga khag03a my20tcn ogza15q sbawzf6 sfq7263 ximtkyt
Node 1: edyps9b wj4is06
Node 2: 7qgd2ds u3tm213
Node 3: seobsde
Node 4: 3y324yh mbj0ech ya4k69r
Node 5: e5fr572 pkbp257
Node 6: g2mjihy
Node 7: 3h2bzx3 ilvb93v
Node 8: ltorj4c
Node 9: fyoq0iq
Node 10: tb4eklg
Node 11: 1w8fc62
Node 12: iitotfo
Node 13: q903zwv urak223
Node 14: ar4q1ht

Node 0: 6m5f5ju
Node 1: 10kaygf drk7ktg pwna8qe
Node 2:
Node 3: dhjmwie
Node 4:

Node 0: 6svfxjf uwbjqkk
Node 1: bsq6xfk w3amq8i
Node 2: tvoyala
Node 3: cb8z1c1
Node 4: 3729dff b3vnzny iacrria nyettci
Node 5: qbh2pyp
Node 6: e0earlb nckk111 rj35z33
Node 7: fg1oibp
Node 8: sz4rfhl
Node 9: qgo7r7r
Node 10: ajq1137 vxugdet
Node 11: 81k1qy1 kt9l6vj
Node 12: n23sf9x
Node 13: bfc43f3 yip8ze6
Node 14: s6o1u3q

Node 0: ioejc6x l38ra15
Node 1: 3rv2pj1 4oavyew 7h9oz64 c8nbb3h chyd5pe glzqpb2 gxzxbzo hlclf2z i5gv13q keb3x9a mjdrmrq nclyos6 ntgcpph ugb6uhd xwq5af7
Node 2: qsi39i6
Node 3: 6y8zcd9
Node 4: 4ghfirc 4qlc3ze fmnx29o hgqq1rl um7pqur
Node 5: 2e5kmks
Node 6: 9fdiek9 aqscvsa o5w1gli pex27nr sbuh4fw
Node 7: 3uu3zil lc74bsx wyk4cwu
Node 8: 1nyy565 lbc6m40
Node 9: q7cpg0s
Node 10: gsxut8v lqzgf03 yd2pdit
Node 11: m9kd71b
Node 12: itt0b7o
Node 13: 4a096ow
Node 14: mfoxf1m
Node 15: lz5gnte
Node 16: 3thc25t 7qb04h1
Node 17:
Node 18: yxsgnp1

Node 0: 26iuscz 27upqf4 2l01pi5 3lbwobo 593he7s 59a015w 5odaf7f 6j3dvo8 8armd0z albfbjt c6phguq dpb9kxn ef2gxoa flap2r7 g6l1gax klb0u9w m83obig md7q79n mllevy0 qbhkd6x qwy9l28 v1fbhmb wz5ar3n
Node 1: eeweftf h3emeug
Node 2: 3h2k55i 3v46ftd a1bre9k bpg8flt e4tpcsu j2v7gdy jkzhe2v non1yba y2oi7ef
Node 3: 0ky2v50 4o60sf9 cstkwut ec4090s gzuk72m ka2z4g0 xq1q7ub
Node 4: eltlu7i hz863qj
Node 5: uhskml3
Node 6: 2nynl3z 3gsgrmj 6ck8eax o47qghk
Node 7: 2nslw1p ep1xz5t proc72b xkhdzte
Node 8: 4k95ylj xwlknw4
Node 9: burpqfb
Node 10: unzuxeb
Node 11: r981d0v tl9oafq
Node 12: 8ugm9sm j6xot3e t0d3x7v
Node 13: cmqwb0w l35cep7
Node 14: 3vt18m7 tzteqws
Node 15: 1df13yf 56e99s6 688trbw 6bsjhno
Node 16: 5xe88yu
Node 17: 2tlgyd0 3tvc59d bmvni3l nrkj9mn
Node 18: thfs2ip
Node 19: qe4qzy2
Node 20: p7ve5jq
Node 21: kemtnkr
Node 22: k1ys5ux
Node 23: kcf80ra kct8f0m ogomrtt
Node 24: tuur3lf
Node 25: wxnrj1f
Node 26: lzhqg2m
Node 27: svpctrc uilq20u
Node 28: j2tvgdc
Node 29: tyemni1
Node 30: m44vrc6
Node 31: 9ekbx7r
Node 32: rsq5ldy
Node 33: vlqfyzn
Node 34: y2k18dm
Node 35: z8ohxoq
Node 36: vlwwgnd
Node 37: 16bbvst
Node 38: 3o6ltmr
Node 39: zhuoufy
Node 40: eucoqd0
Node 41: u7w0kd7
Node 42: n4sg6mr
Node 43: 5e9bz4e

Node 0: 0eoar8b
Node 1: 2tx3co1 8eb2al9 9jfyv1t b6yxdyp h4a724c nizg6ig oog4qmh p4bvjb6 tmfyc7s v18qzys z38ie9o
Node 2: 1gex4tk 4chwluq 7blxy1r pqr3ydg
Node 3: f7bkozb ts3ao0c whxv0tn y705xcq
Node 4:
Node 5:
Node 6: 0vr4dre k45f4h3 ku9lptm zl8j9r8
Node 7: 78dc220
Node 8: 1pw98lr 9swt06h b9k9snv
Node 9: z5a1lfo
Node 10: 9k9uq76 o6dwhkt
Node 11: 5karz5s ngzrqg9 ytjveox
Node 12: d4o8nj9
Node 13: 9sb7lzk
Node 14: i71edho jkh5bnu x6kfyb8
Node 15:
Node 16: h1e6cc1 pqkh0mo
Node 17: 8ehaian
Node 18: kiziipz
Node 19: ii29sv3
Node 20: 3mh5pho ax1de3w c2g11ns gzvahlo
Node 21: 4qlhg50
Node 22: kvjd3wr
Node 23: 9ngq5ns
Node 24: 0ad8rfi lowcw4i
Node 25: 0m8dgbh
Node 26: 5cl78al
Node 27: 051mzfq

Node 0: expgd7e msyt09u
Node 1: 4bcy8pq 4mossjg 5eercxz c3dwa0f ett4a1m i7we2d9 njphvtv o0oonme p5vvgil tc7fn8t tip9vi1 ugjws4j
Node 2: l376kne la760ec rvur4le
Node 3: f20le1m
Node 4: b9ykb3y zboxe1j
Node 5: datuxeh
Node 6: gwop28u
Node 7: 1m25aci 2qvoxrf ewvqt31 oib0n3z
Node 8: 00b47jv
Node 9: dmgqki6
Node 10: sp1okk8
Node 11: al05oee zdc8loj
Node 12: cw7p3es
Node 13: k1eunjo tqdd4c9
Node 14: tnxdtix
Node 15: smctyt4
Node 16: lfxifq1
Node 17: gdswnmq
Node 18: bp9620k
Node 19: 04pb2km

Node 0: w328z8l
Node 1: lykc0f0 qzgbt3u uc4rb0c
Node 2: 0phzhmp 2jej7zc 3q1f3qb 4i1p91q 4kcskgy 63rk7fm 8641z2c 938rtww 9lcti0p 9t2tpen ail4acf c2fs9zl hoxm8b7 hshejkd hx36q05 jekr03p k2mdokq qndzokz ucms3xz ym2yj3w
Node 3: thlb409 xaxm8qk
Node 4: 4a2xlb2
Node 5: 1kslomz s502vhf sn89khj
Node 6: 03oiq3a 26pwamt 34tdyak 9s5rmiv lu0rfzz uu9enke
Node 7: irp8e19 nwlc5vo ydh0ia5
Node 8: mgbz0w1 z338eoc
Node 9: f204vua t9xyjlr
Node 10: sp0mjr6
Node 11: 50guem4 msu47mu uv997xu
Node 12: s0ggfiq s6n4z58
Node 13: 3hqmt3c u50h02n
Node 14: vqmho0x
Node 15: 0jshld8 ombkldw
Node 16: 3qy8dj8 ik7ovz4
Node 17: u0iuqyn
Node 18: qkg092k
Node 19: gu1xql2
Node 20: lq8oen0 pb7tz7a
Node 21: w5ahtkw
Node 22: pic0htj
Node 23: qfvb1ep
Node 24: mvxe088 rvidyf1
Node 25: 7utcuez
Node 26: 30m862f
Node 27: uwr722f
Node 28: ij3ncf1
Node 29: 7n6qffz gfxpn9h twib2v0
Node 30: r28ptpm
Node 31: 0kema1n dec246b
Node 32: 1j00kv4
Node 33: 3e2m6lg
Node 34: 6slp5sn
Node 35: 8ajio9c
Node 36: vljouck
Node 37: 677etuf
Node 38: on4nmpr
Node 39: rty9xaz

Node 0: gfwiv2k
Node 1: 0jsgbz4 76rk51g muzibve shsz690
Node 2: fsxlq8n
Node 3: 0m7i5ej q8qk3tu tut5mj3
Node 4: 35iwt31 47gd82b g2dnbti
Node 5: 5dnvqzr fghl25t g145onn ggr5ta7 mpu71rm
Node 6: 15a88jl 33ysnrp b1v247v mfgdi2a mrf23df
Node 7: wdnm9cc zl27t6j
Node 8: djarqcr hghyypq
Node 9: em1i4lg fgxy2t4 m8p0uay pcvspyc
Node 10: ky56ivf nqge4zw
Node 11: 5aln525 kwxhiya uazfi0k uhkyi1g vkn5y1i z96tnsb
Node 12: bs11x53
Node 13: 4xezqo5 5huap6s zcsim6y
Node 14: 2mhkz3n w60scrn
Node 15: r82tni6 wk8b7q9
Node 16: 1oyc67n gxrtewo ox85f37 sdvskw4 tki70ik vu8s0go wan4n5z
Node 17: luf0biv psey8ap
Node 18: 77f9fst 7diuni6
Node 19: i7x4oeq j4z4a0i lehp9um mpwgg37
Node 20: 4jpls8t
Node 21: m5v7zcp
Node 22: b2nrfzn s9ol1e5
Node 23: sf0n621
Node 24: 7uhs078 81j8yks
Node 25: 0guyvka jdbe9au
Node 26: atl73be
Node 27: 1x7vsfc rm3k9s2 toodmih
Node 28: o1pf69z p6pzhyl
Node 29: 6d55xi3
Node 30: bx8kp4y
Node 31: 3b5je45 hzas3mc
Node 32: mgsm575 q0cnw5a
Node 33: rhbayyk
Node 34: c8ui2gt
Node 35: 8pv5xir
Node 36: oz4dq0n
Node 37: 914cyub goefelo iufrf4d mgjfek6
Node 38: 7za8sa0
Node 39: zhf83t9
Node 40: loib82e xdahmcr yfutw7b
Node 41: 2hxt53z
Node 42: q3xw24k
Node 43: qdggs4i
Node 44: igyoejc
Node 45: wne3vhh
Node 46: kvt86s1
Node 47:
Node 48: gsqfpdd y3awl4u
Node 49: tiiw9o2
Node 50: xhn61z7
Node 51: dzjp62h
Node 52: v7qbnph
Node 53: mgdoa3j
Node 54: bklzbwp
Node 55: o2991aq
Node 56: idht2t9
Node 57: kfbkcum qkpfeto
Node 58: ia6tqlw
Node 59: 0s21jd2
Node 60: epdrl88
Node 61: 2bs5za7 r7nzman
Node 62: 5u20s5d
Node 63: 9smdj4q
Node 64: hef04rw
Node 65: 007txmo 31t1lxe f6ie5sl shvvqwu
Node 66: tblpuf8
Node 67: nz2x70w
Node 68: 1fqxc0i
Node 69: xutxu6o
Node 70: rfdtz2c
Node 71: d3w6waw
Node 72: vtw7mtf
Node 73: a14zw06
Node 74: 92uil9f

Node 0: 2ofq7oy 2xhe2b7 c3ow00m jrsdwn1 m13uut8 uc1mpbc
Node 1: x09y5t1
Node 2: j87za7m
Node 3: m6pkis0
Node 4: 0zdtkqo gra8ibd gxlkoz2 njri6ns x6at9ev xgqac3y xjf9isp
Node 5: lpr28pj vh927wl
Node 6: 6f9co8p jpygqe6 qs19oq4
Node 7: r95kqy9
Node 8: 3zs7pxq 6tuwt10 92ju50z a0yo6u7 xns0qr5 zwccsue
Node 9: 12v2dfr 2jhn1q3 9rilm5q c75y212 ejfoly7 g4qbe23 t4hidwy
Node 10: 5iftadf
Node 11: b72lsfn
Node 12: 68kchka
Node 13: gi1vvsq
Node 14: lu4366j r4crp7m s3wdx5k szpygx6 wysbiyx x5p0fat ydb1az9
Node 15: ji5aipy
Node 16: a8yjv5a esg1ktk
Node 17: 307nwgk 83ki0od nxb3xlo tm42p2o
Node 18: ln1ko49
Node 19: 7kiy56w
Node 20: k60h3m8
Node 21: 7oynlj6
Node 22: 7ruvqxj
Node 23: 9hp5qye
Node 24: iwjiemm
Node 25: aqx9s0i
Node 26: 7mkv95s xg1ww40
Node 27: esps05q
Node 28: wi39w7v
Node 29: 2g8fhgt 5tzp7zn 5yfmqx4 8rj1o1p
Node 30: g4k2io3
Node 31: s5nfyn3
Node 32: ak299dz
Node 33: akc457a
Node 34: 4c6llpw doubh30 mngr9cq
Node 35: 9hqr155 w5fnna6 ws25df5
Node 36: npgtdrh ru6d4ad
Node 37: rtarnzm
Node 38: 6h2svkg
Node 39: o1i44ee
Node 40: qfskfaq
Node 41: 0mrz638
Node 42: q235db4
Node 43: hrly0id
Node 44: d3jxxaf
