Node 0: 6jpz2wp wg16ffl wtpm14i xh6p3h0
Node 1: 51clt3w 90730kb dxbz2yx l89twl9 oo32znr xbtr773
Node 2: 6xc82y3 7k47jb7 asjxdhs cm3bk48 dzhovjw mvrdh9o nvfxaq7 pihy5xr xwt4zgi znfj8m9
Node 3: erfvk64 fmz9jye
Node 4: em6p1mx
Node 5: m7uzxev
Node 6: 5o9501i ah19lqd dt0cmai hqgfqmj la4w9jf mbnjj6w myfisi8 o2ji0ow
Node 7: 0z83yuf 3ngjule 4e9for6 7bqxbwn a1ddtnm r4upgj1 w1hyojj wlnhzv0 z1r0oy1 zxhiv2u zxpiorm
Node 8: 0zx26l0 picuyog
Node 9: 0qyv977 6lpb8zc 6rpk8ul 892kw3d 97z8vsu sgrrja1 sxce5vl tbvlduk tpe09fa v7cqoqq
Node 10: awx04tm
Node 11: 1skui72 ep23173 h322vxq jhyaxol q1lln2e
Node 12: kctprzr
Node 13: 1lzsz3y
Node 14: 12899j2 iawkm2s q4pxs0l ykcbvty
Node 15: tcx1n9o
Node 16: 8jhcbj6
Node 17: 0dr1hmy y2ivbxf
Node 18: 8ct5pkh
Node 19: o19urug qonvxut r19dm77
Node 20: w1x9f7w
Node 21: 32gwdod
Node 22: 3pf1cq8
Node 23: 181milb
Node 24: duo9idg hfj3kpm
Node 25: 6hltfa3 axwfv2d k3joydi
Node 26: hryo512
Node 27: 8khnclt h5w85qb
Node 28: 5hw6pmj
Node 29: so9hepx
Node 30: gl8oat5 st220yt
Node 31: nxnvac3
Node 32: ayhg1o0
Node 33: 6qdcixe
Node 34: rttl5cd
Node 35: reinhd0
Node 36: 8am12kv
Node 37: qu258wz
Node 38: rqqubex
Node 39: d76payz
Node 40: qbfzxfu
Node 41: 8dapopi
Node 42: k1lp363
Node 43: 9599ba0
Node 44: xmwdmbl
Node 45: isgh7uy
Node 46: c204vur
Node 47: 9q1eok2 b68h9s0
Node 48: vwi0jw7
Node 49: 34mf06g
Node 50: gwoib6z
Node 51: o7zxvjj
Node 52: bamiyk4
Node 53:
Node 54: 3k9kgh4
Node 55: vj3f6we
Node 56: 8focmvh
Node 57: xdrwnty
Node 58: 81e6h0b

Node 0: 0hmayzu 4z6nrjv gnkptvk hz7ylzp l2vkooq oz4rzen rvw93sz udh3obj
Node 1: 6m2v19h jj7umyj
Node 2: cxashvk lk6jzmz
Node 3: 3xsuzfz
Node 4: va5000y
Node 5: 5mu2bj9 ax4m1z7 tgm12dv y268c0i
Node 6: 12ze1d9 3uchmfl 59zzhoy 8gccdtf ajlvc9d cot3ich iaofimw icsmmnz p5piyhj
Node 7: 0qkdjm0 fm8wo2q shn1wsk
Node 8: 1vwmi4t
Node 9: rpmd5io zfhdg5v
Node 10: hn7mkx7
Node 11: iczpijc
Node 12: 4wqi6s5 7olf80m be7zy8y kb8wox2 oquj4gc pnpyx7l uw1e8ga wsmif4c xix28bx
Node 13: ghuaf4e ukxqboe
Node 14: peewx9r
Node 15: 0cz4b4f
Node 16: c0q9l0j
Node 17: bom4qo5
Node 18: 9jl2sho rhr1p1o ucvqc3u
Node 19: 471vqxu mil7jhg qaoohz7 qk3f3b4
Node 20: fvroy9m
Node 21: 4dumw2g
Node 22: 1818iua 5ltqv7m yffrkxe
Node 23: 1310d4d akrugyp
Node 24: ur6gnil
Node 25: pqgn6ew
Node 26: 66pe3b6 7o0t869 ginp98w s00frtn
Node 27: s2xmfn8
Node 28: 1raog6s 9hm4m8e qxnxn1c xlduly6
Node 29: x0uhbfy
Node 30: 5djoxj8
Node 31: quvqo03
Node 32: q6zrzk9
Node 33: 7ze1rf0 sa2n45k xfmxz0h
Node 34: f4613ed
Node 35: 5j2hfm5
Node 36: x2j1kok
Node 37: kkri3ir
Node 38: bq81zst
Node 39: kuvf3zb
Node 40: e4oy1xb
Node 41: zbcjxfm
Node 42: 5i2ljvi

Node 0: 0zn6ald 1b293qf 27tj460 3y3or1r 4s873cx 6ho2l6t 9ghcfke eks3qxg fjr4hqh h571g6i iwiywks kaavl85 lpq9rw3 ma4k9rj s1rcnz1 y1dlreq yk4l86o yuew7dq
Node 1: 7o92ucg
Node 2: 7m8w4cc abnhzm2 d8k7xix
Node 3: tfaz3hy
Node 4: wskt82z yn5k66h
Node 5: cv53nbc vg8z2xi
Node 6: 4ppueit l49ymt9
Node 7: 74v9lfe l1acrez
Node 8: 99aryqh imk990m
Node 9: nkvphga pv37b24
Node 10: k273ufn
Node 11: 0au99j4 5j0c3ro 7nj6g90 skyt96j
Node 12: 1gesbea
Node 13: ohwd0kn
Node 14: vuwh2fh
Node 15: f0qa3hd qgceg4k
Node 16: dygotkf
Node 17: lpalpnh
Node 18: cks44oc
Node 19: fz12s9n
Node 20: vjccsay
Node 21: 6wsdd7i
Node 22: pr2t6e6
Node 23: 7e7g7me
Node 24: e7q0son
Node 25: xy9pppm
Node 26: 4xgdfu8 o01ltqy
Node 27: k8z0wvz
Node 28: 7ivbhn6

Node 0: 2uw1s96 8fzb1fj rjkswwz yh2iy3z
Node 1: 0x6dcqt 559yyrg qgief5e
Node 2: btawemb f0ztqnp fugftnt ncsmjti nzhrw4l p8nmsd6
Node 3: b75y06n
Node 4: flsne68 i446scu mhmnr4l
Node 5: 7v3pqie ixaje4l kfs59y9 mpsu63f
Node 6: 82ijzg0 ru7c164
Node 7: garbomq n4jl0ue
Node 8: 29g5u37 39u0541 c0vcdh6 ic0vtsm jy2v9i3
Node 9: 61uf90g
Node 10: gprcuw3 h69n7sc
Node 11: xqhmvg4
Node 12: bs261ss d5jjvhu kpw32oy
Node 13: mm4sqip
Node 14: khs2cjb
Node 15: stqxoic
Node 16: mgrto9f
Node 17: k1v2bf4
Node 18: tjjavn5
Node 19: xtkzimd
Node 20: 4vwg3m5
Node 21: jzjumxg o3cz1z1
Node 22: vejn8j0
Node 23: d0rhil1 nr0va99
Node 24: ce3x1t6
Node 25: e9572fn
Node 26: 1sagjl2
Node 27: iqqxqmn
Node 28: qwxc40r vikryhn
Node 29: gessnjv
Node 30: 7mj2q21

Node 0: 6olxsnb 8a7cds5 8yl0opq bzqcs4g k12l9fq k3nctaw l6szkf5 sh7qx8w syzf6pr u9nm7w6 vtf464y
Node 1: dk3hyy2
Node 2: edrv3iz qq34xru slyf4jq vznx1bp
Node 3: 0oworpm 2c8bk5r 8n91mfg hzf9w80 k5b3okc msswh8x mxudbgw rcw4rjp rd5jai3 xqcvfjx
Node 4: dcchfpo gr0b3cf mxbxjuu yil4qho
Node 5: aywb0hi ingf4n8
Node 6: dyifcva
Node 7: m10wufr
Node 8: 6e9l3jd
Node 9: 1ty7qpg l36l4rr lo9g6ko n948j1g
Node 10: b40wl8v
Node 11: s2fz9f5
Node 12: 6o3hnau
Node 13: uklotpg v2sk29n v6pzcl7
Node 14: xtfu56b znhyltc
Node 15: pz88msh
Node 16: 7e4tbzh
Node 17: eic2wqp
Node 18: 98po6ci
Node 19: l3jfot5
Node 20: 8fezc7b
Node 21: 8dl7c4l
Node 22: a4zp2nu
Node 23: 06m48lw
Node 24: y200nzd
Node 25: zqfi37x

Node 0: 7mf05o1 b7ymn89 c2x6yp4 d1je28g gf563wx kjklmbo m3rn3ft pcov2tk pqppawf pyi1suo toxw77p uz4lg2i x759151 yc8krhd
Node 1: iw08kxw qheoe1w s9glm47 t2qggth tv0lvv0
Node 2: azt78zq
Node 3: mn9admw
Node 4: 9txsmdx a9efkwi k27upgj q7og6bq
Node 5: 9gyatgf jsxvt9n po3pztg riimoeo
Node 6: ol18j6x
Node 7: srfqt3c
Node 8: w79en4b
Node 9: 28bb71t
Node 10: 5bqzxqj
Node 11: fpuxaeu
Node 12: kv980xu qxq6thm
Node 13: 2us54x5 knr9ywt nrm58d3 s85vr0g yb159ug
Node 14: 6g7mflj 7lv0yx1 a0ajfax
Node 15: 7vel6pq 8xgs7ou
Node 16: 9qagl7b
Node 17: 267u63i hqquboo tu6twqv
Node 18: 6wakmlf 79wwrvm 84m8ogj kkpla42 rxovya5 xoe2kjh
Node 19: dmaa7qw
Node 20: e5lu4lm
Node 21: 7ilxl6w 8mp2ntj 9msqa6y qykpizh xrqinrp yv5jdob
Node 22: f82sd7i yyzrdeu
Node 23: fsv2abb
Node 24: ft4bsmr fzkhos3
Node 25: nra67wh
Node 26: bql3f7g l0xdwh3
Node 27: 511ltrg
Node 28: v87yq2j
Node 29: xr4f6ml
Node 30: r9bkn7v
Node 31: w21bugt
Node 32: ms1it0i riyu1kl
Node 33: diaujwo
Node 34: 8z8vnsd
Node 35: eqhslse pkax9n2 x8bt0t5
Node 36: xqgc4rn
Node 37: 222ridw
Node 38: 0bvxxyr
Node 39: lldg9y7 q3e0xsb
Node 40: ryp9407 xh7r9rv
Node 41: fkfo2da
Node 42: 5k5yaoo
Node 43: t5o4gk5
Node 44: z4l5dt4
Node 45: 7vousl3
Node 46: ueugm3t
Node 47: 6qmc609 jxusnrk
Node 48: 19b7cr1
Node 49: wzqfzzp
Node 50: s0jo5kh
Node 51: as22nxb
Node 52: itcuzyq

Node 0: 27tttwv
Node 1: 20dbukq 75d0isf
Node 2: blven8q fv5xv07 ku3myqo nnzrdqy nxzd70e
Node 3: bdgfiok fryufsf l8b75z7 ndzgbxh
Node 4: ztp2309
Node 5: o5r1bnj w89ie4p
Node 6: 534psz3 nptiejs veuzcjf z7hmn9k
Node 7: 4awfic5 ps6g7c4
Node 8: nnj8kq2 s8mk796
Node 9: 0mrdl69
Node 10: cs2urq7 krvbck2
Node 11: qeyqzco
Node 12: dgxhlcv hkawjyg kqmoovj x1z064q
Node 13: 02isc3m eykwzwh
Node 14: tyb7xk0
Node 15: 07640w2
Node 16: s4pef8n
Node 17: d7ivipx
Node 18: 39a6alr 3sxtvhy
Node 19: ouijusk
Node 20: f1a7qht kijhvj1
Node 21: qtbgcs0
Node 22: nxsxu5l
Node 23: 1ligxpt 8telp5g j1k4wa8 r7i2yqe yuwop0y
Node 24: 50fh9yp c00juco fchd7dq kg1xne5 np22oy2
Node 25: dspombe g0dxshf ljbng20
Node 26: qiu5oau
Node 27: 7lm9z06 jlec8yd
Node 28: jye2n6m xgdpj6r
Node 29: 2sejmoi
Node 30: t5o1iun
Node 31: 9hsihxn
Node 32: c86gqwy j0cvk40 zrtdr83
Node 33: 7xz7e57
Node 34: gjr61yn
Node 35: aigee1h
Node 36: 0ek5me5 2mm6srl
Node 37: 71laxsw
Node 38: csitvsr
Node 39: 6ylvugx
Node 40: q236ixf
Node 41: msb6a5z
Node 42: k463mgt
Node 43: 0vmszvz
Node 44: 4i5dyf3
Node 45: j7h6rrc
Node 46: qgudq38
Node 47: qegj9lg
Node 48: wvi7bya
Node 49: h1qymg7

Node 0: 4aaqr68 4uivbox 6ls2wtv 9q8dbjy bg6hlm0 cud90zh fmyswz3 ggnrwlx jxkp644 oy2jul1 x7nsi9b
Node 1: 9hg6tx0
Node 2: tfglri1
Node 3: 27j83r0 6wa3iq5 9a71vx1 cls87cz ilhjj7m kwvt15w ncax75v
Node 4: 2wf95ak i2wyyhn jlr79xy r7kvdi3 z1n9imu zl4hxyq
Node 5: mp4a3xh
Node 6: 3ierp8u 5dslw8j k1cnedg vz6g1t2 z84re7z
Node 7: r87we3f
Node 8: l0e5fmj scrz1bw
Node 9: ykwmc0f
Node 10: sksecud
Node 11: qt5g6iz qzkay9y
Node 12: 4jroc6p khm8wql
Node 13: 1mzxcts 5nq9d1j 6k5wdu0
Node 14: vc34kj2
Node 15: idst9hz
Node 16: 3g93o2p q15afo7 sdi1cc3
Node 17: 2zh9dsn j31g3lz
Node 18: 7kreqpy po8l7yt x549arj
Node 19: tbhdubr
Node 20: 0dqfsdz 4een762
Node 21: kxdfhpd
Node 22: 08tklbf
Node 23: e8y0kjy
Node 24: 31tjsmh
Node 25: wl8kh3g
Node 26: 19ad8k5
Node 27: rmd1soz
Node 28: u1ap1yz
Node 29: lafw35a
Node 30: 2val692
Node 31: x0h1e5f
Node 32: geftwr2
Node 33: cf121ti dlgjuyw uknkhwd
Node 34: 3eor2f6
Node 35: tumwvib
Node 36: hdv76s4 im7gtpu
Node 37: sxw1nup
Node 38: wpq1o7m zvntgg7
Node 39: xp52k9d
Node 40: f40m5di
Node 41: 8qr6bdo nzcwlot
Node 42: mwgdh2t
Node 43: jpl68jk
Node 44: h64vld5
Node 45: 49tbmbd
Node 46: 13v2dm9 19580dd
Node 47: e1b5tkq
Node 48: 59exifb
Node 49: sxu3zw1
Node 50: 1ldtswx
Node 51: o2av08v
Node 52: wr5tc8l
Node 53: ttc7ug2
Node 54: xye4hq6
Node 55: t7j3ugj
Node 56: 9y404z1
Node 57: nea97oa
Node 58: bstdxem
Node 59: ijfims5
Node 60: 0ehrsv8

Node 0: 1vfj2pn 2r0qqkn 3ezlzm9 aqm3g93 b7aksor e3z5jrk hrrhpl0 hy0tyys j9tqo73 jjqoyii qnjp81k v7s6nha w5k4sgs yaiskw4 ych4ns8
Node 1: 0nc2lao qsllkjs
Node 2: 5y5pe7o 723lpkr jyy0kkv
Node 3: ntjxnyl pzt1vgl srhvq0d
Node 4: d8cpog7
Node 5: 16g3ebe 7tcfvnw hoqac0j ip1ruox l1oibsk o7inq5j q0fl04c
Node 6: em130dp ple7tzs
Node 7: 1lb203l 3wegvcf 4a00xyh js3pk9m qch6ug0 roypf68 zfod824
Node 8: 12lw7ud t0xscvv vwz3mvc
Node 9: 1jczk6z zfxmvm9
Node 10: eyyuzp3
Node 11: 6amv4sr kg277pi m9rnzoj mt67hry ndcsmoa
Node 12: 7uojn25 pcdmkkr
Node 13: 82kzqts
Node 14: rcqo0xm
Node 15: fmagzsz
Node 16: b2jfup2 e9wcumw
Node 17: 4tg9j4h clhlbef srqk5ts
Node 18: drf973n qoidowb
Node 19: x4z4owz
Node 20: q5veczu
Node 21: 11ylbla ryxb4oo
Node 22: 47mjjg3 h76onxm ooom97l
Node 23: 7hvw0rr
Node 24: ox9llcw
Node 25: q2rz62y
Node 26: y3sjyqq
Node 27: 383s65l 9swthcm vcyrhje xmvjj0f
Node 28: 77pa99b
Node 29: f0ob4ax
Node 30: 1nic31l
Node 31: 2lv2yc4 b0sd81m w9mza6n
Node 32: btwcmq6
Node 33: ttygmbf
Node 34: dfoyzl7
Node 35: 6ty7zjs
Node 36: tvnzmx4 w00y95f
Node 37: myp6d8u
Node 38: o0lq4kz
Node 39: adhievr vrv1dsg
Node 40: iedq559
Node 41: 2mkd62w 9a9lghq
Node 42: ex0e59b
Node 43: 44uiazm
Node 44: tiv4lpb
Node 45: s9gbx84
Node 46: c4u9cm7 cko4um3
Node 47: l9mrdlr
Node 48: 1i835b0
Node 49: hh5lekb
Node 50: 2tdkjv3
Node 51:
Node 52: py8qbsi
Node 53: i4v78qk
Node 54: 8pm6ziy

Node 0: v12yrru
Node 1: 5owymfb 8jouehs k3118v5 pqk27u8
Node 2: 05kg2vm gw6p2a7
Node 3: 3sf0vbf 6l0aczf i3iu0a9 jyvrb2c m3vcl5o
Node 4: 4jz8bfi 7wijws8 7x5q151 8eq9r5d 8i9emhp ai5c7ps civcjey dxcgcsk kalbfor lvz7jp9 nqqx88z t7ywzgq tjkjqsj zunfync
Node 5: 4fcelnj fkzovlc mm4cnsz qssbwto tgt0ry9
Node 6: 5xoil98 ev3ko8z
Node 7: h55ezxp nl8a9zf
Node 8: xgw8kuo
Node 9: 5lp9plf
Node 10: zl5l9w5
Node 11: 4fi1maa lk51k5z o1zmamz s2xao97 vpsap3j
Node 12: rhzlk6p
Node 13: 8gwgfaf b96627t
Node 14: h8x90po
Node 15: mb9wbmu xh5nfx3
Node 16: d053708
Node 17: 5nry8o0
Node 18: benbccc
Node 19: euxdjjo gneh8an
Node 20: vzw5u1z
Node 21: md4gj9g
Node 22: b0xd9p2
Node 23: 0u6n43k
Node 24: eoxldkz
Node 25: c700yp8
Node 26: 9w5irh0
Node 27: vxcv8yy
Node 28: 0rsmva9
Node 29: ob1c55k
Node 30: yqfudaj
Node 31: wk2ytr6 wltmeau
Node 32: hwmh7e0 ysm0li0
Node 33: extk01t
Node 34: ekf9uay
Node 35: roui8up
Node 36: 894gd36
Node 37: drz32m0 jkgexxc
Node 38: 3od5jrl
Node 39: 09ec939
Node 40: ihysjy5
Node 41: 51h76sd

Node 0: 1u36dm6 3fbdlar 6t0e0z9 8dsnfm3 d1s5e7v dp15ygr fntyevf hd92bsw qcebl2j qd7y210 r8v6qqz sdgsoqn x5jkisb
Node 1: e3f7mnp
Node 2: ryoopcd zzxygsi
Node 3: cueb9iq
Node 4: qzku7ya
Node 5: aqgq3h0 ihpi4pv mwbu9io xjv4mnc
Node 6: bfkpywu
Node 7: qptswik
Node 8: 16q1ru0 o4ojz7c
Node 9:
Node 10:
Node 11: 9jka0hb r1cayhr
Node 12: e3shcs5 iwpwjss

Node 0: 5rdb93y x2xyvoe
Node 1: 3d4cm1i 81cqry1 gvzudtu o79a8zr
Node 2: 0b0vssk qtxooxz ufrowhl
Node 3: 2shwwrr 4rpxwru bf3u2yl daf2ua8 ede5ztz y9koht3
Node 4: 4or72ge aipuu68 j3poxzd jysa0xa n3e43h8 qripkww r8tm14z
Node 5: 6au6l10
Node 6: ye31o4f
Node 7: 08wmhch 4p706l2 4u8d6hf doj7o87
Node 8: 6f9oj3n i0992c2
Node 9: yl5vk8s
Node 10: gkx09x3
Node 11: outu4q1
Node 12: 7dcy41l i0tat92 ro5wucg
Node 13: eswp6sj
Node 14: 3ztw42c
Node 15: 09omo1a 68s8jkf gfql6ob jh56454
Node 16: ebfumpm
Node 17: 05flw1e ggixqnk vx3sq3a
Node 18: qg0sr32
Node 19: 3a8ufd8
Node 20: kgbvzzn
Node 21: uivor94
Node 22: 7gcmdii a8ejenw efjne55 gu9x5zc hqj9zwc lgws1ix q08wqnd t3ienqs
Node 23: 0eymj32 vyzs9ej
Node 24: aw9vdig fp9o0oj pop0fx8
Node 25: 6axtp6v
Node 26: 8i8cvmp g4talxe jaiglz0
Node 27: dwvzvam ogota5g voni3cl
Node 28: dgc4zhs
Node 29: 8l0th66
Node 30: hxjpsbj
Node 31: l9qlifa
Node 32: 2hhejv4
Node 33: b4sfyif
Node 34: 4g06675 bs6y7gg mvxe0pm z1dg6l5
Node 35: 4igcdjt x9z6gj5
Node 36: 6gtm589 dsdd65f whofoss
Node 37: i1hfu4y
Node 38: k4610px uyw5w70
Node 39: edr5gm0
Node 40: ufra2rc
Node 41: 7pnfkw5
Node 42: i8r1q5b
Node 43: w3zfggy
Node 44: 0akvtwl
Node 45: u4atfgc
Node 46: eu8jwuk
Node 47: ov6xfkg
Node 48: 8qrd80l
Node 49: dmbb9dg twxvhgm
Node 50: 2e4viu9 6axx53t
Node 51: 6k6nsop
Node 52: nm9cng2
Node 53: xd7mv3j
Node 54: in3yl4b
Node 55: 5zz3fnc ff4n1j4
Node 56: n97hm33
Node 57: 0blaoup
Node 58: jokelqp
Node 59: x1pfn5b
Node 60: mysyix0

Node 0: hq3i8ef
Node 1: 58x1u87
Node 2: t6sqcn0
Node 3: q3m37tf
Node 4: banw57f
Node 5: z3nvzlu
Node 6: 19hqfwr qpz8a4l vnzfxl4 yxqv44n
Node 7: b988mdk ud8k8nl zllmnli
Node 8: b10ddu7
Node 9: sl8ffyi
Node 10: 7q9dl6y
Node 11: 2gxy8at 5fr4xts
Node 12: 28kit3o yh6w8xi
Node 13: 00xkn59 0ridc96 4t2n8tl icsx6xc uvp17r3 x54a0ap
Node 14: cly2ikv kd9rjec
Node 15: vtj5jj4
Node 16: ix78f82
Node 17: a0mn22b ethopbp r424syf
Node 18: tbiki7d
Node 19: 9fxwlg8 fagppmr ilfa9dv
Node 20: jiq1rts
Node 21: cobwnf8
Node 22: l55hsrt lrsj6g5
Node 23: vhfq8sv
Node 24: 0akbytr 61afbbq apsyueg yf12578
Node 25: ni4iotr
Node 26: j7vk800
Node 27: h8lcd6g
Node 28: 8eylqoy 8wnu6c0
Node 29: 9r1izry
Node 30: ehmr6vy
Node 31: yw4vjeu
Node 32: myuxmv8
Node 33: 8yr2wrm

Node 0: jon8xox
Node 1: 0vhlqv0 2yru2wz cpstm3j cxlx0c0 hbz81be l0aw9ww lcypgu6 nwvbkhs pg95c7y ykazu3n
Node 2: 30scf3a p6fux1g whk1juz
Node 3: 9tsz4sy mjq6jmy
Node 4: 3mpt5oe 5b8d73u hmk6t0o
Node 5: 3z8l4hb 4h4ke2a 5pt46fs 8o05yfb eep7ekx ets7i4e jyt2tlm rnzu0rh vq5kx7b w6vio4k
Node 6: anb1hl5 u81avpu
Node 7: gk4z0n8 jkuurgu phqxakd
Node 8: 9ftls8i 9i4n6r2
Node 9: 2iopztx t4yy4cx
Node 10: 3qnucyz 62qym7b a28j1lw hb9dpbt k3jwibr newuyei qe825wi uxnql7i
Node 11: 5rp7v32
Node 12: 3agnge0 iw0qort pj1iv79
Node 13: hzdm98t kl3m09u sjpf6am
Node 14: t86jqly
Node 15: dfn9ux2 jafnb13 ptc9p3n
Node 16: rrn2rb6
Node 17: i91jbri zf9qr9s
Node 18: wcpystg
Node 19: k49s4ys
Node 20: bh83igk
Node 21: nm2brws sgb06zk
Node 22: qi50h04
Node 23: 09o6m64
Node 24: 1k4jith 6iuyast ebi6zpd t7f1yg0
Node 25: bmvje6y yny6ksd zwcs841
Node 26: 0xwfet2
Node 27: 4j81d3w mu4as83
Node 28: etbmrtn ma8nhi5 skuuwdl
Node 29: 4lm675s
Node 30: 3vv2zuy g2rawpm j8lo4cs n0xdajf pphx29l yczl5bp
Node 31: uvispc7
Node 32: vanxfju
Node 33: lrb2tco
Node 34: w4iyeow
Node 35: cmsgbrw trsr6fs
Node 36: ayojh5j bq7gtm4
Node 37: jvro8bn u2jzzl4
Node 38: 0dh187c sll7qfu t63m0xe
Node 39: jqxxl60
Node 40: 18pgk7z
Node 41: gd7g0by rzmkobx
Node 42: wdwpbqq
Node 43: 65q6ofc
Node 44: bbfj4qw
Node 45: xisxvhd
Node 46: 6iwo8kz
Node 47: c6o3qu6 kcbbke8
Node 48: ddgqnfx
Node 49: m8nlu8r
Node 50: cxnl007
Node 51: a3o0evo
Node 52: 3lsa6q3

Node 0: 9wt18zh iywuwjt uflfgj1
Node 1: 6hxwe9g kr10zvg
Node 2: 2gvop7k
Node 3: x57d3dd
Node 4: b3obz4l
Node 5: cm4hj87
Node 6: vunlokm
Node 7:

Node 0: 3e50brg 4n5nmq0 619x2n7 9im7nt5 b6gicu7 btazorf fe0oear jjxegaj kkcizsg m30iomo nwvvsbe onhiggz rxj4d3z sv16rni urdurbs vufty83 x4u978j xzwmlva yosicxw ytxkfuw zt5bm3f
Node 1: 7omxnjb bn1gau9 je7rwav vox8f7h
Node 2: 1pcpwb0 6wjgf8p
Node 3: cr8k900 n8hemjb
Node 4: brzy9cx vpr6wmv
Node 5: l5hk6w7
Node 6: bfh1lox
Node 7: 1zedf6b
Node 8: 4obmjt7 f4nmn79 ljk8ydw m05xo0t
Node 9: 30hjzpd
Node 10: cixbg63 nr0ikxy
Node 11: 1f6fodx 9qxnb10 blf4gan n6t5mxr
Node 12: 7iicrw9 ark0y1d sx7m1zj
Node 13: 6xabqut hqhgshz md6h231 w4rs59i
Node 14: dr890qw
Node 15: w455zr5
Node 16: shr4i27 sul0f35
Node 17: azkl6s3 hzd4cfy otdy2iw
Node 18: x2a2ivh
Node 19: d21zvyj
Node 20: gvqx0e1 qwka82r
Node 21: 39kg074 mjdt9yr
Node 22: a59tguy
Node 23: gjtutwu
Node 24: takd1dr
Node 25: bjzq1h8
Node 26: w1g58ts
Node 27: ogojy5p
Node 28: rjfqom8
Node 29: dq0a22q
Node 30: h3g9emt
Node 31: m5cr8ej
Node 32: px5ixkm
Node 33: ssdqm9r
Node 34: 3za8xxe
Node 35: nosj559
Node 36: e28ngc3
Node 37: ysqo1rg
Node 38: jz5swox
Node 39: fgi3bck
Node 40: 2p0o0hs
Node 41: cqh9d4o
Node 42: c198mj5
Node 43: 50pecob
Node 44: gwmwjp0
Node 45: jct6yx7
Node 46: wj1rm1f
Node 47: pkxlfdw
Node 48: 3qjl5kj

Node 0: 6cl4iam 9symxmy 9zbchgk awb2u8p ei4jite gfensi3 jn9yz7n twemazy whipsmr xjqkxmn
Node 1: clzlosf qb4570z tt2y6x9
Node 2:
Node 3: yhs1c05
Node 4: c3a514g
Node 5: rt9kcos
Node 6: 77w8oxl
Node 7: i8lfwsa w6ykj0s

Node 0: n7knji4
Node 1: hrkcpv3
Node 2: 0qjkyao ajxpmkx ini5oi1 j5lt5r2 mm6mxnk qs3mn2j
Node 3: a74tfzy
Node 4: jbxoxtg
Node 5: 6ef6guc auh6kmw d5w0cke gtg3tsv h1xdvew no2m8om odyreax tyg9ayn x79r9cx z9x9ytz zdddqwf
Node 6: 75bsi6e elb8svu qcd7i3e v2p9ubn wngy4u0
Node 7: 1cibngc 2ylaomo w6coudm
Node 8: qvjm6du sekicxa
Node 9: cjs5fpq
Node 10: 4kc547e d3rj6fc ipgrwyy
Node 11: ygbs0b3
Node 12: qrqjrfm rstzx47
Node 13: 4v1rk0y ozhhkw8
Node 14: pd59lcd
Node 15: sabhd96
Node 16: js6rgx8 s3yerpl
Node 17: smjs5xr
Node 18: orl17n4
Node 19: ek4raga
Node 20: m493rj3 r4tag5w
Node 21: 73ic7lw fa7j371 m6w5ue1
Node 22: u5y2yts
Node 23: 68oib0s qhg2mow
Node 24: fx2v8zm ra3ajf2 rrqa6ip
Node 25: 6cyrt59 n519iso uvn7mx8
Node 26: j2v8oo0
Node 27: u8es4hu
Node 28: wcpldij
Node 29: 53gvwt8 ti0njrt
Node 30: 70smov4 at48d5s
Node 31: aw6oxvf
Node 32: f7wx7eo ub57jcp
Node 33: uj6w2ti
Node 34: l5c1zj1
Node 35: kt28r4c
Node 36: xd6y986
Node 37: hqo18di
Node 38: 9cri5mn
Node 39: ccjai5y kc98o4q yeyvfzl z4h716q
Node 40: 6sw1lzm
Node 41: yeage8r
Node 42: hs5wrw8
Node 43: 68wz1wh

Node 0: 1c13eui 1k3uwyw 5lp1x8e d1kenr3 dr08ig5 e1ay7yp fjpgqk4 lldrtnk mw54s3t ubnkx8n z45qbrj
Node 1: j5o23yc l74oeva nx86wfh
Node 2: 8f8wzgq
Node 3: xs761pz
Node 4: fi1y4fu
Node 5: 0wxzsvw qerj7ix reb0nqu tuwjo6z
Node 6: 9gtas8y gsmwpfh uq21p2s
Node 7: iiu407h mvo7qkn vwul5nu
Node 8: idzv7na xp6b7vo
Node 9: 06a3vhs 5wf8mdk 740c2i2 dxdt44n tyjs9u9
Node 10: v38wifg
Node 11: 0lp417r 0o7ut4z 5rjblph qt3hjjs
Node 12: 21o6vu6 v7bpg54
Node 13: q8grs1b
Node 14: jdownkw
Node 15: vlz4x6s
Node 16: trxwn7b
Node 17: hw8oz6c o7aumt6 xkwduau yd1otk8
Node 18: ofca8ug
Node 19: 3k2wiaq dxigb7u l891rl2
Node 20: novpfhh
Node 21: 3eun1f8 g0srvx4
Node 22: p8od7jo
Node 23: o4dzu50
Node 24: cdekq71 scbrt5o
Node 25: 1ytuiis
Node 26: d3u67u7 ga4u3ku
Node 27: flaarjt l2ckd88
Node 28: 68sk60k
Node 29: tmkrtgq
Node 30: km7eypi
Node 31: jmudwr2
Node 32: wvrnp5n
Node 33: swwvywi
Node 34: bw5zymq
Node 35: opf1fpx
Node 36: 4oza188
Node 37: ptckq3n
Node 38: c2skkqi
Node 39: k310n3a

Node 0: 1upuvfe djbofie hmkc9cs l2j43xb xtxpx38
Node 1: 28aywwl cy9072v vhtls68
Node 2: aufappo satgb5h
Node 3: uymp067
Node 4: 0f1la9t
Node 5: 2n8nyro
Node 6: nva5ytm
Node 7: kpu7e1x
Node 8: qa07fae ryto6fw
Node 9: 2x0ctjh
Node 10: 3xkv3nl

Node 0: 1j290ii 4yd6pte 68az20s jay48we
Node 1: 0ffbapm 23akj20 47xssvx dlup4v4 qg4574v
Node 2:
Node 3: 3h7s6hx hl1j5kk mq56bb8 x7kkr9z z1fnrz6
Node 4: bzemy3u
Node 5: 7aecx9q ihsk1mt km3h4ap s8qfbr0 u73z707 uj2prcb yvielg0
Node 6: 7mpt7rr
Node 7: fa6lqf0 s6rez0b uvwtrrd
Node 8: 1fqema1 77pkl1q qf8a6jj
Node 9: d2khya0 vkbl97a
Node 10: zlz4t7x
Node 11: cezmxd3 cxhhbp9 ehqh74y n8lunce q3llp6x tjxkvpr vybxf0e
Node 12: ksja3lh
Node 13: fv98zkg qt35zgu y18zzfq
Node 14: 0spzrsl
Node 15: ueiwo9v
Node 16:
Node 17: 6b98o78
Node 18: 76iodhm cdv6mim
Node 19: s8urkxa
Node 20: otii79h
Node 21: qcfydfu
Node 22: j6507si
Node 23: 3433472
Node 24:
Node 25: zslxxvt
Node 26: qyt0ema
Node 27: qwu236a
Node 28: 2xihynh
Node 29:

Node 0: uhja467
Node 1: ckq8klz hart27h ncstwrg np4r1ya r66fies ww8vhls xwts6yt
Node 2: zpg4nxo
Node 3: 29alot1
Node 4: 0lq9cg3 0onct3i fll0l8s o69mz04
Node 5: aigk52n epl0pum
Node 6: 5qx0eu5 9olb6jm cn9fd59
Node 7: 3sewn50
Node 8: r9jdlpe
Node 9: caywxra
Node 10: 3ex5fxx noy0apf
Node 11: 0om7egv
Node 12: 0jbgcc9 7tmvi96 ds04upd g5e3r6a r36dp4e xce10xj
Node 13: fv21z10
Node 14: 8bjr3mq g480vyd
Node 15: 2qh0msv
Node 16: cqrd840
Node 17: 7m2er3u h8i31vd
Node 18: 2zl3gwq fs3skuz j4z0nz5 rxmrn7d xp74z1a yo7gkxe zzn4nlq
Node 19: hick53e hlvyr3n
Node 20: lbrn4x1
Node 21: neyx8pc
Node 22: 542xufu hye08d0
Node 23:
Node 24: 3tomxkm 3urkrux fid33b4 wvhspit
Node 25: sp2yl2u
Node 26: 5yl8lyk cr9vz5k ydqz439
Node 27: 67v15dn
Node 28: qrwz9vb
Node 29: 642s38j uokxn39
Node 30: 2wa9iva w8vy4fm
Node 31:
Node 32: i20i5ed
Node 33: g3ml3iw
Node 34: rc1rre0
Node 35: 0epbt3z i42olla
Node 36: 88ef4cc e8td8v0
Node 37: j60ug3p
Node 38: yizm0ff
Node 39: zuxeo0f
Node 40: alfj30g
Node 41: ouyqihm
Node 42: lazug6p
Node 43: mz1rmqp
Node 44: jmahuiz
Node 45: wqpeqwa
Node 46: svkseuy
Node 47: 07k0thd
Node 48: 3t3vu2d j1arzm2
Node 49: 9kt6eyr
Node 50: tlhtltn
Node 51: 2xxohp3 8jowih7
Node 52: uefuboi w0kwygi
Node 53: fqt8x50
Node 54: 9lizb08 a61ban9
Node 55: 52gtc5m

Node 0: 2r6093g hmhx7jw kak9n8p l4pbx7f otp0omo xxh34cc y19c9wg
Node 1: u20jc0n
Node 2: 2ur2w5m
Node 3: 3vvl6eh eq3eg72
Node 4: hs51k2f ylosnbe
Node 5: lgf5crn
Node 6: 4vwszfv
Node 7: hudysws
Node 8: m3amkls

Node 0: f8j1y5z
Node 1: 6pf66jn ibkyg5b qlufgqd ren2099 tbr5cip v7yc46m
Node 2: aomu1z8 kwvnwnb why1zva zb5uy9t
Node 3: cmja3ti
Node 4: hitgkc0
Node 5: 356xhp6 6hidmnp cqu9dgt ct1313w nwyefaq
Node 6: 8a9tw3r h76sfdm w76rax1 wryet5l x623ibo
Node 7: mxwkkgc
Node 8: hzypq5y
Node 9: 9kpiveo al8a3qc wxi1bww
Node 10: z6dss8k
Node 11: 6xuio96
Node 12: 6rwfj99 qsb8mk9
Node 13: 3bcyxnn
Node 14: 6rfbmj4 or8zk1w
Node 15: 9xmespk lk87soi mdhu1bs sf21wd8
Node 16: epnf17l
Node 17: c0ybpgw
Node 18: yhzxmt6
Node 19: ln55ykj
Node 20: 36q8ugq 71nhn20
Node 21: rccema4
Node 22: aca87cl
Node 23: w3faew3
Node 24: mr7n1q3
Node 25: s92fc1f
Node 26: q3d06z5
Node 27: bc95gd7
Node 28: ymnnlfe
Node 29: mml3t3h
Node 30: zmhjpxl
Node 31: 4f13zn9
Node 32: 7jtd87b
Node 33: n5rr924
Node 34: jtbk9ca

Node 0: gni9cjl kl3zcwx vzbyc0u
Node 1: aq4lam0 x982kg3 y3zxim1
Node 2: 1mvgb97 2jycxhf 2vfwqwt f7qsb65 jqyx645 o0cq39w u7qnk76
Node 3: r34szp1
Node 4: cpkb7ui i0369ke nhh1yzx psj47xr
Node 5: 87tgkmt
Node 6: pvkiyvz
Node 7: na2e56r
Node 8: 76662zc flojnhl
Node 9: 8zmvitu obc6ink
Node 10: ywrioix
Node 11: p6dcsb9
Node 12: 2kl6o2p q9itbuq
Node 13: jlygmdo

Node 0: 2z6bzew
Node 1: 15pxe6n d6bpf7p xbrdb0g
Node 2: pkv02bo
Node 3: mu6k85o
Node 4: 59k5ygb 7z3izk1
Node 5: i334d3i ve0316f
Node 6: 20250z5
Node 7: u72iefw
Node 8: f07tiu7
Node 9: olqulut
Node 10: q6m69xy
Node 11: 65mzall t8s48rh vd3erq0
Node 12: wvl97kr
Node 13: cilfdk8
Node 14: gd69ke0 xoexb89
Node 15: ps6a16i
Node 16: ynmv9p5
Node 17: g955xt4
Node 18: uz3n9wy
Node 19: 7umdme2

Node 0: cw7t2f4
Node 1: wyfosee
Node 2: 22z7rks 3i0ov50 94n7pgz ecl60nb fu23syo g210m0d mot5qa7 nczxjmt t5u1qvu uquwbhq vuh6iz6 xoj5da9 yctg67o
Node 3: uw2po8a vfeeswe z3pu1vk
Node 4: bmdx8gk quni7fc
Node 5: yjjkd67
Node 6: bxabcur
Node 7: 0zrjc4f 4su2jji emqjehl l4935nj li5ygqn ybu8lax zpwjzcz
Node 8: 2l64n7e 3slk3wr 5dwftlv
Node 9: kgd1lj0
Node 10: 0zrr47r 5olf89v ggxfi1x s32n1xz s8qpq5t uepdgc4 yzoiwst
Node 11: a3v2wc5 f6faczr fu1pksw o6ptg40 oy8ot71
Node 12: ujarxwe
Node 13: 0i85b32 6v215t8 d8pczcq
Node 14: qv9pqkh
Node 15: 8lhfi3n
Node 16: 10e0tak 3d8vglx q0uttwu
Node 17: l6ieegf
Node 18: 11ad2ts 31w898a exm1j89
Node 19: 7c8k83x k07tqz2 lgd3787 plbhnis rrr12l6 w3ghf4c
Node 20: 4lxl4wk 8eslc7u
Node 21: k1cs4ko njpytkp
Node 22: i9ddwob
Node 23: 0g7g2pj apic5no
Node 24: kf9wpzr
Node 25: 7f7tw2b
Node 26: khz3nhu
Node 27: qkox77z
Node 28: 2cq935z
Node 29: 9g6mlsj
Node 30: d34e8c1
Node 31: jb1exlb
Node 32: nukx079
Node 33: 8bx52aq
Node 34: i34dk79
Node 35: 5bom6kz q5h4xnj
Node 36: nzm4k4u vsr6y6i
Node 37: 9dzvz0c
Node 38: 2kk5hcx
Node 39: sokgth9
Node 40: 7zsguzp vlve5v6
Node 41: m8ylcox
Node 42:
Node 43: l03p6ih
Node 44: qzwdn5f vgdfyhy
Node 45: x6ft8qo
Node 46: xpp4ug3
Node 47: xtlttcl y1796xj
Node 48: p1ag4ri

Node 0: 47219hy ba86iw5 bv77f1w oo39wzo qnxhq9x vziut2o
Node 1: 0kifn07 49s18ia dgauert zcr3w4l
Node 2: 2m9g02q 62g4aqk batbkiq dfud3ey n31kxwp txxu04u
Node 3: 6z9s5gy 7r4pqqv e2su7o5 l3zsmgz
Node 4: bzv0ndk gtuv94b k7n4tb8 sim3946 xglsxkf
Node 5: o1pwuf1
Node 6: 0gae6bo glg7b69
Node 7: 6bew8zq jpptojl
Node 8: j798kpg
Node 9: nmxtlz1
Node 10: 28guo2y epqak16 mqetc7q
Node 11: xlzawjn yyys41a
Node 12: vxpl7wj
Node 13: 014sd89 ag58so4 swtq2c0
Node 14: teqkbwz
Node 15: waiwm0j
Node 16: vsnbzem
Node 17: zzo7r1x
Node 18: udzhp34
Node 19: yk9v30a

Node 0: axrvxjv wgubmdf wls3w39 yph719h
Node 1: 01e893r 1b8jo12 et817yf f4tjd1c jnq4k6f mvrzo7a o5n008j sxl5sna uao69pe wgbxd22
Node 2: flv8n2o lttg8it
Node 3: p136kpi
Node 4: 2f2c4mk funwcnw
Node 5: g69q75u
Node 6: h97mj80
Node 7: pqsmkce

Node 0: 2bdigt2 56su35w g70ui1o ir6gijl n5e1mj3 nbz2yx4 oexcpq3 p2ont5h t8ioot1 v6q6qh7 weo7ko2 xg22b2v xiunbkh
Node 1: 10zrh0a 22nox6q co4aibc r1kocr4 ziu11lr
Node 2: 31dg2xe
Node 3: mg0cagc
Node 4: c69s17t lk75ocs rldke31 tlp5vby ug1vbip
Node 5: awpp6ph bccjs4y dqx7rhf hfln22k
Node 6: k9utoor
Node 7: aaz5ycn oa1jja9
Node 8: 7m3m62m
Node 9: np1yv3t
Node 10: lz4ow9y
Node 11: 6g75ccq 84je0pj bm42uoa g2v2np1 g628vna gcqgccb h56k1qr j6n576o ni7vxg2 sysbel3 wx15tg2
Node 12: pih70ct
Node 13: divnm0x z3gucvc
Node 14: b5a2ss0
Node 15: 3f60h0x bhj71mr
Node 16: fdmw6as j2j9f8a
Node 17: 3azrjpi
Node 18: 23ure61 2sho060 b7cq0o5 dt729jb hj9mfg2 kha815b padmyt1 ss1bu66 u6kgfmz vug6dls
Node 19: 1yi8n08
Node 20: 4elx4u0
Node 21: 61deiqc ncmng9p
Node 22: 7u0o1jt p54wo9a
Node 23: fjhd7rp
Node 24: 6tjam5t w09hv0d
Node 25: s2gpvw5
Node 26: ru5xqg9
Node 27: 889wtpm
Node 28: fks9dkk
Node 29: rj47n6o v31jz60
Node 30: 0h7lhbj owjq63b
Node 31: 05o9bss 6tul6cs
Node 32: s88dz8u
Node 33: w5lohhk
Node 34: 4ic5o4y
Node 35: p5wp5w8
Node 36: pa0obu0
Node 37: ghlyo9r
Node 38: b43x95l iaic75z
Node 39:
Node 40: u6z1n9u
Node 41: 7q4yqi2
Node 42: 1d67i4f
Node 43: c3ssmmt
Node 44: 5zzwjb4
Node 45: nvy1t2c

Node 0: 93wke6a
Node 1: 7pbiq29 gb34xkq gz4kyzu iqyeagv kt0hcpd oiqbc7t pyk502w rkxj7nh tlgzoex
Node 2: 46cilfl
Node 3: 2f1cnep 9ij1ozq hhjr5zx
Node 4: vvh12cm
Node 5: m1ft4il
Node 6: 2i3uxnv bnxhdyw gk683xe qukfcsg
Node 7: 0imwqg6 4xrm0io 5rwzwhd 9zbrfyj b1soqag c113xyp en3ku0s zwbb7i9
Node 8: sleluq1 v4l6z0t
Node 9: ffkgtug
Node 10: vlxwprv
Node 11: 8ivmoa0
Node 12: 42m8a2k
Node 13: e0q150m xn4msin
Node 14: c4154d4
Node 15: 9dw3po6
Node 16: 6tcwzo1 qw988s5 s6cyvqv
Node 17: rfdfj8q
Node 18: fxemmjz
Node 19: oo120g6
Node 20: v2f9qxc
Node 21: 6613n1p cl4nn64
Node 22: qrf47jz wnbqfby
Node 23: tvldamv
Node 24: 4f9t2rg
Node 25: gzbc3rk
Node 26: v1azy45
Node 27: lg4wf50

Node 0: 5gw0z64 ley1ubw
Node 1: 4twmqh3 6kwx3s1 mho4yjf pt2qjrz t4zlimb wqxg5hh
Node 2: 0nj1lxw 1n3s584 3wmnpgs csvitpg ejw01e0 k9jgph8 nwb9eex odig0pi
Node 3: g77ac8u
Node 4: jb1se1h sthytis u3ktupx wr1i3ht
Node 5: 10zr9c3 cgmn261
Node 6: jzti2d8
Node 7: 4uhfcx3
Node 8: tol1man
Node 9: cyic1yk jy3zzxr rau9h64
Node 10: 0m2tlro
Node 11: nfhfjtf phh744m
Node 12: 36s1eig hm6ig0e ihe8upd kpg2snu kwqgzd9 zc7ub4v
Node 13: b1p6zcm gfibl8v piw5lpy qlr7unc
Node 14: evg9epz
Node 15: ll3yt7o
Node 16: 4jm4tfm 9up6lkm cxgck06 iu2l93k qw0sp24 znpeodn
Node 17: x6kmut0
Node 18: e63ou2t
Node 19: ekgqyx0
Node 20: 09ftbcy cair073 cuow182
Node 21: q0yu9vb
Node 22: 1qwpot0 fxerk7z tsnpdwn x4ny6wb z86xano
Node 23: l321rrf
Node 24: 54jwsvw gtjg9ie iz3uq9o
Node 25: 84u0r5r aak87r0 btvl8hw dimoq50 idkrmrv
Node 26: 4a394r8
Node 27: ne2updc sj5o9z2
Node 28: 9bl86kk bsklu1k od682ej
Node 29: kbxcfbt
Node 30: ej37jeo rca3uxm
Node 31: gc0rtnp xc833q3
Node 32: c97vwu5
Node 33: l4xhbom yjlf665
Node 34: g1j9a4c
Node 35: ah0n06q
Node 36: 5fyr2du
Node 37: bbf3854
Node 38: 85e8ioi
Node 39: ydyllzp
Node 40: r2gabzp
Node 41: 36kougp
Node 42: fsbpbo1
Node 43: jhpinje
Node 44: 4tcw2yt
Node 45: 9x4au8y
Node 46: 3yk0ohl

Node 0: 2awark2 4um3wn3 5kilgsq 6o47x7j ota9m53 x7pvol6
Node 1: 0r1wjfl 215ccrr 6qeac07 6vpoda0 hu3h3vo n0mebny nluenly sjfgd7j zi19h0v
Node 2: 5rncs4u khfyiut ux4t0c7
Node 3: 0hxkw5v l9whelg
Node 4: 7z140c5 8piyb9n gl4rrtu l4c43w6 um8hvcw
Node 5: 9pgc4bq o8dftmf
Node 6: r6ceynu
Node 7: h8a5c6x xf2dm6s
Node 8: bhobtx5 l6x4i2q qj1uhoc stu5tbo
Node 9: cb53ms1 cuig30m f9slun0 v7zef18
Node 10: lulg3gg
Node 11: v0rme49
Node 12: td1d368
Node 13: kbas03i
Node 14: 5o2ih9k
Node 15: welus05
Node 16: 4kld7g6 4r4t9a1 diy1hvd fk6gkik rczhp9b tyua0js vvhnjic
Node 17: saxcxng
Node 18: kp613mt
Node 19: i0xp87v
Node 20: e8np7vy rvl3a56
Node 21: 72zaytg k5yyb58
Node 22: pjuf3cc
Node 23: dwm3awe lla37dt wt5pe3t yjkon96
Node 24: zbxe9sf
Node 25: g2oth9a
Node 26: ldntsi4
Node 27: exrx8qv tjj055b
Node 28: snzk0ap
Node 29: aw34cv2
Node 30: ghaytko
Node 31: tgb0a89
Node 32: 5g0p5p6
Node 33: nertb3i xhizaw4
Node 34: 1un4259
Node 35: s6ucyv3
Node 36: 4a91oo5
Node 37: 8ut6cb9
Node 38: xca9n9p
Node 39: cjwnlsq
Node 40: 5yx4m8y
Node 41: jq17gqc

Node 0: 20mf6n1 f7cgsyz oye5hld sy1hpxt
Node 1: tjjvz54
Node 2: 4olird5 8orqrn8
Node 3: av97i7i
Node 4: pec2tyx
Node 5: bhr7u4e n1jm0ri
Node 6: 1rdnucp
Node 7: 4nqf14k hoalbwp
Node 8:
Node 9: bbueagl cqlk3t4
Node 10: 13cicey 3pa7eri g10q84o obgfxvs qrukhro xfq21d4
Node 11: 1gtdz1i fecs9dq
Node 12: 11awkvf 3we20wx 6ond62g 86gds8c 9tlxq9r xxc3l62
Node 13: 2kukpf4 493pwfg 6179j1o gcg77vz jq5qlfx px94hzt qypor3f w0dhugj
Node 14: sw3ffdg
Node 15: g9ry62s
Node 16: 0jf0lyj gcd76nh
Node 17: 2f4lroq fek0x6e k8fs5cj
Node 18: z3hpnwa
Node 19: 4ppxfxk ec62zuf fcodtie lb56uvm
Node 20: 1ntc40r
Node 21: rcjco6c
Node 22: 8hgis3u yr40o9w
Node 23: aewzi26
Node 24: 0e1fe79
Node 25: 82j2x4u ntrmody
Node 26:
Node 27: 5tmemw3
Node 28: 7g15xxq thayik2
Node 29: rm4llhq
Node 30: 044pay1 uavhxla
Node 31: 2wzohi9 m1rgqga
Node 32: en66dc0

Node 0: 3oa339q e7bz5vp
Node 1: 1m3qfuc bza3j20 k7xaqlv q9xukcf v0v1le3 wd1y9ib
Node 2: hapy1rh toi7zqj
Node 3: 9hnvzsk
Node 4: h7b91mf
Node 5: oren4uy
Node 6: l2r2vhy
Node 7: 8wp7w4m ly7l4pg y4xipqn
Node 8: ivk2n1d vler2jy
Node 9: 85jcici
Node 10: 22fwqzm
Node 11: r64d9zm
Node 12: h0z30pi
Node 13: ofm5kn7
Node 14: 7xpiets

Node 0: 2h9jycy a6o19hd v1ttcax zo5sgoj
Node 1: b9gxd4t nxwtnyz pn8g18w qh2qb91 xfctx6s
Node 2: d0rqlj6 obq0sux
Node 3: ds3noj2 du3h5zm njhxzj8 s50oqeo
Node 4: iyh8fnq q10erfu
Node 5: 06gn2rr
Node 6: 3pl6yj3 a8w67m6 aslmvqs
Node 7: 2agr5jc 8h0izyf b2ney6z bzcxc5p jfm8i5n pzydh0y u7i1haz
Node 8: o36vutm qah35xb
Node 9: 89nm0qw
Node 10: 32rvcnd h5z9ffv yiesxn8
Node 11: 4l75sj5 5h67rks 9aatkh2 acvn0x3 cba571e g2z8wb9 hj3di0c kgeq9ys pqwpjoe sg4btpw sh776ww uvrlnw6 v2t8xi9 xfgzzhw
Node 12: 27oxh1v h86ha7h
Node 13: wqr6ih7
Node 14: 3nk9mpl k91kh2b
Node 15: ezw1ekb iqz59t0 kygo8he
Node 16: 4jn5i83 9f5dvdi m86k4lg n0ma2jv
Node 17: zf8exkm
Node 18: 18uafgd
Node 19: 051ovpf
Node 20: md6l40f svqyu42
Node 21: cocxmrm swyz7a5
Node 22: kjiimkn
Node 23: i1cvw7h v0co6al
Node 24: eh7sf80 jrkqe3j
Node 25: 33qrknb
Node 26: xylxbrb
Node 27: afqugz9 ozw5lr2
Node 28: 06hazwn lcqanaz z1qybpt
Node 29: jcm8t3c
Node 30: i16srio
Node 31: zz1fqa7
Node 32: 1gjo16b
Node 33: 4hyx4c0 l949yjx rhpiuya w55ak0r
Node 34: 6wvhdjw hs8vy5q y82ly1m
Node 35: 3bazzo3 tlkrikm
Node 36: 4ws8o5z
Node 37: uqljhvk
Node 38: u3tr2pg
Node 39: 3qjelrc 4whyoiq
Node 40: 0hnbur9 cfp5vtj
Node 41: pk699py
Node 42: 6ttyz9z pkmolkx
Node 43: jvuhwsu
Node 44: nuq6x43
Node 45: m0fyo46
Node 46: sa7wq5o

Node 0: ojw2ph9 zxoqt4e
Node 1: 52fhciy m77rmex
Node 2: 332r80z 9nku6ul dez8e6e m5o0z7o rxp8qrp
Node 3: 4ucy0ty 5rdlhus ccem0jv cgnvite ehm0b20 h8qpr3i k8vdhqc ltcga0v md2le3k te0llil
Node 4: mvpbo9y
Node 5: 8tft90k
Node 6: 4cqpvt6 6gr2ds2 962kuov gwyd897 hjyriuw jta7zwk m6uy216 peq8ozi xrjjd94
Node 7: bbhmt6y icvazkd k1w8ays z5ywhhs
Node 8: afgpmgt
Node 9: m1gptkk u1atzhr
Node 10: hsj8ciy j3bi9s3
Node 11: flg7lh5
Node 12: 44ydlzm mz17vzz
Node 13: 6kjode0
Node 14: i6bmw9g
Node 15: 1io8c1b
Node 16: lj2h1zt
Node 17: r1mjzfh
Node 18: 4k0giel
Node 19: 0ch62zo
Node 20: f6ji3pi
Node 21: fv1js7t

Node 0: as08o61 fgkc1j1
Node 1: pjhytle
Node 2: e3awxw7
Node 3:
Node 4: 041djeo 394ihzm 66r0xrx 9qsvk22 dklhsbl gac5yo4 nhhkcgc xtrrfxv
Node 5: g08v07r
Node 6: 3vu4uzq
Node 7: uodj1fl
Node 8: fffmr01 td7fenj
Node 9: 54mq7um
Node 10:
Node 11: uh2bsad
Node 12: y9cxcix

Node 0: tjnwf9i
Node 1: aeigs2q b2rdflt e1uylkd gw70ile je9jeqp jmrsuhh q6qo0qt tsim2le vide0i4 zxfctry
Node 2: 43hmyt9 hhgbm1a ihpr5ap phvjhon
Node 3: 88ehtok lrjpipt
Node 4: blvrynw djkymge
Node 5: lsudqoj
Node 6: 4ohd4lt
Node 7: 5fm19q5
Node 8: 6j2xtcs mkksucp
Node 9: 3m6mlrc hgvyfqe m2i2504 twh2rpv
Node 10: 0mfu7ub
Node 11: fkpv6p0
Node 12: fwejxsv
Node 13: u5624ly
Node 14: 58suhwp
Node 15: 4fpq79f
Node 16: qvitat3 trz8s81
Node 17: difnj1o
Node 18: d52lfn8
Node 19: eswkj1i
Node 20: tioboxv
Node 21: uciomv6
Node 22: zjacypt
Node 23: 5pssknq

Node 0: 5oezsa7 7ba0w36 aj8gknv y7g5mna
Node 1: 8rdttn8 gefbwjk n6yxrev
Node 2: dahc0yd
Node 3: 8vshcz8
Node 4: bqhm7qx
Node 5: h4zj7b4

Node 0: 2owcq7f 6sussub hcaz746 vl11zcm
Node 1: ldo4rrj
Node 2: 5wsjvit crlpjjc euob45x v33qf3u yfwlw4v yz8wyl2
Node 3: 60jqzf6 g5ftmvy m2r0k5z n0srt3w rfz1sk1 rip44h3 tx3ml7g
Node 4: vpl8zn3
Node 5: c27nd4p
Node 6: f4lqe0n hu3lgk3
Node 7: 2mn3wow cbmg1be h6avf2h rmyjfjs
Node 8: 8e3x02m
Node 9: iu8xyfs o7zi2fg
Node 10: 347883o 3viypj5 a51dh1t jxspff8 q60tvum
Node 11: 9mrhxba ggxwb7c gl7wgn4
Node 12: 96mgh0o hs8es4k
Node 13: wxjufey
Node 14: 38y0xf7 6rjfxkb 9ow4rv3 gee2ea4
Node 15: y6gakge
Node 16: 2jz058c
Node 17: 2tql8zy
Node 18: 13x940i
Node 19: b2756e5
Node 20: 9qbmw8b gl2mncp ksenf4s
Node 21: 76phjal
Node 22: n9ns60j
Node 23: ea6cswo urx0gc9
Node 24: p2pl8m3
Node 25: hiblxru
Node 26: zf72aib
Node 27: ml4eyfn vo66m8e
Node 28: 3i26jfh 4z0u3x7 dpozz5w
Node 29: f3fdlut
Node 30: c4u12ls qr3i7er

Node 0: 42ntx2j 67akq3z 6voxp8x 7ecl2sp 8ex59wr 9gxb8rq cn52kx4 qha0vv2 t9xsuh8
Node 1: 2oxd7ri 3m0ig6i 8s8ooo7 8squxlo cudw23u dvf47s4 ga3chqk icrmnnq jk8cr5e jvay7gk mjpbtx2 se1t9l0 tzbdxom
Node 2: 517p9lb ags4xn8 c3hb8of y1dhmra
Node 3: 01phsw3
Node 4: 0boi7jm dkcnfwh
Node 5: nul75un
Node 6: 8dotsvv g7kgaoe
Node 7: on89imz
Node 8: hsrijkh
Node 9: 8ogyw80
Node 10: 4jy0rkx
Node 11: yx6i8rb
Node 12: ippimxl u2upp7v w3o02i7 wkbvpof
Node 13: s081bfa
Node 14: 51ii558
Node 15: 0hyd5i6
Node 16: c4pd3st lc76y0w szwn69a
Node 17: 524axqh m4msiz0 p5iqwbb
Node 18: w4r8l5d
Node 19: rvwuu0c
Node 20: vyhg02w
Node 21: 97c5xpq yfm1smg
Node 22: dhj41pc
Node 23: 1s5oqbl
Node 24: h8980lo
Node 25: d58ynp6
Node 26: orc7gcz

Node 0: bm4ln7l
Node 1: 192ywwp 539vez3 6jrr14u 79brgpc 92auma1 9tws46n bb4vdkr bdg651z cyuwi9p dcv7lhj g0msnce mgste9m p3cqd0s q091urq rnfxsm5 sz7jl54 zggmy3x
Node 2: amt4866 c0r9wfe gzj2dhg w8p498l yrzqosz
Node 3: 6hm71ac
Node 4: 9gafjli
Node 5: 5m2he93
Node 6: l4417os
Node 7: apjiwpa q0rbk01
Node 8: 9mryfop lumiprb q7g8hj8 yfkma4g
Node 9: 6povhd0
Node 10: 8qwm7eh
Node 11: 4xbhi5f 7anzfor cbdtkil jfadnpf js5dgok osn3wgy u2mo4c5 yqyr0e3
Node 12: p1lgudw rqpoqbl
Node 13: 48d6ih1 5a1t06w abps4kc ctvhbm2 whl7x48
Node 14: nygef1v xcjkynh
Node 15: chp03kh ero0qga o4i27rl
Node 16: dg21q3j
Node 17: 4acer8r 5c1ema4 pys0esr rlnh1m4
Node 18: 1ll1tya ndyx2sl
Node 19: gdlv7yc
Node 20: mpe42gd
Node 21: 6rayjni t9u6hej
Node 22: fjqb43i
Node 23: ua2jdcp uv0glik yiwmqfj
Node 24: fwufz2o j9xy1lf
Node 25: 9hvhx50
Node 26: c5g1u4u
Node 27: znkxum9
Node 28: nroyatc
Node 29: fvlcde1
Node 30: 6tx3s9i kwyskxy oksbqhm
Node 31: jjs0po2 zk7yz8n
Node 32: 88r5psd
Node 33: y4zi90z
Node 34: zef9qsd
Node 35: 94szgvk
Node 36: nnznam7
Node 37: dv2gri8 hgfdbjm z6cq7y2
Node 38: eb9snys
Node 39: u4pz313
Node 40: hxtqnee
Node 41: gz2kywy
Node 42: klcdixc
Node 43: nu8ix1h
Node 44: gnmn2pq
Node 45: pwummmz
Node 46: 01tt1qb
Node 47: hzicz0e
Node 48: 7vuetpg u066k4k
Node 49: luczbko
Node 50: q4tasra
Node 51: bbzf8k6
Node 52: sz3t955
Node 53: gsfo087

Node 0: t0nbrha
Node 1: 3vhhgz7
Node 2: 00akxpz sfa22r4 zlgfmqb
Node 3: 12r3r5i
Node 4: 49jcc5u jefbwna nox0z9c qbzzhh5
Node 5: ewic8xj
Node 6: tv05be9
Node 7: 9g4oi4x
Node 8:
Node 9: 31ehuvh

Node 0: 8azllzt fmhgfng w6g08yv
Node 1: 5ml1ai9 vatzb8e
Node 2: 4x8vntt
Node 3: 6pj2646

Node 0: 757d3j9 v9cpdg0
Node 1: kzncsvj

Node 0: 5oe5t24 b8fw6ex gf72jun
Node 1: 0smhp1i 1dn9i3k 4hfrko0 4pbjgrx 4qi27nr 5aix9d7 7b3g87g 7wgwywi 894ock5 9mjv8ku clp1xeh cwtl7b9 d5ol349 dtagowk f7z16vp g0f26wb iats80n j9sm8sg kkxotd1 nd1f6lz sk4wcos slj525c w1a2r5i yi8n3kd
Node 2: p82rh3q
Node 3: 55fzkdt
Node 4: dpdsrql
Node 5: 9zujgg6 co4x9dt h4feog8 juqvcnl muuppqa skzu8v2
Node 6: h2fw0d1
Node 7: aeyd4jk qzbhtzw rtrnw88 xsbx2nr
Node 8: 3ugdob7 bocv1l2
Node 9: ugvrj5z
Node 10: 567y8u5
Node 11: 9sf2gr7 wd3o6vd
Node 12: z56rj7q
Node 13: sqvaaix
Node 14: khdki3a
Node 15: xib797i yh197fi
Node 16: iwej3uw wmfcq92
Node 17: 5vy1sla dwkhl5l psnxibu wf3ibiv
Node 18: uharc3t
Node 19: kg6z0fe s3420az
Node 20: 4o0ujyq bk1xodg
Node 21: 5zjqzxy
Node 22: 4g6vx6m
Node 23: zw8qc5n
Node 24: ftqweqw
Node 25: m57gc1q
Node 26: 2pcqeys
Node 27: f0v60hg
Node 28: wqft3oi
Node 29: lugmvou
Node 30: hyw4dpq
Node 31: ct23cz7
Node 32: eqzz1jg
Node 33: b1djk1s
Node 34: nejnghn
Node 35: fhkhtck
Node 36: h7j5zfy
Node 37: b5b4kk5
Node 38: 6wqnmvf

Node 0: 7egpbu2 a14jg5u
Node 1: 1ga1s9e 2g1htw8 4ghjupj 9oylugd a8duk8g b89i0h3 dpl86ca eep32is h1q46fv l9e5hhx olad5l6 pr4sesk q59ne8s uhbdomn wwmy98w ytrkxga
Node 2: 2wv8aoy 4aqbsvk 66gzepv d9cg13s dlebbro m0n7xyf npj19kn so4xnog sv99u0h
Node 3: oqr9frl
Node 4: fdnpn3v hmsi45r rycqxmp
Node 5: p8aa2tb
Node 6: kxo15ni txlcku9
Node 7: 2i29vjp 54ucfqd 68rln1k 7005ozb 78mrway 7bhywbz 8e5qx5d c43gvni d9ae9mh fdea6uh feqioqf fqizksi gl7zdzu l9ere6z mos2wo2 nu5t7kb qwrdy3z r8hc70e sg7yweh tiqaj1v ygmibsm z3xyfs0 zmdjjxp
Node 8: 2cxx3gz 447xom9 qgz8ckc
Node 9: 9oqvuei
Node 10: iozil7p
Node 11: o8ze3sb
Node 12: tsgirhd
Node 13: 00g84t8 7xtudps g91il5u mz2tixi nvxa6mu p7sn29y pco0x1n qy6oeu0 ydxeiyq
Node 14: a9obhc7 q6360sh
Node 15: jgv814j qmafu5o
Node 16: f2hh4ou
Node 17: g18m3i3 ng72v32
Node 18: laa1dsf
Node 19: 62ky9yt
Node 20: 02ci566 9mov0tm hzqze21 vp1vkv5 xpf4jsi z2iu82d z4ahb4w
Node 21: 14tj9ke g7e0z0j ys268ue
Node 22: 83uwivk
Node 23: iocuz0q
Node 24: q5dymgg
Node 25: 6ytqoa4
Node 26: x4rosrx
Node 27: ac53sy6
Node 28: 002jdr0 20tai2w 368m581 46fgvtu idyiam5 ru2sjmb u7j6ltx
Node 29: dcuefzb
Node 30: co9339y ftji72p tubl1hx
Node 31: zknl70v
Node 32: gdf0yf4
Node 33: mljijg8
Node 34: layqmq1
Node 35: oxlsr7m
Node 36: le761z3
Node 37: bld0mnv
Node 38: 9skr0l8
Node 39: voak6j7
Node 40: 19cfsc4
Node 41: 6jcvor7
Node 42: brnpfjn
Node 43: wc6vtzu
Node 44: 5jkl946
Node 45: jw2yuqa
Node 46: zr4x7z6
Node 47: cw9i51h
Node 48: b1iilrt
Node 49: ptzknx0
Node 50: wneg7is
Node 51: a0lwwft
Node 52: 19xp2li
Node 53: x7wnzur
Node 54: 2ayf7u6
