Node 0: 3upj47l aok6z2q cz799bt p4nffdb qn8w0j6 yw2oky9
Node 1: 4474bhs eg06y2p s0yckde ua4r7fv
Node 2: 4ph42j0 6ie5t58 6v6d5we iusl5a2 kvqhp7l t2jiqux y9madgf
Node 3: 18um8ui 285xvbu 7vqjwc3 91jpigo 924i8cq 9ntukgi d9qbqea fmu9m2s j36blwh mn61xo9 n97qr6r q3wx32a rjqd2j2 t47pf6b tjjs8n8 ulduzub uonynr1 y21jxp8 y5ln8y5 zyi3thf
Node 4: dz4ebqb ijhxxq4 jijwb7d
Node 5: 77wo2nt
Node 6: x89atrz
Node 7: 1lli8c6 26hw51n 5bub9hu egg140s h6uvd8n p3khbh4
Node 8: 7zmd1al
Node 9: 02qt3i8
Node 10: 49eprmp
Node 11: lplk44b nwri313
Node 12: 23bxki1
Node 13: 5myez2w eh7my3n mysq0fa t7tmycl u8dke5g w5awxdl wfmbngc xeq5rbj
Node 14: t7ydcsa
Node 15: o5dzmzl
Node 16: gjmauet mly9mkt v3qgpqk
Node 17: jhw7okw
Node 18: luq0cb2
Node 19: 0tep6pe
Node 20: 234np5j w0og90n
Node 21: n4ngfus o5nhei5 q8hcmyz sau9edh
Node 22: yaw12et
Node 23: 6grknp8
Node 24: aw4zkui
Node 25: xkhvxv1
Node 26: lyun1mx
Node 27: 48jyvw3 bmj5u58
Node 28: 2864zn9
Node 29: 69b9lsj zlettl0
Node 30: 58k3x8g
Node 31: emjwfki nsm40jh oe7ik9s
Node 32: ttzpii0
Node 33: ewh2pmy fuah554 g87s9rk
Node 34: vr9vpsy
Node 35: 9ti7z7t
Node 36: 4najs2s
Node 37: p5o4rtq
Node 38: cgzfzjf g3ikz01 nibhkyv
Node 39: 6a5l9en
Node 40: 7j5svb0
Node 41: 7d6b8mt
Node 42: 3t8zssl
Node 43: 7epbwmi
Node 44: l7rx9ul
Node 45: tdvxqgm
Node 46: ftotwea
Node 47: vwfhwnj
Node 48: re4uaqn
Node 49: uombt8w

Node 0: 1h52w8g 35wcchp 6gbij0n oj55qku q3era4l x1y6y03 zhfbaez
Node 1: 7rd6ilw bfwgpw8 czfmdvz
Node 2: 4fxi8wm 9k1xxh1
Node 3: nnfep8e
Node 4: 0pw9qn1 3qwzc86 47tcjvc 78gmz80 7ot7qj0 nk4cyru nu3xgts vpy55k6
Node 5: aq4lrju
Node 6: 41gs2lq b4yuwq1 nv1yxlk
Node 7: 0k28kec 6ppa0ki jdz4lrp rc0fssf t8p0ulh twhdk56 uzvtad4 w3mehib x4extq4
Node 8: e82a3cg
Node 9: 1sq5zpv vfnfayf
Node 10: eoeirox hqj4m67 vtirkv0
Node 11: eapao3b
Node 12: 2fjsycm blvks64
Node 13: htui769
Node 14: c10hhhq txlzwa4
Node 15: xacnlod
Node 16: gkozo1d v4xd7g9 wrgcxxu
Node 17: zl7mfwy
Node 18: 8unbtg9
Node 19: ao2bc2i
Node 20: 17k3nce
Node 21: hcvmc00
Node 22: wf3v4c3
Node 23: y064pbi
Node 24: 8ajwwf7
Node 25: b83n0ma
Node 26: 1zg3u6z
Node 27: har8a3h
Node 28: gpnrfgj
Node 29: 4jcwvlo
Node 30: g75xq00
Node 31: oq2g9j5
Node 32: bi7rt89
Node 33: 9zc3rno
Node 34: ejnbwzm
Node 35: 6vvawv6

Node 0: v1bvwgx
Node 1: 3s8tjm7 ahcm2gu ev10nv7 mw8pk3m
Node 2: 8qdzs5r vv5rab4
Node 3: k0h1isa k354xvg
Node 4: 1u6z8fx 8b8xrni ti90813 zhh0i2k
Node 5: unu7m47
Node 6: tp3op03
Node 7: xydkede
Node 8: nz873ss
Node 9: 1ke004o 30wk61c ghzo3hv mfqw91t
Node 10: 025ti4a
Node 11: 1f5niba 5uscxqt 9c6mok6 dwc8unc f6gtvyo szw5bwp
Node 12: yh9ehkf
Node 13: mne4mcm
Node 14: k2sibzn
Node 15: gk078z5 m7j44xc
Node 16: 7sg0mxv f6lf62v nr8aijz
Node 17: hqa7bpu
Node 18: zn26l7r
Node 19: 63nrhkw 91de7eo g7lpxf7 gsyitet
Node 20: 2csz7mf fwmz70c q82j571 tmsg7gf
Node 21: m90cgmm
Node 22: gh0fjml w0l7t7v
Node 23:
Node 24: lbk14vg
Node 25: zdnu31y
Node 26: nfuq7iw
Node 27: bf91ch4
Node 28: xb5tckg
Node 29: 6sdg23x 9vgx19k
Node 30: x5uinb5
Node 31: 2autr8a
Node 32: 395gxvp
Node 33: svk07o9
Node 34: kvgjvb5
Node 35: oehmx76
Node 36: zwf317o
Node 37: tcje2jw
Node 38: nus49n0
Node 39: v9gl6ly
Node 40: vd4w0ov
Node 41: pkly903

Node 0: 7ffegla 8qut5hf dah0cvh fopxao8 kpd0dd3 l16k550 qby9h6l ubqpcuv vz9ujgg wzk3ww1 xuvcevv
Node 1: 26dvbyu 35t63no 3hq5tw2 4ixs9c9 4meze1p 7up486g 8pzholq anuuyuh e7cohbs eepldbv fqqdm1g h0v9vcu lb7p7x9 mnt5igt v45ph9c v8xd5cj yzoj1j7 z2356k3
Node 2: a4q8wol glvtnne hc36sgf zcyd7kz
Node 3: 3uqax0u
Node 4: ghyihar
Node 5: b2bpjn3
Node 6: pusu1g8
Node 7: lbkjm7u y7a29jj zgofq7q
Node 8: 8zdw38d
Node 9: 0a0udzz t2og0fn
Node 10: tu9ah6j
Node 11: pkgafei xaxe9l2
Node 12: p1kvk0a
Node 13: hkc20pl
Node 14: wx8h3p3
Node 15: 1ic42vq
Node 16: ptqj3hn
Node 17: 2co86jw 5imhq7n p8eae3m
Node 18: 7605mer hawa6tv hdiz34e uj3zf6b uyukcj9
Node 19: jcm1lbn tlxptnx
Node 20: bwzocsl
Node 21: f4wje2r
Node 22: pqdekym
Node 23: 60fqho9 9vkir7a nxxveq4
Node 24: 35bppzt
Node 25: z4s27se z6w2l7k
Node 26: 34coaw0 slefim7
Node 27: r07vxra
Node 28: wjlplp0
Node 29: lvnp1bu
Node 30: c0lzvu7 l9qj0q1
Node 31: l7r4m1t
Node 32: amg7osj
Node 33: aj2k9e9 h5093qq
Node 34: 48e6gce
Node 35: ya163kl
Node 36:
Node 37: 01edxna
Node 38: i0x7d75
Node 39: efg73kx
Node 40: e4m0ect
Node 41: 4luoprh
Node 42: tjki80j
Node 43: vgnn9da
Node 44: hyy1782

Node 0: enn1c8l
Node 1: 34a3nl6 8ersv69 a5ssaky pqbkrxj vovcxth
Node 2: 1eib68b 1h8i2z7 1ux2qfe bo5m4s4 gb1lkye
Node 3: booub11
Node 4: 5abqmf6
Node 5: 4kkjodl
Node 6: kmb7jj3 smjb1f6
Node 7: 40rz0pb es253l9 j4xoe7j
Node 8: j7d6ysd
Node 9: b3f19tl ft0lawp ht1607p sawmxls
Node 10: acq7goj zcffsru
Node 11: jidxcg7
Node 12: paxr0b1
Node 13: b74ml2m
Node 14: z07z0yd
Node 15: 9jwp0yf
Node 16: 5d9eour
Node 17: pig2cjx
Node 18: 4eh866r
Node 19: qq5gyew
Node 20: uwidg3p
Node 21: 58qe8ea
Node 22: et4742j
Node 23: 5l87wdp
Node 24: 9lzx20r

Node 0: 0gl2o9j 7b60ivz cx7l5xi dvmg9o9 eq5ti8c evz53rm hyeowj4 nyol0kv q545980 tdybc7e ulr758f xbioba6 zubpqkl
Node 1: qr8rxfi uo7uj8m
Node 2: qbwrm73
Node 3: 9tmjq9k bn3lbm9
Node 4: 616w9sg 7jk9gya kalj3i6 woerjd5
Node 5: uchhs0h
Node 6: 95v3tso e4s0amv unu5y3s
Node 7: 062ugsk 2patwly 7et6fww akab9fw arrhbnw iyy7d73 no6qd8l rwypwg2 yntdwjv ztnwwcb
Node 8: pno7uy8 seyjfv0 zi1wzaf
Node 9: mokd55l
Node 10: g7r64zz
Node 11: ggd5auv mjkerj3 o0j8mlm
Node 12: 768hqgx
Node 13: cc2cmoz
Node 14: 18qhyfl e62cagq epd3b9w sis8dil
Node 15: knex9zu
Node 16: 9tpxisp k5z6fa6
Node 17: v8jvn1f
Node 18: h1x84j3 lwtjy8d szdtepx vbahbnn
Node 19: dinncgs nn8jcfg ri36949
Node 20: 69u77xr
Node 21: 2aa7ie7
Node 22: h7opjeb s76dcu4
Node 23: x3jf2t3
Node 24: kdj6d3s n72s0b8
Node 25: 6m56tuq
Node 26: h80t7zr hzjwy80
Node 27: 11d27mm 1jpsd0t
Node 28: cc0ba3b erv6vly gkmpp2k
Node 29: meqhg2o
Node 30: 27cqsmo nvilnpa pyjcktt
Node 31: a3xdses zo5afak
Node 32: 9iiglz5 flrln4k wdgupzp
Node 33: a9842bj vpdl6ma
Node 34: is0m7b8 vtgrbz2
Node 35: 4dvh0y0
Node 36: vkegwf7
Node 37: cuarqk8
Node 38: 82wizjm
Node 39: nz3a5bk
Node 40: 2mw47om 5bukspj
Node 41: s12gjb0
Node 42: bku62ix
Node 43: xon6k5d
Node 44: 78cq6gx gw1y1fd tmmuncj
Node 45: dc90r2e sw6q2ts
Node 46: 41ty904
Node 47: qcsy7fp
Node 48: dk1pdpc
Node 49: ut07yqt
Node 50: eozeubz
Node 51: 9z6by0e
Node 52: a9mk3qy qclhrla ybw79zm
Node 53: tri9vy0
Node 54: cbhg12o
Node 55: lh5fk75
Node 56: 8okz4bj
Node 57: a7heiog
Node 58: jv2qt9a
Node 59: u59x24d
Node 60: mdsv8p2
Node 61: kyh0a5a
Node 62: tyvz2vs
Node 63: hz8v8yl
Node 64: zotdoqz

Node 0: 3c3jung
Node 1: batc46m qhpre9c
Node 2: m03y25f yaczj7z
Node 3: 6p6hyjk eu3ff35 koxcqur
Node 4: 4azv7fk
Node 5: 17ip78c
Node 6: 09p8ukr iaeaih2 rsg7bcs wytg9kr
Node 7: fu6nzhj
Node 8: v7a0bvb
Node 9: dgida5h kjetf5a m12mmml vgm9xjn
Node 10: pz32ofc
Node 11: 43j4j9g lqoe2d2 ps51sly q0wu3vh
Node 12: gf39nrs gon74ar
Node 13: jzbybj7
Node 14: dbg83mj l3uqrxm
Node 15: f41pfs9
Node 16: ng1hwbx

Node 0: 619a9ac hlg6bme ihztn0e su5xzwk
Node 1: 0dfvjmg 5fuhd5u 8wbzjiv dflq6oy jpb5ids ks42bkl o8hkgyk vegodwn xne46ky
Node 2: 1w432uo g23yqs7 qas3t6y uaqyerd vv55qhr yvy46aq
Node 3: 1qyjtq2
Node 4: jd3qoa3 pvq4ixz
Node 5: 7748jao b23mays plma9k6 vrr5jjk
Node 6: lm90it3 qz5pze1
Node 7: 435167u r1kp049
Node 8: b677rmx v2edx9f zowcyw8
Node 9: qpfeg7r
Node 10: 1c3wssp 80hlmrp caxslrm jgm1zd3 jlkeigy
Node 11: 1unguvc 6nar6le 7dq5gvh kwzlara
Node 12: 95oneft
Node 13: dg9ysh8
Node 14: x47v7yk
Node 15: umicwhn
Node 16: 2c7gav4 3jpgvzl rdveqc8
Node 17: a013vvp
Node 18: fzgce3c
Node 19: t07iuf8 t8m5zzf
Node 20: 7d6w3ko dg2wke5
Node 21: gtv0kyw nd0gl7k
Node 22: 4u1huhi wma24ei
Node 23: 6pwi2w9
Node 24: 4byg201 csz3c9u l5ayo02
Node 25: eiynqjx
Node 26: zcuap80
Node 27: a6xs3ah
Node 28: 4vruuad m57wqco
Node 29: u1k5htq
Node 30: cbohd76 vliwxuk
Node 31: j9b4933
Node 32: 1xe0t3c
Node 33: 7eylxj9 knkusca xa66xvv
Node 34: 2jzcw2y
Node 35: cv4rlpb
Node 36: z9t7t8w
Node 37: di3q00q
Node 38: 00tpwyw
Node 39: ywopkxv
Node 40: 43cz44c 88w12zb
Node 41: odk6ycp
Node 42: 8k5d5pi ft7ssta
Node 43: ufpe0ar
Node 44: ezzc3a0
Node 45: 2wsou0t wnqf5hf
Node 46: fr9iw84
Node 47: mq37xwr
Node 48: 1tq6u7w
Node 49: aahcm66
Node 50: 29sow0c w1b7hb9
Node 51: 7p3pqme
Node 52: ry9n8pb
Node 53: axy3blx
Node 54: cxmiuav
Node 55: ihlm650
Node 56: n4epovs
Node 57: jxxjl3d
Node 58: 128ooyo

Node 0: 3zla7to 4hzlls4 rrvbkw2 uov6btm
Node 1: dgx0kok
Node 2: 7cs9927 8k0c3g1 9uu3ucm aeawgvw g1c2lr4 l1lmmaz m07qnio m6sxq47 ptp991x
Node 3: eutktbi
Node 4: 4co0o18 abiihlw akhr0zl fyzq7xx ofscem7 we2z7w5
Node 5: 14us0p8 39qt16m abin0ft cw3lyxw koo9jrj qo6cvnp
Node 6: 0x7n9nm
Node 7: u3vqm2i
Node 8: 41natku 87w5e9w i46hekv oitj37z
Node 9: 7vab6xi
Node 10: ep0pdht
Node 11: p9688xo p9z1adf
Node 12: c8dwxep yb43yy5 z4b7dkp
Node 13: c6gkw8d hc39lrp xqj9ugc
Node 14: 8z22a84
Node 15: 6d46d0w p4ohjrg
Node 16: iajgsee
Node 17: j0ms1j2
Node 18: 27eroqv 3igh2j9 7cyrli0 snw89cn
Node 19: 0dkv2gy
Node 20: trb8lgn
Node 21: 9287wlh 97hbhxz
Node 22: 78m9pck s3aa2ba
Node 23: 1duz8mm
Node 24: cmx385i
Node 25: p607crd
Node 26: lap51m5
Node 27: 5au0ivk 9zdwetx xriprli yl21qsu
Node 28: wk2py61
Node 29: q03u7zh
Node 30: fkvraxr q4lt7cs u1siiv6
Node 31: 3rmzfyi 74ib3h3 s84zw6q
Node 32: 55dx7ul
Node 33: wv9kbww
Node 34: bko0hca
Node 35: 1b36j0x
Node 36: 8tfmhfo
Node 37: 34lrfls
Node 38: b7sj5zi
Node 39: m2appfy
Node 40: zz9rs5k
Node 41: hcwl3gj
Node 42: 7a5seps
Node 43: 8n6j2r6
Node 44: 7o8hy0e

Node 0: bvr3887
Node 1: 0qmq4g5 0yolo7o 1bqkx4q 2cca9i3 2spkw21 3edff9i 5rp2gzb n0eh42l o9ml0cr qf6gzt1 r65k6ii vznfocz zcyq7yn
Node 2: 7u77ro0 8vrc893 ikok0lm tv70jwe
Node 3: bft2yl2
Node 4: zurlc38
Node 5: 1suh77j
Node 6: 3t3lmqs
Node 7: 1swlytt dto4x4a
Node 8: by880mq
Node 9: ikzmrfp
Node 10: gc9jnlf
Node 11: 0ewcm0t
Node 12:
Node 13: nynx9tl

Node 0: 46d8pm8 889q6bu f97xq99 i3nqtvs m31tmxg wgj0s53
Node 1: y5l6g86
Node 2: 0enakaw 2cxkwuh 4jchjcz 4ntp562 a9jb8oy b4bav73 bs22fss e6e8hsv e8fetjs txbg1qv u99eot7 wh1sbk4 xt6du9m yjr52o1
Node 3:
Node 4: i7rz69x uo28ci6
Node 5: 6z96gdf 8jrpmz0 iyymq4q jmoawpa pg3d8aa qp1aqnr yxyiyjl
Node 6: dieu4yi j5vdo55 mbwj830 nj2bxkg qqn5zkf t3kz4qv tjvz4q4 xcigh5o
Node 7: uqj2z4t
Node 8: rntuwej
Node 9: 071c6kx anf8rhl bsnpwsq ctyb1en
Node 10: 5mq2w82 wbxfze9 x77e9t3
Node 11: 56lj0l5 n565zh0
Node 12: 44mn7xd
Node 13: ccmcjy4
Node 14: c3kpspm
Node 15: 2va3b98 31sna8s bndyevl q879yma vt0f8xo
Node 16: 87n6ady
Node 17: 20fwjoq 37awk0p 5pbwrpn js46zsw p8kzyv8
Node 18: 3rnw41r vaecuov
Node 19: yxgagnz
Node 20: 0b39fqi
Node 21: 21f0fdi lmrtdjh
Node 22: ihsszur
Node 23: oumokah
Node 24: 9v6wwja p0pwbys ug706sw
Node 25: q3008n8
Node 26: cxns2yn
Node 27: a8j3171
Node 28: 71vs3tq w68ade6
Node 29: aixiajb
Node 30: mfprdgq
Node 31: p6d2aip rx31dgo wdskgfb ybjhq2e
Node 32: alc9oau f6tf1zm
Node 33: m8g3kx4
Node 34: n3ulktn
Node 35: 6t46dpb
Node 36: 4gvpt40 j8zlw6d
Node 37: 9uub6s8
Node 38: y35a2by
Node 39: 1s1e0vg l1bs5dv
Node 40: p4d4m7y qsbf5f6
Node 41: 0zidi2d
Node 42: dcb31ug
Node 43: 19k9gz1
Node 44: n773k59
Node 45: mlo7wfk
Node 46: 7liz9al wu088u8
Node 47: 3vrsbcn
Node 48: cg0d8dr
Node 49: besxdo2
Node 50: 2ttdee7

Node 0: 90komit 9xi4mgq xn2sa7a y9tv4x1 z6r0z3m
Node 1: xgk43z6
Node 2: 5dka07b akjdxzy i7krm8r yjsy12t
Node 3: 4xcsd7o scud68r
Node 4: fcigkj3
Node 5: w860fie
Node 6: xtdx17z
Node 7: uajf1cx
Node 8: 2jc418q 37mz7h6 3p7uw8e 8n4x3wx
Node 9: nj41af6 rqfoow5
Node 10: lo0foml

Node 0: 0ku5hyx 6et856n ffka2wi kdhrh30 muo8vi2 nqy2wuf sthu8w9 w6czvv7 ykamr96 zsc7z29
Node 1: 0abkr4m 7o17s1s hgbbyt3 wtjtzyt
Node 2: 6bpqxr0 97uovj4 9k7p4jw vcvv3x3
Node 3: tokrt7t w0zc7jq
Node 4: vtgel4s w27z6lb
Node 5: avlbyyp
Node 6: 7119n4x
Node 7: kndlc6n
Node 8: fsum1j1
Node 9: 360velv 9pyhmri
Node 10: 4d8oxwy eegnofo
Node 11: 0f3ldgj
Node 12: mbu0j7d
Node 13: 5gp9nmk 8a5sier pj7pkmv
Node 14: 9iyi287 gv7j3kj n3xq4nk
Node 15: 60ssl5b
Node 16: g6b6s02
Node 17: fhoma5m
Node 18: 04vs2pz pp9a6nm
Node 19: nvn3ldx
Node 20: rbjg275
Node 21: w0kuv41
Node 22: 8bwus91 ub2w7ro
Node 23: aqox4pg

Node 0: 8fznjxb
Node 1: 6fahgvu 986mh3z gla7f9g
Node 2: 9lm7ju2 bh4k1er e5g2f99 ibk0s9u spwpim3 wtu8qpz
Node 3: 44jtypu 5cnpg6e b6gtjn9 d5z5ggc dhgabm0 dkm8444 ggsms7u jmuvylw jtzftle juv7pmc m3jw6p7 p0yi2c9 q2xv4cl yiccbi6 zydh08q
Node 4: hbji9yl jb4k512
Node 5: k975ikv mle894d
Node 6: hl3wux6
Node 7: 2nvo1pt suyty95 vx4wwbc
Node 8: mtj0a8g
Node 9: 7r8g34d
Node 10: 6vjk8k8
Node 11: 3dv3y3t 5mvzg9k 6rgnjte 8uvv6u8 e94pus2 g4w2bha paojzq7 ttno7be yi5lu1l
Node 12: 1oep5ad zfwyxli
Node 13: 07tj8vb 4hwugef 64567ny 9250rzj axo2jmi n0dwesu phesuxj rha31fz sxrj4m1
Node 14: b05mlly
Node 15: yuoczcx
Node 16: mlsdipx
Node 17: q1deovv
Node 18: 6aqvo06 7nhbzjz 8undbva bb0c9g6 jeuvy6c kt7qgtn mr229l4 ob0r4db se8s1ge tn39p1p xupoh03
Node 19: yan1egb
Node 20: qi4gsxg u0ii5ji
Node 21: rc8zm9i
Node 22: r8kz5dd
Node 23: tlc13gf
Node 24: 1gc7snu 9fg8tup
Node 25: t7uq3u7
Node 26: achv8lk
Node 27: 9loyu6z
Node 28: 8da3n81
Node 29: 9rzq06n q97nsba
Node 30: h1dbc80 ingnass
Node 31: 2qp4uum
Node 32: sclrr0e trzrjfg
Node 33: n94kjx9
Node 34: 00ih5pj
Node 35: ctqen6e
Node 36: 4i7gcpr
Node 37: 27dq0t2
Node 38: rli52uu
Node 39: 0bmprz2
Node 40: obmilsj ptyf74c
Node 41: 2ysx8t0
Node 42: 7yvvq8r
Node 43: psoiz5h
Node 44: 3d1qmn3 v61yelv
Node 45: ws5ue1d
Node 46: 5c0ypc3
Node 47: h4za4yb
Node 48: 2lcduck
Node 49: o7ihcxp
Node 50: rcazorf
Node 51: e45nnss
Node 52: mnzvpr8
Node 53: m026vhf
Node 54: 50rdv7c
Node 55: 541hqch

Node 0: 9tddw2l uwv0iok zgxoytp
Node 1: 5l6su7m qmavtld
Node 2: w38zo35
Node 3: 40rqn5d
Node 4: 2dxl30a ybtbulb
Node 5: qs4ra4u
Node 6: 5iaegos 7o8nakh
Node 7: tjygdvp
Node 8:
Node 9: aqxazd4
Node 10:
Node 11: qqptxb0

Node 0: lpriqc7
Node 1: 1e2fq4s 22yeexl
Node 2: 3tew8dv tbmbu50
Node 3: 0ug84uc 3scm3gw
Node 4: m771fev
Node 5: 7emjjrc umh270x vh4gj21 xzdr61f
Node 6: 149fyq8 3mxfiqb 5cc743l 5uuv3ju i30rrn4 olwi8r5
Node 7: 580xpqu 8jj4ndd gdx743c lgpju8f
Node 8: t3cuitm
Node 9: 3yl33l0 uwp48s8
Node 10: 77vl4u2
Node 11: mhzxd2e xssz4cu
Node 12: 583bjhc
Node 13: yw5igln
Node 14: c3ejl6v
Node 15: sdrwpo3
Node 16: ewgr102 p6u83c4 wvux06l
Node 17: 46n2o0p 9k4p0fc mvhgreo
Node 18: j89ecpp voxz3su
Node 19: jx7raod
Node 20: jsj8o2a wvylhgf
Node 21: hgs3pmu
Node 22: 5r1h5ti h642ptx
Node 23: my2qgf9
Node 24: b5bxupp
Node 25: 2py8kkm i47mvnz zxt86ot
Node 26: ffrky8e
Node 27: i5zk8fe
Node 28: h1oe350 h76tezx
Node 29: 9c7txhp hajw0gj t13y92j
Node 30: nr3m4c2 zb5bp3z
Node 31: pn0f1gl
Node 32: 0c6uue2
Node 33: txb5vrw za87b1e
Node 34: 0vsse7y 1piqeic 90n4n8h hcklp1q
Node 35: lu7vbn0
Node 36: nn8jde7
Node 37: 7swzgac th61ecn
Node 38: mecjma9
Node 39: tvyxsvn
Node 40: kpjq1zu
Node 41: bi4pfvr
Node 42: 378tm7o 3xep85w
Node 43: gvmw0na yceve0x
Node 44: g652q0g
Node 45: luy44e3
Node 46: vxqj30w
Node 47: kqjyisf udk5ttt
Node 48: bv8qszt
Node 49: if5dvig
Node 50: n1ehxy1
Node 51: h5m83hu
Node 52: 9bfuv07
Node 53: autlkfo

Node 0: 9fewf3e u49aiec
Node 1: c2840kv kt8pjqt qs6jzv0 sgpf0xm
Node 2: 88ojbvm mkv5152 mm3y252
Node 3: 8o4klna h0s6qki pmnugtx
Node 4: lbfqwa3 pwyj7or
Node 5: p54mmxw u7qxvw6
Node 6: 4sbuzom
Node 7: 161i2jm
Node 8: 5a3y2zo sju6mno
Node 9: xi4i72o z11ky5c
Node 10: fkcbgar n8qe0eq xg90iao
Node 11: 2i4xn3y
Node 12: ryk3one
Node 13: 6dgm5ck
Node 14: corqiuz e275f2u
Node 15: gka0hal
Node 16: 83qkz83 ohu5fvt
Node 17: fbu9yzt
Node 18: rxgp3e9
Node 19: jvr56r1 oj38kqo
Node 20: g7712sn
Node 21: 1yj5tqo
Node 22: oj5tcso
Node 23: 1aspm7k f6yhkoe m92wq9g muzrydo ovul88d tesf3vf xhr2fz6
Node 24: 2kedcj8 4x9nane pauq46q
Node 25: 31aaxhj rrr7dnd
Node 26: pssxzqv
Node 27: qokk6si zv4v5rw
Node 28: f3qrxj7 qjgn1x6
Node 29: ix8gnk4
Node 30: 4r8ixh3 97w2uea ivs9eec
Node 31: ak1xd46 my9pu19
Node 32: acwqx5f
Node 33: q7fyndx xkdnrjr
Node 34: rlgiieu
Node 35: imbokjs
Node 36: qo597y9
Node 37: 400qmw8
Node 38: sxmnd1u
Node 39: 2q64u0l
Node 40: 7r52cvc
Node 41: 8u0iqdf
Node 42: x1lth0g
Node 43: fwumho6 j8za3h4
Node 44: b0hnyul
Node 45: d7a17pz
Node 46: ql6fs2t
Node 47: ii7wt0g
Node 48: ccti5iw modtwhf
Node 49: vpjbyg4
Node 50: qbm4kgj
Node 51: cn8rc7p

Node 0: 7zxfuyl
Node 1: 00ra5d4 08s2ke1 k7uh0fc
Node 2: 4djm4ni l6mbtcu
Node 3: z0qkk21
Node 4: 4kwxj3a aj3h37e otwj32x
Node 5: 4c0wg4e
Node 6: 7sjy9pw hww9z9p j9h024g zrki5m2
Node 7: 746m2yx
Node 8: 32fejis s1gfytt
Node 9: i0o2k0k lhglcyh ocxt3qw qz27dxk rdpp9dj x406xo5 xx5jkt6
Node 10: brezcle
Node 11: me4px2q
Node 12: nohr9ol pdhvo18
Node 13: 23xc7bp
Node 14: 30jidp7 6c07i5m 7g9mah1 8e1gdib 8fbsel4 8fvnreu
Node 15: 3ov7n5q
Node 16: rgsc0xe shy1eim
Node 17: 0tv3ota 27scfro 8pl4dpl g04mxi5 o9xx6az
Node 18: jiauqn2 l088ixh
Node 19: d3hpia2
Node 20: egnksno
Node 21: z6svt69
Node 22: pu77zjy
Node 23: qcfdccj
Node 24: x7wbtnf
Node 25: kbc6mbu
Node 26: 77zz9rr
Node 27: kf2mzkm
Node 28: ljfh137

Node 0: 5coihbs 5w708rc 68uv6pb 6nmejkr 77xrpxp c1alx8w i5rudr4 n56nr7m rh6r3ht
Node 1: rfy5sbv rmj4y7j
Node 2: 2jmiicu
Node 3: adfgzgz
Node 4: 4j0ldfk
Node 5: qoxpndj utixf52
Node 6: jsdhq0l
Node 7: zhrf6t7
Node 8: z8a2g1t
Node 9:
Node 10: seuzbj2
Node 11: 1cmhr0b h71vi2r x913fud
Node 12: p7a2gaz
Node 13: pj0sgh1
Node 14: pde4o7q
Node 15: fpomoxa
Node 16: an5suq4
Node 17: i0o675v inhcqt5 y6dmrfi
Node 18: zompl30
Node 19: 2q1361e y9qzar7
Node 20: xqwhssd
Node 21: hr0e0jo snctuu9 ylh5xib
Node 22: tpofva4
Node 23: 3i7nwmq bsr70i9
Node 24: kfh2kqr
Node 25: g3mzy0r

Node 0: 33sq2ee 980s3pg l3jz6mq n1zxqhe qsw6n07 qvrrdby rx2pesc
Node 1: 2d9k1vw 7wmorh0 8hs42kn ei0vxak gkas2um pa89jtu ulmf3n4
Node 2: chklbo5
Node 3: dihhllc ox5woe7 s92rkud
Node 4: h0wgztj
Node 5: 3qck9lk 4th22v9 fvk84k2 q16i9ek ygq2tnc
Node 6: cz3fnzt sskd2p6
Node 7: fjdygu2 ioenl6q
Node 8: 4umgeea qgaxsbe zqa6860
Node 9: iveiga2
Node 10: 04cs48v ewzilo8 km2jps6 xfmqx35
Node 11: 666rpdy h7olmf3 utn7jx4
Node 12: we9ituh
Node 13: c4ir151 eh0g6hh mfhtl2m s6fmgwi xspmeku
Node 14: f3jggbn
Node 15: lpiluo5 xcvlt0q
Node 16: 7om6y4j 8acpi9j h2qenos
Node 17: hjgfist
Node 18: 2uw996v hb2g8gp ir9dmn6
Node 19: cbw47x9
Node 20: vlh5nh3
Node 21: 1u2olqf xk07x71
Node 22: yq2zae7
Node 23: ygcpsi7
Node 24: 0rid8z0 125n12x 521m66c af5hchu
Node 25: bv3tkz4
Node 26: r05gdr6
Node 27: tys03q5
Node 28: ccm3n00
Node 29: 91zkmga
Node 30: gua0wrd
Node 31: z9t7mth
Node 32: o4mda06

Node 0: 1d08uor 4cpr8py 52h2ixi 557bwv8 j2cmc4n kgmwi05 r0gebf8 sgw3eqz zzfo2ej
Node 1: ifjm1ed
Node 2: nz92xr1
Node 3: oc0jstj
Node 4: r7zkvyv
Node 5: 9xb0a9h b5n62sy tzbdsy2
Node 6: at2o6js fkqvsg5 m74wubx
Node 7: qo5h7ys tewg6z4 uk5p2o6 zcvf70c
Node 8: 69axs0k a2jjoij utvjfmp
Node 9: vr12k30

Node 0: 0n641wp 443g0zj 71h8ntt b9o9ck8 f2zjral sj8t4nh
Node 1: 2gt2ou9 d0t5xj4 le3i7id
Node 2: gp4g94l qtzlftw
Node 3: 1mxjasv lnjemx0 m6fefhf nbojmwu owe3udg s0tb879 sd4tw06 z3x8x6q
Node 4: 1etm0oh
Node 5: o07hudj
Node 6: txmpvhd
Node 7: eobciy1 rbzai3q
Node 8: peg80h6
Node 9: 2jpxo37
Node 10: e4yrgx7
Node 11: 5cx3e04 8jzbp2r oam7jgp
Node 12: t3rrk3a
Node 13: f9d6ox3
Node 14: 6dgfsb2 g2zozzi
Node 15: rvgq6k5

Node 0: 3f8le9i r1f9vxf ymq5prx
Node 1: 9ai9n80
Node 2: 6uyivif xt6u70r
Node 3: yh0i535
Node 4:
Node 5: qmyfpnu
Node 6: ugy0ilo

Node 0: 62qg7lv d5lpkk5 thk0kfc tonvtoy v5qhr7c v94hs7e w9v594d xmdm026
Node 1: 6s1vijw bdyvgi2 c12c52g iahv5tx j20ljq7 opw3cfy pspbdpe x5d6i7d
Node 2: 2ujgufv 4r9fcoa iixtodq lso35nl sge26cb wkj0tgw wqqmna1
Node 3: u47cc2e
Node 4:
Node 5: 4vid26a tayoigy
Node 6: qfs9x3c
Node 7: f9awu4o
Node 8: pilm0ce

Node 0: 4h4fh0x
Node 1: aeep178
Node 2: 0wxsav3 93okggh 9oaucqv b78h2au cszsleo
Node 3: 1x48znh c9b5xgb vn4qjtj
Node 4: dpkq48e ola512q trlw7l5 wt666nl
Node 5: vsh5pnk
Node 6: 02uo5jz wlrlqi2 zo6sl5f
Node 7: eonn7aa
Node 8: 7or30tn
Node 9: 25boelv jgliowx lt64b5m o2cn18b
Node 10: 1wa7xc9 d1du9g7 jswld9n
Node 11: wf9zwgm
Node 12: znut88d
Node 13: 03calct 7yz88lq abqhseg aif3wg1 j8i41if
Node 14: 6lzqetm
Node 15: kjeg363
Node 16: f15r690
Node 17: 2akci4u
Node 18: 7uoyq60 nms0sc8
Node 19: 3y22re4 8ge5kp0 n9acqi5
Node 20: 9zkry25 x002rq4
Node 21: vuhd4fn
Node 22: h7v45tf
Node 23: 8vsmnty
Node 24: lik9sxf w3iyi9z
Node 25: 11kbf53
Node 26: lfji77x unpuehn v7lgkuf
Node 27: gy7i873
Node 28: 77s4aof
Node 29: l6ulbdc wk12tvs
Node 30: q6qd330
Node 31: 5pe7ktt
Node 32: rqh3bkj
Node 33: f9ba65y

Node 0: 4mhn0dq 5etw7wm 82uf7jp awpm3zx gy5v1yd id0z35d
Node 1: 0wzdm3e 10ux1ph ljt506u o7bfdi8 w98mxge
Node 2: 2ipb8dx cefzpvw na1jh45 qrp7til
Node 3: 5jncjrz 6u0pt0r aywq4c6 cmhgp83 d0byuix i1v0um1 i6hjh88 i70xcst rvzmvnf
Node 4: loh1f8k
Node 5: 84ikfep fkfuija ih9lclw jrzetd3
Node 6: 7gertvn
Node 7: 4lp6bkd
Node 8: rtdncr1 vbkj32n
Node 9: e50haw6 jrdox8p
Node 10: 6uez163
Node 11: 6bj65ar
Node 12: cnzkq4m
Node 13: sldwopa
Node 14: 81arc5y
Node 15: 1r3po76 ks7uj1f
Node 16: fcpnq8t ghdlbcb slpmoee
Node 17: yvxyk7v
Node 18: 1v9yj5v qi0bsvc
Node 19: kz79469
Node 20: bv28hn7
Node 21: 4otoef1
Node 22: 7jvt1t6 nw85z0p
Node 23: x4wa74l
Node 24: 8yzzk6g
Node 25: laajoep
Node 26: 8lxnot3 l55kzcz
Node 27: 7rcn3d9
Node 28: u2mg1kf
Node 29: 16wqmu8 1nq5gns
Node 30: 0x3rb6t y1sedjg
Node 31: x6vjpo4
Node 32: lpmvon2
Node 33: lqrzrnm
Node 34: df66ady ebchs9h ykugmpu
Node 35: fywbq5t
Node 36: 1t06ut3 9o90yrt
Node 37: ylxxrso
Node 38: 8qmxf0r
Node 39: 2dm7euk
Node 40: f1pzhci mwbv0er
Node 41: 82j6nfy
Node 42: 9wna7jj
Node 43: ycs3ypl
Node 44: p6pjzu6
Node 45: xp7w5uo
Node 46: d2nq8sk
Node 47: aiuqu1m
Node 48: idioxhj
Node 49: 2voty2q dowcnia
Node 50: w6pq2d2
Node 51: hiydq5q
Node 52: 3ajc2in
Node 53: 3q3fwsh
Node 54: k71jqam qk7ghhm
Node 55: l3rue10
Node 56: l6u5iv1
Node 57: nmz6bix
Node 58: 721ubvz
Node 59: av3ygqu

Node 0: bzn9752 cisuf9e jyaskwk yphnh1g
Node 1: gx7vt1b k1g356h
Node 2: 613lg8p k8t4emc nprbdng ssnmtnl
Node 3: 7butest
Node 4: zpvysrx
Node 5: 70k7bzy ay6xhsu ezgvrag
Node 6: 8hpf5ej a52wocr iwpvptg iyano3h qkoxmpk sbjr87a ygjpbgo
Node 7: 1lx3wex 28qq1io 96yxxgx gvisccw
Node 8: v36crp8
Node 9: rdrbsv7
Node 10: d3oggyw jlu0dpo
Node 11: h8onawl px811eo
Node 12: 83i41xp
Node 13: pwdb7i8
Node 14: czb47ge
Node 15: oi9v8ek
Node 16: 72hpojw b0gq744
Node 17: o8vops8
Node 18: wxxh78t
Node 19: 3sj1c1m
Node 20: zebzi0w
Node 21: 2plytg4 930ulkj
Node 22: gem3f3c
Node 23: 9zivj5d rbmyehy
Node 24: c3ahxvu
Node 25: zrebscu
Node 26: 3nra2x4
Node 27: n0xt35k

Node 0: 0cxp35g 3nfhzrt 5j4i45q 9moz5zr ayru2e0 jy3lhd4 kkvgol5 ky3vbbi mqcsagc p6w3yzt toh5rst yltr0xx
Node 1: futioa1 pcv6aet sykjzpl
Node 2: jj0b7ls uvz2qjy
Node 3: ay95l1s elpw4fv mavfqeo s9yjs9d z5lmi4s
Node 4: 3n4kpuz 9rf1o5m l4s67b3 phta8gy
Node 5: agw375z oybp1wm
Node 6: 4unhnv7 m3cgdhi zphm0cw
Node 7: nrnaerc
Node 8: e99141p
Node 9: jxwwp3f n858pbl r5xjq8u uaql3ph w257u2w
Node 10: o3y4sds pndbb98
Node 11: mdfzl0h
Node 12: sh9fu5x
Node 13: 2g6xo07 avh1h5n g9q73du syfxwuo
Node 14: qwg4wrr tsmb8u4
Node 15: z2z7x6n
Node 16: 609z9xj
Node 17: qipigam
Node 18: qarwg6z
Node 19: sd8kf0w
Node 20: t88hsvh
Node 21: qbp6u3f

Node 0: 1njrvmz 4nwk5rj 5s40hsz cdlhreb dv1lndn ggmqf1r j7e6imt mr1hghl mvss3d8 nb2rns0 xmxf1h1 xrb7jja ympk9y9 z1lu3la
Node 1: 1t07wtv 8rqq5hq 996itv4 acskjbr b8zfxwy swb6s4j
Node 2: 10xrn39 7ja3bpl n0070ra r1bh807
Node 3: g2suyn2 uvdtipj
Node 4: bb7yy0g dor67ms heyr4xd
Node 5: mmrussw ov8p5bb
Node 6: a2idiih j4eb866
Node 7: 04s4k5x 48opgdy 57sahns ux7o17d wpvmoi5
Node 8: 3050jpv 98scx5a djvbsy2 snmb332
Node 9: 1jnwsl5 3x0uid3 8za1g75 suglzvu x16arr9
Node 10: 2or5fuj 4xv0ae3 7ceck0f dnalig3 ego8eia hqnb9oz k58uzi5 nn9cv5j qxe44kh von6i9i xysku0h
Node 11: mj12r2e paepqzb
Node 12: 8glc04r
Node 13: 14jvk9s tpji631
Node 14: krf6vve t2enx1q u3s4m7v
Node 15: xvd0rya
Node 16: zqzsyw4
Node 17: co0u8vp
Node 18: mcgps40
Node 19: ep4l8ix
Node 20: zx1y78h
Node 21: u0be092
Node 22: ls3go6k ov4si5p
Node 23: fv5jnhv nh12zns
Node 24: 093oze9
Node 25: bzev5g2 o65m2uq
Node 26: bqd387n
Node 27: bpddx23 vggs1u8
Node 28: 6fniuco mw4f38o obubj6u
Node 29: 596qzhc
Node 30: lou36r6
Node 31: 2k9fjz9
Node 32: c54ul8d
Node 33: c8og91q
Node 34: 19b3y5i
Node 35: i2ed9h5
Node 36: ygszvtf
Node 37: 3yh4g91
Node 38: cb9iov1
Node 39: tteg9ky
Node 40: vcce15h
Node 41: lauued5
Node 42: g4mydmu
Node 43: 4gq4h9s
Node 44: kqi25hg
Node 45: 88v61re
Node 46: jzzatrz r6bo25j
Node 47: fvnt70l
Node 48: 2pbsdq3
Node 49: 0iu919e
Node 50: knnkav0
Node 51: hfcw0o1
Node 52: xf2lj7l
Node 53: uko7uwl

Node 0: 3fxeqty 5ksm36r 8hmww4y cemmamj itlktmo kazufea mymtlmj p6cf5s9
Node 1: 0379gg7 9c5rt68 hin0k6p m9z6hzg s4lbrtn sfsyl0z
Node 2: xzt1fpt

Node 0: 2i7h88o 35qrdxo eevim3y ns0jvyz tz4objk
Node 1: gph3od7 wq2fayb
Node 2: orxeg3z
Node 3: eew7lx8 irfsocs
Node 4:
Node 5: qqg6uku yqiz5tp
Node 6: faejshc k5xwes4
Node 7: 2wi5x7w
Node 8: a4xt3l7 d3h6thm
Node 9: 0spgnxp chau33h hfzax6t
Node 10: 512sfvg rld037g
Node 11: dz8ckc1
Node 12: 5xmndf5
Node 13: yr5mk1u
Node 14: a7r8lmt yrvh80s
Node 15: fdlv7ya
Node 16: 4lu16ct vdsbn04
Node 17: pamzk2j
Node 18: 4x3kxzw
Node 19: zv9t40t
Node 20: d1d13io
Node 21: y83ahwi
Node 22: b9zkp5b
Node 23: to4d9vr
Node 24: rgs757u

Node 0: kx95g7x
Node 1: nwhtzh8 r1v63k9 zjf2x8p zvycmvn
Node 2: n6axjpd s5krbnq

Node 0: 9mx16lb bxgmi6j exid1vn flvflir iesix1v qivaeuw
Node 1: 4wz7p6i 8dso4mc 96jj9w8 hxe6piy vs7j2la vvh3pd4
Node 2: 36nq10v c0jnjit yr8tt94
Node 3: rw2uv8b
Node 4: vs4bvie
Node 5: 54fnzlw gh0jpwn zn7ukub
Node 6: 7no1p37 9o1r2ng
Node 7: 1tho0k7 4llh9l3 cpqwj6b kiruh25 swnfaj0
Node 8: d7yh1e5 h6nznqo
Node 9: jykcwqn zo8yka1
Node 10: xrtw16g
Node 11: pjq64wy
Node 12: 0dml30c
Node 13: 0zpfqx0 16q1siv
Node 14: 5g27gmh ygp71q6
Node 15: a5a30d4
Node 16: rzcrm60 tmmfeyk ts07n9d y8uy7pc
Node 17: k6grw1w
Node 18: 05uh3ka areno2s m93kw69 rpcu5hd
Node 19: wg6lcfh
Node 20: 1e021sr
Node 21: 0chdqxg 9t6ym0d awqp2o0 ejirp9b nnjyr6o
Node 22: h98qevl
Node 23: 4wnwze3 ebrd413
Node 24: oqmnxjm
Node 25: mplmt9s
Node 26: r5t2u0s
Node 27: nmsij77
Node 28: fmpejj5 rz2rqjz
Node 29: 5x0znsw
Node 30: eay94nx

Node 0: 5xfum7r mq3elh5 n1m6vfq nmoqqph
Node 1: vpx8m9t
Node 2: kyk07e1
Node 3: 9j1uxx8 ilmcmcy kdd17m1 om61ehw q6p5wpe w9acxzf wkgkyaw x6rpyn4 xjw328w ydgd987
Node 4: 8qiw9x6 daghyx2 dlcwhf8 e9optnj kr3z672 nbvhtrm sqskqu6 ssd0tas t4ak3e5 t7l8er4 uur1qqe v21fmjy
Node 5: 55o67lj i14zahu mni7w3k ootalga
Node 6: paq8lob
Node 7: 30la1le
Node 8: 5ezxygl 93j91ll dpofdyy fjsh4ap v46a915 xc4ytxe
Node 9: ahna2q6 o8zrn64
Node 10: dxp6lha
Node 11: tgsgp6m
Node 12: idzt96m
Node 13: g9gcbaa
Node 14: 0v5n873 2ecfqus 30n7ig2 qsz6itr sskppvh xeswax5
Node 15: w4irmew
Node 16: 3geo0w2
Node 17: qdlss6d
Node 18: 0u8t0xo 4y6dpib 8b7jva1 94deb84 lawohj3 p8kjt8a qfau1zt sct5ous
Node 19: 3dbxeck 6m5v47m k6r335g wisr89o
Node 20: 7hnsrvq hu4lw45 m79rdd9 qz9f3n9 r1osamt rlin839
Node 21: k054eet
Node 22: 0yr5bxd 6qagebr
Node 23: 1mo5j6g
Node 24: 5c96q07 jydp32r
Node 25: 83g0ej0 xgy7zc5
Node 26: hsqw035
Node 27: elzla8b tl7zc1j
Node 28: 42406ve dsb4yu7 h66q8uf
Node 29: 8vtnqdj
Node 30: 1j46rta elusfha qyv9vwm
Node 31: 1uiah59
Node 32: vzq666y
Node 33: ux3s28o
Node 34: grfhk0x
Node 35: 248mm1z
Node 36: dgrtb6f
Node 37: 337idb1
Node 38: 123kol3 f2gytoh
Node 39: wym9gbq
Node 40: 0ib9jod
Node 41: ctoh88z
Node 42: ugjl8nt
Node 43: cu2meu0
Node 44: x1qvbcq
Node 45: yz4e08p
Node 46: ytoeeno
Node 47: yv7jsds
Node 48: oy6crez
Node 49: k429ph4 lfzsh82 svc40gf
Node 50: 292rx9u
Node 51: c9l9oa1
Node 52: zb7szzq
Node 53: 0mn974p
Node 54: 1e02uhm
Node 55: zmlu7i9
Node 56: i9zkg4p
Node 57: mggct6w

Node 0: dlzy73h dnbr57r e4y6gcj enpycrg gzpu5b7 o8iamnz o9xazi6 ujl39k7 zf4q0is
Node 1: 12vszs7 4auip5y 52k5a3y ftdftlo
Node 2: g8168rk
Node 3: fbm9lqq
Node 4: dgt5lag iss33lv ukqwp03
Node 5: 29nob5d ah42qyc udgdg4r wnbdopg
Node 6: 0aw8arl ac9tp9m v8vediw
Node 7: 1fha2dx
Node 8: 1l2b3pd 6kj88dl
Node 9: 6x4pu0n ja0tt1v x7j4zrn
Node 10: cuyfwih
Node 11: puop2en ua8hi3r
Node 12: f00uawz nqo2rcz y0bxjgr
Node 13: 2yqlimf 4yz0ulr 8dd53fm bgv1tp9 n63reyd p4brctz qiy8g6c rjqosni yhozcdh
Node 14: ro9im11
Node 15: ddnzbv4
Node 16: c8anh8i hfk26t4 sevxug3 tph6bnd tq3p65z
Node 17: 5kas4am
Node 18: wv9ozck
Node 19: dw0urbv
Node 20: r5a3tzw
Node 21: 6vr0smj msjwh6h
Node 22: en33a78 ms13ydj nneckb0 p24618y
Node 23: ci0wwhv dxbk09c
Node 24: 0cm58pw 31lr8sb d6ckajk
Node 25: 8rvjeh8
Node 26: pkwjz36 y4er8kt
Node 27: 2f9mv2n pd7desn xjmk1zg
Node 28: a1z9osf
Node 29: nfmuxxc
Node 30: m2usk2u
Node 31: p92bwuh
Node 32: 427aqtb
Node 33: fh5da2i
Node 34: fwhw9e2 zefu8da
Node 35: 9t6772g atz8auk i1wy2ws rkqr3cd rs7i02p twtc6gs
Node 36: 5fdvfgb fr7p5oe
Node 37: a61b6ci
Node 38: 7avmwu4
Node 39: ocsgdtr
Node 40: cmftk7v
Node 41: 6t2l867
Node 42: cev7qlv
Node 43: dz41z4d
Node 44: qw588hj
Node 45: 77pvfop
Node 46: i0yqr10
Node 47: 34mt09t
Node 48: cs6jin7
Node 49: dwyjcii
Node 50: z5n79t2
Node 51: nycpndg
Node 52: lksp0dq
Node 53: kyluqgl
Node 54: j98vypo

Node 0: duk9var jpib84w z9yhd43
Node 1: e2re9e9
Node 2: 02s47es
Node 3: 320fc3k
Node 4: cm18mik ke14nq2 l34o881 mv8xudi
Node 5: la4zvmp
Node 6: qetivxc
Node 7: 8ih0llv ru9rmot
Node 8: bpbz37v
Node 9: 4wr1xns
Node 10: 2g3u294 72wzdqq exuo5js
Node 11: 8bfehda xf6qrdv
Node 12: sxx41s0
Node 13: 0uwa3su 785gzc9 fxusv6t on33vhg qkriyl3 s65llan sj0fiaq uceruqd z559uxk
Node 14: jncpcik qc9tidj
Node 15: 1mbksli
Node 16: eyc2ytv
Node 17: 4534puh
Node 18: 5xjtsp6
Node 19: x3afkde
Node 20: 6xlc1jr bn9pcbt
Node 21: 1dfwmyy 2bnv0eu 9rfdiwf gcp4ll1 h9v4v48 xgu42yb xinf4ti za73gfh
Node 22: yfu5ndh
Node 23: 53zwgvs
Node 24: ugmwkfj
Node 25: j2adadf
Node 26: 10394qg 483b9ff
Node 27: jaymsm7
Node 28: 8d5ljkn u2iwu6m
Node 29: ay60eaj
Node 30: mjssxtr
Node 31: 5slm8jr 7uh9t2v elmgqja jsj0ron
Node 32: obqjthq
Node 33: dvrt51x k1f80wp nxkv0nj v54wcqb
Node 34: l1bhk9o lh9lztg
Node 35: 39lctr3 bz0jmz6
Node 36: wpf2pru
Node 37: lc40nml
Node 38: 6sbfpgt
Node 39: 75195kf i7fvsgg
Node 40: w8zwwq8
Node 41: 0a6ppbu
Node 42:
Node 43: bim172h i6ylz43
Node 44: 37356mr
Node 45: ceb6tlg
Node 46: ai0saab
Node 47: ivp83yj rfcdycd
Node 48: mswkhxl
Node 49: 54530lb
Node 50: bgmeayh

Node 0: 1e2x8q4 3ntrjts 69isxp2 fx9pnqh jg2ife8 qt719v3 yvz8o2r
Node 1: gq7euu5 ujf2y41 utncpb5
Node 2: 37wkfs0 rwe0cqy
Node 3: 2lrqdbd
Node 4: gxs9oxk i2otq7h u7x5iqu v5fexnq vcxkcts y2hp4tg znjdtj0
Node 5: shvcts9
Node 6: io9nmdd z2y9j63
Node 7: amb4ak6 fr2qo8o
Node 8: 2d2ur4k
Node 9: 4b443hu 9w0fd4x
Node 10: 6g6mlnj
Node 11: ohjyizm rq6nokt
Node 12: vi3exmw
Node 13: a8m78wa kot485u
Node 14: apn5smv lac24bo
Node 15: 064g4gq 56fkxnc
Node 16: yvcctul
Node 17: 7uzw7sx
Node 18: jqnsq32
Node 19: m79yku3
Node 20: qxp0r5m wu5a4l1
Node 21: rait49i
Node 22: n7hjxfj
Node 23: hxqr3xq t9hpnkm
Node 24: 1a4kj09
Node 25: fioupqg
Node 26: dkfr787
Node 27: 42cif9q
Node 28: 31abwdr
Node 29: z0cbxby

Node 0: 7znfrzl ddxxcdd ro36v79
Node 1: 3u9lnt3 c7gc6z7 kpjbxei n5l8hs4 s5nr923
Node 2: xfjwelz
Node 3: 3hh5ngv ltqtbp2 mhmu4fu n83gp9h nimrn63 p33qge5 tzfr1qp z1lionc
Node 4: d33jmtu
Node 5: fle1erp
Node 6: h7x1o31
Node 7: 2rdjbyg 4brlpoz 5x57pvu 73wcy0g mdsmm3t st6zqqf
Node 8: 1zhl6ag 8kfggcv b0aazzp rvi6ls7 us85bzi
Node 9: 0dpsni5 8l6qkjq ezkyx5i f7u25ck iyhl45i n80dp6g oejh3k5 p87wfuu wqpoqs0
Node 10: 0uovx0d wpsf404 zdgac06
Node 11: 5k8cjgn kywzzn0
Node 12: hoizvk8
Node 13: 5fk09su
Node 14: gkats1p
Node 15: sb8owyg
Node 16: z5nl6nh
Node 17: djfdl5a
Node 18: x74a05d

Node 0: 4sl2wfu yqy2ubl
Node 1: ceu1dvt eb8ighc fza9upr hg0i6e2 njpm6si t56zjvs
Node 2: 8zenikt ni8tc2q
Node 3: gl8gmve tev8o5e
Node 4: eld45gm esizz0y fj3jlgi tf7mkds uhrpmi4 uzhtxxu vbtq0q3 x8gu3fj zfya3lj
Node 5: bmwi65h j33hmi3
Node 6: aifa9c0 h4fn5xn peoobwu
Node 7: ojy8rxw
Node 8: t7k0f10
Node 9: qrpd0m4
Node 10: 5g8t27s hqh2mdo
Node 11: 7yq5mwz
Node 12: h1qtcj6
Node 13: cde1bte natn2gg noe2bgs v572o76
Node 14: wj5cudc
Node 15: be2tr6c ttmc91s txq4tv5
Node 16: 7455qne f3679e9 l2drwa7 r1c5eh5
Node 17: 17balxt 5o9z20m 5z9d4nj k2jg8tk nyrjwit se7bybw vqkrk08 vz9vflu
Node 18: ehrgzu7 o14sjur
Node 19: bchbh7g
Node 20: 9ibfgz3 hwxiuym
Node 21: fv3xqxa gbhzbr5
Node 22: 3dg2mjw 8no3gp1 fsy0bzl gb18z50 icblym7 m7zqiw7
Node 23: 7goxalh kd36qij
Node 24: 8agrobx us7t84h
Node 25: j419jdm o7wxvns
Node 26: n1nghyt
Node 27: ly386xc
Node 28: 5i8mf5s
Node 29: 55dgmnb
Node 30: oyga5d9
Node 31: 0m4duxb swzqkhd
Node 32: ien78lr
Node 33: ip0z01i
Node 34: 40racpk
Node 35: vq8hxjn
Node 36: u1sh4ma
Node 37: z6f2bny
Node 38: wuxovo3
Node 39: 0pe0fdv 848a2aq jthi7b9
Node 40: npuguni
Node 41: r1qn3cx
Node 42: a9hjezp
Node 43: zd13v26
Node 44: 1g4qewh
Node 45: x89o8q1
Node 46: h2fbau9
Node 47: 7qj0dz7
Node 48: rfnaw0o

Node 0: iecxdin
Node 1: jx10boh m7j590k
Node 2: 70xokxb ahnv7w3 n4hitt9 pda5dhn xwr2cv2 y43xmak z04g7xk
Node 3: fb8s3i4
Node 4: seoxk69

Node 0: 6e1xck7 7lffyro 9dox0md 9r2b5ku a1fx8r3 ahn27ek div5ktw ltl8akr o4oaen3 q63alwg rlrgr5d runo4kt sdcae2m vy6be74 xosj910
Node 1: 1i0w6uc 2rsbixt 2wcd31c 93a0yxo bl3wbnd iotrsvg lnt5erf m679hqv qe1n7c3 reiwy52 uexr436 xbpts9j
Node 2: 5ura8ad gx9hphx wa4i7vo xbo5a92 yfb08zz
Node 3: 4blmics dkjpjz7 lg64ufj pbf5kep t94sn87 xyoyuxn
Node 4: i69cz04
Node 5: jvds5j0
Node 6: mtk5m5w
Node 7: 4fw8jd4
Node 8: xwkkxch
Node 9: youhhwl
Node 10: 1u4x9tk
Node 11: uo637n0
Node 12: n1r4pxn
Node 13: ky6hly1
Node 14: 2vcpgor 4eb8rn3
Node 15: 4qaj26p
Node 16: vrbytyk x2ngdjm
Node 17: n4n0fg5
Node 18: pibjf0e uv13tl3
Node 19: o23ayeo ouhe1f6
Node 20: 9clgk2y
Node 21: 3wdnk9g
Node 22: w4lvtpt
Node 23: sgl4k83
Node 24: qig99o1
Node 25: il3nevb
Node 26: tpu74ng
Node 27: lshq8ny
Node 28: 89uc771
Node 29: 8auhghx
Node 30: kx76v6o
Node 31: oynkx2o
Node 32: 4h1qbe7 4tkzep9 qzn2r3p
Node 33: ppm9ir4
Node 34: 1eh2bbw
Node 35: bvbambh
Node 36: 5zw2aae
Node 37: qyfmwon
Node 38: 1kdeptx
Node 39: 1d05xkd
Node 40: xh28oy3
Node 41: zz26c5k
Node 42: b294626
Node 43: e9at2ik
Node 44: eye152h
Node 45: zopx94s

Node 0: nhlkci0
Node 1: 7ss1urg lbc5ctb
Node 2: 2vwdbpu 3av6ibh 7arjbhr c8j1t8k we61aq6
Node 3: 9uxgsdr oust3hg s2gh7mj u39949u
Node 4: 7cnt50v gff4yax ovrqltq qo460ga
Node 5: 7dl2q9g 8di03iw lg1jod5 s696ye9
Node 6: 6918hg6 r5jdq1i
Node 7: 09l9xfe y9akajh
Node 8: 9mgtqul jpmfjt6 ymt57i5
Node 9: 69p1oea
Node 10: a6zqnjy tdyiv60
Node 11: atkmymg bqkpe7i dsbsvzt
Node 12: 97paz96
Node 13: kwewdn4
Node 14: b9eqq17 ht8qdjj
Node 15: ig1kqk0
Node 16: 37mc5d8 bavzmxm
Node 17: sqay0se
Node 18: 5z1cpo2 d7r9lmd
Node 19: 6fcqzoa ixboyo4 m46fj3w
Node 20: 46bor2t
Node 21: cnaifhq cuyargr
Node 22: tyyxvem
Node 23: bit1xhw cdnxxih
Node 24: 7bx21sy qbje123
Node 25: cuq1rb0 hp0qdox
Node 26: fjatcrg
Node 27: le0812j
Node 28: a2lgoc1
Node 29: jutqd07
Node 30: ereaqlt

Node 0: 2zwtly9 ql2yn5t
Node 1: 1emykms f9x1fyv lsop039 mjp6vis
Node 2: 0j9p6ly 4awnwpg 9ct1oua cz4zbzk de02n16 dk22g31 m73q9dj q04uvq1 uziwerd v5rcvs4 yemtdfx
Node 3: 5e7iejv
Node 4: 9qin6g9 lphvt5n
Node 5: ccmo8m0
Node 6: b7w2lyz d0g43hc
Node 7: 5fkvqyi ayhnl28 bdv8q4o eyvxei5 pavyvq9 qobh2r2 s82cjge sr7cw6v
Node 8: 7jhwr4d
Node 9: 6bsnb1r 7jc4nxj 9reqgkz t1zd6ce
Node 10: e9e9shz
Node 11: fhxoa55 l5vp89s mk4w0dz xritiph
Node 12: hj40zx4
Node 13: 3xd9d7h 9gd2wuk aa7663h kbfcrnv wo039po
Node 14: izan07e
Node 15: n1ehox4
Node 16: 973v12x
Node 17: 4xrs0l3 adp06ok ggq25p1 leqk2m6 uatn0rp z3grkw3
Node 18: 87neicr u6czjwb
Node 19: 8vrgl6c q89ehqi
Node 20: mx04sij
Node 21: ez5ipe0
Node 22: 3a0928h 4dd4q6x
Node 23: anczj9q h6313gp llizw60
Node 24: hj3n7jk iefyiln
Node 25: qc90684
Node 26: zivkgwv
Node 27: xjj9wuy
Node 28: 5n1ug0g
Node 29: wnll23b
Node 30: ud4j6g0 un1mt3n
Node 31: 5v72vgt
Node 32: igux77l
Node 33: 2d5v6ws c7o2z5t jmvma8y jqt373q
Node 34: jtpunfb
Node 35: xefy7wl
Node 36: 2u6zgue bamtaq2 rljramu
Node 37: 0h9wdzj
Node 38: dftgjsi k5ou7fq xpzmufg
Node 39: bu6xbec
Node 40: 3c76cas j4fup51
Node 41: i6xtojq
Node 42: f4sjj42
Node 43: dgn3ekg
