Node 0: 4fq979n 6npidb6 cyxiu06 eix17bq huozkkz royewn5 t2n26uw y11nhbt ysg2jgo
Node 1: 79z6ixl dg54t5s iuwldpw
Node 2: 00zf50d h1xvju8 hpsw3fh iyu5jed nlxi158 s6dawfv zx2gbf8
Node 3: 2ovrjrl
Node 4: embbwp6 i74l4xu kjghw2p xzgb9vz
Node 5: kafjzwp
Node 6: qqt9d2e
Node 7: lneio2h
Node 8: 0mnizxb 984awla
Node 9: afmiyck k1dhb7r ukottnv
Node 10: bo2qekk
Node 11: 7h6q7xa enojl0p
Node 12: 3yvluei
Node 13: z4hch2i
Node 14: cuo63z5 kjyr4g7 kqo1scd rxoina3
Node 15: ogw7mbb
Node 16: 0jjrtxe 13ojcju vpnlcrm
Node 17: w23p68r
Node 18: 19ws7sw 56fmqq3
Node 19: wjlvdcc
Node 20: paatjjs
Node 21: mrbcdfi
Node 22: 9pcfd6k
Node 23: 3ci1ng3 437c2zd 7xpu3ie ek7bpwa lgv0vg2 m2s73jx m82yu6u npddzj9 occojrl q9d0rbj qxyzk8m tvwpjk2 y8qlmfn
Node 24: 4m0fuz2 mox0388 vmyq39w
Node 25: 291yt5m e9pmk2t em08lxn m8fqakr
Node 26: vu1w7od
Node 27: y9yjna7
Node 28: kfhr2ca
Node 29: 3exm690
Node 30: a58ou3l ncg3wtc
Node 31: 4pks551
Node 32: 78le2ox gd8umao
Node 33: 53cdm61
Node 34: urip62h
Node 35: zoatpvn
Node 36: kivun60 lovlilv
Node 37: aqv5vqt
Node 38: b9ak8co
Node 39: 8iebvic
Node 40: 1imwu5f
Node 41: 8ecwtas
Node 42: eap8ek7
Node 43: dw0cd75
Node 44: tzerbkw
Node 45: nemtviw
Node 46: qyyl2qr

Node 0: clvzpvt x03qe0q
Node 1: kg6l9dy
Node 2: 47m21dk
Node 3: 2q2g90r
Node 4: 8vtzplc mromtpg
Node 5: 2mmsgtp 3ey6g8i 3ptw4qu b2rni8h dqhns5z jc9hg9z r6rdnqk z7dkjew zs3e8w2
Node 6: dsc93b1
Node 7: 08xetcf 7ngji3l dszu6z5
Node 8: a6e8lps fws9aqh
Node 9: x2hcr4p
Node 10: gbkwk55 n7anqas puyhrfa rbsujl0
Node 11: 79ie1rm fke41sr vd9f58g
Node 12: f497gg5
Node 13: 5cgtuy8 cman107 my7cpry
Node 14: vqhf5x8
Node 15: q8pxe79
Node 16: j6ha8qv
Node 17: 3g1jjbx
Node 18: k1lpugm
Node 19: 16zucb7 mpoowmm ox711dn ri1dqxh
Node 20: fgf0dvx h2rxpkx hn2co2i z281yje
Node 21: 1nep8ui 24mkmae 3elhnv6 cecvlw0 pqtxdoh rqj9wvf umis3pu
Node 22: ay9bnzh c3hzbpm i0zglz6
Node 23: 5kivuh8 ia7jy39
Node 24: 812xjp4
Node 25: azdb4w3 t4uy4dg
Node 26: fuxrykh
Node 27: gxcg66w
Node 28: oxb98c5
Node 29: jxnt1xq
Node 30: rayno40 vh2dtla
Node 31: 270xat0
Node 32: 3rzm50n bkc8o5l
Node 33: afey770
Node 34: xsk83rj
Node 35: xz22qra
Node 36: wzejuik y6tf0a0
Node 37: ktcinnt
Node 38: j01f10s
Node 39: 6ewwh9a
Node 40: 3dzfrjy ezrbny5 nno7qfi
Node 41: 4c1az4w
Node 42: ysz96ej
Node 43: vs7ssoi
Node 44: wa79922

Node 0: 1sidr99
Node 1: 5l9nwxo crl7zyl
Node 2: cux00e2 fll68vq j78dv5b ldxn3u6 v498c68
Node 3: cb0lzj1 trm9bzs
Node 4: uum1o9c ydmv2yy zr1qze1
Node 5: 6osyuft lc5oq5a
Node 6: cggw851
Node 7: 2blk3zr 5bhhqtk fld8f8e ge7dr9r nrpghtk w6245mv zj34186
Node 8: cffbuck
Node 9: ynk8t92
Node 10: 47o4ox6 kji2u2y rdfskgs
Node 11: ey11sn6
Node 12: 4cwhmyg
Node 13: efbbc8i
Node 14:
Node 15: xb507y2 y1lreyk
Node 16: 7s6shn5 miq6uj0
Node 17: 54hv2oe kyncqzu
Node 18: qis6avs xw76mae
Node 19: 2g5r0sw 6qntqkg
Node 20: 2baawuu
Node 21: quo74t7
Node 22:
Node 23: zgal4lc
Node 24: i1aboc7
Node 25: 5r7rp2n

Node 0: 6vco4ty 7d0ftrq 8cxmwiz amfgsgd qj42bhb t4fopjh ugs86a3 w2o6898 xih98lg
Node 1: cyghj7y nxpi7y6 tq2jpk6
Node 2: 5fkqj7o h24ouaj irtd5lw ukxhgz6 xcpha6s xj5ddwh
Node 3: 1dr47fh
Node 4: gyfbaaj qhl9v1e
Node 5: 06e4kbc 2bz221b 6xj0htt eq5lqgu
Node 6: 83kywkd 8brjjun g5yfhso my40xyx
Node 7: mehsg6u
Node 8: ujv23pu
Node 9: fcqm4v1 i2trteb
Node 10: 482p8ni jxt63qx st34sq4
Node 11: uzyvh5x
Node 12: 4cxt1if arduk1n
Node 13: 5o28htr nt8wj81 ua14fze
Node 14: eivuh9y
Node 15: rdgrvoo
Node 16: x0u7loi
Node 17: 5jtbgc0
Node 18: a5x4wtd hnghd71
Node 19: 86h0it1
Node 20: p96m245
Node 21: m3zbjg5
Node 22: 4rvpk7n dv5umfv
Node 23: ljppjbg
Node 24: rvkypgz
Node 25: r1o36ev rzbu7jk
Node 26: 9upy2bs nra33kf
Node 27: o0b290i
Node 28: awqg1tn
Node 29: hjitlcm
Node 30: 2873lcs
Node 31: ahabb1q
Node 32: 3wzrt9u yw0809h
Node 33: tygqxh1
Node 34: t7iy6kc
Node 35: 3y7uobu
Node 36: u7k4ul7

Node 0: 1ai8r5r 32lzuhi 6oeo24j 8vbu9xz 92dezbj 9l7qhdy b1qopu1 clu44f4 cqipckn crwaobo oxxo3hc pgirkwl
Node 1: b65b0mh
Node 2: 27j740f 4kypczz 7aor4z8 avjarcw jgebs9n jp8zjyh nvck7wi s1u3l52 yvu1rax yzzs4w2
Node 3: eizgj6i lccnusb q7pu93h ra4rif1
Node 4: uuifuvv uwszv2e
Node 5: 5vbpyl8
Node 6: u1768hu u9b4cia w4s99fk x2ma18o
Node 7: hksaz8z
Node 8: baxz1pa
Node 9: k0te3rs
Node 10: tr7jf42
Node 11: 2a3exp4 6iwg0cu tplvvmh
Node 12: 7svcmwh h4caouh rp8y84h tx2y0l1 vufo2rd
Node 13: 2jvl1q6
Node 14: 5pzzgn6 fh2wsw3 gyz7rf0 mrleva7 shxn372 zltuw83
Node 15: jkdxg5h
Node 16: fwxg1km livpdha
Node 17: 2nhkdbb
Node 18: tjv1ws6
Node 19: l1kjjwe
Node 20: ytg8gv0
Node 21: tfhpdfr
Node 22: 3rvhib7
Node 23: 38eewrc 5b7itek dd8rxxz g3isjxp
Node 24: 5q4gutd n0knfe8
Node 25: hce9r63
Node 26: 59wliy3
Node 27: 90h243o
Node 28: 77lp81u
Node 29: l0u50mr
Node 30: 2fjply4 6wpl7iw
Node 31: 1d3o27f
Node 32: os1it81
Node 33: 9394i8g pcu9y3x sjipal3
Node 34: axb5isy qe4i662
Node 35: h4n2nu9
Node 36: k6a3426
Node 37: rde1hu0
Node 38: xy5f5vb
Node 39: 3ruv7ao
Node 40: zqhsr60
Node 41: itzp2z2
Node 42: couqu23
Node 43: 339sy4x
Node 44: czh7y6s
Node 45: dfx7nb2 m92pqrg
Node 46: 12gvitk
Node 47: 0krtzat
Node 48: izwnucn
Node 49: erad27j
Node 50: bvvzy7l
Node 51: 7b0hzwz
Node 52: l3he3wn
Node 53: 9xr077v

Node 0: 358iwh9
Node 1: 4ger7pe b3l8tdc vympk1k
Node 2: 4r7yxs4
Node 3: fcolbfz g9w1fd6
Node 4: 0g4ot3f 1kiz6th 1qhxhoi 38ncv3u 5od06z3 6rz7qsi 8y5jb3j 9pbkdlh aysz6z0 dwvs1yf eipzaor f4fb9mf jxs1zbq q919wnu rgdenu6 uuhe3d5 yamr90k
Node 5: 4yehw73 85jjdxt m7l21q6 n0r9arl
Node 6: j0mysy7 nck21t4 t7r1z98
Node 7: 37b403h
Node 8: 1xfczpj eif60zn
Node 9: 6kbduev q3ilgpu xb7qvxo
Node 10: oqg4ual
Node 11: molax59
Node 12: z85ojgq
Node 13: iupaddf vth164c
Node 14: vh2xp7b
Node 15: feppp7c
Node 16: 7o3f0xt
Node 17:
Node 18: z3whtoq
Node 19: 7zin94c
Node 20: st93k6v
Node 21: sq0qs5g
Node 22: 8iozan1 giwpfug pxuxke8
Node 23: euvgzf8
Node 24: q61z0ad
Node 25: xbnk17h
Node 26: n99f94t
Node 27: js1tl5n
Node 28: 2eh50v0 i9znfay
Node 29: z5spceu
Node 30: 123gibo fbex4ka tsldigy
Node 31: a5fuqfg
Node 32: zkovbe5
Node 33: l1h1vj8
Node 34: 83peouv
Node 35: oxdaqjj
Node 36: klo9yff
Node 37: 1nbalbf
Node 38: gy2emrm
Node 39: 6ec78ne

Node 0: 10svgh8 341l88v 9pfczn1 kek53fz txucp4h u2sstis v8kpq3l
Node 1: 03hg90j 05119g5 589kzz0 7etsvi6 7quxf7s 86mb9jg 8q5m42x dbfrf8u frna3q9 jdpme86 soth49o
Node 2: 56ikzg9
Node 3: kwwaar1
Node 4: 9kqsyne bv8dbmn mf0tph4 pj0k8mb s0ufiy3
Node 5: ouysmgs q91lgs5
Node 6: 26fb7fb 2trnco7 8rpgzmp d9lzuve h77y0mj ii0lr4n lg5yavv ottano8 qz94dat sihu7h4
Node 7: 5xd7s9g 9ms9vtd xhfcm7a zg3p6xv
Node 8: 5ckyxzj 97h1n4i
Node 9: 3tdorjy 4zv78sj f4d5976 ff9se2q j3nymon tqed9od
Node 10: xjrrerd
Node 11: akw1y9i o1an8tq
Node 12: ez9ob2a wo2jafs
Node 13: 33adcsf
Node 14: 7y8u35w
Node 15: d0z8g5z
Node 16: 7eeine5 tsmi50l vynop5z
Node 17: olzww81
Node 18: sqeb7qi t9ixa2r
Node 19: lff67lp
Node 20: 3fskt2c
Node 21: 95deqyw
Node 22: s6na0bl
Node 23: d51bwh0
Node 24: egim0hk
Node 25: ldb5yx8
Node 26: zomv94a
Node 27: d0mc66s
Node 28: jsef3wg
Node 29: xm99o9p
Node 30: 2wavovy
Node 31: r1iv5ie

Node 0: ojcuqxv vvvkuq3
Node 1: v0el5ue yxct16w
Node 2: 6kegcq9 guuw4zj tres1mr
Node 3: o3h8dzg oyc4ej7
Node 4: 1hi7n5r 29xzv1x nhzc43a
Node 5: 220qu1h 4o5ra3l 6y9k2z7 751ojcs ak3bxhr brogya1 heu1uj4 hh0w7al i102i7l m2l91u7 n9hkbst oqb3gbp q2ookym thcui2x wfozi15
Node 6: 08xfsyk i0yyrl8
Node 7: vcr0tcd
Node 8: 6h4e8cm
Node 9: hr3xxag
Node 10: qgazep0
Node 11: jqbb05g
Node 12: y88f467
Node 13: qjicplq
Node 14: w7kqd48
Node 15: cg1h4iy
Node 16: 1yh4yw9
Node 17: xcaocw4
Node 18: b95otfm
Node 19: 4hd085b

Node 0: 4kwweoj pb0uj86 t22p61m x533str
Node 1: rcovi8w z9xn2gv
Node 2: 21wj0nh 2cpwlsa n6kdoeo
Node 3: 61oejo4 99nwf1c 9bwzsdp by55h9i hzerl4v l0x0rtd rge0us9 rjfykde wzbbdol
Node 4: be6snr7 sbzeuog
Node 5: 5l0bwal dml34gy p1ciarf w3iqk8f
Node 6: 2i3p3wh rbd6nyy
Node 7: 13gulnc
Node 8: fgka8ob
Node 9: 5nqy3u8 bw7otm6 jau0kqf vq29x7j
Node 10: rez7t4s
Node 11: 0hcd11n uv7k5vd
Node 12: gyuzhpy
Node 13: dz9totm
Node 14: 86imdn2
Node 15: m42fhz0 n4tta4u
Node 16: 9r60anu qwpunj0 x2evz4t
Node 17: 2y5lq0w
Node 18: 3kx0zg9
Node 19: rcwtw6d
Node 20: 5x6br2h
Node 21: poqu9w6 umiya1i
Node 22: kclpjam
Node 23: pf4hr6f
Node 24: 5xirdap
Node 25: n4hu6o8
Node 26: 5pr98an
Node 27:
Node 28: t0yjcj6
Node 29: p5kw6yy
Node 30: bg1ddji
Node 31:
Node 32: 07j4fel btlpje9
Node 33: qtdengb

Node 0: 8h49xoj fl81sb5
Node 1: ax4r4jq ex0nd8q m34zz5q
Node 2: c986u6h
Node 3: 4lfquin duqu43i lqx0jcg q3srvuz q9958cd
Node 4: 9kisxqv
Node 5: 84g63fa
Node 6: 0c9ntrf 68khnuw 9f3va64 cp3w7a5 iqodkon
Node 7: 0u5phv8
Node 8: gfnz04r i6j7cnm
Node 9: cga1kra nwolaq3 vjyno57
Node 10: 5hpenlk
Node 11:
Node 12: e69pjye wizywh6
Node 13: 7dsrfty
Node 14: 0606jy5 ryxl2da
Node 15: 985xl3p
Node 16: k2sq2x1
Node 17: byshtpj
Node 18: 5mtowm7

Node 0: 2y3xclv 5xhe6x1 7m45lm7 7sztqrv 8r06gsf 9ccw8lf awou805 bwp5e26 cqlo5tg cutbkun oxlzhze p3pmlrb rak39n2 sylzc8v wr0e2wo yjpz46a
Node 1: vcqk0z9
Node 2: mnxbyud
Node 3: 3xm48oo efkgsgg xaofomo
Node 4: dlqxzbg
Node 5: 5xccb93 8bsc8dh 9iz4fkx ith7m0x qp1x3z1
Node 6: 865ojqe
Node 7: 39oh4im td5hw9k
Node 8: b1jr0bh
Node 9: 12pusnq
Node 10: db2ptko
Node 11: qb4ppdb
Node 12: 1rh9oa3 3lnsb4o cpzu3h1 dd4i6sn mja8b4i owtwgub r5cisl0 s94svoz sdq8gcq szvc5wl
Node 13: 759mulw dh4qdmz
Node 14: nu0ge8b opgkqvi
Node 15: 5mzee12 hzhj4qu
Node 16: 4xe51p3
Node 17: sgieslq
Node 18: 5ixlnzg
Node 19: uei82sp
Node 20: 74uvmt6
Node 21: k5is9fr
Node 22: 276kjj0
Node 23: 8kgvxnd
Node 24: xuum3su
Node 25: 0iy2taw ou8f229
Node 26: 2g7skd4
Node 27: hb4r7kv
Node 28: f77rc0h
Node 29: i0nl0b2

Node 0: 6rsjuic d00ddy2 exczcd3 jia04s8 ycldsk6
Node 1: 1z6bpqj eskgwhf
Node 2: kbo7t8w lyfwuv6 u643dmx zen3tib
Node 3: aa6p0s2
Node 4: 62snh9f ku5db9x
Node 5: 6i6ab7z 9hwaljh
Node 6: 93dh2pn
Node 7: 4mmb27l c1s0rou
Node 8: 5pb6m7q 6crax13 xurvnbl
Node 9: 6bygm2c 9kd92q6 imj5f15 j59m40e k6y3iq8 klnmvf1 vi271lt vnt2n48
Node 10: gtl90qh n75q205
Node 11: 16gjh0b
Node 12: 14yj58k
Node 13: gn4vnef
Node 14: j4omd6t
Node 15: h0vz151

Node 0: 2axzzu7 2zcagri 5asnyds 5xsl7ra zgnq18z
Node 1: 9av5nzl 9nngptz
Node 2: 1u8n3zj ni7sqye ue66h10 uyk90es
Node 3: 1oirozk 34s0r8y fuk76rq k477ua6 zy6i2w1
Node 4: cqnb2sh
Node 5: add5aap syst4vx u0qtzbw vdndw5q w8gdxzo wzsvz34
Node 6: 0payzr8 355cowy 7niopf1 kc34nbd xrsac29
Node 7: 6szstq7 hz1hzkb nh1njdi
Node 8: ve640h8
Node 9: v4uy9f5
Node 10: ybbu8sm
Node 11: 6d7buyg
Node 12: 07m6yml
Node 13: jzh16ju
Node 14: 1jsoe83 c1mnbhw
Node 15: whhqag7
Node 16:
Node 17: q4gth2a
Node 18: 0q7kwm7
Node 19: i8dr1go k6ne28b lidmqzn
Node 20: ln8ks5c opga255 vex9xk9
Node 21: qobn37j
Node 22: c1bsfkk
Node 23: 9wdu7pb
Node 24:

Node 0: t044wz0 z5th28s
Node 1: 73ursim
Node 2: doireca vcwhcf2
Node 3: ox8xsta
Node 4: dzmuh2q wh5u68h
Node 5: 4qeys3n
