Node 0: z7rhces
Node 1: 679qom7
Node 2: 1mfm8wy 5c65jvf
Node 3: 1k1tdnb
Node 4: nx4iisf vda78qz ysiyv5m
Node 5: wl561n5 yvxrv7t
Node 6: 55oo4we ai8pl4z wv6ql7v
Node 7: 4m3mphf yhqhz2f
Node 8: 6wttm5y 83xn00i h1phpmb jkdxe27
Node 9: 1risbkx is0ngmt p6oqno1 qcsql42 xo0fxv9
Node 10: 0tcijjd 5p6j8ml k84rzlb ok4gf7e
Node 11: 0z5jmjg
Node 12: e2e2t6f
Node 13: 8kot2p2 pn5zp0l
Node 14: atejy48
Node 15: 5x0kxhx
Node 16: 687r4sa
Node 17: 3185oom 5txp58x bl8ix38 fvybofx th0780y
Node 18: 3lsfrxv 4xteszb
Node 19: 0vgnvvm 6laxyr5
Node 20: 65dsjwk
Node 21: rm1utmm
Node 22: tbh8o4v
Node 23: 0l6cn4j ed8gjh3 i3m8aca
Node 24: zpmasj1
Node 25: 5kbwu52
Node 26: pwamwqy
Node 27: ncrr0wf
Node 28: 1y6rpe2 2e0yzun
Node 29: fo7q8ul
Node 30: s927prx
Node 31: dt3co9d
Node 32: wfaerrl
Node 33: xnodmmd

Node 0: 7gorpmv zjsvrbq
Node 1: 0ymqw35 n20vojv taucdf2
Node 2: 0w1f56h 52e64ep 91ynl8v fw27bgl gopy1zs o5h03yl x785npu
Node 3: 8i13x27 b0emw84
Node 4: y15b2tg
Node 5: zldmuse
Node 6: 6fyiaxc 7ybstqh c209ntf n6gunho
Node 7: vwxg83f
Node 8: 8lvknkb
Node 9: 2lcvff9 8hmtpe9 io225n3 uekecjb uwe9sw1
Node 10: 2hya0ap 4tx6hkv
Node 11: dfoqtg0 gqut9wn qcn34d0 tw5kxol z4vq6q8
Node 12: a9ni207 aziey7d jf8npli oa7hylj qt811lp sblad9k
Node 13: 6khs7ml
Node 14: fsi5ydu
Node 15: 3pusf0e
Node 16: dte07n8
Node 17: 650pl8d ny22c6p p82vzzo p8mmvgs sq7hzch vkwcu35
Node 18: 7bnje4c gri5l4p
Node 19: 8gm79b1 h2r0kxq t7np522
Node 20: aclgdpa
Node 21: 0wzb9of 7ouum9b ofw7rf3 tczq0yq
Node 22: l98yinn mst0i2d
Node 23: 9t1o8pd
Node 24: b8qjnjl
Node 25: yzq2189
Node 26: c21y7oh
Node 27: 1wjc7ui d1o795m ou2tzd5 psqojzq z5wr4u4
Node 28: mqme2f7 tee29f7
Node 29: njwlofs pb7fgw7
Node 30: idpzo8j mi3q15k y1d6ykb
Node 31: 30a8rou evj6tw4 nvjoa41
Node 32: nwb8mhy
Node 33: in3jrru n5ak9tn
Node 34: zghl7ir
Node 35: sz6s3f7 udfln0d
Node 36: 6livh09
Node 37: vfwgehm
Node 38: sytpixb
Node 39: h1mw0zm mk6m8t4
Node 40: eaq8zq4
Node 41: nwuu5ur
Node 42: s5paj6u
Node 43: nfter2d
Node 44: d4fh1ql
Node 45: vvc1yf9
Node 46: stsmvib
Node 47: 240jypp tnqap0r
Node 48: s21nana
Node 49: h0lel6e
Node 50: q0r6ait

Node 0: lbted6c trtnbh9 x90p0zl
Node 1: qzpcrwn
Node 2: 2r5fvbq 9d7yztm dv7nsxn mgz0z47 mlcuy1z nc4bjw5
Node 3: aegw6vp
Node 4: sgeu3ah wv9fv9n
Node 5: 2egvucu 2utl78l e7krwq2 kayyl1b tvermmh
Node 6: 0bhkqva szytct0
Node 7: hjtpm07 umv5rj3
Node 8: grpo1k4
Node 9: sk1qfmr
Node 10: jhd0etg
Node 11: fymr3zt
Node 12: oaqi1rw
Node 13: 41v4xfx
Node 14: 07ke82d zs7lrr6
Node 15:
Node 16: 12luvhx ya18lhm
Node 17: bmowo17 zw11x6z
Node 18: 8zyjntb
Node 19: zc6orvu
Node 20: fbyvuxy
Node 21: fjfcjus
Node 22: ne6hvsm
Node 23: kit3ae1
Node 24: n7520ea
Node 25: 2907fn6

Node 0: y6s96f2 yh2lonw
Node 1: ak2m14f dwe9fl0 eqo2q1k gcayiea ifepd3s ij91mqi jklyhhg jwe5nsz od6wzvz sqkd8c2 u9qw3cp xcatfv7
Node 2: 0y7k65s 1gprdim 5v6a4ci c5jycf2 dhym18t eg5rzjl kctvd5a mk81s1d oxf099e szttp2m tb6b77y tpymnfg ugr62mv wtrrcz2
Node 3: s3d2kjz
Node 4: a8gi2e2
Node 5: mfvvtcq
Node 6: t3op0i1
Node 7: aqtvqy7 xirgzu6
Node 8: aezo4z1 rzx301z
Node 9: t90m0l2
Node 10: 13c3ioc
Node 11: 3r05y9x
Node 12: gg5m1fx oru58l1 qv7aqpu w9bhy2v
Node 13: 3nzsy9f
Node 14: qfs0wct
Node 15: 3na110l
Node 16: 1unrexl
Node 17: tg10m6z
Node 18: ahm2u2v zywn1ij
Node 19: d45nm39
Node 20: px72v7h
Node 21: 98vasjh
Node 22: s4x8c0q
Node 23: v2u3wmd
Node 24: c6r861c
Node 25: cl5xno2
Node 26: to9wikl
Node 27: eu3llbn
Node 28: za515xj
Node 29: ne9q647
Node 30: lwdrhdp
Node 31: zwo4g22
Node 32: 6fl29pr
Node 33: h5pqrqs
Node 34: qbftjdq
Node 35: qf4or8g
Node 36: 2gyy4st

Node 0: 5f1feub
Node 1: qasvhhd t3ltj1j
Node 2: 11zovg1 72qhfba bn73bzv mut9der
Node 3: 5u21gte 90tq4vc eyz9wyo hgwblmu m1p2n76 se8ysts vf0v0jb
Node 4: 9z3z7ze ggq7im0 qrsmi6r
Node 5: chc9cx8
Node 6: l0pxyx0 n3jbiw4
Node 7: 3slohop bhkjvtl ixyhrag njmntu4
Node 8: 3xtmrsc 90p94iz irmr354 p2eg6qc wp93gzk
Node 9: 5fu60vz
Node 10: 2r5fnjr c4qu33z wnsxeb9
Node 11: g1xfeuw
Node 12: 2hfz9wj 9vuy1ug cgdu1v0 evwdo5l vmahpfm
Node 13: kxqx1f1 snxw2wy
Node 14: w1gyi0t
Node 15: 0aj8ezr 2g0ndlh cc93q5q ducycbo l2wzyj3 mec7sf9
Node 16: 4h4zw46 n8m3yhx
Node 17: iebq9dn
Node 18: dekqtuc
Node 19: rpvchuc
Node 20: pwvgojc w5md8ap
Node 21: oynpzgd
Node 22: e466bvn erhlku4 yjbyi62
Node 23: ep5ht4p
Node 24: a4tde42
Node 25: gv31gwf
Node 26: 9s8s2se dqnyi3p
Node 27: fw3h9oq
Node 28: aj3d9fy g9u4ur7 ik62ljj on3ewdq q4l4tqm wupckyz
Node 29: nwyhr0p
Node 30: 9ntcp2h cytfmdf
Node 31: 8f036jm
Node 32: 5danjp0
Node 33: i8kmqye
Node 34: q4615fd
Node 35: ptlfxbf
Node 36: 3qqngw7
Node 37: 3hxigz1
Node 38: qsdtcti
Node 39: 2mevosx 8dnurod
Node 40:
Node 41: 4er0f17 6rh0hlb
Node 42: p0fqdpt
Node 43: u7vx076

Node 0: s1g0mfh ucxq6dw xlyopzy
Node 1: ypywr1v
Node 2: l6gu2kz q6d2qca
Node 3: f7150u4 nj3bd3i
Node 4: 1hzrkuz
Node 5: 57whvk9
Node 6: t0fc9b6
Node 7:
Node 8: o0l9ypv
Node 9: 0yvpmm0

Node 0: 92w0yre ym5uryh
Node 1: bjw78o8 wg86q64
Node 2: imklv8a puhqtwe
Node 3: 1iwt6gf me2xjhs
Node 4: 481mmnp 80x40dj c33aa0j cb3e2l4 hezhnz0
Node 5: ezcn15w khv9d0u
Node 6: 7jecclt hwl4ad8
Node 7: bl1wr8l jztrmtc lwqowxy ztilxi6
Node 8: f3cuhi7
Node 9: c3idz1i rp9jv0t
Node 10: g8pqdp0
Node 11: 45njob2 amxn2r1
Node 12: 471k64q gde76c7
Node 13: 3q3dfwz k7uudi2
Node 14: 0mh1dry 7d2y5c5
Node 15: ik0gx4j
Node 16: ptj4lln
Node 17: 5fwr5e8 hne5hne
Node 18: 9p7od5p
Node 19: p85re24
Node 20: 0hz65xm
Node 21: 0wod7yz
Node 22: dontz51 i4an4a3
Node 23: s3ic1yo
Node 24: eh7yvtw h1tz534
Node 25: css4gcj
Node 26: ga4mqxv
Node 27: rh9m92k
Node 28: gav16yc
Node 29: nvr2hda oeyp0rl
Node 30: dqek3v0 dwco4mm gvkngfm
Node 31: knbvh9h q7l5npe
Node 32: j78flfz
Node 33: 89p4jg6 swyxt3u
Node 34: 7afl3mm
Node 35: 3rf69s7
Node 36: 48ms8e7
Node 37: c28bp30
Node 38: bxubn3c
Node 39: 2f52qr2 b2ujctp v3jrbhb wzcbfrc
Node 40: cit3h5u q667me6
Node 41: 85u7l0d
Node 42: 1sneui1 b1fgh7h
Node 43: n8q47z0
Node 44: i4jh2bi
Node 45: 7hfj3a8 9e0wwvx
Node 46: xxvk1i9
Node 47: la22l67
Node 48: 2dyzpg1
Node 49: r09cgwr
Node 50: pjo2qpd qph075b
Node 51: vnecebc
Node 52: nrd3nf7
Node 53: frld2wi
Node 54: 9a1095j
Node 55: zbl7ops
Node 56: 7x2wcuu
Node 57: em796v8
Node 58: ri1dncx

Node 0: 1hge7wf 5dk152k 8o3vwjp attii3a cg2h5tc jf7pz5m mo3p6q2 q8p4s6w slz35cu t5h2dtv tejo3p2 ybwt31v
Node 1: 0bgtsv0
Node 2: 8el1p1q la3q6ls ujbbedm
Node 3: 2oo5xl7 yj2g93q
Node 4: y0hkjnr
Node 5: 6g6gqaq jsjg97s y8fenle
Node 6: 0wnasv3 3zf8uo6 71g4yoa 7aoucv0 82g3c79 cflxunm dfint1h f7h24h1 st96s38 wh77nip xid00kw
Node 7: idc4wox ro7a7st
Node 8: uteodzx
Node 9: 1abj2g1
Node 10: 7gc50fv
Node 11: acv73cp
Node 12: jl9w2xj
Node 13: eghd1o6
Node 14: k99p3p6
Node 15: w6ctx8g
Node 16: mmu3p6a
Node 17: qn4vwx1
Node 18: hkl5utr
Node 19: j495s4n
Node 20: 391h3k3
Node 21: skq5bsy
Node 22: o3jqukv

Node 0: 6q3i7z8 cte8fsn j2mfjov
Node 1: choxf3o
Node 2: 90u7ior jaie48a
Node 3: 261d52i h7ais3d
Node 4: m3ncg5a y6yqvta
Node 5: dker8vm fdrmaxg mjd5a2l wjf5tk7
Node 6: 7x0zs5w zgdwz6q
Node 7: 0jegz7p
Node 8: ge5lf7k
Node 9: 9k4qp7u
Node 10: 03aq8t2 pxgyble
Node 11: 1fff9ll
Node 12: 9imm8ms 9t3g1dm culhp9n sojuq9y xpke7nr
Node 13: oicrt29
Node 14: zj9rguk
Node 15: ezr21ky hsw1cc1
Node 16:
Node 17: 8l4nidl ctfpoai rmndpw9 w31y0y5 zkp8c5c
Node 18: 2o8tqvk gtyv0sf ukiqzwa ws8awo5
Node 19: ei2tl4j k0dm0vc n95o6ie qrc7pyy
Node 20: hofvtpn
Node 21: hij5rkv
Node 22: atyrdwz
Node 23: 1xrsado 8a4yg51 oe0wqgz
Node 24: i5uw6gx une1z22
Node 25: xepljoh
Node 26: 9y9mbhu i0h095z zxmce9b
Node 27: v3uhdib
Node 28: ab64d0k eppmmjk
Node 29: 2j9mr9e 34ib1su ykcoz0k
Node 30: 8624m71
Node 31: 0vxc3xe i705y3c v53phvv
Node 32: 8cr73v7 bwclqp7 j388bt6 yo4pvzj
Node 33: dqnab70
Node 34: 5hx13wz 6r7l0wc b4b4ic8
Node 35: yfbgbl3
Node 36: 60xd5o7
Node 37:
Node 38: xbhtv6u

Node 0: 4rrmsqy 63nn29i dv6604h frtytqf g63zlko j2mddlc k1z8odx rph209m s00o5of uoou25i wdouf4h we94mit yqa718u
Node 1: 6a5pwx0 ds4jkfs vcvlxei xhoypmm xnvry6q
Node 2: b3w8i2v xq9zmiv
Node 3: xy1jifd
Node 4: x0a61bh
Node 5: 3blik5h yb98btl
Node 6: 8ig210i rimh47o
Node 7: 97y9fkm
Node 8: 2kkcpvv 3yp540a guv6xko
Node 9: mb4g6g8
Node 10: 659tp7d lb5laz0
Node 11: myh0sc7 vzeuvg8
Node 12: drfsrgd
Node 13: aj849ry
Node 14: 5w3pr5i 9ws2o9z illda1c xtugr9e
Node 15: d2mvnra prufwh0
Node 16: c7rqa6f
Node 17: 5vy82u2
Node 18: xvcnop8
Node 19: g21k79r
Node 20: pl54g17
Node 21: 270xn8g
Node 22: 20ng1lc 7xj72al cljilfc emtx514 fxuvxhx x1dmctw
Node 23: m1qkhcb
Node 24: 7hrcag5
Node 25: bkzl554
Node 26: g4enyri l7w5wzd
Node 27: fww8xt2
Node 28: alqdqa0
Node 29: p0qdesy
Node 30: d327fji
Node 31: kr0ffcp
Node 32: 4krauss
Node 33: duomkqv
Node 34: s2bfij4

Node 0: 72o144k 89a1bk6 cypvjg0 eigbvo9 f8xqqw4 ipfg853 o19g07i qf7a6sx wuv8zt5
Node 1: 7csdja2 dl0r18i eh9rafv f6c68d4 ka6k4m3 mt4xrbk mtj3ky9 ow2xclt svbxrgr tcb287w
Node 2: 2xkgrbv
Node 3: 6lyinwh waga03s
Node 4: gcc7cvq j636e4w o8bes7a opmodqz r0jauez
Node 5: 7cjnoac v5q65s9
Node 6: magylya
Node 7: 2bcully
Node 8: phnnaxn
Node 9: 0prc2r4 g9a3l5i z1e9cry
Node 10: c58nkxv rz3ovdd
Node 11: ptx4z2t
Node 12: 610iyvx pqtaz9c x5hb5sk
Node 13: 07ci2pm 3uexxdk p8if5ye t842g6j
Node 14: llt3o1x mlu3ri5
Node 15: hdoebty
Node 16: 0bulkb3 eid8mrz h6ol1ns kwx5qig vfp1srr
Node 17: 77b8ktr driwgll orts9t5
Node 18: g3ouysa ll41lt8 vqvl05x wa20hqa
Node 19: fznalxz nt2d0n6
Node 20: 8s9ibfe
Node 21: cp4ougq
Node 22: be9fyqh
Node 23: tjljehq wabejj7
Node 24: 85rn467 a0ynd8g ur1ga9y
Node 25: j8m9ck1 reimzy9
Node 26: weiu3sk
Node 27: sj9lk3k
Node 28: 5q6hxeg 6dlgy83 xicidfl
Node 29: 1vbhjxp izr8a0x
Node 30: gb1728i mtkq5op ymd01uu
Node 31: crf2nns zpr03nf
Node 32: fetl3g5
Node 33: 18kpukg gpb77n6 ie8puu2 luv2b9s
Node 34: kp5kc75
Node 35: kq8wxqy ms5wrwh
Node 36: xq0ffx8
Node 37: 0jobbze 5wcdptz
Node 38: hmsh0qd rophn61
Node 39: cwx3sjg
Node 40: 25huoz3 y2k54vx
Node 41: bhi8tqm
Node 42: abni3qq
Node 43: y6qauht
Node 44: 7yv3a9e
Node 45: fmk8o0h g4qiget
Node 46: drrpe2y
Node 47: o6n5p38
Node 48: 7t93wql
Node 49: jdpuojn
Node 50: 89vktng b2cr0vr
Node 51: 8njbr01
Node 52: xttmixf
Node 53: 3buq3an

Node 0: 1d29z65 82ijymo b7ozu0m hgvd78n l1z4l90 qoi9vkv s3lhtwq ucxgm6m uuy6et2
Node 1: c3tqtqe jgka9pk
Node 2: 3l1iloy 8vjvz0i gjphwn6 v7pshkn y4jv7bg yj9en20
Node 3: 3xt3a0e kldo4hw w8ojyer
Node 4: 3ez639v 7sd2dh1 9zcy8zu oxfxp19
Node 5: inhcrbi mlmgdn4 uyhe3ay yg6hmp3
Node 6: cv6z6sd czxhno1 msnrndx pec0rcq q9rs0to wmuvral
Node 7: 0jshzma
Node 8: bxtfqu2
Node 9: ox45ak9
Node 10: 2d2bwj9
Node 11: d86ds7z
Node 12: tk2pgpr
Node 13: 3zhlj1q 7kb90fu m05aaq3 ok6j6wr zv6pmq2
Node 14: fputg7j h0bbjfm
Node 15: 7d7b003
Node 16: 5ra9r1b ir29rvz xg2feoq
Node 17: 5x9433c
Node 18: 3k6we87
Node 19: f8acbuz
Node 20: 2z6pucr 4fxh3kq
Node 21: uloydv4
Node 22: mfymuxs
Node 23: em0jqve hnq72me
Node 24: mv9da4d
Node 25: 2sd8v3t
Node 26: bcwnz8s
Node 27: 6d7tc9p igcw1u1
Node 28: sv7nx8r
Node 29: 6lmmr4j
Node 30: zx2o7ei
Node 31: q85byad
Node 32: lhgds4f

Node 0: p4h7gir
Node 1: 1a3t7v7
Node 2: 0a1394r 2tdhnsm 79n9eic aeey2pe d1nfwdy rzx8jdp wze1rbt
Node 3: 7rrdm50
Node 4: 09kl348 275mirp o5b5yxt
Node 5: 4377u5s h34q9es
Node 6: 3qqtc7h 7muw3d2 nt7hfuf
Node 7: g7kq32i
Node 8: 3jv66sw
Node 9: 0ubq19b 505y0qj 7dfi9lo h7i3whj k4hxyj2 x1e4gtq
Node 10: df8ev2a
Node 11: aq3pm0h vaaznus
Node 12: uws10rm
Node 13: tmjafhx
Node 14: bdu41yj
Node 15: q0bt3l0

Node 0: d7vhapx dl9vp4j
Node 1: 2bzb2qn fn1m40m o7b9a0j
Node 2: jo6lira
Node 3: xf7tffn
Node 4: 4u0bvii 6i57n16 7zg6uh4 9x0zbk4 aayl18c avhzfer benfnc2 bta0x0p cui8kgg gvimjkw kurgxqf nylryza pnmqk4e qe9sapf ru74jls s7u80mq tkzxagu tqdfg62 z94thdl
Node 5: 2kiiwiq s73iib9
Node 6: 1f4e90p jejbrcb
Node 7: e03xsh5
Node 8: fhznden
Node 9: 0sehmzz fmrsfwa idk4bdv
Node 10: pbb6h6k
Node 11: 332upvv
Node 12: 46puu2t
Node 13: 73ovet6 f79kzib gpelbg9 jf2ofqi kau3zzm
Node 14: wvu3f30
Node 15: ivr9vmu
Node 16: d6i1zmw rwf20fw
Node 17: 66pxxps
Node 18: v19atbe
Node 19: 4smstsu
Node 20: obqiqp0
Node 21: mro6d4s q9uwat6
Node 22: nk5ejor
Node 23: o9uuvgx
Node 24: to0i2y8
Node 25: iihd22z
Node 26: bxpn787
Node 27: 9prggpb
Node 28: 0v8spt7 9j17y3l
Node 29: hy03ip6
Node 30: n21o5sx uf2x5wo
Node 31: kt7uts8
Node 32: kig2cfv zu1e1ex
Node 33: ubdui2u
Node 34: 6a4nx26
Node 35: qwf7hui
Node 36: d3n4eji
Node 37: 9gyrny8

Node 0: 0qtfrod 1qbbqo4 9lexplb 9m0zroz 9vixd56 f3tiay2 nfa5n4t nr9jzgz ueah4nz xbn9pt4 ypwaflc ytfsvs6
Node 1: 0tp0vcq e337u71
Node 2: h23rfsi jzm6dhq
Node 3: u1rsxej
Node 4: i7srw3l kjetaip
Node 5: rssiikm
Node 6: fumvj8f

Node 0: 02c5hp0 0y368l5 1b3bc1g 1ni9a4u 2f6xmgn 2okrszs 2q2chko 2shg42j 33bkhyz 42mflso 4ajc50p 4itjouf 4jug0dz 5yuxaya 6yzxrx3 9accqwb aar0687 amgs8jc b8yy8j8 cbm4tzt d0yl8uo eetqtbt gctwnwn gep41cn i6yq2oi jy8thvz kaqua19 kv0wl6j ljcyfgf mglf4q2 qowhxa4 rliphkh rnp2f6j vjgqaf9 wtg75g4 wyhbutc xt997s7 yfc0ek1
Node 1: b6sx9pn dio5j8f
Node 2: j7d9lry ucegq6n w6kxtkj y87hd99
Node 3: b0mhhk1 rr04hxi tzdblpc
Node 4: ddakdco vuh3wov
Node 5: 19gbont 2kd66xz cmz51ay p4790p6
Node 6: 0slsac2
Node 7: 3iv153l dcba6dz ojizt0l s0rhcvk xhnca55
Node 8: wpk5ypq
Node 9: kzfxkkp vllcms5
Node 10: 2dhk1w3 ek9f1o2 rp6l2p9
Node 11: wfqrl1b
Node 12: 5vlr094 6v5a3kz
Node 13: ex3625h
Node 14: xnosjjd
Node 15: 792ykif
Node 16: me0opav
Node 17: 7mtvf0c
Node 18: c2440y1
Node 19: beupyo3
Node 20: 9cfhhjh jrbvz0h riqnhs2
Node 21: gpsq534
Node 22: 1u37k0c 44hdem0
Node 23: cp3wm13 tnpxpvv
Node 24: wmubvpy
Node 25: u74mc93
Node 26: twk2ik5
Node 27: 0bdhv27
Node 28: i4aq1o6
Node 29: 4ikwy98 zrf924k
Node 30: qusp06q
Node 31: z9hvvru zk9oqf0
Node 32: grpzw0r v4t01qo
Node 33: gpr3n88 kp6ajxk
Node 34: 1q98nzi
Node 35: sxjig6t
Node 36: rtl5mr8
Node 37: 3d86rry pteofgw tx0fjgj
Node 38: gde0fff
Node 39: t3zpfbv
Node 40: e20ghif
Node 41: 1egqxy1 3h17if3 lmcgmf6
Node 42: sqp9gak
Node 43: a9am01q
Node 44: 7sn0wpf
Node 45: w3cza2w
Node 46: 5d1o8uy
Node 47: cyyqtxs
Node 48: zvfuh37
Node 49: z7ozxoj
Node 50: ihq1ok3
Node 51: grw4pyy
Node 52: bash4yr

Node 0: u8m807q
Node 1: dk7vawm jkoh643 skm54k5
Node 2: 5gi5i2n 5lc09vr gj1hapl j4dddwf t7qp57c tlhj6l5 ycae645
Node 3: 53xye4m jc5efkz zi0dlv4
Node 4: 0n4b9m3 4qwx298
Node 5: k99u26d
Node 6: 6gnpjnz oikyx45
Node 7:
Node 8: c1kgugj
Node 9: 2ulvdyn ucxup1y
Node 10: hhn4379 wc5fl12
Node 11: ikwc0ei yipnd69
Node 12: rvuyf5z

Node 0: 78d667q ury1krw
Node 1: 2jn2m1j 4jz762j 7l2o0br 9840b1g 9chwpus lchuxpi ugodcpc zjl9wii
Node 2: 0h34xbf 2a2ld4n 97zw5nj az46gzk bhzn62k c2ygdt5 crl6jvr ie2nxmv kgy3kld lc1p2iu nzaazkc qtcnmo5 wb3hq6j
Node 3: 1l8n0f6 4s6yf7h h8a58h0 hm3irpq qv5pdbo
Node 4: 4uyr8ue tel99u1
Node 5: 3qur9b6 ujvs9cw vyst46a
Node 6: 11rwj3o 3py3gff jd1wzyk ovs3css
Node 7: lcpoff5
Node 8: wz0if6b
Node 9: 28zxz2b ji0yv4g v0uxlg3
Node 10: jqs4vu6
Node 11: qyw9hld tphdf4g ugqfqdw
Node 12: r86h1qb
Node 13: 6275u8b axbji6g cberauo
Node 14: 367vii4 t56xciz
Node 15: 9x5h2c6 q5bkapl yifldwk
Node 16: 3rdc788 opba9ly tygsxqp
Node 17: 07uy0sj 3jl7q0r p04bd8d
Node 18: 91abyw0
Node 19: g7nio4x
Node 20: ygeoeu2
Node 21: hqnr42x
Node 22: nip5rw4
Node 23: i4fm0va
Node 24: 5vzlay3
Node 25: o4kepy4
Node 26: c2s01pb
Node 27: vjhjmry
Node 28: a3jri07 f06870v j59r94v
Node 29: ae89oq5
Node 30: 3jmyutm
Node 31: uz2nmtx
Node 32: 9rfxst8
Node 33: uwa2ti3
Node 34: b9swusj
Node 35: rhilf1i
Node 36: z9dw5t0
Node 37: grv1trt hq6pkrn
Node 38: hx5q46k
Node 39: 73xmq1t lvxazdb
Node 40: ad9jqxu
Node 41: 2dhziwq
Node 42: 97xd6nl
Node 43: 4hx6ph2
Node 44: wcqapc2
Node 45: 8g567uz
Node 46: 3z58ry0
Node 47:
Node 48: seq3t3c
Node 49: v2pq32g
Node 50: vrs5e7e
Node 51: aq4oafg

Node 0: au9ihst q2slwev
Node 1:

Node 0: 96s9uij 9kboy7l rlrmlyb sx5vke6 yk1u5jc
Node 1: 6t9w0ov d6dzpg3 yyrzydp
Node 2: 2ui4q6k 4xxr44t
Node 3: 3y9l9rs 4bqn2d7 pkkovg1 xobe2uz
Node 4: q1kgkyt
Node 5: bh4su6o rd1n4lo
Node 6: idjdjgx
Node 7: f09a4yp
Node 8: 004a8jb ff05uio
Node 9:
Node 10: 5djddv2 q89nt96
Node 11: 36oicjv
Node 12: ijaps1b

Node 0: x5sdvgx x7zh57z
Node 1: 0n5jktq 1kn6n3u 7i7bxr0 b4n9kxa
Node 2: 4ez8hor 9uzfcn0
Node 3: y7l6ssp
Node 4: 96vut8w
Node 5: 10ls9p8
Node 6: 7sp7znn
Node 7: zxyne1g
Node 8: e99p4d2 hcksc25 rjj4yoz
Node 9: th5pdem
Node 10: 547f1uc
Node 11: iee92gk r6z2tri
Node 12: 5kzqlb3 96lroh7
Node 13: i8qi04t
Node 14: ndg1z6g
Node 15: 9ockea8
Node 16: x7rjc1r

Node 0: cw5c6n4 it4dpf2 r11wjlo ugfv1in wi84q85 yfc15of
Node 1: 2dlez2f k9hl1ou
Node 2: id42akp

Node 0: 53fzblo n30q6e6
Node 1: 64rc12e
Node 2: w5bvbo6
Node 3: 5hrnok4 7xoxlw1 ji6hqtt kgi1dxo kqwz7eg pzxzgek qw39bbm rkqenib
Node 4: s7n75a8
Node 5: 2dbn48g 5mk98zf a1120gr ev6y1gh
Node 6: r1c213e
Node 7: 3rfl2uq
Node 8: smfr72f
Node 9: 1xy1kfc 7lskhw4 9gwjxjs fxza521 iqbbqlv j8192dd kau6tiq kj0b2ia n9e1j3p
Node 10: hp0ear6
Node 11: 0y0lobk 191d6f4 b0u98iq g5y4us9 nkfz4e7 wzrvbc8 xj2ocib y637n0x
Node 12: c8orj6q gvl364a vt9651s
Node 13: 539609u qad5q1e
Node 14: 95one42 cdtbabg e5oq717 mx7p37m secmahz
Node 15: wmh7u1k
Node 16: govapav
Node 17: 7yk5kgx h25ta1e
Node 18: 9qk6dys ul1ur6i
Node 19: 3vfg5ua 8jaxz5o
Node 20: ar8zn8d
Node 21: w0coha3 xn33h5u
Node 22: pd6yt08 s7yj9iy
Node 23: e1bnx7y e9h52st
Node 24: 0oxjvsi 5ume0s6 jgt20jp
Node 25: 44urcyy
Node 26: 901atnc c4btl2j
Node 27: 0mtna9o kp9fugm
Node 28: u61zu25
Node 29: 5s2peg9
Node 30: llfj6lw
Node 31: f2vn4yv
Node 32: 9bijomh x5oviat
Node 33: xximnsd
Node 34: vesy3zc
Node 35: 8nvelr9
Node 36: 69aro03
Node 37: cm77gx1
Node 38: 6axf2k1
Node 39: scr4hkh
Node 40: ct9dlx3
Node 41: 9jycwut
Node 42: 95aj70t

Node 0: 0axjrxv 2pnhkfn 52yysea 6q9js12 euv9zxb hbiduok hgrnsx0 ivfbqmn j3vpmfo uzkddzh yb0kbcw
Node 1: 6ym9og8
Node 2: kqdl82j
Node 3:
Node 4: 06yriu6 11lxd95 m1p0hz2
Node 5: sy1a625
Node 6: egbk1ek
Node 7: cr5yaec
Node 8: yh5e480
Node 9: 607b5nb q5o1v6o
Node 10: 7dy53cr dqvyubw kdc27tv run5wnu
Node 11: 6353xvc cx8uin5
Node 12: rie4wl7
Node 13: d8gjtcs nmfz53o vnnyy98 xucncc6 z56nogu zsm80rg
Node 14: tv42ah8 vpgk6pf
Node 15: lovwsic qtr984k
Node 16: 9riv829
Node 17: 5qluzka im4fjpm socvxev
Node 18: 77erq74 a0pkca7 g6vezz6
Node 19: p77nz8l
Node 20: ndh6if4
Node 21: rju7mj5
Node 22: jlw4tip
Node 23: js0ox00
Node 24: 6gsrz56
Node 25: wz0wdn4
Node 26: 6r1kca5

Node 0: 0fy0b5y
Node 1: e4t6zka h4yedcx xtdg7eb
Node 2: czpzmg7
Node 3: u6sdhzz

Node 0: f9r0l56 hf9viye hptlozo pcxjlrr yijau21
Node 1: 7wzcntw
Node 2: 7jphiiy c1jtoc5 qpapf49 vcyesbw
Node 3: 4vcwzvo
Node 4: 4z6alti
Node 5: v5vsl18

Node 0: 07ie81m 4tmbjly kfj6le2 rzmduu7 swgfmpr u7fypr7 x63nc4e
Node 1: 1aveil4 a18jrt7 bb2n6rm ej8mkkp ruj99ab
Node 2: qs0vhi4 qtsescz
Node 3: wwcw4ot
Node 4: 6xmclp4
Node 5: h3klsn0
Node 6: kumz7b0 qr1l3ds
Node 7: 2w5a0xb dexvt2c wygl35i
Node 8: ggf7hj9 myhk4ps
Node 9: 9nqg9x2 ajk7r2k cix447y ojdjyv2
Node 10: g4xrtjf
Node 11: vtxbvdb
Node 12: na0wtbk
Node 13: 8a4zq38 my0ntb3
Node 14: 27lo87x
Node 15: 0frg7r9 zy86tu7
Node 16: 21g2ee0 l7fnk62 v2pngh2
Node 17: r1l8w87 ske9t9k
Node 18: g0ik03t lb0sm7o
Node 19: szvvgjb
Node 20: hsrwld5
Node 21: hj7v003
Node 22: vsb9ywe
Node 23: mu9t4fm
Node 24: gzjhif7

Node 0: jzf5xzh
Node 1: 0t1f745 d7oh6qc
Node 2: 2f39f47 4sisxd2 65vnnf3 7a9sqc6 bj1aew3 ch2d5za cpcpddg
Node 3: 1cxyh5d scqntld
Node 4: 8kr038l 9j5g8gw
Node 5: pd8x0rq
Node 6: 47n4bg0 qrsy1k1
Node 7: 8bvlk08
Node 8: 0ktewgc icd2kh8 vp7qkj2
Node 9: ioacqh1
Node 10: 2y89w0k
Node 11: bm23m4g
Node 12: sn97yee
Node 13: dcndmie q1474ux
Node 14: 5l15evo 6imw30h u91fnzo vvka4do
Node 15: 4mqd22n 722sze3 cjfw3ye fg8leat lajxecq mxqdyhb
Node 16: guuod98
Node 17: qzhkidv
Node 18: ectygzr
Node 19: 2mafxvm
Node 20: z4iof3s
Node 21: 9vj6tkn tnlw0tq
Node 22: 6dwae3e jkm4vxb uyhwhz8 yhtmxju
Node 23: w0tpdfi
Node 24: my87l8d
Node 25: kvzi8en
Node 26: ys4egyw
Node 27: g35uo2s
Node 28: quue0eu
Node 29: jw1q9ez

Node 0: meyhkd0
Node 1: tn8o6v1 ud5ubwk
Node 2: 0cps1vp 976zmh5 c7x8z2b ebz6c1m wxrmqmo
Node 3: 7f1n7oz 9utpbqs efttpuf gy628z7 ia1fjrm j8qp51a je8xggy lfz7lrh lkhxzf6 wfode4b wzs2dyl
Node 4: gsw9kt7
Node 5: 1hgeb70 1vpik9e 2jlqdc7 9vkayyu d5aakhz jc1imgc mqta68o mv09yq9 nnoaz3v
Node 6: 0h7bys7 hb796o7 kk6e3yz lgju7wv
Node 7: ikhrov3 q65fmc3
Node 8: 4b8djvm elfgn6y p1wacyu usayt0u v7dealj
Node 9: juhkwa2
Node 10: uf431c3
Node 11: gb2ki4v sjdgaow ttbpzy7 uq0mtm5 yy7tagf
Node 12: jqayx91
Node 13: 4idizwx fwb3bdg
Node 14: owbkwe7 sexshfo
Node 15: 3yzyuob e5dhf22 ggqd9fj swy1ufk vklr9qa
Node 16: ij3eqe1
Node 17: duxg3k9
Node 18: 8gljy3w
Node 19: wf583da
Node 20: h5m8j91
Node 21: dek8mq1
Node 22: w7gc8gd
Node 23: hfafxi6
Node 24: wttnm37
Node 25: zgndjep
Node 26: cvcikl9
Node 27: hclczi4
Node 28: wcw0w62
Node 29: 2c1znux
Node 30: kxz07vc
Node 31: wcfq01u
Node 32: 7u4rg5i hkcbz9w
Node 33: 5406vpy
Node 34: jtjdti1
Node 35: 2flb3h1
Node 36: ryfk7cm

Node 0: 4x1sw05 5c8cpwi bbw1rjn cfb9d5n crr5bgp dzntv8o eb2ya3n gv4ie8u hc70be8 i0meh5c j9wwkk5 l27n9o9 lw9017u vxpxtdi wd1xwx4 wo2ksks xrne8pk yqli1hy zia039u
Node 1: 0grrqgm 0s73jgc mj2au5c r61rhxj ygt1he8 zwrtn26
Node 2: mgwhi4v
Node 3: 6xkugss z362org
Node 4: 88s2mhu ibh3cq0 nm9plyz qxiuigb zhdpf2s
Node 5: 324e7u1 hlbcese
Node 6: s0z4nar
Node 7: 7nvpuse x09hjwa
Node 8: eurjtlm fea70au
Node 9: 5lq7ik2 fjt03t1 mte589t nn03aq8 t8rtiof txnyh5y vmz7mco vyjl2u2
Node 10: 3mekit4 i749s6b
Node 11: a4y5lvo uwho5sk
Node 12: d6gjwrj
Node 13: ezz360t
Node 14: zmb3h9h
Node 15: 6ihpq5l 8mx3mff w34knq8
Node 16: 758eh9s
Node 17: 3kq7qcw
Node 18: 03m6q1g m13c3ur xxdqe63
Node 19: 8k0fb9r
Node 20: s5cn1ay
Node 21: 7n6uhqs 9za1osj z1dl84r
Node 22: a43jjf9 xpwn6eu
Node 23: gbu2txk
Node 24: 6cy3a41
Node 25: tw25a3p
Node 26: eo56ka0 ft3azkm
Node 27: 8krx6s7
Node 28: htalylc
Node 29: 7a81rcm
Node 30: aj2ueoc
Node 31: nii1wf0
Node 32: bicy3qt
Node 33: bup523x
Node 34: 80b4gdx
Node 35: j0zq3na
Node 36: f9s3i9w
Node 37: b1agrdi
Node 38: b648ez4
Node 39: vuq24sh
Node 40: rzzsc1v
Node 41: 0xb1zx5
Node 42: cpzkj6i
Node 43: q1d9o5x
Node 44: vu5uwoo
Node 45: u8ka66c

Node 0: 1f17sai 8qphmq0 cw1m7s4
Node 1: cowoc26 dw9gti0 s6jtd42
Node 2: fjhnlqq r0pwqk9
Node 3: dtg5gnd hv6ts5v n72kc4f sffj6oo yoe8ejg
Node 4: lwx2i0q
Node 5: tpbvrzd
Node 6: mlea22p v17zy8u
Node 7: 1z1wtc9 wnf551e
Node 8: wxiogdw
Node 9: 05kenye
Node 10: ikeovju
Node 11: 9hau4r5 uhkac6q
Node 12: wa2dpg4
Node 13: yu5hej2
Node 14: 3ze3618 8ak5lp2
Node 15: pqhn834
Node 16: 4g29b2t 9mkwn5d b0y0n6o ezjbw4v igyx0yx rtu2l90
Node 17: 9ghsz6q xopd465
Node 18: du2bk9q nkufmsu xifgytk
Node 19: a48b6si
Node 20: a483zyy
Node 21: cv1id88
Node 22: ipv4k5c
Node 23: 9iji8g7 p1xcv6m
Node 24: 2o4hj9j
Node 25: 6dopjux
Node 26: s7ekjlr
Node 27: rhm2e5t
Node 28: nlakeeq
Node 29: 9fltyif
Node 30: xw9l8js
Node 31: o16ckmp y41byxy
Node 32: 94g5bkm
Node 33: kkcavw6
Node 34: acvxcb7
Node 35: bmjqkeg
