Node 0: 5zlb6ph 6lbwvcq 6xhvo2s 9gn8xme czsegfu jagffhe kpz5pgs ksmvmta mdl5oea rhypii0 rlv5nvt viq6lrc w046j2z wajzee7 yircm9m ypfvcg9
Node 1: 0eob7rj 282tkw2 2dleyx9 3t8jjm5 4ihq7u4 4prwal7 4tbdgpc 8bgqj30 9r9f6nc beck3ob f8jiqbm h0g4smx hh93y3d jgvxh4v l0oj4ep ldu9k75 mh6hji4 nvkz7xs s5jfigl so60kr2 ubbueuj uzozm44 vtdn2f2 xbhew80 ybhkpid zpf89xx
Node 2: v44pvuw
Node 3: 1wjx10c 437ma6h 6acow0j 72wk6u2 7abmq6m as8rf6q g4bxrba ggumzic lboo1pu myjuv7o myylyoc nyrt54b oyhdmj5
Node 4: 8rj00ja jojb1po
Node 5: 5bibvj6 jko8rva noezpy7 ob5si5k u8puo4n
Node 6: c2hmhpa v8i1uw7 z06ag1y
Node 7: 5po9abu
Node 8: bhyje2a
Node 9: 1gsjvah wq60ruc
Node 10: wzgv9k7
Node 11: 0pltrxf
Node 12: xw44x1f
Node 13: 72ys8up whuq37s
Node 14: 6k5gmcx yka3cy2
Node 15: 9ut3ivy
Node 16: horpps3 oi45bno
Node 17: hfjlu2a p6v9no7 wbuburl
Node 18: 69odpnh
Node 19: 7o7ci4u 9agxwph bbkp031 mi9bv7b r6llfl7 u4t9ijr
Node 20: hfbi34j
Node 21: kcastz5 sjziqsy
Node 22: xykd4r0
Node 23: 8x8lgca tm78j1e
Node 24: hzfndm3
Node 25: 587ninv a3c4czr gbn2lvg
Node 26: iw7rfoc
Node 27: woz56cf
Node 28: utghjbt
Node 29: qov4f86
Node 30: 7kmghkz
Node 31: 41rwp85
Node 32: 85xjytv
Node 33: fn8s0ty
Node 34: z4cgiqn
Node 35: ib6x5hd
Node 36: do56ain
Node 37: 7f7orr5
Node 38: x28hjg1
Node 39: ycd08st
Node 40: aouyntf
Node 41: xganbp8
Node 42: hz3yx3i
Node 43: ql13aw3
Node 44: ycxt5zr
Node 45: vsgy202
Node 46: cko4srf

Node 0: 0loagso j8hvzkq
Node 1: yxyjp20
Node 2: 3u836f1 3yczltc 6n2yvlj vkjhios
Node 3: 7minoa9
Node 4: 7h5i775 ephzwgs up6edbj
Node 5: 2om3rv0 5emadcf
Node 6: 07k6qru da14mvu jbbal3v rhuy9ai
Node 7: wgif9wt ydkrkyq
Node 8: tygdgkf
Node 9: 96lvwxn
Node 10: 32f7rsm 7xxlv0a 8wd78yp frvnujm lshyxcx vhs22vf
Node 11: j40wvva
Node 12: 2yfqzry 5ndt8r2 6514q8g mzkceb0 pe6t0al vux5eo9
Node 13: couf123
Node 14: c8np6y2 lbztos7 ow4xy2v sqnhv70
Node 15: kg5cwzs
Node 16: m8igdih
Node 17: f7hlqar
Node 18: 03o6lq1 afd0m65 yob1lup
Node 19: 4gbqixk b0v3f8k nxuc3po pezl3fw
Node 20: zjuf3mq
Node 21: cqvylqs
Node 22: 5n3lzac
Node 23: w5bxrmk
Node 24: d0kw3in
Node 25: j85m8el
Node 26: winl3kn
Node 27: bbmnpn2 rkbwmth
Node 28: 0398i12 5ee5elg wk45ql3
Node 29: 7tn3t2w ps315fu
Node 30: 45xjhuz
Node 31: dum2bd0
Node 32: qmvsnqu
Node 33: 7vzhawx
Node 34: 7e731xs
Node 35: b18fxff
Node 36: cy85t0j tv4o7fq
Node 37: c5jgacz hyeddjj
Node 38: 2abqv1x 2tu4wxd 5gn14ko ltkmm67 mfw1f1f nefhlhn qpwy76p
Node 39: 9l7x3i4
Node 40: n863fkc
Node 41: 77knsni
Node 42: ajz3np2
Node 43: q91p1nq
Node 44: iobjirf
Node 45: nzwsko7
Node 46: b014xss
Node 47: fg66clf
Node 48: c9gzmvu
Node 49: u07abuv
Node 50: bwk1h5s
Node 51: bgfbogz
Node 52: yy1tpre
Node 53: mprqs9m
Node 54: 7gmbdoa qhewup9
Node 55: 4s6pkr2 fzdbuh5
Node 56: fulb09o
Node 57: 1d7qltq
Node 58: 7pkfwjv m845z55
Node 59: 662nrm0

Node 0: 36s6s03 50iqhpy w688z4a
Node 1: abm6skr
Node 2: nrfh04d
Node 3: 7trcfwn
Node 4: 2aq84iq
Node 5: 9wys9zd dlb2eea hk21zln w3tuqir xl8ta24
Node 6: 0nq1iys 38n1g0y 9ex1mo5
Node 7: g292nrm
Node 8: omzpkxd vz0iwaq
Node 9: 8xk1w2w
Node 10: k20h950
Node 11: qxnn4ne v0ulwwp
Node 12: fxhzrj9 ln2uy48 pfog6om
Node 13: lvjfng8 ni60kb4
Node 14: kpd7ooq
Node 15: 4edrnef
Node 16: mk61h5f
Node 17: v2gi5c8
Node 18: zxts7mw
Node 19: lqddmh3 n6kwi1w
Node 20: 5qch8pz ncgcalb
Node 21: 829f1rg
Node 22: 5uwfuyw
Node 23: lqvdz3p
Node 24: 739jshl
Node 25: 6u3g5tj
Node 26: 356y675
Node 27: rp9boyt
Node 28: iexh1nu oa746lf
Node 29: 0s0gamk

Node 0: jn9rmi6
Node 1: 3mr6fym 5qpp8em hke72g0 nvuplr6
Node 2: 2da1bvg hk1jyry
Node 3: 5srh3lz zs37hoh
Node 4: y9uq5gm
Node 5: 0k526oh ictsici
Node 6: 78m7q2z 9365iti ec39jp7 pc4xtr2
Node 7: l97aoiw
Node 8: 8xbr3s0
Node 9:
Node 10: 31zdrey ft62yvs oanu0qn
Node 11: ll72yql lwtvqb4
Node 12: 3ych069
Node 13: uhl9msp
Node 14: hj5ncae
Node 15: 4yo0s43 iy6zxed psbc1re qf111sh
Node 16: 12dnio6 cim5mtp
Node 17: 6n52lut
Node 18: cr4pbsd
Node 19: twfatlz
Node 20: qciquwl
Node 21: zjiabd9
Node 22: knkibfq
Node 23: vmb9u00

Node 0: 5ylfykn 7qphnr8 cyd4a1o dff19pa dnzmsmh kd8g7t1 mkqo05t rme4ysf
Node 1: 3803tbd
Node 2: m6figs7

Node 0: 3u3whnr n746vyn zea6uek
Node 1: iu28ccu
Node 2: umydsza
Node 3: jve1vta qchcd1v
Node 4: 1zbz06l 3y5ilj6 4yu1tmu 9a5ch98 eneq95g io8in62 lawno47 lphp9yf lvi07a3 m4b750u mksezl8 rbn3w2l ukk76r7 zehmm2j
Node 5: haptely snp37n9 uzu3icu
Node 6: i8gdits tq9w6ug
Node 7: 7eqv5kx esqbq0z mm8c66g nihsrbj p61969q qneelkt voxs6sq whu60ix
Node 8: cl7wkii fbomkqf nq70l9g
Node 9: cuhmv5u
Node 10: 737ttd7 fg0z6bq nfi2dh3 rlkd3oy sg55hxn txz8c3n
Node 11: bggumtm
Node 12: abd2tw4
Node 13: 6wrum9c
Node 14: 3otc02x
Node 15: gfw2vtv
Node 16: 3lc1bsr jrwe3dp n8pmvn6 rfab90x tlosoyz vx2m1q2
Node 17: dlefn0e htb5lfr nki6s4d
Node 18: f8pu65s j53zjuf
Node 19: hudsr6e
Node 20: cjooev2
Node 21: gbe1wom
Node 22: dxhvdl5
Node 23: hlkiita
Node 24: d4l7pz9 v7f1xku
Node 25: qh7vpgk
Node 26: c2xezr6 llzomsf
Node 27: c2s8x0b
Node 28: 6rt8jf3 emyt9nt
Node 29: dogayaj
Node 30: ysmpawv
Node 31: fs3dtet
Node 32: gpfomdz
Node 33: tqcrwrl
Node 34: vcm5wq1
Node 35:
Node 36: v9h1juk

Node 0: 7rldc2d
Node 1: 592h12j 6my1son gnoba3v qfa9gbp sd8rt4y ulejzhh wmxf55a
Node 2: 6j42c3x 9wcr6yr
Node 3: 10e71n5 elo4gwt gvww7xw rmh1xnq wk9b0cp
Node 4: amz3aj4 na7xrzh s5xe8dr t8nrupi
Node 5: ncfdfaw
Node 6: xfrnlbv
Node 7: vntc3e3
Node 8: 7hvsj73
Node 9: das6snu
Node 10: 8oo3e0e
Node 11: dzd4kmu
Node 12:
Node 13: o6p3rvc
Node 14: fo5jpg5
Node 15: jclrbpm
Node 16: 5ic9fym

Node 0: bq16c2h mc3byoo vobsn26
Node 1: 1sxfp9l fznis9c phbl152
Node 2: evo2514 fh5g838 ick3uam ndgxf8j
Node 3: n61i2pe oman7ul
Node 4: 5igdb5q 75qokh2 islu2br phd1v4q
Node 5: 8t08ax3 dqpf10j
Node 6: hoo69a6
Node 7: ayrhl4z ic0yfyz
Node 8: ro2kofe tsaqnol xkjfn5p xlmb2jq
Node 9: 3ni4sfc m0enr3p
Node 10: 764eu5v v7x1xrx x33yd1h xfvstyq
Node 11: hmurogz tnqf4nw
Node 12: 8y2kv8m 9h9o5ex t23qr01 wadhus8
Node 13: vt4j03o
Node 14: 3f2othl qtmc92o
Node 15: jf1go8q ktjh7a6 wvnnj6n
Node 16: dg2fblv
Node 17: wuyka2n
Node 18: liolh09 rfvszju
Node 19: 2sn9c4v
Node 20: mj7ufj4
Node 21: 2rysrwh
Node 22: 6sn7a3e
Node 23: ib3k0y1
Node 24: aat1ssp
Node 25:
Node 26: 5w2y51p bvhz0y6 yscsk8u
Node 27: 0nd1mpr
Node 28: 4dsl90q
Node 29: xo4vj4o
Node 30: dqm8pjb
Node 31: fn6isxw
Node 32: gys8ura
Node 33: m24ndpa o6myv0r
Node 34: 0rovpsz
Node 35: xk9jdom
Node 36: gjl7xmc
Node 37: 2fstcz4
Node 38: n0r8qef
Node 39: zodrn5r
Node 40: 0ofzy0b hjra8ih
Node 41: xyzdf78
Node 42: 6jt20ub
Node 43: bwirvh6
Node 44: mtb5oa5
Node 45: 9rv0ml3
Node 46: 9j2un2h
Node 47: e2608k6
Node 48: do1hu8a
Node 49: 65lfpll octcvfy
Node 50: z3ceskq

Node 0: a7fs336 zfqbbwf
Node 1: a6i6kej ajrgvkp dso6l84 dw1ou86 vdq6t2p w4rnwcg x6jw59i xnu5byi xp1tl9y
Node 2: k0tq4pg xy3wyj3
Node 3: 47rfiw2 4qowjcu ae8jauv b5vjqv3 c1iqanq n9minsz ookb722 pb7ummo xcws07o y8updci
Node 4: 3ol03rv
Node 5: dlfaqr9
Node 6: fsbgtje npeacvz o99l1dr p7assj6 ryflw8k v27ewxr
Node 7: 3t5edmg k4jy60o m2dfbj3 uuxfx6g
Node 8: thfhdgp
Node 9: bb4vh1y
Node 10: n53deim yiydw3s zzv10ue
Node 11: z5kpv9m
Node 12: 05y5sqz bj0j35d xxeexx8 zu8easw
Node 13: q252s1s
Node 14: ddnz49y
Node 15: gnpf8dv
Node 16: 0gvofws 7tsa54i dldkl79 dv264b5 is1jifb ud7ek6j
Node 17: 1341oka 9bsh8ky
Node 18: 1i5r97w rggff4z
Node 19: no32d0v stghbmm
Node 20: uybtgip
Node 21: ytnuoiu
Node 22: afxmveb l3dzdsx
Node 23: jwkyuxs
Node 24: itd1na2
Node 25: gigks3m
Node 26: 06fe7zr 1ppl5r2 ft7yl3y kuijpc4 m82watq mrvwspz v61mo5v
Node 27: 4bem48i
Node 28: dj00gor
Node 29: 3uw3vqw
Node 30: yjd61z0
Node 31: r40ek49
Node 32: k3wxyfh
Node 33: 6m82stz
Node 34: fv10nqp
Node 35: nsetxcz
Node 36: dv4v2h4 khhbp4w
Node 37: 0lbr0zr
Node 38: h2dv7kl
Node 39: rsc0ook
Node 40:
Node 41: 48zhzd9
Node 42: v8gwogl
Node 43: 8hzdw0m
Node 44: w6u1ars
Node 45: gumhsor
Node 46: jl5rswg
Node 47: 3c9p8de
Node 48: xos29t3
Node 49: 4fz3t2c
Node 50: n06onky v68pdpe
Node 51: g2ji2i3
Node 52: himyk7e
Node 53: 9h2kxxx

Node 0: 0hv0bkk nmp6p7q
Node 1: 4wes72v rxch5ej xzjzwkj
Node 2: rb2rb5k
Node 3: y5buj3o
Node 4: ueb9l8x
Node 5: lngsegq
Node 6: ma776q1
Node 7: f5ql9wq h4lle04 oyzhhgr
Node 8: ky8fno2 zkaudc0
Node 9: xulhgft
Node 10: xd8apee
Node 11: 45wo321 kfkhvq5
Node 12: ky7fstn
Node 13: 310yg3a 3jmemdc thb5spb
Node 14: 1gnewym 5q2x014 real3ug up4gaou v23mofm yuhdhu2
Node 15: y8dwt36
Node 16: 1oh5huy
Node 17: 8nly7dx
Node 18: 8armpae g87zca6 o7vfzvn x9b0qba
Node 19: k2717ms toc2wjp
Node 20: ctxmtuj
Node 21: diyrpvq
Node 22: aonngfy hrr70og mcboqcb y1np0s8
Node 23: zm5r4zz
Node 24: 18m2zpd ymuxorl
Node 25: jyrjtsi
Node 26: mw99bas

Node 0: 14k29yb 18y3npt 1uc9pho 67137eo icw0n3w l7eds6o sddfkq4 zkcgdmz
Node 1: 28wub9w epr4mzu yuev8f7
Node 2: t11dzqi
Node 3: 6ft83zm 8ledjs6 9fa8u28 nzqt1c5
Node 4: 3jlcijb 7pay2ou 97yaaf0 ec1v3ro sr0xx6x ss4vaqx yt7v1yy
Node 5: hns60yp w4fsvfg
Node 6: 4uveuys jpi2iao kvfzsuv u0qketb xbtx2zc
Node 7: gxufn04 jtuf0jj yiuagpc
Node 8: 5a6crrv da6oh55 e4lnoek e4wne33
Node 9: p5hvolw zyssjj9
Node 10: 62vaizw
Node 11: 40nxiut 52t4xd7 5yr7hq5 gak6a1y
Node 12: 3j3b629 6hd6wih ejfaj32
Node 13: ndkxngf p23sqfv wjdx26i
Node 14: t0w4t6b
Node 15: lhp8qf8 lj8f46e
Node 16: 7exzqgg
Node 17: 3ch8es2
Node 18: lhyactd
Node 19: cv7tpmc
Node 20: jjwd44e
Node 21: 4igbv9n
Node 22: qlw36am
Node 23: y09qei7
Node 24: f8hbpfr
Node 25: sdisplo
Node 26: 6wdy0bq fjbe8bi
Node 27: 247lnu3
Node 28: u1tvpbh
Node 29: amb4twf
Node 30: h8x297n pbzg1cp pi13qj3
Node 31: 8z8nzez 9d0sja7
Node 32: o9nx3hj
Node 33: rro7y2b
Node 34: 7uncte5
Node 35: ua5w0cb
Node 36: 4i9apd0
Node 37: k940klz

Node 0: ru2i6p3 xr3y9xd
Node 1: bxy7104 yq5qxsp zzpm5so
Node 2: 2li48cm 6k2dkgh gj1kwbx l7cfewx p27lp62 pxktaaq rbycaq9 y4tvjhf
Node 3: kxbszwt u1dncot
Node 4: 46spkgz 9eqdjqw bxqiw9t e9hlyky fvqsigu pnqgx8j xrqgpkb xtngwgu
Node 5: 2rw300p 8uckr9b n0i4l9z
Node 6: ppdeuep
Node 7: inh5g1p
Node 8: 3mm4loz eyudxgn pnhhvmj z2cp4sy
Node 9: 53ndkaz 5i2xmma fzcz4pk ygihd18
Node 10: mlf2aob
Node 11: bv62gk4
Node 12: 2waglce 7304fk2 j59x6ya wp7rlf0 xynpaz1
Node 13: nc3pi4a pfj1gfi sirthxj w9yl1m7
Node 14: otasfpf
Node 15: 0ekrt0z 3lw59u5 83w92h7 f5t5z2m h0pcmfb p5zh771 w9pczjr yjts6fb yxy5ynr
Node 16: p6ude5u
Node 17: g0jpji6
Node 18: 22zxwpq hjepnjk
Node 19: u26ygxp
Node 20: yn8iud0
Node 21: md82xz1
Node 22: 5hfuvyc qbhlttm uv1m6cp yxtgpl1
Node 23: kwp92vv
Node 24: 2fv7wu9 an3wl3r bn32kyx
Node 25: 5gugmar 792xana mu6lstt s5cev30 y3n32yp
Node 26: tcoxf6c
Node 27: 7pwe2ka
Node 28: 6gl0y9e e2zg3w0
Node 29: 6lfp6zv
Node 30: vilbe4p
Node 31: ez0eqpp xd3vkx0
Node 32: oul1xwg
Node 33: yz2uliq
Node 34: zv4ld4u
Node 35: r2xzzqm
Node 36: lnzwp9k
Node 37: 4218zr4
Node 38: lb2m4h3
Node 39: a2f77f6 ugzgjtp
Node 40: 97h5j7u
Node 41: 8rsdvsd
Node 42: i7f8hi9
Node 43: sca08lm
Node 44: c2wal70
Node 45: s78ndo7
Node 46: 2yqx14q
Node 47: p7rbmbz
Node 48: lh11tg7
Node 49: dde0kz2 r7awm5g rfo0azg
Node 50: xu7qfbe
Node 51: w55uost
Node 52: u1naepd xhokqjj
Node 53: odb3htq
Node 54: nf4z8ou
Node 55: 14vrwn5 5h8e0oh
Node 56: bkzyopg
Node 57: 0x9unt9 3rl5y1r jxq7djy
Node 58: jxlqo65
Node 59: bvapiu1
Node 60: 5m96law
Node 61: blcrcfc
Node 62: 7ej6p1j
Node 63:
Node 64: 677og98
Node 65: 43jb24a
Node 66: 6g65uuh
Node 67: giijo8g
Node 68: 1yxsgh7
Node 69: cg3c5j1
Node 70: qq2ty42
Node 71: o4hd5rh
Node 72: ry6fthk

Node 0: 1z45sqy cufhcm9
Node 1: dtmosyp ebbv8q2 mfxxavl n5m6ipu vex59n7 wuighmo
Node 2: 9iuz4mg cuugybl djibmo0 n7cbwdf
Node 3: 558mt97 hmmi6qi hpgauj3 p9cbzzb rp443yo urhvfxo
Node 4: 3oldqwd wnjrn3k
Node 5: fyf9uqv
Node 6: 1m1viem ajugn41 fhct0lk
Node 7: 9etkf18 fzs9keo wo5ysxc
Node 8: 5dst4tj caxs3qg s456eh4 sy03yi8
Node 9: 7qhiklq
Node 10: x749lae xrs4u5a
Node 11: ey0wbr2 mrizjfg
Node 12: r2qsp4c
Node 13: hna3d4f
Node 14: a0xda1z
Node 15: 69woepz
Node 16: w3dx409
Node 17:
Node 18: 0odeuap
Node 19: dsrywer

Node 0: r6sjub2
Node 1: 99qbepl hvng2aw jpsov4l krl0adm v3lcq60
Node 2: ev4xu0j ezlrnv1
Node 3: 8dipfsx hl3w9ul idpyqsg mmaockh mzlmv0l ok8br81
Node 4: 17sideu
Node 5: gq5lbk2 ohuyppo
Node 6: 6guwjtj mu9d0yo y7vf725
Node 7: xehx08p
Node 8: y8p7oec
Node 9: 2x13olo ntxelt4 os9w7j9 ui8ebnf
Node 10: 029wooj vuwpolf
Node 11: 9hvw1kj
Node 12: 7m0cp35 9imkdof ebeoac4 hlcwjfx qewsm6j qr9roxn rm2v3d0
Node 13: 5cztq2g 60lra93 f9afslh rou6fjw uq8icst
Node 14: 49k2pzg
Node 15: q3rmqdn
Node 16: wzwk3rd
Node 17: c9fz8j6
Node 18: ymheygt
Node 19: e5ee9xj vp0cp3p
Node 20: b5i4zhh
Node 21: on4e2gf
Node 22: 08uq9b8 8w91446
Node 23: 4e3p8t2
Node 24: 7va5dgp
Node 25: hs87onw

Node 0: cprk10t csw4oxg
Node 1: pki9dlj
Node 2: 174ze1j iskx065 oqzjqfq rcvcxrl
Node 3: 9u1yw32 lhx2s25 og3wdr5 tg71jvl wyw44a2 zgjjz0q
Node 4: dob8h1z
Node 5: cm6xljf pxvmzgp z1rp34e
Node 6: n9jjw18 w47c7nr
Node 7: 3hu32py e44kel8 et3q7it jdp3881 lxqj999 nzv9jsj rprntbd
Node 8: 7bqs2c0 9ml04nv j53o8ia
Node 9: n9m7db4 xmlgdd7
Node 10: msc3h11
Node 11: nv41rz8
Node 12: 6hydoyu 6qtwpk4 gbkmn8t gzi0qwi vvo1rbj
Node 13: dq2z46n lae3d84 pahh0ks
Node 14: hk1nkcx
Node 15: 3a7e1ix
Node 16:
Node 17: 2epdi76 bnsd2ha
Node 18: wqi2ldf
Node 19: mgdqa65
Node 20: oeqs0u4
Node 21: t3oxy4h
Node 22: g4du1nb
Node 23: 86hopsx pj66ntr
Node 24: m0p249c
Node 25: 221nnf0 asc4x8e e0dqhuu k8gmtpi rlbti90
Node 26: gcqissb o4zh0hv
Node 27: olwkblx
Node 28: u3524qn
Node 29: 1uyrh4s
Node 30: kby0rsp
Node 31: lggclbp
Node 32: s1moeeo
Node 33: 3n0gmef fm6tprp w09wjdo
Node 34: gr0p5xn
Node 35: kg3b870
Node 36: 1xrx0a8 l144pa8
Node 37: gwzwvc6
Node 38: nu9hlrf
Node 39: tsc0nef
Node 40: skehv3f
Node 41: qsytwke
Node 42: ja0duwq
Node 43: yy69oqo
Node 44: 5tsg58l
Node 45: 63vxqma
Node 46: 5ax1n3u

Node 0: 3v98eqw c5eoiax lpxng1d s157zkh u2oc9ff wz88hoh
Node 1: 0qz3xb3 5yhcn8u glpuywi hdkr2x3 mueync6 oi5bw93 q3g6wj6 r529huj utulddi vm3ju1c yir46rs
Node 2: 62zbo4s
Node 3: wenkzg8
Node 4: ec7bxus
Node 5: 7ycm9m8
Node 6: 75erto1 eqmx8ko r9tk1z5
Node 7: niszu8o
Node 8: 9q0kstb
Node 9:
Node 10: 4iesoaq 5kdd7ay
Node 11: gn12yj0
Node 12: 512loa1 cscnq01
Node 13: k1rc474
Node 14: fifr7jh t1g56i7 td6jv78
Node 15: 70m2pq6
Node 16: jka456n
Node 17: 71oc3tc
Node 18: 1kfyj6k 8vgujz3 ceg3cbr mpwpytn zotconr
Node 19: wc5kb7t
Node 20: snpfye0
Node 21: n93iif9
Node 22: allvllw
Node 23: 8fejcab uud636p
Node 24: 23l9dfb 25tj0td
Node 25: cpl8x5n
Node 26: 4c6sk7x fiof1jq
Node 27: 7cv6gn7 c8oguzf m13mmo3 plftlf2
Node 28: 93a1eil
Node 29: iuw236z
Node 30: hdwylg4 z2xpywb
Node 31: s2qhqns
Node 32: 899abpk uvnf42n wgsz4pz
Node 33: 4nhxo5a dwvs1jv
Node 34: kbyg604
Node 35: oe0vhnu q7f7jg1 t0k3ahm
Node 36: 0lrrnr5
Node 37: 4s1aik4
Node 38: ss2xd1x uiceimt
Node 39: vhvaln6 vuikz5g
Node 40: 0hk8kpl
Node 41: pwz7wfq
Node 42: mf3mjg6
Node 43: pkgt5b6
Node 44: ya235x1 z4i4ke4
Node 45: 2fo1j3i
Node 46: ot6z0nt
Node 47: hz1deau
Node 48: 6lbj9p6 isdshsv
Node 49: 82gcajh
Node 50: etmocbh s48v7x7
Node 51: wdxtwrv
Node 52: cjj94ep
Node 53: 1cfbad7 nhesi38
Node 54: l7icwgb

Node 0: 25tokma 386rxll 4jz3l8z 4m32drw 6snd16e 6xbr7jl aqtfg3o ggfdbc6 jwzoa0d s3yrevf s5rxm76 swq3tcx upb32j1 yhqjg91 ykvnxp7
Node 1: mauo26j sa4id56
Node 2: ce2qe3i
Node 3: hm6q1sg hndsgo5 yf9cgza ze5om4a
Node 4: 0fsco8i jjtupde ymocls9
Node 5: j26a808 q1pw3lj yj7xrrc
Node 6: 0zlsdlh
Node 7: y1cqwxn
Node 8: twzpgqq wqjq8ib
Node 9: 7g0n7n3 ndt4ouc
Node 10: x8invfo
Node 11: 7kce64v 9dop82p 9h4kigj af0t5dx bkggdb5 lt9pls8 ooze9bn u1imx2f
Node 12: zpl3s6m
Node 13: t7g1tlr
Node 14: ez1q2xu h57f2nz jvcnpll koxpvwk nhu994a nmmsrg3 ov6mhjm
Node 15: 2cp8pdy a9lxqd5 dhpb72w hiyv9f7
Node 16: tq0r35j
Node 17: dla8mvs dt7o73f ymlv1bl zrm0xe2
Node 18: b2z5tvw mjaf6bi
Node 19: 4u1vtk6 enmkasr
Node 20: 30i1izq ddltl4w og5nrpd
Node 21: 0325zfq
Node 22: 59zdb9e
Node 23: hkyjjtj
Node 24: 91hn110 kyiz6mk qbt48hk ryko20u vf2y9dy yj900zn
Node 25: 4xj062p
Node 26: 29gtgyk ls7j6th
Node 27: o8xuv89
Node 28: 974yotm
Node 29: rm1f6gr
Node 30: bvswn66
Node 31: hv5jep7
Node 32: 2pnikor
Node 33: 2vdcpa0
Node 34: a1iewdk
Node 35: tqyvowu
Node 36: eyw347q
Node 37: y85jeeb
Node 38: snsmxjp
Node 39: 0yxaoup thvcnlt
Node 40: 0r5oc9i 355cflj t3fpuzi
Node 41: rjz96nw
Node 42: 4d3vd4o
Node 43: 95jz0cz
Node 44: qjmbizf
Node 45: s7uwebf tauxva0
Node 46: ax48fl1 zvi34r6
Node 47: cfouljh ruqnh9v
Node 48: umqshsh
Node 49: rh5vb49

Node 0: 2wunjnf a7lznth c0qkggk ewfinu5 gjolrl8 gshzxl0 qaj5m04
Node 1: uq4pov5
Node 2: 5zthbme lp976pt wqt857x yqgywfz
Node 3: 0ac0qzi 1voe9ly 4oumjtl 54ohjsd bl1m1qp d9w7zy2 f2pmet2 ke24bve nkdw0y0
Node 4: 2hjblfa bgozmq8 l7wqh1l of12byg sf488rj
Node 5: 8hzix8w izjbri5
Node 6: aewas4k f1v4l5o fuvnqtr hljlvfo
Node 7: lsk2fre pppkzip
Node 8: uyfdv4w
Node 9: kcc8m74 xpe2tkm
Node 10: 39fyqru kw6bj3a qxds5og vqsg9o3
Node 11: 9vu23vc c3c3y2g e09mi4b fglux6h lajyvak shysflv
Node 12: qpxwz8q ue3t8tv
Node 13: o0q787g rw9q2ro
Node 14: 7cru37s ryx13sn
Node 15: 9apdc3u 9kk9q9b
Node 16: 7q4qq5s wpz9ntw
Node 17: 9kysxlp bxasm1u lre4a4c o4y3pm5 sf9ctwi u6yunc9 v9pq89p
Node 18: 3xj8z80 51xtf2y 7ggloki ch6g9pj dp0onjc vbqm99u
Node 19: q0g29a3
Node 20: arzwzci npefpkg
Node 21: 12q8nyp
Node 22: iary647
Node 23: 4zrfggq
Node 24: 27ss9oq
Node 25: 9tkcbf9 wc8i7li zlp9zpi zqwks8i
Node 26: 3nu1ooa 8ticm6y ac41atf af9jb3y judulbo lp0vktu pdvd06b
Node 27: hpy80wx
Node 28: 519ugwk tpuyy5w
Node 29: lcu6ma3
Node 30: oc2t412 ofuav3d
Node 31: iv7q2x5
Node 32: 9cj3ytt
Node 33: 3b5uina 5k8g0dl lmhmznt vp6umq7 xbpo0uo
Node 34: knoc6t9
Node 35: 0eu25bs
Node 36: 78rdc94
Node 37: uw410gz
Node 38: 1pdoygn
Node 39: 9ooyknq
Node 40: 158jqz2 drtn3zl owthtin oz2pcs7
Node 41: wvfralo
Node 42: vg7qhzk
Node 43: w33i79m
Node 44: 4b9fwsj
Node 45: fh8lg71
Node 46: 17go271
Node 47: 6jx0uqh
Node 48: 3tztqmv
Node 49: bxjgdx5
Node 50: jeuzb4m
Node 51: 0t52j81
Node 52: jv0e9j0
Node 53: 83mq65d
Node 54: 4520ruy
Node 55: jfdey3o
Node 56: ooh1is2
Node 57: fj5h7u8
Node 58: 8g7njkr

Node 0: 2n29pkj 6u8eqqg 6vd3zql 7ti87ty af12gfd ak5cmvw fanflj0 nu914qk pcduopz qb0hrcu ti0jut1 xme25sg
Node 1: 87r7qpc dv7yyzn nig4qoy pn9eia5 thir2vf
Node 2: 08s11wt 1d4tbz1 far1fpg gny4hvg gwdceg6 hzcxdo6 i3aqs1a mvjxc1e qelpy71 ynfkow7
Node 3: 31vb6c8 6qonp7g ftlqs6s t9dd2y7 zl4ewg4
Node 4: 7uygiup a33z79l n81cig5 zipi5p9
Node 5: 4lpr14k 8mqf7vr q5i1fnj
Node 6: ltp7ruq
Node 7: 0gd16c3 dz4enbg rtuss29
Node 8: v3g80d5
Node 9: bytt573 ubawe19 wixfope
Node 10: a7ro0ei
Node 11: trtfcwy
Node 12: 7qsg51o c1xvg83 px6udku tc9v2iq
Node 13: 882xrja nkfqo12
Node 14: 2mnu6mz 9u0k2ml
Node 15: 6f0nob0
Node 16: kkacwqx
Node 17: o7sugen
Node 18: 4uvwzz2 8j5uiaj kgvb9hw
Node 19: 90fjd63
Node 20: 1eb9j9l r93r95y
Node 21: 6ml3ocy nc7dgqw
Node 22: ju179ab p0s446d
Node 23: ipqjjxs s2m54hl
Node 24: 60u6sbi
Node 25: ieqljt3
Node 26: bqevvka
Node 27: f1ykxfr
Node 28: uwwv4j0
Node 29: 3wjval7
Node 30: 8gonz2e
Node 31: 6chn0yn
Node 32: js0coh0
Node 33: nz2bxij
Node 34: d70fqe6 u62jqs7
Node 35: 2lnqso4
Node 36: 4gh2gp8 j283upt
Node 37: 97787zj
Node 38:
Node 39: g5q7blt
Node 40: 73qd40j 9akx2qq
Node 41: a28d5yc
Node 42: 4t1x4ye 9hxhzvb hjr7g3s
Node 43: kz6wjmn wlhj7wp
Node 44: mnaviy0
Node 45: v4julao
Node 46: xawuh3s
Node 47: 3yqmzsz
Node 48: 79np46g soyht5z
Node 49: kzib1hz
Node 50: av5p1el
Node 51: g2df8lt
Node 52: vp3k4sb
Node 53: 8it0d67

Node 0: f1032v7 gvr25hq vlstx8l x2vtwc2 yk0y9wb
Node 1: 83wrc6f a3qenys m1b07lb mocpr3q z2oli2j
Node 2: a10wft0 pogeave
Node 3: 0hvtjy8
Node 4: 7wvej3b mfulam1 w4n19p3
Node 5: jhm5nwp q4q2nr0
Node 6: bwlwtbk ep6prxd ksv6yox ndaklub q98tqlu
Node 7: aaw34kp
Node 8: pi3xvni
Node 9: mrnldvk
Node 10: n5tlein
Node 11: msik88e
Node 12: ipmiqti
Node 13: 3800ks6

Node 0: 2u8trxu
Node 1: 6ccfrxf fa262if
Node 2: 97u6hy8 cm2ir21
Node 3: xusgei6 xwciu7y
Node 4:
Node 5: 2goxckw
Node 6: 4wzavwn
Node 7: avvczsb

Node 0: pyee9sy uwu29hi
Node 1: 4h4d7h1
Node 2:

Node 0: 566n7az 6lf84cp brangms bvvun21 e86hi8v gjso86x gmbcct5 i4b3x4a o86sp2d tepjfqj
Node 1: blyguju l56q2pb
Node 2: dikrh3u
Node 3: mmmk491
Node 4: 3xnuijw
Node 5: s8l20wz x9kgg5p
Node 6: w8k6azv
Node 7: 12h2nz5 esuqzlh lj9h85n x5vqvx4
Node 8: 0msvrxe gd2r30u xor73pu
Node 9: t0bpwbe
Node 10: ay6a46i uws9ia2
Node 11: c9bw9zz fk9w83i
Node 12: 0vegp4g
Node 13: xjlzgn8
Node 14: 5ca35dk 5jwr38o zagj1hp
Node 15: 4e0sgjx
Node 16: jauhy80 skk6ve6
Node 17: m3l79y1 m9eijzt
Node 18: d3dgmis mzbe7gw vr33ob1
Node 19: cmgynds
Node 20: bby2pfk
Node 21: p1joq09

Node 0: 8saecbe
Node 1: jqucd68 tbgib4c
Node 2: 0759pdn onih75e ukgpo3l vo1n7iy x5diz8o
Node 3: 76op617 plxlu3z
Node 4: agiz7pg
Node 5: rs0n03x
Node 6: 630rn0f ce82di6
Node 7: 3dp8o1t kxjgn7c mo22sly ypctqy0
Node 8: lohf6d9 qitulas s7ygak8 v2btfiu
Node 9: 7yij75p icr36hh ktzzo3c
Node 10: iueyqlh
Node 11: ap6uign wwvpy2w
Node 12: 10clbeq 6enxyqb 720k0ki 81vm59x b8h55ln fcosppt fsa04c6 hs8bryn iplqtm8 ju7id9r o2ilewc t7maxvl
Node 13: myihgqm uao5n99
Node 14: 0nur4w0
Node 15: 1ea4ybw 68xzh7g f6gyraf isdepi9 q5fxnqe rq724v7 t6s7gk3 tlr74pv v21h5mh
Node 16: 53yty6f giofp8c klbokrb
Node 17: dyhoars
Node 18: 9vsm51j
Node 19: 8ut83xu
Node 20: qxiqtbx
Node 21: 3u9m3qs fwf8n04 j4spv6d j84d6tm weqyblp yfq3k02
Node 22: q2tx6un
Node 23: 069uf9y
Node 24: 56xsu2x
Node 25: vjyaxng xpmite1
Node 26: inwli07
Node 27: xut6ncw
Node 28: k52jfqz
Node 29: bqqmdlo ffj5rl4
Node 30: yepu1e5
Node 31: 8lsaq0b
Node 32: norafkw
Node 33: i6wo465
Node 34: u1lew9i
Node 35: b2596tq
Node 36: dcs6j4d
Node 37: z6fii99

Node 0: bxcofqr o8582tv psqld1x
Node 1: 32h0u28 4do4jee 8gohzfl lgidecj mwrqmb0 w9w83ij xdt41od yn1zxln
Node 2: 1u2mjhg 6kwisme beyt6lk f8jiwyt spav642 uyk47sk v1t4kjx
Node 3: h4arcok
Node 4: ybn09ul
Node 5: wg8lxju
Node 6: qgq2wrt
Node 7: akew4b4
Node 8: 9j1ynj3 c3c605t fv6tdw5 i13zjmp kblr878 p4osjxf yf981y7
Node 9: 484h2xl coh569v
Node 10: yjcgs8t
Node 11: 3n7uc58
Node 12: glle36g vkfhof5 xtqm4s5 zo9js52
Node 13: n9h69tk x94x0fl
Node 14: dnrayu9
Node 15: y2i6tj3
Node 16: blqffxm
Node 17: 2n4o35j 4y3kj0b 6vk5bvy axz8brb dre0oga
Node 18: y8ifru2
Node 19: cvi6s08 oumo2ey
Node 20: yjjiirc
Node 21: ltfrivm
Node 22: 3yip8x0 uoc6k7l
Node 23: uh3fq39
Node 24: mgn1krh
Node 25: haxxurw
Node 26: 9joydh7 h4iwiya hp5cbwf
Node 27: tv2uq55 uzrngml
Node 28: 5cm28dl 8a07qpv a51dwhf yw2ly67
Node 29: ru89a07
Node 30: loi8bzc sz8h81u ufyf5ej
Node 31: xhbsail
Node 32: fw4p8nj hvmgpc5 rg1sbv8
Node 33: baafei8
Node 34: sx0mc7o
Node 35: xwj0djk
Node 36: ynxhw9j
Node 37: zi3c497
Node 38: ip9h0cm
Node 39: d69k7th
Node 40: dny8vgb
Node 41: sjy6mlv
Node 42: pv20eup
Node 43: g9mzofu
Node 44: uvqe5zv
Node 45: rc3ej2g
Node 46: 1a7a4xw 5tn5u9y
Node 47: hs0qf64
Node 48: g7895n3
Node 49: 72adbw9
Node 50: 3frhtlk

Node 0: 4d1kxbb
Node 1: 34721yf 5aihqtk 7bf0f75 9jwe2bt sj4ffia
Node 2: 2hna8wn xjtd4kh
Node 3: 69w460q
Node 4: pbndd3k
Node 5: 7v2m3th
Node 6: qqykbfr
Node 7: 55bdn6u 5xbtm4z 8q3r30w
Node 8: dge8rtd mft66zk
Node 9: fq1b7c6
Node 10: 5jynoi1
Node 11: 3wjjujj t2otitp
Node 12: 6xujvs6
Node 13: 6e1exmt 6hi7980 myi1gph r2eq7j7
Node 14: fx35ng2
Node 15: 1tzrifl
Node 16: rofb0h5
Node 17: 3gt48eo
Node 18: g72j1rr
Node 19: 4zl2077
Node 20:
Node 21: 2j2cnaq
Node 22: ofjc9cc
Node 23: 6sqtxe0
Node 24: yvb9e7x
Node 25: z1p125o

Node 0: 2eyvcjp tx2p6h5 uxkd0jh
Node 1: 0ilzbu3 6yyawrr
Node 2: 674g1qu olm7uh4 syqxoiv zlq7jpn
Node 3: hml63nv
Node 4: 7aq74yi 7cdkrex 9b80uyn ds6ipc1 gafszl9 suwx1kn t502g6e tvv4p4l
Node 5: 3qmmibt 5he9ofi 9hbkrs6 n1uqgea sqoa2uf vexwbnw wx1m8g3 yghqkw0
Node 6: osbrwuz
Node 7: j64c2sd phgu89n u4fww0s xi3tbo9
Node 8: 3zx46g8 vug7t0q
Node 9: 9z7bj1n
Node 10: 1grkkzr n0zuqlc tdzwkpn
Node 11: jwjdtww
Node 12: 8z6b3o1 as4oknb zhp981v
Node 13: lgnl08w qehhaz0
Node 14: ewuftlt qc6aru1
Node 15: 7sue82j cmbwh4t cw9502l f4aunxy gxpg1ns tfo26rv
Node 16: 65fsaao kl7go20
Node 17: 9z6qvws
Node 18: 2u351ml kpy2fca mvckauu r6o027u
Node 19: zm6vn85
Node 20: 44rzjbx
Node 21: 685pyay
Node 22: g4sqn8f zm1mbbh
Node 23: ndakflj zqvzgip
Node 24: 92thfld
Node 25: ivsh16s jwpt9zb pszivme
Node 26: 07rgeem
Node 27: d4ickdv
Node 28: 37bmy69
Node 29: bvgu4xk
Node 30: zmrvl1g
Node 31: h5gri5n
Node 32: fs38pic
Node 33: 2x8hvst
Node 34: ntdqahk
Node 35: 3m9txim
Node 36: v6ogwla
Node 37: 9bezzri
Node 38: inughqu
Node 39: 4vva8ms k21ryjj yrlbgzl
Node 40: v1xk5gy
Node 41: 0nfrzgj
Node 42: znutjrx
Node 43: c0n130d
Node 44: y8uu2da
Node 45: 924ok1r
Node 46: oqh7d3i
Node 47: sfrgzli

Node 0: vu2wjms
Node 1: 5e7ohav 5wzetz9 e6yra4e x2pi4ye
Node 2: g0m1bzf m6ejxva
Node 3: 11r9ts4 2046uim 3swzwbn 4ku9e1g 56kv2qu 5lqyvo0 6byge1q 7h1c165 dpocddk dvdsbyv en8m4f3 eu8m8ck fx0jfeo g5c6fv9 gdyvkn9 i1m5qsl inrfq3e lvmw7l8 prjr86n qfcep4c qozbxdt rcelbjm tftguvt u6td4wh vwag66f ysflc2r znx63jp znymkf4
Node 4: 5ks8qht
Node 5: 13d67qj 2jibzaq 6ax7f8s onyy7v1 teaf6fi uytuxy6 v2ohqp9 wxupzp1
Node 6: 6sza1zh 9v3q4yq d7mp4qr nr75bek
Node 7: 46hb6fs e5ls7d4 kv1jf88 o4ddgr7 on1te13 u2brkhy
Node 8: o54leqn pb0gu8d t5kjowa
Node 9: ety256x
Node 10: 2tesg2z fpcruov ma0pnah x45zgd0
Node 11: c7jnb9j jt9yh8v qvgo71i
Node 12: uaqbgn0
Node 13: xuoxlne
Node 14: 89rva9p
Node 15: amdy1jo
Node 16: cf1jzif zpoq3zg zyuqnbx
Node 17: 3wueo42
Node 18: 3hqyvb7 84bvzh8
Node 19: oc7cnww
Node 20: bpb35qp w4brzw9
Node 21: axo6czy
Node 22: n23ug7z pbttlec r4d6kfb
Node 23: frn3cxq
Node 24: x6fa90x
Node 25: prh3wt6 qrhxsi0 yf9x3bp
Node 26: egcr6uo
Node 27: fxpr3dx
Node 28: nk48jd8 oep9yvg rsb638i
Node 29: e0askqg
Node 30: ati9ese
Node 31: ylnlsoo
Node 32: fod5r4d p4q7k1g
Node 33: 097s9mp
Node 34: c3rxi66
Node 35: p2gvhlz
Node 36: ovmv5g7 q3mprlj xp6uge1
Node 37: z990dzj
Node 38: 0x3fm3q
Node 39: o133l8m
Node 40: y83ytva
Node 41: kvgzd68
Node 42: 83yfivv
Node 43: 3pxjtrn
Node 44: p5gk3mi
Node 45: kzucc3y
Node 46:
Node 47: 5xzto3v
Node 48: 2ptvnhd
Node 49: s37gxd3
Node 50: uo4z8ba
Node 51: rjmzgnx
