Node 0: 249rqpo 3euvx39 tfh7d8c
Node 1: tjuf711 vrge2b4
Node 2: 29sfplo o8an3u8
Node 3: bpmrtfh rzcagh7
Node 4: kg3znly
Node 5: g8ycyjn
Node 6: 3hv13rx ilfk96n
Node 7: 4s7m6xi 7hqy70y b5759j7 hf81v66 usmrq0p x3dp7v4 zkql1rv
Node 8: 0jvxmmg 7oj0yuz fue1ioh jps41ol wz9fht2
Node 9: 6q5za8n f1nb3eu ghkvect x3a711f xcoraa3
Node 10: hhyp4ub
Node 11: 30gdtjz
Node 12: 2kbz075
Node 13: plu1ak5
Node 14: k9vsrak
Node 15: lvbsvpu z8ilyn2
Node 16: wizlj69
Node 17: ey0jlij
Node 18: x845q0c
Node 19: wya32hv
Node 20: ul4cqis
Node 21: v2dz0zv
Node 22: snh2lgr
Node 23: dl2pb6g
Node 24: xfvgxqi
Node 25: 5ds850x
Node 26: hpiumfa
Node 27: xoblai0
Node 28: l47o0u5
Node 29: tg8wsve

Node 0: b8ame2s zpaoajk
Node 1: w64g8cu wqbb3la
Node 2: 5vvu2g8 8qivkeb a8fxb60 em9ba1o loo1ir0 oyg3upl q25rzuf ufj5c0o z2v7eo1
Node 3: ef6gap6 hh9do9u
Node 4:
Node 5: 5xdk0ap ltalpjl o49zcl6 ot6n0an rsuivkp teui2ad
Node 6: 0vz706e
Node 7: zcrb9h9
Node 8: lojavxw
Node 9: ahfkf5y
Node 10:

Node 0: 1thtyb0 floi9x3 iq98x70 lcrn5t3 r42tda4 sd317xd swod9gw vtr267w
Node 1: 6wdbl4l 7cqtw4c 9tjgbwg b1ctub4 dr86oei h1p621g kj1fe4m kz45isf lxcx066 lxhnta7 yojhejs yoplx41 yv5s6ev
Node 2: 4pm0iaj
Node 3: 7bhuqhm a3cgrry
Node 4: e75gtxg qy7fwcl
Node 5: 01wgrcp gaojss0 saxm0rp
Node 6: u18jvlp
Node 7: 0k599lc g3871jw
Node 8: wdux2bk
Node 9: rqda2w1
Node 10: 2x1lvob
Node 11: 4ayot3d uuw4ruk w8ch5b6
Node 12: m44q8zs
Node 13: pr5hbnw
Node 14: q45rweo
Node 15: 4hv98jg tke27ig
Node 16: 7llwfkm
Node 17: ttnyvvs
Node 18: 53bw6o9 b8nxhg2 oqy5d67
Node 19: zhugo02
Node 20: 1idilet
Node 21: qwqw5m7
Node 22: iotsect
Node 23: hcf3jai
Node 24: qb9n107
Node 25: vbblvi3
Node 26: 2o3jpt4
Node 27: iprn5mh
Node 28: 9zzxcuw
Node 29: kesdftb

Node 0: xu13iff
Node 1: 4cs18y6 byhfced ggj2z15 gv73nc5 uz6e6gt
Node 2: jkmuq9l maqw19c rl7od83 rrrg04h ubc4n5n vlfnxs4 w4cw1as yc01ug7 yi8yr2s
Node 3: tzu7ub3
Node 4: c80u6a9
Node 5: dumkc0w z4zvdjh
Node 6: 3r9o2mg m6pus5i
Node 7: mwik0wc
Node 8: ln3pd12
Node 9: w6az4f5
Node 10: 138nn60 d2dy70p
Node 11: l631m0k
Node 12: fv5kzp9
Node 13: tmwy1l6
Node 14: 0nsh64z 4daw921 nvir5on
Node 15: hg4gr1b
Node 16: fbwz7dm ysr9v09
Node 17: e0rjxp0 fm8rhw8 me3qby2 o6gwsjb w1yhqlo zwdnav1
Node 18: hn3f48o msh9g37 n8onupe s1wd0dp
Node 19: oz3hkyy
Node 20: i5zp9fl
Node 21: 6uf23l0 qfzgse5 z2n54rv
Node 22: dnw0s05 dql3dcb n4zhqq9 zpmph2k
Node 23: wyqxny0
Node 24: lcwqa3p
Node 25: j8dwpuh
Node 26: o61huly ui9fpla va7qx1v y90bxc9
Node 27: 9kw0gvy cd3zp9q yre4314
Node 28: 7dfbaw1
Node 29: 52tkl0p kpxci1z ma0kvqz
Node 30: s503eoo
Node 31: 45pjf9v
Node 32: 3tv6nwc
Node 33: a18fqf5
Node 34: syeh9as
Node 35: tokh70g
Node 36: 1jsmdqy
Node 37: twz594i
Node 38: uiwkdvi
Node 39: sln9vwn
Node 40: 1tbdb38
Node 41: 7n5okxz
Node 42: 7jrb49b
Node 43: yf0zfq5

Node 0: 2bg8kze ojxtorx
Node 1: 7bxjsq1
Node 2: 6of8hll aft99ew d9snxg4 mp5n3qx nddmox5 px5zead rsf1dsw w37ur5j
Node 3: 2gav9o2 7tb1d06 83o1frx jubf7c3 k492xda ytqjmxt
Node 4: 5xc9rkf 7q4t391 dxg6f7k
Node 5: 2vrz1s7 2xxravj 666f06z fp0f0ya g765cmk jrc1but kbr804q nddeged wj9fq5b
Node 6: 0gbi98g 4cy29l9 61gtb3f fqbsiiu hfxihuh hzryj9b
Node 7: 7232b3j a87dfmy ezlhekp
Node 8: 0peq5wk 9iuy41g
Node 9: 50iy302 7eipgd7
Node 10: v82nemq
Node 11: tpubsrh
Node 12: uf06h68
Node 13: yhxgt7d
Node 14: gkaveo8
Node 15: 161lst7 sc38lyo
Node 16: 9xl6t86
Node 17: q0obora
Node 18: gx4o4px
Node 19: wru3jy6
Node 20: 0azsbek bhzzyqu
Node 21: ke1yred
Node 22: duus26e
Node 23: ip6beiy
Node 24: hb99ypl
Node 25: kazkmx3
Node 26: 9r047gi
Node 27: y2kiluf
Node 28: wgitg34
Node 29: 20ferfw
Node 30: q00h002

Node 0: 5ml5nzx 6sopsl6 hj9pg1p kvcrubz rmtuygt

Node 0: tkdcljx
Node 1: 1183nj2 8ezwsux f8t8qvf sstu4ud
Node 2: o9vjgvb
Node 3: 1lej339
Node 4: 0flrlz4

Node 0: 50adigl fuk257s
Node 1: 7p1notc a1t2h3l
Node 2: pugqdvr
Node 3: 4hgxxvm
Node 4: n30x43t nhocdcq vj5srgt
Node 5: 9inurqf g7t23pw kj9r132 ra7q9gi tsul5jd u2i16zz xfv0zmg xz5m6vc z8756gv
Node 6: 6zu2gux
Node 7: 5kadyen 9uheq8n ja3k7hj nf7z2w9 rbxip0m
Node 8: 06p5lo8
Node 9: or61c8l
Node 10: rw3h69n
Node 11: 3g3u4mq 5gkahy9 8lqbuy7 8thj9lu 8xhc01e agwcjvl c8j0n2i
Node 12: 1m6ure8 8k87d9k auwo512 o3m43ot rcthxw4 upah4py
Node 13: 1c5uorv 7mesja5 96p2lil a5rg7l3 ag13q4q kkwnn36 mg8f66l
Node 14: i6l1848 j5xxl3d sc589zh
Node 15: 52fkzn2 74n7ef3 vg2963y
Node 16: lxvjrq6
Node 17: uvgabx2 ve4egjb
Node 18: 1jnofxv j6nun98 qkrjl59
Node 19: 1goh4mx 2smqhnr njyuxib
Node 20: 7k5lwng y4yvqkg
Node 21: f4fnpkm rfgx8p2
Node 22: 05s82lh 243pyea f61jh7t inghcnw
Node 23: xovbmwv
Node 24: pgpksp4
Node 25: mh15z0m
Node 26: 0he5u2s i0322r3
Node 27: 3bp5aho
Node 28: houiq5l
Node 29: 42mtzyo b556upe
Node 30: 950f1b3
Node 31: 8zyahnx fqkujwf
Node 32: eiyv48c lx98pyl y1mhok8
Node 33: ng0uvqs
Node 34: xxofbng
Node 35: bd2ksg2 tryqjw7 yitp5fa
Node 36: yg0xe6c
Node 37: mgohmm7
Node 38: feej0vk ktf0qvy zha3cfn
Node 39: mipfhxv
Node 40: 59d2rel
Node 41: nsj8or3
Node 42: wtma5r7
Node 43: 8rt2pxp
Node 44: ysx2q29
Node 45: 16og8ho
Node 46: 5ksaefn
Node 47: ktg96sl
Node 48: 6lxijbr
Node 49: 55uoasx a7q8bkh rnjyska
Node 50: j7ei88d
Node 51: e7qbt8v
Node 52: zerflce
Node 53: ue1veai
Node 54: qx4lmer
Node 55: 3m7gqdu
Node 56: b5a812h
Node 57: gfg0h00
Node 58: p0kiaid
Node 59: aiakhnz
Node 60: 9amxfo7
Node 61: s70kghz
Node 62: k8yjq7r

Node 0: 62crod3 ragv50d zjjith3
Node 1: l907qkz m67iai1 o7u8itg t76kjs4 xsf8j1l
Node 2: e7cr4q8
Node 3: ae9yh9q fbd1r4u vn4ekz9
Node 4: 80hdy9w 9nnqc8x cle0nzc umce65i w2h1frz
Node 5: 2hg3jkx 3oalq36 eiyqfl6 r8gw70j t65mgkg wj711wt xtvvzle
Node 6: 0etbpqh
Node 7: 3938t88 rq2skao x1wn63n
Node 8: v8th2iu
Node 9: 8d4n38z nqsb4tg
Node 10: 0zfkssy mzs9j6e
Node 11: m4ce3xx oynrpdn x80d3v8
Node 12: ge7wl4t
Node 13: zhsmy9c
Node 14: 4xje5xv ekk7sdc oc9hmds wedptsf
Node 15: fmyx7n0 knlqb86
Node 16: g675iww
Node 17: fxdue7m o0525im pr1msd2 u92a2fu wxsojow
Node 18: gigbz28 vcruuzz
Node 19: kfvo4a7 wh6nz58
Node 20: 34ge9gd 4flj3rn 6z8nyud n4c0r5l pzcs9g8 rch8ad5
Node 21: 2vtu042 38rg9a5 t15s8no
Node 22: ps3yv6g
Node 23: dl1r7qv
Node 24: 2wt44t4 74j5q1l
Node 25: 3t6aofc hycydo0 ml44y44
Node 26: ipq3oa7 og493b1
Node 27: ftl4fqq
Node 28: hss2gbx
Node 29: ont34bz
Node 30: n2jvxt0
Node 31: csl7tab
Node 32: jv2ci10 wbgggz5 welk9wl
Node 33: kfygh9a
Node 34: 3442nba
Node 35: 0mtd7dx
Node 36: b0vstzx ycrglan
Node 37: 1esqwmr oka6ukr
Node 38: 2sldu1z
Node 39: epyvqlp tdqv4pp
Node 40: 28c6bij
Node 41: h7cv1s3
Node 42: zfx1rt8
Node 43: goj1jae
Node 44: mywes4g
Node 45: 02vczf7
Node 46: 8tols7i
Node 47: eii10u9
Node 48: 4xsorct
Node 49: uk1udn0
Node 50: hlohww2
Node 51: esw9mrh
Node 52: 35kggr4
Node 53: 0yuxkha
Node 54: bgvonbm
Node 55: aejxh99
Node 56: dijwn0k
Node 57: 3j8wgm0
Node 58: srjop62
Node 59: shd6grj

Node 0: 1haiosz 65px5ie 6uo3yp6 8sian3w afqoy57 bwhrtbh ctx4ba3 dceehrk ebt050x f2f541o hw1gdbe ium2cfv jhu7sna k6saqnf nda5k12 t5jh45b vbrc0kb wx6tohs xfxn9xq zjugxmd zxj9023
Node 1: jdxa1xq
Node 2: 10eftpr ehil0lu
Node 3: jyzis0z
Node 4: 3sk6fph
Node 5: j4on2yw lnm0x1j ptjszv2
Node 6: 02ngogt 19ypt33 pdoix09
Node 7: alnexnt
Node 8: fxp3y36
Node 9: 3o8n4x0 8pqbibi vcbbqh8 yu99o8b
Node 10: x6d4wp4
Node 11: c9domxv h3t5uqw
Node 12: 8i4jsrt f9wxfvk kkpc70t
Node 13: 4b2jb0g
Node 14: ryb5thr
Node 15: 46kz11m 5txfsbc 98d2zd3 a2nn0qp cai9xwy oqmiplh so60bqo
Node 16: 48l5xqt
Node 17: 59i21rp 84h9e18 yinc1k6
Node 18: t56qtof x4r37b0
Node 19: 0wzn47s 8qk6cg1
Node 20: lm2hdgf
Node 21: d01bfro
Node 22: wf2933r
Node 23: s8ucpsu
Node 24: 2mpk2ij
Node 25: rttcm9d
Node 26: 0swanhu
Node 27: 71r8vjs
Node 28: 9zbjo2x
Node 29: 6dej4qm
Node 30: uow8j4c
Node 31: 7pgqa1h h1ha9y5
Node 32: y3ete53
Node 33: 5dpubyv
Node 34: 6vhanew
Node 35: ynyitmh
Node 36: mh3h636
Node 37: ak8dgov
Node 38: p8vnw4n
Node 39: 3qvo30r
Node 40: h0qnalf
Node 41: kgg9abi

Node 0: 00vp6fw 0pwmhjh 3ejx4en 3lnrn9q 54hn2o5 5abq85r 62fl2bh 7rrhan8 9imdjsh 9p54njv c52bawa cph0man eoq3xcw fmjaa2q g8z95tf h05lfbo j5pc8nt k7s1q42 kdiy94h kieomqm kotleqd o9lljz1 om9pi5p pdyoy9d pnn4kxm qrwvuar r2g6qi1 rf1r4l4 ymm4xx8 zlzy3n7
Node 1: 3g6xr1f ha6njta ivlx51b pffftv8 s06q81d u7a2tqp
Node 2: 70u9qel
Node 3: 1g2hy4q
Node 4: 8sxh128
Node 5: 482hsqp 4z72fw2 7bxledv 9zt8r1p xlstmnx
Node 6: 3cog534 jxir102
Node 7: 49pgll8
Node 8: biu5g2b ci05zcp
Node 9: c119uy4
Node 10: 6kypjtv
Node 11: 7iazmie kxco94z nq48zdu
Node 12: w98w6i8
Node 13: xr1ggen
Node 14: 2qtc411 a4ahbrz ao99w3u c3ekdjy l8cvdtb pqi4b67 swktqzg xzidocx
Node 15: 00bg2uy 7suj4w6 djm8rqa
Node 16: pdlrmja zgg1k1s
Node 17: eveljxk tnd037u
Node 18: ehg0omk
Node 19: 1lx8btf nfm3jdp pfx7rre wlszdfo
Node 20: 7hf4sgp r3wkfz1 zehfb5c
Node 21: z6y6dov
Node 22: mrpgpzw pe563a3
Node 23: 68lxl4i
Node 24: rs2zm8u
Node 25: 7zsrkiu
Node 26: alfxkw2
Node 27: ch663ru cijqt60 hq9ls0r
Node 28: bzabxve
Node 29: q3ivvhj
Node 30: v9ixvj1 yj2uolb
Node 31: ans1ib3 kglvqli
Node 32: 9sqr4ou
Node 33: 92ydvd6
Node 34: y4v3lxc
Node 35: 4pwxppa
Node 36: wxjswz6
Node 37: on0m34a topqbzf
Node 38: xk6197z
Node 39: 93mv5r7
Node 40: ypq68zo
Node 41: l4d506n
Node 42: bpm3jit s5slqge
Node 43: hmn0y7o
Node 44: cquj550
Node 45: 4brlr2n
Node 46: jm1apt0
Node 47: abxt7x6
Node 48: 971haq7 l68zdct
Node 49: ykzdbry
Node 50: s7zub7g ugp1yqz
Node 51: 0wrnsmr
Node 52: bsms6t7
Node 53: vu4alvd
Node 54: 309dgki
Node 55: p5ott1l
Node 56: y4s6bif
Node 57: d1nyki0
Node 58: mxir77i

Node 0: ctlql7r k86n3j0 m8sl7qb
Node 1: g73a7c8
Node 2: 6gmcfhs
Node 3: cezg3qi ltr9pl2 nj9zpg8 qm91meb t76mlq9 y1s6quk
Node 4:
Node 5:
Node 6: pe1sh3u
Node 7: oowv5hm
