Node 0: 1tfsayq 2e07ddx 2y2smhw 4hzckdn 6sqhmf2 6zcl4k3 j1btxjp jx9jz1q km3nf4k ll4yizb mrs5ycc nzl2skn q0pjzok w7ngjzt zcoaqwe
Node 1: 8yxthop
Node 2: 0fdie4s 70spsg7
Node 3: n565gv5
Node 4: 0d3wlnt 97ihyyv hyff37b iocb80q nywrnrn prdve9q tbjoie6 vodpnza
Node 5: 79n5oqh bn3gnxo itqde39
Node 6: v044lr1
Node 7: 224teds 43m9606 8yj9e1w 9f7lx8m lhyg2j0 py3t592 qlp63a6 ugpfand
Node 8: di1bf9v rzepxa9
Node 9: w8svc74
Node 10: w52ytw3
Node 11: pmyolx5
Node 12: 7whpykx hj35r2k
Node 13: sa558nh tmfxr2u
Node 14: 50ukew7 5euati4 fipefoo
Node 15: ln8by2g
Node 16: 2e2y6lm e77aohq l1jcxk8
Node 17: 043edmv abdpewx
Node 18: 2ed3hf3 c6n1id2 loj5pmf
Node 19: brbmwwy
Node 20: 4hbakg5
Node 21: 6536cmz bs5dqo9 kmmei0s
Node 22: 0bqdw62
Node 23: 8extc44 ds5pztw u3p1kz7
Node 24: 61urba1
Node 25: ln9idfp mstdvhe qovwj6u
Node 26: 9hhxtyg
Node 27: 8cfenb2
Node 28: qt0bj6y
Node 29: tggqrie
Node 30: n1qzr2w v7uxm7z
Node 31: 36eygjj
Node 32: gk1j6hc
Node 33: hvevgs3
Node 34: g35xqob
Node 35: om0n22w pki9bz9
Node 36: jmti5xt
Node 37: m4akp76
Node 38: ffe3vpw
Node 39: 3zrr06w
Node 40: dxy2e4f
Node 41: p17cqjo
Node 42: 49yzv4n
Node 43: jdzrw67
Node 44: colqq6j
Node 45: t0lu204
Node 46:
Node 47: zxfrnso

Node 0: d8a0e8x dhny88h etkg60t pwozfzf
Node 1: ql11kta
Node 2: 3jybuwl hbb75ye kxwwo6y y0p9d77
Node 3: de7qrur
Node 4: uqoxj6b
Node 5: f2umml4 o1hyuz0
Node 6: 42g58kj sclo4rj
Node 7: 3e4z5zn
Node 8: kl04df4

Node 0: 1v15qrb rad651d
Node 1: hha6i6c suchscj
Node 2: 02fk3ko 0xcd06l 3c0yp2t 3ukc5uj 4zcmz4l 5x5dc7k 76zbgsb a52yawv aeqcczq b0ak2nh ccqdmtf dyvknms edz5nko flk2gw7 hpbynen m9fngrn mlrre4z ombdpvh p9p6wos pa9xl0d q5bq37p tpjx58l uai1qxu
Node 3: 54uwexq 7smmxz6 j2gyz9l jtcp8yr nt2dkck r7kpguu
Node 4: 51ud6zs wflx0bz
Node 5: 3g18vqw ovyo3tb
Node 6: pe1d9y7
Node 7: hchsvtw mx2sjnz n0ana0w
Node 8: mhartnk
Node 9: 1csp5vr h7qbz5z mgy0s2g y19rm7p zfvpvp4
Node 10: 0yo8ukw
Node 11: ky3ol9k w7l7ys9
Node 12: x3uod9l
Node 13: ctyr66i hcrre2e uhpklam wype31g
Node 14: hlv2ten
Node 15: 48r0j1n l582u29 xyxibma
Node 16: cixdiqe ovjvfjx
Node 17: 8prfnwd
Node 18: mgb5b5d
Node 19: 0fmb8p0 fzoakxy
Node 20: 6p3pyn0
Node 21: fztln5i
Node 22: 3ak19uu
Node 23: l9x3exq
Node 24: cjvcfwn
Node 25: 9bcingl
Node 26: rabtqvh
Node 27: 8bgcmnn
Node 28: qdjdjtr
Node 29: gc0ngq3
Node 30: x0wjrv5
Node 31: u2dw67o
Node 32: ml5ysxu
Node 33: 8jhm3u2
Node 34: akt77an
Node 35: ihszp1h
Node 36: 0jh3at7
Node 37: xwbwv3t
Node 38: vh8za9u
Node 39: 9pz7ni5
Node 40: 724jjyb

Node 0: 07z0n2a 6mwd42i
Node 1: 2uygc5j 4xr5lw3 6tp3asr 8rdxy32 hp5s23b rtnnhgk
Node 2: 8udq8ze gct3beo n6df1dy wo525ou
Node 3: gh25hme ghh47au n9utye0 v9zyal6
Node 4: 5rcnjs8
Node 5: bt17khh
Node 6: 8fgovxi
Node 7: 3wff9m7 4tt4dlj kqaee81 nvpdjn8
Node 8: 0hjjpou 0sfdz1a 6htzpwt dej39de l7io5aa syabbu9
Node 9: 1s5s6bd xexmb1p zxy9zas
Node 10: cmvcb6q jtrzzdr k6u5d0f
Node 11: 9igqrq0 d7gqpxe jfsn29u
Node 12: eu0vbnb
Node 13: 11cxa6n jos6kn1 p6jb31t
Node 14: h25qglu xf1qpug
Node 15: apacfyb
Node 16: m7a5qjd mn08zxb ydyaq0i
Node 17: 4w9ebia 5mhyd0b
Node 18: 3mgwnng
Node 19: pfhirde
Node 20: 2miva0q
Node 21:
Node 22: 7ikxxqg wfnlwls
Node 23: ewbie8j fgrxnea u3uimlo
Node 24: 1648wao k3baody t5dg32u uum47p3
Node 25: 4uainnz keg7fon lvuwsny
Node 26: 82k3qlz czibt2z ld3u4jd
Node 27: 51opgog
Node 28: 2jjhic8
Node 29: rr1nlmg
Node 30: sqmtarg wnkjvyf
Node 31: p463q8n
Node 32: ws1ryxe
Node 33: 25oo2un
Node 34: 4w7qk4c
Node 35: 37weqn7
Node 36: ncjsash
Node 37:
Node 38: 2pgsj3l gmc95kb piuvbu4
Node 39: 5e810ev
Node 40: to8lsov
Node 41: r68t17w
Node 42: mv7cjk3
Node 43: hegwa5x
Node 44: ncxzgjj
Node 45:
Node 46: 11kz2zq

Node 0: c5df8us
Node 1: 81xa3gl a8onkkk cgrjpvw emmlpuk gzbhayh h13f74o hq74yk0 ihhhshn injvinh j33xg4n mwaw8o9 n3eootf q61nu6o sdl0zdt t78t8st ufvr16q vs8l63s yvwqygk yx2nbax znv5lo8
Node 2: 35ubd1x 3ub966w 7d66gbt bdblgsc iefx10s s0rwuqt v7w9kn4
Node 3: 04olot0 qwwa17f
Node 4: pw8m4f3
Node 5: 0dz6e7a 44x4n71 m4lms0i on4dsfs pl7dc8j
Node 6: d624orm
Node 7: m8zc8ir
Node 8: nzmoze6
Node 9: 0zkgiqe 7nvv5bj duxu7lu emj59gc uzdntdd
Node 10: kdrt9i2
Node 11: 32g2hl2 fgr9ual jnjmvp6 oowy6yy
Node 12: ddhz2st
Node 13: dyq3lhq
Node 14: lje8zbh
Node 15: wywaz18
Node 16: ltvxwgd
Node 17: 1hhm59h
Node 18: 6u0y56d
Node 19: rkcgmhr
Node 20: wllapl8

Node 0: 0ly3qpe
Node 1: 42vda9r ygm7zyz
Node 2: t4wl7iq vzgo1zh
Node 3: 8jkmz8x
Node 4: wrpmw7p
Node 5: czck35h h8z0rpv
Node 6: es3307h
Node 7: kwb4yqf

Node 0: 0rb6jwa 14z2m5l 78o50io 80i8r1s i7a96ft
Node 1: na3igrg nlwjycz
Node 2: lywxw9e
Node 3: 5w9aodk 5zszw8j cnmjgdf qlsz9dw rk6879t xkiynos
Node 4: g1kvwhf nz3tb58
Node 5: nz7bmqu
Node 6: tg9gpy7
Node 7: pix4np6
Node 8: or676sj
Node 9: bq7gqcy ef3j228 kj3zjro
Node 10: n6v5xlo xrcwhhm
Node 11: xtg2bky
Node 12: xb4u4x2
Node 13: 8a75g5q tvwrbda
Node 14: 3yyu7ws
Node 15: 72h37xj jn6w0dp
Node 16: kan8nnv l2z4xu4
Node 17: ovbg7pg
Node 18: yv7bmvu
Node 19: vmrf9ar
Node 20: 8cuf93a
Node 21: 1rmzlz5 3c93cph
Node 22: auogeec
Node 23: e5f1a85
Node 24: esgm04s v1ie6zh
Node 25: 62hl1fs
Node 26: cekyl7v
Node 27: 77f2whl
Node 28: rf3hnhr
Node 29:
Node 30: efbeyl8
Node 31: vr3lo1s

Node 0: 2o5azqy 6jne8y5 8dfqqfw tfm5ufs vpram56
Node 1: q9vz9mu
Node 2: 1vlw2g4 a4mutvm w9xww2c
Node 3: 2xa8r0p g3qyzxx smqqms9
Node 4: 031uca9 1el8k7q 3oxu155 ra100xb u3vda9a
Node 5: xjtslca
Node 6: q3ihpy9
Node 7: esoaqtp
Node 8: c22pd5q y69i39g
Node 9: 3io6r35 6ggi1b4 7dos1yv c7sxccz fpcah4d lbnte1f ngrt0wb q5sf1to skeag5y
Node 10: 11i3m9n 9auu48o v0o9zgi v1z8k14
Node 11: 2gkctzm
Node 12: tfdybsv
Node 13: awnsi0s kh25ubk
Node 14: 3mxhugp vu0nuc6
Node 15: edtdcj5
Node 16: 0jw4u9l bphzikg
Node 17: n5eycb2
Node 18: 10c9rb2
Node 19: nbupq5y
Node 20: 18f7if1 wb5ftbt
Node 21: hn9ju01
Node 22: qwxu8wa
Node 23: vltfufc
Node 24: uupsmr3
Node 25: jo66byz
Node 26: fmnfv33
Node 27: oau09c9

Node 0: 7odzf8l 90gqncb dg7kqn4 m0h39lz
Node 1: 3mky1fp avk16d5 dccy2s5 ht6r53j jyacsne lvb6ju8 s1srmn5 vvqta6p
Node 2: cybw4i0 nr2b2po
Node 3: 8lmj1op
Node 4: 8dcxsl4
Node 5: d3mrlzw
Node 6: kmgxcv4
Node 7: k5dmz3u
Node 8: gx13efg

Node 0: tho2exz txgb0wg
Node 1: yo0quib
Node 2: jyw3pwi
Node 3: llkyzqd
Node 4: 416s0r4

Node 0: 9q6egjw fdr0xiv ojuchbv qthuhvp
Node 1: nj8i559 vjhwpkq
Node 2: 0b8l2hv rs1ef65
Node 3: a5pnagv qdk19b8 y82kbqk
Node 4: 0pmvyod 6i237st w2y12lq
Node 5: cjkdmz0 cx8xpy9 fz5m5ns
Node 6: hdccng2 t3j415o
Node 7: s9ewe7w
Node 8: idow7m0 qdhvb8t
Node 9: v6elumb

Node 0: 6ayemb2 msr1u6i
Node 1: 5ard829 bwjxwr3 ffekyqg
Node 2: 1fkfq49 57dpzid 5ipy17h 8skogzj ddp7kjt erix819 k30rmtu k8kl9b5 kaqw37o l7va3wy q47luft qs3ag95 riad5lc sfnumoc syw3ibf tyt65ha ydyozkp
Node 3: lz5l0zp
Node 4: 2k4jvm6 heoh90b wr3cc24
Node 5: 0p4zig1 8movgi9 dfe0gkp dg3rx3d
Node 6: dplc1us h6jwrd8 p2mowxo qvor9cj rv583fj
Node 7: 2nw3y3n
Node 8: 2kr9jzf dfw5r97
Node 9: 08k5cgu 76s15tp bdkaf9y mz3pw8z
Node 10: 4j5ow9y vvt121r
Node 11: a14jtlc
Node 12: yan71el
Node 13: jeg2nik tnmutna
Node 14: cmfwdld
Node 15: fkm141s w2swve3
Node 16: 21nxovb 62wiqmn gf5ae3y kno3mxf
Node 17: 55edvwe seyh87f
Node 18: i4zz8z7 xhvs34n
Node 19: nf5awuc
Node 20: 869fjf4
Node 21: wa3ylwj
Node 22: 1rhmsnu
Node 23: 2ruy3xk
Node 24: rbffbbo
Node 25: th4u8sx yngien2
Node 26: ed14b21 gihm34s
Node 27: 3geuc74 6uw6ltl
Node 28: 45xhu9p q1nozs6 todtmho ytx919m
Node 29: 0vxkaj4
Node 30: ajo6krg dfuk8ez mz5hpqt
Node 31: x5cqa4o
Node 32: d44q5c6
Node 33: 0t7v37x xri9mrn
Node 34: ve52l4n
Node 35: ph0t7zo
Node 36: 9fym0hm
Node 37: 1cr7th5
Node 38: fm1aszv mvg0zqa
Node 39: r5uhqi3
Node 40: cqmfi0d
Node 41: duk7xyz
Node 42: a14cbki ictzze5
Node 43: wpopgwu
Node 44: 5atuhgl
Node 45: flqkegs
Node 46: 4h6ylz0
Node 47: 1mefhr8 9oqtio6
Node 48: 5fqv8l7
Node 49: 0cdyabj
Node 50: y2dpfgi
Node 51:
Node 52: wp3m507
Node 53: nm301f2

Node 0: j2effe7 kkurax1
Node 1: 4vs4bkf avtj4bm mzyh5jg
Node 2: 4xbzn7u fxawhb5 seh1das tyzo3kj
Node 3: ue5cul4
Node 4: 28zrtvp
Node 5: n21cf2a n6q04wv
Node 6: 2ygs2l3 hpf7t3b ukvxa6i yy7nr0w ztmjgi8
Node 7: 1csw1ub
Node 8: 4d2lb9g p5a0369 t3q8qvz
Node 9: 3q3tnh7 g63fo3b g7yxgo2 q6qx5pm s5wo9ly txmsu8p zhkwdhs
Node 10: 1oa3ych 43l0qh6 4hxgqqe ypeysb6
Node 11: mh6uerf vs0ljbk
Node 12: 0bqvmrq
Node 13: owceqvq
Node 14: 0htxq2b 0wzgy32 c352ipd iod2ii0 iyko744 vs1eows
Node 15: 743phvm
Node 16: zzolhuq
Node 17: gupzfqp
Node 18: 3udnpmh 494qezk
Node 19: 9oht5ni
Node 20: 7ct4zl8 mv66bmo
Node 21: 8ohu9of ycn6ag4
Node 22: 69sydvb
Node 23: xncadzm
Node 24: 5og52gw h82030w
Node 25: 5voiu2w
Node 26: wd4kykm
Node 27: om5al8z
Node 28: 6zrj5p0
Node 29: f4iei3d kc8whda
Node 30: j446qzq
Node 31: 2hr9d8l
Node 32: b3yd98g
Node 33: k7sdj8y
Node 34: c1xmxnc
Node 35: uwb18kc
Node 36: 152n7u7
Node 37: qpa52t2
Node 38: 18r49z0
Node 39: h45o95s
Node 40: 13158ue 4veoqin
Node 41: 0g4w6oy
Node 42: x3e9nmy
Node 43: uvqot94

Node 0: nsfil5q u08py29 v1aozmx
Node 1: 12opnzm 2m7bp5b 7lpf4x9 e036mis j2d71sz x4k9ta8
Node 2: fwn6dwe
Node 3: aoh3cis
Node 4: hziw4cu
Node 5: 68n0iue m9r7zki
Node 6: hujtgkv nca8vsh s5ol5tk
Node 7: 41o3nae
Node 8: e3w9k6o n3ysdq1
Node 9: dbgb3ap t795d8g v7bee2e
Node 10: t2dirxq
Node 11: co3rfda f8i2jhe lsfj5h1 my6dhko vt4s4qg
Node 12: 51vgc46 93w6k0a ai3uue4
Node 13: fkatgxb
Node 14: 0ky4d43
Node 15: mz07was
Node 16: 6kgbpb4

Node 0: 7meka1t pvrs6jh
Node 1: grct57k
Node 2: 1bu33nx 6k95ti1 8k0klwd ez5pn5v gigroo4 hv2cqf1 ozyfcy6 w7096x8 w8kzgz5
Node 3: p2j1vfl
Node 4: 4288e1h 6yaqsir h5ad3wo ivt7g35 m4aipsg y44q4qv
Node 5: up43yld wewn5gp
Node 6: 6ltu5v6 mx6ue87 zzajjfm
Node 7: 8jwwf92 ed8a0pg gl1uq35 iytwjuq
Node 8: y0hmgta
Node 9: hpikxvu soujgkw
Node 10: iqiq16h ussv4dc xeag15i
Node 11: f3za6of kbzfuzz q0b3umk
Node 12: fj1nsog
Node 13: iqtgyny
Node 14: vjz1wik
Node 15: 4xnt6xz t4xgmpp
Node 16: 4rhjprt
Node 17: 90a3es1 xx7mwxh
Node 18: f2taj7a zw9l17a
Node 19: nrayslq zqk1l1o
Node 20: 9qvi91w 9ynak7a vl8xyy1
Node 21: lunz5a0
Node 22: 3qj92ew
Node 23: ei8i1l1
Node 24: p5kae69
Node 25: l8135l3
Node 26: saf70wj
Node 27: 4ufz2ku rlcu4lz
Node 28: u8wdx7q
Node 29: 7dzngp9 qq00pk0
Node 30: pjkjnds
Node 31: 0rkl2wr
Node 32: v137mec
Node 33: bs53e83
Node 34: vquari3
Node 35: oxyf02n
Node 36: 4x2ca0k
Node 37: f9ph7tu
Node 38: pexgc32
Node 39: lhvdv3j

Node 0: d6okolq
Node 1: c0nxt8v
Node 2: 6avdym1 aq7mikg kjyj1rt tl5yr3u
Node 3: 00ys15s 1a3ussq 91bd4np
Node 4: 8hi8529 fg2u0mc ulw0z28
Node 5: 4806brg 7akhtie
Node 6: o9lx62r
Node 7: 4vmv0fb 5ame7r8 i074270
Node 8: 8huhvmm s4bsxsb
Node 9: bddkg8s xqqnqq6
Node 10: 3e1tc4v eg5g05w wc5im99
Node 11: 2222suw
Node 12: gygtrpu w25idgr
Node 13: wa9fj8c
Node 14: 42xvd4m vaqeueu
Node 15: w86a4eo
Node 16: 5ygl1fk
Node 17: h2psrzf
Node 18: 13nvy75
Node 19: dzxulsm gmdu5dz nrd1pk5 stmn7uz y243e58 ysknd8m
Node 20: 6agkwv5 rsl3g5i
Node 21: tyk32h1
Node 22: 44l0m7j
Node 23: ajhiji7
Node 24: 5lb382y
Node 25: n1auzch ucums74
Node 26: 3tmevtw
Node 27: gz5yd75 jz50kpv kt2skse pz03e9q
Node 28: 0i9q8i8
Node 29: yg2hhpf
Node 30: 6fyvkjs l44b54x
Node 31: dljhws0 shat15t tropg8z yu93cng
Node 32: xulamrn
Node 33: aw183bd
Node 34: 01aqwdc
Node 35: g7n9vku sdittkr
Node 36: ib7rpde
Node 37: 2rrn4ws e1iqkxp t3tkfl7 xw8hmox
Node 38: 4qv6n8y
Node 39: ic1jfks
Node 40: a58o0zt aldoxw8 fps0fgb gkfg0rs wmaudfm
Node 41: 081sw9j 4xlv7vz 8swol0e mmct98w u7udy38 yplrfti
Node 42: 9pqkg4u jmu6fau
Node 43: k7j9ftp mv8hv4e oj3t84g
Node 44: 1yfx1mx
Node 45: g21qzvk
Node 46: 62vjpo8
Node 47: cnjv7tk
Node 48: 75elgev rdvaznu
Node 49: 017k4rp
Node 50: 3kwm0w8
Node 51: vd1bgrc
Node 52: ug68vxh

Node 0: 30luf8n 4ytbcwu i0l1uxz wrncgf5 zdkbb5t
Node 1: gg9it80
Node 2: l9kx1re
Node 3: 0rb7j8b 33b3371 5ojulga bgzc4bh j69plon nd9dzzz tgbdqho x0eb4cp
Node 4: ruthii5
Node 5: cch7lyj
Node 6: 0du8cjw 67qbjl6 8n3b67l atlkorb frey6ac n2cfjjt ojw1tnf yyk9amm
Node 7: yoqgmg3
Node 8: 3v8l19z
Node 9: af3by8a
Node 10: 40x0iap
Node 11: ak3ulab hgvjluj
Node 12: jloli8o
Node 13: wjcu92g
Node 14: scfjecs

Node 0: 14abyx4 301ojwd gf0sfo5
Node 1: io7vcer nbbdxlw
Node 2: 6tikq06 fcfemwl i24o499 klp57xw ngqd0f4 z5os2yr
Node 3: 5o5tfku tdqdpnc xetpfu0
Node 4: 476qt5f 8dgbg30 bjmb91r q0c6u1s
Node 5: 5gi0xq2
Node 6: bhlt7fv
Node 7: 17mhpr1 2qtiqj0 60mii5r i8whh45 mqpmocf o2jleiy o5hxa6i pl6lo4u rrdd6x3
Node 8: ogl9dww
Node 9: 1l79aiq 73q71xi kq7lumg
Node 10: f9kl2dr
Node 11: f4ooel4 gju1922 h7aua10 p2whl0k
Node 12: l461voo mxylvc4 zupb8se
Node 13: fhisgw0 o9ewh95 pyoucym
Node 14: dc79wk4 z5ilclq
Node 15: hrjwwrc
Node 16: 8xthb55
Node 17: mdzgceq orn812n
Node 18: cb1gguc
Node 19: 4ww3tll
Node 20: vd7phtk
Node 21: oznr3pt
Node 22: zc2o91i
Node 23: 7oz2mn2 a9quuu2
Node 24: jmrs7tt
Node 25: 2qufb5r p0j1snd rh4q5fi wxot3ov x7f7acx
Node 26: 5cl6jvm rp1etqv
Node 27: 4iusy3v
Node 28: atps5ak s8b17lr whu25jk
Node 29: nj2dcvg
Node 30: 9ue4l46 m0cvu90
Node 31: e9ink55
Node 32: p0anm1x
Node 33: 6345u5s
Node 34: 26bhay3
Node 35: gaynhmd
Node 36: lizf1ot xl5qky5
Node 37: 4r1dfqj 7zxcmk7
Node 38: hrjv1ju
Node 39: votolke
Node 40:

Node 0: 81rtnws a8h3aco athn0mn bvv2sx3 e03b5bv edjm2ts i2duxz3 xfko6rh z8fxpyr
Node 1: a8t4we1
Node 2: 3lpkydw
Node 3: w09e9kh
Node 4: 31bzwic fyviv1x ly31xme obt7p2l p0uqyiy tz5220c ztb4bsh
Node 5: l1zshfi
Node 6: hdwe6k3 l2pwv1u tguu5rx twk8zy1
Node 7: roudify
Node 8: r476k9k
Node 9: 3y0kthm
Node 10: 884p38c mdxao19 ngox4eh
Node 11: odlkj6h
Node 12: 0ixhtib i584i8b
Node 13: 5h3zbbm
Node 14: 1qhjt2v atbe21g ibsjfgf zy903vu
Node 15:
Node 16: rhueqpk
Node 17:
Node 18: 6y57vup

Node 0: eyvtbr8
Node 1: 9eb9t25 9u1qksb bfl2hzp bsjy2s7 eihmnp8 mhnj866 nm8s6zl s8h5tvr siwuusn w3kva2s
Node 2: i3ckju6 xj8a3hg
Node 3: 2v54nwn 8t2ueuq a3mu8ak bkocmy3 qhlzowu rncs86j
Node 4: xx1b1xk
Node 5: sjekb73 vhy0gnt
Node 6: 12j97qx p9g4gvt
Node 7: 29v1wmg
Node 8: 2ies5v3 jp2wsar
Node 9: jhm5acc
Node 10: i6knx40
Node 11: rzbehg7
Node 12: n2lx5su
Node 13: lv43j9w
Node 14: 3fc2rw3 qcwoku8
Node 15: riuxzgq
Node 16: 2b0c5he
Node 17: fs3fx0o
Node 18: zzhnxap
Node 19: 96y8huq

Node 0: 04xzoxn 8wq2arl 937mhzu gx7zsnq mgeuiwj oxps446 t8ropd2 wo5xs4x zf7j6f4
Node 1: 1186kac a1pjc1c n7ktyx4 uzb92bz
Node 2: ljrgpcq
Node 3: ah3in57 e2lige0 hj3ww6m
Node 4: 57u4far 9wk4dmv x536hdq
Node 5: gsfxhuu w1lqmul
Node 6: 12xbd0c 8dkkmq6
Node 7: 66ku1eg a1ybvch wf5qu0g
Node 8: vc4egap
Node 9: cufi0q9
Node 10: afntu43
Node 11: rtypw2o
Node 12: os57h2j
Node 13: 4l0t7e8 iudfvms ljiez9h m660tql pvdxlg5
Node 14: nen1p8t
Node 15: zbro45t
Node 16: 7pxexf4 kgdmgm9 vcqiabu
Node 17: tlr01h3
Node 18: 7kyo1j3
Node 19: 5clurxo
Node 20: hltgbtu
Node 21: 39clu6f
Node 22: 62dxapd 93sk6nh
Node 23: yeyrcfp
Node 24: 2xo0lja owht8sf
Node 25: s2qbxv0
Node 26: 77fb1m5
Node 27: twhmpne
Node 28:

Node 0: h58r45d i2p2asv vkb0xwd xg9t2x9
Node 1: venijc4
Node 2: vm9jr1l
Node 3: kyrrb15 pkh3p5g woy2r9i
Node 4: gfktee0
Node 5:
Node 6:
Node 7: 7uyu3g6 q6qn2md qc6t80c
Node 8:

Node 0: 77sp27d 7vy3s0w lz4r53h obwticf qnpn4i8 tzktcu5
Node 1: ufzcjur zg8dees
Node 2: 3u9t0r5 424ud7f g8e1evz r380lge
Node 3: 11rfm9p 27na5m2 idwl99d n1ecbbh rgxg8hh
Node 4: x4y52m7
Node 5: 18h52ty
Node 6: ytd84dw
Node 7: fbnckqi qe6ks3m r32r97c umb3ld1
Node 8: knve898
Node 9: vifyvp1 wp7ioit
Node 10: g4nb1a0 vgmjif6
Node 11: v6razh0
Node 12: sxzbfgd
Node 13: rznzq7s

Node 0: a0vkj1w i9y47xm idvqaht jpgjyos pizvox9 t42yceg
Node 1: gpyzw8c
Node 2: 4grp9ea bkorkqk h4sqm0l jhn4i0o s0gskiz xp97dcc y1l7824
Node 3: 8ahi6sq oo9382i
Node 4: 14tzq29 v0zlhoi wmt6h35
Node 5:
Node 6: l2mv07i
Node 7: fiviy1a
Node 8: 6qptxio
Node 9: 0c3khhb
Node 10: spt2hp2
Node 11: 651atwg z2hag0l
Node 12: whmvl5v
Node 13: k56b4gx lq5rrm1
Node 14: 0sv19sl gn3zt8w
Node 15: 6zco73e
Node 16: 3cd5d3h 69lkcui ctxr020 j98n0h0 ufdqlle
Node 17: k53d7x0
Node 18: gjjt609
Node 19: g90d1fi
Node 20: 4jrf2p2 8y20vki gozabuu
Node 21: d8g3t3t ekbncfa
Node 22: 3zfvd2r 87ccfdj
Node 23: 8fj43ko
Node 24: ca31xg4 mxgyjlf uyy1rvf
Node 25: 8vxato6
Node 26: m73n0d3 zoke2s7
Node 27: 2dq64ty ns82ix5
Node 28: nlmeq6x
Node 29: gzgw2o0
Node 30: 5qv5ppb
Node 31: ihx7m9y
Node 32: tjnwm8r
Node 33: 67mrtd4
Node 34: 97zu6t2
Node 35: jqoen55
Node 36: lnkpqxo
Node 37: gj43yon
Node 38: r4apmlg
Node 39: orq9jso
Node 40: p6c839u
Node 41: pjvmu9v
Node 42: 3i7n6o9

Node 0: 1q2nmyk 2gy8j90 6e42uaa 8bkskqt 9c5flni afpph9y dsftvxg hwu61an icesoj3 jncb67m mh9f169 nhaymwk nma96zw ocvfuxv ojff7i8 pylnxzr qxl4c3s uy22qio v7bk7ai yvewnos
Node 1: v14x20s yz56tee
Node 2: asser95 q3e5i64
Node 3: vf7lqmx
Node 4: 10qtct9 2axtthc zsrdpa7
Node 5: 2pymfm8 sef3iz9
Node 6: av3gy4p yi6kobb
Node 7: s43rzay v5cpixu
Node 8: 0u65klj 1jn8h09 26qsb03
Node 9: 4aphe0b
Node 10: q26s9k1 uhnmvdf
Node 11: apaad2y eky15jc
Node 12: 6ie2hii
Node 13: dzog7mn
Node 14: xjw3gma
Node 15: 7zr4949
Node 16: c6wowwe
Node 17: c3c5olx
Node 18: 1qzust9
Node 19: lw1r3om
Node 20: d1b1u8q
Node 21: yi092tb
Node 22: xitv97w
Node 23: jde49iv
Node 24: 3q5zr3k bl8pf30
Node 25: wlyybor
Node 26: v0qm4on
Node 27: 7ptewcm bnpr2tx
Node 28: 1mc362n
Node 29: jz78qw7
Node 30: 6vpasc5
Node 31: zwkmdyx
Node 32: mhhdx0m
Node 33: nyryp6l
Node 34: 4b4txbn
Node 35: gw1pug9
Node 36: uwhuzn6
Node 37: ca3iz5i

Node 0: j7cn4l0 jc96zek
Node 1: u15o42f
Node 2: 3d0vkpu w27s01j wi598i0
Node 3: 0fd72pi 5e4oe7g 7hnzwr3 flhso8s g2c1mr3 mxp9etb np7r65t peji80e u8dmiqa xf944ro xps4747 z0g6n91
Node 4: mjhg562
Node 5: 1h9fr7u oeiasul sgcysun
Node 6: 2hfp9ak 50lnep7 jo4izgc rg2pr61 tba0evi
Node 7: 0ivti0d 6evz4gl qke40jc
Node 8: cg4b5dn
Node 9: 175rei6 earszis na7304f
Node 10: pawbhvq
Node 11: 0y6akzb
Node 12:
Node 13: rvh8ijp
Node 14: 6gs9ccg
Node 15: x96tttn
Node 16: ubpd5jo
Node 17: suwregr
Node 18: 8wwnfat
Node 19: 0afnrpo
Node 20: 1vdw90q
Node 21: 9ekjog1
Node 22: ecoafek w8qhb23
Node 23: x5cxn3r
Node 24: uwa83ap
Node 25: 2whxpth py57jmy
Node 26: hyr11vb
Node 27: 2iudsku
Node 28: 5c1eh3b g4szsis p3cgkyz udkvc5z
Node 29: 45qqnqh
Node 30: ovvystb
Node 31: qa97xed
Node 32: nxxy183
Node 33: jcqxin1
Node 34: 25jqhf5
Node 35: 04vjvjz
Node 36: aiuikqt
Node 37: vfbrd5f
Node 38: cg0oj7a

Node 0: 5b0qszv 7clqous cxjzu7a g2ag84n mr9ct7f to5xyo9
Node 1: 175iid0 lbj0gg5 zfjjy33
Node 2: 2ut64xt 5a4tohw glcd2xd lowanlk opo2sob
Node 3: i7hbj0v ojt6pf7 rtmd4yb utqfad6 w2ic6wd
Node 4: 4azijqu ffs0rw6 kclk3in u73zayi vip38jm wndapcu
Node 5: b5rpdtt f1r9ztp l1gfs0b
Node 6: 3bc7dzk c27toi2 npb7npb
Node 7: fqx771k iv9qe8n o6si2rw
Node 8: 0l5wyeq
Node 9: ftev03w
Node 10: 36b56no 37gfe3x wkd6s4r
Node 11: 1k1zv2x
Node 12: 0d49ji7
Node 13: 8k7yl32 ve95bhw
Node 14: mgi5los
Node 15: s25fbtx
Node 16: rhex3sh
Node 17: 0253cz6
Node 18: 22r52f9 5pnvlwp xt0ulx2
Node 19: 30xpp96
Node 20: j4znmkt
Node 21: fcsl0xr m7jjba9
Node 22: pjc75ks
Node 23: 55oeabp
Node 24: 6dvpkc1
Node 25: 55kapwc
Node 26: 5wbf19k f8yl0g0 zhn0nc8
Node 27: 0oxsior dkekq52 vok6atz
Node 28: 7opircr
Node 29: 6x6f63t zmrhbkb
Node 30: ggfxm27
Node 31: flcv4p3
Node 32: 8gdxq4z
Node 33: e61n8xo ouw8n6l pj3q6nd y8bfcra
Node 34: q1llwka
Node 35: 9u61y1i jd1hzrw suqth78 u29prhy
Node 36: 8xuvcis
Node 37: 1182hnf
Node 38: ckx0kdx
Node 39: eavomv1
Node 40: lpqk8z4
Node 41: w1ibsk4
Node 42: 4ebmdu7
Node 43: 9tvm42q uq7f4c9
Node 44: z6fuhgb
