Node 0: 5nok26g 81irfte rwpv3aq
Node 1: gbbplnl zmi373t
Node 2: 2brx8y0 7dnhdp1 c08pl2o c8vo4rk evdpqu2 g4jq631 jg6fe53 jxzp5hx osz4qvy oy5sfqo q0y0ot2 r0mii5a tp72yd5 u00a5di vlhuucw wm06grb x02t26k
Node 3: 2ybpddl nbwmvxu
Node 4: 77r0gwk w0ct7m4
Node 5: ch23e2n fttonpe m4f7fwg
Node 6: 6cq3gsf
Node 7: dhfdmrt
Node 8: 6uln80n dtsepnm o1qprza vmcj1cz w7jmoqn
Node 9: 7h2payx
Node 10: a209ppq csim9gi
Node 11: iue76nj
Node 12: bwz563q
Node 13: ktwb0kj
Node 14: lcvw5x6
Node 15: w7itrgn
Node 16: kdz919i
Node 17: 3d1q53c 5iluy70 c8qelxi czx0kuc hkgbsbf ih0bc6u mw9rf8s rpmv1ze y4psf0l
Node 18: aol9ugj
Node 19: evhmdvk
Node 20: vk9xo7x
Node 21: tuhldh4
Node 22: dosxuz7
Node 23: iyeho3y
Node 24: i4ua6ic
Node 25: zoerv2f
Node 26: 8zhjmwk xopxd9t
Node 27: b32ii25
Node 28: 6p8ws5s
Node 29: rq8fzla
Node 30: xefc5os
Node 31: zofppcy
Node 32:

Node 0: 10f3mhu 2pqu3qk 64wnhln 7vogasd bedlhcl bg62afn q0uvqz7 vetq1ve wkw68o4 yajgzzi zl086fy
Node 1: 649qbew
Node 2: 1z09yy5 ahmvaux e3ufpa2 gi4mu71 oi8yh2b t8d3db1
Node 3: 86l4ltw
Node 4: xv4uqge
Node 5: 4sjwo80
Node 6: 0fqcu1c ft0hpit jxxhgjg
Node 7: aov956x bhlbfkv
Node 8: z0amkl3
Node 9: 9n919su
Node 10: 0pupeec l1xl6nc
Node 11: 8rhb5eq
Node 12: bnz07mz
Node 13: t6pfv90
Node 14: swb1not
Node 15: wflig48
Node 16: mhc0stc
Node 17: 7w9of33 gzco1iw odycd36 qfrfns4 w0p7pmc y1cqkmm yvexpd1
Node 18: qmnmgbw vbo0k0n
Node 19: 3u6vxka 411gvla 7lh35ez p27wdxo
Node 20: 0bg7bzo vkppsey
Node 21: ndqigbr
Node 22: 3vsk1xh g6d225q rbl5tzo ts52b5o
Node 23: l43w9gc p01g5le
Node 24: uxq6uhi
Node 25: l9czhkr ty0mwse
Node 26: mkahq3r
Node 27: 2969gmg
Node 28: ktn5r4i
Node 29: ygfoyfa
Node 30: cpd98gj vl58jof
Node 31: 99r99qa
Node 32: r7b7f1z
Node 33: 6ogwjht
Node 34: szodv5r
Node 35: vsxvexu
Node 36: mjd50cn
Node 37: 0gysfsh
Node 38: 41vszlf f019lys uw2v631
Node 39: cf2v2aw
Node 40: xwblr7x
Node 41: 8harno9
Node 42: 1rk59is hupfcso
Node 43: prm8v8t
Node 44: hhe6ixf
Node 45: 7yhygxu
Node 46: abptkyx
Node 47: pr239pt

Node 0: 3ljn020 68kg03x 7f0znmk dnp8j57 p9yr3oj qj9udhg ue6a70i v9eqwxy x0oslig xtt6kq2 z3d7bpf
Node 1: 72t9exn fvaimoy gcn710h pyprsta
Node 2: 445dxfu hksgdlp qnq7q22
Node 3: 6hzr3aq
Node 4: asmuus0
Node 5: bpj5468
Node 6: lkq6isw wohf6h0
Node 7: 3gnvpb2 5hpayfz hjxtj08 wgbhmc6
Node 8: 0yf8qsj xnwrfzb
Node 9: 8vl0y0z
Node 10: 0hk6ek9
Node 11: arn7jdw xjd62vh
Node 12:
Node 13: 90t8gam
Node 14: ekun2vs prfsbzw
Node 15: lzk398d
Node 16: wqcpel7
Node 17: fifve40
Node 18: ouotgi4
Node 19:

Node 0: 1phbqwg 5bacete
Node 1: 1cbq7l2 b01xfh2 cudmu1r gx51x4f no0pttb ru6mk74 txga8d0 ukvypln x77mwdd yrsvmtw z8sj20n zxq45lb
Node 2: 0yxwsws 13w1d9t b5kxbjj m25v651 r2ylh2e tk8qcpy xtavgze
Node 3: jsm1ria
Node 4: 0djv96b
Node 5: 19amtpp 1bwokaj b75rpuc humeog2 j9p2804 rlsve3q
Node 6: qycini2
Node 7: 4tzqmrm djegxbb egv2u9d glrf160 pb57tfh slhkqqe tvjs3k0 w3gfx3s wu2h51n
Node 8: flr3zbi
Node 9: vebz9gt
Node 10: u6f1zj8 wgbn3jv
Node 11: 6p2o6vk
Node 12: b6iufxn
Node 13: 1yvb7g1 a5cr2op k265s20 pwijkna
Node 14: u6kwn7n
Node 15: 4sfd2fu
Node 16: om60k81 uzak4ra
Node 17: o4ugmwq
Node 18: 1iw120z ahht4ow rhcyhny tpcj8dx xdhmi41
Node 19: l7p6gzw onqdihs
Node 20: my1uybe
Node 21: 4wttoxn raoexdf
Node 22: 42fsaiv
Node 23: ksivuz4 oicp7sb
Node 24: mzusc8a tewsbze
Node 25: n7w7k02
Node 26: nw9yuug
Node 27: mmdclmd
Node 28: 9up36vm q6tkdt3
Node 29: 27gn955
Node 30: m1pwv1g
Node 31: 61e9qhv
Node 32: hdhjc3m
Node 33: xpcsqbc
Node 34: tuls08d
Node 35: 1gcdy2f
Node 36: 1uwswo7
Node 37: rv57v05
Node 38: sfs3upx
Node 39: wsskbe3
Node 40: p2prwc7
Node 41: h5skq2k
Node 42: w1drhm4
Node 43: xs0ym0f
Node 44: yadscju
Node 45: bwizz0t
Node 46: z33650x
Node 47: 5s8aym7

Node 0: 0x5sh60 6f1z3od s9vu0dx
Node 1: 92hqe5c rvlpb9s w43itqk
Node 2:
Node 3: 9gqzslt nok49q0 v2ee2gl
Node 4: 47jbag1 9hu54pb bxaxrnw gj7ark2 kzvnkyu rfg18hk u91i9c2
Node 5: m4vldr6
Node 6: j3w8iiq oynsvlv xfci81u
Node 7: 90qmxb5
Node 8: ft2wb75 nmnpe7t
Node 9: mxd6iz9
Node 10: vxcr6v7
Node 11: dybtqos v79kdsw
Node 12: dp36ojh p5nnt6f wklc5y5 z5h9j4l
Node 13: 3erp4qc
Node 14: 3rodf5z rzkdjp8
Node 15: 9oqxd8f
Node 16: pbtjuoy
Node 17: 5t5xj12 scgpoaz tvbut1r
Node 18: d0mm4tj iknc2lh j5lip15 mqu9jbo qw0gket sv1wwrp xg4nsri
Node 19: 7zvr3b3
Node 20: div4oft
Node 21: f57xmop hikbgbt vwj965f
Node 22: 6uh8j98 8nfhksu
Node 23: xs530bi
Node 24: 0h1fp4a 1j6hyko at7cpdc bg0bzv2 cicw20r gd5e73i h5t50gc hu3dcwd zv254wl
Node 25: 8khc35m d4kd1xg
Node 26: jqpwpjy l6x691m
Node 27: agnlcgi wvp0be0
Node 28: jimw0xs
Node 29: 3e3t9j4 v89e4jw
Node 30: ywvy0z8
Node 31: c93uina ef7vpsa jqr1vwa
Node 32: 4542f9p
Node 33: r62pb0a
Node 34: 2b3eker
Node 35: lt25cjp
Node 36: rcp40r3
Node 37: ui4tzvk
Node 38: ce0oohu gd8nyd7
Node 39: ylrvcm5
Node 40: nlw54yg
Node 41: a1e5y4u
Node 42: nbaon2n

Node 0: klv2una
Node 1: 831fuqd rd89u0s
Node 2: 6gof79g
Node 3: abx3i4a nidz6ju
Node 4: 7oaivjp
Node 5: v88wf9j zw7kf31
Node 6: 4gwptvc nnxd1ja
Node 7: q2iaysb
Node 8: kay5txy rniy19f
Node 9: 93f6eye
Node 10: esuadj0
Node 11: 77z9jja
Node 12: 1c90c14
Node 13: 7x7j9eh

Node 0: 7u0n47v gu467p4 qk9ab6b
Node 1: gr9xwmh
Node 2: 8lllovv jjl6a6e
Node 3: 4dcneij 5unlvaq iyp2cq2 mbbe9rd r3km6w8
Node 4: uihc3ej
Node 5:
Node 6: zarky3g
Node 7:
Node 8: c64ee7r kny2cy6 n9e8hmz
Node 9: 8bd34nj
Node 10:

Node 0: brt6tn6 cnbpih4 cr35ffl e1igik5 jhsxs0n pctkerv zsck2ab
Node 1: 61alryw 6y7rl77 h0gq0r6
Node 2: wvlddkp xron6l0
Node 3: 2qsvaiv
Node 4: a8l78jb
Node 5: 9hmc56d aue7ztp e17mpzw ic1lz2e jfupl1o kkztdgq pnvs3b2 wdyl35w
Node 6: cedkqu2
Node 7: e0enu70 vd2bng6
Node 8: 28ktoe3
Node 9: 0rvg8d7 3vhppex lymb4q0
Node 10: x75tfxu
Node 11: v5hh6mk
Node 12: yvy25af
Node 13: ut3eyw9
Node 14: noll9xn
Node 15: gdr0ndr mtcyxrs vszx87l
Node 16: 956bq9p
Node 17: l0skwfa
Node 18: ahb29kk oq7ajaf
Node 19: epsq7mz
Node 20: c6exjn9 dasnmu7
Node 21: 01jhpnu
Node 22: 787xjyz
Node 23: dxsqq9r punzmp1
Node 24: ul7yeta
Node 25: n1yz0gw
Node 26: 5hc2sem dxgwugg
Node 27: 1tw2icf
Node 28: 2ri3u0q
Node 29: 4z9wlsk
Node 30: pi06hl9
Node 31: dktzqnl
Node 32: w51qag5
Node 33: 3cx6xt3

Node 0: rh3qfl6
Node 1: 0qdxcwx 6uvu0ls
Node 2: kwh8ttl
Node 3: 7orfn2n ab2k1s1
Node 4: ho9eaex
Node 5: rtdxms8

Node 0: 3ckb49o 6f6b6in a3c17iw bgwg6sw ewlii6b j0napao t2kr309
Node 1: 86qhfn7 uq2ei0k
Node 2: 2os95aj 6igfasm 8lnthmp 9ytz6vm ddivu46 eaqshf7 vhr03i4 vijvwvm yedf6vd zotck4y
Node 3: 8hujhu8 cv2gpbi m3zcpan tchxv0y tvvwmv1 uui5q7j ykfzgm7
Node 4: 4pd2opj 5n98162 aakav4j dbwino9
Node 5: 873uajm 93rj6ma gpcv26k wzk0fky
Node 6: eei4t0f quow24q
Node 7: ck270du
Node 8: b34u8ew
Node 9: 3329e2j 4a112bn q50mj13
Node 10: 44c1nyg cxmz8ds vae3kdl
Node 11: kw4p90n u4rq24o
Node 12: jh4bt2w w5j9p28 wmcmch4
Node 13: m6mh3wd v7hxnrv
Node 14: 75jmyux sc2ocpn sxn8lx4
Node 15: dm5jm0n
Node 16: 0wf0xon
Node 17: 5w95hpb
Node 18: 97ow3fz gh7i9nf
Node 19: xzy8gle
Node 20: klnfu8u
Node 21: pfywvk8
Node 22: jx9crp1
Node 23: aybwvuu zfgt4a7
Node 24: 3ujjfva 7oen31c
Node 25: er5lp3t hcwnuvv
Node 26: 2frvzoz
Node 27: zn3yjhp
Node 28: t1gup2a
Node 29: 5to31l9
Node 30: v8xtp80
Node 31: yw85mq1
Node 32: gjhv6o0
Node 33: qpmp2rb
Node 34: fw3i89z
Node 35: d4mj81o k2s9x7f
Node 36: c9qinhs
Node 37: l4uj42x
Node 38: 3qgtwos
Node 39: pv2biqx
Node 40: kwxas2f
Node 41: wftzhhq
Node 42: c5wgkgc mvkqw3n
Node 43: rz6n2pc
Node 44: 5ki3ukt wjvpxpi
Node 45: u6eqesv
Node 46: hrv8d64
Node 47: mrxazcq mxujaf3
Node 48: 8iayitp xen8ygi
Node 49: c26de17
Node 50: y9uq0l2
Node 51: ppco45h
Node 52: gnqdltf
Node 53: 3a2ziqo

Node 0: 3yfh9en 6fd2fi0 8elye2v g5jbb33 iizo554 ljbwsqe mcp1qwi ql43nw0 qnuc5co v8ljq3s
Node 1: 54zcej4 8tgpuod wbteqgr
Node 2: 4csjknp n7f63dp ypzsbpg yzipy06
Node 3: 3fkyhk1 irtf46h pqbcjw6
Node 4: 90yfb2k 9cxcvqo abdxzr3 j7jbjqw vi2g80g y2tae0s
Node 5: qh8vs8m
Node 6: tbq46i2
Node 7: rycsp1v xy9zhvy zadpm5j
Node 8: cq5kss4 naqf5le wh45ay2
Node 9: 52k1rj7
Node 10: 0m98kh4 7olcvrg cxjzrrw o7wodcx q0yvl3r
Node 11: 0viscey c2v2krf ly49m19
Node 12: e8g96uh hk2j6gw
Node 13: rf9n4bv
Node 14: 66hfvwv 8j1b9q2
Node 15: lsyut51
Node 16: 4v8fpeb h7x546m vucj2wp
Node 17: 2pakooh
Node 18: hce6fkt
Node 19: 80jzlqc
Node 20: a9ufu64
Node 21: hjqx69c
Node 22: munyn7v wq2dmfp xe1zcv9
Node 23: acqeokq
Node 24: i3x7tfn olka0kg
Node 25: fp7zour
Node 26: r4firpf
Node 27: 8ada4d6 jqctf0v qsjh74d
Node 28: i2m8j6r
Node 29: x8ifh7h
Node 30: gdvj85c k1p6h2a
Node 31: dpljbmr
Node 32: 5xxoiu4
Node 33: 0c8pko5 8cqx7b9
Node 34: oil5ogq
Node 35: oxmvjak
Node 36: 06l70h0
Node 37: 5aro4x4
Node 38: 6b23z11 6tya01u bcicz4q e6llrjf
Node 39: 20kinz9 agkx0f6
Node 40: 3tn3ypm
Node 41: 48uiqry
Node 42:
Node 43: 4p5v51e
Node 44: gttmfmo
Node 45: au4ceee
Node 46: ppdrjuc
Node 47: xjyduuj
Node 48: 1judqlc
Node 49: jhhxb1z
Node 50: 10028gf
Node 51: jbas8ml
Node 52: 7j8v28g
Node 53: dqs3lkw

Node 0: 0qnfxx6 4248nkf 85vx9pm k4m61e6 nrk230d okzkm7v oupliyo r9ypxnm sju6fzq tufj51a
Node 1: uwkuzds
Node 2: ybn96i0
Node 3: k146oa9
Node 4: bcwmn4z dxp3ygy
Node 5: t82s0ba
Node 6: 8ajowki
Node 7: dgbnyal
Node 8: 2d2arby arglnog h15qctp t9flwq6 vp727t0 ychki4m
Node 9: lpewbn1
Node 10: 0lb3xac 3pedre3 7a25znc 7i159d4 9a8zih5 a7erlgy a7suglk bo64d44 c3f7pzh e80qj62 efbq9uu muwxim2 rksham3 uobp75v
Node 11: 2emjbyv
Node 12: unf0wrq
Node 13: 1qiscl5 5uov75m gzbmk1l
Node 14: bo1rlt4
Node 15: r0fop77 sqgce24 zp9gxxs
Node 16: thryw8s
Node 17: jqhcznu
Node 18: wfz29yf yigq6ll
Node 19: 7dw78xt dpf1zqp fuuskd6 tpjrq8t wcy0ptj zo9ff0b
Node 20: dmedz7b
Node 21: 9iofs7r a0tt4bh y39an67
Node 22: 62v6hu8 fu03wrs
Node 23: 3zxf6w5
Node 24: jgyh14g
Node 25: r0mmelt
Node 26: n3f3lkm
Node 27: 1fhxwd6 jk6p0a6 ze7xou3
Node 28: w9b10ay
Node 29: umlpvw9
Node 30: b40z0zo
Node 31: wbgxu9g
Node 32: 3t7nvpl
Node 33: c41a6al co3wp6y
Node 34: myoyako
Node 35: wb1a6gr
Node 36: kknx61u rlyqvqv
Node 37: 51wvuya
Node 38: mym0i5h
Node 39: 8itqsjp
Node 40: 9rbdwb1
Node 41: 6mfr9q0
Node 42: ednoebk
Node 43: ab4tr1j
Node 44: 5q2ilrc
Node 45: mxyjuve
Node 46: 55tgqem
Node 47: 7cqtaq4
Node 48: yclp1qe
Node 49: c1jzu2j
Node 50: 3nnac4h
Node 51: 6vosyly
Node 52: d5kghpg

Node 0: 3nu507w jt4og0k nbn2fer
Node 1: dboz2f3
Node 2: 657aqfb
Node 3: 53xwtg5 gfmtggq
Node 4: 3lhw240 3nmc1tm 5kuvj1w 5mc1gt0 5tawxn8 858tb1m agei3br gtjzl12 h1spxk3 lhwhafa mxd445g sm2j7mo
Node 5: 1gh37be v2vecsh
Node 6: 6kngyjc uy45v65 xlbm6nk zfcv3nd
Node 7: j64q31k k4bq9e5 tioiigc
Node 8: 3m7am6l
Node 9: 165yizx b9df8te cf131yl czcvy2k f7ziy22 im60nr5 r6c14xs shp1v0p
Node 10: 1vcgwgv hxbjwnq jkx0kij
Node 11: ib5q4v2
Node 12: 6029q85 nhj5zjo wq85ymb
Node 13: c36wlcf dxi8ds5 ekzbytd fwwmisr o01k0o0 tnc9b5q upr3z2y yep4ckb
Node 14: mymhkjt
Node 15: aozf71k
Node 16:
Node 17: 4ozdxhe iugikpi
Node 18: wzvuknr
Node 19: ir9l7j8
Node 20: 9ghtvyb
Node 21: cmkshst
Node 22: dkzdp21 sz80seb
Node 23: 2lk7d1i by19onl
Node 24: 0ojfdzm
Node 25: 8ae1w08
Node 26: 3y394gm j6w0tc9
Node 27: uqo79wz
Node 28: hx4bs49
Node 29: fivogzo jjpwbmb
Node 30: hxxmyh2
Node 31: 2xsv2k5
Node 32: c354drh t26nqhh
Node 33: cyyy1md
Node 34: 82hqin4
Node 35: bwtmoap
Node 36: um5o8th
Node 37: 2e7077d kd66ehb rff2azn
Node 38: n505etl
Node 39: vbx7c9l
Node 40: 8ykblje u8ledf4 ugx682i
Node 41: 8h697f8
Node 42: gorxspy
Node 43: 8v08s7l
Node 44: m3d8wmu
Node 45: 73hyh12
Node 46: yfc09ob
Node 47: xgruusu xmu68gb
Node 48: exnyudj
Node 49: vgmvbo1
Node 50: 8xh1bkl
Node 51: 1c3xirz
Node 52: anpl826
Node 53: bz7dgji
Node 54: hlnd72w
Node 55: ndgurb2
Node 56:

Node 0: b0e7v8g slp31f4 tgkhtad vu1w6kf vxbt07m
Node 1: fo2yzkc
Node 2: 8800gi3 rcin058 szmvuuf zdnc8d2
Node 3: e17lyet ji3fz49 km6fpxp rpjutjl t6o29g5 vx82dhz
Node 4: 8aoz45k j29rcp0 s9ex7d7
Node 5: 9igzpoq
Node 6: nzky0b5 rxjhoh8 s698gvl
Node 7: x720t32
Node 8: ikopr6r
Node 9: pi5gi4f
Node 10: 9l7o894
Node 11: vz35w3l
Node 12: 942dtdk phd9yhi
Node 13: 04ouyi4 5n770q8 6r3sbhm xuv87zs
Node 14: 8979kjw
Node 15: 72puoa9 kjoa8tv
Node 16: f41xgvw
Node 17: 9voe657
Node 18: cik5vj7
Node 19: cl9dp35
Node 20: rg5y3oc
Node 21: qjlbpwp
Node 22: 4mvr54b nmjdrld
Node 23: yv29wcq
Node 24: amv58uw

Node 0: 2rhi8qi 6rl6o4w
Node 1: gvnbq6t
Node 2: 7oir5uz
Node 3: myhx3g9
Node 4: eltnehy hjg2jep
Node 5: 4vo8wec
Node 6: 0d0nj9z
Node 7: q629bsm
Node 8: 0suulks 50p7j2s npj3yac v8emoqd wsa0cxd
Node 9: pp07dxw
Node 10: 55djkg0
Node 11: 3zsenqk 773tgjl
Node 12: yzwzpbr

Node 0: 87q1qkp 8rzxfgp eokrqqz fbsgn2u h4z0c0n sgby5lk svketwl tzji3b5 ujl0xa1 z0fc5sn
Node 1: jdp3iaf
Node 2: i26secm
Node 3: k09wd3g
Node 4: c8o3fdt lehhm88 tyuws4b
Node 5: 6gzp40o
Node 6: y5jyauy
Node 7: 76tjgtv crv9zeg puo2rcw va2ez10
Node 8: 88d1p1g
Node 9: sgznd2c
Node 10: x8i7exz
Node 11: jr92mgv tsrwz9l yr7ehwv
Node 12: 0yf33mz 3m733cw 4u60vjc
Node 13: a97gfr1 qzgwwgf
Node 14: 9re1eg3 v5tqhku
Node 15: ylm37pj
Node 16: crbed9u wqzfi61 x9bce6i
Node 17: 98a8lcf
Node 18: fvd0dlr
Node 19: ankc8xi
Node 20: v10c43b zo0463c
Node 21: 91v27e1 podbxpx r2honti
Node 22: 4doowal o5cr0ja
Node 23: yclwcur
Node 24: pp4qeia
Node 25: 38fmonz
Node 26: c8j6ody
Node 27: p58v78r
Node 28: pohkjr6
Node 29: 1ixvhdf 69vfdyj l7ccsbu wpzm1vl
Node 30: kax4fch zxtumea
Node 31: 2whszea 4pw0eyz
Node 32: 813qj47 trg7fh1
Node 33: zcur75a
Node 34: bippdpu
Node 35: 6icggi9
Node 36: z19uum8
Node 37: 9mlsgpp
Node 38:
Node 39: 4ni8t4t
Node 40: c8d2x2a

Node 0: 74qvv2g den2721 mlam9yp ver1wuq
Node 1: 6uve2dg xq3ez13
Node 2: 7tg10bo 7w6ol9f c3bnaa7 f1ipb44 fxgwrrn z6s26m1
Node 3: t7kq68d
Node 4: 8opwj7b rkyqjwx v6ntrn1
Node 5: 5a0mzmi kjrxjqp py7reml
Node 6: 08g38i5 s4i3z62 uqpwyhy
Node 7: 5adyiyp fofehho meu7jte
Node 8: dsaed3r ezfw8wa
Node 9: 8afeto5 f2ey2wo
Node 10: nfgppp5 qm7a90z
Node 11: 728rksd fy1e3fm hiy12qx nq0s9c3 vk9s44x
Node 12: 3dzixn4 4c9157r
Node 13: jzb29z6
Node 14: 0btfara 0wpidwl
Node 15: 3omk1y4 700lmeb hwsvyj2 wyqwj9s
Node 16: 3bg2253 55rgrcf
Node 17: kwi49r0
Node 18: qwdxufo
Node 19: idul1tq
Node 20: 3w0zc5y oybc08x
Node 21: ti3bscb
Node 22: k5nw5br
Node 23: 1vxgc7n ggstnj8
Node 24: uzp2g0b
Node 25: eqzs72o
Node 26: p0gedea
Node 27: gph47fc
Node 28: mican9l xs1w6ip
Node 29: ffy1vqn kijm443
Node 30: bfy692d htftv2s v52d6it
Node 31: 0t5fozo b2dd1eg b2xs486 xbtbdgs
Node 32: f07a26o
Node 33: luu7f9u
Node 34: 8acol1f
Node 35: kwm4ga5
Node 36: wn5u942
Node 37: 2e86qx4
Node 38: fb1l5l3
Node 39: uf0oixq
Node 40: tg4z4fi
Node 41: 8zkn2zn
Node 42: wfmn0u4
Node 43: 14x54dh
Node 44: d2agqd8
Node 45: nyrdrnw
Node 46: 0bqequa
Node 47: dvsq1tx

Node 0: 4wljfb1 5ekoj6b 5z4gm4y 9waxtr7 c7g6ia1 hc16c12 ielm9p8 iu9d7qo j4wmk96 ormrwp2 ptx1t0z uorjfem uv1irak vc8dqmk vpuds9s wph0h41
Node 1: 9azs3n5 9kzzmpv bs2aqd4 dlw8vyz jns21ld l911zyp p4kyefz zp2hjth
Node 2: 50ghrk5 andtbiq xun06ju
Node 3: 20qwv32
Node 4: t1zabvw
Node 5: 41tajdp 5fv0fr5 shwhoea
Node 6: ely6s8y fv5c9i3
Node 7: 5vptkd9 b109uz3 crym5ku ohv7v13
Node 8: 0lqk5b1 4xgcd85 qfvge2b
Node 9: sdbu8aa t1k8hk6 z7l32vz
Node 10: bus4njz xl81fjw
Node 11: cvkp5wn
Node 12: 197xmcu bu3vk9v rpf2uja wi6lb9a
Node 13: n78kubm
Node 14: 4zr953w r8lepoa
Node 15: 556a01c d9j1ei5 v6s4svr
Node 16: aut8v50
Node 17: vcjexxw
Node 18: 82j8eua
Node 19: ovzpkae
Node 20: mx5ys1h wor5kpv
Node 21: gysr9ke
Node 22: bh3h0mj kvn6k14 lk220tl
Node 23: qfyuzs3
Node 24: uh2qphn
Node 25: jsxk0v4
Node 26: hr1dq75
Node 27: 199ucpa nh64zwk
Node 28: mhcyfml
Node 29: pzojawp
Node 30: s1lz2i4 y3mi0rm
Node 31: is3hqem
Node 32: 6x6xcr2
Node 33: twwy8hq
Node 34: rfwy1l5
Node 35: scloqzt
Node 36: axjfrqv
Node 37: y0k44rr
Node 38: 62byqfi
Node 39: 061hcs6
Node 40: 60m22ba
Node 41: upjhq1a
Node 42: 47v9me7
Node 43: zg099s0
Node 44: bhz0tiy
Node 45: qnyljvi
Node 46: ub23byr
Node 47: ew2hj8r
Node 48: vo04y90

Node 0: dqxyrta hshenpn
Node 1: gu14h1y lipfpow sqwy7h6 vl8zlfx y1hszxv
Node 2: g2e7t4n zlywsit
Node 3: c62uq4a
Node 4: 2t2s7x9 zpc0hv2
Node 5: 2hdg67m yynav99
Node 6: 9dsb1tj 9kimsub fmf8pv1
Node 7: 3hzz90n
Node 8: 6tr4w6f uye42p9
Node 9: oc9h43u
Node 10: 8jdkpll
Node 11: jhaqfqb
Node 12: okdzpzr schj626
Node 13: om0u8qk
Node 14: qg80ry1
Node 15: dl9xx4w
Node 16: 6cu0aw9 f23eo45
Node 17: ddwqpd2
Node 18: 7tp1dgw
Node 19: xmiyjf2
Node 20: 9tnycyf
Node 21: mh04160
Node 22: qk2ckln
Node 23: qtf3b21
Node 24: fibbwif yratddz
Node 25: ycqajxa

Node 0: u6wpdy6
Node 1: u4wkfzd
Node 2: oiqzy1i sxsetbt
Node 3: 8yzhcga tcsjucu
Node 4: 1f1d3mz 7074yuc 7xyputt bw1opjs klkse5g kr57h0g pkgd92k t1xik7e tk4oh71 ug6ayt4
Node 5: 3qb88jl 3wwg6ej je1550i vvw5up9
Node 6: al8z1mz
Node 7: 5ohdz4z
Node 8: 4n43vaf
Node 9: 44q9kcf
Node 10: 9d2g8mo ksl43bq w5ps258
Node 11: 7igdz1q
Node 12: 76zsk3d
Node 13: znwaob1
Node 14: uav6suf ycho8bp
Node 15: 4u7rygy
Node 16: zgmt0mk
Node 17: ieejj7j
Node 18: 4cjqveh
Node 19: jzm8emf
Node 20: 443lh6w
Node 21: j7rnmjw
