Node 0: tieftn5
Node 1: 09jrdi8 rod42z6
Node 2: 00jdven 20upb30 293zcp4 5yw8bxu 8nomrpz cdqroqj f2rwfnx h0mnot7 hnae63p nctqydl p34ioi9 w1f7wa3 yekkz2l
Node 3: 05ht4fr 0n59pvn 3utsic3 7adskjr u5cqb85
Node 4: hduznva xf5dw7t
Node 5: vyq00gp
Node 6: meq1ucm
Node 7: a3fehlb
Node 8: j1s4igj
Node 9: olbei6s
Node 10: 0tljtof 2s5n8n2 gn10bwv ks8lpm6 rncfhau wbh6ojl
Node 11: nt361dr
Node 12: 0hv99rl
Node 13: buy4fz4 wi9kmz6
Node 14: 304jlp5
Node 15: im2lez7
Node 16: h358vwj
Node 17: 5qa6cou etn1ujn jyy6vzl
Node 18: f4sdqxu n1wnu4q
Node 19: 5o92831 ngobvgy yxojmjl
Node 20: qajef0i
Node 21: sbndork

Node 0: 412e001 568nh65 7tx5jp3 8n1tagw dbukaon j0z11yx j23q7w0 kazz7ng lulhw04 merb9ap
Node 1: 6rs2zkk dt4502x
Node 2: 0b701y0 244xxuv 2wlzd6n 4qeh0me 9hf3k47 madwvs2 zutqe31
Node 3: 4rgor6u 7iwb5ge 976bu98 hn0blqn lqw67ni rizszjs whftq0v
Node 4: 6emmftj 7ulp3jr asr62ll cwg75wu faipvl6 s9mqkme vpfp3v7
Node 5: 47no5im 75qv3ct 7fr719i 9oj9s1m bez3mfh c3fv37b h3mvxjv ki1akk3 ne6i46o oye05a8 pazxye9 q2qjr7m scfox5f umrl2xa yy0edei
Node 6: 93c1wsv d009x1v g7a0tm3 lgifo2g rxf3uzt sihixhm
Node 7: 708744v e0vdr43 uu0rii2
Node 8: bej27mk
Node 9: nk0nx0b
Node 10: n13jv5v
Node 11: sv9k8fr
Node 12: d0y2udi
Node 13: chkkedb
Node 14: zo7rbh8
Node 15: p4z4zd0
Node 16: 2r44b31 eredmpg f3wvnxx oza2s9v
Node 17: ax8f04c
Node 18: mifpcus
Node 19: st4ul3m
Node 20: y8nuers
Node 21: 4hfpx9u einh2ha
Node 22: 0oxiztc
Node 23: 5imzmaw
Node 24: d1bddf5
Node 25: 25j6sxs
Node 26: czu0rfg
Node 27: 6amuak3 nmmvgtg
Node 28: c4ey6ji
Node 29: 4m3fyyx
Node 30: 2aj9z3i
Node 31: ln8p0d1
Node 32: mt9iosf
Node 33: mkvylkr
Node 34: f2dbgsz
Node 35: 12vq8ba u0tzk7d
Node 36: bhvr3sk
Node 37: yxsk7gn

Node 0: 9vdcqy7 g4wu3q0 mcunuqm mlze23u n0jogw7 rx3j9vh vq78yng
Node 1: 3diigwo 480h854 4shudtw qm7qsy6
Node 2: 9jg205v feydol2 rl298pn xjv0379 xznr8hz
Node 3: 3m4cuho ecrm0oy f9vfl55 hg5bsyt jk27vgc p7jmq1x uzgmu3j
Node 4: k7uxj6f yb32v7d
Node 5: r7sfonp
Node 6: 3idivbp 70ttlhf ciz3htp hsbvwtp z954g5o
Node 7: zke55xl
Node 8: 5uh59eg bonxpdk dy9z9xc g5pm73m iqzjdx0 j23gb02 qc44rod sxhdk3e tcmzn3y v9jnpdm vtfx1y2 wdjxkob zzaojxf
Node 9: 3w7cf24
Node 10: 1ud31h3 eimeu1t nrljaah qfj8boa xpi7obj zxn97m6
Node 11: 1dhobc3
Node 12: 8jdlo7h i8m206f kgschbo z2z1bj3
Node 13: aoj0y00
Node 14: 3ldxvk8 6zib2i3 6zwy4qp 8hr36ng lnty46e nrwkfzk
Node 15: ngmopt4
Node 16: m613voe
Node 17: bb0s1q2 q4mdebn
Node 18: aj9h2qe jcmtdg6 r1tjnsg
Node 19: 7mkdfe6 9vq494r ckb2gc9 kn2s84k ydqb53a
Node 20: uruwj5n
Node 21: 0lnziyn
Node 22: 5b4uy5l qhronw3
Node 23: u3luz1i
Node 24: 1eczr68 mmt59o6 x0lqjq1 z4ivlvx
Node 25: b211kc0 zqet7q3
Node 26: 92rkfly dsizdcq lh08r34 pjopus3
Node 27: 4xci8bd
Node 28: r6ygyfc
Node 29: 8yrr5gz
Node 30: 6vhnqom
Node 31: uze84cp
Node 32: m7kj6ys
Node 33: 117vwp2
Node 34: twvuqo2
Node 35: 04d1ui8 ypi7iyq
Node 36: f9cz65c
Node 37: k76n5lb
Node 38: cfbqnh5
Node 39: 2acsxn0
Node 40: 1mkypbl
Node 41: s8zczk5
Node 42: xudigum
Node 43: r3jccw9 sg14n6q
Node 44: 13qcemr
Node 45: fuinflk it58uyt
Node 46: qwc1ycm
Node 47: l1o98uo
Node 48:
Node 49: b5pkqve
Node 50: 7el5yol
Node 51: xil9fvj
Node 52: p7y31rq
Node 53: 6f4jhhf
Node 54: cba0skt
Node 55: k720q1o
Node 56: pnwh23w
Node 57: 39ff12y
Node 58: ip0r2e7
Node 59: d2zzeos
Node 60: f5niis5

Node 0: d0dafr6 u6vu8cl
Node 1:
Node 2: 05glstn
Node 3: 4zn889y
Node 4: 13n7t79 e0kucvm jfc4mcv mbuhj2q osmkitf qwji2q2
Node 5: 6baszwn h32dhff r4nlbpq z0r42pw
Node 6: 0ry0fzw hxmyoqe lqb3vz0
Node 7: 4hd8y76
Node 8: jhsdgwg m6tfgjy
Node 9: glakstl jfqgr9z
Node 10: 16oh1fw
Node 11: iv068y5
Node 12: q3u4skq
Node 13: lvv7uu0
Node 14: x241crf
Node 15: 7fbowav
Node 16: 4531uut dhz8owa r363mt5 rnxnw0m
Node 17: qxq1rlb

Node 0: 3t2hqci 9gerlla cje229y cw2vdwh d4oe7xg dvnm8l3 honyf9d o8g7su9 rqw2gwh t85lgl2 x8e16ho
Node 1: 477mump tu1tp56
Node 2: 4x39p58 4xz3en5 9qgan4u nbpa4dw skq769g
Node 3: xu0pqf5
Node 4: 3hbpr7r 5983aer 5dn1094 h6bmymb wkkx5k0
Node 5: 1jqay7y k9nsa9r
Node 6: 51wid0j 7n99nfr uw0pb25 ykh01ka
Node 7: iy9lxxl
Node 8: w69m1ne yg1v6z8
Node 9: 0b3r7f7 1obfd2h x8x0zjy
Node 10: 1syfu4d 83wj6j3 c19yyj6 g8kui0v
Node 11: tw791go
Node 12: 57l2upl w16bkn8
Node 13: 5k8d947
Node 14: 83zqv63 enetlts id7huwr jq793i5 lt1uf4r nvhx8vu oulq3ia uvwxj4g wsv27cs
Node 15: 4upb584
Node 16: 57m2mo8 ekw5std
Node 17: 31aqnpl nmf1n6h
Node 18: eh7m9v3 g8e7akm
Node 19: eui9vb8
Node 20: 6zkx91e
Node 21: c9k2rie
Node 22: us2nnuz
Node 23: c1hn0d5
Node 24: bq03v9n
Node 25:
Node 26: zpi8zcl
Node 27: rxgi00t
Node 28: bm9a0sf
Node 29: 3ib2l31
Node 30: wr8bis8
Node 31: vi37z8z
Node 32: ntk76sh
Node 33: irxr0w0
Node 34: 86aqpta

Node 0: pbjku3r z5klh5b
Node 1: 4itsrav 9ltqej7 drez11n
Node 2: b8ssd3k fppfxtw tg73sdg
Node 3: zhbiosh
Node 4: 6y1zq1x b9d4izy lsxagju m8zbe6z
Node 5: 2c38560 hy8bdi5 o5kg89c qa3x43h txutuom vdk6x1e ymnnid6
Node 6: 77r3ey5 v8xm403
Node 7: 7cqkk6q 8h0n2ku bpu9ypx
Node 8: 8rw1f9w a2pg0qj lns925c
Node 9: ohjq0cx q11swcw
Node 10: 0fmgf31
Node 11: cwo6j0y qm4bq2u
Node 12: jkajmz0
Node 13: 406ee4k jcrk78y
Node 14: 6ftv4n9 7ahburz lipxm65
Node 15: 61xmica
Node 16: 8wyhnp1 hm8qcg1 l28hflu
Node 17: alcr5ko
Node 18: 7d42sod te3qj2n
Node 19: dyxcrwv nsgeyvm sq6doyd
Node 20: 5f7luhn
Node 21: 1bgvsts fwvf2et mf0ha83
Node 22: maax659
Node 23: 29om1ki
Node 24: e6l131x
Node 25: 62r3ivb v7yfesg
Node 26: 7z4djlo hvyx7hy j2j4ahx
Node 27: is7ga0h
Node 28: csv87ki key077a
Node 29: 23tm4ao
Node 30: dwilfon
Node 31: pclyj1d
Node 32: zrlnu9a
Node 33: 3l19pp0
Node 34: 5ht10wf
Node 35: eq2vj0t uqpk3qg
Node 36: moepyqd
Node 37: d8h6evx
Node 38: k1174na xulax3a
Node 39: q8hc5it
Node 40: ha3ndrx zlmw600
Node 41: we1pgbo
Node 42: mz5nkz1
Node 43: 16knq65
Node 44: 3centhx 6d7b0w4
Node 45: uyzvbnu
Node 46: y1xhys2
Node 47: kwdo13g
Node 48: dqwggc7
Node 49: yfi2enz
Node 50: c43hz9w pq57681
Node 51: x9qyusq
Node 52: a63g8s8
Node 53: gt1br9c
Node 54: xn63kdr
Node 55: up5hpv5
Node 56: wyemc9i
Node 57: eozn4ug
Node 58: s31cn9k
Node 59: grbqz5u
Node 60: dxmkbe1
Node 61: p9w342i

Node 0: 83nc7lr a6xokrp dn3mb0x rq7fpxj y06mjqj
Node 1: 5vm92rf
Node 2: 1nlfdht 2zd7sce 38lmjsh 53ylq0p 8ca99dg 9t9jjrc eu8eqf9 f1qmexj haq8ecc k55tyso kgnqlc9 m3f03jm nbfcvzp nj6h7t5 vbho1vs w3ss54t y9dovno zw746zs
Node 3: dn5sdt0 l0m0ft9 sbpdv17
Node 4: a6diicn
Node 5: 2f90ns7 nt18kxd thil7sp
Node 6: 8grpgpm ap8tmwa h0ylg2q kmqdw75 tgjltmo
Node 7: llxn57y nct6g6k
Node 8: 9tzk8q1 s5sbe2y v8wcpeg
Node 9: sw10xjg
Node 10: pw6vnct uef21p3
Node 11: tq1rk1m
Node 12: vcmsxlx
Node 13: nd88b9b w3jlgtg
Node 14: klf1uyt
Node 15: bmx7omn evjhin0 j96tgwc w15mz56
Node 16: 760o5bu
Node 17: 3gcdhds 3wg7q3z 866gbn7 apw6f0a ceed566 klwbs57 ouksbpm
Node 18: vm3ffyi
Node 19: qy0ua7l
Node 20: 0ipdfao lyen07w s1sflhm
Node 21: gyqy4em kt1xgib
Node 22: 7v1onr4 bevf2r8 d85iuid
Node 23: m9ld9bz
Node 24: im22lzk
Node 25: w1u6lcm
Node 26: cpofw2r
Node 27: nlpqe4o
Node 28: o73euof
Node 29: oc0jnik
Node 30: cvrkekh
Node 31: zts4tnr
Node 32: n9oqebx
Node 33: e035ain lni6bol uekbwd3
Node 34: 972cigi
Node 35: 3l014p6
Node 36: wd06ti0
Node 37: ueuc40m
Node 38: fxqsedp tz55l43
Node 39: mrnlupw
Node 40: daskau5 eapuv0d
Node 41: q9lqcdl
Node 42: dbsps7d
Node 43: ebhzbqs
Node 44: 153vbq1
Node 45: 72xzre2 w3c6tg0
Node 46: 3jpwqjr 5hy2tpv 8a2pwhz wzp6nys
Node 47: u9qzhsb
Node 48: xxp1gd9
Node 49: qsvcx04
Node 50: rgdcwtl
Node 51: ux4cy5y
Node 52: boqafw4
Node 53: 80gyw8o
Node 54:
Node 55: kmorlba

Node 0: 2mp2q8f 4uh4ype bhg7t8p okgrm15 zfyafxu
Node 1: hqom8ek
Node 2: 7uqezq3 fs45vow qunblrr
Node 3: 73nwzdi 7zgqrzg b6uetsm yugp03j z8ql8t8
Node 4: mr5r3n3 oxjh4y7
Node 5: njm8b8w qi4khcy
Node 6: dorh7oi
Node 7: izzifl9
Node 8: xylniji
Node 9: 3hz290t o15pqt7
Node 10: 53lyiij 7upsa84
Node 11: fahjeym
Node 12: 6m0kz7i
Node 13: qs14syx
Node 14: eizjefw
Node 15: cjefzs9 wgtk00u
Node 16: ajuhfx8
Node 17: k07a6t3
Node 18: 3ygseim

Node 0: 5j9aku6 8t6agvc 9xkr46p a8cq7ri ahsv6vy am8gxy1 es3hni8 fu2lgp0 gadbokn ghy5p1y h7u1the hootzmn i8ece75 ih504dg jvi8sgk jx0n1zu mza1cgw nss63gn oarbewm oc7grrl uawwnwk uflis8l uj24xw7 uvxkem4 vhbkigc vu2lfux w9006i0 x72c7zw x7z05ia xaok0b8 yz4oa0s
Node 1: 00b7pgx 3aoce56 5cp8ot2 5joce4m d8x4fu6 k2n17fa n6ny5ov p86icyd pdbwpaq twyxaly z5ajeit
Node 2: 10gwiq1 95zfvx8 bonedme c9tdytz dn1h0w3 kjylgan ogw8lfx prrha56 vhfbkq5 z9amc84 za8myw4
Node 3: c1r2dty
Node 4: 8434xv2 uyokncm zzxf0f4
Node 5: 8qzj4a2 xzfp617
Node 6: 564ii7k 6kedv5b
Node 7: b3ssru7
Node 8: k7xy71z
Node 9: fyu8jir
Node 10: 2nmz8jo
Node 11: iko4ors
Node 12: zxyaic8
Node 13: 3di1qf2
Node 14: i31xyv8 ok6wmz1
Node 15: t82oj8o ugxg7l1
Node 16: 82u64pd fc4amk9
Node 17: 00gksti 417mauv
Node 18: r17r5w1
Node 19: 8n5nks8 v6gup7w we6z5hx
Node 20: x2zfg3o
Node 21: s95rloh ucmwxba
Node 22: dj7sxdu f81oejg
Node 23: w7msoa1
Node 24: 49079v5
Node 25: 8zzgct4
Node 26: 56cjqh0 bup5umr
Node 27: igflbx2
Node 28: a3t94sh
Node 29: f5e6hgy
Node 30: cuzbwpv uify1h0
Node 31: gsbxryx
Node 32: t13nlmj
Node 33: 63as5ui
Node 34: i1eoy7e wwayhes
Node 35:
Node 36: 5q141om
Node 37: 5x5cxl0
Node 38: w5gmfdu
Node 39: nsvu0s1
Node 40: dwy3p6p
Node 41: 4puvf54
Node 42: v6aq0b5
Node 43: 6dtgbh8
Node 44: vbsllal
Node 45: cb8m33o
Node 46: 4z4cg24
Node 47: 1l344xt
Node 48: gl2xmwl

Node 0: n4yc8o2
Node 1: 8is0euc boffvmn cynihu4 ewsy82k gqvbhw9 gygqnol gzgnj4a wlnzmvg xpeclgr
Node 2: ntojwj7 qw521j1
Node 3: bkz58yh
Node 4: nealn06
Node 5: e19yor2
Node 6: qbrlvmu
Node 7: 9jnjuw8
Node 8: 7ceucyc
Node 9: ppgq93e
Node 10: kb2jube
Node 11: woao8ss
Node 12: fonu045

Node 0: 1ydzql3 2dzzcop 3mczh48 4hnemf3 8pkvwbi aga5lo5 ar2tw13 enthq46 fq6lxd3 ioc8zhz lo4tzkh pi4zyr9 ttddkcg uk5zu6o vqbmigq
Node 1: 12bd383 o20b8mw
Node 2: puhb6l0
Node 3: 5j31ra7 7h23nmb hebsk44 hq1bi2q op1bjw9 rpqw93t tnqrcm7 uh23og9 xea4s3g
Node 4: 0pqvu50 u5jglen
Node 5: evo825c
Node 6: wi4jyat
Node 7: 1rtignb pb4sozl
Node 8: m4vbl73 sgmteb0
Node 9: nsvbk80 u1e620j
Node 10: 5of0z0e nc69l2m
Node 11: 33yku0a 6q6f4f7 f49u8xi
Node 12: ndn4d87
Node 13: 3yzbp2r 5h0ejpd ixdqasp sz7xi0a wuvc5vv
Node 14: 03cqp4r hqzxx05 zz9tntw
Node 15: kj22rks
Node 16: 5y02tpn
Node 17:
Node 18: 9uhv709 l56gd53 thz1a9k
Node 19: bzyoszs mj1h8o4 z57qny6
Node 20: 7segbcs q6zsw84
Node 21: 9ybz2ti
Node 22: mci61l9
Node 23: 5ykq3pg gmq72zl tiss42y zbnrm0y
Node 24: e9y8k3p
Node 25: 60akbn3
Node 26: 44cz5yg
Node 27: mkn952o
Node 28: 6g3atw9

Node 0: 67fidv2
Node 1: 67j9y4h 70hlaal 7fs2qqq 9427sa0 azzze9f c909wxz j9auoyw mcmtjxm pjremux plla775 uupgvz7 zrw1t4p
Node 2: r147v4w
Node 3: 69qxhnv b8k8dgw nx956kp
Node 4: vmpo1ih
Node 5: 75yup94 g7nju3s u7kdfkx z23qffl
Node 6: q5tyqkd
Node 7: gqg7icw v1qt2h1
Node 8: 0qeu97b vdoip65
Node 9: bkwcsyc
Node 10: 37tlrsk
Node 11: ffs38pf
Node 12: 9u9kho2 e1o4nr7 p0ub0pv qpi3e3m w79i8aw
Node 13: 75s3saz
Node 14: 2isvkvo
Node 15: 5or6qle
Node 16: byb6mqs nczkn23
Node 17: eifqvoj sra1kn5
Node 18: 2a441by pzpe5p7
Node 19: ai613so k069h2h
Node 20: 8bt4dkh
Node 21: 15wkhyw
Node 22: 9rlfui9 rrcda3z
Node 23: 5d251hj
Node 24: zyh3dl2
Node 25: n7nj6jy t6gs8q9
Node 26: kv19514
Node 27: yeuj2ol
Node 28: 4q4fgsl
Node 29: mjn5ub8
Node 30: t1321hc
Node 31: aniw5sx
Node 32: rhhcevj
Node 33: p5341wu
Node 34: sv592li
Node 35: 8nvpeb2
Node 36: tbcfewp
Node 37: 73h4t0o
Node 38:
Node 39: r3eon17
Node 40: 2e5jhpn 7xjn6pq
Node 41: 36md8ju 8zb2chw
Node 42: dx18zd0
Node 43: t0iiqra
Node 44: w54nfmc

Node 0: 2ei7zqw 8mlbykv dpeq8mz gkej4rk hn4os3z l9ck68y nznibcr qac366v sbotf7q
Node 1: 0q0y61n ey4u7zl f09zz9d tuvtrzb vu0s61n yo8yr8z
Node 2: 2of2gzx
Node 3: 8089p5b 80alu8e 8z2t98y dbdchee iqnbl62 noc25vb opul6zp
Node 4: 67gzawn 9hydooh gc56pnf
Node 5: u3x14nf
Node 6: etsdv0n hx2fetk
Node 7:
Node 8: n51j10u
Node 9: 66rhfk3 fzh87ja luxsybn
Node 10: 9jbcyim e3y2j4y mdrgzp1
Node 11: sh554xv
Node 12: t8n10ch
Node 13: hz4o93a mfru6pv ngny19g
Node 14: 0f35udh
Node 15: f2rukzz
Node 16: 3sjtqmn
Node 17: 1ng75px gztx5on
Node 18: 9324iyy
Node 19: xcynev7
Node 20: uyp8kn0 yiqtko6
Node 21: hvruv3c
Node 22: f130y20 whyernq
Node 23: fl4j8mf
Node 24: myzowgm
Node 25: 6kvsfbv a5nqn0g bd2qnbj
Node 26: sjvjntg
Node 27: pm9rlr7
Node 28: lsutb3x
Node 29: vzq7h7e
Node 30: 3hipi4b db4da96
Node 31: td175kd
Node 32: 94ddzet fuz4w2u
Node 33: phoq47i
Node 34: uy9at7o
Node 35: dwcyt3c
Node 36: 6xhyc6n tlhgw82 tmxevax
Node 37: 0pfn6te
Node 38: u0mwf7l
Node 39: 0bd0okj
Node 40: np45w28
Node 41: w7hoi92
Node 42: w0aonkd
Node 43: qak9bbp
Node 44: dh3yd1y
Node 45: n613idy
Node 46: 19juvgs
Node 47: lidhemy
Node 48: wl8uu1p
Node 49: zrjx4pr
Node 50: c4hpsa7

Node 0: e9c2plc iksktr8 kdkkf5q w7vcw87
Node 1: 16e5k0m 8vs6bx1 bdjyxsb c9mshi9 f8xzp5y nl8bbkk xi9gue4
Node 2: 4ymqpth devuutp fb15xuf lezdv9s nhpy3lc qtngcep r8p32lo t6c8r93 ua0h18a
Node 3: jt3cgk7
Node 4: 2xufmtq jjle7tc
Node 5: fndc3yn
Node 6: 4niv7n0 4qst46h dtqeyo4 l8vk1do rc8w020 uoanzhg
Node 7: fgabmir fkybwz7 iae8biz rof64mx zpmlhe7
Node 8: fyij8dt nzs79lc t7w5kdd
Node 9: 18c8w44
Node 10: 7mdhnvz
Node 11: 0053grf
Node 12: 5j1edy4 rjz1mr1 tekrjui
Node 13: 7hcyfvh
Node 14: 8gtg1og
Node 15: 5rwulag
Node 16: q2bk3dp z1o5e31
Node 17: xkhp6de
Node 18: fhp221h tpbx89d
Node 19: nfkmhxm
Node 20: 6ztnhg1
Node 21: zms7son
Node 22: rqrgkx1
Node 23: ooyfz3v
Node 24: ff7bp21
Node 25: j0pxn3p
Node 26: 2tynclc
Node 27: 4pff459
Node 28: 607vjw2 lkoi3gx
Node 29: dssgbe2 l0cfob0
Node 30: 3ymwtun
Node 31: zg3p1m9

Node 0: 69ro97p 7jjhrqh h7zypaf hq0z8d4 idzslx1 lsj0coo pmn2mjn vpq0two x47vlqg
Node 1: hp1b9jp
Node 2: lkrd1km
Node 3: srjuo66
Node 4: f762y6o
Node 5: 5yrebx0
Node 6: pw0mja9
Node 7: 8u2a2su b4jet5j ilvch24 swa6sn8
Node 8: 7fwkwv1
Node 9: plyhfvg
Node 10: 6jdw4ex
Node 11: 7hgcxy4
Node 12:
Node 13: wu79jw2
Node 14: w9ku32n
Node 15: 61hy77y
Node 16: 7cb70xo
Node 17: u3428l8
Node 18: jlqku4g
Node 19: 695w8ra
Node 20: wltm42u
Node 21: fdyn9sq
Node 22: mlxzl5q
Node 23: ewecqlu
Node 24: nmgnq3q
Node 25: 75eht5p

Node 0: 29yirfy bmltg5g cqjx5jn utfew0a yssuu1t
Node 1: 45w5pwd w869vdz
Node 2: k9m51cj ypq61ka
Node 3: 60e1llt 6kao78j e1qnglf l6pt0cv x7n5w8x yi4qd4m
Node 4: 5ie1nkh
Node 5: wahexta
Node 6: m014zvw

Node 0: 4r4zci2 95m8ht2 a4za42i czkz7im iu2l7g2 j4ze71q kx9a8b1 myu3sdg oojrokr vyt4dyg wqlbqli xp34o1f
Node 1: fnq5dqu pq3soen rfeyjqs txc5hwc
Node 2: 8qs1ih6
Node 3: l5w9shn rw21qds
Node 4: 74evgh3
Node 5: 5zu645a 8lhefnk hfl3z3m
Node 6: 1vxm8fw 2gxqkh1 b9zmk06 i8tbi8l x8wh0e4
Node 7: 7tt3ruj apfpczz xq3ygd3
Node 8: bqf2p8t orkzs37
Node 9: 96nzmu9 m21xbhp vmum1xb
Node 10: m1vi43j
Node 11: c0lx4iz utgztjj
Node 12: 642lckk 8sialz7 mel3rme mqsb4r0
Node 13: 42hxhih 5ky3qar jgfrhyh s4gaska vcnezfw zk8kd6x
Node 14: qs802xc
Node 15: 49kx45a
Node 16: z83h2c0
Node 17: rrkjs4f vhukwou
Node 18: 0paitta
Node 19: e2tjajm
Node 20: mqsbfid qavep29
Node 21: 7ssg53b 9gwegye tddqy1l
Node 22: 3j5494n
Node 23: 414jxt5 71hgnz1 zkzlc1z
Node 24: g5a1p29
Node 25: 69kwj6w c3dozlt
Node 26: u6h3cw0
Node 27: fbh3eyf
Node 28: 3lexnsd 6xypxj4 fyoys9z kyvmqqo ntbz1je zewyhed zzzl6os
Node 29: htr4ukz
Node 30: wrtmk9m z712h25
Node 31: l31b150
Node 32: euc4ogw
Node 33: ctw6xxl y7oupwu
Node 34: g698m7v
Node 35: k3bc12s
Node 36: 3qjsp6c 6s0skql
Node 37: 94nt0qr d48uhaa
Node 38: rvv390s
Node 39: eov7i8g
Node 40: i7erakq
Node 41: 8efjiix
Node 42: 9xti7k4
Node 43: ixljv71
Node 44: uxurjnq
Node 45: k3pa5uv
Node 46: 1gub730 ah56nns
Node 47: 7rm2tmr
Node 48: 2g2janl
Node 49: elgk4cr
Node 50: trj8mvv
Node 51: xv3h897
Node 52: 7eqt988
Node 53: 0e45x2b
Node 54: c15zqjj
Node 55: svd9dp8
Node 56: v4lkwlf
Node 57: h66mzhx
Node 58: dg62o6m
Node 59: gh1u1tj
Node 60: 0g21p3b
Node 61: pt29xuw
Node 62: jkb45tq

Node 0: kyr58dg u5m5w96
Node 1: muuxpjm ypbs6dt
Node 2: ap0mqyl qlfjuml
Node 3: fnmbdtu
Node 4: 72y9ypm 901hpic 94xfwgm e3ka8vq l0b1f93 mq4onz1 n7jselk vbtdoh7 z9pej4v
Node 5: 4bjdn16 btr1meo do7zyjs g3triyq tv6fqok uu6bmql xvpnqt1
Node 6: biy57et ggmol49 sqn3uo7 u0a8fpg
Node 7: 65lmpg4 77ch09a 7cdjhz1 9iasvny au32et3 bcf6w65 d2haban dgsxkwh etoloj6 g5u0dn0 h3myosm h4kuz9n ih7pxgf jfvlb3s pdyddl4 r9dcya8 set0syf swq6p0a us7vdnr wwrx5b8 z5jtfqp
Node 8: 9vzufk3
Node 9: 3bonab9 ag6wkqj t2jgt83
Node 10: 1fkk31e 34y9d4f 4hsslre 6v7vrqe 8icx7tj cbhivpv ccanf7l hk1u55i ip0cnjc mjblasj pua39rk rj9hgai wqi5d6i xclixhd
Node 11: d99olwd rdyn8jz
Node 12: 0vf3kle 83mlexo 9tw6oof
Node 13: 6602n6i
Node 14: 4g1s901 8iwu833
Node 15: 1ix6xfp e6sv4rk
Node 16: 71ai49h
Node 17: qt48wyl
Node 18: 6d0p9ya ezkowbz
Node 19: 69gwbgw m4ws1s5 n7bvylw
Node 20: 3bbmk24
Node 21: d0ehl7u
Node 22: i8isj5v w4wcivw
Node 23: d7ql4aj v0527x2
Node 24: 0qnoyjd
Node 25: 8ityusk kfwwb18
Node 26: o7knc7s
Node 27: 7q68bam
Node 28: 6tdbb4o hflatux
Node 29: ic5jdny
Node 30: 89j6x7w
Node 31: b3aq3hj q33u0e0
Node 32: bmvmmwu
Node 33: 05l8zzh
Node 34: 1rl7c2w
Node 35: rjxd4ap
Node 36: i4avpcs
Node 37: piecvdf
Node 38: r4pfbbo
Node 39: 7na0yz3 dpr6c8e xjsxoys
Node 40: 5znn302 86fjnph byyk8cg
Node 41: kep7er1
Node 42: nad90pq
Node 43:
Node 44: 7ojs0zh
Node 45: ulkpjyl
Node 46: lutaqm3
Node 47: 600iw9a
Node 48: tjxl64r
Node 49: ygw6p00
Node 50: ckb9zx4
Node 51: 38gzujf
Node 52: qju8gmf
Node 53: az8zfbu
Node 54: hrb123c
Node 55: ei5bwgr

Node 0: 326ker4 3hp28dn w1i6s1a
Node 1: ws4w4an
Node 2: qrhp9yz
Node 3: m6uleov tv9qltq
Node 4: kxzhke8
Node 5: cu5cclf
Node 6: h9ulyhs

Node 0: 5xm1am4 85aso1l 9v1391s h215vgx hqiotcd iat2c9i otboq26 qoesijy r3kgw21 v2lcvuu vb0egq3
Node 1: 26feq7h 61jfvv6 bj1j4pq ez929h3 ob8xh2o r290ajs sywctob
Node 2: ir92j70
Node 3: 77kofz7 cxprakc
Node 4: 48jwoek w4308ky
Node 5: 748gya4
Node 6: a02zpj1 mlzazk9
Node 7: ui111ht
Node 8: slmag83
Node 9: viiztua
Node 10: r17r8h9
Node 11: r5d7ieb
Node 12: bueitmb
Node 13: 5xj6m9c
Node 14: xawn316 zwiz9co
Node 15: tg8mips
Node 16: 18oy9uu wa8jrzc
Node 17: e7u2cgl

Node 0: 1epcscw a2mahh4 nrug3rz
Node 1: ic7qxns
Node 2: 2mz8db6 rdmctuu
Node 3: 0bgf343 houtpuh puvb33p q0f1y76 r5vah9a za886v1
Node 4: 5g7bakg 7kwryrl djfmh5r
Node 5: 27dxnl1 ch04vnq y8kfzer
Node 6: 5g6ihwp 6asy932 f2dqxcs naoef2o pmmooiv
Node 7: 035tmgs q58hi8i
Node 8: 8smajp6 nsix5za vqqwazx wnnqnl3
Node 9: d0geh5z
Node 10: 343d8eg kaqa8am mvfykls o33v8c2 v4vom9j
Node 11: hbqmh2k x5se1w1
Node 12: 5tc8jha bdc86kw
Node 13: 1ivgwk6 69gxwag 7pcl9qj tpus0su
Node 14: 9a24ohg
Node 15: a9jorhm qr04axm wtpcq5f
Node 16: 60crelr
Node 17: onsp7u0
Node 18: wlwmgc4
Node 19: cgiti4i too8kig y3fiqwb
Node 20: 8swijix
Node 21: v099tui
Node 22: tb05afw
Node 23: 1ochf2r
Node 24: 3kbg5vm 50outxx 560syc3
Node 25: 7u351i0 dhtb0y1
Node 26: eyymtrf
Node 27: p617995
Node 28: klkex00
Node 29: cvxsg6f
Node 30: odb5nio
Node 31: kofnbxk
Node 32: g1xftn9
Node 33: gfjrna0
Node 34: yo9tlr4
Node 35: k12j4tf
Node 36: hc6mgbk

Node 0: 0213f6c 38i3qk1 a8vz6fd bmk4e9y fwmkxbb l0moi9m mgozzfd om395e7 orsuvgo p7qcjw7 vqbyt05 xvd9wab
Node 1: 2mfjgvp a7a24zx pci8nw5 u4gra7q
Node 2: 3276zv5 i2l824o
Node 3: dryqql2 kd51dzz nc0o32c nwfixo9 unm2wa0 yfp3jg7
Node 4: e4g5gcd
Node 5: 0yklia8 2nlzda8 3bxiu68 56m30hz e1u7r8y fsjxcrv iktta91 kvisajj lfzskc0 nm8xc2u ykumsyi
Node 6: sidmedm
Node 7: jpez7s2 zmpcgfu
Node 8: pq27j87 rnszwdm yfux28u
Node 9: nwkwp4h
Node 10: 7crt49b pj1zijb
Node 11: 40jyy2n w1qad8f
Node 12: 8ftt0tr pxv98pk zl64sqk
Node 13: tl4wj8l u0ykh3b
Node 14: fgjqzoa o0tt2ya
Node 15: 98b7dpo
Node 16: 60w0pf6 90qrsb0
Node 17: 0mrvnpw g3mg5gg
Node 18: p4jggni v242yp7
Node 19: 36kfbwu 4qzkdng 80z7853 a1yyn3j eh6i8jm lizb9m5 zqqg1x5
Node 20: 2erfgx5 72zxfug dljxaj6 dy1zwwj xnkzghp
Node 21: 7m5drc7 e7vi6h3
Node 22: 5vq6go0 nee4dfw vepcmvu
Node 23: jwsa6ye
Node 24: p5mqhpg
Node 25: ongla5k
Node 26: 2tpkqw3 cbmf167
Node 27: 098ybrc
Node 28: 4cqijni
Node 29: qxytjxv
Node 30: 11z3gj5
Node 31: ejk62y1
Node 32: bbtxjo0
Node 33: 27y7scs sad4nmv
Node 34: cyipe52 j6b905n p985fd7
Node 35: 8p2gp8z byoko8k polxqnu
Node 36: vlxnm5b
Node 37: 4nybfgw
Node 38: yjm0l97 zgyj9bg
Node 39: l00nv80
Node 40: crh8ule
Node 41: 8yr0ggw
Node 42: i24sb8s
Node 43: a1ty5c4 ge7mrku yoaobfb
Node 44: cm1e44y
Node 45: fjdl36t qyjo0ci tlbsgph
Node 46: kp1aqet
Node 47: lvqa4ve
Node 48: l0nkdez lwhqmnm
Node 49: qjzvud3
Node 50: 50byne9
Node 51: 0q0qtzd erqccbz ydtudkq
Node 52: rt87efn
Node 53: mgjzsc5 y81olt0
Node 54: zlq2xnt
Node 55: muynj6w
Node 56: 3w2zanp

Node 0: e3skkkz
Node 1: i3yqjbg
Node 2: pju5vwv t7gb0my
Node 3: z2aocgm
Node 4: cnl1ye0 mbxc5k0 nncw47h ph58qof
Node 5: d3z1ewv
Node 6:
Node 7:

Node 0: fdzuxuw k44vart l2bizku w9rdjdh za2mu88
Node 1: 4dpiml1 5z3u0x8 bsnl08i kk0a7k4 xk5isuc ygkrzwe
Node 2: aflhm2m avkjne9 f1bkuvp mal274b u2y1ved
Node 3: 2bordnt tqyk8cb
Node 4: nnr6n11 xw8j44d
Node 5: mycnwnu u7dc3wv
Node 6: jishj08
Node 7: a64lz58 evzjlxn g5c2o03 hykcc71 ktpp2et wmbiaxn
Node 8: v39soj5 zke4ijp
Node 9: cy394fm s96v91n
Node 10: 14mpu65 2wep1zf
Node 11: flnnsho
Node 12: 68suewp lsap77p s1x1q08 sfc9kgl
Node 13: 44rtfd9
Node 14: bghys4p
Node 15: h0lm0ha
Node 16: jn1t1q8 qjq551g t9u0aot
Node 17: dgw3bbr
Node 18: 0ljm5gm
Node 19: 3hsi2qv
Node 20: nk1695q
Node 21: ptv4b0q
Node 22: gmmio0k

Node 0: bttlx7w kznriyq l6s0r5d m9fm5xy

Node 0: 00myndt 1po7tzj 38eq48f 9lt2vzn jlez713 p3edqb2 qv2343a
Node 1: 08imyuw 3y13cs0 h6ngjno
Node 2: 3hpta1k 6q6bpbc gx24yx8 khytvnu
Node 3: 14nybjw 1uobxxc ao24dbo h43a143 jsqrtbl zdlcjgn
Node 4: yf68wnz
Node 5: vcdw6kc
Node 6:
Node 7: xqjnl17
Node 8: nl79s88
Node 9: jl03s4m kws3vq5
Node 10: pujtayy
Node 11: 42dfla4 c0n1297 cvi7vs1 r2n6q22 ssanf1v
Node 12: dnzw02x oy9q9xi
Node 13: k05e1u9 llg420m
Node 14: 3fs4o1x u01izvd
Node 15: rgs4v1t
Node 16: pjih5w3
Node 17:
Node 18:
Node 19: withm5m
Node 20: an7h9su
Node 21: 4pelpmm
Node 22: goxvhg1
Node 23: dkqsuay
Node 24: ct46ydg z7z5o19
Node 25: 5bd0rag
Node 26: 2s3457a
Node 27: ogwlec8
Node 28: x7z5hiq xdkle62
Node 29: c35kahh
Node 30: uo2p4qp
Node 31:
Node 32: dpm6s6g
Node 33: sxoee2p wemjbeb
Node 34: t7mkhso
Node 35: g64m8q9
