Node 0: 3lh1y2a bx1z7em
Node 1: gu8jx85
Node 2: 18w71yk 6jy6tdf 8tmsjji
Node 3: 3y4hkne
Node 4: n8ucoa9
Node 5: adc5t6k ex2wqci
Node 6: jmnhrvr
Node 7: r1nkm28
Node 8: 19vx47i ib0gp8m
Node 9: t0mtgfq
Node 10: ex3kqq1
Node 11: y1ql8be y25xe7y
Node 12: wgm4c7r
Node 13: cpves4h
Node 14: 1uv5xl4 kd3nhj9
Node 15: 4c1pfbu
Node 16: zenyc7p
Node 17: ydkgyon
Node 18: 325zoc6
Node 19: zokmj1g

Node 0: 4k40f6e 5wvxm0k 7j3i9on 7m5viqu 8kxhk9l baj6dzj csxahpk dcize07 dzuo8y6 kwrphpo led9s4p m444c0o n2sjoc2 ndfldfn qp9xvu3 u3616we vskkjd7 xgpk4h6 xheipkv z7msyea
Node 1: gpurdwt
Node 2: 9oxyele nt1yzxr xfwcw9i
Node 3: ucei7re xpzorqm
Node 4: 1iw0at2
Node 5: aytvjgf ccl48qt qcya4iv
Node 6: 8cihfjc g7y9av4 mlcacd3
Node 7: zdv9auo
Node 8: 9ww9ilk d2asds1
Node 9: 291mvzu bqigtoq r6uhh5t
Node 10: pdzg7sd
Node 11: 66pxz2g
Node 12: 2ji9f3i
Node 13: 0e1h4i7
Node 14: ahqrkpv
Node 15: 4po004o 60tvtrw
Node 16: nnmhjib sc9tm0j
Node 17: 91y4zhf
Node 18: il6qhur
Node 19: qps9ef1 zz5oun5
Node 20: b9gyyvx cfzls4e tn2qwa4
Node 21: 12wszzc lrs8376 rb0t5l7
Node 22: uj52c5l
Node 23: 90qoukq i39e72m s21jwff sndxm44
Node 24: wnq225f
Node 25: 131if7h
Node 26: gy7a0si qsh8oqh
Node 27: a9tqqq0
Node 28: jvdhr2u
Node 29: ef86guv
Node 30: zckcq7h
Node 31: gnmgvyu
Node 32: 44c33rf btinb50
Node 33: 28d7a4p
Node 34: yxbzn2v
Node 35: 5m1bfe1
Node 36: 1mewktc
Node 37: fs6htql
Node 38: 8apbrrc
Node 39: lpbsx6l p2eg2nm
Node 40: w2c1cyt
Node 41: f2sow6f
Node 42: 8vuoqjv
Node 43: bya87rw
Node 44: 1u5dm9o

Node 0: 1g813a5 587v6cd bovnc2y bwlcpr8 chob6md gu3gn9r l2fa2nt mqpgwls ng3qhpf rywgk0y slvmtwv
Node 1: 01it154 3fbdmnq 8d1wfzu ani96wb oj7s0g4 p4pvftd v8gbesc
Node 2: 6glkfqy
Node 3: pxrm7df
Node 4: t1d10sm
Node 5: 2hy1hga peur4wt s1682a3
Node 6: okydpgu
Node 7: rh0q7at xfx32nk
Node 8: qfi2acy
Node 9: z0qsi4u z6qr1cb
Node 10: 67aak45 85yvw1v efvs6hf jclp03c jdnsjtg jqyt7qq
Node 11: 667a6li
Node 12: obar46m
Node 13: ecn1k91
Node 14: 2ghuwzt
Node 15: zmyv443
Node 16: lujppwg qk9avfv
Node 17: 30xlo4f bjcv2ez
Node 18: 1ils20z b0vzhty
Node 19: yx1ve4e
Node 20: w6yy5vu
Node 21: 1c274l7 jvylhji zrq7zfr
Node 22: aks7apd y4darzh
Node 23: k35rsoc
Node 24: hx2juk0 swtvd4r
Node 25: op40omh
Node 26: zz8tq18
Node 27: 9f44nmx
Node 28: 6g58sfn tngno2s
Node 29: 4s6firc

Node 0: qtbrp18
Node 1: qp28nc7
Node 2: 62afb0u
Node 3: azjvu6v e1eajwh
Node 4: 1jf8sge 9tdtxxi dr7vy1c ffid0op g4tcfhf ig5j9kf jaywa5z kg4g5lj kha71by o78irok ppq9rqe q3xxze2 xyi1dpf
Node 5: n3g922t
Node 6: grjgah2 pcfwre5 powlbf3 xxuex6q
Node 7: 578ylf4
Node 8: 9uap4vb
Node 9: 19g6eyl 2wgwh5v mmod7pv vrxq8rp
Node 10: 7zs9cxr e6kuzxi evlgs5p
Node 11: ran57o0
Node 12: 29uusgd
Node 13: 77cutpy h1oxiy4 v3ne5ba wtqifsq
Node 14: 2tm22wj 78jdo49 jbb98o6 r0lxwgb ri1jxce
Node 15: ni9gdaf
Node 16: 3i7yc9w 9ednfmd h3bvzb1 ossvopj wegbsui
Node 17: 6og4t9m
Node 18: b4jdcdr
Node 19: aq4tyxt giitljo pyfhou6 zmc5as4
Node 20: 1eh9iq8
Node 21: 2dm2anu
Node 22: 5sthf5o
Node 23: 2lrm1tv
Node 24: 7uux93h
Node 25:
Node 26: 2u9na9l b3hxkbw d17mmwm dcszkub
Node 27: 9gvjeok
Node 28: 7jek5uw
Node 29:
Node 30: judp4n0 mmneuto
Node 31: w4p4vaz
Node 32: a71e687
Node 33: 5oi5abk 7l1i0rz
Node 34: rchby2p
Node 35: g08hymn
Node 36: auh5mkk mdmbr7a
Node 37: 07pasfa j5c4dil
Node 38: mmm5mr9 v0bnwtf
Node 39: a6ms11r lhf7noy
Node 40: x8k3rvl
Node 41: sjumfsq
Node 42: gkann3u
Node 43: zfvh4at
Node 44: 4aujmcj qqdjgo0
Node 45: 7jiuf3t
Node 46: 41jlwyk
Node 47: 0y8qnsn v0m3mhy
Node 48: qj3p6v0
Node 49: 44j7dpz
Node 50: 3ouiiau
Node 51: eq49m7h
Node 52: 7ovhoo9

Node 0: neodcxg
Node 1: 0zu5nj1 1mucn8t m8l8b9x xjd6e6p
Node 2: 8zbqpzo
Node 3: gd0u8wr k2x9idy
Node 4: 2um85tl
Node 5: zmw6k5h
Node 6: hadgxyw m6k5767 s3kx767
Node 7: qrc7b6n ttje4os
Node 8: jvhdcar wjh0hc7
Node 9: h8k8u49
Node 10: 1n1v893 i9egxup xgnoj68
Node 11: 2m1a02s
Node 12: ujjebil
Node 13: dd48ymb
Node 14: 79ewb0y
Node 15: iecyvgu
Node 16: 945eyl4
Node 17: gqt7wyq
Node 18: a7oz7ck
Node 19: wp99j4m
Node 20: ki0hpc4
Node 21: 6jgrrjc

Node 0: gp7iak1 gynq4of i5jvd7k marceag okq4i25 qlxbhbi t3iayfi
Node 1: 5iyewsj 5v56dcf 9c2v6w5 9mnlmir crjkrdn en1ea7j g8yh8uj loh81qd ls4cnkp o7qbrbh ov4qtuk
Node 2: 8g95eo9 9i1otd8 ctg8jom essf7n6 goht68y ws1dnnk y9671a1
Node 3: y4ifvor
Node 4: 2u5a8u4 4li7r1a 5ij30li 766gqxs bn8vd94 pek6lh4 pghwtby
Node 5: pelnowl
Node 6: vkux9jq
Node 7: 5q9yvd0 b7isjda haf3m4n istj3q6 rgkz21f u7ixae9 vay5ha9 w46y8l0
Node 8: gc6o7rt ijdol24
Node 9: ujwqwsb
Node 10: g89zd7g ltddbxu uyonfu7 wamvy10
Node 11: v2fwmek
Node 12: f0hgd1f
Node 13: 2b6tsv9 79uh8zp cl853w8 fptlv3u xh1avi6
Node 14: wyp6p34
Node 15: i9yfowx
Node 16: hkaemhl up8k1dm
Node 17: 7goeyfg aoqfj88 c43sku7 ri36de5 u1syuco wwrvj94
Node 18: v7qnkwi
Node 19: 9876aqf
Node 20: v74whxd
Node 21: tca8zgd
Node 22: 5c5g1z5 w3hvljx yg0ts08
Node 23: 47ftuwu
Node 24: d8uj7wt
Node 25:
Node 26: fi1jazr lz7ka01 nv1wqlb qgpzl2s
Node 27: cdto2dr
Node 28: r0bjndg
Node 29: drka5g1
Node 30: plsgci0
Node 31: ncvjs7i pdzf5ah
Node 32: incxyup pltw9km xe2hloa
Node 33: w02w9rz
Node 34: vrmb871 xdup9b2
Node 35: z9lb8y0
Node 36: kaagoo4 uus7v56
Node 37: fqrqnu8
Node 38: naoz87c
Node 39: i6a3abn
Node 40: mjo19xw
Node 41: dm0vv4o
Node 42:
Node 43: 3920753

Node 0: e2sujzr kass39z lwlvg94 meq2jr3 oph4kge
Node 1: jsxzz9w xm10xdw
Node 2: bp6xrnz
Node 3: 10kwtm4 26adf99 p1y5lku zux0303
Node 4: hnly2sg
Node 5: 3t2q2dz ekxq8yw fhul7c6 y39bky9 z9nid8a
Node 6: 7cuvrsu itp4dka
Node 7: 1kyfdho arliix4 b1i839l h9fm7v5 nlhtgum oprtauy sjxcmer v54kbhw
Node 8: 52cgpg1 dk1y46r ws9wox0
Node 9: zo23noh
Node 10: jv3yc37 ncdnx7y r6jmepd yyzu3o9
Node 11: qdwzkj3
Node 12: onhr9um rm3v6ef
Node 13: ofyfe4k
Node 14: 1w6akda
Node 15: ogzkssr
Node 16: y2th4la ymfi9y4
Node 17: 31r3km8
Node 18: fc1fpe1 qi22afq tcbgkf4 x87py2l
Node 19: pf14iff zc2nz5o
Node 20: 0dqc5a2
Node 21: 4q68y86
Node 22: me1mapl
Node 23: 8r0sey4 b5m1w9b
Node 24: 5cimznk s6uamnr
Node 25: 1dh3f0b an2pylb
Node 26: 515xx9k
Node 27: 7ktwe58
Node 28: yiib9o6
Node 29: olls4dv
Node 30: h6n7z3y
Node 31: m1tu7dq
Node 32: 2cod1qm
Node 33: q9yjj5w
Node 34: 3p99hmm fka5i9o hxa9153
Node 35: xt6ubt8
Node 36: vak5vih
Node 37: kvl398m
Node 38: q0jenu3
Node 39: nwl2d99

Node 0: e1hg3me
Node 1: v0it3kp vn5ng6z
Node 2: mzzxphs qyqda22 w84vitq
Node 3: 7f54hi9 emeej31
Node 4: 44mjayd 4i5x9y8 afz9ua4 eq5v9bo gf473sb k7jgsbc nei1lwd ozfvjai rnu7hcz yc5gf13
Node 5: r4ls1h0 wxnflm3
Node 6: o5z0z09
Node 7: de9jugf ib215d9 phrf88j yeeu65v
Node 8: gy39pak
Node 9: 1w5t7as m7l9hjk p6ttvht
Node 10: cmvv8ow ffby3lo qknk81z vsy7crq
Node 11: 0ad95se
Node 12: 3izd2ck 7df0fdr bapr7y5 bg7v2e9 h0ahda8 xj07mci zr4r1ql
Node 13: ug1kil1
Node 14: 809yp0e
Node 15: 2bku4mm lnbkw95 m4yz1eb n4c08jg
Node 16: 1ww78j2
Node 17: e7d7vpb x6bi3sn
Node 18: qqarwft
Node 19: 8ztuqu4 97687pq k6wqdjw
Node 20: s6j86pd
Node 21: 2dx2a84
Node 22: jlrbt6u
Node 23: 8rat398 mxbcg21 nroeeg3
Node 24: viszyku
Node 25: cc3t8wg
Node 26: dwomxfb
Node 27: 9rlk5h5
Node 28: zwrxrrg
Node 29: t4gjc3i
Node 30: gjl02q4
Node 31: cli5lqt
Node 32: 1wn3731

Node 0: lnawsf2 wk6fzmx
Node 1: b7t16kh dz703cv t00tv23 wkbojvr z5ocwht
Node 2: yvs8ddw
Node 3: 3gaqthz
Node 4: fj7pewq
Node 5: 86quoc2
Node 6: fkf3q79 oevulxs rqkop7p
Node 7: dyy1mpj t7lwe5c
Node 8: 2btyjv8
Node 9: jty5awt o9g54pb oy2bzir

Node 0: 0wcvjl6 2ddtkz0 c2wz9gu dkdtjd6 gpt9x03 gpyzb93 ogkged9 ry9y21x ukxw73o w14vie1
Node 1: 6gdb88n
Node 2: 1hs9h7m
Node 3: ybsnmxd
Node 4: 5fijjvj ok0piwj
Node 5: 34kd62z 45yvv5p 4l7xfz4 5rve5ck 69zzjdo 6d8ybu0 awkj4o6 c1rd6dj c3y8qf9 eozmi0s md8askf pevd75j vcv98ex xdlmc6b y4m6f65 z8t4mu6
Node 6: er0k8td
Node 7: v5x69jj
Node 8: 6o30tfv g0bhz3z vbluz6y ypmggwy
Node 9: vnh5l6u
Node 10: dasym3j lv98v9c s1naiff
Node 11: q0ot7pa
Node 12: 2ia8tib 6z43qba gi2v535 uja25ns wf8xbg2 xog3o7j
Node 13: hfu9d5y twqeyym
Node 14: x9ssiti
Node 15: 02ar0rm
Node 16: bb8g7co
Node 17: gtaaysy
Node 18: fy9ec7h n78ur77
Node 19: iekyhza jcn1ioc quomfpp urzqb9l xn9xlt6
Node 20: jaod07l
Node 21: ojvvhpa rmax2f3
Node 22: 2hraaym 6o0b2go zuogqfs
Node 23: g2bmfv9 gurzwd3 vilgh26 x4klq7p
Node 24: g44sfbw
Node 25: 9scdp70
Node 26: wmzemxz
Node 27: hsngpti
Node 28: r00fw1p
Node 29: eekuv54 fsxc73a
Node 30: dk7nxr2
Node 31: z85umf3
Node 32: 6ukrslc
Node 33: i4sayc1
Node 34: ykzzo9l
Node 35: fbnm2ec
Node 36: xbjcpl0
Node 37: fbify5p
Node 38: ga7z4m9

Node 0: ovmwaui
Node 1: ccavgz8 lr9xcb1 nnamf6w nxqjbi1
Node 2: epcis45 yg4hj1p
Node 3: z9axzye
Node 4: ibr5fgl
Node 5: cv9whq4
Node 6: 0nxci9z 0vs82nz 29wjs8r 3cie9by a3y6owb bklhl99 dvp1cdb gbwik03 vqqroxl
Node 7: ml41na0 vss8yzv
Node 8: t1ux0pg
Node 9: 0eyv7pq 7xg3xyf bss4dyf e5f1et0 emi432l m2relk4
Node 10: 2940825 81as98x
Node 11: 0o5fomr 0s8dup2 mvyipri rlauaeh wo5e39f
Node 12: 070qzku
Node 13: 11mzryp c4ig0zf
Node 14: sw7lnxj
Node 15: m045ksr rmztee2
Node 16: zoqx48g
Node 17: 28nrhhh
Node 18: 9023zg0
Node 19: 74bfqzk
Node 20: 7j3ajgo
Node 21: 45zk7ou 5xiziqp do2w035 iqxppim
Node 22: 9thseik
Node 23: lsvpm33
Node 24: 6t7id5u
Node 25: u1a4zet
Node 26: vjc16p4
Node 27: ktrmg81
Node 28: qgt3fov
Node 29: 9ngcp4s
Node 30: ctzxrnn
Node 31: g26rfd8

Node 0: pzc1uzn
Node 1: kku6ll4 n7rrzwz slm8ix9
Node 2: m6qt2qg rjlfqgf uewcz2t
Node 3: 5oy12x3 fzb6an4 sf7swzt xzq7gpn yal99tq
Node 4: eejmmjg eg5hqe1
Node 5: 839uify 8e0pccs nu7xtax xhnujnm
Node 6: mxrzo7b
Node 7: 69x38tr
Node 8: 0jznn6y 5k9psxp 8qs2j42 ho6sn5p un8vp2l vtysc88 wbrc4an
Node 9: mj8nv71 pth43m6
Node 10: 79oyajo es9u547 fq5elnz yv0dtah
Node 11: kb92gxb t7pk3a0
Node 12: 545palg dz67hfd rzfxqn2
Node 13: 48xhsbi 52vsjpu la8tizp x3ufjjl
Node 14: h10pfqu h1oyo8r
Node 15: yj1kmzo
Node 16: gaiahig
Node 17: 7hbvqig x97wy9x zt1gwr7
Node 18: ydjgx26
Node 19: o20nucr
Node 20: hz4rgg7
Node 21: 3wgt5zb eb6msnw
Node 22: y768d0u
Node 23: mjch0vk
Node 24: jitm3q5
Node 25: xd42iqf
Node 26: on35dzw
Node 27: msb8old
Node 28: 4abs941

Node 0: 57ufes4
Node 1: 3gf951y 47zyjw3 a56x2gj
Node 2: icijo12
Node 3: 0m6j0f8 s6vdcq4
Node 4:
Node 5: 6z1poay rpd2axr
Node 6: 2dmt9b6 6oiko1k 9y0ira4 epdoz0t h4k1qla s4x29mf s6wchfa s87l8ue xeeo5ux
Node 7: 3nek2jf
Node 8: wl3ewuh
Node 9: vyomfym
Node 10:
Node 11: okzsxfs
Node 12: rpzt0dz
Node 13:
Node 14: bky1la4
Node 15: 03ah1r5 5m1uggl k296jf3 qxj7d5f w58xbh7
Node 16: x345kg9
Node 17: gi9dnnt

Node 0: hqbp2wk
Node 1: gdaduyc jr2i9u1 vk8vtsm yyvpcrh
Node 2: 8d37tnz b1oh92i hnz8hsd k6roamz lahk3m5 o7gr1gv t6kukx4 wke5qao
Node 3: 9h66yvk
Node 4: 1zwl5p3 36z8kzq 5875xcu 69rqowh 7j2kvn2 7ou6vcf go5krxh ilgmhnj jghtlip khp0aqp lcm6743 q2g1fq5 y18cgfj
Node 5: gvyvw35 r3h5uc5 vqwgm5o
Node 6: feor16g r2ru305
Node 7: rg4mxzm
Node 8: 0oxkl64 126esip 4zitz0s qe5wnf0 y9ujv89
Node 9: fvnhn5f h567ou8
Node 10: hru7g24
Node 11: ohxu7yr
Node 12: v9cvfmw
Node 13: l936ua0
Node 14: 77yd1i1 oicmoxy uj82qk8
Node 15: z0akdqv
Node 16: 9w950aj w9h51b5
Node 17: k8ivp30 ztshgs6
Node 18: 4nnin9u
Node 19: qqca9ls
Node 20:
Node 21: ppt4iut xr2u3zk
Node 22: 751z2kx pwp3lry
Node 23: hgdze6a lvj2zwk
Node 24: 8ixq0hj iydc3af kj6btje
Node 25: 0gechxo
Node 26: 03byro1 rxp9992
Node 27: uxmozij
Node 28: zmvw4o9
Node 29: oc4arsl
Node 30: tv8e2ea
Node 31: ir6yrqw
Node 32: efxii8j
Node 33: niou8p4

Node 0: 09h2xb7 82pcesq c4sougg csbmvv2 mg92c09
Node 1: e21twqi enmye5k jy5v7ft rufhgsh yqsbcgd
Node 2: 3etnezd n1u36qb zi98u4w
Node 3: qnnlz4r tp1smor umn5zdp
Node 4: fagzsxc ga3lhnb kou9f5m petlvsr qn56rqx zfxgj2o
Node 5: ccd6gq3 oyeiwgb
Node 6: 3kieccj
Node 7: 0xh9qnn
Node 8: 4q30cum
Node 9: insgnfx
Node 10: 6mm6cv8 ant4pvp r6xh1d7 wjjae1a
Node 11: pnezj0c
Node 12: 1pewkgo ao7zmxe c1v1522 kdk7rqv rinkty4 wtzya3w
Node 13: 8cxcef7 h0e82ht
Node 14: 9yrt887 jogle3x qehclr6 yipt89b
Node 15: gmtkr7v
Node 16: 7am6jsc 7r3tx7x l4iyhpf lujd59o ts7l2zr
Node 17: kyrgsyz qmu4yps sggl7t2
Node 18: m64uq6u
Node 19: fpmdfic
Node 20: bfvznu2
Node 21: bdzgbc8
Node 22: yg55id8
Node 23: 6jyj394 g5okckp
Node 24: 0t8d7he
Node 25: nebbx7f ogpefp9
Node 26: kdj80h6
Node 27: ccosz9p
Node 28: xw1y39u
Node 29: rme7ks5
Node 30: a7xbawn qqu39r9
Node 31: 34zigmy wd28set
Node 32: bwzxo63 y1ab2u8
Node 33: 69ipike cvu0hrn
Node 34: vivmvbt
Node 35: vcn62lp
Node 36: fmzlfa1 qen60md
Node 37: goycspa
Node 38: rxkcir4
Node 39: 9auivdg
Node 40: 6ar2smh
Node 41: bnyqeis j1djdf4
Node 42: 0b9nlev
Node 43: txpvdp0
Node 44: rm95psj
Node 45: s76chnj
Node 46: fi0pvz3
Node 47: khcr29l
Node 48: 6ab7ktl
Node 49: l8a5pyv
Node 50: hmcizd5

Node 0: 0io7kjg gq4f1it
Node 1: ctz472z
Node 2: 40tk2v4 cftmctr
Node 3: 3wx47ve g12cmzj
Node 4: tjwvrbn
Node 5: pecy0ml peiijmj
Node 6: aa87nzr
Node 7: ysddh9y
Node 8: 2vgsk3r
Node 9: ztkg3np
Node 10: efnrkfn
Node 11: 66kd0d4 84lefkv
Node 12: b3dg69q cezs3kc
Node 13: 0abwdab
Node 14: jhdp9hw
Node 15: h1gcnbw j5kai9d
Node 16: ts1brq3
Node 17: 81u8ia6
Node 18: 9rgwv1x ltx79qo
Node 19: pq4vmt3
Node 20: 3e7j0sm
Node 21: uskrrgj
Node 22: jls2y07

Node 0: kpoqfeu
Node 1: 63yyj3j cih8tgg
Node 2: bdpqx37 gsg4t5q m57lyxd
Node 3: 2bh43k6 qsga63y zz99v07
Node 4: h47m0gc
Node 5: jaxrxdy
Node 6: m5ne298 n82o99a
Node 7: 5i01b0j b1arqk2
Node 8: 4tabyou 6mb5b79 ik49ngl kfsa6m5 mvuxii3 v7itdwj
Node 9: gfif4z4
Node 10: wergcxn
Node 11: dzv0wg8 w0sll8l z9fjkz3 zdvtt4y
Node 12: 8byvyjb
Node 13: fsi5msf
Node 14: bisdwux hozosul hzjrc5v t36f1kh
Node 15: eay430e
Node 16: 8byaw3y vtugls3
Node 17: 5rgy5en bvjthd4 htflq9x
Node 18: fe8ahr9
Node 19: 29rm0ac jfpygt8
Node 20: v794vly
Node 21: leegze5
Node 22: 5wmj9x9
Node 23: wrjqq1n
Node 24: ugkdemu
Node 25: b670s0b
Node 26: a1svdgn
Node 27: xp8x78f
Node 28: idw539g kztqz15
Node 29: qqs7efi
Node 30: ucsm4z5

Node 0: 1iwmbw6 68micyj eso2z9u fx7yspb kdrgkod w56322b
Node 1: 1pzfbms 9ysixmq b6q2faz gdqomcm oghz6zr
Node 2: 1fb8ve7 4rmeg44 8k6ehbf f4v0g8s fap8dzm u2wolf5 uealecp
Node 3: 22ick9s 6pi4nqq cqbq79u fl3p5hq mbaurwr rrsc2v6 t2dce09 y4l7i69 y9z5rwk
Node 4: 783n306 ggtdgv2
Node 5: z11qc7g
Node 6: xwunxar
Node 7: 3frx4m7 ytvwke9
Node 8: 8plqyrf h1842rh sdhof9g
Node 9: hhdugts jkonj90 lfdflto x02ej15
Node 10: aaxdhkh
Node 11: yr9odno
Node 12: ghotjlw
Node 13: 6f7v84t din0wxb ohqk2a5 zrn52v4
Node 14: 5x66ll5 r0w8y14
Node 15: l1912p7
Node 16: hbrrk4e
Node 17: vr4eitj
Node 18: lqdnzio onosqxr
Node 19: 7luyqo9
Node 20: 23gghmp lhvxmqk
Node 21: crtzzj3 fph8e9w
Node 22: wk2l8xx
Node 23: c5rl22r pgaz4kp
Node 24: pit6njy
Node 25: yb2e5xc
Node 26: 9ei94wn vu8crxp
Node 27: 8eep8zx
Node 28: 3m3tnvp
Node 29: 80670ea
Node 30: 5kwcnpv t4upzqo
Node 31: qru07ts
Node 32: rqkhho4
Node 33: icspae5
Node 34: zzr9txz
Node 35: 937p9v5
Node 36: c95mb6h
Node 37: 0vd7rze
Node 38: avm93pr
Node 39: o1ynsh8
Node 40: om65o47
Node 41: vsps5g3
Node 42: z3njki3

Node 0: s2ehq30 xmbdx19
Node 1: 0j17vbc 0jl0bce 580m8k6 a82pyzr rp29jr3
Node 2: 1d5wvat 3larl1j ekkqc15 psf5ysb syjwzoo zm1oyeb
Node 3: ynwl6vc
Node 4: u7ztvyd
Node 5: 9foxoam n0d9hyc
Node 6: 1au2xkv 9m2zt2q baaz2xr ier3w0z ki9kq78 quvjo8j
Node 7: 15nuctu 1e5goay 34usu0r 438kf23 5r9hcbr av8o1b0 bkt95sq d78unu5 fmzsnfl gjthc0h gr99ndi me9j3cq mkcnqzy mndeiod pvdz3fr tvde1lw z2avu6v
Node 8: 6189f3d sg0hfy4
Node 9: 18zhlvu
Node 10: lhqyv2d zk8ebre
Node 11: 32l69pa
Node 12: ja2anxp
Node 13: xbehx6z
Node 14: hyz7743
Node 15: b02ovfd gj7vztu l833pol
Node 16: h7nkt7x s3b4nvl
Node 17: jca8g8j
Node 18: 56kcp0s t5xyc1k
Node 19: 81jkhfc oyeqnnw
Node 20: 5184lie cw8cc46 hpdj77x
Node 21: ce042ev
Node 22: hn6ft96 pg9ao92
Node 23:
Node 24: t2f3z6g
Node 25: 7553m6m
Node 26: 5wjpyfk mlr2pd2
Node 27: 315mu8t xc0l6pn
Node 28: mamvujp
Node 29:
Node 30: zmwahye
Node 31: tzfszha
Node 32: mp8d5sc
Node 33: lbmyz9k
Node 34: 2j6egj3 4m9z9g9
Node 35: kb3vnxq
Node 36: na419af
Node 37: tbjnydt
Node 38: sdy5dnq

Node 0: 0z9sdrm 5t4pcl7 lu7q32k myx54u5 s8is4gx ue9j3to wiwxhjb
Node 1: d4dlf4y emvj9kp fpeyayo
Node 2: 5lboy9z
Node 3: 3jq9wbe ov49ns3 q7ogkd6
Node 4: 9upbs6h x2d3k32
Node 5: 7k4dymy
Node 6: 6myea8d
Node 7: 20xjpr2 4jipua6 4nwh8z0 zt2n11x
Node 8: 8ve4d3b
Node 9: 3i078m2 50mlyyc o3syd7a r6izwhk zqwlplt
Node 10: 3837luo
Node 11: tfw29cl
Node 12: 92i77mn oisiqbw
Node 13: 7qe1005 kwp8wiu
Node 14: zf7mwo8
Node 15: nehcq3j t5wft35 uxisca1
Node 16: 9mxbbv0 og3paav
Node 17: e1tjh6p
Node 18: 93p0ide
Node 19: ggf6nqn
Node 20: nnvlkce
Node 21: 28rqc0v
Node 22: d7vcyx6
Node 23: g3withv
Node 24: sfht176
Node 25: t1c6fjw
Node 26: ziummqb
Node 27: lj2owqd
Node 28: ar3ss6e
Node 29: 01dmvng 7lfkz1t
Node 30: f06btp2
Node 31: jgyvmro v648p5h
Node 32: n22l8kl
Node 33: ltx25er rsuraq8
Node 34: hgkcfee
Node 35: xg7zfxu
Node 36: 80ktp52
Node 37: jz1cw4s
Node 38: h6zfcob

Node 0: qqxk1nt
Node 1: nj609ly
Node 2: 1whu9p6 6t8mp0g bth6822 ez6itfo hw0gdo3 p7er1pi qz4lvr6 yvr9f8m
Node 3: fy2xj8z n0dj20w
Node 4: 008f4xj 6xkehjd atey9rr gmpmr0s r1yjwi8 v05gfsf ygimzr3
Node 5: if9iwak rm26j5b ypgkm6n
Node 6: dviybdy vxdar9i
Node 7: 0c35xl8 2w8q5sn 3jx3emg 639rt6x 730cv88 9gy7ym0 d1ahqjk h982038 j0rnuh7 ql4r6qk u4jhz9m yidh0ia
Node 8: 1rr999r 419gvts 4b5qrit 4q1htol atl211y avejpzr c30k3tx crlhgnh hltsd3b ry35u95 vfr4owr y4e6gqn
Node 9: 20o2c3u 8pky8o3 q7qx2sf sgvtwri
Node 10: 2gzr92o dqosfi1
Node 11: 481zgp4
Node 12: csqsplh
Node 13: 0wjf6kk
Node 14: 72uewi4
Node 15: dh2de23
Node 16: 8m8ghx2
Node 17: 2o8586t
Node 18: 2xujkqj 4hcujrc 705koii kq1if0x qapvd28 r772xix yyuzbr0
Node 19: 1vp0in2 9w6gbot a6u8que
Node 20: 8xgatm5 j129sdw
Node 21: 1oebiuv
Node 22: d3fzg6p
Node 23: p7yt268
Node 24: 742m1q3 ft27yu0 i62ycs5 ieugofz rovwhjx
Node 25: offjirv otg8whr
Node 26: jek6qb0
Node 27: buxdgry ed54oio pqnxg7r xw8gifl xyoqs4w zmcinz1
Node 28: 8dzcxkg ee0sgt8 w5x9hj3
Node 29: iye4wzv
Node 30: gwrv485 q7lh7rc v65jrc6
Node 31: 34n784r dbuy14i f8h43l3
Node 32: c7wz2d8
Node 33: qc95bue xzpt1vv
Node 34: fcynef1
Node 35: z9sov8r
Node 36: 7zuuiui 813qqkf
Node 37: v3sncum
Node 38: hhevzbv
Node 39: ndd4117
Node 40: mxye4y0
Node 41: eqfq371
Node 42: z4lfvh3
Node 43: e75o14t kv16uaq
Node 44: 15dlnp7 2nqrewk qnobgp1
Node 45: 14fljna
Node 46: 1knmvf9
Node 47: vqtqm35
Node 48: 1epx5v8 5bb3y2n 8ou6now fwtkud5
Node 49: ijy87ns
Node 50: u60sa82
Node 51: dxnk51e
Node 52: nz8kje0
Node 53: h1jxx40
Node 54: j5sy0p8
Node 55: hwizb86
Node 56: wlvuhtl
Node 57: 1ldbdh5
Node 58: 2avesnf
Node 59: wpdghz2
Node 60: 5c72l65
Node 61: et5l4a4
Node 62: c6bdfsj
Node 63: 7r3lkad
Node 64: 6syerd6
Node 65: wskoc0w
Node 66: rep1qcy

Node 0: 8ync90j ffk7ri6
Node 1: x6aste4
Node 2: 45eiugc nt7yyz2
Node 3: 43vwhr5
Node 4: laglxd7
Node 5: 6mnnsbf zhysys0
Node 6: g22qhrj
Node 7: b70244f

Node 0: 2r43h1n
Node 1: 0nqu1xz 7kwb16s ezxb81a nf92rfs qvr3byy vhz4cix wsk93zy
Node 2: kd3masu
Node 3: mo12vpb
Node 4: 1pu6vpa k9g3t0v l07u1q9 ted8cuu uu6zlmp
Node 5: dpaza2l
Node 6: yqgbs2l
Node 7: 57dd6lq
Node 8: siwbxnf
Node 9: k5grrtk v1np0p5
Node 10: xwoxd5x
Node 11: 0d1boof hseiiuf oy18vko spw5ma8
Node 12: i9stcil
Node 13: 4gg2rvx 63uom4y k4hhpbw o0r280r
Node 14: 5h7a1zn
Node 15: sfhuk0x
Node 16: 4oceaoo
Node 17: d4eaw3q hxrtmyq
Node 18: fc3g0zm
Node 19: 4hy8jxt
Node 20: rq03o46
Node 21: xu6dzcl
Node 22: 5vlte9p 8wc2fr2

Node 0: 0tjgnnv bc1pjk5 i5kmh2g
Node 1: 64vp8ca 9cchxlp k6zkfzg
Node 2: 289lb1c 7ikm1qh bosh0xc fjiju86 t2raj6u wkye30z zdinve3
Node 3: iumighd
Node 4: 8sk6kig tcela1r
Node 5: 92htizl pdpovmp
Node 6: e7t0uiz nkoxdl2 r7samd1
Node 7: 5cr6gs6
Node 8: b7u77el
Node 9: woz5ljy
Node 10: aaxsz88
Node 11: eujbumj r8po3g7 slfuphu zl8qgr9
Node 12: ecug1qn qyp4tvt uf9stkd
Node 13: 4ax0g9c
Node 14: pvhuq0s
Node 15: hmuedw5 ncc0ern
Node 16: 0vhrs33 eull0ai
Node 17: 35qlevh
Node 18: ch8w8un
Node 19: lebwnho
Node 20: b9fkbew
Node 21: 5gckba2
Node 22: gyg5ot9
Node 23: bkjc7g2
Node 24: oy8j6vn
Node 25: rmky1fl
Node 26: s0z5b00
Node 27: 9j2ajvk

Node 0: jdg5c0h
Node 1: 5oc72as ro70183 ueaa3ck
Node 2: fohjtf4
Node 3: acud7cm bi5rzs5 j2tv6nz kh6prxd qnz1lwm up5qfm2
Node 4: 8fxzpb5 jis9u8y onba60v rzekxfb xtap7g6 yg8sip0 z7eveno
Node 5: 0paa4gw
Node 6: sc27zvs

Node 0: cca6fig d00y5h5
Node 1: aen9j59 chv7qe8
Node 2: rcbfqpy
Node 3: 8qyeytg 8s2jbbq 9blhlxc g53969x gvl23sr ndqaw8t qh2liy5 sw9bni7 th43of3 zmrbw5c
Node 4: 7z68pbh 9nbtb9q fwnlui4 i4hc62i n8m9xos op27la4 pjuo57u r7n8p3e rz6c0q6 vg5ltsg y06v8im
Node 5: g55jzqg
Node 6: a1k1gvh
Node 7: 1u70v4q
Node 8: 0ns1b6e mh7x998
Node 9: 0kuw7t7 4e2zhzi lf3046e
Node 10: vytt0gy
Node 11: dg45jsr mbe6ywk
Node 12: biezogc
Node 13: fp0sc3v
Node 14: 0mfpsrf 9zf784u c0xbeju
Node 15: 36e5bp1 gdutf9e uul4vf3
Node 16: ggwjezo hox8l94 qymlrqh vvk4y6o
Node 17: 9q7xgjs
Node 18: 34sm0ym zfwj87l
Node 19: 3xgh9ql 6x78i6s pb75tet
Node 20: 8jaj1z7 uzmf32x
Node 21: 3ddlw5b forgf4j
Node 22: 71puvke
Node 23: 4huo4gm mpy2amv z5dv21d
Node 24: n37h4ym
Node 25: rbfynry
Node 26: gaenj1a
Node 27: afdq3i6 k3akijp
Node 28: ota2050
Node 29: fpftugv
Node 30: 759mecf
Node 31: fk0zxye gmuo9cm hlwdouv pq6avr0 xvomvzq yexeu9i
Node 32: fdfkjlg
Node 33: dolqsym
Node 34: m6ndvtp w1nnnkl
Node 35: ark0s8a
Node 36: kirzx4d
Node 37: gkt4wy5 tz8k7x2
Node 38: s08av9z
Node 39:
Node 40: 112thze

Node 0: 0davnlp 46yblh9 5c01dr8 aazj69i b6pc9gt clh2xau dd0d04g fleqo6x g14w5do q5mstdm s8q32w0 ww7xdql zdgwoiy
Node 1: ok9nioz
Node 2: 63hib1y bag15mb byvxoiy o7eh2wd qgotjyx sajv5q1 t3vtt83 v0xqlbf vnpoi5t x5jvg6i y3qwgf4
Node 3: 81jp9z8 a1xfjv6 nfsnuro
Node 4: p96p42x
Node 5: 80srzl4
Node 6: e3jp4fg zp5xjlx
Node 7: 5qa0o7t 8co7i4q msphsl8
Node 8: 5diuc1n 8a75kfe
Node 9: l86909q
Node 10: 2bo41c3 2pprusw
Node 11: 0zgzzru
Node 12: v1t2voy
Node 13: hvz7sl7
Node 14: sx6jvgx
Node 15: i0glrwy
Node 16: uhztjuo wc9ck65
Node 17: 4v65h0l ffdls3c
Node 18: ns4ze73
Node 19: ngg6m01
Node 20: i1tw8eg
Node 21: 3p7xk7s
Node 22: r4iypm8
Node 23: oik5h42
Node 24: ah7625d

Node 0: 5f9lzhz 7n2w13t dwqpjsu dwwq7ix hcqdnzp mwy7l7k y6vnr1s
Node 1: 3i8wfko 4bmtl71 4fue503 hffctd7 kvitiio pb7f7ho vepx2jf wa4akng xylq7fe
Node 2: wlxrdi5 xna49bp
Node 3: 1dd8r4h fevdp5q kuk2zsw spz3ypt
Node 4: pkslsfl
Node 5: 6eoummz
Node 6: xkdd1ta
Node 7: lhf5oxp
Node 8: 8lhgw9f
Node 9: s56p0gh
Node 10: o14g2ai
Node 11: 1o3r3jk 37kjbvw
Node 12: 1eb4ovb
Node 13: 1mxfdns dcc6b22
Node 14: cxak9ug
Node 15: ciisc2r
Node 16: u32zspt
Node 17: gqq2nu6
Node 18: lj3n7w5
Node 19: 2h4toz7 8hhx8qr qet7oms
Node 20: bpi9jxb dcjflqh glpr6z3 robry5o
Node 21: m5ybqrz
Node 22: 64ld2t2 h61byvx sdlhcam
Node 23: 7y6n8v2
Node 24: zykbpah
Node 25: 5b2zg5v
Node 26: vmezw6b
Node 27: nno72fm
Node 28: 6q1tcbn
Node 29: k6s21d3
Node 30: 0ztwqac
Node 31: 2haycf2 ttakvog
Node 32: go7p8z8
Node 33: 0ul6kis
Node 34: ncgk2zw
Node 35: 9auduia
Node 36: m68oubf

Node 0: 3hlb6pb d7l9ski ndrnxge um4lkey
Node 1: c3di680
Node 2: cy6462g k0vxfbx
Node 3: ghrkbjx
Node 4: fusoglt ju66cz7 yyszqqz
Node 5: n22rpes
Node 6: 3foe24w 42n0nmw 9k5frmt djatq99 ourdst0 p2193gh yrumd85 zl5i7so
Node 7: ew8wsmu gusbvgv
Node 8: iey3t95
Node 9: jsd43ob
Node 10: qi2j6kv
Node 11: 0dljwpb dc74fgc
Node 12: ch0fo0g
Node 13: 0e036v2
Node 14: aa6o9yd
Node 15: srylq6w
Node 16: nzmw2bc
Node 17: cue70rx
Node 18:

Node 0: 8oo5b90 gc3t6n3 jqkzxoh
Node 1: e76lz1g
Node 2: 2og1ixg
Node 3: bct9l47 cdcgxyr hw7haam kmd6cee
Node 4: 4hmjuuv hinzv13 nbplt1y tzeyilx
Node 5: 0133f8e 2r9ko33 6t8azfz 75z4nab alh0cg1 ar7ntv2 awid1wq cjzw69v y8onjdq ziv3nhs
Node 6: 5ha0fdz
Node 7: 50bu3v7 ee30p7m qq6ti25
Node 8: e5gt8zb
Node 9: 0uz6u47 ek6cpk5 qblk9n5
Node 10: g2ibhx5
Node 11: 8zvu2zc sbwf1ct
Node 12: dr4mtlr mlnclzi
Node 13: 2hg0b7p
Node 14: imwpot3
Node 15: y005s5l
Node 16: nkj5kle
Node 17: jjsginw
Node 18: 488pqho tayv9fs y1zn7f7
Node 19: 0z27osb 4i4ut6x
Node 20: spkhm9z
Node 21: mstgkw8
Node 22: zvr249w
Node 23: tgy0w4j
Node 24: jqf8694
Node 25: aoysqj9
Node 26: xjlldc0
Node 27: du5v2ri x8pd0pp
Node 28: hduzyb2
Node 29: dxgg2q5
Node 30: 82rl1v4
Node 31: 5hugj2n

Node 0: zpy0iqh
Node 1: 2o7x41b 4ztvs2d 5sshsp2 f4mehqb fyazack gy1ahgl h2zpp4z juuaibt k6b9dhj qlu3xhp ud7fv58 vjio52c x1xzrsg xechh1t yt3fgq6 zcbki4o
Node 2: pw57t1j
Node 3: y1ejnt9 ylwm1v1
Node 4: gx7g5m8 ukulp2g
Node 5: fpe229f
Node 6: 4rmo4zy
Node 7: 15wxog9 27h4gh4 6ah1ze8 l3pvwkq
Node 8: rq74l30
Node 9: 9rti9ac
Node 10: 23iyh5x 2ple1y9 qyqmf4b
Node 11: 3n2ir1u c2fz8ai hv0186b x3q2e5c
Node 12: rkbbu9w
Node 13: 92xw76g
Node 14: aumywzj
Node 15: zs68quz
