Node 0: 4162iv6 6jawo13 7qntvh9 80a31j0 cxil38b irtwi4v kqdg9w6 po6whpu qhwc287 sebt66m ww5fl47 z7j15ii
Node 1: 0g2vjyz 3g5plgc c3qesy5 fbybyzk kg30g1i n56k52k rbzia37
Node 2: 90jtxhf bc45gnv vhkjom9
Node 3: bw6bena znfgk9r
Node 4: d7umntr
Node 5: l7le7nt wsnzqzs
Node 6: 651k6p2
Node 7: 48hhzbf mb5uw1n u4tepsg
Node 8: rjsu1lk spyj0v6
Node 9: 3o86dao 7eb3g9p be7fi4m
Node 10: mpar44g
Node 11: jx2wodi
Node 12: i3cbjkl qwl272z
Node 13: 7hch8op
Node 14: 1t3a73w 3rt0te6
Node 15: je82uw6
Node 16: 524htip
Node 17: hck4yll pr7uck1
Node 18: q8ap788
Node 19: 2nvnrop ylqyl2j
Node 20: 3ym7f18 461456w adlde4p eavpa0w rtxwqwq
Node 21: 3pv5cgb kr4b4x0
Node 22: cjjsvum
Node 23: x8pakqc
Node 24: kvweg01
Node 25: 3advalk

Node 0: 05j0gco 0nl0mq2 67a3q7j b2qjtt0 gvuc587 lcgzgsc s6ugivk ydy2qpz zmrpo6y
Node 1: 2kqffic ec1k8ch f7o77pj mzv1hto nhf28m7 pt4l8kn z5fe6l9 zoyexcv
Node 2: voqshqj
Node 3: 7g77qtk jas73i7
Node 4: 0dfubf7 ahailh1 xuzqko4
Node 5: aqy5mn8 scdw7ij
Node 6: 1q38jff n82fvcb
Node 7: 3jamt3t
Node 8: ik94o96 yvgbi6z
Node 9: haj1lxu m8zel0z
Node 10: i86k1wo
Node 11: 1z1rgyp rd3uh2y x4k856p
Node 12: 016bopz 3b3hokj
Node 13: mec2rf1
Node 14: 2pg3g9m iezlv1p x39j3r1 zpyxx25
Node 15: n0ylfaf
Node 16: ge9u3t1
Node 17: 01m20qg gd4d8ec sztb6py vg0idp2
Node 18: 6em6d6p
Node 19: o6pj0my
Node 20: 85q0eeh a06nbxk yyiwo7r
Node 21: 86w6tav fzlk4w6
Node 22: lloeul3
Node 23: dcruj20 qsjg6m2 zim42yi
Node 24: ijt7g6a
Node 25: ckhfm3v
Node 26: 59s0nwu
Node 27: 8qnkn86
Node 28: 49w6sva 4mmmnxd
Node 29: blre922 ehr2f87
Node 30: uvaj21y
Node 31: 0to8pbl
Node 32: yqttyxi
Node 33: 9am1fmy
Node 34: q9hvhan
Node 35: vptruu2
Node 36: c6wheio
Node 37: 30esj5g
Node 38: l5t5ttm
Node 39: 4j0yng7
Node 40: 1w41ede 510nmvy
Node 41: c2lglgt
Node 42: y7jc1y7
Node 43: r9v3ihv
Node 44: z0r0s1u
Node 45: z1lrb9t

Node 0: c6o0dxf
Node 1: 262fx3a uqh8mup
Node 2: rsgw4kb
Node 3: oe3ic9s
Node 4: 9apeqwp ab4q52s ofvtlf8 q8fym1j whhuohx
Node 5: c6mpcy3 evm68og o2nr7vz q6qgobb
Node 6: 8tux8l3
Node 7: ob0rb6y
Node 8: cx8qmfh
Node 9: by7txcl pzora9k tjfk50o
Node 10: 8q6b5xi asovrvr rqgvptk tzvo27x
Node 11: 1nc4ozw pxdm9o8
Node 12: d0vwjgi nryvaa9
Node 13: 1to6yjy 57z263j ek1ncq4 mgcfrbe ykunz5j z5dnt1f
Node 14: 2z2bsfd v5g5ikf
Node 15: b5pivx7 svnwh4c
Node 16: 8ejmy5m rzbtyvf
Node 17: qepqznz
Node 18: gddmxrz
Node 19: 05jv1gs 9sw4m2y
Node 20: 53qhv71
Node 21: iowesjt
Node 22: s3evu4w
Node 23: yy95d2d
Node 24: x6x0edk
Node 25: p3kg5hu
Node 26: bji1189
Node 27: 9f7okdu
Node 28: 38jaztk

Node 0: r3d40y3
Node 1: 0kk20uw 9lp4xd6 hszj2dm ihumdva kzz5bfw t0sgsnb vpz3qq0
Node 2: unse2cq
Node 3: 17a8s2m 1nh9pjz 61y5jvi 89f7qyz db321dk qydgc74
Node 4: k1uek72
Node 5: 7s7rmtf
Node 6: sdmuy70 yj3uzbi
Node 7: c2voqvy
Node 8: 60bxdce y1k1gvy
Node 9: rbbmtdc
Node 10: v9xf0c4
Node 11: iq8khmb

Node 0: 0vi7ach 2eojm19 4qc0epi a16xt1d arzgezj bu4zgsb f4og6c5 f5rot7f frlna6k gn89ook goc74ez hrh3d3j jchf1l3 kng85kf koenqkd lrrra42 m5jv37v u23ijfb w2eab04 zynw4fp
Node 1: 12rbxa1 uxy95g2
Node 2: nfq5g2p
Node 3: caka628
Node 4: 05hk3e8 ugvmt9j
Node 5: 6dbj6qh jhr6ti2 n144vex
Node 6: 5rfcgnw 809e3aa 9pypdhw epae2yd jfrlyb9
Node 7: bnazv02 oh0jh2u yf3cb3s
Node 8: eiw9li5
Node 9: cqd24nk zo5oe1v
Node 10: ki1g3mo y7gd0sf
Node 11: hkh6lb5 nvlmosu ry7ag9m
Node 12: 2rh4wj9
Node 13: reme3hy
Node 14: fmujoq5 t02q7vr
Node 15: lrg6jqt
Node 16: 0rg8jhs 4fbc336 k6pv1zr o80wdr6 snnbnj5 v6kyov5
Node 17: bfpnkq9
Node 18: 60tvr7z lso0do4 zbgqeda
Node 19: 3gl554t
Node 20: 9v1nap6
Node 21: jduaq7f
Node 22: nluu2ti
Node 23: jk7hn1g
Node 24: 9d9wtg9
Node 25: yzo1bg9
Node 26: e27uyx6
Node 27: wqcodvp
Node 28: 7irix8f
Node 29: 7lkugfb
Node 30: 229mlh8 ml03u6j my049qs
Node 31: cynn1th
Node 32:
Node 33: m63hidt
Node 34: ea9csqm
Node 35: 20szswj
Node 36: sw1ei6a
Node 37: yvzidfv
Node 38: fcvyxj2
Node 39: 0ejotyp
Node 40: tofgayl

Node 0: ag8p0gq
Node 1: 88mlm3y apz72xc f186plg hhucynn mda6kh1 z04c2r0
Node 2: hvgwkpz
Node 3: bd38g82 h26n3h7
Node 4: k07l2h4
Node 5: 9xx3jmi h0jhsqs kgzm81g
Node 6: 357qsmb
Node 7: 7qmc5hk
Node 8: yy7794n
Node 9: 1v99psp

Node 0: 26o2fw5 520zmin 6dyzfgb ajg24ay b7zb9zf f0wd5q1 g90hanq gjpwp8j jjv7q0q pt7r9b6 s3wa21h x64i0il
Node 1: 19yz3s8 9041zd0 bq73tp7 q7ymuna re5om4c
Node 2: 1e27j6f qzk0niq
Node 3: 0c96980 anjtb37 anubt11 c7z4yj7 otiaogr pzh177d q91cx3p y61z12f zimt66z
Node 4: 221epaz ekjlh1w f9o3jik k4ng4ze
Node 5: e4uuk4g
Node 6: 0dk3zee e6nfeew gmo2ms2 jmobr2x l2qb8l2 wpmaxwp zqqgqy5
Node 7: qle0b7b w7fp8vq
Node 8: fkkjj8j
Node 9: lxv6f5r y2uxrs8
Node 10: fnfbybi lrtwo5c st4vhtl u8mh952 wzpn6ho
Node 11: poodr3z
Node 12: mpqut0v
Node 13: 8h3pfqm o9namul
Node 14: mp1q9h8
Node 15: gfswhgk
Node 16: 2vo89d6 qjara9r
Node 17: x0tj4vo
Node 18: oe8t9ut
Node 19: nc455mg
Node 20: a88ifk4
Node 21: 0a5lj3f
Node 22: cr5sg8w
Node 23: 10jubyh y75x1qz
Node 24: bo68ptp cmq1lf9 mfofquy
Node 25: 9da8bkr
Node 26: v1zu0mr
Node 27: kmgzhvb
Node 28: 89vc21c
Node 29: djfw7s2

Node 0: 0ytpix8 e3t2odm
Node 1: 1bxciay
Node 2: ted15w0 wq34frz
Node 3: 04k0anm i2e5ux4
Node 4: kvr59hw

Node 0: ccwjoto garn8hc o2a2ihh wga4e2m
Node 1: z9tm6vq
Node 2: ao538fi lurxqdu
Node 3: 4kchixr
Node 4: f1k0670 w6l4r5m
Node 5: 2np2xvo blkgt8m j194pfo opopm8v
Node 6: 0y2sza6 6ny579v bomm7r8 h9pvykw oymk3e2 wvw9v7f
Node 7: b8kfria
Node 8: 5l34zhv
Node 9: 1egp6jy b1zznhc d9sxxfy di5md9t g8iu05b qhjrlxa wmuf5ut
Node 10: 1mv1dag s96f8v7
Node 11: ocqetvs
Node 12: 1uukvxv 2lry5g9 4fhwefw gdmteld tzo4i1u
Node 13: n36my9l u86vvqs
Node 14: zjao9v9
Node 15: 4li8ctn a78atbl
Node 16: ciiu7wq hnvvax7 jbavg9y tyvqflv x1oirt6
Node 17: ai3v7yk cxge6r1
Node 18: bvzi5dg ldqjq7s
Node 19: czwjk53
Node 20: 6966bf8
Node 21: zctsrws
Node 22: e1znbj0 nqtd6do
Node 23: 4dy5rys
Node 24: 0ibsmd9 7crj1rw 81lo66v
Node 25: ccy99qq
Node 26: 730pmq5 rog8j48
Node 27: 3kac2no
Node 28: 2hudtkm ku3glju
Node 29: 3jtytg3 5ebjkyj
Node 30: 7d203uj
Node 31: xw9jsdo
Node 32: 975rb59
Node 33: 8tg01ll
Node 34: 6973e2q 7bdxj6e j0dovt4
Node 35: szkw6to
Node 36: lv80f4n
Node 37: 056if5s
Node 38: 5j7tx8z ckw3ers mkq0urm
Node 39: imd5ig1 merv6xu
Node 40: k7q48z9
Node 41: i269jw8
Node 42: xftw0rs
Node 43: r6a5q8r
Node 44: m3yjdz8
Node 45: 9vqw8e4
Node 46: is9w7rv
Node 47: 9z0n7g0
Node 48: lxnnfug
Node 49: h6gccws
Node 50: 0ozh2jg
Node 51: lsb0pui
Node 52: 1wbpanz
Node 53: hbt3mv4
Node 54: nr15zmg
Node 55: aapkpdr
Node 56: 7of5j3x
Node 57: rcl96k2
Node 58: yss1cnm
Node 59: uswcmpb

Node 0: 6wr46d3 7dkci7l 8a4m5i4 vc8gtmj vhzt086 xzx6gag
Node 1: 90y5y18 jedjceh
Node 2: 12zpjct e74jwjn
Node 3: 6oshb3i
Node 4: 1v8y0i2 2q4dlxx cojp3nx ehrkyz7 elf8l4x m5k5bmm q89vyuh vpwl27d xr274dy
Node 5: 3sdild5 8rs5hcb aycbjaj dvxngg3 f0pjpti fxqr8tt jp19fo5 pj1v57w sgk8cjm sq55pot thycan8
Node 6: e3wvkjg ojqyjbo
Node 7: 2747u68
Node 8: cmnnsjq
Node 9: xb2cghk
Node 10: c8klf8l saq5kfk
Node 11: 5qns2g4 bp6ehzy d2uldm7 f3nmeyr n7p42b6 ncu83yh oe42t9e ta3dp8z zdt4g9k
Node 12: w7mjhyg
Node 13: 8kk0y6r nm1kn16 rffngzy
Node 14: 5kvy8uo
Node 15: cnpb6ns mys01nd t2msd19 xcgmlh2
Node 16: ebrovm6
Node 17: hme5nke
Node 18: hnjmhyx
Node 19: 2pss0q8
Node 20: 8ai1k3q 8mkjg8o w5s0203 ybxpp3y
Node 21: 4zsodni 6er33mw gpqsqmw j3d0bqk
Node 22: 0p26u6y p4xnfl3
Node 23: ll2xrq5
Node 24: wsgnhj3
Node 25: fy6x41x r0b3499 sds45up
Node 26: ngmhx0k
Node 27: ecv9a46 pab05lr s2ri7vn
Node 28: 6mzzxrk 9fcxp3k s18iugm
Node 29: g7ouex4
Node 30: ilkvgvw zvlakax
Node 31: ggiwxho
Node 32: 1cq7a41 7cqcxey
Node 33: x4ms240
Node 34: gjhal4m
Node 35: fja6m50
Node 36: l4twqhy
Node 37: jyjj5ec kvfoo7i nle073v wbh68lx
Node 38: hak8rua wvwdboi
Node 39: cvp86hb
Node 40: r093uq8
Node 41: qglatuw
Node 42: lb0hmd2
Node 43: 3ihblch qpx7miu zdkwl9e
Node 44: yma6b2u
Node 45: d01qqp4 yz3nqr5
Node 46: hgd94gh
Node 47: 67ppblu
Node 48: 2z6l0ey
Node 49: o6d9lyy
Node 50: 20ip64l
Node 51: ul307jw
Node 52: 0rvzhko
Node 53: 1v57msi
Node 54: fbb0xj8
Node 55: lrsjukg y6ipp85
Node 56: rqek09o
Node 57: rv8o8j3
Node 58: qmvsovb
Node 59: g1hjeo6
Node 60: 7rkpav9
Node 61: pmqg0rh
Node 62: eu2z519
Node 63: mlebm5f

Node 0: 2uocamc 7hfga7z s7izxis
Node 1: 0yucuc1 psk2ta2 uk3285d zwmm6uh
Node 2: czrzeal eucb02h kp1kxvf nk5x4ik sxzl1ck w1gvtwp
Node 3: e0kwfck
Node 4: yj4x79t
Node 5: 17j5t1l
Node 6: y9bspqu
Node 7: mf6yyur
Node 8: ucu70rs
Node 9: r2pg5ul
Node 10: xkkmqxp
Node 11: jcolnif

Node 0: bcnuo8s rdrgzuj
Node 1: 9y9o7z3
Node 2: gshxxki o9f1i8m q25puh5 ts0uuo1 xngf8h7 yxizl5q
Node 3: 5r06jla ldezudt vj2pnmy
Node 4: cuka2rx
Node 5: 89d6jd2 gp1jd4q jn1rm86 nnkhle9 vfc0nvm zsuo0pc
Node 6: hsfpb5c
Node 7: d4enix3 n8wnjrm t0o9vr4 y4k3f8s
Node 8: n0jtp3f
Node 9: 7poswwm
Node 10: 1u10w30
Node 11: 1dnem4b 4rjwpn7 hsdxvkd k7ckjo7
Node 12: rpilrg6
Node 13: hnu3zfc khit2o8
Node 14: 7dzrzxj
Node 15: uktp9b9
Node 16: 0yxrsyk ude2lz0
Node 17: z20rbhg
Node 18: pta1qsa
Node 19: 587ytet fh3n2g6 i6innoa
Node 20: mx8rrv9 pvhgs9h stmxzhh zsubhfh
Node 21: ohjexu1
Node 22: 65gvw0f
Node 23: 8284jik
Node 24: 5e5sbnv
Node 25: 0y6a5kt
Node 26: b7w0ncf
Node 27: i0sl6dv
Node 28: az76gvt uh3m21y

Node 0: 591etdc cymmsgh eqw0b3e gbu8609 j7sgzld ma9jmx4 ojm9mpk pg7bruy
Node 1: 6q8oiyj drd7don
Node 2: grkf5z7
Node 3: x2v0suv
Node 4: 1itvbtr 51kppwa u61i1zl
Node 5: g1ql3dl k4chspy m24hgwo
Node 6: j2lje1g
Node 7: 92gk32e 9ys2mn7 i3ceu53 mtfbtga
Node 8: lgeoaom
Node 9: 6drmmkh
Node 10: oj3tx99 s9tykjy
Node 11: 5gsivok 9ucbc49 cts1mfh g6bw24d pnzmp5b r36l205 rni9dqk ssn83we
Node 12: 5lav09z prk6nmt
Node 13: 2kve2n2 4rpzq13 7av8fw5 8hl4c19 ut2u6td
Node 14: glqc24e xpm5lrw
Node 15: o10vn11
Node 16: k128i8t
Node 17: hb02m0p
Node 18: d90lcst
Node 19: u2h21sm
Node 20: fe0fkxe
Node 21: ckimysf je9n4wf
Node 22:
Node 23: j4731xa
Node 24: agc98on
Node 25: 38odvjp
Node 26: el8gy1n
Node 27: xa199zf xq10iec
Node 28: 5r081pq c39k3nk
Node 29: dmz8jbq
Node 30: fatl9nl
Node 31: jb63imv
Node 32: dfvs1ri

Node 0: h66w8zh
Node 1: opghgd6 s550jmw
Node 2: h3qp4f0
Node 3: v1jwpq7
Node 4: zvkp21x
Node 5: n630lih
Node 6: vcukihf

Node 0: 1kkf9l5 6r0qh25 9kq7t8q blr2nkj cfnnwvr
Node 1: hna1br9 uvzzcwz
Node 2: s0psv81 tbkpfrn wywux5j xohuz8c
Node 3: fuqrve1
Node 4: 2lqt5u2 guzldp1 intt0k7 kh8hsu6 ocp6013
Node 5: cqn0w8z
Node 6: 30u49m2 4md7cen bvxhcfm eq1k5ps krldpqa trmmxmg ujzvvko va04o0x x0b6ogc xvjefev
Node 7: i8za43y
Node 8: xicxry6
Node 9: 7xwffc4 fe2wnvv jmf2lvc qokqa0e t4o727y wvsew6f y2ek8es y6jqn05
Node 10: a96h394 fwjcotk
Node 11: a3dxqc6 gdkm1aq m5hdnqo w2n10a2
Node 12: 9i88gzm
Node 13: khjx4xk
Node 14: h4wn0dz
Node 15: 13kac8c
Node 16: 1vycwnp
Node 17: roptui5
Node 18: 0lso2ui
Node 19: irubrl0
Node 20: 1dd55ei 67efgqt k8kzvrs
Node 21: 8e4xwn4
Node 22: 2sx18r0
Node 23: cgwq32i
Node 24: nwo0o3o
Node 25: 6w3ca2g
Node 26: 4mrhb9q ahwoxjh h5zbiny xpzrhd9
Node 27: kfwvmlk
Node 28: d7rn2p5 x07uxbj
Node 29: bd8dj36 dgcoian oesccji
Node 30: 8wx31yv
Node 31: 01zws8r ieig03a
Node 32: 0lczqk3 rnchdf6
Node 33: iw05eyr t62tk6a zx22grs
Node 34: 75iczec
Node 35: xtevden
Node 36: iaycct3
Node 37: r5xpa2b yvqeptt
Node 38: hn1ao4d
Node 39: cc37b5o eifxv0r
Node 40: xtq17sq
Node 41: m3b6xef
Node 42: 30g4yz2
Node 43: 26k0wku
Node 44: 6cn96do
Node 45: 2zkij56 bv28j2t uz495sd
Node 46: 0belrv7
Node 47: 4lekq9n
Node 48: pocec1k vfzwhft
Node 49: 0atbmyg
Node 50: ho5xwqg
Node 51: xt06ea0
Node 52: wgxjls7
Node 53: l7tzdha
Node 54: v4ktylj
