0886
9383

3735
7098

4175
7430

5332
6010

0507
4605

0511
0881

4275
7012

3534
9276

3715
6548

0099
1200

2859
7284

4316
7042

4310
4315

5820
9279

2754
3919

4504
8538

0176
4924

4741
9434

3023
9195

2425
6981

1030
1416

2438
6507

1910
8501

1798
3409

3790
9330

1127
3423

1524
3124

0477
3957

1081
2877

1679
3588

8090
9228

0509
6761

1820
3988

0884
6772

5711
6369

5103
9210

6000
8932

2528
6527

4004
8589

0617
6444

0725
3237

2038
8269

1823
8551

3996
9374

5213
6464

1677
5166

0281
2721

3001
4179

4195
6325

3087
6010

1848
6846

0504
5990

4987
7138

0319
8690

1377
4031

2296
8659

0847
1193

6978
8578

3922
7656

7494
8147

1464
9883

0802
3870

4525
6836

9214
9454

2105
7105

0317
1836

0865
8739

3030
6066

0153
1786

1509
6696

0399
1726

2381
8442

4883
8992

2725
4040

3986
9005

7950
8332

1956
4175

0136
5751

2030
6044

1024
8865

0179
4354

6794
8353

0390
5369

2594
4239

2958
9758

1975
2638

3838
5489

7363
9518

4108
5519

5173
9402

0859
1187

0716
1622

0519
7328

2119
3491

1785
8437

1175
7975

1164
7983

6698
6949

0234
8600

0117
0167
0189
0226
0281
0388
0402
0715
0923
0949
0987
1071
1170
1409
1484
1495
1518
1676
1709
1809
1897
1969
2196
2265
2338
2560
2656
2810
3092
3380
3401
3403
3801
3882
4018
4028
4038
4040
4098
4219
4309
4340
4542
4571
4794
4843
4940
4957
5180
5421
5454
5457
5479
5601
5643
5654
5714
5785
5856
6016
6149
6430
6547
6564
6754
6761
6902
7094
7140
7151
7545
7585
7614
7854
7886
7943
8011
8107
8256
8434
8545
8565
8675
8758
8825
8867
8978
9022
9233
9404
9434
9494
9578
9690
9788
9875
