52994
1190
28157
18035
3733
64667
20350
16929
19066
41205
24323
2520
51974
77281
11781
8276
83030
-1
16782
19961
38264
6053
40872
47941
4659
8862
13104
42677
18722
10458
2172
4366
1793
37084
2823
18449
31653
39548
91338
8723
33152
26295
51015
76164
-1
1503
13667
56215
6054
26024
22174
6523
3206
39641
1939
2975
40236
10843
19922
36054
47795
35929
75850
87013
10510
7178
71249
6855
79014
19351
20600
37220
3992
9851
2489
25711
2793
43055
16416
20601
-1
3916
7881
4146
9891
5663
4107
7915
6589
40067
60975
21364
76548
7617
