8848
4180
11228
14635
1203
53366
28455
12409
65835
28441
10036
30136
25164
46491
79439
4213
-1
18251
12383
21608
9771
75871
22120
46823
65643
6188
51517
1116
11142
19260
73085
55440
40549
2507
8239
33253
51114
15791
4329
46828
2587
41933
14378
26202
34220
-1
5733
30379
20544
20258
18040
14105
9298
3458
43081
37492
20897
35495
19707
49979
10884
42249
15961
-1
22612
16951
22772
38205
29835
7866
94753
3320
-1
31285
884
11618
4474
4236
10589
30521
-1
90016
42591
19916
38477
82677
23730
13267
6919
19429
11579
634
1184
5212
26561
31624
24845
