41013
1058
51093
20243
49597
51426
56798
1877
51381
34391
20496
29464
67707
-1
18484
4267
17780
26854
38445
1259
872
10235
8093
8124
52962
92953
32297
63995
71278
29240
34995
6246
77188
82562
-1
3019
22122
6941
72614
103
20176
45803
13095
19351
34924
8076
3701
2932
51570
76565
10459
15467
20387
28800
23991
2501
17784
22678
59347
3759
15418
10833
3387
16213
8189
19475
40623
14688
9213
3052
26979
23137
9735
13993
25102
12677
26146
1545
704
23629
1447
39676
56521
1
59818
1048
35987
17799
9141
43766
9761
10519
39884
9087
51874
53125
22294
-1
26314
