23296
96267
10664
26689
11198
25570
64580
5184
48945
51350
59557
6768
48446
14700
2756
29790
60901
73979
9137
14941
6409
32137
22820
26178
39
2279
36095
8743
23327
26311
10942
44177
459
29528
1003
3903
29506
2468
3192
41061
19799
41776
15349
-1
73410
49226
12977
8309
35854
3942
277
9896
2418
28965
2018
14169
52864
60152
46179
1164
29845
19226
31797
15021
9448
30319
13459
1395
5354
14216
80882
52590
98187
28156
50339
-1
19000
20380
12942
62738
1354
75466
5607
50921
10825
-1
20599
1158
40974
18500
23318
43111
463
78674
310
13794
2199
-1
