10184
43068
3191
13070
18021
8424
201
-1
937
5210
21091
86622
23109
49814
17640
42826
5364
39332
19628
29056
33993
45162
15204
81711
7217
15995
2239
42837
13471
8216
595
7193
38858
4555
79646
88633
41994
3823
91809
74504
2670
19133
28153
68015
16927
970
24049
26426
63974
10535
37792
52764
779
18064
92
32195
42570
10277
2383
41783
4110
19394
2375
3297
38145
50416
16756
69481
-1
4516
28051
7944
5217
-1
424
105
56153
5484
15167
12497
82388
14171
18274
19959
11944
10484
27163
59125
-1
53135
46335
40462
2453
31472
55939
74149
13097
