3206
21151
6520
25663
84145
1217
9487
32996
19700
-1
38050
19598
517
6251
29976
11776
32630
36664
16497
93286
2117
1849
891
10906
17675
24187
45418
25790
33639
22314
28116
34995
1882
10374
5918
25517
15920
30932
39675
45286
1148
31183
10251
23184
9618
29783
11224
15114
39150
67112
33000
22635
3026
58781
-1
2998
57584
36412
4065
18289
35891
24312
3864
3111
48167
39877
29493
27987
84631
9028
2103
15474
36814
12729
48916
21928
52810
11379
33569
4305
10964
53496
12969
24288
36171
-1
46273
71291
27576
52800
1644
19467
13370
653
7743
10243
13621
