3830
4492
11483
14377
28052
14460
47891
74615
13561
5516
90826
6126
30355
20391
15525
1582
27601
21654
59240
59218
14738
44602
10919
36379
34952
22713
43607
5211
6873
54219
25567
49580
74509
39592
20171
4751
36766
37894
14740
42429
-1
54652
440
8355
21092
31366
12041
877
15271
2650
49472
7546
6416
64447
6982
3319
16519
48949
1246
26258
-1
21752
37593
11618
1567
32950
-1
1536
13386
13094
67000
22616
8172
2125
63325
7515
9883
24186
51060
46843
29208
20720
37390
18897
1631
4703
45923
4698
8692
83463
6518
18756
33284
33125
31630
66027
7938
49285
